<?xml version="1.0" encoding="UTF-8"?>
<testsuite xmlns:xsi="http://www.w3.org/2001/XMLSchema-instance" xsi:noNamespaceSchemaLocation="https://maven.apache.org/surefire/maven-surefire-plugin/xsd/surefire-test-report-3.0.xsd" version="3.0" name="TestSuite" time="86.773" tests="7152" errors="0" skipped="7139" failures="13">
  <properties>
    <property name="java.specification.version" value="21"/>
    <property name="sun.jnu.encoding" value="UTF-8"/>
    <property name="java.class.path" value="/Users/tusharjadhav/eclipse-workspace/playwright/target/test-classes:/Users/tusharjadhav/eclipse-workspace/playwright/target/classes:/Users/tusharjadhav/.m2/repository/com/microsoft/playwright/playwright/1.53.0/playwright-1.53.0.jar:/Users/tusharjadhav/.m2/repository/com/google/code/gson/gson/2.12.1/gson-2.12.1.jar:/Users/tusharjadhav/.m2/repository/com/google/errorprone/error_prone_annotations/2.36.0/error_prone_annotations-2.36.0.jar:/Users/tusharjadhav/.m2/repository/org/opentest4j/opentest4j/1.3.0/opentest4j-1.3.0.jar:/Users/tusharjadhav/.m2/repository/com/microsoft/playwright/driver/1.53.0/driver-1.53.0.jar:/Users/tusharjadhav/.m2/repository/com/microsoft/playwright/driver-bundle/1.53.0/driver-bundle-1.53.0.jar:/Users/tusharjadhav/.m2/repository/org/testng/testng/7.9.0/testng-7.9.0.jar:/Users/tusharjadhav/.m2/repository/org/slf4j/slf4j-api/1.7.36/slf4j-api-1.7.36.jar:/Users/tusharjadhav/.m2/repository/com/beust/jcommander/1.82/jcommander-1.82.jar:/Users/tusharjadhav/.m2/repository/org/webjars/jquery/3.7.1/jquery-3.7.1.jar:/Users/tusharjadhav/.m2/repository/org/apache/poi/poi/5.2.5/poi-5.2.5.jar:/Users/tusharjadhav/.m2/repository/commons-codec/commons-codec/1.16.0/commons-codec-1.16.0.jar:/Users/tusharjadhav/.m2/repository/org/apache/commons/commons-collections4/4.4/commons-collections4-4.4.jar:/Users/tusharjadhav/.m2/repository/org/apache/commons/commons-math3/3.6.1/commons-math3-3.6.1.jar:/Users/tusharjadhav/.m2/repository/commons-io/commons-io/2.15.0/commons-io-2.15.0.jar:/Users/tusharjadhav/.m2/repository/com/zaxxer/SparseBitSet/1.3/SparseBitSet-1.3.jar:/Users/tusharjadhav/.m2/repository/org/apache/logging/log4j/log4j-api/2.21.1/log4j-api-2.21.1.jar:/Users/tusharjadhav/.m2/repository/io/qameta/allure/allure-testng/2.24.0/allure-testng-2.24.0.jar:/Users/tusharjadhav/.m2/repository/io/qameta/allure/allure-java-commons/2.24.0/allure-java-commons-2.24.0.jar:/Users/tusharjadhav/.m2/repository/io/qameta/allure/allure-model/2.24.0/allure-model-2.24.0.jar:/Users/tusharjadhav/.m2/repository/io/qameta/allure/allure-test-filter/2.24.0/allure-test-filter-2.24.0.jar:/Users/tusharjadhav/.m2/repository/com/github/javafaker/javafaker/1.0.2/javafaker-1.0.2.jar:/Users/tusharjadhav/.m2/repository/org/apache/commons/commons-lang3/3.5/commons-lang3-3.5.jar:/Users/tusharjadhav/.m2/repository/org/yaml/snakeyaml/1.23/snakeyaml-1.23-android.jar:/Users/tusharjadhav/.m2/repository/com/github/mifmif/generex/1.0.2/generex-1.0.2.jar:/Users/tusharjadhav/.m2/repository/dk/brics/automaton/automaton/1.11-8/automaton-1.11-8.jar:/Users/tusharjadhav/.m2/repository/com/opencsv/opencsv/5.12.0/opencsv-5.12.0.jar:/Users/tusharjadhav/.m2/repository/org/apache/commons/commons-text/1.13.1/commons-text-1.13.1.jar:/Users/tusharjadhav/.m2/repository/commons-beanutils/commons-beanutils/1.11.0/commons-beanutils-1.11.0.jar:/Users/tusharjadhav/.m2/repository/commons-logging/commons-logging/1.3.5/commons-logging-1.3.5.jar:/Users/tusharjadhav/.m2/repository/commons-collections/commons-collections/3.2.2/commons-collections-3.2.2.jar:"/>
    <property name="java.vm.vendor" value="Eclipse Adoptium"/>
    <property name="sun.arch.data.model" value="64"/>
    <property name="java.vendor.url" value="https://adoptium.net/"/>
    <property name="user.timezone" value="Asia/Kolkata"/>
    <property name="os.name" value="Mac OS X"/>
    <property name="java.vm.specification.version" value="21"/>
    <property name="sun.java.launcher" value="SUN_STANDARD"/>
    <property name="user.country" value="US"/>
    <property name="sun.boot.library.path" value="/Users/tusharjadhav/.p2/pool/plugins/org.eclipse.justj.openjdk.hotspot.jre.full.macosx.x86_64_21.0.7.v20250502-0916/jre/lib"/>
    <property name="sun.java.command" value="/Users/tusharjadhav/eclipse-workspace/playwright/target/surefire/surefirebooter-20250925114130706_3.jar /Users/tusharjadhav/eclipse-workspace/playwright/target/surefire 2025-09-25T11-41-30_629-jvmRun1 surefire-20250925114130706_1tmp surefire_0-20250925114130706_2tmp"/>
    <property name="http.nonProxyHosts" value="local|*.local|169.254/16|*.169.254/16"/>
    <property name="jdk.debug" value="release"/>
    <property name="surefire.test.class.path" value="/Users/tusharjadhav/eclipse-workspace/playwright/target/test-classes:/Users/tusharjadhav/eclipse-workspace/playwright/target/classes:/Users/tusharjadhav/.m2/repository/com/microsoft/playwright/playwright/1.53.0/playwright-1.53.0.jar:/Users/tusharjadhav/.m2/repository/com/google/code/gson/gson/2.12.1/gson-2.12.1.jar:/Users/tusharjadhav/.m2/repository/com/google/errorprone/error_prone_annotations/2.36.0/error_prone_annotations-2.36.0.jar:/Users/tusharjadhav/.m2/repository/org/opentest4j/opentest4j/1.3.0/opentest4j-1.3.0.jar:/Users/tusharjadhav/.m2/repository/com/microsoft/playwright/driver/1.53.0/driver-1.53.0.jar:/Users/tusharjadhav/.m2/repository/com/microsoft/playwright/driver-bundle/1.53.0/driver-bundle-1.53.0.jar:/Users/tusharjadhav/.m2/repository/org/testng/testng/7.9.0/testng-7.9.0.jar:/Users/tusharjadhav/.m2/repository/org/slf4j/slf4j-api/1.7.36/slf4j-api-1.7.36.jar:/Users/tusharjadhav/.m2/repository/com/beust/jcommander/1.82/jcommander-1.82.jar:/Users/tusharjadhav/.m2/repository/org/webjars/jquery/3.7.1/jquery-3.7.1.jar:/Users/tusharjadhav/.m2/repository/org/apache/poi/poi/5.2.5/poi-5.2.5.jar:/Users/tusharjadhav/.m2/repository/commons-codec/commons-codec/1.16.0/commons-codec-1.16.0.jar:/Users/tusharjadhav/.m2/repository/org/apache/commons/commons-collections4/4.4/commons-collections4-4.4.jar:/Users/tusharjadhav/.m2/repository/org/apache/commons/commons-math3/3.6.1/commons-math3-3.6.1.jar:/Users/tusharjadhav/.m2/repository/commons-io/commons-io/2.15.0/commons-io-2.15.0.jar:/Users/tusharjadhav/.m2/repository/com/zaxxer/SparseBitSet/1.3/SparseBitSet-1.3.jar:/Users/tusharjadhav/.m2/repository/org/apache/logging/log4j/log4j-api/2.21.1/log4j-api-2.21.1.jar:/Users/tusharjadhav/.m2/repository/io/qameta/allure/allure-testng/2.24.0/allure-testng-2.24.0.jar:/Users/tusharjadhav/.m2/repository/io/qameta/allure/allure-java-commons/2.24.0/allure-java-commons-2.24.0.jar:/Users/tusharjadhav/.m2/repository/io/qameta/allure/allure-model/2.24.0/allure-model-2.24.0.jar:/Users/tusharjadhav/.m2/repository/io/qameta/allure/allure-test-filter/2.24.0/allure-test-filter-2.24.0.jar:/Users/tusharjadhav/.m2/repository/com/github/javafaker/javafaker/1.0.2/javafaker-1.0.2.jar:/Users/tusharjadhav/.m2/repository/org/apache/commons/commons-lang3/3.5/commons-lang3-3.5.jar:/Users/tusharjadhav/.m2/repository/org/yaml/snakeyaml/1.23/snakeyaml-1.23-android.jar:/Users/tusharjadhav/.m2/repository/com/github/mifmif/generex/1.0.2/generex-1.0.2.jar:/Users/tusharjadhav/.m2/repository/dk/brics/automaton/automaton/1.11-8/automaton-1.11-8.jar:/Users/tusharjadhav/.m2/repository/com/opencsv/opencsv/5.12.0/opencsv-5.12.0.jar:/Users/tusharjadhav/.m2/repository/org/apache/commons/commons-text/1.13.1/commons-text-1.13.1.jar:/Users/tusharjadhav/.m2/repository/commons-beanutils/commons-beanutils/1.11.0/commons-beanutils-1.11.0.jar:/Users/tusharjadhav/.m2/repository/commons-logging/commons-logging/1.3.5/commons-logging-1.3.5.jar:/Users/tusharjadhav/.m2/repository/commons-collections/commons-collections/3.2.2/commons-collections-3.2.2.jar:"/>
    <property name="sun.cpu.endian" value="little"/>
    <property name="user.home" value="/Users/tusharjadhav"/>
    <property name="user.language" value="en"/>
    <property name="java.specification.vendor" value="Oracle Corporation"/>
    <property name="java.version.date" value="2025-04-15"/>
    <property name="java.home" value="/Users/tusharjadhav/.p2/pool/plugins/org.eclipse.justj.openjdk.hotspot.jre.full.macosx.x86_64_21.0.7.v20250502-0916/jre"/>
    <property name="file.separator" value="/"/>
    <property name="basedir" value="/Users/tusharjadhav/eclipse-workspace/playwright"/>
    <property name="style.color" value="always"/>
    <property name="java.vm.compressedOopsMode" value="Zero based"/>
    <property name="line.separator" value="&#10;"/>
    <property name="java.vm.specification.vendor" value="Oracle Corporation"/>
    <property name="java.specification.name" value="Java Platform API Specification"/>
    <property name="apple.awt.application.name" value="ForkedBooter"/>
    <property name="surefire.real.class.path" value="/Users/tusharjadhav/eclipse-workspace/playwright/target/surefire/surefirebooter-20250925114130706_3.jar"/>
    <property name="sun.management.compiler" value="HotSpot 64-Bit Tiered Compilers"/>
    <property name="ftp.nonProxyHosts" value="local|*.local|169.254/16|*.169.254/16"/>
    <property name="java.runtime.version" value="21.0.7+6-LTS"/>
    <property name="user.name" value="tusharjadhav"/>
    <property name="stdout.encoding" value="UTF-8"/>
    <property name="path.separator" value=":"/>
    <property name="os.version" value="15.6.1"/>
    <property name="java.runtime.name" value="OpenJDK Runtime Environment"/>
    <property name="file.encoding" value="UTF-8"/>
    <property name="java.vm.name" value="OpenJDK 64-Bit Server VM"/>
    <property name="java.vendor.version" value="Temurin-21.0.7+6"/>
    <property name="localRepository" value="/Users/tusharjadhav/.m2/repository"/>
    <property name="java.vendor.url.bug" value="https://github.com/adoptium/adoptium-support/issues"/>
    <property name="java.io.tmpdir" value="/var/folders/1b/cqmvqvbd4sg1xvl1gc93cfyh0000gn/T/"/>
    <property name="java.version" value="21.0.7"/>
    <property name="user.dir" value="/Users/tusharjadhav/eclipse-workspace/playwright"/>
    <property name="os.arch" value="x86_64"/>
    <property name="java.vm.specification.name" value="Java Virtual Machine Specification"/>
    <property name="native.encoding" value="UTF-8"/>
    <property name="java.library.path" value="/Users/tusharjadhav/Library/Java/Extensions:/Library/Java/Extensions:/Network/Library/Java/Extensions:/System/Library/Java/Extensions:/usr/lib/java:."/>
    <property name="java.vm.info" value="mixed mode, sharing"/>
    <property name="stderr.encoding" value="UTF-8"/>
    <property name="java.vendor" value="Eclipse Adoptium"/>
    <property name="java.vm.version" value="21.0.7+6-LTS"/>
    <property name="sun.io.unicode.encoding" value="UnicodeBig"/>
    <property name="socksNonProxyHosts" value="local|*.local|169.254/16|*.169.254/16"/>
    <property name="java.class.version" value="65.0"/>
  </properties>
  <testcase name="addLeadForAdditionalFundLeadTest[Universal, Arjun, Mehta, Interested in real estate, +33, CP, Tushar Bhai, Mumbai, Immediate, Hot, Below 50 Lakh, 500 Sq.Ft, Residential, 2 Bhk, Buy](1)" classname="tests.EditFundLeadTest" time="65.0">
    <failure message="Error {&#10;  message=&apos;Timeout 30000ms exceeded.&#10;  name=&apos;TimeoutError&#10;  stack=&apos;TimeoutError: Timeout 30000ms exceeded.&#10;    at ProgressController.run (/private/var/folders/1b/cqmvqvbd4sg1xvl1gc93cfyh0000gn/T/playwright-java-18137762772502924354/package/lib/server/progress.js:76:26)&#10;    at Frame.click (/private/var/folders/1b/cqmvqvbd4sg1xvl1gc93cfyh0000gn/T/playwright-java-18137762772502924354/package/lib/server/frames.js:959:23)&#10;    at FrameDispatcher.click (/private/var/folders/1b/cqmvqvbd4sg1xvl1gc93cfyh0000gn/T/playwright-java-18137762772502924354/package/lib/server/dispatchers/frameDispatcher.js:117:30)&#10;    at FrameDispatcher._handleCommand (/private/var/folders/1b/cqmvqvbd4sg1xvl1gc93cfyh0000gn/T/playwright-java-18137762772502924354/package/lib/server/dispatchers/dispatcher.js:88:40)&#10;    at DispatcherConnection.dispatch (/private/var/folders/1b/cqmvqvbd4sg1xvl1gc93cfyh0000gn/T/playwright-java-18137762772502924354/package/lib/server/dispatchers/dispatcher.js:309:39)&#10;}&#10;Call log:&#10;-   - waiting for locator(&quot;xpath=(//button[@class=&apos;flex justify-end&apos;])[2]&quot;)&#10;" type="com.microsoft.playwright.TimeoutError"><![CDATA[com.microsoft.playwright.TimeoutError: 
Error {
  message='Timeout 30000ms exceeded.
  name='TimeoutError
  stack='TimeoutError: Timeout 30000ms exceeded.
    at ProgressController.run (/private/var/folders/1b/cqmvqvbd4sg1xvl1gc93cfyh0000gn/T/playwright-java-18137762772502924354/package/lib/server/progress.js:76:26)
    at Frame.click (/private/var/folders/1b/cqmvqvbd4sg1xvl1gc93cfyh0000gn/T/playwright-java-18137762772502924354/package/lib/server/frames.js:959:23)
    at FrameDispatcher.click (/private/var/folders/1b/cqmvqvbd4sg1xvl1gc93cfyh0000gn/T/playwright-java-18137762772502924354/package/lib/server/dispatchers/frameDispatcher.js:117:30)
    at FrameDispatcher._handleCommand (/private/var/folders/1b/cqmvqvbd4sg1xvl1gc93cfyh0000gn/T/playwright-java-18137762772502924354/package/lib/server/dispatchers/dispatcher.js:88:40)
    at DispatcherConnection.dispatch (/private/var/folders/1b/cqmvqvbd4sg1xvl1gc93cfyh0000gn/T/playwright-java-18137762772502924354/package/lib/server/dispatchers/dispatcher.js:309:39)
}
Call log:
-   - waiting for locator("xpath=(//button[@class='flex justify-end'])[2]")

	at com.microsoft.playwright.impl.WaitableResult.get(WaitableResult.java:52)
	at com.microsoft.playwright.impl.ChannelOwner.runUntil(ChannelOwner.java:138)
	at com.microsoft.playwright.impl.Connection.sendMessage(Connection.java:131)
	at com.microsoft.playwright.impl.ChannelOwner.sendMessage(ChannelOwner.java:124)
	at com.microsoft.playwright.impl.FrameImpl.clickImpl(FrameImpl.java:241)
	at com.microsoft.playwright.impl.PageImpl.click(PageImpl.java:680)
	at com.microsoft.playwright.Page.click(Page.java:3931)
	at pages.EditFundLeadPage.editLeadBasic(EditFundLeadPage.java:291)
	at pages.EditFundLeadPage.editLeadWithAdditional(EditFundLeadPage.java:142)
	at tests.EditFundLeadTest.addLeadForAdditionalFundLeadTest(EditFundLeadTest.java:84)
	at java.base/jdk.internal.reflect.DirectMethodHandleAccessor.invoke(DirectMethodHandleAccessor.java:103)
	at java.base/java.lang.reflect.Method.invoke(Method.java:580)
	at org.testng.internal.invokers.MethodInvocationHelper.invokeMethod(MethodInvocationHelper.java:139)
	at org.testng.internal.invokers.TestInvoker.invokeMethod(TestInvoker.java:664)
	at org.testng.internal.invokers.TestInvoker.invokeTestMethod(TestInvoker.java:228)
	at org.testng.internal.invokers.MethodRunner.runInSequence(MethodRunner.java:63)
	at org.testng.internal.invokers.TestInvoker$MethodInvocationAgent.invoke(TestInvoker.java:961)
	at org.testng.internal.invokers.TestInvoker.invokeTestMethods(TestInvoker.java:201)
	at org.testng.internal.invokers.TestMethodWorker.invokeTestMethods(TestMethodWorker.java:148)
	at org.testng.internal.invokers.TestMethodWorker.run(TestMethodWorker.java:128)
	at java.base/java.util.ArrayList.forEach(ArrayList.java:1596)
	at org.testng.TestRunner.privateRun(TestRunner.java:819)
	at org.testng.TestRunner.run(TestRunner.java:619)
	at org.testng.SuiteRunner.runTest(SuiteRunner.java:443)
	at org.testng.SuiteRunner.runSequentially(SuiteRunner.java:437)
	at org.testng.SuiteRunner.privateRun(SuiteRunner.java:397)
	at org.testng.SuiteRunner.run(SuiteRunner.java:336)
	at org.testng.SuiteRunnerWorker.runSuite(SuiteRunnerWorker.java:52)
	at org.testng.SuiteRunnerWorker.run(SuiteRunnerWorker.java:95)
	at org.testng.TestNG.runSuitesSequentially(TestNG.java:1301)
	at org.testng.TestNG.runSuitesLocally(TestNG.java:1228)
	at org.testng.TestNG.runSuites(TestNG.java:1134)
	at org.testng.TestNG.run(TestNG.java:1101)
	at org.apache.maven.surefire.testng.TestNGExecutor.run(TestNGExecutor.java:155)
	at org.apache.maven.surefire.testng.TestNGDirectoryTestSuite.executeMulti(TestNGDirectoryTestSuite.java:169)
	at org.apache.maven.surefire.testng.TestNGDirectoryTestSuite.execute(TestNGDirectoryTestSuite.java:88)
	at org.apache.maven.surefire.testng.TestNGProvider.invoke(TestNGProvider.java:137)
	at org.apache.maven.surefire.booter.ForkedBooter.runSuitesInProcess(ForkedBooter.java:385)
	at org.apache.maven.surefire.booter.ForkedBooter.execute(ForkedBooter.java:162)
	at org.apache.maven.surefire.booter.ForkedBooter.run(ForkedBooter.java:507)
	at org.apache.maven.surefire.booter.ForkedBooter.main(ForkedBooter.java:495)
Caused by: com.microsoft.playwright.TimeoutError: Error {
  message='Timeout 30000ms exceeded.
  name='TimeoutError
  stack='TimeoutError: Timeout 30000ms exceeded.
    at ProgressController.run (/private/var/folders/1b/cqmvqvbd4sg1xvl1gc93cfyh0000gn/T/playwright-java-18137762772502924354/package/lib/server/progress.js:76:26)
    at Frame.click (/private/var/folders/1b/cqmvqvbd4sg1xvl1gc93cfyh0000gn/T/playwright-java-18137762772502924354/package/lib/server/frames.js:959:23)
    at FrameDispatcher.click (/private/var/folders/1b/cqmvqvbd4sg1xvl1gc93cfyh0000gn/T/playwright-java-18137762772502924354/package/lib/server/dispatchers/frameDispatcher.js:117:30)
    at FrameDispatcher._handleCommand (/private/var/folders/1b/cqmvqvbd4sg1xvl1gc93cfyh0000gn/T/playwright-java-18137762772502924354/package/lib/server/dispatchers/dispatcher.js:88:40)
    at DispatcherConnection.dispatch (/private/var/folders/1b/cqmvqvbd4sg1xvl1gc93cfyh0000gn/T/playwright-java-18137762772502924354/package/lib/server/dispatchers/dispatcher.js:309:39)
}
Call log:
-   - waiting for locator("xpath=(//button[@class='flex justify-end'])[2]")

	at com.microsoft.playwright.impl.Connection.dispatch(Connection.java:257)
	at com.microsoft.playwright.impl.Connection.processOneMessage(Connection.java:214)
	at com.microsoft.playwright.impl.ChannelOwner.runUntil(ChannelOwner.java:136)
	... 39 more
]]></failure>
    <system-out><![CDATA[==> Loaded saved auth state from auth.json
]]></system-out>
    <system-err><![CDATA[SLF4J: Failed to load class "org.slf4j.impl.StaticLoggerBinder".
SLF4J: Defaulting to no-operation (NOP) logger implementation
SLF4J: See http://www.slf4j.org/codes.html#StaticLoggerBinder for further details.
]]></system-err>
  </testcase>
  <testcase name="addLeadForBasicFundLead[Universal, Aarav, Sharma, Interested in real estate](1)" classname="tests.EditFundLeadTest" time="1.029">
    <failure message="Playwright connection closed" type="com.microsoft.playwright.PlaywrightException"><![CDATA[com.microsoft.playwright.PlaywrightException: Playwright connection closed
	at com.microsoft.playwright.impl.PipeTransport.send(PipeTransport.java:50)
	at com.microsoft.playwright.impl.Connection.internalSendMessage(Connection.java:171)
	at com.microsoft.playwright.impl.Connection.sendMessageAsync(Connection.java:135)
	at com.microsoft.playwright.impl.Connection.sendMessage(Connection.java:131)
	at com.microsoft.playwright.impl.ChannelOwner.sendMessage(ChannelOwner.java:124)
	at com.microsoft.playwright.impl.FrameImpl.clickImpl(FrameImpl.java:241)
	at com.microsoft.playwright.impl.PageImpl.click(PageImpl.java:680)
	at com.microsoft.playwright.Page.click(Page.java:3931)
	at pages.EditFundLeadPage.editLeadBasic(EditFundLeadPage.java:284)
	at pages.EditFundLeadPage.editLeadWithBasic(EditFundLeadPage.java:67)
	at tests.EditFundLeadTest.addLeadForBasicFundLead(EditFundLeadTest.java:71)
	at java.base/jdk.internal.reflect.DirectMethodHandleAccessor.invoke(DirectMethodHandleAccessor.java:103)
	at java.base/java.lang.reflect.Method.invoke(Method.java:580)
	at org.testng.internal.invokers.MethodInvocationHelper.invokeMethod(MethodInvocationHelper.java:139)
	at org.testng.internal.invokers.TestInvoker.invokeMethod(TestInvoker.java:664)
	at org.testng.internal.invokers.TestInvoker.invokeTestMethod(TestInvoker.java:228)
	at org.testng.internal.invokers.MethodRunner.runInSequence(MethodRunner.java:63)
	at org.testng.internal.invokers.TestInvoker$MethodInvocationAgent.invoke(TestInvoker.java:961)
	at org.testng.internal.invokers.TestInvoker.invokeTestMethods(TestInvoker.java:201)
	at org.testng.internal.invokers.TestMethodWorker.invokeTestMethods(TestMethodWorker.java:148)
	at org.testng.internal.invokers.TestMethodWorker.run(TestMethodWorker.java:128)
	at java.base/java.util.ArrayList.forEach(ArrayList.java:1596)
	at org.testng.TestRunner.privateRun(TestRunner.java:819)
	at org.testng.TestRunner.run(TestRunner.java:619)
	at org.testng.SuiteRunner.runTest(SuiteRunner.java:443)
	at org.testng.SuiteRunner.runSequentially(SuiteRunner.java:437)
	at org.testng.SuiteRunner.privateRun(SuiteRunner.java:397)
	at org.testng.SuiteRunner.run(SuiteRunner.java:336)
	at org.testng.SuiteRunnerWorker.runSuite(SuiteRunnerWorker.java:52)
	at org.testng.SuiteRunnerWorker.run(SuiteRunnerWorker.java:95)
	at org.testng.TestNG.runSuitesSequentially(TestNG.java:1301)
	at org.testng.TestNG.runSuitesLocally(TestNG.java:1228)
	at org.testng.TestNG.runSuites(TestNG.java:1134)
	at org.testng.TestNG.run(TestNG.java:1101)
	at org.apache.maven.surefire.testng.TestNGExecutor.run(TestNGExecutor.java:155)
	at org.apache.maven.surefire.testng.TestNGDirectoryTestSuite.executeMulti(TestNGDirectoryTestSuite.java:169)
	at org.apache.maven.surefire.testng.TestNGDirectoryTestSuite.execute(TestNGDirectoryTestSuite.java:88)
	at org.apache.maven.surefire.testng.TestNGProvider.invoke(TestNGProvider.java:137)
	at org.apache.maven.surefire.booter.ForkedBooter.runSuitesInProcess(ForkedBooter.java:385)
	at org.apache.maven.surefire.booter.ForkedBooter.execute(ForkedBooter.java:162)
	at org.apache.maven.surefire.booter.ForkedBooter.run(ForkedBooter.java:507)
	at org.apache.maven.surefire.booter.ForkedBooter.main(ForkedBooter.java:495)
]]></failure>
    <system-out><![CDATA[❌ Screenshot saved for failed test with data: [Universal, Arjun, Mehta, Interested in real estate, +33, CP, Tushar Bhai, Mumbai, Immediate, Hot, Below 50 Lakh, 500 Sq.Ft, Residential, 2 Bhk, Buy]
]]></system-out>
  </testcase>
  <testcase name="takeScreenshot[[TestResult name=addLeadForBasicFundLead status=FAILURE method=EditFundLeadTest.addLeadForBasicFundLead(java.lang.String,java.lang.String,java.lang.String,java.lang.String)[pri:0, instance:tests.EditFundLeadTest@7133da86] output={null}]](0)" classname="tests.EditFundLeadTest" time="1.046">
    <failure message="Playwright connection closed" type="com.microsoft.playwright.PlaywrightException"><![CDATA[com.microsoft.playwright.PlaywrightException: Playwright connection closed
	at com.microsoft.playwright.impl.PipeTransport.send(PipeTransport.java:50)
	at com.microsoft.playwright.impl.Connection.internalSendMessage(Connection.java:171)
	at com.microsoft.playwright.impl.Connection.sendMessageAsync(Connection.java:135)
	at com.microsoft.playwright.impl.Connection.sendMessage(Connection.java:131)
	at com.microsoft.playwright.impl.ChannelOwner.sendMessage(ChannelOwner.java:124)
	at com.microsoft.playwright.impl.PageImpl.screenshotImpl(PageImpl.java:1181)
	at com.microsoft.playwright.impl.PageImpl.screenshot(PageImpl.java:1126)
	at tests.EditFundLeadTest.takeScreenshot(EditFundLeadTest.java:32)
	at java.base/jdk.internal.reflect.DirectMethodHandleAccessor.invoke(DirectMethodHandleAccessor.java:103)
	at java.base/java.lang.reflect.Method.invoke(Method.java:580)
	at org.testng.internal.invokers.MethodInvocationHelper.invokeMethod(MethodInvocationHelper.java:139)
	at org.testng.internal.invokers.MethodInvocationHelper.invokeMethodConsideringTimeout(MethodInvocationHelper.java:69)
	at org.testng.internal.invokers.ConfigInvoker.invokeConfigurationMethod(ConfigInvoker.java:393)
	at org.testng.internal.invokers.ConfigInvoker.invokeConfigurations(ConfigInvoker.java:326)
	at org.testng.internal.invokers.TestInvoker.runConfigMethods(TestInvoker.java:810)
	at org.testng.internal.invokers.TestInvoker.runAfterConfigurations(TestInvoker.java:779)
	at org.testng.internal.invokers.TestInvoker.invokeMethod(TestInvoker.java:755)
	at org.testng.internal.invokers.TestInvoker.invokeTestMethod(TestInvoker.java:228)
	at org.testng.internal.invokers.MethodRunner.runInSequence(MethodRunner.java:63)
	at org.testng.internal.invokers.TestInvoker$MethodInvocationAgent.invoke(TestInvoker.java:961)
	at org.testng.internal.invokers.TestInvoker.invokeTestMethods(TestInvoker.java:201)
	at org.testng.internal.invokers.TestMethodWorker.invokeTestMethods(TestMethodWorker.java:148)
	at org.testng.internal.invokers.TestMethodWorker.run(TestMethodWorker.java:128)
	at java.base/java.util.ArrayList.forEach(ArrayList.java:1596)
	at org.testng.TestRunner.privateRun(TestRunner.java:819)
	at org.testng.TestRunner.run(TestRunner.java:619)
	at org.testng.SuiteRunner.runTest(SuiteRunner.java:443)
	at org.testng.SuiteRunner.runSequentially(SuiteRunner.java:437)
	at org.testng.SuiteRunner.privateRun(SuiteRunner.java:397)
	at org.testng.SuiteRunner.run(SuiteRunner.java:336)
	at org.testng.SuiteRunnerWorker.runSuite(SuiteRunnerWorker.java:52)
	at org.testng.SuiteRunnerWorker.run(SuiteRunnerWorker.java:95)
	at org.testng.TestNG.runSuitesSequentially(TestNG.java:1301)
	at org.testng.TestNG.runSuitesLocally(TestNG.java:1228)
	at org.testng.TestNG.runSuites(TestNG.java:1134)
	at org.testng.TestNG.run(TestNG.java:1101)
	at org.apache.maven.surefire.testng.TestNGExecutor.run(TestNGExecutor.java:155)
	at org.apache.maven.surefire.testng.TestNGDirectoryTestSuite.executeMulti(TestNGDirectoryTestSuite.java:169)
	at org.apache.maven.surefire.testng.TestNGDirectoryTestSuite.execute(TestNGDirectoryTestSuite.java:88)
	at org.apache.maven.surefire.testng.TestNGProvider.invoke(TestNGProvider.java:137)
	at org.apache.maven.surefire.booter.ForkedBooter.runSuitesInProcess(ForkedBooter.java:385)
	at org.apache.maven.surefire.booter.ForkedBooter.execute(ForkedBooter.java:162)
	at org.apache.maven.surefire.booter.ForkedBooter.run(ForkedBooter.java:507)
	at org.apache.maven.surefire.booter.ForkedBooter.main(ForkedBooter.java:495)
]]></failure>
  </testcase>
  <testcase name="tearDown" classname="tests.EditFundLeadTest" time="0.0">
    <skipped/>
  </testcase>
  <testcase name="tearDown" classname="tests.EditFundLeadTest" time="0.0">
    <skipped/>
  </testcase>
  <testcase name="beforemethod" classname="tests.AddFollowUpTest" time="1.057">
    <failure message="Cannot invoke &quot;com.microsoft.playwright.Page.click(String)&quot; because &quot;this.page&quot; is null" type="java.lang.NullPointerException"><![CDATA[java.lang.NullPointerException: Cannot invoke "com.microsoft.playwright.Page.click(String)" because "this.page" is null
	at tests.AddFollowUpTest.beforemethod(AddFollowUpTest.java:14)
	at java.base/jdk.internal.reflect.DirectMethodHandleAccessor.invoke(DirectMethodHandleAccessor.java:103)
	at java.base/java.lang.reflect.Method.invoke(Method.java:580)
	at org.testng.internal.invokers.MethodInvocationHelper.invokeMethod(MethodInvocationHelper.java:139)
	at org.testng.internal.invokers.MethodInvocationHelper.invokeMethodConsideringTimeout(MethodInvocationHelper.java:69)
	at org.testng.internal.invokers.ConfigInvoker.invokeConfigurationMethod(ConfigInvoker.java:393)
	at org.testng.internal.invokers.ConfigInvoker.invokeConfigurations(ConfigInvoker.java:326)
	at org.testng.internal.invokers.TestMethodWorker.invokeBeforeClassMethods(TestMethodWorker.java:180)
	at org.testng.internal.invokers.TestMethodWorker.run(TestMethodWorker.java:122)
	at java.base/java.util.ArrayList.forEach(ArrayList.java:1596)
	at org.testng.TestRunner.privateRun(TestRunner.java:819)
	at org.testng.TestRunner.run(TestRunner.java:619)
	at org.testng.SuiteRunner.runTest(SuiteRunner.java:443)
	at org.testng.SuiteRunner.runSequentially(SuiteRunner.java:437)
	at org.testng.SuiteRunner.privateRun(SuiteRunner.java:397)
	at org.testng.SuiteRunner.run(SuiteRunner.java:336)
	at org.testng.SuiteRunnerWorker.runSuite(SuiteRunnerWorker.java:52)
	at org.testng.SuiteRunnerWorker.run(SuiteRunnerWorker.java:95)
	at org.testng.TestNG.runSuitesSequentially(TestNG.java:1301)
	at org.testng.TestNG.runSuitesLocally(TestNG.java:1228)
	at org.testng.TestNG.runSuites(TestNG.java:1134)
	at org.testng.TestNG.run(TestNG.java:1101)
	at org.apache.maven.surefire.testng.TestNGExecutor.run(TestNGExecutor.java:155)
	at org.apache.maven.surefire.testng.TestNGDirectoryTestSuite.executeMulti(TestNGDirectoryTestSuite.java:169)
	at org.apache.maven.surefire.testng.TestNGDirectoryTestSuite.execute(TestNGDirectoryTestSuite.java:88)
	at org.apache.maven.surefire.testng.TestNGProvider.invoke(TestNGProvider.java:137)
	at org.apache.maven.surefire.booter.ForkedBooter.runSuitesInProcess(ForkedBooter.java:385)
	at org.apache.maven.surefire.booter.ForkedBooter.execute(ForkedBooter.java:162)
	at org.apache.maven.surefire.booter.ForkedBooter.run(ForkedBooter.java:507)
	at org.apache.maven.surefire.booter.ForkedBooter.main(ForkedBooter.java:495)
]]></failure>
  </testcase>
  <testcase name="addFollowUpTest[Not Connected, Not Responding, User declined the follow-up conversation, Today’s Follow Up](1)" classname="tests.AddFollowUpTest" time="0.0">
    <skipped message="Cannot invoke &quot;com.microsoft.playwright.Page.click(String)&quot; because &quot;this.page&quot; is null"/>
  </testcase>
  <testcase name="tearDown" classname="tests.AddFollowUpTest" time="0.0">
    <skipped/>
  </testcase>
  <testcase name="tearDown" classname="tests.AddFollowUpTest" time="0.0">
    <skipped/>
  </testcase>
  <testcase name="tearDown" classname="tests.AddFollowUpTest" time="0.0">
    <skipped/>
  </testcase>
  <testcase name="tearDown" classname="tests.AddFollowUpTest" time="0.0">
    <skipped/>
  </testcase>
  <testcase name="tearDown" classname="tests.AddFollowUpTest" time="0.0">
    <skipped/>
  </testcase>
  <testcase name="tearDown" classname="tests.AddFollowUpTest" time="0.0">
    <skipped/>
  </testcase>
  <testcase name="tearDown" classname="tests.AddFollowUpTest" time="0.0">
    <skipped/>
  </testcase>
  <testcase name="tearDown" classname="tests.AddFollowUpTest" time="0.0">
    <skipped/>
  </testcase>
  <testcase name="tearDown" classname="tests.AddFollowUpTest" time="0.0">
    <skipped/>
  </testcase>
  <testcase name="tearDown" classname="tests.AddFollowUpTest" time="0.0">
    <skipped/>
  </testcase>
  <testcase name="tearDown" classname="tests.AddFollowUpTest" time="0.0">
    <skipped/>
  </testcase>
  <testcase name="tearDown" classname="tests.AddFollowUpTest" time="0.0">
    <skipped/>
  </testcase>
  <testcase name="tearDown" classname="tests.AddFollowUpTest" time="0.0">
    <skipped/>
  </testcase>
  <testcase name="tearDown" classname="tests.AddFollowUpTest" time="0.0">
    <skipped/>
  </testcase>
  <testcase name="tearDown" classname="tests.AddFollowUpTest" time="0.0">
    <skipped/>
  </testcase>
  <testcase name="tearDown" classname="tests.AddFollowUpTest" time="0.0">
    <skipped/>
  </testcase>
  <testcase name="tearDown" classname="tests.AddFollowUpTest" time="0.0">
    <skipped/>
  </testcase>
  <testcase name="tearDown" classname="tests.AddFollowUpTest" time="0.0">
    <skipped/>
  </testcase>
  <testcase name="tearDown" classname="tests.AddFollowUpTest" time="0.0">
    <skipped/>
  </testcase>
  <testcase name="tearDown" classname="tests.AddFollowUpTest" time="0.0">
    <skipped/>
  </testcase>
  <testcase name="tearDown" classname="tests.AddFollowUpTest" time="0.0">
    <skipped/>
  </testcase>
  <testcase name="tearDown" classname="tests.AddFollowUpTest" time="0.0">
    <skipped/>
  </testcase>
  <testcase name="tearDown" classname="tests.AddFollowUpTest" time="0.0">
    <skipped/>
  </testcase>
  <testcase name="tearDown" classname="tests.AddFollowUpTest" time="0.0">
    <skipped/>
  </testcase>
  <testcase name="tearDown" classname="tests.AddFollowUpTest" time="0.0">
    <skipped/>
  </testcase>
  <testcase name="tearDown" classname="tests.AddFollowUpTest" time="0.0">
    <skipped/>
  </testcase>
  <testcase name="tearDown" classname="tests.AddFollowUpTest" time="0.0">
    <skipped/>
  </testcase>
  <testcase name="tearDown" classname="tests.AddFollowUpTest" time="0.0">
    <skipped/>
  </testcase>
  <testcase name="tearDown" classname="tests.AddFollowUpTest" time="0.0">
    <skipped/>
  </testcase>
  <testcase name="tearDown" classname="tests.AddFollowUpTest" time="0.0">
    <skipped/>
  </testcase>
  <testcase name="tearDown" classname="tests.AddFollowUpTest" time="0.0">
    <skipped/>
  </testcase>
  <testcase name="tearDown" classname="tests.AddFollowUpTest" time="0.0">
    <skipped/>
  </testcase>
  <testcase name="tearDown" classname="tests.AddFollowUpTest" time="0.0">
    <skipped/>
  </testcase>
  <testcase name="tearDown" classname="tests.AddFollowUpTest" time="0.0">
    <skipped/>
  </testcase>
  <testcase name="tearDown" classname="tests.AddFollowUpTest" time="0.0">
    <skipped/>
  </testcase>
  <testcase name="tearDown" classname="tests.AddFollowUpTest" time="0.0">
    <skipped/>
  </testcase>
  <testcase name="tearDown" classname="tests.AddFollowUpTest" time="0.0">
    <skipped/>
  </testcase>
  <testcase name="addFollowUpTest[Not Connected, Not Reachable, All calls unreachable today, Today’s Follow Up](2)" classname="tests.AddFollowUpTest" time="0.0">
    <skipped message="Cannot invoke &quot;com.microsoft.playwright.Page.click(String)&quot; because &quot;this.page&quot; is null"/>
  </testcase>
  <testcase name="addFollowUpTest[Not Connected, Switch Off, Phone is switched off, Today’s Follow Up](3)" classname="tests.AddFollowUpTest" time="0.0">
    <skipped message="Cannot invoke &quot;com.microsoft.playwright.Page.click(String)&quot; because &quot;this.page&quot; is null"/>
  </testcase>
  <testcase name="addFollowUpTest[Not Connected, Busy, Line was busy on multiple attempts, Today’s Follow Up](4)" classname="tests.AddFollowUpTest" time="0.0">
    <skipped message="Cannot invoke &quot;com.microsoft.playwright.Page.click(String)&quot; because &quot;this.page&quot; is null"/>
  </testcase>
  <testcase name="addFollowUpTest[Not Connected, Discussion, Initial discussion completed, Today’s Follow Up](5)" classname="tests.AddFollowUpTest" time="0.0">
    <skipped message="Cannot invoke &quot;com.microsoft.playwright.Page.click(String)&quot; because &quot;this.page&quot; is null"/>
  </testcase>
  <testcase name="addFollowUpTest[Qualified, Project Details Shared, Shared brochure and pricing details, Today’s Follow Up](6)" classname="tests.AddFollowUpTest" time="0.0">
    <skipped message="Cannot invoke &quot;com.microsoft.playwright.Page.click(String)&quot; because &quot;this.page&quot; is null"/>
  </testcase>
  <testcase name="addFollowUpTest[Qualified, Site Meeting Planned, Meeting scheduled for 12th July, Today’s Follow Up](7)" classname="tests.AddFollowUpTest" time="0.0">
    <skipped message="Cannot invoke &quot;com.microsoft.playwright.Page.click(String)&quot; because &quot;this.page&quot; is null"/>
  </testcase>
  <testcase name="addFollowUpTest[Qualified, Project Briefing, Shared project overview, Today’s Follow Up](8)" classname="tests.AddFollowUpTest" time="0.0">
    <skipped message="Cannot invoke &quot;com.microsoft.playwright.Page.click(String)&quot; because &quot;this.page&quot; is null"/>
  </testcase>
  <testcase name="addFollowUpTest[Qualified, Discussion, No follow-up response since 3 days, Today’s Follow Up](9)" classname="tests.AddFollowUpTest" time="0.0">
    <skipped message="Cannot invoke &quot;com.microsoft.playwright.Page.click(String)&quot; because &quot;this.page&quot; is null"/>
  </testcase>
  <testcase name="addFollowUpTest[Qualified, Not Responding, Had a good discussion on project types, Today’s Follow Up](10)" classname="tests.AddFollowUpTest" time="0.0">
    <skipped message="Cannot invoke &quot;com.microsoft.playwright.Page.click(String)&quot; because &quot;this.page&quot; is null"/>
  </testcase>
  <testcase name="addFollowUpTest[Meeting Planned, Discussion, Agenda set for the upcoming site visit, Today’s Follow Up](11)" classname="tests.AddFollowUpTest" time="0.0">
    <skipped message="Cannot invoke &quot;com.microsoft.playwright.Page.click(String)&quot; because &quot;this.page&quot; is null"/>
  </testcase>
  <testcase name="addFollowUpTest[Meeting Planned, Not Responding, User missed last scheduled call, Today’s Follow Up](12)" classname="tests.AddFollowUpTest" time="0.0">
    <skipped message="Cannot invoke &quot;com.microsoft.playwright.Page.click(String)&quot; because &quot;this.page&quot; is null"/>
  </testcase>
  <testcase name="addFollowUpTest[Meeting Done, Brochure Shared, Shared updated brochure, Today’s Follow Up](13)" classname="tests.AddFollowUpTest" time="0.0">
    <skipped message="Cannot invoke &quot;com.microsoft.playwright.Page.click(String)&quot; because &quot;this.page&quot; is null"/>
  </testcase>
  <testcase name="addFollowUpTest[Meeting Done, Sample House Visited, User impressed with interiors, Today’s Follow Up](14)" classname="tests.AddFollowUpTest" time="0.0">
    <skipped message="Cannot invoke &quot;com.microsoft.playwright.Page.click(String)&quot; because &quot;this.page&quot; is null"/>
  </testcase>
  <testcase name="addFollowUpTest[Meeting Done, Unit Availablity Checked, Unit options shared with client, Today’s Follow Up](15)" classname="tests.AddFollowUpTest" time="0.0">
    <skipped message="Cannot invoke &quot;com.microsoft.playwright.Page.click(String)&quot; because &quot;this.page&quot; is null"/>
  </testcase>
  <testcase name="addFollowUpTest[Meeting Done, Unit Blocked, Unit 3B-405 blocked temporarily, Today’s Follow Up](16)" classname="tests.AddFollowUpTest" time="0.0">
    <skipped message="Cannot invoke &quot;com.microsoft.playwright.Page.click(String)&quot; because &quot;this.page&quot; is null"/>
  </testcase>
  <testcase name="addFollowUpTest[Meeting Done, Payment Plan Discussion, Explained staggered payment plan, Today’s Follow Up](17)" classname="tests.AddFollowUpTest" time="0.0">
    <skipped message="Cannot invoke &quot;com.microsoft.playwright.Page.click(String)&quot; because &quot;this.page&quot; is null"/>
  </testcase>
  <testcase name="addFollowUpTest[Meeting Done, Next Meeting Planned, Next visit planned for 15th July, Today’s Follow Up](18)" classname="tests.AddFollowUpTest" time="0.0">
    <skipped message="Cannot invoke &quot;com.microsoft.playwright.Page.click(String)&quot; because &quot;this.page&quot; is null"/>
  </testcase>
  <testcase name="addFollowUpTest[Meeting Done, Not Responding, No callback after site visit, Today’s Follow Up](19)" classname="tests.AddFollowUpTest" time="0.0">
    <skipped message="Cannot invoke &quot;com.microsoft.playwright.Page.click(String)&quot; because &quot;this.page&quot; is null"/>
  </testcase>
  <testcase name="addFollowUpTest[Meeting Done, Project Overview &amp; Cost Discussion, Covered pricing, next step is booking, Today’s Follow Up](20)" classname="tests.AddFollowUpTest" time="0.0">
    <skipped message="Cannot invoke &quot;com.microsoft.playwright.Page.click(String)&quot; because &quot;this.page&quot; is null"/>
  </testcase>
  <testcase name="addFollowUpTestforBlockStage[Block, Discussion, Remark, Active Lead](1)" classname="tests.AddFollowUpTest" time="0.0">
    <skipped message="Cannot invoke &quot;com.microsoft.playwright.Page.click(String)&quot; because &quot;this.page&quot; is null"/>
  </testcase>
  <testcase name="addFollowUpTestforBlockStage[Block, Not Responding, Remark, Active Lead](2)" classname="tests.AddFollowUpTest" time="0.0">
    <skipped message="Cannot invoke &quot;com.microsoft.playwright.Page.click(String)&quot; because &quot;this.page&quot; is null"/>
  </testcase>
  <testcase name="addFollowUpTestforBookStagewithUnitNumber" classname="tests.AddFollowUpTest" time="0.0">
    <skipped message="Cannot invoke &quot;com.microsoft.playwright.Page.click(String)&quot; because &quot;this.page&quot; is null"/>
  </testcase>
  <testcase name="addFollowUpTestforLostStageWithoutChieldstage[Lost, Location, Location not suitable, Lost Lead](1)" classname="tests.AddFollowUpTest" time="0.0">
    <skipped message="Cannot invoke &quot;com.microsoft.playwright.Page.click(String)&quot; because &quot;this.page&quot; is null"/>
  </testcase>
  <testcase name="addFollowUpTestforLostStageWithoutChieldstage[Lost, Comment, Negative feedback received, Lost Lead](2)" classname="tests.AddFollowUpTest" time="0.0">
    <skipped message="Cannot invoke &quot;com.microsoft.playwright.Page.click(String)&quot; because &quot;this.page&quot; is null"/>
  </testcase>
  <testcase name="addFollowUpTestforLostStageWithoutChieldstage[Lost, Cast, Preference mismatch, Lost Lead](3)" classname="tests.AddFollowUpTest" time="0.0">
    <skipped message="Cannot invoke &quot;com.microsoft.playwright.Page.click(String)&quot; because &quot;this.page&quot; is null"/>
  </testcase>
  <testcase name="addFollowUpTestforLostStageWithoutChieldstage[Lost, Carpet Area, Carpet area too small, Lost Lead](4)" classname="tests.AddFollowUpTest" time="0.0">
    <skipped message="Cannot invoke &quot;com.microsoft.playwright.Page.click(String)&quot; because &quot;this.page&quot; is null"/>
  </testcase>
  <testcase name="addFollowUpTestforLostStageWithoutChieldstage[Lost, Large Community, Prefers smaller community, Lost Lead](5)" classname="tests.AddFollowUpTest" time="0.0">
    <skipped message="Cannot invoke &quot;com.microsoft.playwright.Page.click(String)&quot; because &quot;this.page&quot; is null"/>
  </testcase>
  <testcase name="addFollowUpTestforLostStageWithoutChieldstage[Lost, Unit Availability, Desired unit not available, Lost Lead](6)" classname="tests.AddFollowUpTest" time="0.0">
    <skipped message="Cannot invoke &quot;com.microsoft.playwright.Page.click(String)&quot; because &quot;this.page&quot; is null"/>
  </testcase>
  <testcase name="addFollowUpTestforLostStageWithoutChieldstage[Lost, Floor Plan, Unfavorable floor plan, Lost Lead](7)" classname="tests.AddFollowUpTest" time="0.0">
    <skipped message="Cannot invoke &quot;com.microsoft.playwright.Page.click(String)&quot; because &quot;this.page&quot; is null"/>
  </testcase>
  <testcase name="addFollowUpTestforLostStageWithoutChieldstage[Lost, Loan, Loan not approved, Lost Lead](8)" classname="tests.AddFollowUpTest" time="0.0">
    <skipped message="Cannot invoke &quot;com.microsoft.playwright.Page.click(String)&quot; because &quot;this.page&quot; is null"/>
  </testcase>
  <testcase name="addFollowUpTestforLostStageWithoutChieldstage[Lost, Booked With Others, Customer booked with another builder, Lost Lead](9)" classname="tests.AddFollowUpTest" time="0.0">
    <skipped message="Cannot invoke &quot;com.microsoft.playwright.Page.click(String)&quot; because &quot;this.page&quot; is null"/>
  </testcase>
  <testcase name="addFollowUpTestforLostStageWithoutChieldstage[Lost, Not Looking For Property, No longer interested in buying, Lost Lead](10)" classname="tests.AddFollowUpTest" time="0.0">
    <skipped message="Cannot invoke &quot;com.microsoft.playwright.Page.click(String)&quot; because &quot;this.page&quot; is null"/>
  </testcase>
  <testcase name="addFollowUpTestforLostStageWithoutChieldstage[Lost, Planning Postponed, Decision postponed, Lost Lead](11)" classname="tests.AddFollowUpTest" time="0.0">
    <skipped message="Cannot invoke &quot;com.microsoft.playwright.Page.click(String)&quot; because &quot;this.page&quot; is null"/>
  </testcase>
  <testcase name="addFollowUpTestforLostStageWithoutChieldstage[Lost, Wrong No, Contact number incorrect, Lost Lead](12)" classname="tests.AddFollowUpTest" time="0.0">
    <skipped message="Cannot invoke &quot;com.microsoft.playwright.Page.click(String)&quot; because &quot;this.page&quot; is null"/>
  </testcase>
  <testcase name="addFollowUpTestforLostStageWithoutChieldstage[Lost, Other (Mention), Other reason mentioned, Lost Lead](13)" classname="tests.AddFollowUpTest" time="0.0">
    <skipped message="Cannot invoke &quot;com.microsoft.playwright.Page.click(String)&quot; because &quot;this.page&quot; is null"/>
  </testcase>
  <testcase name="addFollowUpTestforLostStageWithoutChieldstage[Lost, Never Respond, No response from lead, Lost Lead](14)" classname="tests.AddFollowUpTest" time="0.0">
    <skipped message="Cannot invoke &quot;com.microsoft.playwright.Page.click(String)&quot; because &quot;this.page&quot; is null"/>
  </testcase>
  <testcase name="addLeadForAdditionalProjectLeadTest[Harmony, Arjun, Mehta, Edit: Interested in real estate, Universal, +33, CP, Tushar Bhai, Mumbai, Immediate, Hot, Below 50 Lakh, 500 Sq.Ft, Residential, 2 Bhk, Buy](1)" classname="tests.EditProjectLeadTest" time="0.01">
    <failure message="Cannot invoke &quot;pages.EditProjectLeadPage.EditLeadWithAdditional(String, String, String, String, String, String, String, String, String, String, String, String, String, String, String, String, String, String)&quot; because &quot;this.editProjectLead&quot; is null" type="java.lang.NullPointerException"><![CDATA[java.lang.NullPointerException: Cannot invoke "pages.EditProjectLeadPage.EditLeadWithAdditional(String, String, String, String, String, String, String, String, String, String, String, String, String, String, String, String, String, String)" because "this.editProjectLead" is null
	at tests.EditProjectLeadTest.addLeadForAdditionalProjectLeadTest(EditProjectLeadTest.java:219)
	at java.base/jdk.internal.reflect.DirectMethodHandleAccessor.invoke(DirectMethodHandleAccessor.java:103)
	at java.base/java.lang.reflect.Method.invoke(Method.java:580)
	at org.testng.internal.invokers.MethodInvocationHelper.invokeMethod(MethodInvocationHelper.java:139)
	at org.testng.internal.invokers.TestInvoker.invokeMethod(TestInvoker.java:664)
	at org.testng.internal.invokers.TestInvoker.invokeTestMethod(TestInvoker.java:228)
	at org.testng.internal.invokers.MethodRunner.runInSequence(MethodRunner.java:63)
	at org.testng.internal.invokers.TestInvoker$MethodInvocationAgent.invoke(TestInvoker.java:961)
	at org.testng.internal.invokers.TestInvoker.invokeTestMethods(TestInvoker.java:201)
	at org.testng.internal.invokers.TestMethodWorker.invokeTestMethods(TestMethodWorker.java:148)
	at org.testng.internal.invokers.TestMethodWorker.run(TestMethodWorker.java:128)
	at java.base/java.util.ArrayList.forEach(ArrayList.java:1596)
	at org.testng.TestRunner.privateRun(TestRunner.java:819)
	at org.testng.TestRunner.run(TestRunner.java:619)
	at org.testng.SuiteRunner.runTest(SuiteRunner.java:443)
	at org.testng.SuiteRunner.runSequentially(SuiteRunner.java:437)
	at org.testng.SuiteRunner.privateRun(SuiteRunner.java:397)
	at org.testng.SuiteRunner.run(SuiteRunner.java:336)
	at org.testng.SuiteRunnerWorker.runSuite(SuiteRunnerWorker.java:52)
	at org.testng.SuiteRunnerWorker.run(SuiteRunnerWorker.java:95)
	at org.testng.TestNG.runSuitesSequentially(TestNG.java:1301)
	at org.testng.TestNG.runSuitesLocally(TestNG.java:1228)
	at org.testng.TestNG.runSuites(TestNG.java:1134)
	at org.testng.TestNG.run(TestNG.java:1101)
	at org.apache.maven.surefire.testng.TestNGExecutor.run(TestNGExecutor.java:155)
	at org.apache.maven.surefire.testng.TestNGDirectoryTestSuite.executeMulti(TestNGDirectoryTestSuite.java:169)
	at org.apache.maven.surefire.testng.TestNGDirectoryTestSuite.execute(TestNGDirectoryTestSuite.java:88)
	at org.apache.maven.surefire.testng.TestNGProvider.invoke(TestNGProvider.java:137)
	at org.apache.maven.surefire.booter.ForkedBooter.runSuitesInProcess(ForkedBooter.java:385)
	at org.apache.maven.surefire.booter.ForkedBooter.execute(ForkedBooter.java:162)
	at org.apache.maven.surefire.booter.ForkedBooter.run(ForkedBooter.java:507)
	at org.apache.maven.surefire.booter.ForkedBooter.main(ForkedBooter.java:495)
]]></failure>
  </testcase>
  <testcase name="takeScreenshot[[TestResult name=addLeadForAdditionalProjectLeadTest status=FAILURE method=EditProjectLeadTest.addLeadForAdditionalProjectLeadTest(java.lang.String,java.lang.String,java.lang.String,java.lang.String,java.lang.String,java.lang.String,java.lang.String,java.lang.String,java.lang.String,java.lang.String,java.lang.String,java.lang.String,java.lang.String,java.lang.String,java.lang.String,java.lang.String)[pri:0, instance:tests.EditProjectLeadTest@4738a206] output={null}]](0)" classname="tests.EditProjectLeadTest" time="0.017">
    <failure message="Cannot invoke &quot;com.microsoft.playwright.Page.screenshot(com.microsoft.playwright.Page$ScreenshotOptions)&quot; because &quot;this.page&quot; is null" type="java.lang.NullPointerException"><![CDATA[java.lang.NullPointerException: Cannot invoke "com.microsoft.playwright.Page.screenshot(com.microsoft.playwright.Page$ScreenshotOptions)" because "this.page" is null
	at tests.EditProjectLeadTest.takeScreenshot(EditProjectLeadTest.java:34)
	at java.base/jdk.internal.reflect.DirectMethodHandleAccessor.invoke(DirectMethodHandleAccessor.java:103)
	at java.base/java.lang.reflect.Method.invoke(Method.java:580)
	at org.testng.internal.invokers.MethodInvocationHelper.invokeMethod(MethodInvocationHelper.java:139)
	at org.testng.internal.invokers.MethodInvocationHelper.invokeMethodConsideringTimeout(MethodInvocationHelper.java:69)
	at org.testng.internal.invokers.ConfigInvoker.invokeConfigurationMethod(ConfigInvoker.java:393)
	at org.testng.internal.invokers.ConfigInvoker.invokeConfigurations(ConfigInvoker.java:326)
	at org.testng.internal.invokers.TestInvoker.runConfigMethods(TestInvoker.java:810)
	at org.testng.internal.invokers.TestInvoker.runAfterConfigurations(TestInvoker.java:779)
	at org.testng.internal.invokers.TestInvoker.invokeMethod(TestInvoker.java:755)
	at org.testng.internal.invokers.TestInvoker.invokeTestMethod(TestInvoker.java:228)
	at org.testng.internal.invokers.MethodRunner.runInSequence(MethodRunner.java:63)
	at org.testng.internal.invokers.TestInvoker$MethodInvocationAgent.invoke(TestInvoker.java:961)
	at org.testng.internal.invokers.TestInvoker.invokeTestMethods(TestInvoker.java:201)
	at org.testng.internal.invokers.TestMethodWorker.invokeTestMethods(TestMethodWorker.java:148)
	at org.testng.internal.invokers.TestMethodWorker.run(TestMethodWorker.java:128)
	at java.base/java.util.ArrayList.forEach(ArrayList.java:1596)
	at org.testng.TestRunner.privateRun(TestRunner.java:819)
	at org.testng.TestRunner.run(TestRunner.java:619)
	at org.testng.SuiteRunner.runTest(SuiteRunner.java:443)
	at org.testng.SuiteRunner.runSequentially(SuiteRunner.java:437)
	at org.testng.SuiteRunner.privateRun(SuiteRunner.java:397)
	at org.testng.SuiteRunner.run(SuiteRunner.java:336)
	at org.testng.SuiteRunnerWorker.runSuite(SuiteRunnerWorker.java:52)
	at org.testng.SuiteRunnerWorker.run(SuiteRunnerWorker.java:95)
	at org.testng.TestNG.runSuitesSequentially(TestNG.java:1301)
	at org.testng.TestNG.runSuitesLocally(TestNG.java:1228)
	at org.testng.TestNG.runSuites(TestNG.java:1134)
	at org.testng.TestNG.run(TestNG.java:1101)
	at org.apache.maven.surefire.testng.TestNGExecutor.run(TestNGExecutor.java:155)
	at org.apache.maven.surefire.testng.TestNGDirectoryTestSuite.executeMulti(TestNGDirectoryTestSuite.java:169)
	at org.apache.maven.surefire.testng.TestNGDirectoryTestSuite.execute(TestNGDirectoryTestSuite.java:88)
	at org.apache.maven.surefire.testng.TestNGProvider.invoke(TestNGProvider.java:137)
	at org.apache.maven.surefire.booter.ForkedBooter.runSuitesInProcess(ForkedBooter.java:385)
	at org.apache.maven.surefire.booter.ForkedBooter.execute(ForkedBooter.java:162)
	at org.apache.maven.surefire.booter.ForkedBooter.run(ForkedBooter.java:507)
	at org.apache.maven.surefire.booter.ForkedBooter.main(ForkedBooter.java:495)
]]></failure>
  </testcase>
  <testcase name="tearDown" classname="tests.EditProjectLeadTest" time="0.0">
    <skipped/>
  </testcase>
  <testcase name="tearDown" classname="tests.EditProjectLeadTest" time="0.0">
    <skipped/>
  </testcase>
  <testcase name="addLeadForBasicProjectLead[The Circle, Roshan, Jadhav, Edit: Looking for investment in 5 BHK](1)" classname="tests.EditProjectLeadTest" time="0.0">
    <skipped message="Cannot invoke &quot;com.microsoft.playwright.Page.screenshot(com.microsoft.playwright.Page$ScreenshotOptions)&quot; because &quot;this.page&quot; is null"/>
  </testcase>
  <testcase name="takeScreenshot" classname="tests.EditProjectLeadTest" time="0.0">
    <skipped/>
  </testcase>
  <testcase name="beforemethod" classname="tests.AddLandLeadTest" time="0.011">
    <failure message="Cannot invoke &quot;pages.AddLandLeadPage.OpenAddLandLeadForm()&quot; because &quot;this.addLandLead&quot; is null" type="java.lang.NullPointerException"><![CDATA[java.lang.NullPointerException: Cannot invoke "pages.AddLandLeadPage.OpenAddLandLeadForm()" because "this.addLandLead" is null
	at tests.AddLandLeadTest.beforemethod(AddLandLeadTest.java:21)
	at java.base/jdk.internal.reflect.DirectMethodHandleAccessor.invoke(DirectMethodHandleAccessor.java:103)
	at java.base/java.lang.reflect.Method.invoke(Method.java:580)
	at org.testng.internal.invokers.MethodInvocationHelper.invokeMethod(MethodInvocationHelper.java:139)
	at org.testng.internal.invokers.MethodInvocationHelper.invokeMethodConsideringTimeout(MethodInvocationHelper.java:69)
	at org.testng.internal.invokers.ConfigInvoker.invokeConfigurationMethod(ConfigInvoker.java:393)
	at org.testng.internal.invokers.ConfigInvoker.invokeConfigurations(ConfigInvoker.java:326)
	at org.testng.internal.invokers.TestInvoker.runConfigMethods(TestInvoker.java:810)
	at org.testng.internal.invokers.TestInvoker.invokeMethod(TestInvoker.java:578)
	at org.testng.internal.invokers.TestInvoker.invokeTestMethod(TestInvoker.java:228)
	at org.testng.internal.invokers.MethodRunner.runInSequence(MethodRunner.java:63)
	at org.testng.internal.invokers.TestInvoker$MethodInvocationAgent.invoke(TestInvoker.java:961)
	at org.testng.internal.invokers.TestInvoker.invokeTestMethods(TestInvoker.java:201)
	at org.testng.internal.invokers.TestMethodWorker.invokeTestMethods(TestMethodWorker.java:148)
	at org.testng.internal.invokers.TestMethodWorker.run(TestMethodWorker.java:128)
	at java.base/java.util.ArrayList.forEach(ArrayList.java:1596)
	at org.testng.TestRunner.privateRun(TestRunner.java:819)
	at org.testng.TestRunner.run(TestRunner.java:619)
	at org.testng.SuiteRunner.runTest(SuiteRunner.java:443)
	at org.testng.SuiteRunner.runSequentially(SuiteRunner.java:437)
	at org.testng.SuiteRunner.privateRun(SuiteRunner.java:397)
	at org.testng.SuiteRunner.run(SuiteRunner.java:336)
	at org.testng.SuiteRunnerWorker.runSuite(SuiteRunnerWorker.java:52)
	at org.testng.SuiteRunnerWorker.run(SuiteRunnerWorker.java:95)
	at org.testng.TestNG.runSuitesSequentially(TestNG.java:1301)
	at org.testng.TestNG.runSuitesLocally(TestNG.java:1228)
	at org.testng.TestNG.runSuites(TestNG.java:1134)
	at org.testng.TestNG.run(TestNG.java:1101)
	at org.apache.maven.surefire.testng.TestNGExecutor.run(TestNGExecutor.java:155)
	at org.apache.maven.surefire.testng.TestNGDirectoryTestSuite.executeMulti(TestNGDirectoryTestSuite.java:169)
	at org.apache.maven.surefire.testng.TestNGDirectoryTestSuite.execute(TestNGDirectoryTestSuite.java:88)
	at org.apache.maven.surefire.testng.TestNGProvider.invoke(TestNGProvider.java:137)
	at org.apache.maven.surefire.booter.ForkedBooter.runSuitesInProcess(ForkedBooter.java:385)
	at org.apache.maven.surefire.booter.ForkedBooter.execute(ForkedBooter.java:162)
	at org.apache.maven.surefire.booter.ForkedBooter.run(ForkedBooter.java:507)
	at org.apache.maven.surefire.booter.ForkedBooter.main(ForkedBooter.java:495)
]]></failure>
  </testcase>
  <testcase name="beforemethod" classname="tests.AddLandLeadTest" time="0.0">
    <skipped/>
  </testcase>
  <testcase name="beforemethod" classname="tests.AddLandLeadTest" time="0.0">
    <skipped/>
  </testcase>
  <testcase name="beforemethod" classname="tests.AddLandLeadTest" time="0.0">
    <skipped/>
  </testcase>
  <testcase name="beforemethod" classname="tests.AddLandLeadTest" time="0.0">
    <skipped/>
  </testcase>
  <testcase name="beforemethod" classname="tests.AddLandLeadTest" time="0.0">
    <skipped/>
  </testcase>
  <testcase name="beforemethod" classname="tests.AddLandLeadTest" time="0.0">
    <skipped/>
  </testcase>
  <testcase name="beforemethod" classname="tests.AddLandLeadTest" time="0.0">
    <skipped/>
  </testcase>
  <testcase name="beforemethod" classname="tests.AddLandLeadTest" time="0.0">
    <skipped/>
  </testcase>
  <testcase name="beforemethod" classname="tests.AddLandLeadTest" time="0.0">
    <skipped/>
  </testcase>
  <testcase name="Sachana" classname="tests.AddLandLeadTest" time="0.0">
    <skipped message="Cannot invoke &quot;pages.AddLandLeadPage.OpenAddLandLeadForm()&quot; because &quot;this.addLandLead&quot; is null"/>
  </testcase>
  <testcase name="Aftermethod" classname="tests.AddLandLeadTest" time="0.0">
    <skipped/>
  </testcase>
  <testcase name="Aftermethod" classname="tests.AddLandLeadTest" time="0.0">
    <skipped/>
  </testcase>
  <testcase name="Aftermethod" classname="tests.AddLandLeadTest" time="0.0">
    <skipped/>
  </testcase>
  <testcase name="Aftermethod" classname="tests.AddLandLeadTest" time="0.0">
    <skipped/>
  </testcase>
  <testcase name="Aftermethod" classname="tests.AddLandLeadTest" time="0.0">
    <skipped/>
  </testcase>
  <testcase name="Aftermethod" classname="tests.AddLandLeadTest" time="0.0">
    <skipped/>
  </testcase>
  <testcase name="Aftermethod" classname="tests.AddLandLeadTest" time="0.0">
    <skipped/>
  </testcase>
  <testcase name="Aftermethod" classname="tests.AddLandLeadTest" time="0.0">
    <skipped/>
  </testcase>
  <testcase name="Aftermethod" classname="tests.AddLandLeadTest" time="0.0">
    <skipped/>
  </testcase>
  <testcase name="Aftermethod" classname="tests.AddLandLeadTest" time="0.0">
    <skipped/>
  </testcase>
  <testcase name="tearDown" classname="tests.AddLandLeadTest" time="0.0">
    <skipped/>
  </testcase>
  <testcase name="tearDown" classname="tests.AddLandLeadTest" time="0.0">
    <skipped/>
  </testcase>
  <testcase name="tearDown" classname="tests.AddLandLeadTest" time="0.0">
    <skipped/>
  </testcase>
  <testcase name="tearDown" classname="tests.AddLandLeadTest" time="0.0">
    <skipped/>
  </testcase>
  <testcase name="tearDown" classname="tests.AddLandLeadTest" time="0.0">
    <skipped/>
  </testcase>
  <testcase name="tearDown" classname="tests.AddLandLeadTest" time="0.0">
    <skipped/>
  </testcase>
  <testcase name="tearDown" classname="tests.AddLandLeadTest" time="0.0">
    <skipped/>
  </testcase>
  <testcase name="tearDown" classname="tests.AddLandLeadTest" time="0.0">
    <skipped/>
  </testcase>
  <testcase name="tearDown" classname="tests.AddLandLeadTest" time="0.0">
    <skipped/>
  </testcase>
  <testcase name="tearDown" classname="tests.AddLandLeadTest" time="0.0">
    <skipped/>
  </testcase>
  <testcase name="Ognaj" classname="tests.AddLandLeadTest" time="0.0">
    <skipped message="Cannot invoke &quot;pages.AddLandLeadPage.OpenAddLandLeadForm()&quot; because &quot;this.addLandLead&quot; is null"/>
  </testcase>
  <testcase name="Shilaj" classname="tests.AddLandLeadTest" time="0.0">
    <skipped message="Cannot invoke &quot;pages.AddLandLeadPage.OpenAddLandLeadForm()&quot; because &quot;this.addLandLead&quot; is null"/>
  </testcase>
  <testcase name="Satellite" classname="tests.AddLandLeadTest" time="0.0">
    <skipped message="Cannot invoke &quot;pages.AddLandLeadPage.OpenAddLandLeadForm()&quot; because &quot;this.addLandLead&quot; is null"/>
  </testcase>
  <testcase name="Bodakdev" classname="tests.AddLandLeadTest" time="0.0">
    <skipped message="Cannot invoke &quot;pages.AddLandLeadPage.OpenAddLandLeadForm()&quot; because &quot;this.addLandLead&quot; is null"/>
  </testcase>
  <testcase name="Panjrapole" classname="tests.AddLandLeadTest" time="0.0">
    <skipped message="Cannot invoke &quot;pages.AddLandLeadPage.OpenAddLandLeadForm()&quot; because &quot;this.addLandLead&quot; is null"/>
  </testcase>
  <testcase name="GiftCity" classname="tests.AddLandLeadTest" time="0.0">
    <skipped message="Cannot invoke &quot;pages.AddLandLeadPage.OpenAddLandLeadForm()&quot; because &quot;this.addLandLead&quot; is null"/>
  </testcase>
  <testcase name="Ambli" classname="tests.AddLandLeadTest" time="0.0">
    <skipped message="Cannot invoke &quot;pages.AddLandLeadPage.OpenAddLandLeadForm()&quot; because &quot;this.addLandLead&quot; is null"/>
  </testcase>
  <testcase name="VaishnoDevi" classname="tests.AddLandLeadTest" time="0.0">
    <skipped message="Cannot invoke &quot;pages.AddLandLeadPage.OpenAddLandLeadForm()&quot; because &quot;this.addLandLead&quot; is null"/>
  </testcase>
  <testcase name="Shela" classname="tests.AddLandLeadTest" time="0.0">
    <skipped message="Cannot invoke &quot;pages.AddLandLeadPage.OpenAddLandLeadForm()&quot; because &quot;this.addLandLead&quot; is null"/>
  </testcase>
  <testcase name="addLeadForAdditionalFurnitureLeadTest[Haworth, Arjun, Desai, +81, Event, GIHED, Living, Sofa, Interested in sofa sets #337, CP, Tushar Bhai, Hot, 15-25 Lakhs, Office Furniture, Immediate, Business Loan, 02041973, Ahmedabad, Tata Consultancy, 985, 9 Months](1)" classname="tests.AddFurnitureLeadTest" time="0.053">
    <failure message="Cannot invoke &quot;pages.AddFurnitureLeadPage.addLeadWithAdditional(String, String, String, String, String, String, String, String, String, String, String, String, String, String, String, String, String, String, String, String, String, String, String)&quot; because &quot;this.addFurnitureLead&quot; is null" type="java.lang.NullPointerException"><![CDATA[java.lang.NullPointerException: Cannot invoke "pages.AddFurnitureLeadPage.addLeadWithAdditional(String, String, String, String, String, String, String, String, String, String, String, String, String, String, String, String, String, String, String, String, String, String, String)" because "this.addFurnitureLead" is null
	at tests.AddFurnitureLeadTest.addLeadForAdditionalFurnitureLeadTest(AddFurnitureLeadTest.java:167)
	at java.base/jdk.internal.reflect.DirectMethodHandleAccessor.invoke(DirectMethodHandleAccessor.java:103)
	at java.base/java.lang.reflect.Method.invoke(Method.java:580)
	at org.testng.internal.invokers.MethodInvocationHelper.invokeMethod(MethodInvocationHelper.java:139)
	at org.testng.internal.invokers.TestInvoker.invokeMethod(TestInvoker.java:664)
	at org.testng.internal.invokers.TestInvoker.invokeTestMethod(TestInvoker.java:228)
	at org.testng.internal.invokers.MethodRunner.runInSequence(MethodRunner.java:63)
	at org.testng.internal.invokers.TestInvoker$MethodInvocationAgent.invoke(TestInvoker.java:961)
	at org.testng.internal.invokers.TestInvoker.invokeTestMethods(TestInvoker.java:201)
	at org.testng.internal.invokers.TestMethodWorker.invokeTestMethods(TestMethodWorker.java:148)
	at org.testng.internal.invokers.TestMethodWorker.run(TestMethodWorker.java:128)
	at java.base/java.util.ArrayList.forEach(ArrayList.java:1596)
	at org.testng.TestRunner.privateRun(TestRunner.java:819)
	at org.testng.TestRunner.run(TestRunner.java:619)
	at org.testng.SuiteRunner.runTest(SuiteRunner.java:443)
	at org.testng.SuiteRunner.runSequentially(SuiteRunner.java:437)
	at org.testng.SuiteRunner.privateRun(SuiteRunner.java:397)
	at org.testng.SuiteRunner.run(SuiteRunner.java:336)
	at org.testng.SuiteRunnerWorker.runSuite(SuiteRunnerWorker.java:52)
	at org.testng.SuiteRunnerWorker.run(SuiteRunnerWorker.java:95)
	at org.testng.TestNG.runSuitesSequentially(TestNG.java:1301)
	at org.testng.TestNG.runSuitesLocally(TestNG.java:1228)
	at org.testng.TestNG.runSuites(TestNG.java:1134)
	at org.testng.TestNG.run(TestNG.java:1101)
	at org.apache.maven.surefire.testng.TestNGExecutor.run(TestNGExecutor.java:155)
	at org.apache.maven.surefire.testng.TestNGDirectoryTestSuite.executeMulti(TestNGDirectoryTestSuite.java:169)
	at org.apache.maven.surefire.testng.TestNGDirectoryTestSuite.execute(TestNGDirectoryTestSuite.java:88)
	at org.apache.maven.surefire.testng.TestNGProvider.invoke(TestNGProvider.java:137)
	at org.apache.maven.surefire.booter.ForkedBooter.runSuitesInProcess(ForkedBooter.java:385)
	at org.apache.maven.surefire.booter.ForkedBooter.execute(ForkedBooter.java:162)
	at org.apache.maven.surefire.booter.ForkedBooter.run(ForkedBooter.java:507)
	at org.apache.maven.surefire.booter.ForkedBooter.main(ForkedBooter.java:495)
]]></failure>
    <system-out><![CDATA[9780772198
]]></system-out>
  </testcase>
  <testcase name="takeScreenshot[[TestResult name=addLeadForAdditionalFurnitureLeadTest status=FAILURE method=AddFurnitureLeadTest.addLeadForAdditionalFurnitureLeadTest(java.lang.String,java.lang.String,java.lang.String,java.lang.String,java.lang.String,java.lang.String,java.lang.String,java.lang.String,java.lang.String,java.lang.String,java.lang.String,java.lang.String,java.lang.String,java.lang.String,java.lang.String,java.lang.String,java.lang.String,java.lang.String,java.lang.String,java.lang.String,java.lang.String)[pri:0, instance:tests.AddFurnitureLeadTest@1e04fa0a] output={null}]](0)" classname="tests.AddFurnitureLeadTest" time="0.064">
    <failure message="Cannot invoke &quot;com.microsoft.playwright.Page.locator(String)&quot; because &quot;this.page&quot; is null" type="java.lang.NullPointerException"><![CDATA[java.lang.NullPointerException: Cannot invoke "com.microsoft.playwright.Page.locator(String)" because "this.page" is null
	at tests.AddFurnitureLeadTest.takeScreenshot(AddFurnitureLeadTest.java:58)
	at java.base/jdk.internal.reflect.DirectMethodHandleAccessor.invoke(DirectMethodHandleAccessor.java:103)
	at java.base/java.lang.reflect.Method.invoke(Method.java:580)
	at org.testng.internal.invokers.MethodInvocationHelper.invokeMethod(MethodInvocationHelper.java:139)
	at org.testng.internal.invokers.MethodInvocationHelper.invokeMethodConsideringTimeout(MethodInvocationHelper.java:69)
	at org.testng.internal.invokers.ConfigInvoker.invokeConfigurationMethod(ConfigInvoker.java:393)
	at org.testng.internal.invokers.ConfigInvoker.invokeConfigurations(ConfigInvoker.java:326)
	at org.testng.internal.invokers.TestInvoker.runConfigMethods(TestInvoker.java:810)
	at org.testng.internal.invokers.TestInvoker.runAfterConfigurations(TestInvoker.java:779)
	at org.testng.internal.invokers.TestInvoker.invokeMethod(TestInvoker.java:755)
	at org.testng.internal.invokers.TestInvoker.invokeTestMethod(TestInvoker.java:228)
	at org.testng.internal.invokers.MethodRunner.runInSequence(MethodRunner.java:63)
	at org.testng.internal.invokers.TestInvoker$MethodInvocationAgent.invoke(TestInvoker.java:961)
	at org.testng.internal.invokers.TestInvoker.invokeTestMethods(TestInvoker.java:201)
	at org.testng.internal.invokers.TestMethodWorker.invokeTestMethods(TestMethodWorker.java:148)
	at org.testng.internal.invokers.TestMethodWorker.run(TestMethodWorker.java:128)
	at java.base/java.util.ArrayList.forEach(ArrayList.java:1596)
	at org.testng.TestRunner.privateRun(TestRunner.java:819)
	at org.testng.TestRunner.run(TestRunner.java:619)
	at org.testng.SuiteRunner.runTest(SuiteRunner.java:443)
	at org.testng.SuiteRunner.runSequentially(SuiteRunner.java:437)
	at org.testng.SuiteRunner.privateRun(SuiteRunner.java:397)
	at org.testng.SuiteRunner.run(SuiteRunner.java:336)
	at org.testng.SuiteRunnerWorker.runSuite(SuiteRunnerWorker.java:52)
	at org.testng.SuiteRunnerWorker.run(SuiteRunnerWorker.java:95)
	at org.testng.TestNG.runSuitesSequentially(TestNG.java:1301)
	at org.testng.TestNG.runSuitesLocally(TestNG.java:1228)
	at org.testng.TestNG.runSuites(TestNG.java:1134)
	at org.testng.TestNG.run(TestNG.java:1101)
	at org.apache.maven.surefire.testng.TestNGExecutor.run(TestNGExecutor.java:155)
	at org.apache.maven.surefire.testng.TestNGDirectoryTestSuite.executeMulti(TestNGDirectoryTestSuite.java:169)
	at org.apache.maven.surefire.testng.TestNGDirectoryTestSuite.execute(TestNGDirectoryTestSuite.java:88)
	at org.apache.maven.surefire.testng.TestNGProvider.invoke(TestNGProvider.java:137)
	at org.apache.maven.surefire.booter.ForkedBooter.runSuitesInProcess(ForkedBooter.java:385)
	at org.apache.maven.surefire.booter.ForkedBooter.execute(ForkedBooter.java:162)
	at org.apache.maven.surefire.booter.ForkedBooter.run(ForkedBooter.java:507)
	at org.apache.maven.surefire.booter.ForkedBooter.main(ForkedBooter.java:495)
]]></failure>
  </testcase>
  <testcase name="tearDown" classname="tests.AddFurnitureLeadTest" time="0.0">
    <skipped/>
  </testcase>
  <testcase name="tearDown" classname="tests.AddFurnitureLeadTest" time="0.0">
    <skipped/>
  </testcase>
  <testcase name="tearDown" classname="tests.AddFurnitureLeadTest" time="0.0">
    <skipped/>
  </testcase>
  <testcase name="tearDown" classname="tests.AddFurnitureLeadTest" time="0.0">
    <skipped/>
  </testcase>
  <testcase name="tearDown" classname="tests.AddFurnitureLeadTest" time="0.0">
    <skipped/>
  </testcase>
  <testcase name="tearDown" classname="tests.AddFurnitureLeadTest" time="0.0">
    <skipped/>
  </testcase>
  <testcase name="tearDown" classname="tests.AddFurnitureLeadTest" time="0.0">
    <skipped/>
  </testcase>
  <testcase name="tearDown" classname="tests.AddFurnitureLeadTest" time="0.0">
    <skipped/>
  </testcase>
  <testcase name="tearDown" classname="tests.AddFurnitureLeadTest" time="0.0">
    <skipped/>
  </testcase>
  <testcase name="tearDown" classname="tests.AddFurnitureLeadTest" time="0.0">
    <skipped/>
  </testcase>
  <testcase name="tearDown" classname="tests.AddFurnitureLeadTest" time="0.0">
    <skipped/>
  </testcase>
  <testcase name="tearDown" classname="tests.AddFurnitureLeadTest" time="0.0">
    <skipped/>
  </testcase>
  <testcase name="tearDown" classname="tests.AddFurnitureLeadTest" time="0.0">
    <skipped/>
  </testcase>
  <testcase name="tearDown" classname="tests.AddFurnitureLeadTest" time="0.0">
    <skipped/>
  </testcase>
  <testcase name="tearDown" classname="tests.AddFurnitureLeadTest" time="0.0">
    <skipped/>
  </testcase>
  <testcase name="tearDown" classname="tests.AddFurnitureLeadTest" time="0.0">
    <skipped/>
  </testcase>
  <testcase name="tearDown" classname="tests.AddFurnitureLeadTest" time="0.0">
    <skipped/>
  </testcase>
  <testcase name="tearDown" classname="tests.AddFurnitureLeadTest" time="0.0">
    <skipped/>
  </testcase>
  <testcase name="tearDown" classname="tests.AddFurnitureLeadTest" time="0.0">
    <skipped/>
  </testcase>
  <testcase name="tearDown" classname="tests.AddFurnitureLeadTest" time="0.0">
    <skipped/>
  </testcase>
  <testcase name="tearDown" classname="tests.AddFurnitureLeadTest" time="0.0">
    <skipped/>
  </testcase>
  <testcase name="tearDown" classname="tests.AddFurnitureLeadTest" time="0.0">
    <skipped/>
  </testcase>
  <testcase name="tearDown" classname="tests.AddFurnitureLeadTest" time="0.0">
    <skipped/>
  </testcase>
  <testcase name="tearDown" classname="tests.AddFurnitureLeadTest" time="0.0">
    <skipped/>
  </testcase>
  <testcase name="tearDown" classname="tests.AddFurnitureLeadTest" time="0.0">
    <skipped/>
  </testcase>
  <testcase name="tearDown" classname="tests.AddFurnitureLeadTest" time="0.0">
    <skipped/>
  </testcase>
  <testcase name="tearDown" classname="tests.AddFurnitureLeadTest" time="0.0">
    <skipped/>
  </testcase>
  <testcase name="tearDown" classname="tests.AddFurnitureLeadTest" time="0.0">
    <skipped/>
  </testcase>
  <testcase name="tearDown" classname="tests.AddFurnitureLeadTest" time="0.0">
    <skipped/>
  </testcase>
  <testcase name="tearDown" classname="tests.AddFurnitureLeadTest" time="0.0">
    <skipped/>
  </testcase>
  <testcase name="tearDown" classname="tests.AddFurnitureLeadTest" time="0.0">
    <skipped/>
  </testcase>
  <testcase name="tearDown" classname="tests.AddFurnitureLeadTest" time="0.0">
    <skipped/>
  </testcase>
  <testcase name="tearDown" classname="tests.AddFurnitureLeadTest" time="0.0">
    <skipped/>
  </testcase>
  <testcase name="tearDown" classname="tests.AddFurnitureLeadTest" time="0.0">
    <skipped/>
  </testcase>
  <testcase name="tearDown" classname="tests.AddFurnitureLeadTest" time="0.0">
    <skipped/>
  </testcase>
  <testcase name="tearDown" classname="tests.AddFurnitureLeadTest" time="0.0">
    <skipped/>
  </testcase>
  <testcase name="tearDown" classname="tests.AddFurnitureLeadTest" time="0.0">
    <skipped/>
  </testcase>
  <testcase name="tearDown" classname="tests.AddFurnitureLeadTest" time="0.0">
    <skipped/>
  </testcase>
  <testcase name="tearDown" classname="tests.AddFurnitureLeadTest" time="0.0">
    <skipped/>
  </testcase>
  <testcase name="tearDown" classname="tests.AddFurnitureLeadTest" time="0.0">
    <skipped/>
  </testcase>
  <testcase name="tearDown" classname="tests.AddFurnitureLeadTest" time="0.0">
    <skipped/>
  </testcase>
  <testcase name="tearDown" classname="tests.AddFurnitureLeadTest" time="0.0">
    <skipped/>
  </testcase>
  <testcase name="tearDown" classname="tests.AddFurnitureLeadTest" time="0.0">
    <skipped/>
  </testcase>
  <testcase name="tearDown" classname="tests.AddFurnitureLeadTest" time="0.0">
    <skipped/>
  </testcase>
  <testcase name="tearDown" classname="tests.AddFurnitureLeadTest" time="0.0">
    <skipped/>
  </testcase>
  <testcase name="tearDown" classname="tests.AddFurnitureLeadTest" time="0.0">
    <skipped/>
  </testcase>
  <testcase name="tearDown" classname="tests.AddFurnitureLeadTest" time="0.0">
    <skipped/>
  </testcase>
  <testcase name="tearDown" classname="tests.AddFurnitureLeadTest" time="0.0">
    <skipped/>
  </testcase>
  <testcase name="tearDown" classname="tests.AddFurnitureLeadTest" time="0.0">
    <skipped/>
  </testcase>
  <testcase name="tearDown" classname="tests.AddFurnitureLeadTest" time="0.0">
    <skipped/>
  </testcase>
  <testcase name="tearDown" classname="tests.AddFurnitureLeadTest" time="0.0">
    <skipped/>
  </testcase>
  <testcase name="tearDown" classname="tests.AddFurnitureLeadTest" time="0.0">
    <skipped/>
  </testcase>
  <testcase name="tearDown" classname="tests.AddFurnitureLeadTest" time="0.0">
    <skipped/>
  </testcase>
  <testcase name="tearDown" classname="tests.AddFurnitureLeadTest" time="0.0">
    <skipped/>
  </testcase>
  <testcase name="tearDown" classname="tests.AddFurnitureLeadTest" time="0.0">
    <skipped/>
  </testcase>
  <testcase name="tearDown" classname="tests.AddFurnitureLeadTest" time="0.0">
    <skipped/>
  </testcase>
  <testcase name="tearDown" classname="tests.AddFurnitureLeadTest" time="0.0">
    <skipped/>
  </testcase>
  <testcase name="tearDown" classname="tests.AddFurnitureLeadTest" time="0.0">
    <skipped/>
  </testcase>
  <testcase name="tearDown" classname="tests.AddFurnitureLeadTest" time="0.0">
    <skipped/>
  </testcase>
  <testcase name="tearDown" classname="tests.AddFurnitureLeadTest" time="0.0">
    <skipped/>
  </testcase>
  <testcase name="tearDown" classname="tests.AddFurnitureLeadTest" time="0.0">
    <skipped/>
  </testcase>
  <testcase name="tearDown" classname="tests.AddFurnitureLeadTest" time="0.0">
    <skipped/>
  </testcase>
  <testcase name="tearDown" classname="tests.AddFurnitureLeadTest" time="0.0">
    <skipped/>
  </testcase>
  <testcase name="tearDown" classname="tests.AddFurnitureLeadTest" time="0.0">
    <skipped/>
  </testcase>
  <testcase name="tearDown" classname="tests.AddFurnitureLeadTest" time="0.0">
    <skipped/>
  </testcase>
  <testcase name="tearDown" classname="tests.AddFurnitureLeadTest" time="0.0">
    <skipped/>
  </testcase>
  <testcase name="tearDown" classname="tests.AddFurnitureLeadTest" time="0.0">
    <skipped/>
  </testcase>
  <testcase name="tearDown" classname="tests.AddFurnitureLeadTest" time="0.0">
    <skipped/>
  </testcase>
  <testcase name="tearDown" classname="tests.AddFurnitureLeadTest" time="0.0">
    <skipped/>
  </testcase>
  <testcase name="tearDown" classname="tests.AddFurnitureLeadTest" time="0.0">
    <skipped/>
  </testcase>
  <testcase name="tearDown" classname="tests.AddFurnitureLeadTest" time="0.0">
    <skipped/>
  </testcase>
  <testcase name="tearDown" classname="tests.AddFurnitureLeadTest" time="0.0">
    <skipped/>
  </testcase>
  <testcase name="tearDown" classname="tests.AddFurnitureLeadTest" time="0.0">
    <skipped/>
  </testcase>
  <testcase name="tearDown" classname="tests.AddFurnitureLeadTest" time="0.0">
    <skipped/>
  </testcase>
  <testcase name="tearDown" classname="tests.AddFurnitureLeadTest" time="0.0">
    <skipped/>
  </testcase>
  <testcase name="tearDown" classname="tests.AddFurnitureLeadTest" time="0.0">
    <skipped/>
  </testcase>
  <testcase name="tearDown" classname="tests.AddFurnitureLeadTest" time="0.0">
    <skipped/>
  </testcase>
  <testcase name="tearDown" classname="tests.AddFurnitureLeadTest" time="0.0">
    <skipped/>
  </testcase>
  <testcase name="tearDown" classname="tests.AddFurnitureLeadTest" time="0.0">
    <skipped/>
  </testcase>
  <testcase name="tearDown" classname="tests.AddFurnitureLeadTest" time="0.0">
    <skipped/>
  </testcase>
  <testcase name="tearDown" classname="tests.AddFurnitureLeadTest" time="0.0">
    <skipped/>
  </testcase>
  <testcase name="tearDown" classname="tests.AddFurnitureLeadTest" time="0.0">
    <skipped/>
  </testcase>
  <testcase name="tearDown" classname="tests.AddFurnitureLeadTest" time="0.0">
    <skipped/>
  </testcase>
  <testcase name="tearDown" classname="tests.AddFurnitureLeadTest" time="0.0">
    <skipped/>
  </testcase>
  <testcase name="tearDown" classname="tests.AddFurnitureLeadTest" time="0.0">
    <skipped/>
  </testcase>
  <testcase name="tearDown" classname="tests.AddFurnitureLeadTest" time="0.0">
    <skipped/>
  </testcase>
  <testcase name="tearDown" classname="tests.AddFurnitureLeadTest" time="0.0">
    <skipped/>
  </testcase>
  <testcase name="tearDown" classname="tests.AddFurnitureLeadTest" time="0.0">
    <skipped/>
  </testcase>
  <testcase name="tearDown" classname="tests.AddFurnitureLeadTest" time="0.0">
    <skipped/>
  </testcase>
  <testcase name="tearDown" classname="tests.AddFurnitureLeadTest" time="0.0">
    <skipped/>
  </testcase>
  <testcase name="tearDown" classname="tests.AddFurnitureLeadTest" time="0.0">
    <skipped/>
  </testcase>
  <testcase name="tearDown" classname="tests.AddFurnitureLeadTest" time="0.0">
    <skipped/>
  </testcase>
  <testcase name="tearDown" classname="tests.AddFurnitureLeadTest" time="0.0">
    <skipped/>
  </testcase>
  <testcase name="tearDown" classname="tests.AddFurnitureLeadTest" time="0.0">
    <skipped/>
  </testcase>
  <testcase name="tearDown" classname="tests.AddFurnitureLeadTest" time="0.0">
    <skipped/>
  </testcase>
  <testcase name="tearDown" classname="tests.AddFurnitureLeadTest" time="0.0">
    <skipped/>
  </testcase>
  <testcase name="tearDown" classname="tests.AddFurnitureLeadTest" time="0.0">
    <skipped/>
  </testcase>
  <testcase name="tearDown" classname="tests.AddFurnitureLeadTest" time="0.0">
    <skipped/>
  </testcase>
  <testcase name="tearDown" classname="tests.AddFurnitureLeadTest" time="0.0">
    <skipped/>
  </testcase>
  <testcase name="tearDown" classname="tests.AddFurnitureLeadTest" time="0.0">
    <skipped/>
  </testcase>
  <testcase name="tearDown" classname="tests.AddFurnitureLeadTest" time="0.0">
    <skipped/>
  </testcase>
  <testcase name="tearDown" classname="tests.AddFurnitureLeadTest" time="0.0">
    <skipped/>
  </testcase>
  <testcase name="tearDown" classname="tests.AddFurnitureLeadTest" time="0.0">
    <skipped/>
  </testcase>
  <testcase name="tearDown" classname="tests.AddFurnitureLeadTest" time="0.0">
    <skipped/>
  </testcase>
  <testcase name="tearDown" classname="tests.AddFurnitureLeadTest" time="0.0">
    <skipped/>
  </testcase>
  <testcase name="tearDown" classname="tests.AddFurnitureLeadTest" time="0.0">
    <skipped/>
  </testcase>
  <testcase name="tearDown" classname="tests.AddFurnitureLeadTest" time="0.0">
    <skipped/>
  </testcase>
  <testcase name="tearDown" classname="tests.AddFurnitureLeadTest" time="0.0">
    <skipped/>
  </testcase>
  <testcase name="tearDown" classname="tests.AddFurnitureLeadTest" time="0.0">
    <skipped/>
  </testcase>
  <testcase name="tearDown" classname="tests.AddFurnitureLeadTest" time="0.0">
    <skipped/>
  </testcase>
  <testcase name="tearDown" classname="tests.AddFurnitureLeadTest" time="0.0">
    <skipped/>
  </testcase>
  <testcase name="tearDown" classname="tests.AddFurnitureLeadTest" time="0.0">
    <skipped/>
  </testcase>
  <testcase name="tearDown" classname="tests.AddFurnitureLeadTest" time="0.0">
    <skipped/>
  </testcase>
  <testcase name="tearDown" classname="tests.AddFurnitureLeadTest" time="0.0">
    <skipped/>
  </testcase>
  <testcase name="tearDown" classname="tests.AddFurnitureLeadTest" time="0.0">
    <skipped/>
  </testcase>
  <testcase name="tearDown" classname="tests.AddFurnitureLeadTest" time="0.0">
    <skipped/>
  </testcase>
  <testcase name="tearDown" classname="tests.AddFurnitureLeadTest" time="0.0">
    <skipped/>
  </testcase>
  <testcase name="tearDown" classname="tests.AddFurnitureLeadTest" time="0.0">
    <skipped/>
  </testcase>
  <testcase name="tearDown" classname="tests.AddFurnitureLeadTest" time="0.0">
    <skipped/>
  </testcase>
  <testcase name="tearDown" classname="tests.AddFurnitureLeadTest" time="0.0">
    <skipped/>
  </testcase>
  <testcase name="tearDown" classname="tests.AddFurnitureLeadTest" time="0.0">
    <skipped/>
  </testcase>
  <testcase name="tearDown" classname="tests.AddFurnitureLeadTest" time="0.0">
    <skipped/>
  </testcase>
  <testcase name="tearDown" classname="tests.AddFurnitureLeadTest" time="0.0">
    <skipped/>
  </testcase>
  <testcase name="tearDown" classname="tests.AddFurnitureLeadTest" time="0.0">
    <skipped/>
  </testcase>
  <testcase name="tearDown" classname="tests.AddFurnitureLeadTest" time="0.0">
    <skipped/>
  </testcase>
  <testcase name="tearDown" classname="tests.AddFurnitureLeadTest" time="0.0">
    <skipped/>
  </testcase>
  <testcase name="tearDown" classname="tests.AddFurnitureLeadTest" time="0.0">
    <skipped/>
  </testcase>
  <testcase name="tearDown" classname="tests.AddFurnitureLeadTest" time="0.0">
    <skipped/>
  </testcase>
  <testcase name="tearDown" classname="tests.AddFurnitureLeadTest" time="0.0">
    <skipped/>
  </testcase>
  <testcase name="tearDown" classname="tests.AddFurnitureLeadTest" time="0.0">
    <skipped/>
  </testcase>
  <testcase name="tearDown" classname="tests.AddFurnitureLeadTest" time="0.0">
    <skipped/>
  </testcase>
  <testcase name="tearDown" classname="tests.AddFurnitureLeadTest" time="0.0">
    <skipped/>
  </testcase>
  <testcase name="tearDown" classname="tests.AddFurnitureLeadTest" time="0.0">
    <skipped/>
  </testcase>
  <testcase name="tearDown" classname="tests.AddFurnitureLeadTest" time="0.0">
    <skipped/>
  </testcase>
  <testcase name="tearDown" classname="tests.AddFurnitureLeadTest" time="0.0">
    <skipped/>
  </testcase>
  <testcase name="tearDown" classname="tests.AddFurnitureLeadTest" time="0.0">
    <skipped/>
  </testcase>
  <testcase name="tearDown" classname="tests.AddFurnitureLeadTest" time="0.0">
    <skipped/>
  </testcase>
  <testcase name="tearDown" classname="tests.AddFurnitureLeadTest" time="0.0">
    <skipped/>
  </testcase>
  <testcase name="tearDown" classname="tests.AddFurnitureLeadTest" time="0.0">
    <skipped/>
  </testcase>
  <testcase name="tearDown" classname="tests.AddFurnitureLeadTest" time="0.0">
    <skipped/>
  </testcase>
  <testcase name="tearDown" classname="tests.AddFurnitureLeadTest" time="0.0">
    <skipped/>
  </testcase>
  <testcase name="tearDown" classname="tests.AddFurnitureLeadTest" time="0.0">
    <skipped/>
  </testcase>
  <testcase name="tearDown" classname="tests.AddFurnitureLeadTest" time="0.0">
    <skipped/>
  </testcase>
  <testcase name="tearDown" classname="tests.AddFurnitureLeadTest" time="0.0">
    <skipped/>
  </testcase>
  <testcase name="tearDown" classname="tests.AddFurnitureLeadTest" time="0.0">
    <skipped/>
  </testcase>
  <testcase name="tearDown" classname="tests.AddFurnitureLeadTest" time="0.0">
    <skipped/>
  </testcase>
  <testcase name="tearDown" classname="tests.AddFurnitureLeadTest" time="0.0">
    <skipped/>
  </testcase>
  <testcase name="tearDown" classname="tests.AddFurnitureLeadTest" time="0.0">
    <skipped/>
  </testcase>
  <testcase name="tearDown" classname="tests.AddFurnitureLeadTest" time="0.0">
    <skipped/>
  </testcase>
  <testcase name="tearDown" classname="tests.AddFurnitureLeadTest" time="0.0">
    <skipped/>
  </testcase>
  <testcase name="tearDown" classname="tests.AddFurnitureLeadTest" time="0.0">
    <skipped/>
  </testcase>
  <testcase name="tearDown" classname="tests.AddFurnitureLeadTest" time="0.0">
    <skipped/>
  </testcase>
  <testcase name="tearDown" classname="tests.AddFurnitureLeadTest" time="0.0">
    <skipped/>
  </testcase>
  <testcase name="tearDown" classname="tests.AddFurnitureLeadTest" time="0.0">
    <skipped/>
  </testcase>
  <testcase name="tearDown" classname="tests.AddFurnitureLeadTest" time="0.0">
    <skipped/>
  </testcase>
  <testcase name="tearDown" classname="tests.AddFurnitureLeadTest" time="0.0">
    <skipped/>
  </testcase>
  <testcase name="tearDown" classname="tests.AddFurnitureLeadTest" time="0.0">
    <skipped/>
  </testcase>
  <testcase name="tearDown" classname="tests.AddFurnitureLeadTest" time="0.0">
    <skipped/>
  </testcase>
  <testcase name="tearDown" classname="tests.AddFurnitureLeadTest" time="0.0">
    <skipped/>
  </testcase>
  <testcase name="tearDown" classname="tests.AddFurnitureLeadTest" time="0.0">
    <skipped/>
  </testcase>
  <testcase name="tearDown" classname="tests.AddFurnitureLeadTest" time="0.0">
    <skipped/>
  </testcase>
  <testcase name="tearDown" classname="tests.AddFurnitureLeadTest" time="0.0">
    <skipped/>
  </testcase>
  <testcase name="tearDown" classname="tests.AddFurnitureLeadTest" time="0.0">
    <skipped/>
  </testcase>
  <testcase name="tearDown" classname="tests.AddFurnitureLeadTest" time="0.0">
    <skipped/>
  </testcase>
  <testcase name="tearDown" classname="tests.AddFurnitureLeadTest" time="0.0">
    <skipped/>
  </testcase>
  <testcase name="tearDown" classname="tests.AddFurnitureLeadTest" time="0.0">
    <skipped/>
  </testcase>
  <testcase name="tearDown" classname="tests.AddFurnitureLeadTest" time="0.0">
    <skipped/>
  </testcase>
  <testcase name="tearDown" classname="tests.AddFurnitureLeadTest" time="0.0">
    <skipped/>
  </testcase>
  <testcase name="tearDown" classname="tests.AddFurnitureLeadTest" time="0.0">
    <skipped/>
  </testcase>
  <testcase name="tearDown" classname="tests.AddFurnitureLeadTest" time="0.0">
    <skipped/>
  </testcase>
  <testcase name="tearDown" classname="tests.AddFurnitureLeadTest" time="0.0">
    <skipped/>
  </testcase>
  <testcase name="tearDown" classname="tests.AddFurnitureLeadTest" time="0.0">
    <skipped/>
  </testcase>
  <testcase name="tearDown" classname="tests.AddFurnitureLeadTest" time="0.0">
    <skipped/>
  </testcase>
  <testcase name="tearDown" classname="tests.AddFurnitureLeadTest" time="0.0">
    <skipped/>
  </testcase>
  <testcase name="tearDown" classname="tests.AddFurnitureLeadTest" time="0.0">
    <skipped/>
  </testcase>
  <testcase name="tearDown" classname="tests.AddFurnitureLeadTest" time="0.0">
    <skipped/>
  </testcase>
  <testcase name="tearDown" classname="tests.AddFurnitureLeadTest" time="0.0">
    <skipped/>
  </testcase>
  <testcase name="tearDown" classname="tests.AddFurnitureLeadTest" time="0.0">
    <skipped/>
  </testcase>
  <testcase name="tearDown" classname="tests.AddFurnitureLeadTest" time="0.0">
    <skipped/>
  </testcase>
  <testcase name="tearDown" classname="tests.AddFurnitureLeadTest" time="0.0">
    <skipped/>
  </testcase>
  <testcase name="tearDown" classname="tests.AddFurnitureLeadTest" time="0.0">
    <skipped/>
  </testcase>
  <testcase name="tearDown" classname="tests.AddFurnitureLeadTest" time="0.0">
    <skipped/>
  </testcase>
  <testcase name="tearDown" classname="tests.AddFurnitureLeadTest" time="0.0">
    <skipped/>
  </testcase>
  <testcase name="tearDown" classname="tests.AddFurnitureLeadTest" time="0.0">
    <skipped/>
  </testcase>
  <testcase name="tearDown" classname="tests.AddFurnitureLeadTest" time="0.0">
    <skipped/>
  </testcase>
  <testcase name="tearDown" classname="tests.AddFurnitureLeadTest" time="0.0">
    <skipped/>
  </testcase>
  <testcase name="tearDown" classname="tests.AddFurnitureLeadTest" time="0.0">
    <skipped/>
  </testcase>
  <testcase name="tearDown" classname="tests.AddFurnitureLeadTest" time="0.0">
    <skipped/>
  </testcase>
  <testcase name="tearDown" classname="tests.AddFurnitureLeadTest" time="0.0">
    <skipped/>
  </testcase>
  <testcase name="tearDown" classname="tests.AddFurnitureLeadTest" time="0.0">
    <skipped/>
  </testcase>
  <testcase name="tearDown" classname="tests.AddFurnitureLeadTest" time="0.0">
    <skipped/>
  </testcase>
  <testcase name="tearDown" classname="tests.AddFurnitureLeadTest" time="0.0">
    <skipped/>
  </testcase>
  <testcase name="tearDown" classname="tests.AddFurnitureLeadTest" time="0.0">
    <skipped/>
  </testcase>
  <testcase name="tearDown" classname="tests.AddFurnitureLeadTest" time="0.0">
    <skipped/>
  </testcase>
  <testcase name="tearDown" classname="tests.AddFurnitureLeadTest" time="0.0">
    <skipped/>
  </testcase>
  <testcase name="tearDown" classname="tests.AddFurnitureLeadTest" time="0.0">
    <skipped/>
  </testcase>
  <testcase name="tearDown" classname="tests.AddFurnitureLeadTest" time="0.0">
    <skipped/>
  </testcase>
  <testcase name="tearDown" classname="tests.AddFurnitureLeadTest" time="0.0">
    <skipped/>
  </testcase>
  <testcase name="tearDown" classname="tests.AddFurnitureLeadTest" time="0.0">
    <skipped/>
  </testcase>
  <testcase name="tearDown" classname="tests.AddFurnitureLeadTest" time="0.0">
    <skipped/>
  </testcase>
  <testcase name="tearDown" classname="tests.AddFurnitureLeadTest" time="0.0">
    <skipped/>
  </testcase>
  <testcase name="tearDown" classname="tests.AddFurnitureLeadTest" time="0.0">
    <skipped/>
  </testcase>
  <testcase name="tearDown" classname="tests.AddFurnitureLeadTest" time="0.0">
    <skipped/>
  </testcase>
  <testcase name="tearDown" classname="tests.AddFurnitureLeadTest" time="0.0">
    <skipped/>
  </testcase>
  <testcase name="tearDown" classname="tests.AddFurnitureLeadTest" time="0.0">
    <skipped/>
  </testcase>
  <testcase name="tearDown" classname="tests.AddFurnitureLeadTest" time="0.0">
    <skipped/>
  </testcase>
  <testcase name="tearDown" classname="tests.AddFurnitureLeadTest" time="0.0">
    <skipped/>
  </testcase>
  <testcase name="tearDown" classname="tests.AddFurnitureLeadTest" time="0.0">
    <skipped/>
  </testcase>
  <testcase name="tearDown" classname="tests.AddFurnitureLeadTest" time="0.0">
    <skipped/>
  </testcase>
  <testcase name="tearDown" classname="tests.AddFurnitureLeadTest" time="0.0">
    <skipped/>
  </testcase>
  <testcase name="tearDown" classname="tests.AddFurnitureLeadTest" time="0.0">
    <skipped/>
  </testcase>
  <testcase name="tearDown" classname="tests.AddFurnitureLeadTest" time="0.0">
    <skipped/>
  </testcase>
  <testcase name="tearDown" classname="tests.AddFurnitureLeadTest" time="0.0">
    <skipped/>
  </testcase>
  <testcase name="tearDown" classname="tests.AddFurnitureLeadTest" time="0.0">
    <skipped/>
  </testcase>
  <testcase name="tearDown" classname="tests.AddFurnitureLeadTest" time="0.0">
    <skipped/>
  </testcase>
  <testcase name="tearDown" classname="tests.AddFurnitureLeadTest" time="0.0">
    <skipped/>
  </testcase>
  <testcase name="tearDown" classname="tests.AddFurnitureLeadTest" time="0.0">
    <skipped/>
  </testcase>
  <testcase name="tearDown" classname="tests.AddFurnitureLeadTest" time="0.0">
    <skipped/>
  </testcase>
  <testcase name="tearDown" classname="tests.AddFurnitureLeadTest" time="0.0">
    <skipped/>
  </testcase>
  <testcase name="tearDown" classname="tests.AddFurnitureLeadTest" time="0.0">
    <skipped/>
  </testcase>
  <testcase name="tearDown" classname="tests.AddFurnitureLeadTest" time="0.0">
    <skipped/>
  </testcase>
  <testcase name="tearDown" classname="tests.AddFurnitureLeadTest" time="0.0">
    <skipped/>
  </testcase>
  <testcase name="tearDown" classname="tests.AddFurnitureLeadTest" time="0.0">
    <skipped/>
  </testcase>
  <testcase name="tearDown" classname="tests.AddFurnitureLeadTest" time="0.0">
    <skipped/>
  </testcase>
  <testcase name="tearDown" classname="tests.AddFurnitureLeadTest" time="0.0">
    <skipped/>
  </testcase>
  <testcase name="tearDown" classname="tests.AddFurnitureLeadTest" time="0.0">
    <skipped/>
  </testcase>
  <testcase name="tearDown" classname="tests.AddFurnitureLeadTest" time="0.0">
    <skipped/>
  </testcase>
  <testcase name="tearDown" classname="tests.AddFurnitureLeadTest" time="0.0">
    <skipped/>
  </testcase>
  <testcase name="tearDown" classname="tests.AddFurnitureLeadTest" time="0.0">
    <skipped/>
  </testcase>
  <testcase name="tearDown" classname="tests.AddFurnitureLeadTest" time="0.0">
    <skipped/>
  </testcase>
  <testcase name="tearDown" classname="tests.AddFurnitureLeadTest" time="0.0">
    <skipped/>
  </testcase>
  <testcase name="tearDown" classname="tests.AddFurnitureLeadTest" time="0.0">
    <skipped/>
  </testcase>
  <testcase name="tearDown" classname="tests.AddFurnitureLeadTest" time="0.0">
    <skipped/>
  </testcase>
  <testcase name="tearDown" classname="tests.AddFurnitureLeadTest" time="0.0">
    <skipped/>
  </testcase>
  <testcase name="tearDown" classname="tests.AddFurnitureLeadTest" time="0.0">
    <skipped/>
  </testcase>
  <testcase name="tearDown" classname="tests.AddFurnitureLeadTest" time="0.0">
    <skipped/>
  </testcase>
  <testcase name="tearDown" classname="tests.AddFurnitureLeadTest" time="0.0">
    <skipped/>
  </testcase>
  <testcase name="tearDown" classname="tests.AddFurnitureLeadTest" time="0.0">
    <skipped/>
  </testcase>
  <testcase name="tearDown" classname="tests.AddFurnitureLeadTest" time="0.0">
    <skipped/>
  </testcase>
  <testcase name="tearDown" classname="tests.AddFurnitureLeadTest" time="0.0">
    <skipped/>
  </testcase>
  <testcase name="tearDown" classname="tests.AddFurnitureLeadTest" time="0.0">
    <skipped/>
  </testcase>
  <testcase name="tearDown" classname="tests.AddFurnitureLeadTest" time="0.0">
    <skipped/>
  </testcase>
  <testcase name="tearDown" classname="tests.AddFurnitureLeadTest" time="0.0">
    <skipped/>
  </testcase>
  <testcase name="tearDown" classname="tests.AddFurnitureLeadTest" time="0.0">
    <skipped/>
  </testcase>
  <testcase name="tearDown" classname="tests.AddFurnitureLeadTest" time="0.0">
    <skipped/>
  </testcase>
  <testcase name="tearDown" classname="tests.AddFurnitureLeadTest" time="0.0">
    <skipped/>
  </testcase>
  <testcase name="tearDown" classname="tests.AddFurnitureLeadTest" time="0.0">
    <skipped/>
  </testcase>
  <testcase name="tearDown" classname="tests.AddFurnitureLeadTest" time="0.0">
    <skipped/>
  </testcase>
  <testcase name="tearDown" classname="tests.AddFurnitureLeadTest" time="0.0">
    <skipped/>
  </testcase>
  <testcase name="tearDown" classname="tests.AddFurnitureLeadTest" time="0.0">
    <skipped/>
  </testcase>
  <testcase name="tearDown" classname="tests.AddFurnitureLeadTest" time="0.0">
    <skipped/>
  </testcase>
  <testcase name="tearDown" classname="tests.AddFurnitureLeadTest" time="0.0">
    <skipped/>
  </testcase>
  <testcase name="tearDown" classname="tests.AddFurnitureLeadTest" time="0.0">
    <skipped/>
  </testcase>
  <testcase name="tearDown" classname="tests.AddFurnitureLeadTest" time="0.0">
    <skipped/>
  </testcase>
  <testcase name="tearDown" classname="tests.AddFurnitureLeadTest" time="0.0">
    <skipped/>
  </testcase>
  <testcase name="tearDown" classname="tests.AddFurnitureLeadTest" time="0.0">
    <skipped/>
  </testcase>
  <testcase name="tearDown" classname="tests.AddFurnitureLeadTest" time="0.0">
    <skipped/>
  </testcase>
  <testcase name="tearDown" classname="tests.AddFurnitureLeadTest" time="0.0">
    <skipped/>
  </testcase>
  <testcase name="tearDown" classname="tests.AddFurnitureLeadTest" time="0.0">
    <skipped/>
  </testcase>
  <testcase name="tearDown" classname="tests.AddFurnitureLeadTest" time="0.0">
    <skipped/>
  </testcase>
  <testcase name="tearDown" classname="tests.AddFurnitureLeadTest" time="0.0">
    <skipped/>
  </testcase>
  <testcase name="tearDown" classname="tests.AddFurnitureLeadTest" time="0.0">
    <skipped/>
  </testcase>
  <testcase name="tearDown" classname="tests.AddFurnitureLeadTest" time="0.0">
    <skipped/>
  </testcase>
  <testcase name="tearDown" classname="tests.AddFurnitureLeadTest" time="0.0">
    <skipped/>
  </testcase>
  <testcase name="tearDown" classname="tests.AddFurnitureLeadTest" time="0.0">
    <skipped/>
  </testcase>
  <testcase name="tearDown" classname="tests.AddFurnitureLeadTest" time="0.0">
    <skipped/>
  </testcase>
  <testcase name="tearDown" classname="tests.AddFurnitureLeadTest" time="0.0">
    <skipped/>
  </testcase>
  <testcase name="tearDown" classname="tests.AddFurnitureLeadTest" time="0.0">
    <skipped/>
  </testcase>
  <testcase name="tearDown" classname="tests.AddFurnitureLeadTest" time="0.0">
    <skipped/>
  </testcase>
  <testcase name="tearDown" classname="tests.AddFurnitureLeadTest" time="0.0">
    <skipped/>
  </testcase>
  <testcase name="tearDown" classname="tests.AddFurnitureLeadTest" time="0.0">
    <skipped/>
  </testcase>
  <testcase name="tearDown" classname="tests.AddFurnitureLeadTest" time="0.0">
    <skipped/>
  </testcase>
  <testcase name="tearDown" classname="tests.AddFurnitureLeadTest" time="0.0">
    <skipped/>
  </testcase>
  <testcase name="tearDown" classname="tests.AddFurnitureLeadTest" time="0.0">
    <skipped/>
  </testcase>
  <testcase name="tearDown" classname="tests.AddFurnitureLeadTest" time="0.0">
    <skipped/>
  </testcase>
  <testcase name="tearDown" classname="tests.AddFurnitureLeadTest" time="0.0">
    <skipped/>
  </testcase>
  <testcase name="tearDown" classname="tests.AddFurnitureLeadTest" time="0.0">
    <skipped/>
  </testcase>
  <testcase name="tearDown" classname="tests.AddFurnitureLeadTest" time="0.0">
    <skipped/>
  </testcase>
  <testcase name="tearDown" classname="tests.AddFurnitureLeadTest" time="0.0">
    <skipped/>
  </testcase>
  <testcase name="tearDown" classname="tests.AddFurnitureLeadTest" time="0.0">
    <skipped/>
  </testcase>
  <testcase name="tearDown" classname="tests.AddFurnitureLeadTest" time="0.0">
    <skipped/>
  </testcase>
  <testcase name="tearDown" classname="tests.AddFurnitureLeadTest" time="0.0">
    <skipped/>
  </testcase>
  <testcase name="tearDown" classname="tests.AddFurnitureLeadTest" time="0.0">
    <skipped/>
  </testcase>
  <testcase name="tearDown" classname="tests.AddFurnitureLeadTest" time="0.0">
    <skipped/>
  </testcase>
  <testcase name="tearDown" classname="tests.AddFurnitureLeadTest" time="0.0">
    <skipped/>
  </testcase>
  <testcase name="tearDown" classname="tests.AddFurnitureLeadTest" time="0.0">
    <skipped/>
  </testcase>
  <testcase name="tearDown" classname="tests.AddFurnitureLeadTest" time="0.0">
    <skipped/>
  </testcase>
  <testcase name="tearDown" classname="tests.AddFurnitureLeadTest" time="0.0">
    <skipped/>
  </testcase>
  <testcase name="tearDown" classname="tests.AddFurnitureLeadTest" time="0.0">
    <skipped/>
  </testcase>
  <testcase name="tearDown" classname="tests.AddFurnitureLeadTest" time="0.0">
    <skipped/>
  </testcase>
  <testcase name="tearDown" classname="tests.AddFurnitureLeadTest" time="0.0">
    <skipped/>
  </testcase>
  <testcase name="tearDown" classname="tests.AddFurnitureLeadTest" time="0.0">
    <skipped/>
  </testcase>
  <testcase name="tearDown" classname="tests.AddFurnitureLeadTest" time="0.0">
    <skipped/>
  </testcase>
  <testcase name="tearDown" classname="tests.AddFurnitureLeadTest" time="0.0">
    <skipped/>
  </testcase>
  <testcase name="tearDown" classname="tests.AddFurnitureLeadTest" time="0.0">
    <skipped/>
  </testcase>
  <testcase name="tearDown" classname="tests.AddFurnitureLeadTest" time="0.0">
    <skipped/>
  </testcase>
  <testcase name="tearDown" classname="tests.AddFurnitureLeadTest" time="0.0">
    <skipped/>
  </testcase>
  <testcase name="tearDown" classname="tests.AddFurnitureLeadTest" time="0.0">
    <skipped/>
  </testcase>
  <testcase name="tearDown" classname="tests.AddFurnitureLeadTest" time="0.0">
    <skipped/>
  </testcase>
  <testcase name="tearDown" classname="tests.AddFurnitureLeadTest" time="0.0">
    <skipped/>
  </testcase>
  <testcase name="tearDown" classname="tests.AddFurnitureLeadTest" time="0.0">
    <skipped/>
  </testcase>
  <testcase name="tearDown" classname="tests.AddFurnitureLeadTest" time="0.0">
    <skipped/>
  </testcase>
  <testcase name="tearDown" classname="tests.AddFurnitureLeadTest" time="0.0">
    <skipped/>
  </testcase>
  <testcase name="tearDown" classname="tests.AddFurnitureLeadTest" time="0.0">
    <skipped/>
  </testcase>
  <testcase name="tearDown" classname="tests.AddFurnitureLeadTest" time="0.0">
    <skipped/>
  </testcase>
  <testcase name="tearDown" classname="tests.AddFurnitureLeadTest" time="0.0">
    <skipped/>
  </testcase>
  <testcase name="tearDown" classname="tests.AddFurnitureLeadTest" time="0.0">
    <skipped/>
  </testcase>
  <testcase name="tearDown" classname="tests.AddFurnitureLeadTest" time="0.0">
    <skipped/>
  </testcase>
  <testcase name="tearDown" classname="tests.AddFurnitureLeadTest" time="0.0">
    <skipped/>
  </testcase>
  <testcase name="tearDown" classname="tests.AddFurnitureLeadTest" time="0.0">
    <skipped/>
  </testcase>
  <testcase name="tearDown" classname="tests.AddFurnitureLeadTest" time="0.0">
    <skipped/>
  </testcase>
  <testcase name="tearDown" classname="tests.AddFurnitureLeadTest" time="0.0">
    <skipped/>
  </testcase>
  <testcase name="tearDown" classname="tests.AddFurnitureLeadTest" time="0.0">
    <skipped/>
  </testcase>
  <testcase name="tearDown" classname="tests.AddFurnitureLeadTest" time="0.0">
    <skipped/>
  </testcase>
  <testcase name="tearDown" classname="tests.AddFurnitureLeadTest" time="0.0">
    <skipped/>
  </testcase>
  <testcase name="tearDown" classname="tests.AddFurnitureLeadTest" time="0.0">
    <skipped/>
  </testcase>
  <testcase name="tearDown" classname="tests.AddFurnitureLeadTest" time="0.0">
    <skipped/>
  </testcase>
  <testcase name="tearDown" classname="tests.AddFurnitureLeadTest" time="0.0">
    <skipped/>
  </testcase>
  <testcase name="tearDown" classname="tests.AddFurnitureLeadTest" time="0.0">
    <skipped/>
  </testcase>
  <testcase name="tearDown" classname="tests.AddFurnitureLeadTest" time="0.0">
    <skipped/>
  </testcase>
  <testcase name="tearDown" classname="tests.AddFurnitureLeadTest" time="0.0">
    <skipped/>
  </testcase>
  <testcase name="tearDown" classname="tests.AddFurnitureLeadTest" time="0.0">
    <skipped/>
  </testcase>
  <testcase name="tearDown" classname="tests.AddFurnitureLeadTest" time="0.0">
    <skipped/>
  </testcase>
  <testcase name="tearDown" classname="tests.AddFurnitureLeadTest" time="0.0">
    <skipped/>
  </testcase>
  <testcase name="tearDown" classname="tests.AddFurnitureLeadTest" time="0.0">
    <skipped/>
  </testcase>
  <testcase name="tearDown" classname="tests.AddFurnitureLeadTest" time="0.0">
    <skipped/>
  </testcase>
  <testcase name="tearDown" classname="tests.AddFurnitureLeadTest" time="0.0">
    <skipped/>
  </testcase>
  <testcase name="tearDown" classname="tests.AddFurnitureLeadTest" time="0.0">
    <skipped/>
  </testcase>
  <testcase name="tearDown" classname="tests.AddFurnitureLeadTest" time="0.0">
    <skipped/>
  </testcase>
  <testcase name="tearDown" classname="tests.AddFurnitureLeadTest" time="0.0">
    <skipped/>
  </testcase>
  <testcase name="tearDown" classname="tests.AddFurnitureLeadTest" time="0.0">
    <skipped/>
  </testcase>
  <testcase name="tearDown" classname="tests.AddFurnitureLeadTest" time="0.0">
    <skipped/>
  </testcase>
  <testcase name="tearDown" classname="tests.AddFurnitureLeadTest" time="0.0">
    <skipped/>
  </testcase>
  <testcase name="tearDown" classname="tests.AddFurnitureLeadTest" time="0.0">
    <skipped/>
  </testcase>
  <testcase name="tearDown" classname="tests.AddFurnitureLeadTest" time="0.0">
    <skipped/>
  </testcase>
  <testcase name="tearDown" classname="tests.AddFurnitureLeadTest" time="0.0">
    <skipped/>
  </testcase>
  <testcase name="tearDown" classname="tests.AddFurnitureLeadTest" time="0.0">
    <skipped/>
  </testcase>
  <testcase name="tearDown" classname="tests.AddFurnitureLeadTest" time="0.0">
    <skipped/>
  </testcase>
  <testcase name="tearDown" classname="tests.AddFurnitureLeadTest" time="0.0">
    <skipped/>
  </testcase>
  <testcase name="tearDown" classname="tests.AddFurnitureLeadTest" time="0.0">
    <skipped/>
  </testcase>
  <testcase name="tearDown" classname="tests.AddFurnitureLeadTest" time="0.0">
    <skipped/>
  </testcase>
  <testcase name="tearDown" classname="tests.AddFurnitureLeadTest" time="0.0">
    <skipped/>
  </testcase>
  <testcase name="tearDown" classname="tests.AddFurnitureLeadTest" time="0.0">
    <skipped/>
  </testcase>
  <testcase name="tearDown" classname="tests.AddFurnitureLeadTest" time="0.0">
    <skipped/>
  </testcase>
  <testcase name="tearDown" classname="tests.AddFurnitureLeadTest" time="0.0">
    <skipped/>
  </testcase>
  <testcase name="tearDown" classname="tests.AddFurnitureLeadTest" time="0.0">
    <skipped/>
  </testcase>
  <testcase name="tearDown" classname="tests.AddFurnitureLeadTest" time="0.0">
    <skipped/>
  </testcase>
  <testcase name="tearDown" classname="tests.AddFurnitureLeadTest" time="0.0">
    <skipped/>
  </testcase>
  <testcase name="tearDown" classname="tests.AddFurnitureLeadTest" time="0.0">
    <skipped/>
  </testcase>
  <testcase name="tearDown" classname="tests.AddFurnitureLeadTest" time="0.0">
    <skipped/>
  </testcase>
  <testcase name="tearDown" classname="tests.AddFurnitureLeadTest" time="0.0">
    <skipped/>
  </testcase>
  <testcase name="tearDown" classname="tests.AddFurnitureLeadTest" time="0.0">
    <skipped/>
  </testcase>
  <testcase name="tearDown" classname="tests.AddFurnitureLeadTest" time="0.0">
    <skipped/>
  </testcase>
  <testcase name="tearDown" classname="tests.AddFurnitureLeadTest" time="0.0">
    <skipped/>
  </testcase>
  <testcase name="tearDown" classname="tests.AddFurnitureLeadTest" time="0.0">
    <skipped/>
  </testcase>
  <testcase name="tearDown" classname="tests.AddFurnitureLeadTest" time="0.0">
    <skipped/>
  </testcase>
  <testcase name="tearDown" classname="tests.AddFurnitureLeadTest" time="0.0">
    <skipped/>
  </testcase>
  <testcase name="tearDown" classname="tests.AddFurnitureLeadTest" time="0.0">
    <skipped/>
  </testcase>
  <testcase name="tearDown" classname="tests.AddFurnitureLeadTest" time="0.0">
    <skipped/>
  </testcase>
  <testcase name="tearDown" classname="tests.AddFurnitureLeadTest" time="0.0">
    <skipped/>
  </testcase>
  <testcase name="tearDown" classname="tests.AddFurnitureLeadTest" time="0.0">
    <skipped/>
  </testcase>
  <testcase name="tearDown" classname="tests.AddFurnitureLeadTest" time="0.0">
    <skipped/>
  </testcase>
  <testcase name="tearDown" classname="tests.AddFurnitureLeadTest" time="0.0">
    <skipped/>
  </testcase>
  <testcase name="tearDown" classname="tests.AddFurnitureLeadTest" time="0.0">
    <skipped/>
  </testcase>
  <testcase name="tearDown" classname="tests.AddFurnitureLeadTest" time="0.0">
    <skipped/>
  </testcase>
  <testcase name="tearDown" classname="tests.AddFurnitureLeadTest" time="0.0">
    <skipped/>
  </testcase>
  <testcase name="tearDown" classname="tests.AddFurnitureLeadTest" time="0.0">
    <skipped/>
  </testcase>
  <testcase name="tearDown" classname="tests.AddFurnitureLeadTest" time="0.0">
    <skipped/>
  </testcase>
  <testcase name="tearDown" classname="tests.AddFurnitureLeadTest" time="0.0">
    <skipped/>
  </testcase>
  <testcase name="tearDown" classname="tests.AddFurnitureLeadTest" time="0.0">
    <skipped/>
  </testcase>
  <testcase name="tearDown" classname="tests.AddFurnitureLeadTest" time="0.0">
    <skipped/>
  </testcase>
  <testcase name="tearDown" classname="tests.AddFurnitureLeadTest" time="0.0">
    <skipped/>
  </testcase>
  <testcase name="tearDown" classname="tests.AddFurnitureLeadTest" time="0.0">
    <skipped/>
  </testcase>
  <testcase name="tearDown" classname="tests.AddFurnitureLeadTest" time="0.0">
    <skipped/>
  </testcase>
  <testcase name="tearDown" classname="tests.AddFurnitureLeadTest" time="0.0">
    <skipped/>
  </testcase>
  <testcase name="tearDown" classname="tests.AddFurnitureLeadTest" time="0.0">
    <skipped/>
  </testcase>
  <testcase name="tearDown" classname="tests.AddFurnitureLeadTest" time="0.0">
    <skipped/>
  </testcase>
  <testcase name="tearDown" classname="tests.AddFurnitureLeadTest" time="0.0">
    <skipped/>
  </testcase>
  <testcase name="tearDown" classname="tests.AddFurnitureLeadTest" time="0.0">
    <skipped/>
  </testcase>
  <testcase name="tearDown" classname="tests.AddFurnitureLeadTest" time="0.0">
    <skipped/>
  </testcase>
  <testcase name="tearDown" classname="tests.AddFurnitureLeadTest" time="0.0">
    <skipped/>
  </testcase>
  <testcase name="tearDown" classname="tests.AddFurnitureLeadTest" time="0.0">
    <skipped/>
  </testcase>
  <testcase name="tearDown" classname="tests.AddFurnitureLeadTest" time="0.0">
    <skipped/>
  </testcase>
  <testcase name="tearDown" classname="tests.AddFurnitureLeadTest" time="0.0">
    <skipped/>
  </testcase>
  <testcase name="tearDown" classname="tests.AddFurnitureLeadTest" time="0.0">
    <skipped/>
  </testcase>
  <testcase name="tearDown" classname="tests.AddFurnitureLeadTest" time="0.0">
    <skipped/>
  </testcase>
  <testcase name="tearDown" classname="tests.AddFurnitureLeadTest" time="0.0">
    <skipped/>
  </testcase>
  <testcase name="tearDown" classname="tests.AddFurnitureLeadTest" time="0.0">
    <skipped/>
  </testcase>
  <testcase name="tearDown" classname="tests.AddFurnitureLeadTest" time="0.0">
    <skipped/>
  </testcase>
  <testcase name="tearDown" classname="tests.AddFurnitureLeadTest" time="0.0">
    <skipped/>
  </testcase>
  <testcase name="tearDown" classname="tests.AddFurnitureLeadTest" time="0.0">
    <skipped/>
  </testcase>
  <testcase name="tearDown" classname="tests.AddFurnitureLeadTest" time="0.0">
    <skipped/>
  </testcase>
  <testcase name="tearDown" classname="tests.AddFurnitureLeadTest" time="0.0">
    <skipped/>
  </testcase>
  <testcase name="tearDown" classname="tests.AddFurnitureLeadTest" time="0.0">
    <skipped/>
  </testcase>
  <testcase name="tearDown" classname="tests.AddFurnitureLeadTest" time="0.0">
    <skipped/>
  </testcase>
  <testcase name="tearDown" classname="tests.AddFurnitureLeadTest" time="0.0">
    <skipped/>
  </testcase>
  <testcase name="tearDown" classname="tests.AddFurnitureLeadTest" time="0.0">
    <skipped/>
  </testcase>
  <testcase name="tearDown" classname="tests.AddFurnitureLeadTest" time="0.0">
    <skipped/>
  </testcase>
  <testcase name="tearDown" classname="tests.AddFurnitureLeadTest" time="0.0">
    <skipped/>
  </testcase>
  <testcase name="tearDown" classname="tests.AddFurnitureLeadTest" time="0.0">
    <skipped/>
  </testcase>
  <testcase name="tearDown" classname="tests.AddFurnitureLeadTest" time="0.0">
    <skipped/>
  </testcase>
  <testcase name="tearDown" classname="tests.AddFurnitureLeadTest" time="0.0">
    <skipped/>
  </testcase>
  <testcase name="tearDown" classname="tests.AddFurnitureLeadTest" time="0.0">
    <skipped/>
  </testcase>
  <testcase name="tearDown" classname="tests.AddFurnitureLeadTest" time="0.0">
    <skipped/>
  </testcase>
  <testcase name="tearDown" classname="tests.AddFurnitureLeadTest" time="0.0">
    <skipped/>
  </testcase>
  <testcase name="tearDown" classname="tests.AddFurnitureLeadTest" time="0.0">
    <skipped/>
  </testcase>
  <testcase name="tearDown" classname="tests.AddFurnitureLeadTest" time="0.0">
    <skipped/>
  </testcase>
  <testcase name="tearDown" classname="tests.AddFurnitureLeadTest" time="0.0">
    <skipped/>
  </testcase>
  <testcase name="tearDown" classname="tests.AddFurnitureLeadTest" time="0.0">
    <skipped/>
  </testcase>
  <testcase name="tearDown" classname="tests.AddFurnitureLeadTest" time="0.0">
    <skipped/>
  </testcase>
  <testcase name="tearDown" classname="tests.AddFurnitureLeadTest" time="0.0">
    <skipped/>
  </testcase>
  <testcase name="tearDown" classname="tests.AddFurnitureLeadTest" time="0.0">
    <skipped/>
  </testcase>
  <testcase name="tearDown" classname="tests.AddFurnitureLeadTest" time="0.0">
    <skipped/>
  </testcase>
  <testcase name="tearDown" classname="tests.AddFurnitureLeadTest" time="0.0">
    <skipped/>
  </testcase>
  <testcase name="tearDown" classname="tests.AddFurnitureLeadTest" time="0.0">
    <skipped/>
  </testcase>
  <testcase name="tearDown" classname="tests.AddFurnitureLeadTest" time="0.0">
    <skipped/>
  </testcase>
  <testcase name="tearDown" classname="tests.AddFurnitureLeadTest" time="0.0">
    <skipped/>
  </testcase>
  <testcase name="tearDown" classname="tests.AddFurnitureLeadTest" time="0.0">
    <skipped/>
  </testcase>
  <testcase name="tearDown" classname="tests.AddFurnitureLeadTest" time="0.0">
    <skipped/>
  </testcase>
  <testcase name="tearDown" classname="tests.AddFurnitureLeadTest" time="0.0">
    <skipped/>
  </testcase>
  <testcase name="tearDown" classname="tests.AddFurnitureLeadTest" time="0.0">
    <skipped/>
  </testcase>
  <testcase name="tearDown" classname="tests.AddFurnitureLeadTest" time="0.0">
    <skipped/>
  </testcase>
  <testcase name="tearDown" classname="tests.AddFurnitureLeadTest" time="0.0">
    <skipped/>
  </testcase>
  <testcase name="tearDown" classname="tests.AddFurnitureLeadTest" time="0.0">
    <skipped/>
  </testcase>
  <testcase name="tearDown" classname="tests.AddFurnitureLeadTest" time="0.0">
    <skipped/>
  </testcase>
  <testcase name="tearDown" classname="tests.AddFurnitureLeadTest" time="0.0">
    <skipped/>
  </testcase>
  <testcase name="tearDown" classname="tests.AddFurnitureLeadTest" time="0.0">
    <skipped/>
  </testcase>
  <testcase name="tearDown" classname="tests.AddFurnitureLeadTest" time="0.0">
    <skipped/>
  </testcase>
  <testcase name="tearDown" classname="tests.AddFurnitureLeadTest" time="0.0">
    <skipped/>
  </testcase>
  <testcase name="tearDown" classname="tests.AddFurnitureLeadTest" time="0.0">
    <skipped/>
  </testcase>
  <testcase name="tearDown" classname="tests.AddFurnitureLeadTest" time="0.0">
    <skipped/>
  </testcase>
  <testcase name="tearDown" classname="tests.AddFurnitureLeadTest" time="0.0">
    <skipped/>
  </testcase>
  <testcase name="tearDown" classname="tests.AddFurnitureLeadTest" time="0.0">
    <skipped/>
  </testcase>
  <testcase name="tearDown" classname="tests.AddFurnitureLeadTest" time="0.0">
    <skipped/>
  </testcase>
  <testcase name="tearDown" classname="tests.AddFurnitureLeadTest" time="0.0">
    <skipped/>
  </testcase>
  <testcase name="tearDown" classname="tests.AddFurnitureLeadTest" time="0.0">
    <skipped/>
  </testcase>
  <testcase name="tearDown" classname="tests.AddFurnitureLeadTest" time="0.0">
    <skipped/>
  </testcase>
  <testcase name="tearDown" classname="tests.AddFurnitureLeadTest" time="0.0">
    <skipped/>
  </testcase>
  <testcase name="tearDown" classname="tests.AddFurnitureLeadTest" time="0.0">
    <skipped/>
  </testcase>
  <testcase name="tearDown" classname="tests.AddFurnitureLeadTest" time="0.0">
    <skipped/>
  </testcase>
  <testcase name="tearDown" classname="tests.AddFurnitureLeadTest" time="0.0">
    <skipped/>
  </testcase>
  <testcase name="tearDown" classname="tests.AddFurnitureLeadTest" time="0.0">
    <skipped/>
  </testcase>
  <testcase name="tearDown" classname="tests.AddFurnitureLeadTest" time="0.0">
    <skipped/>
  </testcase>
  <testcase name="tearDown" classname="tests.AddFurnitureLeadTest" time="0.0">
    <skipped/>
  </testcase>
  <testcase name="tearDown" classname="tests.AddFurnitureLeadTest" time="0.0">
    <skipped/>
  </testcase>
  <testcase name="tearDown" classname="tests.AddFurnitureLeadTest" time="0.0">
    <skipped/>
  </testcase>
  <testcase name="tearDown" classname="tests.AddFurnitureLeadTest" time="0.0">
    <skipped/>
  </testcase>
  <testcase name="tearDown" classname="tests.AddFurnitureLeadTest" time="0.0">
    <skipped/>
  </testcase>
  <testcase name="tearDown" classname="tests.AddFurnitureLeadTest" time="0.0">
    <skipped/>
  </testcase>
  <testcase name="tearDown" classname="tests.AddFurnitureLeadTest" time="0.0">
    <skipped/>
  </testcase>
  <testcase name="tearDown" classname="tests.AddFurnitureLeadTest" time="0.0">
    <skipped/>
  </testcase>
  <testcase name="tearDown" classname="tests.AddFurnitureLeadTest" time="0.0">
    <skipped/>
  </testcase>
  <testcase name="tearDown" classname="tests.AddFurnitureLeadTest" time="0.0">
    <skipped/>
  </testcase>
  <testcase name="tearDown" classname="tests.AddFurnitureLeadTest" time="0.0">
    <skipped/>
  </testcase>
  <testcase name="tearDown" classname="tests.AddFurnitureLeadTest" time="0.0">
    <skipped/>
  </testcase>
  <testcase name="tearDown" classname="tests.AddFurnitureLeadTest" time="0.0">
    <skipped/>
  </testcase>
  <testcase name="tearDown" classname="tests.AddFurnitureLeadTest" time="0.0">
    <skipped/>
  </testcase>
  <testcase name="tearDown" classname="tests.AddFurnitureLeadTest" time="0.0">
    <skipped/>
  </testcase>
  <testcase name="tearDown" classname="tests.AddFurnitureLeadTest" time="0.0">
    <skipped/>
  </testcase>
  <testcase name="tearDown" classname="tests.AddFurnitureLeadTest" time="0.0">
    <skipped/>
  </testcase>
  <testcase name="tearDown" classname="tests.AddFurnitureLeadTest" time="0.0">
    <skipped/>
  </testcase>
  <testcase name="tearDown" classname="tests.AddFurnitureLeadTest" time="0.0">
    <skipped/>
  </testcase>
  <testcase name="tearDown" classname="tests.AddFurnitureLeadTest" time="0.0">
    <skipped/>
  </testcase>
  <testcase name="tearDown" classname="tests.AddFurnitureLeadTest" time="0.0">
    <skipped/>
  </testcase>
  <testcase name="tearDown" classname="tests.AddFurnitureLeadTest" time="0.0">
    <skipped/>
  </testcase>
  <testcase name="tearDown" classname="tests.AddFurnitureLeadTest" time="0.0">
    <skipped/>
  </testcase>
  <testcase name="tearDown" classname="tests.AddFurnitureLeadTest" time="0.0">
    <skipped/>
  </testcase>
  <testcase name="tearDown" classname="tests.AddFurnitureLeadTest" time="0.0">
    <skipped/>
  </testcase>
  <testcase name="tearDown" classname="tests.AddFurnitureLeadTest" time="0.0">
    <skipped/>
  </testcase>
  <testcase name="tearDown" classname="tests.AddFurnitureLeadTest" time="0.0">
    <skipped/>
  </testcase>
  <testcase name="tearDown" classname="tests.AddFurnitureLeadTest" time="0.0">
    <skipped/>
  </testcase>
  <testcase name="tearDown" classname="tests.AddFurnitureLeadTest" time="0.0">
    <skipped/>
  </testcase>
  <testcase name="tearDown" classname="tests.AddFurnitureLeadTest" time="0.0">
    <skipped/>
  </testcase>
  <testcase name="tearDown" classname="tests.AddFurnitureLeadTest" time="0.0">
    <skipped/>
  </testcase>
  <testcase name="tearDown" classname="tests.AddFurnitureLeadTest" time="0.0">
    <skipped/>
  </testcase>
  <testcase name="tearDown" classname="tests.AddFurnitureLeadTest" time="0.0">
    <skipped/>
  </testcase>
  <testcase name="tearDown" classname="tests.AddFurnitureLeadTest" time="0.0">
    <skipped/>
  </testcase>
  <testcase name="tearDown" classname="tests.AddFurnitureLeadTest" time="0.0">
    <skipped/>
  </testcase>
  <testcase name="tearDown" classname="tests.AddFurnitureLeadTest" time="0.0">
    <skipped/>
  </testcase>
  <testcase name="tearDown" classname="tests.AddFurnitureLeadTest" time="0.0">
    <skipped/>
  </testcase>
  <testcase name="tearDown" classname="tests.AddFurnitureLeadTest" time="0.0">
    <skipped/>
  </testcase>
  <testcase name="tearDown" classname="tests.AddFurnitureLeadTest" time="0.0">
    <skipped/>
  </testcase>
  <testcase name="tearDown" classname="tests.AddFurnitureLeadTest" time="0.0">
    <skipped/>
  </testcase>
  <testcase name="tearDown" classname="tests.AddFurnitureLeadTest" time="0.0">
    <skipped/>
  </testcase>
  <testcase name="tearDown" classname="tests.AddFurnitureLeadTest" time="0.0">
    <skipped/>
  </testcase>
  <testcase name="tearDown" classname="tests.AddFurnitureLeadTest" time="0.0">
    <skipped/>
  </testcase>
  <testcase name="tearDown" classname="tests.AddFurnitureLeadTest" time="0.0">
    <skipped/>
  </testcase>
  <testcase name="tearDown" classname="tests.AddFurnitureLeadTest" time="0.0">
    <skipped/>
  </testcase>
  <testcase name="tearDown" classname="tests.AddFurnitureLeadTest" time="0.0">
    <skipped/>
  </testcase>
  <testcase name="tearDown" classname="tests.AddFurnitureLeadTest" time="0.0">
    <skipped/>
  </testcase>
  <testcase name="tearDown" classname="tests.AddFurnitureLeadTest" time="0.0">
    <skipped/>
  </testcase>
  <testcase name="tearDown" classname="tests.AddFurnitureLeadTest" time="0.0">
    <skipped/>
  </testcase>
  <testcase name="tearDown" classname="tests.AddFurnitureLeadTest" time="0.0">
    <skipped/>
  </testcase>
  <testcase name="tearDown" classname="tests.AddFurnitureLeadTest" time="0.0">
    <skipped/>
  </testcase>
  <testcase name="tearDown" classname="tests.AddFurnitureLeadTest" time="0.0">
    <skipped/>
  </testcase>
  <testcase name="tearDown" classname="tests.AddFurnitureLeadTest" time="0.0">
    <skipped/>
  </testcase>
  <testcase name="tearDown" classname="tests.AddFurnitureLeadTest" time="0.0">
    <skipped/>
  </testcase>
  <testcase name="tearDown" classname="tests.AddFurnitureLeadTest" time="0.0">
    <skipped/>
  </testcase>
  <testcase name="tearDown" classname="tests.AddFurnitureLeadTest" time="0.0">
    <skipped/>
  </testcase>
  <testcase name="tearDown" classname="tests.AddFurnitureLeadTest" time="0.0">
    <skipped/>
  </testcase>
  <testcase name="tearDown" classname="tests.AddFurnitureLeadTest" time="0.0">
    <skipped/>
  </testcase>
  <testcase name="tearDown" classname="tests.AddFurnitureLeadTest" time="0.0">
    <skipped/>
  </testcase>
  <testcase name="tearDown" classname="tests.AddFurnitureLeadTest" time="0.0">
    <skipped/>
  </testcase>
  <testcase name="tearDown" classname="tests.AddFurnitureLeadTest" time="0.0">
    <skipped/>
  </testcase>
  <testcase name="tearDown" classname="tests.AddFurnitureLeadTest" time="0.0">
    <skipped/>
  </testcase>
  <testcase name="tearDown" classname="tests.AddFurnitureLeadTest" time="0.0">
    <skipped/>
  </testcase>
  <testcase name="tearDown" classname="tests.AddFurnitureLeadTest" time="0.0">
    <skipped/>
  </testcase>
  <testcase name="tearDown" classname="tests.AddFurnitureLeadTest" time="0.0">
    <skipped/>
  </testcase>
  <testcase name="tearDown" classname="tests.AddFurnitureLeadTest" time="0.0">
    <skipped/>
  </testcase>
  <testcase name="tearDown" classname="tests.AddFurnitureLeadTest" time="0.0">
    <skipped/>
  </testcase>
  <testcase name="tearDown" classname="tests.AddFurnitureLeadTest" time="0.0">
    <skipped/>
  </testcase>
  <testcase name="tearDown" classname="tests.AddFurnitureLeadTest" time="0.0">
    <skipped/>
  </testcase>
  <testcase name="tearDown" classname="tests.AddFurnitureLeadTest" time="0.0">
    <skipped/>
  </testcase>
  <testcase name="tearDown" classname="tests.AddFurnitureLeadTest" time="0.0">
    <skipped/>
  </testcase>
  <testcase name="tearDown" classname="tests.AddFurnitureLeadTest" time="0.0">
    <skipped/>
  </testcase>
  <testcase name="tearDown" classname="tests.AddFurnitureLeadTest" time="0.0">
    <skipped/>
  </testcase>
  <testcase name="tearDown" classname="tests.AddFurnitureLeadTest" time="0.0">
    <skipped/>
  </testcase>
  <testcase name="tearDown" classname="tests.AddFurnitureLeadTest" time="0.0">
    <skipped/>
  </testcase>
  <testcase name="tearDown" classname="tests.AddFurnitureLeadTest" time="0.0">
    <skipped/>
  </testcase>
  <testcase name="tearDown" classname="tests.AddFurnitureLeadTest" time="0.0">
    <skipped/>
  </testcase>
  <testcase name="tearDown" classname="tests.AddFurnitureLeadTest" time="0.0">
    <skipped/>
  </testcase>
  <testcase name="tearDown" classname="tests.AddFurnitureLeadTest" time="0.0">
    <skipped/>
  </testcase>
  <testcase name="tearDown" classname="tests.AddFurnitureLeadTest" time="0.0">
    <skipped/>
  </testcase>
  <testcase name="tearDown" classname="tests.AddFurnitureLeadTest" time="0.0">
    <skipped/>
  </testcase>
  <testcase name="tearDown" classname="tests.AddFurnitureLeadTest" time="0.0">
    <skipped/>
  </testcase>
  <testcase name="tearDown" classname="tests.AddFurnitureLeadTest" time="0.0">
    <skipped/>
  </testcase>
  <testcase name="tearDown" classname="tests.AddFurnitureLeadTest" time="0.0">
    <skipped/>
  </testcase>
  <testcase name="tearDown" classname="tests.AddFurnitureLeadTest" time="0.0">
    <skipped/>
  </testcase>
  <testcase name="tearDown" classname="tests.AddFurnitureLeadTest" time="0.0">
    <skipped/>
  </testcase>
  <testcase name="tearDown" classname="tests.AddFurnitureLeadTest" time="0.0">
    <skipped/>
  </testcase>
  <testcase name="tearDown" classname="tests.AddFurnitureLeadTest" time="0.0">
    <skipped/>
  </testcase>
  <testcase name="tearDown" classname="tests.AddFurnitureLeadTest" time="0.0">
    <skipped/>
  </testcase>
  <testcase name="tearDown" classname="tests.AddFurnitureLeadTest" time="0.0">
    <skipped/>
  </testcase>
  <testcase name="tearDown" classname="tests.AddFurnitureLeadTest" time="0.0">
    <skipped/>
  </testcase>
  <testcase name="tearDown" classname="tests.AddFurnitureLeadTest" time="0.0">
    <skipped/>
  </testcase>
  <testcase name="tearDown" classname="tests.AddFurnitureLeadTest" time="0.0">
    <skipped/>
  </testcase>
  <testcase name="tearDown" classname="tests.AddFurnitureLeadTest" time="0.0">
    <skipped/>
  </testcase>
  <testcase name="tearDown" classname="tests.AddFurnitureLeadTest" time="0.0">
    <skipped/>
  </testcase>
  <testcase name="tearDown" classname="tests.AddFurnitureLeadTest" time="0.0">
    <skipped/>
  </testcase>
  <testcase name="tearDown" classname="tests.AddFurnitureLeadTest" time="0.0">
    <skipped/>
  </testcase>
  <testcase name="tearDown" classname="tests.AddFurnitureLeadTest" time="0.0">
    <skipped/>
  </testcase>
  <testcase name="tearDown" classname="tests.AddFurnitureLeadTest" time="0.0">
    <skipped/>
  </testcase>
  <testcase name="tearDown" classname="tests.AddFurnitureLeadTest" time="0.0">
    <skipped/>
  </testcase>
  <testcase name="tearDown" classname="tests.AddFurnitureLeadTest" time="0.0">
    <skipped/>
  </testcase>
  <testcase name="tearDown" classname="tests.AddFurnitureLeadTest" time="0.0">
    <skipped/>
  </testcase>
  <testcase name="tearDown" classname="tests.AddFurnitureLeadTest" time="0.0">
    <skipped/>
  </testcase>
  <testcase name="tearDown" classname="tests.AddFurnitureLeadTest" time="0.0">
    <skipped/>
  </testcase>
  <testcase name="tearDown" classname="tests.AddFurnitureLeadTest" time="0.0">
    <skipped/>
  </testcase>
  <testcase name="tearDown" classname="tests.AddFurnitureLeadTest" time="0.0">
    <skipped/>
  </testcase>
  <testcase name="tearDown" classname="tests.AddFurnitureLeadTest" time="0.0">
    <skipped/>
  </testcase>
  <testcase name="tearDown" classname="tests.AddFurnitureLeadTest" time="0.0">
    <skipped/>
  </testcase>
  <testcase name="tearDown" classname="tests.AddFurnitureLeadTest" time="0.0">
    <skipped/>
  </testcase>
  <testcase name="tearDown" classname="tests.AddFurnitureLeadTest" time="0.0">
    <skipped/>
  </testcase>
  <testcase name="tearDown" classname="tests.AddFurnitureLeadTest" time="0.0">
    <skipped/>
  </testcase>
  <testcase name="tearDown" classname="tests.AddFurnitureLeadTest" time="0.0">
    <skipped/>
  </testcase>
  <testcase name="tearDown" classname="tests.AddFurnitureLeadTest" time="0.0">
    <skipped/>
  </testcase>
  <testcase name="tearDown" classname="tests.AddFurnitureLeadTest" time="0.0">
    <skipped/>
  </testcase>
  <testcase name="tearDown" classname="tests.AddFurnitureLeadTest" time="0.0">
    <skipped/>
  </testcase>
  <testcase name="tearDown" classname="tests.AddFurnitureLeadTest" time="0.0">
    <skipped/>
  </testcase>
  <testcase name="tearDown" classname="tests.AddFurnitureLeadTest" time="0.0">
    <skipped/>
  </testcase>
  <testcase name="tearDown" classname="tests.AddFurnitureLeadTest" time="0.0">
    <skipped/>
  </testcase>
  <testcase name="tearDown" classname="tests.AddFurnitureLeadTest" time="0.0">
    <skipped/>
  </testcase>
  <testcase name="tearDown" classname="tests.AddFurnitureLeadTest" time="0.0">
    <skipped/>
  </testcase>
  <testcase name="tearDown" classname="tests.AddFurnitureLeadTest" time="0.0">
    <skipped/>
  </testcase>
  <testcase name="tearDown" classname="tests.AddFurnitureLeadTest" time="0.0">
    <skipped/>
  </testcase>
  <testcase name="tearDown" classname="tests.AddFurnitureLeadTest" time="0.0">
    <skipped/>
  </testcase>
  <testcase name="tearDown" classname="tests.AddFurnitureLeadTest" time="0.0">
    <skipped/>
  </testcase>
  <testcase name="tearDown" classname="tests.AddFurnitureLeadTest" time="0.0">
    <skipped/>
  </testcase>
  <testcase name="tearDown" classname="tests.AddFurnitureLeadTest" time="0.0">
    <skipped/>
  </testcase>
  <testcase name="tearDown" classname="tests.AddFurnitureLeadTest" time="0.0">
    <skipped/>
  </testcase>
  <testcase name="tearDown" classname="tests.AddFurnitureLeadTest" time="0.0">
    <skipped/>
  </testcase>
  <testcase name="tearDown" classname="tests.AddFurnitureLeadTest" time="0.0">
    <skipped/>
  </testcase>
  <testcase name="tearDown" classname="tests.AddFurnitureLeadTest" time="0.0">
    <skipped/>
  </testcase>
  <testcase name="tearDown" classname="tests.AddFurnitureLeadTest" time="0.0">
    <skipped/>
  </testcase>
  <testcase name="tearDown" classname="tests.AddFurnitureLeadTest" time="0.0">
    <skipped/>
  </testcase>
  <testcase name="tearDown" classname="tests.AddFurnitureLeadTest" time="0.0">
    <skipped/>
  </testcase>
  <testcase name="tearDown" classname="tests.AddFurnitureLeadTest" time="0.0">
    <skipped/>
  </testcase>
  <testcase name="tearDown" classname="tests.AddFurnitureLeadTest" time="0.0">
    <skipped/>
  </testcase>
  <testcase name="tearDown" classname="tests.AddFurnitureLeadTest" time="0.0">
    <skipped/>
  </testcase>
  <testcase name="tearDown" classname="tests.AddFurnitureLeadTest" time="0.0">
    <skipped/>
  </testcase>
  <testcase name="tearDown" classname="tests.AddFurnitureLeadTest" time="0.0">
    <skipped/>
  </testcase>
  <testcase name="tearDown" classname="tests.AddFurnitureLeadTest" time="0.0">
    <skipped/>
  </testcase>
  <testcase name="tearDown" classname="tests.AddFurnitureLeadTest" time="0.0">
    <skipped/>
  </testcase>
  <testcase name="tearDown" classname="tests.AddFurnitureLeadTest" time="0.0">
    <skipped/>
  </testcase>
  <testcase name="tearDown" classname="tests.AddFurnitureLeadTest" time="0.0">
    <skipped/>
  </testcase>
  <testcase name="tearDown" classname="tests.AddFurnitureLeadTest" time="0.0">
    <skipped/>
  </testcase>
  <testcase name="tearDown" classname="tests.AddFurnitureLeadTest" time="0.0">
    <skipped/>
  </testcase>
  <testcase name="tearDown" classname="tests.AddFurnitureLeadTest" time="0.0">
    <skipped/>
  </testcase>
  <testcase name="tearDown" classname="tests.AddFurnitureLeadTest" time="0.0">
    <skipped/>
  </testcase>
  <testcase name="tearDown" classname="tests.AddFurnitureLeadTest" time="0.0">
    <skipped/>
  </testcase>
  <testcase name="tearDown" classname="tests.AddFurnitureLeadTest" time="0.0">
    <skipped/>
  </testcase>
  <testcase name="tearDown" classname="tests.AddFurnitureLeadTest" time="0.0">
    <skipped/>
  </testcase>
  <testcase name="tearDown" classname="tests.AddFurnitureLeadTest" time="0.0">
    <skipped/>
  </testcase>
  <testcase name="tearDown" classname="tests.AddFurnitureLeadTest" time="0.0">
    <skipped/>
  </testcase>
  <testcase name="tearDown" classname="tests.AddFurnitureLeadTest" time="0.0">
    <skipped/>
  </testcase>
  <testcase name="tearDown" classname="tests.AddFurnitureLeadTest" time="0.0">
    <skipped/>
  </testcase>
  <testcase name="tearDown" classname="tests.AddFurnitureLeadTest" time="0.0">
    <skipped/>
  </testcase>
  <testcase name="tearDown" classname="tests.AddFurnitureLeadTest" time="0.0">
    <skipped/>
  </testcase>
  <testcase name="tearDown" classname="tests.AddFurnitureLeadTest" time="0.0">
    <skipped/>
  </testcase>
  <testcase name="tearDown" classname="tests.AddFurnitureLeadTest" time="0.0">
    <skipped/>
  </testcase>
  <testcase name="tearDown" classname="tests.AddFurnitureLeadTest" time="0.0">
    <skipped/>
  </testcase>
  <testcase name="tearDown" classname="tests.AddFurnitureLeadTest" time="0.0">
    <skipped/>
  </testcase>
  <testcase name="tearDown" classname="tests.AddFurnitureLeadTest" time="0.0">
    <skipped/>
  </testcase>
  <testcase name="tearDown" classname="tests.AddFurnitureLeadTest" time="0.0">
    <skipped/>
  </testcase>
  <testcase name="tearDown" classname="tests.AddFurnitureLeadTest" time="0.0">
    <skipped/>
  </testcase>
  <testcase name="tearDown" classname="tests.AddFurnitureLeadTest" time="0.0">
    <skipped/>
  </testcase>
  <testcase name="tearDown" classname="tests.AddFurnitureLeadTest" time="0.0">
    <skipped/>
  </testcase>
  <testcase name="tearDown" classname="tests.AddFurnitureLeadTest" time="0.0">
    <skipped/>
  </testcase>
  <testcase name="tearDown" classname="tests.AddFurnitureLeadTest" time="0.0">
    <skipped/>
  </testcase>
  <testcase name="tearDown" classname="tests.AddFurnitureLeadTest" time="0.0">
    <skipped/>
  </testcase>
  <testcase name="tearDown" classname="tests.AddFurnitureLeadTest" time="0.0">
    <skipped/>
  </testcase>
  <testcase name="tearDown" classname="tests.AddFurnitureLeadTest" time="0.0">
    <skipped/>
  </testcase>
  <testcase name="tearDown" classname="tests.AddFurnitureLeadTest" time="0.0">
    <skipped/>
  </testcase>
  <testcase name="tearDown" classname="tests.AddFurnitureLeadTest" time="0.0">
    <skipped/>
  </testcase>
  <testcase name="tearDown" classname="tests.AddFurnitureLeadTest" time="0.0">
    <skipped/>
  </testcase>
  <testcase name="tearDown" classname="tests.AddFurnitureLeadTest" time="0.0">
    <skipped/>
  </testcase>
  <testcase name="tearDown" classname="tests.AddFurnitureLeadTest" time="0.0">
    <skipped/>
  </testcase>
  <testcase name="tearDown" classname="tests.AddFurnitureLeadTest" time="0.0">
    <skipped/>
  </testcase>
  <testcase name="tearDown" classname="tests.AddFurnitureLeadTest" time="0.0">
    <skipped/>
  </testcase>
  <testcase name="tearDown" classname="tests.AddFurnitureLeadTest" time="0.0">
    <skipped/>
  </testcase>
  <testcase name="tearDown" classname="tests.AddFurnitureLeadTest" time="0.0">
    <skipped/>
  </testcase>
  <testcase name="tearDown" classname="tests.AddFurnitureLeadTest" time="0.0">
    <skipped/>
  </testcase>
  <testcase name="tearDown" classname="tests.AddFurnitureLeadTest" time="0.0">
    <skipped/>
  </testcase>
  <testcase name="tearDown" classname="tests.AddFurnitureLeadTest" time="0.0">
    <skipped/>
  </testcase>
  <testcase name="tearDown" classname="tests.AddFurnitureLeadTest" time="0.0">
    <skipped/>
  </testcase>
  <testcase name="tearDown" classname="tests.AddFurnitureLeadTest" time="0.0">
    <skipped/>
  </testcase>
  <testcase name="tearDown" classname="tests.AddFurnitureLeadTest" time="0.0">
    <skipped/>
  </testcase>
  <testcase name="tearDown" classname="tests.AddFurnitureLeadTest" time="0.0">
    <skipped/>
  </testcase>
  <testcase name="tearDown" classname="tests.AddFurnitureLeadTest" time="0.0">
    <skipped/>
  </testcase>
  <testcase name="tearDown" classname="tests.AddFurnitureLeadTest" time="0.0">
    <skipped/>
  </testcase>
  <testcase name="tearDown" classname="tests.AddFurnitureLeadTest" time="0.0">
    <skipped/>
  </testcase>
  <testcase name="tearDown" classname="tests.AddFurnitureLeadTest" time="0.0">
    <skipped/>
  </testcase>
  <testcase name="tearDown" classname="tests.AddFurnitureLeadTest" time="0.0">
    <skipped/>
  </testcase>
  <testcase name="tearDown" classname="tests.AddFurnitureLeadTest" time="0.0">
    <skipped/>
  </testcase>
  <testcase name="tearDown" classname="tests.AddFurnitureLeadTest" time="0.0">
    <skipped/>
  </testcase>
  <testcase name="tearDown" classname="tests.AddFurnitureLeadTest" time="0.0">
    <skipped/>
  </testcase>
  <testcase name="tearDown" classname="tests.AddFurnitureLeadTest" time="0.0">
    <skipped/>
  </testcase>
  <testcase name="tearDown" classname="tests.AddFurnitureLeadTest" time="0.0">
    <skipped/>
  </testcase>
  <testcase name="tearDown" classname="tests.AddFurnitureLeadTest" time="0.0">
    <skipped/>
  </testcase>
  <testcase name="tearDown" classname="tests.AddFurnitureLeadTest" time="0.0">
    <skipped/>
  </testcase>
  <testcase name="tearDown" classname="tests.AddFurnitureLeadTest" time="0.0">
    <skipped/>
  </testcase>
  <testcase name="tearDown" classname="tests.AddFurnitureLeadTest" time="0.0">
    <skipped/>
  </testcase>
  <testcase name="tearDown" classname="tests.AddFurnitureLeadTest" time="0.0">
    <skipped/>
  </testcase>
  <testcase name="tearDown" classname="tests.AddFurnitureLeadTest" time="0.0">
    <skipped/>
  </testcase>
  <testcase name="tearDown" classname="tests.AddFurnitureLeadTest" time="0.0">
    <skipped/>
  </testcase>
  <testcase name="tearDown" classname="tests.AddFurnitureLeadTest" time="0.0">
    <skipped/>
  </testcase>
  <testcase name="tearDown" classname="tests.AddFurnitureLeadTest" time="0.0">
    <skipped/>
  </testcase>
  <testcase name="tearDown" classname="tests.AddFurnitureLeadTest" time="0.0">
    <skipped/>
  </testcase>
  <testcase name="tearDown" classname="tests.AddFurnitureLeadTest" time="0.0">
    <skipped/>
  </testcase>
  <testcase name="tearDown" classname="tests.AddFurnitureLeadTest" time="0.0">
    <skipped/>
  </testcase>
  <testcase name="tearDown" classname="tests.AddFurnitureLeadTest" time="0.0">
    <skipped/>
  </testcase>
  <testcase name="tearDown" classname="tests.AddFurnitureLeadTest" time="0.0">
    <skipped/>
  </testcase>
  <testcase name="tearDown" classname="tests.AddFurnitureLeadTest" time="0.0">
    <skipped/>
  </testcase>
  <testcase name="tearDown" classname="tests.AddFurnitureLeadTest" time="0.0">
    <skipped/>
  </testcase>
  <testcase name="tearDown" classname="tests.AddFurnitureLeadTest" time="0.0">
    <skipped/>
  </testcase>
  <testcase name="tearDown" classname="tests.AddFurnitureLeadTest" time="0.0">
    <skipped/>
  </testcase>
  <testcase name="tearDown" classname="tests.AddFurnitureLeadTest" time="0.0">
    <skipped/>
  </testcase>
  <testcase name="tearDown" classname="tests.AddFurnitureLeadTest" time="0.0">
    <skipped/>
  </testcase>
  <testcase name="tearDown" classname="tests.AddFurnitureLeadTest" time="0.0">
    <skipped/>
  </testcase>
  <testcase name="tearDown" classname="tests.AddFurnitureLeadTest" time="0.0">
    <skipped/>
  </testcase>
  <testcase name="tearDown" classname="tests.AddFurnitureLeadTest" time="0.0">
    <skipped/>
  </testcase>
  <testcase name="tearDown" classname="tests.AddFurnitureLeadTest" time="0.0">
    <skipped/>
  </testcase>
  <testcase name="tearDown" classname="tests.AddFurnitureLeadTest" time="0.0">
    <skipped/>
  </testcase>
  <testcase name="tearDown" classname="tests.AddFurnitureLeadTest" time="0.0">
    <skipped/>
  </testcase>
  <testcase name="tearDown" classname="tests.AddFurnitureLeadTest" time="0.0">
    <skipped/>
  </testcase>
  <testcase name="tearDown" classname="tests.AddFurnitureLeadTest" time="0.0">
    <skipped/>
  </testcase>
  <testcase name="tearDown" classname="tests.AddFurnitureLeadTest" time="0.0">
    <skipped/>
  </testcase>
  <testcase name="tearDown" classname="tests.AddFurnitureLeadTest" time="0.0">
    <skipped/>
  </testcase>
  <testcase name="tearDown" classname="tests.AddFurnitureLeadTest" time="0.0">
    <skipped/>
  </testcase>
  <testcase name="tearDown" classname="tests.AddFurnitureLeadTest" time="0.0">
    <skipped/>
  </testcase>
  <testcase name="tearDown" classname="tests.AddFurnitureLeadTest" time="0.0">
    <skipped/>
  </testcase>
  <testcase name="tearDown" classname="tests.AddFurnitureLeadTest" time="0.0">
    <skipped/>
  </testcase>
  <testcase name="tearDown" classname="tests.AddFurnitureLeadTest" time="0.0">
    <skipped/>
  </testcase>
  <testcase name="tearDown" classname="tests.AddFurnitureLeadTest" time="0.0">
    <skipped/>
  </testcase>
  <testcase name="tearDown" classname="tests.AddFurnitureLeadTest" time="0.0">
    <skipped/>
  </testcase>
  <testcase name="tearDown" classname="tests.AddFurnitureLeadTest" time="0.0">
    <skipped/>
  </testcase>
  <testcase name="tearDown" classname="tests.AddFurnitureLeadTest" time="0.0">
    <skipped/>
  </testcase>
  <testcase name="tearDown" classname="tests.AddFurnitureLeadTest" time="0.0">
    <skipped/>
  </testcase>
  <testcase name="tearDown" classname="tests.AddFurnitureLeadTest" time="0.0">
    <skipped/>
  </testcase>
  <testcase name="tearDown" classname="tests.AddFurnitureLeadTest" time="0.0">
    <skipped/>
  </testcase>
  <testcase name="tearDown" classname="tests.AddFurnitureLeadTest" time="0.0">
    <skipped/>
  </testcase>
  <testcase name="tearDown" classname="tests.AddFurnitureLeadTest" time="0.0">
    <skipped/>
  </testcase>
  <testcase name="tearDown" classname="tests.AddFurnitureLeadTest" time="0.0">
    <skipped/>
  </testcase>
  <testcase name="tearDown" classname="tests.AddFurnitureLeadTest" time="0.0">
    <skipped/>
  </testcase>
  <testcase name="tearDown" classname="tests.AddFurnitureLeadTest" time="0.0">
    <skipped/>
  </testcase>
  <testcase name="tearDown" classname="tests.AddFurnitureLeadTest" time="0.0">
    <skipped/>
  </testcase>
  <testcase name="tearDown" classname="tests.AddFurnitureLeadTest" time="0.0">
    <skipped/>
  </testcase>
  <testcase name="tearDown" classname="tests.AddFurnitureLeadTest" time="0.0">
    <skipped/>
  </testcase>
  <testcase name="tearDown" classname="tests.AddFurnitureLeadTest" time="0.0">
    <skipped/>
  </testcase>
  <testcase name="tearDown" classname="tests.AddFurnitureLeadTest" time="0.0">
    <skipped/>
  </testcase>
  <testcase name="tearDown" classname="tests.AddFurnitureLeadTest" time="0.0">
    <skipped/>
  </testcase>
  <testcase name="tearDown" classname="tests.AddFurnitureLeadTest" time="0.0">
    <skipped/>
  </testcase>
  <testcase name="tearDown" classname="tests.AddFurnitureLeadTest" time="0.0">
    <skipped/>
  </testcase>
  <testcase name="tearDown" classname="tests.AddFurnitureLeadTest" time="0.0">
    <skipped/>
  </testcase>
  <testcase name="tearDown" classname="tests.AddFurnitureLeadTest" time="0.0">
    <skipped/>
  </testcase>
  <testcase name="tearDown" classname="tests.AddFurnitureLeadTest" time="0.0">
    <skipped/>
  </testcase>
  <testcase name="tearDown" classname="tests.AddFurnitureLeadTest" time="0.0">
    <skipped/>
  </testcase>
  <testcase name="tearDown" classname="tests.AddFurnitureLeadTest" time="0.0">
    <skipped/>
  </testcase>
  <testcase name="tearDown" classname="tests.AddFurnitureLeadTest" time="0.0">
    <skipped/>
  </testcase>
  <testcase name="tearDown" classname="tests.AddFurnitureLeadTest" time="0.0">
    <skipped/>
  </testcase>
  <testcase name="tearDown" classname="tests.AddFurnitureLeadTest" time="0.0">
    <skipped/>
  </testcase>
  <testcase name="tearDown" classname="tests.AddFurnitureLeadTest" time="0.0">
    <skipped/>
  </testcase>
  <testcase name="tearDown" classname="tests.AddFurnitureLeadTest" time="0.0">
    <skipped/>
  </testcase>
  <testcase name="tearDown" classname="tests.AddFurnitureLeadTest" time="0.0">
    <skipped/>
  </testcase>
  <testcase name="tearDown" classname="tests.AddFurnitureLeadTest" time="0.0">
    <skipped/>
  </testcase>
  <testcase name="tearDown" classname="tests.AddFurnitureLeadTest" time="0.0">
    <skipped/>
  </testcase>
  <testcase name="tearDown" classname="tests.AddFurnitureLeadTest" time="0.0">
    <skipped/>
  </testcase>
  <testcase name="tearDown" classname="tests.AddFurnitureLeadTest" time="0.0">
    <skipped/>
  </testcase>
  <testcase name="tearDown" classname="tests.AddFurnitureLeadTest" time="0.0">
    <skipped/>
  </testcase>
  <testcase name="tearDown" classname="tests.AddFurnitureLeadTest" time="0.0">
    <skipped/>
  </testcase>
  <testcase name="tearDown" classname="tests.AddFurnitureLeadTest" time="0.0">
    <skipped/>
  </testcase>
  <testcase name="tearDown" classname="tests.AddFurnitureLeadTest" time="0.0">
    <skipped/>
  </testcase>
  <testcase name="tearDown" classname="tests.AddFurnitureLeadTest" time="0.0">
    <skipped/>
  </testcase>
  <testcase name="tearDown" classname="tests.AddFurnitureLeadTest" time="0.0">
    <skipped/>
  </testcase>
  <testcase name="tearDown" classname="tests.AddFurnitureLeadTest" time="0.0">
    <skipped/>
  </testcase>
  <testcase name="tearDown" classname="tests.AddFurnitureLeadTest" time="0.0">
    <skipped/>
  </testcase>
  <testcase name="tearDown" classname="tests.AddFurnitureLeadTest" time="0.0">
    <skipped/>
  </testcase>
  <testcase name="tearDown" classname="tests.AddFurnitureLeadTest" time="0.0">
    <skipped/>
  </testcase>
  <testcase name="tearDown" classname="tests.AddFurnitureLeadTest" time="0.0">
    <skipped/>
  </testcase>
  <testcase name="tearDown" classname="tests.AddFurnitureLeadTest" time="0.0">
    <skipped/>
  </testcase>
  <testcase name="tearDown" classname="tests.AddFurnitureLeadTest" time="0.0">
    <skipped/>
  </testcase>
  <testcase name="tearDown" classname="tests.AddFurnitureLeadTest" time="0.0">
    <skipped/>
  </testcase>
  <testcase name="tearDown" classname="tests.AddFurnitureLeadTest" time="0.0">
    <skipped/>
  </testcase>
  <testcase name="tearDown" classname="tests.AddFurnitureLeadTest" time="0.0">
    <skipped/>
  </testcase>
  <testcase name="tearDown" classname="tests.AddFurnitureLeadTest" time="0.0">
    <skipped/>
  </testcase>
  <testcase name="tearDown" classname="tests.AddFurnitureLeadTest" time="0.0">
    <skipped/>
  </testcase>
  <testcase name="tearDown" classname="tests.AddFurnitureLeadTest" time="0.0">
    <skipped/>
  </testcase>
  <testcase name="tearDown" classname="tests.AddFurnitureLeadTest" time="0.0">
    <skipped/>
  </testcase>
  <testcase name="tearDown" classname="tests.AddFurnitureLeadTest" time="0.0">
    <skipped/>
  </testcase>
  <testcase name="tearDown" classname="tests.AddFurnitureLeadTest" time="0.0">
    <skipped/>
  </testcase>
  <testcase name="tearDown" classname="tests.AddFurnitureLeadTest" time="0.0">
    <skipped/>
  </testcase>
  <testcase name="tearDown" classname="tests.AddFurnitureLeadTest" time="0.0">
    <skipped/>
  </testcase>
  <testcase name="tearDown" classname="tests.AddFurnitureLeadTest" time="0.0">
    <skipped/>
  </testcase>
  <testcase name="tearDown" classname="tests.AddFurnitureLeadTest" time="0.0">
    <skipped/>
  </testcase>
  <testcase name="tearDown" classname="tests.AddFurnitureLeadTest" time="0.0">
    <skipped/>
  </testcase>
  <testcase name="tearDown" classname="tests.AddFurnitureLeadTest" time="0.0">
    <skipped/>
  </testcase>
  <testcase name="tearDown" classname="tests.AddFurnitureLeadTest" time="0.0">
    <skipped/>
  </testcase>
  <testcase name="tearDown" classname="tests.AddFurnitureLeadTest" time="0.0">
    <skipped/>
  </testcase>
  <testcase name="tearDown" classname="tests.AddFurnitureLeadTest" time="0.0">
    <skipped/>
  </testcase>
  <testcase name="tearDown" classname="tests.AddFurnitureLeadTest" time="0.0">
    <skipped/>
  </testcase>
  <testcase name="tearDown" classname="tests.AddFurnitureLeadTest" time="0.0">
    <skipped/>
  </testcase>
  <testcase name="tearDown" classname="tests.AddFurnitureLeadTest" time="0.0">
    <skipped/>
  </testcase>
  <testcase name="tearDown" classname="tests.AddFurnitureLeadTest" time="0.0">
    <skipped/>
  </testcase>
  <testcase name="tearDown" classname="tests.AddFurnitureLeadTest" time="0.0">
    <skipped/>
  </testcase>
  <testcase name="tearDown" classname="tests.AddFurnitureLeadTest" time="0.0">
    <skipped/>
  </testcase>
  <testcase name="tearDown" classname="tests.AddFurnitureLeadTest" time="0.0">
    <skipped/>
  </testcase>
  <testcase name="tearDown" classname="tests.AddFurnitureLeadTest" time="0.0">
    <skipped/>
  </testcase>
  <testcase name="tearDown" classname="tests.AddFurnitureLeadTest" time="0.0">
    <skipped/>
  </testcase>
  <testcase name="tearDown" classname="tests.AddFurnitureLeadTest" time="0.0">
    <skipped/>
  </testcase>
  <testcase name="tearDown" classname="tests.AddFurnitureLeadTest" time="0.0">
    <skipped/>
  </testcase>
  <testcase name="tearDown" classname="tests.AddFurnitureLeadTest" time="0.0">
    <skipped/>
  </testcase>
  <testcase name="tearDown" classname="tests.AddFurnitureLeadTest" time="0.0">
    <skipped/>
  </testcase>
  <testcase name="tearDown" classname="tests.AddFurnitureLeadTest" time="0.0">
    <skipped/>
  </testcase>
  <testcase name="tearDown" classname="tests.AddFurnitureLeadTest" time="0.0">
    <skipped/>
  </testcase>
  <testcase name="tearDown" classname="tests.AddFurnitureLeadTest" time="0.0">
    <skipped/>
  </testcase>
  <testcase name="tearDown" classname="tests.AddFurnitureLeadTest" time="0.0">
    <skipped/>
  </testcase>
  <testcase name="tearDown" classname="tests.AddFurnitureLeadTest" time="0.0">
    <skipped/>
  </testcase>
  <testcase name="tearDown" classname="tests.AddFurnitureLeadTest" time="0.0">
    <skipped/>
  </testcase>
  <testcase name="tearDown" classname="tests.AddFurnitureLeadTest" time="0.0">
    <skipped/>
  </testcase>
  <testcase name="tearDown" classname="tests.AddFurnitureLeadTest" time="0.0">
    <skipped/>
  </testcase>
  <testcase name="tearDown" classname="tests.AddFurnitureLeadTest" time="0.0">
    <skipped/>
  </testcase>
  <testcase name="tearDown" classname="tests.AddFurnitureLeadTest" time="0.0">
    <skipped/>
  </testcase>
  <testcase name="tearDown" classname="tests.AddFurnitureLeadTest" time="0.0">
    <skipped/>
  </testcase>
  <testcase name="tearDown" classname="tests.AddFurnitureLeadTest" time="0.0">
    <skipped/>
  </testcase>
  <testcase name="tearDown" classname="tests.AddFurnitureLeadTest" time="0.0">
    <skipped/>
  </testcase>
  <testcase name="tearDown" classname="tests.AddFurnitureLeadTest" time="0.0">
    <skipped/>
  </testcase>
  <testcase name="tearDown" classname="tests.AddFurnitureLeadTest" time="0.0">
    <skipped/>
  </testcase>
  <testcase name="tearDown" classname="tests.AddFurnitureLeadTest" time="0.0">
    <skipped/>
  </testcase>
  <testcase name="tearDown" classname="tests.AddFurnitureLeadTest" time="0.0">
    <skipped/>
  </testcase>
  <testcase name="tearDown" classname="tests.AddFurnitureLeadTest" time="0.0">
    <skipped/>
  </testcase>
  <testcase name="tearDown" classname="tests.AddFurnitureLeadTest" time="0.0">
    <skipped/>
  </testcase>
  <testcase name="tearDown" classname="tests.AddFurnitureLeadTest" time="0.0">
    <skipped/>
  </testcase>
  <testcase name="tearDown" classname="tests.AddFurnitureLeadTest" time="0.0">
    <skipped/>
  </testcase>
  <testcase name="tearDown" classname="tests.AddFurnitureLeadTest" time="0.0">
    <skipped/>
  </testcase>
  <testcase name="tearDown" classname="tests.AddFurnitureLeadTest" time="0.0">
    <skipped/>
  </testcase>
  <testcase name="tearDown" classname="tests.AddFurnitureLeadTest" time="0.0">
    <skipped/>
  </testcase>
  <testcase name="tearDown" classname="tests.AddFurnitureLeadTest" time="0.0">
    <skipped/>
  </testcase>
  <testcase name="tearDown" classname="tests.AddFurnitureLeadTest" time="0.0">
    <skipped/>
  </testcase>
  <testcase name="tearDown" classname="tests.AddFurnitureLeadTest" time="0.0">
    <skipped/>
  </testcase>
  <testcase name="tearDown" classname="tests.AddFurnitureLeadTest" time="0.0">
    <skipped/>
  </testcase>
  <testcase name="tearDown" classname="tests.AddFurnitureLeadTest" time="0.0">
    <skipped/>
  </testcase>
  <testcase name="tearDown" classname="tests.AddFurnitureLeadTest" time="0.0">
    <skipped/>
  </testcase>
  <testcase name="tearDown" classname="tests.AddFurnitureLeadTest" time="0.0">
    <skipped/>
  </testcase>
  <testcase name="tearDown" classname="tests.AddFurnitureLeadTest" time="0.0">
    <skipped/>
  </testcase>
  <testcase name="tearDown" classname="tests.AddFurnitureLeadTest" time="0.0">
    <skipped/>
  </testcase>
  <testcase name="tearDown" classname="tests.AddFurnitureLeadTest" time="0.0">
    <skipped/>
  </testcase>
  <testcase name="tearDown" classname="tests.AddFurnitureLeadTest" time="0.0">
    <skipped/>
  </testcase>
  <testcase name="tearDown" classname="tests.AddFurnitureLeadTest" time="0.0">
    <skipped/>
  </testcase>
  <testcase name="tearDown" classname="tests.AddFurnitureLeadTest" time="0.0">
    <skipped/>
  </testcase>
  <testcase name="tearDown" classname="tests.AddFurnitureLeadTest" time="0.0">
    <skipped/>
  </testcase>
  <testcase name="tearDown" classname="tests.AddFurnitureLeadTest" time="0.0">
    <skipped/>
  </testcase>
  <testcase name="tearDown" classname="tests.AddFurnitureLeadTest" time="0.0">
    <skipped/>
  </testcase>
  <testcase name="tearDown" classname="tests.AddFurnitureLeadTest" time="0.0">
    <skipped/>
  </testcase>
  <testcase name="tearDown" classname="tests.AddFurnitureLeadTest" time="0.0">
    <skipped/>
  </testcase>
  <testcase name="tearDown" classname="tests.AddFurnitureLeadTest" time="0.0">
    <skipped/>
  </testcase>
  <testcase name="tearDown" classname="tests.AddFurnitureLeadTest" time="0.0">
    <skipped/>
  </testcase>
  <testcase name="tearDown" classname="tests.AddFurnitureLeadTest" time="0.0">
    <skipped/>
  </testcase>
  <testcase name="tearDown" classname="tests.AddFurnitureLeadTest" time="0.0">
    <skipped/>
  </testcase>
  <testcase name="tearDown" classname="tests.AddFurnitureLeadTest" time="0.0">
    <skipped/>
  </testcase>
  <testcase name="tearDown" classname="tests.AddFurnitureLeadTest" time="0.0">
    <skipped/>
  </testcase>
  <testcase name="tearDown" classname="tests.AddFurnitureLeadTest" time="0.0">
    <skipped/>
  </testcase>
  <testcase name="tearDown" classname="tests.AddFurnitureLeadTest" time="0.0">
    <skipped/>
  </testcase>
  <testcase name="tearDown" classname="tests.AddFurnitureLeadTest" time="0.0">
    <skipped/>
  </testcase>
  <testcase name="tearDown" classname="tests.AddFurnitureLeadTest" time="0.0">
    <skipped/>
  </testcase>
  <testcase name="tearDown" classname="tests.AddFurnitureLeadTest" time="0.0">
    <skipped/>
  </testcase>
  <testcase name="tearDown" classname="tests.AddFurnitureLeadTest" time="0.0">
    <skipped/>
  </testcase>
  <testcase name="tearDown" classname="tests.AddFurnitureLeadTest" time="0.0">
    <skipped/>
  </testcase>
  <testcase name="tearDown" classname="tests.AddFurnitureLeadTest" time="0.0">
    <skipped/>
  </testcase>
  <testcase name="tearDown" classname="tests.AddFurnitureLeadTest" time="0.0">
    <skipped/>
  </testcase>
  <testcase name="tearDown" classname="tests.AddFurnitureLeadTest" time="0.0">
    <skipped/>
  </testcase>
  <testcase name="tearDown" classname="tests.AddFurnitureLeadTest" time="0.0">
    <skipped/>
  </testcase>
  <testcase name="tearDown" classname="tests.AddFurnitureLeadTest" time="0.0">
    <skipped/>
  </testcase>
  <testcase name="tearDown" classname="tests.AddFurnitureLeadTest" time="0.0">
    <skipped/>
  </testcase>
  <testcase name="tearDown" classname="tests.AddFurnitureLeadTest" time="0.0">
    <skipped/>
  </testcase>
  <testcase name="tearDown" classname="tests.AddFurnitureLeadTest" time="0.0">
    <skipped/>
  </testcase>
  <testcase name="tearDown" classname="tests.AddFurnitureLeadTest" time="0.0">
    <skipped/>
  </testcase>
  <testcase name="tearDown" classname="tests.AddFurnitureLeadTest" time="0.0">
    <skipped/>
  </testcase>
  <testcase name="tearDown" classname="tests.AddFurnitureLeadTest" time="0.0">
    <skipped/>
  </testcase>
  <testcase name="tearDown" classname="tests.AddFurnitureLeadTest" time="0.0">
    <skipped/>
  </testcase>
  <testcase name="tearDown" classname="tests.AddFurnitureLeadTest" time="0.0">
    <skipped/>
  </testcase>
  <testcase name="tearDown" classname="tests.AddFurnitureLeadTest" time="0.0">
    <skipped/>
  </testcase>
  <testcase name="tearDown" classname="tests.AddFurnitureLeadTest" time="0.0">
    <skipped/>
  </testcase>
  <testcase name="tearDown" classname="tests.AddFurnitureLeadTest" time="0.0">
    <skipped/>
  </testcase>
  <testcase name="tearDown" classname="tests.AddFurnitureLeadTest" time="0.0">
    <skipped/>
  </testcase>
  <testcase name="tearDown" classname="tests.AddFurnitureLeadTest" time="0.0">
    <skipped/>
  </testcase>
  <testcase name="tearDown" classname="tests.AddFurnitureLeadTest" time="0.0">
    <skipped/>
  </testcase>
  <testcase name="tearDown" classname="tests.AddFurnitureLeadTest" time="0.0">
    <skipped/>
  </testcase>
  <testcase name="tearDown" classname="tests.AddFurnitureLeadTest" time="0.0">
    <skipped/>
  </testcase>
  <testcase name="tearDown" classname="tests.AddFurnitureLeadTest" time="0.0">
    <skipped/>
  </testcase>
  <testcase name="tearDown" classname="tests.AddFurnitureLeadTest" time="0.0">
    <skipped/>
  </testcase>
  <testcase name="tearDown" classname="tests.AddFurnitureLeadTest" time="0.0">
    <skipped/>
  </testcase>
  <testcase name="tearDown" classname="tests.AddFurnitureLeadTest" time="0.0">
    <skipped/>
  </testcase>
  <testcase name="tearDown" classname="tests.AddFurnitureLeadTest" time="0.0">
    <skipped/>
  </testcase>
  <testcase name="tearDown" classname="tests.AddFurnitureLeadTest" time="0.0">
    <skipped/>
  </testcase>
  <testcase name="tearDown" classname="tests.AddFurnitureLeadTest" time="0.0">
    <skipped/>
  </testcase>
  <testcase name="tearDown" classname="tests.AddFurnitureLeadTest" time="0.0">
    <skipped/>
  </testcase>
  <testcase name="tearDown" classname="tests.AddFurnitureLeadTest" time="0.0">
    <skipped/>
  </testcase>
  <testcase name="tearDown" classname="tests.AddFurnitureLeadTest" time="0.0">
    <skipped/>
  </testcase>
  <testcase name="tearDown" classname="tests.AddFurnitureLeadTest" time="0.0">
    <skipped/>
  </testcase>
  <testcase name="tearDown" classname="tests.AddFurnitureLeadTest" time="0.0">
    <skipped/>
  </testcase>
  <testcase name="tearDown" classname="tests.AddFurnitureLeadTest" time="0.0">
    <skipped/>
  </testcase>
  <testcase name="tearDown" classname="tests.AddFurnitureLeadTest" time="0.0">
    <skipped/>
  </testcase>
  <testcase name="tearDown" classname="tests.AddFurnitureLeadTest" time="0.0">
    <skipped/>
  </testcase>
  <testcase name="tearDown" classname="tests.AddFurnitureLeadTest" time="0.0">
    <skipped/>
  </testcase>
  <testcase name="tearDown" classname="tests.AddFurnitureLeadTest" time="0.0">
    <skipped/>
  </testcase>
  <testcase name="tearDown" classname="tests.AddFurnitureLeadTest" time="0.0">
    <skipped/>
  </testcase>
  <testcase name="tearDown" classname="tests.AddFurnitureLeadTest" time="0.0">
    <skipped/>
  </testcase>
  <testcase name="tearDown" classname="tests.AddFurnitureLeadTest" time="0.0">
    <skipped/>
  </testcase>
  <testcase name="tearDown" classname="tests.AddFurnitureLeadTest" time="0.0">
    <skipped/>
  </testcase>
  <testcase name="tearDown" classname="tests.AddFurnitureLeadTest" time="0.0">
    <skipped/>
  </testcase>
  <testcase name="tearDown" classname="tests.AddFurnitureLeadTest" time="0.0">
    <skipped/>
  </testcase>
  <testcase name="tearDown" classname="tests.AddFurnitureLeadTest" time="0.0">
    <skipped/>
  </testcase>
  <testcase name="tearDown" classname="tests.AddFurnitureLeadTest" time="0.0">
    <skipped/>
  </testcase>
  <testcase name="tearDown" classname="tests.AddFurnitureLeadTest" time="0.0">
    <skipped/>
  </testcase>
  <testcase name="tearDown" classname="tests.AddFurnitureLeadTest" time="0.0">
    <skipped/>
  </testcase>
  <testcase name="tearDown" classname="tests.AddFurnitureLeadTest" time="0.0">
    <skipped/>
  </testcase>
  <testcase name="tearDown" classname="tests.AddFurnitureLeadTest" time="0.0">
    <skipped/>
  </testcase>
  <testcase name="tearDown" classname="tests.AddFurnitureLeadTest" time="0.0">
    <skipped/>
  </testcase>
  <testcase name="tearDown" classname="tests.AddFurnitureLeadTest" time="0.0">
    <skipped/>
  </testcase>
  <testcase name="tearDown" classname="tests.AddFurnitureLeadTest" time="0.0">
    <skipped/>
  </testcase>
  <testcase name="tearDown" classname="tests.AddFurnitureLeadTest" time="0.0">
    <skipped/>
  </testcase>
  <testcase name="tearDown" classname="tests.AddFurnitureLeadTest" time="0.0">
    <skipped/>
  </testcase>
  <testcase name="tearDown" classname="tests.AddFurnitureLeadTest" time="0.0">
    <skipped/>
  </testcase>
  <testcase name="tearDown" classname="tests.AddFurnitureLeadTest" time="0.0">
    <skipped/>
  </testcase>
  <testcase name="tearDown" classname="tests.AddFurnitureLeadTest" time="0.0">
    <skipped/>
  </testcase>
  <testcase name="tearDown" classname="tests.AddFurnitureLeadTest" time="0.0">
    <skipped/>
  </testcase>
  <testcase name="tearDown" classname="tests.AddFurnitureLeadTest" time="0.0">
    <skipped/>
  </testcase>
  <testcase name="tearDown" classname="tests.AddFurnitureLeadTest" time="0.0">
    <skipped/>
  </testcase>
  <testcase name="tearDown" classname="tests.AddFurnitureLeadTest" time="0.0">
    <skipped/>
  </testcase>
  <testcase name="tearDown" classname="tests.AddFurnitureLeadTest" time="0.0">
    <skipped/>
  </testcase>
  <testcase name="tearDown" classname="tests.AddFurnitureLeadTest" time="0.0">
    <skipped/>
  </testcase>
  <testcase name="tearDown" classname="tests.AddFurnitureLeadTest" time="0.0">
    <skipped/>
  </testcase>
  <testcase name="tearDown" classname="tests.AddFurnitureLeadTest" time="0.0">
    <skipped/>
  </testcase>
  <testcase name="tearDown" classname="tests.AddFurnitureLeadTest" time="0.0">
    <skipped/>
  </testcase>
  <testcase name="tearDown" classname="tests.AddFurnitureLeadTest" time="0.0">
    <skipped/>
  </testcase>
  <testcase name="tearDown" classname="tests.AddFurnitureLeadTest" time="0.0">
    <skipped/>
  </testcase>
  <testcase name="tearDown" classname="tests.AddFurnitureLeadTest" time="0.0">
    <skipped/>
  </testcase>
  <testcase name="tearDown" classname="tests.AddFurnitureLeadTest" time="0.0">
    <skipped/>
  </testcase>
  <testcase name="tearDown" classname="tests.AddFurnitureLeadTest" time="0.0">
    <skipped/>
  </testcase>
  <testcase name="tearDown" classname="tests.AddFurnitureLeadTest" time="0.0">
    <skipped/>
  </testcase>
  <testcase name="tearDown" classname="tests.AddFurnitureLeadTest" time="0.0">
    <skipped/>
  </testcase>
  <testcase name="tearDown" classname="tests.AddFurnitureLeadTest" time="0.0">
    <skipped/>
  </testcase>
  <testcase name="tearDown" classname="tests.AddFurnitureLeadTest" time="0.0">
    <skipped/>
  </testcase>
  <testcase name="tearDown" classname="tests.AddFurnitureLeadTest" time="0.0">
    <skipped/>
  </testcase>
  <testcase name="tearDown" classname="tests.AddFurnitureLeadTest" time="0.0">
    <skipped/>
  </testcase>
  <testcase name="tearDown" classname="tests.AddFurnitureLeadTest" time="0.0">
    <skipped/>
  </testcase>
  <testcase name="tearDown" classname="tests.AddFurnitureLeadTest" time="0.0">
    <skipped/>
  </testcase>
  <testcase name="tearDown" classname="tests.AddFurnitureLeadTest" time="0.0">
    <skipped/>
  </testcase>
  <testcase name="tearDown" classname="tests.AddFurnitureLeadTest" time="0.0">
    <skipped/>
  </testcase>
  <testcase name="tearDown" classname="tests.AddFurnitureLeadTest" time="0.0">
    <skipped/>
  </testcase>
  <testcase name="tearDown" classname="tests.AddFurnitureLeadTest" time="0.0">
    <skipped/>
  </testcase>
  <testcase name="tearDown" classname="tests.AddFurnitureLeadTest" time="0.0">
    <skipped/>
  </testcase>
  <testcase name="tearDown" classname="tests.AddFurnitureLeadTest" time="0.0">
    <skipped/>
  </testcase>
  <testcase name="tearDown" classname="tests.AddFurnitureLeadTest" time="0.0">
    <skipped/>
  </testcase>
  <testcase name="tearDown" classname="tests.AddFurnitureLeadTest" time="0.0">
    <skipped/>
  </testcase>
  <testcase name="tearDown" classname="tests.AddFurnitureLeadTest" time="0.0">
    <skipped/>
  </testcase>
  <testcase name="tearDown" classname="tests.AddFurnitureLeadTest" time="0.0">
    <skipped/>
  </testcase>
  <testcase name="tearDown" classname="tests.AddFurnitureLeadTest" time="0.0">
    <skipped/>
  </testcase>
  <testcase name="tearDown" classname="tests.AddFurnitureLeadTest" time="0.0">
    <skipped/>
  </testcase>
  <testcase name="tearDown" classname="tests.AddFurnitureLeadTest" time="0.0">
    <skipped/>
  </testcase>
  <testcase name="tearDown" classname="tests.AddFurnitureLeadTest" time="0.0">
    <skipped/>
  </testcase>
  <testcase name="tearDown" classname="tests.AddFurnitureLeadTest" time="0.0">
    <skipped/>
  </testcase>
  <testcase name="tearDown" classname="tests.AddFurnitureLeadTest" time="0.0">
    <skipped/>
  </testcase>
  <testcase name="tearDown" classname="tests.AddFurnitureLeadTest" time="0.0">
    <skipped/>
  </testcase>
  <testcase name="tearDown" classname="tests.AddFurnitureLeadTest" time="0.0">
    <skipped/>
  </testcase>
  <testcase name="tearDown" classname="tests.AddFurnitureLeadTest" time="0.0">
    <skipped/>
  </testcase>
  <testcase name="tearDown" classname="tests.AddFurnitureLeadTest" time="0.0">
    <skipped/>
  </testcase>
  <testcase name="tearDown" classname="tests.AddFurnitureLeadTest" time="0.0">
    <skipped/>
  </testcase>
  <testcase name="tearDown" classname="tests.AddFurnitureLeadTest" time="0.0">
    <skipped/>
  </testcase>
  <testcase name="tearDown" classname="tests.AddFurnitureLeadTest" time="0.0">
    <skipped/>
  </testcase>
  <testcase name="tearDown" classname="tests.AddFurnitureLeadTest" time="0.0">
    <skipped/>
  </testcase>
  <testcase name="tearDown" classname="tests.AddFurnitureLeadTest" time="0.0">
    <skipped/>
  </testcase>
  <testcase name="tearDown" classname="tests.AddFurnitureLeadTest" time="0.0">
    <skipped/>
  </testcase>
  <testcase name="tearDown" classname="tests.AddFurnitureLeadTest" time="0.0">
    <skipped/>
  </testcase>
  <testcase name="tearDown" classname="tests.AddFurnitureLeadTest" time="0.0">
    <skipped/>
  </testcase>
  <testcase name="tearDown" classname="tests.AddFurnitureLeadTest" time="0.0">
    <skipped/>
  </testcase>
  <testcase name="tearDown" classname="tests.AddFurnitureLeadTest" time="0.0">
    <skipped/>
  </testcase>
  <testcase name="tearDown" classname="tests.AddFurnitureLeadTest" time="0.0">
    <skipped/>
  </testcase>
  <testcase name="tearDown" classname="tests.AddFurnitureLeadTest" time="0.0">
    <skipped/>
  </testcase>
  <testcase name="tearDown" classname="tests.AddFurnitureLeadTest" time="0.0">
    <skipped/>
  </testcase>
  <testcase name="tearDown" classname="tests.AddFurnitureLeadTest" time="0.0">
    <skipped/>
  </testcase>
  <testcase name="tearDown" classname="tests.AddFurnitureLeadTest" time="0.0">
    <skipped/>
  </testcase>
  <testcase name="tearDown" classname="tests.AddFurnitureLeadTest" time="0.0">
    <skipped/>
  </testcase>
  <testcase name="tearDown" classname="tests.AddFurnitureLeadTest" time="0.0">
    <skipped/>
  </testcase>
  <testcase name="tearDown" classname="tests.AddFurnitureLeadTest" time="0.0">
    <skipped/>
  </testcase>
  <testcase name="tearDown" classname="tests.AddFurnitureLeadTest" time="0.0">
    <skipped/>
  </testcase>
  <testcase name="tearDown" classname="tests.AddFurnitureLeadTest" time="0.0">
    <skipped/>
  </testcase>
  <testcase name="tearDown" classname="tests.AddFurnitureLeadTest" time="0.0">
    <skipped/>
  </testcase>
  <testcase name="tearDown" classname="tests.AddFurnitureLeadTest" time="0.0">
    <skipped/>
  </testcase>
  <testcase name="tearDown" classname="tests.AddFurnitureLeadTest" time="0.0">
    <skipped/>
  </testcase>
  <testcase name="tearDown" classname="tests.AddFurnitureLeadTest" time="0.0">
    <skipped/>
  </testcase>
  <testcase name="tearDown" classname="tests.AddFurnitureLeadTest" time="0.0">
    <skipped/>
  </testcase>
  <testcase name="tearDown" classname="tests.AddFurnitureLeadTest" time="0.0">
    <skipped/>
  </testcase>
  <testcase name="tearDown" classname="tests.AddFurnitureLeadTest" time="0.0">
    <skipped/>
  </testcase>
  <testcase name="tearDown" classname="tests.AddFurnitureLeadTest" time="0.0">
    <skipped/>
  </testcase>
  <testcase name="tearDown" classname="tests.AddFurnitureLeadTest" time="0.0">
    <skipped/>
  </testcase>
  <testcase name="tearDown" classname="tests.AddFurnitureLeadTest" time="0.0">
    <skipped/>
  </testcase>
  <testcase name="tearDown" classname="tests.AddFurnitureLeadTest" time="0.0">
    <skipped/>
  </testcase>
  <testcase name="tearDown" classname="tests.AddFurnitureLeadTest" time="0.0">
    <skipped/>
  </testcase>
  <testcase name="tearDown" classname="tests.AddFurnitureLeadTest" time="0.0">
    <skipped/>
  </testcase>
  <testcase name="tearDown" classname="tests.AddFurnitureLeadTest" time="0.0">
    <skipped/>
  </testcase>
  <testcase name="tearDown" classname="tests.AddFurnitureLeadTest" time="0.0">
    <skipped/>
  </testcase>
  <testcase name="tearDown" classname="tests.AddFurnitureLeadTest" time="0.0">
    <skipped/>
  </testcase>
  <testcase name="tearDown" classname="tests.AddFurnitureLeadTest" time="0.0">
    <skipped/>
  </testcase>
  <testcase name="tearDown" classname="tests.AddFurnitureLeadTest" time="0.0">
    <skipped/>
  </testcase>
  <testcase name="tearDown" classname="tests.AddFurnitureLeadTest" time="0.0">
    <skipped/>
  </testcase>
  <testcase name="tearDown" classname="tests.AddFurnitureLeadTest" time="0.0">
    <skipped/>
  </testcase>
  <testcase name="tearDown" classname="tests.AddFurnitureLeadTest" time="0.0">
    <skipped/>
  </testcase>
  <testcase name="tearDown" classname="tests.AddFurnitureLeadTest" time="0.0">
    <skipped/>
  </testcase>
  <testcase name="tearDown" classname="tests.AddFurnitureLeadTest" time="0.0">
    <skipped/>
  </testcase>
  <testcase name="tearDown" classname="tests.AddFurnitureLeadTest" time="0.0">
    <skipped/>
  </testcase>
  <testcase name="tearDown" classname="tests.AddFurnitureLeadTest" time="0.0">
    <skipped/>
  </testcase>
  <testcase name="tearDown" classname="tests.AddFurnitureLeadTest" time="0.0">
    <skipped/>
  </testcase>
  <testcase name="tearDown" classname="tests.AddFurnitureLeadTest" time="0.0">
    <skipped/>
  </testcase>
  <testcase name="tearDown" classname="tests.AddFurnitureLeadTest" time="0.0">
    <skipped/>
  </testcase>
  <testcase name="tearDown" classname="tests.AddFurnitureLeadTest" time="0.0">
    <skipped/>
  </testcase>
  <testcase name="tearDown" classname="tests.AddFurnitureLeadTest" time="0.0">
    <skipped/>
  </testcase>
  <testcase name="tearDown" classname="tests.AddFurnitureLeadTest" time="0.0">
    <skipped/>
  </testcase>
  <testcase name="tearDown" classname="tests.AddFurnitureLeadTest" time="0.0">
    <skipped/>
  </testcase>
  <testcase name="tearDown" classname="tests.AddFurnitureLeadTest" time="0.0">
    <skipped/>
  </testcase>
  <testcase name="tearDown" classname="tests.AddFurnitureLeadTest" time="0.0">
    <skipped/>
  </testcase>
  <testcase name="tearDown" classname="tests.AddFurnitureLeadTest" time="0.0">
    <skipped/>
  </testcase>
  <testcase name="tearDown" classname="tests.AddFurnitureLeadTest" time="0.0">
    <skipped/>
  </testcase>
  <testcase name="tearDown" classname="tests.AddFurnitureLeadTest" time="0.0">
    <skipped/>
  </testcase>
  <testcase name="tearDown" classname="tests.AddFurnitureLeadTest" time="0.0">
    <skipped/>
  </testcase>
  <testcase name="tearDown" classname="tests.AddFurnitureLeadTest" time="0.0">
    <skipped/>
  </testcase>
  <testcase name="tearDown" classname="tests.AddFurnitureLeadTest" time="0.0">
    <skipped/>
  </testcase>
  <testcase name="tearDown" classname="tests.AddFurnitureLeadTest" time="0.0">
    <skipped/>
  </testcase>
  <testcase name="tearDown" classname="tests.AddFurnitureLeadTest" time="0.0">
    <skipped/>
  </testcase>
  <testcase name="tearDown" classname="tests.AddFurnitureLeadTest" time="0.0">
    <skipped/>
  </testcase>
  <testcase name="tearDown" classname="tests.AddFurnitureLeadTest" time="0.0">
    <skipped/>
  </testcase>
  <testcase name="tearDown" classname="tests.AddFurnitureLeadTest" time="0.0">
    <skipped/>
  </testcase>
  <testcase name="tearDown" classname="tests.AddFurnitureLeadTest" time="0.0">
    <skipped/>
  </testcase>
  <testcase name="tearDown" classname="tests.AddFurnitureLeadTest" time="0.0">
    <skipped/>
  </testcase>
  <testcase name="tearDown" classname="tests.AddFurnitureLeadTest" time="0.0">
    <skipped/>
  </testcase>
  <testcase name="tearDown" classname="tests.AddFurnitureLeadTest" time="0.0">
    <skipped/>
  </testcase>
  <testcase name="tearDown" classname="tests.AddFurnitureLeadTest" time="0.0">
    <skipped/>
  </testcase>
  <testcase name="tearDown" classname="tests.AddFurnitureLeadTest" time="0.0">
    <skipped/>
  </testcase>
  <testcase name="tearDown" classname="tests.AddFurnitureLeadTest" time="0.0">
    <skipped/>
  </testcase>
  <testcase name="tearDown" classname="tests.AddFurnitureLeadTest" time="0.0">
    <skipped/>
  </testcase>
  <testcase name="tearDown" classname="tests.AddFurnitureLeadTest" time="0.0">
    <skipped/>
  </testcase>
  <testcase name="tearDown" classname="tests.AddFurnitureLeadTest" time="0.0">
    <skipped/>
  </testcase>
  <testcase name="tearDown" classname="tests.AddFurnitureLeadTest" time="0.0">
    <skipped/>
  </testcase>
  <testcase name="tearDown" classname="tests.AddFurnitureLeadTest" time="0.0">
    <skipped/>
  </testcase>
  <testcase name="tearDown" classname="tests.AddFurnitureLeadTest" time="0.0">
    <skipped/>
  </testcase>
  <testcase name="tearDown" classname="tests.AddFurnitureLeadTest" time="0.0">
    <skipped/>
  </testcase>
  <testcase name="tearDown" classname="tests.AddFurnitureLeadTest" time="0.0">
    <skipped/>
  </testcase>
  <testcase name="tearDown" classname="tests.AddFurnitureLeadTest" time="0.0">
    <skipped/>
  </testcase>
  <testcase name="tearDown" classname="tests.AddFurnitureLeadTest" time="0.0">
    <skipped/>
  </testcase>
  <testcase name="tearDown" classname="tests.AddFurnitureLeadTest" time="0.0">
    <skipped/>
  </testcase>
  <testcase name="tearDown" classname="tests.AddFurnitureLeadTest" time="0.0">
    <skipped/>
  </testcase>
  <testcase name="tearDown" classname="tests.AddFurnitureLeadTest" time="0.0">
    <skipped/>
  </testcase>
  <testcase name="tearDown" classname="tests.AddFurnitureLeadTest" time="0.0">
    <skipped/>
  </testcase>
  <testcase name="tearDown" classname="tests.AddFurnitureLeadTest" time="0.0">
    <skipped/>
  </testcase>
  <testcase name="tearDown" classname="tests.AddFurnitureLeadTest" time="0.0">
    <skipped/>
  </testcase>
  <testcase name="tearDown" classname="tests.AddFurnitureLeadTest" time="0.0">
    <skipped/>
  </testcase>
  <testcase name="tearDown" classname="tests.AddFurnitureLeadTest" time="0.0">
    <skipped/>
  </testcase>
  <testcase name="tearDown" classname="tests.AddFurnitureLeadTest" time="0.0">
    <skipped/>
  </testcase>
  <testcase name="tearDown" classname="tests.AddFurnitureLeadTest" time="0.0">
    <skipped/>
  </testcase>
  <testcase name="tearDown" classname="tests.AddFurnitureLeadTest" time="0.0">
    <skipped/>
  </testcase>
  <testcase name="tearDown" classname="tests.AddFurnitureLeadTest" time="0.0">
    <skipped/>
  </testcase>
  <testcase name="tearDown" classname="tests.AddFurnitureLeadTest" time="0.0">
    <skipped/>
  </testcase>
  <testcase name="tearDown" classname="tests.AddFurnitureLeadTest" time="0.0">
    <skipped/>
  </testcase>
  <testcase name="tearDown" classname="tests.AddFurnitureLeadTest" time="0.0">
    <skipped/>
  </testcase>
  <testcase name="tearDown" classname="tests.AddFurnitureLeadTest" time="0.0">
    <skipped/>
  </testcase>
  <testcase name="tearDown" classname="tests.AddFurnitureLeadTest" time="0.0">
    <skipped/>
  </testcase>
  <testcase name="tearDown" classname="tests.AddFurnitureLeadTest" time="0.0">
    <skipped/>
  </testcase>
  <testcase name="tearDown" classname="tests.AddFurnitureLeadTest" time="0.0">
    <skipped/>
  </testcase>
  <testcase name="tearDown" classname="tests.AddFurnitureLeadTest" time="0.0">
    <skipped/>
  </testcase>
  <testcase name="tearDown" classname="tests.AddFurnitureLeadTest" time="0.0">
    <skipped/>
  </testcase>
  <testcase name="tearDown" classname="tests.AddFurnitureLeadTest" time="0.0">
    <skipped/>
  </testcase>
  <testcase name="tearDown" classname="tests.AddFurnitureLeadTest" time="0.0">
    <skipped/>
  </testcase>
  <testcase name="tearDown" classname="tests.AddFurnitureLeadTest" time="0.0">
    <skipped/>
  </testcase>
  <testcase name="tearDown" classname="tests.AddFurnitureLeadTest" time="0.0">
    <skipped/>
  </testcase>
  <testcase name="tearDown" classname="tests.AddFurnitureLeadTest" time="0.0">
    <skipped/>
  </testcase>
  <testcase name="tearDown" classname="tests.AddFurnitureLeadTest" time="0.0">
    <skipped/>
  </testcase>
  <testcase name="tearDown" classname="tests.AddFurnitureLeadTest" time="0.0">
    <skipped/>
  </testcase>
  <testcase name="tearDown" classname="tests.AddFurnitureLeadTest" time="0.0">
    <skipped/>
  </testcase>
  <testcase name="tearDown" classname="tests.AddFurnitureLeadTest" time="0.0">
    <skipped/>
  </testcase>
  <testcase name="tearDown" classname="tests.AddFurnitureLeadTest" time="0.0">
    <skipped/>
  </testcase>
  <testcase name="tearDown" classname="tests.AddFurnitureLeadTest" time="0.0">
    <skipped/>
  </testcase>
  <testcase name="tearDown" classname="tests.AddFurnitureLeadTest" time="0.0">
    <skipped/>
  </testcase>
  <testcase name="tearDown" classname="tests.AddFurnitureLeadTest" time="0.0">
    <skipped/>
  </testcase>
  <testcase name="tearDown" classname="tests.AddFurnitureLeadTest" time="0.0">
    <skipped/>
  </testcase>
  <testcase name="tearDown" classname="tests.AddFurnitureLeadTest" time="0.0">
    <skipped/>
  </testcase>
  <testcase name="tearDown" classname="tests.AddFurnitureLeadTest" time="0.0">
    <skipped/>
  </testcase>
  <testcase name="tearDown" classname="tests.AddFurnitureLeadTest" time="0.0">
    <skipped/>
  </testcase>
  <testcase name="tearDown" classname="tests.AddFurnitureLeadTest" time="0.0">
    <skipped/>
  </testcase>
  <testcase name="tearDown" classname="tests.AddFurnitureLeadTest" time="0.0">
    <skipped/>
  </testcase>
  <testcase name="tearDown" classname="tests.AddFurnitureLeadTest" time="0.0">
    <skipped/>
  </testcase>
  <testcase name="tearDown" classname="tests.AddFurnitureLeadTest" time="0.0">
    <skipped/>
  </testcase>
  <testcase name="tearDown" classname="tests.AddFurnitureLeadTest" time="0.0">
    <skipped/>
  </testcase>
  <testcase name="tearDown" classname="tests.AddFurnitureLeadTest" time="0.0">
    <skipped/>
  </testcase>
  <testcase name="tearDown" classname="tests.AddFurnitureLeadTest" time="0.0">
    <skipped/>
  </testcase>
  <testcase name="tearDown" classname="tests.AddFurnitureLeadTest" time="0.0">
    <skipped/>
  </testcase>
  <testcase name="tearDown" classname="tests.AddFurnitureLeadTest" time="0.0">
    <skipped/>
  </testcase>
  <testcase name="tearDown" classname="tests.AddFurnitureLeadTest" time="0.0">
    <skipped/>
  </testcase>
  <testcase name="tearDown" classname="tests.AddFurnitureLeadTest" time="0.0">
    <skipped/>
  </testcase>
  <testcase name="tearDown" classname="tests.AddFurnitureLeadTest" time="0.0">
    <skipped/>
  </testcase>
  <testcase name="tearDown" classname="tests.AddFurnitureLeadTest" time="0.0">
    <skipped/>
  </testcase>
  <testcase name="tearDown" classname="tests.AddFurnitureLeadTest" time="0.0">
    <skipped/>
  </testcase>
  <testcase name="tearDown" classname="tests.AddFurnitureLeadTest" time="0.0">
    <skipped/>
  </testcase>
  <testcase name="tearDown" classname="tests.AddFurnitureLeadTest" time="0.0">
    <skipped/>
  </testcase>
  <testcase name="tearDown" classname="tests.AddFurnitureLeadTest" time="0.0">
    <skipped/>
  </testcase>
  <testcase name="tearDown" classname="tests.AddFurnitureLeadTest" time="0.0">
    <skipped/>
  </testcase>
  <testcase name="tearDown" classname="tests.AddFurnitureLeadTest" time="0.0">
    <skipped/>
  </testcase>
  <testcase name="tearDown" classname="tests.AddFurnitureLeadTest" time="0.0">
    <skipped/>
  </testcase>
  <testcase name="tearDown" classname="tests.AddFurnitureLeadTest" time="0.0">
    <skipped/>
  </testcase>
  <testcase name="tearDown" classname="tests.AddFurnitureLeadTest" time="0.0">
    <skipped/>
  </testcase>
  <testcase name="tearDown" classname="tests.AddFurnitureLeadTest" time="0.0">
    <skipped/>
  </testcase>
  <testcase name="tearDown" classname="tests.AddFurnitureLeadTest" time="0.0">
    <skipped/>
  </testcase>
  <testcase name="tearDown" classname="tests.AddFurnitureLeadTest" time="0.0">
    <skipped/>
  </testcase>
  <testcase name="tearDown" classname="tests.AddFurnitureLeadTest" time="0.0">
    <skipped/>
  </testcase>
  <testcase name="tearDown" classname="tests.AddFurnitureLeadTest" time="0.0">
    <skipped/>
  </testcase>
  <testcase name="tearDown" classname="tests.AddFurnitureLeadTest" time="0.0">
    <skipped/>
  </testcase>
  <testcase name="tearDown" classname="tests.AddFurnitureLeadTest" time="0.0">
    <skipped/>
  </testcase>
  <testcase name="tearDown" classname="tests.AddFurnitureLeadTest" time="0.0">
    <skipped/>
  </testcase>
  <testcase name="tearDown" classname="tests.AddFurnitureLeadTest" time="0.0">
    <skipped/>
  </testcase>
  <testcase name="tearDown" classname="tests.AddFurnitureLeadTest" time="0.0">
    <skipped/>
  </testcase>
  <testcase name="tearDown" classname="tests.AddFurnitureLeadTest" time="0.0">
    <skipped/>
  </testcase>
  <testcase name="tearDown" classname="tests.AddFurnitureLeadTest" time="0.0">
    <skipped/>
  </testcase>
  <testcase name="tearDown" classname="tests.AddFurnitureLeadTest" time="0.0">
    <skipped/>
  </testcase>
  <testcase name="tearDown" classname="tests.AddFurnitureLeadTest" time="0.0">
    <skipped/>
  </testcase>
  <testcase name="tearDown" classname="tests.AddFurnitureLeadTest" time="0.0">
    <skipped/>
  </testcase>
  <testcase name="tearDown" classname="tests.AddFurnitureLeadTest" time="0.0">
    <skipped/>
  </testcase>
  <testcase name="tearDown" classname="tests.AddFurnitureLeadTest" time="0.0">
    <skipped/>
  </testcase>
  <testcase name="tearDown" classname="tests.AddFurnitureLeadTest" time="0.0">
    <skipped/>
  </testcase>
  <testcase name="tearDown" classname="tests.AddFurnitureLeadTest" time="0.0">
    <skipped/>
  </testcase>
  <testcase name="tearDown" classname="tests.AddFurnitureLeadTest" time="0.0">
    <skipped/>
  </testcase>
  <testcase name="tearDown" classname="tests.AddFurnitureLeadTest" time="0.0">
    <skipped/>
  </testcase>
  <testcase name="tearDown" classname="tests.AddFurnitureLeadTest" time="0.0">
    <skipped/>
  </testcase>
  <testcase name="tearDown" classname="tests.AddFurnitureLeadTest" time="0.0">
    <skipped/>
  </testcase>
  <testcase name="tearDown" classname="tests.AddFurnitureLeadTest" time="0.0">
    <skipped/>
  </testcase>
  <testcase name="tearDown" classname="tests.AddFurnitureLeadTest" time="0.0">
    <skipped/>
  </testcase>
  <testcase name="tearDown" classname="tests.AddFurnitureLeadTest" time="0.0">
    <skipped/>
  </testcase>
  <testcase name="tearDown" classname="tests.AddFurnitureLeadTest" time="0.0">
    <skipped/>
  </testcase>
  <testcase name="tearDown" classname="tests.AddFurnitureLeadTest" time="0.0">
    <skipped/>
  </testcase>
  <testcase name="tearDown" classname="tests.AddFurnitureLeadTest" time="0.0">
    <skipped/>
  </testcase>
  <testcase name="tearDown" classname="tests.AddFurnitureLeadTest" time="0.0">
    <skipped/>
  </testcase>
  <testcase name="tearDown" classname="tests.AddFurnitureLeadTest" time="0.0">
    <skipped/>
  </testcase>
  <testcase name="tearDown" classname="tests.AddFurnitureLeadTest" time="0.0">
    <skipped/>
  </testcase>
  <testcase name="tearDown" classname="tests.AddFurnitureLeadTest" time="0.0">
    <skipped/>
  </testcase>
  <testcase name="tearDown" classname="tests.AddFurnitureLeadTest" time="0.0">
    <skipped/>
  </testcase>
  <testcase name="tearDown" classname="tests.AddFurnitureLeadTest" time="0.0">
    <skipped/>
  </testcase>
  <testcase name="tearDown" classname="tests.AddFurnitureLeadTest" time="0.0">
    <skipped/>
  </testcase>
  <testcase name="tearDown" classname="tests.AddFurnitureLeadTest" time="0.0">
    <skipped/>
  </testcase>
  <testcase name="tearDown" classname="tests.AddFurnitureLeadTest" time="0.0">
    <skipped/>
  </testcase>
  <testcase name="tearDown" classname="tests.AddFurnitureLeadTest" time="0.0">
    <skipped/>
  </testcase>
  <testcase name="tearDown" classname="tests.AddFurnitureLeadTest" time="0.0">
    <skipped/>
  </testcase>
  <testcase name="tearDown" classname="tests.AddFurnitureLeadTest" time="0.0">
    <skipped/>
  </testcase>
  <testcase name="tearDown" classname="tests.AddFurnitureLeadTest" time="0.0">
    <skipped/>
  </testcase>
  <testcase name="tearDown" classname="tests.AddFurnitureLeadTest" time="0.0">
    <skipped/>
  </testcase>
  <testcase name="tearDown" classname="tests.AddFurnitureLeadTest" time="0.0">
    <skipped/>
  </testcase>
  <testcase name="tearDown" classname="tests.AddFurnitureLeadTest" time="0.0">
    <skipped/>
  </testcase>
  <testcase name="tearDown" classname="tests.AddFurnitureLeadTest" time="0.0">
    <skipped/>
  </testcase>
  <testcase name="tearDown" classname="tests.AddFurnitureLeadTest" time="0.0">
    <skipped/>
  </testcase>
  <testcase name="tearDown" classname="tests.AddFurnitureLeadTest" time="0.0">
    <skipped/>
  </testcase>
  <testcase name="tearDown" classname="tests.AddFurnitureLeadTest" time="0.0">
    <skipped/>
  </testcase>
  <testcase name="tearDown" classname="tests.AddFurnitureLeadTest" time="0.0">
    <skipped/>
  </testcase>
  <testcase name="tearDown" classname="tests.AddFurnitureLeadTest" time="0.0">
    <skipped/>
  </testcase>
  <testcase name="tearDown" classname="tests.AddFurnitureLeadTest" time="0.0">
    <skipped/>
  </testcase>
  <testcase name="tearDown" classname="tests.AddFurnitureLeadTest" time="0.0">
    <skipped/>
  </testcase>
  <testcase name="tearDown" classname="tests.AddFurnitureLeadTest" time="0.0">
    <skipped/>
  </testcase>
  <testcase name="tearDown" classname="tests.AddFurnitureLeadTest" time="0.0">
    <skipped/>
  </testcase>
  <testcase name="tearDown" classname="tests.AddFurnitureLeadTest" time="0.0">
    <skipped/>
  </testcase>
  <testcase name="tearDown" classname="tests.AddFurnitureLeadTest" time="0.0">
    <skipped/>
  </testcase>
  <testcase name="tearDown" classname="tests.AddFurnitureLeadTest" time="0.0">
    <skipped/>
  </testcase>
  <testcase name="tearDown" classname="tests.AddFurnitureLeadTest" time="0.0">
    <skipped/>
  </testcase>
  <testcase name="tearDown" classname="tests.AddFurnitureLeadTest" time="0.0">
    <skipped/>
  </testcase>
  <testcase name="tearDown" classname="tests.AddFurnitureLeadTest" time="0.0">
    <skipped/>
  </testcase>
  <testcase name="tearDown" classname="tests.AddFurnitureLeadTest" time="0.0">
    <skipped/>
  </testcase>
  <testcase name="tearDown" classname="tests.AddFurnitureLeadTest" time="0.0">
    <skipped/>
  </testcase>
  <testcase name="tearDown" classname="tests.AddFurnitureLeadTest" time="0.0">
    <skipped/>
  </testcase>
  <testcase name="tearDown" classname="tests.AddFurnitureLeadTest" time="0.0">
    <skipped/>
  </testcase>
  <testcase name="tearDown" classname="tests.AddFurnitureLeadTest" time="0.0">
    <skipped/>
  </testcase>
  <testcase name="tearDown" classname="tests.AddFurnitureLeadTest" time="0.0">
    <skipped/>
  </testcase>
  <testcase name="tearDown" classname="tests.AddFurnitureLeadTest" time="0.0">
    <skipped/>
  </testcase>
  <testcase name="tearDown" classname="tests.AddFurnitureLeadTest" time="0.0">
    <skipped/>
  </testcase>
  <testcase name="tearDown" classname="tests.AddFurnitureLeadTest" time="0.0">
    <skipped/>
  </testcase>
  <testcase name="tearDown" classname="tests.AddFurnitureLeadTest" time="0.0">
    <skipped/>
  </testcase>
  <testcase name="tearDown" classname="tests.AddFurnitureLeadTest" time="0.0">
    <skipped/>
  </testcase>
  <testcase name="tearDown" classname="tests.AddFurnitureLeadTest" time="0.0">
    <skipped/>
  </testcase>
  <testcase name="tearDown" classname="tests.AddFurnitureLeadTest" time="0.0">
    <skipped/>
  </testcase>
  <testcase name="tearDown" classname="tests.AddFurnitureLeadTest" time="0.0">
    <skipped/>
  </testcase>
  <testcase name="tearDown" classname="tests.AddFurnitureLeadTest" time="0.0">
    <skipped/>
  </testcase>
  <testcase name="tearDown" classname="tests.AddFurnitureLeadTest" time="0.0">
    <skipped/>
  </testcase>
  <testcase name="tearDown" classname="tests.AddFurnitureLeadTest" time="0.0">
    <skipped/>
  </testcase>
  <testcase name="tearDown" classname="tests.AddFurnitureLeadTest" time="0.0">
    <skipped/>
  </testcase>
  <testcase name="tearDown" classname="tests.AddFurnitureLeadTest" time="0.0">
    <skipped/>
  </testcase>
  <testcase name="tearDown" classname="tests.AddFurnitureLeadTest" time="0.0">
    <skipped/>
  </testcase>
  <testcase name="tearDown" classname="tests.AddFurnitureLeadTest" time="0.0">
    <skipped/>
  </testcase>
  <testcase name="tearDown" classname="tests.AddFurnitureLeadTest" time="0.0">
    <skipped/>
  </testcase>
  <testcase name="tearDown" classname="tests.AddFurnitureLeadTest" time="0.0">
    <skipped/>
  </testcase>
  <testcase name="tearDown" classname="tests.AddFurnitureLeadTest" time="0.0">
    <skipped/>
  </testcase>
  <testcase name="tearDown" classname="tests.AddFurnitureLeadTest" time="0.0">
    <skipped/>
  </testcase>
  <testcase name="tearDown" classname="tests.AddFurnitureLeadTest" time="0.0">
    <skipped/>
  </testcase>
  <testcase name="tearDown" classname="tests.AddFurnitureLeadTest" time="0.0">
    <skipped/>
  </testcase>
  <testcase name="tearDown" classname="tests.AddFurnitureLeadTest" time="0.0">
    <skipped/>
  </testcase>
  <testcase name="tearDown" classname="tests.AddFurnitureLeadTest" time="0.0">
    <skipped/>
  </testcase>
  <testcase name="tearDown" classname="tests.AddFurnitureLeadTest" time="0.0">
    <skipped/>
  </testcase>
  <testcase name="tearDown" classname="tests.AddFurnitureLeadTest" time="0.0">
    <skipped/>
  </testcase>
  <testcase name="tearDown" classname="tests.AddFurnitureLeadTest" time="0.0">
    <skipped/>
  </testcase>
  <testcase name="tearDown" classname="tests.AddFurnitureLeadTest" time="0.0">
    <skipped/>
  </testcase>
  <testcase name="tearDown" classname="tests.AddFurnitureLeadTest" time="0.0">
    <skipped/>
  </testcase>
  <testcase name="tearDown" classname="tests.AddFurnitureLeadTest" time="0.0">
    <skipped/>
  </testcase>
  <testcase name="tearDown" classname="tests.AddFurnitureLeadTest" time="0.0">
    <skipped/>
  </testcase>
  <testcase name="tearDown" classname="tests.AddFurnitureLeadTest" time="0.0">
    <skipped/>
  </testcase>
  <testcase name="tearDown" classname="tests.AddFurnitureLeadTest" time="0.0">
    <skipped/>
  </testcase>
  <testcase name="tearDown" classname="tests.AddFurnitureLeadTest" time="0.0">
    <skipped/>
  </testcase>
  <testcase name="tearDown" classname="tests.AddFurnitureLeadTest" time="0.0">
    <skipped/>
  </testcase>
  <testcase name="tearDown" classname="tests.AddFurnitureLeadTest" time="0.0">
    <skipped/>
  </testcase>
  <testcase name="tearDown" classname="tests.AddFurnitureLeadTest" time="0.0">
    <skipped/>
  </testcase>
  <testcase name="tearDown" classname="tests.AddFurnitureLeadTest" time="0.0">
    <skipped/>
  </testcase>
  <testcase name="tearDown" classname="tests.AddFurnitureLeadTest" time="0.0">
    <skipped/>
  </testcase>
  <testcase name="tearDown" classname="tests.AddFurnitureLeadTest" time="0.0">
    <skipped/>
  </testcase>
  <testcase name="tearDown" classname="tests.AddFurnitureLeadTest" time="0.0">
    <skipped/>
  </testcase>
  <testcase name="tearDown" classname="tests.AddFurnitureLeadTest" time="0.0">
    <skipped/>
  </testcase>
  <testcase name="tearDown" classname="tests.AddFurnitureLeadTest" time="0.0">
    <skipped/>
  </testcase>
  <testcase name="tearDown" classname="tests.AddFurnitureLeadTest" time="0.0">
    <skipped/>
  </testcase>
  <testcase name="tearDown" classname="tests.AddFurnitureLeadTest" time="0.0">
    <skipped/>
  </testcase>
  <testcase name="tearDown" classname="tests.AddFurnitureLeadTest" time="0.0">
    <skipped/>
  </testcase>
  <testcase name="tearDown" classname="tests.AddFurnitureLeadTest" time="0.0">
    <skipped/>
  </testcase>
  <testcase name="tearDown" classname="tests.AddFurnitureLeadTest" time="0.0">
    <skipped/>
  </testcase>
  <testcase name="tearDown" classname="tests.AddFurnitureLeadTest" time="0.0">
    <skipped/>
  </testcase>
  <testcase name="tearDown" classname="tests.AddFurnitureLeadTest" time="0.0">
    <skipped/>
  </testcase>
  <testcase name="tearDown" classname="tests.AddFurnitureLeadTest" time="0.0">
    <skipped/>
  </testcase>
  <testcase name="tearDown" classname="tests.AddFurnitureLeadTest" time="0.0">
    <skipped/>
  </testcase>
  <testcase name="tearDown" classname="tests.AddFurnitureLeadTest" time="0.0">
    <skipped/>
  </testcase>
  <testcase name="tearDown" classname="tests.AddFurnitureLeadTest" time="0.0">
    <skipped/>
  </testcase>
  <testcase name="tearDown" classname="tests.AddFurnitureLeadTest" time="0.0">
    <skipped/>
  </testcase>
  <testcase name="tearDown" classname="tests.AddFurnitureLeadTest" time="0.0">
    <skipped/>
  </testcase>
  <testcase name="tearDown" classname="tests.AddFurnitureLeadTest" time="0.0">
    <skipped/>
  </testcase>
  <testcase name="tearDown" classname="tests.AddFurnitureLeadTest" time="0.0">
    <skipped/>
  </testcase>
  <testcase name="tearDown" classname="tests.AddFurnitureLeadTest" time="0.0">
    <skipped/>
  </testcase>
  <testcase name="tearDown" classname="tests.AddFurnitureLeadTest" time="0.0">
    <skipped/>
  </testcase>
  <testcase name="tearDown" classname="tests.AddFurnitureLeadTest" time="0.0">
    <skipped/>
  </testcase>
  <testcase name="tearDown" classname="tests.AddFurnitureLeadTest" time="0.0">
    <skipped/>
  </testcase>
  <testcase name="tearDown" classname="tests.AddFurnitureLeadTest" time="0.0">
    <skipped/>
  </testcase>
  <testcase name="tearDown" classname="tests.AddFurnitureLeadTest" time="0.0">
    <skipped/>
  </testcase>
  <testcase name="tearDown" classname="tests.AddFurnitureLeadTest" time="0.0">
    <skipped/>
  </testcase>
  <testcase name="tearDown" classname="tests.AddFurnitureLeadTest" time="0.0">
    <skipped/>
  </testcase>
  <testcase name="tearDown" classname="tests.AddFurnitureLeadTest" time="0.0">
    <skipped/>
  </testcase>
  <testcase name="tearDown" classname="tests.AddFurnitureLeadTest" time="0.0">
    <skipped/>
  </testcase>
  <testcase name="tearDown" classname="tests.AddFurnitureLeadTest" time="0.0">
    <skipped/>
  </testcase>
  <testcase name="tearDown" classname="tests.AddFurnitureLeadTest" time="0.0">
    <skipped/>
  </testcase>
  <testcase name="tearDown" classname="tests.AddFurnitureLeadTest" time="0.0">
    <skipped/>
  </testcase>
  <testcase name="tearDown" classname="tests.AddFurnitureLeadTest" time="0.0">
    <skipped/>
  </testcase>
  <testcase name="tearDown" classname="tests.AddFurnitureLeadTest" time="0.0">
    <skipped/>
  </testcase>
  <testcase name="tearDown" classname="tests.AddFurnitureLeadTest" time="0.0">
    <skipped/>
  </testcase>
  <testcase name="tearDown" classname="tests.AddFurnitureLeadTest" time="0.0">
    <skipped/>
  </testcase>
  <testcase name="tearDown" classname="tests.AddFurnitureLeadTest" time="0.0">
    <skipped/>
  </testcase>
  <testcase name="tearDown" classname="tests.AddFurnitureLeadTest" time="0.0">
    <skipped/>
  </testcase>
  <testcase name="tearDown" classname="tests.AddFurnitureLeadTest" time="0.0">
    <skipped/>
  </testcase>
  <testcase name="tearDown" classname="tests.AddFurnitureLeadTest" time="0.0">
    <skipped/>
  </testcase>
  <testcase name="tearDown" classname="tests.AddFurnitureLeadTest" time="0.0">
    <skipped/>
  </testcase>
  <testcase name="tearDown" classname="tests.AddFurnitureLeadTest" time="0.0">
    <skipped/>
  </testcase>
  <testcase name="tearDown" classname="tests.AddFurnitureLeadTest" time="0.0">
    <skipped/>
  </testcase>
  <testcase name="tearDown" classname="tests.AddFurnitureLeadTest" time="0.0">
    <skipped/>
  </testcase>
  <testcase name="tearDown" classname="tests.AddFurnitureLeadTest" time="0.0">
    <skipped/>
  </testcase>
  <testcase name="tearDown" classname="tests.AddFurnitureLeadTest" time="0.0">
    <skipped/>
  </testcase>
  <testcase name="tearDown" classname="tests.AddFurnitureLeadTest" time="0.0">
    <skipped/>
  </testcase>
  <testcase name="tearDown" classname="tests.AddFurnitureLeadTest" time="0.0">
    <skipped/>
  </testcase>
  <testcase name="tearDown" classname="tests.AddFurnitureLeadTest" time="0.0">
    <skipped/>
  </testcase>
  <testcase name="tearDown" classname="tests.AddFurnitureLeadTest" time="0.0">
    <skipped/>
  </testcase>
  <testcase name="tearDown" classname="tests.AddFurnitureLeadTest" time="0.0">
    <skipped/>
  </testcase>
  <testcase name="tearDown" classname="tests.AddFurnitureLeadTest" time="0.0">
    <skipped/>
  </testcase>
  <testcase name="tearDown" classname="tests.AddFurnitureLeadTest" time="0.0">
    <skipped/>
  </testcase>
  <testcase name="tearDown" classname="tests.AddFurnitureLeadTest" time="0.0">
    <skipped/>
  </testcase>
  <testcase name="tearDown" classname="tests.AddFurnitureLeadTest" time="0.0">
    <skipped/>
  </testcase>
  <testcase name="tearDown" classname="tests.AddFurnitureLeadTest" time="0.0">
    <skipped/>
  </testcase>
  <testcase name="tearDown" classname="tests.AddFurnitureLeadTest" time="0.0">
    <skipped/>
  </testcase>
  <testcase name="tearDown" classname="tests.AddFurnitureLeadTest" time="0.0">
    <skipped/>
  </testcase>
  <testcase name="tearDown" classname="tests.AddFurnitureLeadTest" time="0.0">
    <skipped/>
  </testcase>
  <testcase name="tearDown" classname="tests.AddFurnitureLeadTest" time="0.0">
    <skipped/>
  </testcase>
  <testcase name="tearDown" classname="tests.AddFurnitureLeadTest" time="0.0">
    <skipped/>
  </testcase>
  <testcase name="tearDown" classname="tests.AddFurnitureLeadTest" time="0.0">
    <skipped/>
  </testcase>
  <testcase name="tearDown" classname="tests.AddFurnitureLeadTest" time="0.0">
    <skipped/>
  </testcase>
  <testcase name="tearDown" classname="tests.AddFurnitureLeadTest" time="0.0">
    <skipped/>
  </testcase>
  <testcase name="tearDown" classname="tests.AddFurnitureLeadTest" time="0.0">
    <skipped/>
  </testcase>
  <testcase name="tearDown" classname="tests.AddFurnitureLeadTest" time="0.0">
    <skipped/>
  </testcase>
  <testcase name="tearDown" classname="tests.AddFurnitureLeadTest" time="0.0">
    <skipped/>
  </testcase>
  <testcase name="tearDown" classname="tests.AddFurnitureLeadTest" time="0.0">
    <skipped/>
  </testcase>
  <testcase name="tearDown" classname="tests.AddFurnitureLeadTest" time="0.0">
    <skipped/>
  </testcase>
  <testcase name="tearDown" classname="tests.AddFurnitureLeadTest" time="0.0">
    <skipped/>
  </testcase>
  <testcase name="tearDown" classname="tests.AddFurnitureLeadTest" time="0.0">
    <skipped/>
  </testcase>
  <testcase name="tearDown" classname="tests.AddFurnitureLeadTest" time="0.0">
    <skipped/>
  </testcase>
  <testcase name="tearDown" classname="tests.AddFurnitureLeadTest" time="0.0">
    <skipped/>
  </testcase>
  <testcase name="tearDown" classname="tests.AddFurnitureLeadTest" time="0.0">
    <skipped/>
  </testcase>
  <testcase name="tearDown" classname="tests.AddFurnitureLeadTest" time="0.0">
    <skipped/>
  </testcase>
  <testcase name="tearDown" classname="tests.AddFurnitureLeadTest" time="0.0">
    <skipped/>
  </testcase>
  <testcase name="tearDown" classname="tests.AddFurnitureLeadTest" time="0.0">
    <skipped/>
  </testcase>
  <testcase name="tearDown" classname="tests.AddFurnitureLeadTest" time="0.0">
    <skipped/>
  </testcase>
  <testcase name="tearDown" classname="tests.AddFurnitureLeadTest" time="0.0">
    <skipped/>
  </testcase>
  <testcase name="tearDown" classname="tests.AddFurnitureLeadTest" time="0.0">
    <skipped/>
  </testcase>
  <testcase name="tearDown" classname="tests.AddFurnitureLeadTest" time="0.0">
    <skipped/>
  </testcase>
  <testcase name="tearDown" classname="tests.AddFurnitureLeadTest" time="0.0">
    <skipped/>
  </testcase>
  <testcase name="tearDown" classname="tests.AddFurnitureLeadTest" time="0.0">
    <skipped/>
  </testcase>
  <testcase name="tearDown" classname="tests.AddFurnitureLeadTest" time="0.0">
    <skipped/>
  </testcase>
  <testcase name="tearDown" classname="tests.AddFurnitureLeadTest" time="0.0">
    <skipped/>
  </testcase>
  <testcase name="tearDown" classname="tests.AddFurnitureLeadTest" time="0.0">
    <skipped/>
  </testcase>
  <testcase name="tearDown" classname="tests.AddFurnitureLeadTest" time="0.0">
    <skipped/>
  </testcase>
  <testcase name="tearDown" classname="tests.AddFurnitureLeadTest" time="0.0">
    <skipped/>
  </testcase>
  <testcase name="tearDown" classname="tests.AddFurnitureLeadTest" time="0.0">
    <skipped/>
  </testcase>
  <testcase name="tearDown" classname="tests.AddFurnitureLeadTest" time="0.0">
    <skipped/>
  </testcase>
  <testcase name="tearDown" classname="tests.AddFurnitureLeadTest" time="0.0">
    <skipped/>
  </testcase>
  <testcase name="tearDown" classname="tests.AddFurnitureLeadTest" time="0.0">
    <skipped/>
  </testcase>
  <testcase name="tearDown" classname="tests.AddFurnitureLeadTest" time="0.0">
    <skipped/>
  </testcase>
  <testcase name="tearDown" classname="tests.AddFurnitureLeadTest" time="0.0">
    <skipped/>
  </testcase>
  <testcase name="tearDown" classname="tests.AddFurnitureLeadTest" time="0.0">
    <skipped/>
  </testcase>
  <testcase name="tearDown" classname="tests.AddFurnitureLeadTest" time="0.0">
    <skipped/>
  </testcase>
  <testcase name="tearDown" classname="tests.AddFurnitureLeadTest" time="0.0">
    <skipped/>
  </testcase>
  <testcase name="tearDown" classname="tests.AddFurnitureLeadTest" time="0.0">
    <skipped/>
  </testcase>
  <testcase name="tearDown" classname="tests.AddFurnitureLeadTest" time="0.0">
    <skipped/>
  </testcase>
  <testcase name="tearDown" classname="tests.AddFurnitureLeadTest" time="0.0">
    <skipped/>
  </testcase>
  <testcase name="tearDown" classname="tests.AddFurnitureLeadTest" time="0.0">
    <skipped/>
  </testcase>
  <testcase name="tearDown" classname="tests.AddFurnitureLeadTest" time="0.0">
    <skipped/>
  </testcase>
  <testcase name="tearDown" classname="tests.AddFurnitureLeadTest" time="0.0">
    <skipped/>
  </testcase>
  <testcase name="tearDown" classname="tests.AddFurnitureLeadTest" time="0.0">
    <skipped/>
  </testcase>
  <testcase name="tearDown" classname="tests.AddFurnitureLeadTest" time="0.0">
    <skipped/>
  </testcase>
  <testcase name="tearDown" classname="tests.AddFurnitureLeadTest" time="0.0">
    <skipped/>
  </testcase>
  <testcase name="tearDown" classname="tests.AddFurnitureLeadTest" time="0.0">
    <skipped/>
  </testcase>
  <testcase name="tearDown" classname="tests.AddFurnitureLeadTest" time="0.0">
    <skipped/>
  </testcase>
  <testcase name="tearDown" classname="tests.AddFurnitureLeadTest" time="0.0">
    <skipped/>
  </testcase>
  <testcase name="tearDown" classname="tests.AddFurnitureLeadTest" time="0.0">
    <skipped/>
  </testcase>
  <testcase name="tearDown" classname="tests.AddFurnitureLeadTest" time="0.0">
    <skipped/>
  </testcase>
  <testcase name="tearDown" classname="tests.AddFurnitureLeadTest" time="0.0">
    <skipped/>
  </testcase>
  <testcase name="tearDown" classname="tests.AddFurnitureLeadTest" time="0.0">
    <skipped/>
  </testcase>
  <testcase name="tearDown" classname="tests.AddFurnitureLeadTest" time="0.0">
    <skipped/>
  </testcase>
  <testcase name="tearDown" classname="tests.AddFurnitureLeadTest" time="0.0">
    <skipped/>
  </testcase>
  <testcase name="tearDown" classname="tests.AddFurnitureLeadTest" time="0.0">
    <skipped/>
  </testcase>
  <testcase name="tearDown" classname="tests.AddFurnitureLeadTest" time="0.0">
    <skipped/>
  </testcase>
  <testcase name="tearDown" classname="tests.AddFurnitureLeadTest" time="0.0">
    <skipped/>
  </testcase>
  <testcase name="tearDown" classname="tests.AddFurnitureLeadTest" time="0.0">
    <skipped/>
  </testcase>
  <testcase name="tearDown" classname="tests.AddFurnitureLeadTest" time="0.0">
    <skipped/>
  </testcase>
  <testcase name="tearDown" classname="tests.AddFurnitureLeadTest" time="0.0">
    <skipped/>
  </testcase>
  <testcase name="tearDown" classname="tests.AddFurnitureLeadTest" time="0.0">
    <skipped/>
  </testcase>
  <testcase name="tearDown" classname="tests.AddFurnitureLeadTest" time="0.0">
    <skipped/>
  </testcase>
  <testcase name="tearDown" classname="tests.AddFurnitureLeadTest" time="0.0">
    <skipped/>
  </testcase>
  <testcase name="tearDown" classname="tests.AddFurnitureLeadTest" time="0.0">
    <skipped/>
  </testcase>
  <testcase name="tearDown" classname="tests.AddFurnitureLeadTest" time="0.0">
    <skipped/>
  </testcase>
  <testcase name="tearDown" classname="tests.AddFurnitureLeadTest" time="0.0">
    <skipped/>
  </testcase>
  <testcase name="tearDown" classname="tests.AddFurnitureLeadTest" time="0.0">
    <skipped/>
  </testcase>
  <testcase name="tearDown" classname="tests.AddFurnitureLeadTest" time="0.0">
    <skipped/>
  </testcase>
  <testcase name="tearDown" classname="tests.AddFurnitureLeadTest" time="0.0">
    <skipped/>
  </testcase>
  <testcase name="tearDown" classname="tests.AddFurnitureLeadTest" time="0.0">
    <skipped/>
  </testcase>
  <testcase name="tearDown" classname="tests.AddFurnitureLeadTest" time="0.0">
    <skipped/>
  </testcase>
  <testcase name="tearDown" classname="tests.AddFurnitureLeadTest" time="0.0">
    <skipped/>
  </testcase>
  <testcase name="tearDown" classname="tests.AddFurnitureLeadTest" time="0.0">
    <skipped/>
  </testcase>
  <testcase name="tearDown" classname="tests.AddFurnitureLeadTest" time="0.0">
    <skipped/>
  </testcase>
  <testcase name="tearDown" classname="tests.AddFurnitureLeadTest" time="0.0">
    <skipped/>
  </testcase>
  <testcase name="tearDown" classname="tests.AddFurnitureLeadTest" time="0.0">
    <skipped/>
  </testcase>
  <testcase name="tearDown" classname="tests.AddFurnitureLeadTest" time="0.0">
    <skipped/>
  </testcase>
  <testcase name="tearDown" classname="tests.AddFurnitureLeadTest" time="0.0">
    <skipped/>
  </testcase>
  <testcase name="tearDown" classname="tests.AddFurnitureLeadTest" time="0.0">
    <skipped/>
  </testcase>
  <testcase name="tearDown" classname="tests.AddFurnitureLeadTest" time="0.0">
    <skipped/>
  </testcase>
  <testcase name="tearDown" classname="tests.AddFurnitureLeadTest" time="0.0">
    <skipped/>
  </testcase>
  <testcase name="tearDown" classname="tests.AddFurnitureLeadTest" time="0.0">
    <skipped/>
  </testcase>
  <testcase name="tearDown" classname="tests.AddFurnitureLeadTest" time="0.0">
    <skipped/>
  </testcase>
  <testcase name="tearDown" classname="tests.AddFurnitureLeadTest" time="0.0">
    <skipped/>
  </testcase>
  <testcase name="tearDown" classname="tests.AddFurnitureLeadTest" time="0.0">
    <skipped/>
  </testcase>
  <testcase name="tearDown" classname="tests.AddFurnitureLeadTest" time="0.0">
    <skipped/>
  </testcase>
  <testcase name="tearDown" classname="tests.AddFurnitureLeadTest" time="0.0">
    <skipped/>
  </testcase>
  <testcase name="tearDown" classname="tests.AddFurnitureLeadTest" time="0.0">
    <skipped/>
  </testcase>
  <testcase name="tearDown" classname="tests.AddFurnitureLeadTest" time="0.0">
    <skipped/>
  </testcase>
  <testcase name="tearDown" classname="tests.AddFurnitureLeadTest" time="0.0">
    <skipped/>
  </testcase>
  <testcase name="tearDown" classname="tests.AddFurnitureLeadTest" time="0.0">
    <skipped/>
  </testcase>
  <testcase name="tearDown" classname="tests.AddFurnitureLeadTest" time="0.0">
    <skipped/>
  </testcase>
  <testcase name="tearDown" classname="tests.AddFurnitureLeadTest" time="0.0">
    <skipped/>
  </testcase>
  <testcase name="tearDown" classname="tests.AddFurnitureLeadTest" time="0.0">
    <skipped/>
  </testcase>
  <testcase name="tearDown" classname="tests.AddFurnitureLeadTest" time="0.0">
    <skipped/>
  </testcase>
  <testcase name="tearDown" classname="tests.AddFurnitureLeadTest" time="0.0">
    <skipped/>
  </testcase>
  <testcase name="tearDown" classname="tests.AddFurnitureLeadTest" time="0.0">
    <skipped/>
  </testcase>
  <testcase name="tearDown" classname="tests.AddFurnitureLeadTest" time="0.0">
    <skipped/>
  </testcase>
  <testcase name="tearDown" classname="tests.AddFurnitureLeadTest" time="0.0">
    <skipped/>
  </testcase>
  <testcase name="tearDown" classname="tests.AddFurnitureLeadTest" time="0.0">
    <skipped/>
  </testcase>
  <testcase name="tearDown" classname="tests.AddFurnitureLeadTest" time="0.0">
    <skipped/>
  </testcase>
  <testcase name="tearDown" classname="tests.AddFurnitureLeadTest" time="0.0">
    <skipped/>
  </testcase>
  <testcase name="tearDown" classname="tests.AddFurnitureLeadTest" time="0.0">
    <skipped/>
  </testcase>
  <testcase name="tearDown" classname="tests.AddFurnitureLeadTest" time="0.0">
    <skipped/>
  </testcase>
  <testcase name="tearDown" classname="tests.AddFurnitureLeadTest" time="0.0">
    <skipped/>
  </testcase>
  <testcase name="tearDown" classname="tests.AddFurnitureLeadTest" time="0.0">
    <skipped/>
  </testcase>
  <testcase name="tearDown" classname="tests.AddFurnitureLeadTest" time="0.0">
    <skipped/>
  </testcase>
  <testcase name="tearDown" classname="tests.AddFurnitureLeadTest" time="0.0">
    <skipped/>
  </testcase>
  <testcase name="tearDown" classname="tests.AddFurnitureLeadTest" time="0.0">
    <skipped/>
  </testcase>
  <testcase name="tearDown" classname="tests.AddFurnitureLeadTest" time="0.0">
    <skipped/>
  </testcase>
  <testcase name="tearDown" classname="tests.AddFurnitureLeadTest" time="0.0">
    <skipped/>
  </testcase>
  <testcase name="tearDown" classname="tests.AddFurnitureLeadTest" time="0.0">
    <skipped/>
  </testcase>
  <testcase name="tearDown" classname="tests.AddFurnitureLeadTest" time="0.0">
    <skipped/>
  </testcase>
  <testcase name="tearDown" classname="tests.AddFurnitureLeadTest" time="0.0">
    <skipped/>
  </testcase>
  <testcase name="tearDown" classname="tests.AddFurnitureLeadTest" time="0.0">
    <skipped/>
  </testcase>
  <testcase name="tearDown" classname="tests.AddFurnitureLeadTest" time="0.0">
    <skipped/>
  </testcase>
  <testcase name="tearDown" classname="tests.AddFurnitureLeadTest" time="0.0">
    <skipped/>
  </testcase>
  <testcase name="tearDown" classname="tests.AddFurnitureLeadTest" time="0.0">
    <skipped/>
  </testcase>
  <testcase name="tearDown" classname="tests.AddFurnitureLeadTest" time="0.0">
    <skipped/>
  </testcase>
  <testcase name="tearDown" classname="tests.AddFurnitureLeadTest" time="0.0">
    <skipped/>
  </testcase>
  <testcase name="tearDown" classname="tests.AddFurnitureLeadTest" time="0.0">
    <skipped/>
  </testcase>
  <testcase name="tearDown" classname="tests.AddFurnitureLeadTest" time="0.0">
    <skipped/>
  </testcase>
  <testcase name="tearDown" classname="tests.AddFurnitureLeadTest" time="0.0">
    <skipped/>
  </testcase>
  <testcase name="tearDown" classname="tests.AddFurnitureLeadTest" time="0.0">
    <skipped/>
  </testcase>
  <testcase name="tearDown" classname="tests.AddFurnitureLeadTest" time="0.0">
    <skipped/>
  </testcase>
  <testcase name="tearDown" classname="tests.AddFurnitureLeadTest" time="0.0">
    <skipped/>
  </testcase>
  <testcase name="tearDown" classname="tests.AddFurnitureLeadTest" time="0.0">
    <skipped/>
  </testcase>
  <testcase name="tearDown" classname="tests.AddFurnitureLeadTest" time="0.0">
    <skipped/>
  </testcase>
  <testcase name="tearDown" classname="tests.AddFurnitureLeadTest" time="0.0">
    <skipped/>
  </testcase>
  <testcase name="tearDown" classname="tests.AddFurnitureLeadTest" time="0.0">
    <skipped/>
  </testcase>
  <testcase name="tearDown" classname="tests.AddFurnitureLeadTest" time="0.0">
    <skipped/>
  </testcase>
  <testcase name="tearDown" classname="tests.AddFurnitureLeadTest" time="0.0">
    <skipped/>
  </testcase>
  <testcase name="tearDown" classname="tests.AddFurnitureLeadTest" time="0.0">
    <skipped/>
  </testcase>
  <testcase name="tearDown" classname="tests.AddFurnitureLeadTest" time="0.0">
    <skipped/>
  </testcase>
  <testcase name="tearDown" classname="tests.AddFurnitureLeadTest" time="0.0">
    <skipped/>
  </testcase>
  <testcase name="tearDown" classname="tests.AddFurnitureLeadTest" time="0.0">
    <skipped/>
  </testcase>
  <testcase name="tearDown" classname="tests.AddFurnitureLeadTest" time="0.0">
    <skipped/>
  </testcase>
  <testcase name="tearDown" classname="tests.AddFurnitureLeadTest" time="0.0">
    <skipped/>
  </testcase>
  <testcase name="tearDown" classname="tests.AddFurnitureLeadTest" time="0.0">
    <skipped/>
  </testcase>
  <testcase name="tearDown" classname="tests.AddFurnitureLeadTest" time="0.0">
    <skipped/>
  </testcase>
  <testcase name="tearDown" classname="tests.AddFurnitureLeadTest" time="0.0">
    <skipped/>
  </testcase>
  <testcase name="tearDown" classname="tests.AddFurnitureLeadTest" time="0.0">
    <skipped/>
  </testcase>
  <testcase name="tearDown" classname="tests.AddFurnitureLeadTest" time="0.0">
    <skipped/>
  </testcase>
  <testcase name="tearDown" classname="tests.AddFurnitureLeadTest" time="0.0">
    <skipped/>
  </testcase>
  <testcase name="tearDown" classname="tests.AddFurnitureLeadTest" time="0.0">
    <skipped/>
  </testcase>
  <testcase name="tearDown" classname="tests.AddFurnitureLeadTest" time="0.0">
    <skipped/>
  </testcase>
  <testcase name="tearDown" classname="tests.AddFurnitureLeadTest" time="0.0">
    <skipped/>
  </testcase>
  <testcase name="tearDown" classname="tests.AddFurnitureLeadTest" time="0.0">
    <skipped/>
  </testcase>
  <testcase name="tearDown" classname="tests.AddFurnitureLeadTest" time="0.0">
    <skipped/>
  </testcase>
  <testcase name="tearDown" classname="tests.AddFurnitureLeadTest" time="0.0">
    <skipped/>
  </testcase>
  <testcase name="tearDown" classname="tests.AddFurnitureLeadTest" time="0.0">
    <skipped/>
  </testcase>
  <testcase name="tearDown" classname="tests.AddFurnitureLeadTest" time="0.0">
    <skipped/>
  </testcase>
  <testcase name="tearDown" classname="tests.AddFurnitureLeadTest" time="0.0">
    <skipped/>
  </testcase>
  <testcase name="tearDown" classname="tests.AddFurnitureLeadTest" time="0.0">
    <skipped/>
  </testcase>
  <testcase name="tearDown" classname="tests.AddFurnitureLeadTest" time="0.0">
    <skipped/>
  </testcase>
  <testcase name="tearDown" classname="tests.AddFurnitureLeadTest" time="0.0">
    <skipped/>
  </testcase>
  <testcase name="tearDown" classname="tests.AddFurnitureLeadTest" time="0.0">
    <skipped/>
  </testcase>
  <testcase name="tearDown" classname="tests.AddFurnitureLeadTest" time="0.0">
    <skipped/>
  </testcase>
  <testcase name="tearDown" classname="tests.AddFurnitureLeadTest" time="0.0">
    <skipped/>
  </testcase>
  <testcase name="tearDown" classname="tests.AddFurnitureLeadTest" time="0.0">
    <skipped/>
  </testcase>
  <testcase name="tearDown" classname="tests.AddFurnitureLeadTest" time="0.0">
    <skipped/>
  </testcase>
  <testcase name="tearDown" classname="tests.AddFurnitureLeadTest" time="0.0">
    <skipped/>
  </testcase>
  <testcase name="tearDown" classname="tests.AddFurnitureLeadTest" time="0.0">
    <skipped/>
  </testcase>
  <testcase name="tearDown" classname="tests.AddFurnitureLeadTest" time="0.0">
    <skipped/>
  </testcase>
  <testcase name="tearDown" classname="tests.AddFurnitureLeadTest" time="0.0">
    <skipped/>
  </testcase>
  <testcase name="tearDown" classname="tests.AddFurnitureLeadTest" time="0.0">
    <skipped/>
  </testcase>
  <testcase name="tearDown" classname="tests.AddFurnitureLeadTest" time="0.0">
    <skipped/>
  </testcase>
  <testcase name="tearDown" classname="tests.AddFurnitureLeadTest" time="0.0">
    <skipped/>
  </testcase>
  <testcase name="tearDown" classname="tests.AddFurnitureLeadTest" time="0.0">
    <skipped/>
  </testcase>
  <testcase name="tearDown" classname="tests.AddFurnitureLeadTest" time="0.0">
    <skipped/>
  </testcase>
  <testcase name="tearDown" classname="tests.AddFurnitureLeadTest" time="0.0">
    <skipped/>
  </testcase>
  <testcase name="tearDown" classname="tests.AddFurnitureLeadTest" time="0.0">
    <skipped/>
  </testcase>
  <testcase name="tearDown" classname="tests.AddFurnitureLeadTest" time="0.0">
    <skipped/>
  </testcase>
  <testcase name="tearDown" classname="tests.AddFurnitureLeadTest" time="0.0">
    <skipped/>
  </testcase>
  <testcase name="tearDown" classname="tests.AddFurnitureLeadTest" time="0.0">
    <skipped/>
  </testcase>
  <testcase name="tearDown" classname="tests.AddFurnitureLeadTest" time="0.0">
    <skipped/>
  </testcase>
  <testcase name="tearDown" classname="tests.AddFurnitureLeadTest" time="0.0">
    <skipped/>
  </testcase>
  <testcase name="tearDown" classname="tests.AddFurnitureLeadTest" time="0.0">
    <skipped/>
  </testcase>
  <testcase name="tearDown" classname="tests.AddFurnitureLeadTest" time="0.0">
    <skipped/>
  </testcase>
  <testcase name="tearDown" classname="tests.AddFurnitureLeadTest" time="0.0">
    <skipped/>
  </testcase>
  <testcase name="tearDown" classname="tests.AddFurnitureLeadTest" time="0.0">
    <skipped/>
  </testcase>
  <testcase name="tearDown" classname="tests.AddFurnitureLeadTest" time="0.0">
    <skipped/>
  </testcase>
  <testcase name="tearDown" classname="tests.AddFurnitureLeadTest" time="0.0">
    <skipped/>
  </testcase>
  <testcase name="tearDown" classname="tests.AddFurnitureLeadTest" time="0.0">
    <skipped/>
  </testcase>
  <testcase name="tearDown" classname="tests.AddFurnitureLeadTest" time="0.0">
    <skipped/>
  </testcase>
  <testcase name="tearDown" classname="tests.AddFurnitureLeadTest" time="0.0">
    <skipped/>
  </testcase>
  <testcase name="tearDown" classname="tests.AddFurnitureLeadTest" time="0.0">
    <skipped/>
  </testcase>
  <testcase name="tearDown" classname="tests.AddFurnitureLeadTest" time="0.0">
    <skipped/>
  </testcase>
  <testcase name="tearDown" classname="tests.AddFurnitureLeadTest" time="0.0">
    <skipped/>
  </testcase>
  <testcase name="tearDown" classname="tests.AddFurnitureLeadTest" time="0.0">
    <skipped/>
  </testcase>
  <testcase name="tearDown" classname="tests.AddFurnitureLeadTest" time="0.0">
    <skipped/>
  </testcase>
  <testcase name="tearDown" classname="tests.AddFurnitureLeadTest" time="0.0">
    <skipped/>
  </testcase>
  <testcase name="tearDown" classname="tests.AddFurnitureLeadTest" time="0.0">
    <skipped/>
  </testcase>
  <testcase name="tearDown" classname="tests.AddFurnitureLeadTest" time="0.0">
    <skipped/>
  </testcase>
  <testcase name="tearDown" classname="tests.AddFurnitureLeadTest" time="0.0">
    <skipped/>
  </testcase>
  <testcase name="tearDown" classname="tests.AddFurnitureLeadTest" time="0.0">
    <skipped/>
  </testcase>
  <testcase name="tearDown" classname="tests.AddFurnitureLeadTest" time="0.0">
    <skipped/>
  </testcase>
  <testcase name="tearDown" classname="tests.AddFurnitureLeadTest" time="0.0">
    <skipped/>
  </testcase>
  <testcase name="tearDown" classname="tests.AddFurnitureLeadTest" time="0.0">
    <skipped/>
  </testcase>
  <testcase name="tearDown" classname="tests.AddFurnitureLeadTest" time="0.0">
    <skipped/>
  </testcase>
  <testcase name="tearDown" classname="tests.AddFurnitureLeadTest" time="0.0">
    <skipped/>
  </testcase>
  <testcase name="tearDown" classname="tests.AddFurnitureLeadTest" time="0.0">
    <skipped/>
  </testcase>
  <testcase name="tearDown" classname="tests.AddFurnitureLeadTest" time="0.0">
    <skipped/>
  </testcase>
  <testcase name="tearDown" classname="tests.AddFurnitureLeadTest" time="0.0">
    <skipped/>
  </testcase>
  <testcase name="tearDown" classname="tests.AddFurnitureLeadTest" time="0.0">
    <skipped/>
  </testcase>
  <testcase name="tearDown" classname="tests.AddFurnitureLeadTest" time="0.0">
    <skipped/>
  </testcase>
  <testcase name="tearDown" classname="tests.AddFurnitureLeadTest" time="0.0">
    <skipped/>
  </testcase>
  <testcase name="tearDown" classname="tests.AddFurnitureLeadTest" time="0.0">
    <skipped/>
  </testcase>
  <testcase name="tearDown" classname="tests.AddFurnitureLeadTest" time="0.0">
    <skipped/>
  </testcase>
  <testcase name="tearDown" classname="tests.AddFurnitureLeadTest" time="0.0">
    <skipped/>
  </testcase>
  <testcase name="tearDown" classname="tests.AddFurnitureLeadTest" time="0.0">
    <skipped/>
  </testcase>
  <testcase name="tearDown" classname="tests.AddFurnitureLeadTest" time="0.0">
    <skipped/>
  </testcase>
  <testcase name="tearDown" classname="tests.AddFurnitureLeadTest" time="0.0">
    <skipped/>
  </testcase>
  <testcase name="tearDown" classname="tests.AddFurnitureLeadTest" time="0.0">
    <skipped/>
  </testcase>
  <testcase name="tearDown" classname="tests.AddFurnitureLeadTest" time="0.0">
    <skipped/>
  </testcase>
  <testcase name="tearDown" classname="tests.AddFurnitureLeadTest" time="0.0">
    <skipped/>
  </testcase>
  <testcase name="tearDown" classname="tests.AddFurnitureLeadTest" time="0.0">
    <skipped/>
  </testcase>
  <testcase name="tearDown" classname="tests.AddFurnitureLeadTest" time="0.0">
    <skipped/>
  </testcase>
  <testcase name="tearDown" classname="tests.AddFurnitureLeadTest" time="0.0">
    <skipped/>
  </testcase>
  <testcase name="tearDown" classname="tests.AddFurnitureLeadTest" time="0.0">
    <skipped/>
  </testcase>
  <testcase name="tearDown" classname="tests.AddFurnitureLeadTest" time="0.0">
    <skipped/>
  </testcase>
  <testcase name="tearDown" classname="tests.AddFurnitureLeadTest" time="0.0">
    <skipped/>
  </testcase>
  <testcase name="tearDown" classname="tests.AddFurnitureLeadTest" time="0.0">
    <skipped/>
  </testcase>
  <testcase name="tearDown" classname="tests.AddFurnitureLeadTest" time="0.0">
    <skipped/>
  </testcase>
  <testcase name="tearDown" classname="tests.AddFurnitureLeadTest" time="0.0">
    <skipped/>
  </testcase>
  <testcase name="tearDown" classname="tests.AddFurnitureLeadTest" time="0.0">
    <skipped/>
  </testcase>
  <testcase name="tearDown" classname="tests.AddFurnitureLeadTest" time="0.0">
    <skipped/>
  </testcase>
  <testcase name="tearDown" classname="tests.AddFurnitureLeadTest" time="0.0">
    <skipped/>
  </testcase>
  <testcase name="tearDown" classname="tests.AddFurnitureLeadTest" time="0.0">
    <skipped/>
  </testcase>
  <testcase name="tearDown" classname="tests.AddFurnitureLeadTest" time="0.0">
    <skipped/>
  </testcase>
  <testcase name="tearDown" classname="tests.AddFurnitureLeadTest" time="0.0">
    <skipped/>
  </testcase>
  <testcase name="tearDown" classname="tests.AddFurnitureLeadTest" time="0.0">
    <skipped/>
  </testcase>
  <testcase name="tearDown" classname="tests.AddFurnitureLeadTest" time="0.0">
    <skipped/>
  </testcase>
  <testcase name="tearDown" classname="tests.AddFurnitureLeadTest" time="0.0">
    <skipped/>
  </testcase>
  <testcase name="tearDown" classname="tests.AddFurnitureLeadTest" time="0.0">
    <skipped/>
  </testcase>
  <testcase name="tearDown" classname="tests.AddFurnitureLeadTest" time="0.0">
    <skipped/>
  </testcase>
  <testcase name="tearDown" classname="tests.AddFurnitureLeadTest" time="0.0">
    <skipped/>
  </testcase>
  <testcase name="tearDown" classname="tests.AddFurnitureLeadTest" time="0.0">
    <skipped/>
  </testcase>
  <testcase name="tearDown" classname="tests.AddFurnitureLeadTest" time="0.0">
    <skipped/>
  </testcase>
  <testcase name="tearDown" classname="tests.AddFurnitureLeadTest" time="0.0">
    <skipped/>
  </testcase>
  <testcase name="tearDown" classname="tests.AddFurnitureLeadTest" time="0.0">
    <skipped/>
  </testcase>
  <testcase name="tearDown" classname="tests.AddFurnitureLeadTest" time="0.0">
    <skipped/>
  </testcase>
  <testcase name="tearDown" classname="tests.AddFurnitureLeadTest" time="0.0">
    <skipped/>
  </testcase>
  <testcase name="tearDown" classname="tests.AddFurnitureLeadTest" time="0.0">
    <skipped/>
  </testcase>
  <testcase name="tearDown" classname="tests.AddFurnitureLeadTest" time="0.0">
    <skipped/>
  </testcase>
  <testcase name="tearDown" classname="tests.AddFurnitureLeadTest" time="0.0">
    <skipped/>
  </testcase>
  <testcase name="tearDown" classname="tests.AddFurnitureLeadTest" time="0.0">
    <skipped/>
  </testcase>
  <testcase name="tearDown" classname="tests.AddFurnitureLeadTest" time="0.0">
    <skipped/>
  </testcase>
  <testcase name="tearDown" classname="tests.AddFurnitureLeadTest" time="0.0">
    <skipped/>
  </testcase>
  <testcase name="tearDown" classname="tests.AddFurnitureLeadTest" time="0.0">
    <skipped/>
  </testcase>
  <testcase name="tearDown" classname="tests.AddFurnitureLeadTest" time="0.0">
    <skipped/>
  </testcase>
  <testcase name="tearDown" classname="tests.AddFurnitureLeadTest" time="0.0">
    <skipped/>
  </testcase>
  <testcase name="tearDown" classname="tests.AddFurnitureLeadTest" time="0.0">
    <skipped/>
  </testcase>
  <testcase name="tearDown" classname="tests.AddFurnitureLeadTest" time="0.0">
    <skipped/>
  </testcase>
  <testcase name="tearDown" classname="tests.AddFurnitureLeadTest" time="0.0">
    <skipped/>
  </testcase>
  <testcase name="tearDown" classname="tests.AddFurnitureLeadTest" time="0.0">
    <skipped/>
  </testcase>
  <testcase name="tearDown" classname="tests.AddFurnitureLeadTest" time="0.0">
    <skipped/>
  </testcase>
  <testcase name="tearDown" classname="tests.AddFurnitureLeadTest" time="0.0">
    <skipped/>
  </testcase>
  <testcase name="tearDown" classname="tests.AddFurnitureLeadTest" time="0.0">
    <skipped/>
  </testcase>
  <testcase name="tearDown" classname="tests.AddFurnitureLeadTest" time="0.0">
    <skipped/>
  </testcase>
  <testcase name="tearDown" classname="tests.AddFurnitureLeadTest" time="0.0">
    <skipped/>
  </testcase>
  <testcase name="tearDown" classname="tests.AddFurnitureLeadTest" time="0.0">
    <skipped/>
  </testcase>
  <testcase name="tearDown" classname="tests.AddFurnitureLeadTest" time="0.0">
    <skipped/>
  </testcase>
  <testcase name="tearDown" classname="tests.AddFurnitureLeadTest" time="0.0">
    <skipped/>
  </testcase>
  <testcase name="tearDown" classname="tests.AddFurnitureLeadTest" time="0.0">
    <skipped/>
  </testcase>
  <testcase name="tearDown" classname="tests.AddFurnitureLeadTest" time="0.0">
    <skipped/>
  </testcase>
  <testcase name="tearDown" classname="tests.AddFurnitureLeadTest" time="0.0">
    <skipped/>
  </testcase>
  <testcase name="tearDown" classname="tests.AddFurnitureLeadTest" time="0.0">
    <skipped/>
  </testcase>
  <testcase name="tearDown" classname="tests.AddFurnitureLeadTest" time="0.0">
    <skipped/>
  </testcase>
  <testcase name="tearDown" classname="tests.AddFurnitureLeadTest" time="0.0">
    <skipped/>
  </testcase>
  <testcase name="tearDown" classname="tests.AddFurnitureLeadTest" time="0.0">
    <skipped/>
  </testcase>
  <testcase name="tearDown" classname="tests.AddFurnitureLeadTest" time="0.0">
    <skipped/>
  </testcase>
  <testcase name="tearDown" classname="tests.AddFurnitureLeadTest" time="0.0">
    <skipped/>
  </testcase>
  <testcase name="tearDown" classname="tests.AddFurnitureLeadTest" time="0.0">
    <skipped/>
  </testcase>
  <testcase name="tearDown" classname="tests.AddFurnitureLeadTest" time="0.0">
    <skipped/>
  </testcase>
  <testcase name="tearDown" classname="tests.AddFurnitureLeadTest" time="0.0">
    <skipped/>
  </testcase>
  <testcase name="tearDown" classname="tests.AddFurnitureLeadTest" time="0.0">
    <skipped/>
  </testcase>
  <testcase name="tearDown" classname="tests.AddFurnitureLeadTest" time="0.0">
    <skipped/>
  </testcase>
  <testcase name="tearDown" classname="tests.AddFurnitureLeadTest" time="0.0">
    <skipped/>
  </testcase>
  <testcase name="tearDown" classname="tests.AddFurnitureLeadTest" time="0.0">
    <skipped/>
  </testcase>
  <testcase name="tearDown" classname="tests.AddFurnitureLeadTest" time="0.0">
    <skipped/>
  </testcase>
  <testcase name="tearDown" classname="tests.AddFurnitureLeadTest" time="0.0">
    <skipped/>
  </testcase>
  <testcase name="tearDown" classname="tests.AddFurnitureLeadTest" time="0.0">
    <skipped/>
  </testcase>
  <testcase name="tearDown" classname="tests.AddFurnitureLeadTest" time="0.0">
    <skipped/>
  </testcase>
  <testcase name="tearDown" classname="tests.AddFurnitureLeadTest" time="0.0">
    <skipped/>
  </testcase>
  <testcase name="tearDown" classname="tests.AddFurnitureLeadTest" time="0.0">
    <skipped/>
  </testcase>
  <testcase name="tearDown" classname="tests.AddFurnitureLeadTest" time="0.0">
    <skipped/>
  </testcase>
  <testcase name="tearDown" classname="tests.AddFurnitureLeadTest" time="0.0">
    <skipped/>
  </testcase>
  <testcase name="tearDown" classname="tests.AddFurnitureLeadTest" time="0.0">
    <skipped/>
  </testcase>
  <testcase name="tearDown" classname="tests.AddFurnitureLeadTest" time="0.0">
    <skipped/>
  </testcase>
  <testcase name="tearDown" classname="tests.AddFurnitureLeadTest" time="0.0">
    <skipped/>
  </testcase>
  <testcase name="tearDown" classname="tests.AddFurnitureLeadTest" time="0.0">
    <skipped/>
  </testcase>
  <testcase name="tearDown" classname="tests.AddFurnitureLeadTest" time="0.0">
    <skipped/>
  </testcase>
  <testcase name="tearDown" classname="tests.AddFurnitureLeadTest" time="0.0">
    <skipped/>
  </testcase>
  <testcase name="tearDown" classname="tests.AddFurnitureLeadTest" time="0.0">
    <skipped/>
  </testcase>
  <testcase name="tearDown" classname="tests.AddFurnitureLeadTest" time="0.0">
    <skipped/>
  </testcase>
  <testcase name="tearDown" classname="tests.AddFurnitureLeadTest" time="0.0">
    <skipped/>
  </testcase>
  <testcase name="tearDown" classname="tests.AddFurnitureLeadTest" time="0.0">
    <skipped/>
  </testcase>
  <testcase name="tearDown" classname="tests.AddFurnitureLeadTest" time="0.0">
    <skipped/>
  </testcase>
  <testcase name="tearDown" classname="tests.AddFurnitureLeadTest" time="0.0">
    <skipped/>
  </testcase>
  <testcase name="tearDown" classname="tests.AddFurnitureLeadTest" time="0.0">
    <skipped/>
  </testcase>
  <testcase name="tearDown" classname="tests.AddFurnitureLeadTest" time="0.0">
    <skipped/>
  </testcase>
  <testcase name="tearDown" classname="tests.AddFurnitureLeadTest" time="0.0">
    <skipped/>
  </testcase>
  <testcase name="tearDown" classname="tests.AddFurnitureLeadTest" time="0.0">
    <skipped/>
  </testcase>
  <testcase name="tearDown" classname="tests.AddFurnitureLeadTest" time="0.0">
    <skipped/>
  </testcase>
  <testcase name="tearDown" classname="tests.AddFurnitureLeadTest" time="0.0">
    <skipped/>
  </testcase>
  <testcase name="tearDown" classname="tests.AddFurnitureLeadTest" time="0.0">
    <skipped/>
  </testcase>
  <testcase name="tearDown" classname="tests.AddFurnitureLeadTest" time="0.0">
    <skipped/>
  </testcase>
  <testcase name="tearDown" classname="tests.AddFurnitureLeadTest" time="0.0">
    <skipped/>
  </testcase>
  <testcase name="tearDown" classname="tests.AddFurnitureLeadTest" time="0.0">
    <skipped/>
  </testcase>
  <testcase name="tearDown" classname="tests.AddFurnitureLeadTest" time="0.0">
    <skipped/>
  </testcase>
  <testcase name="tearDown" classname="tests.AddFurnitureLeadTest" time="0.0">
    <skipped/>
  </testcase>
  <testcase name="tearDown" classname="tests.AddFurnitureLeadTest" time="0.0">
    <skipped/>
  </testcase>
  <testcase name="tearDown" classname="tests.AddFurnitureLeadTest" time="0.0">
    <skipped/>
  </testcase>
  <testcase name="tearDown" classname="tests.AddFurnitureLeadTest" time="0.0">
    <skipped/>
  </testcase>
  <testcase name="tearDown" classname="tests.AddFurnitureLeadTest" time="0.0">
    <skipped/>
  </testcase>
  <testcase name="tearDown" classname="tests.AddFurnitureLeadTest" time="0.0">
    <skipped/>
  </testcase>
  <testcase name="tearDown" classname="tests.AddFurnitureLeadTest" time="0.0">
    <skipped/>
  </testcase>
  <testcase name="tearDown" classname="tests.AddFurnitureLeadTest" time="0.0">
    <skipped/>
  </testcase>
  <testcase name="tearDown" classname="tests.AddFurnitureLeadTest" time="0.0">
    <skipped/>
  </testcase>
  <testcase name="tearDown" classname="tests.AddFurnitureLeadTest" time="0.0">
    <skipped/>
  </testcase>
  <testcase name="tearDown" classname="tests.AddFurnitureLeadTest" time="0.0">
    <skipped/>
  </testcase>
  <testcase name="tearDown" classname="tests.AddFurnitureLeadTest" time="0.0">
    <skipped/>
  </testcase>
  <testcase name="tearDown" classname="tests.AddFurnitureLeadTest" time="0.0">
    <skipped/>
  </testcase>
  <testcase name="tearDown" classname="tests.AddFurnitureLeadTest" time="0.0">
    <skipped/>
  </testcase>
  <testcase name="tearDown" classname="tests.AddFurnitureLeadTest" time="0.0">
    <skipped/>
  </testcase>
  <testcase name="tearDown" classname="tests.AddFurnitureLeadTest" time="0.0">
    <skipped/>
  </testcase>
  <testcase name="tearDown" classname="tests.AddFurnitureLeadTest" time="0.0">
    <skipped/>
  </testcase>
  <testcase name="tearDown" classname="tests.AddFurnitureLeadTest" time="0.0">
    <skipped/>
  </testcase>
  <testcase name="tearDown" classname="tests.AddFurnitureLeadTest" time="0.0">
    <skipped/>
  </testcase>
  <testcase name="tearDown" classname="tests.AddFurnitureLeadTest" time="0.0">
    <skipped/>
  </testcase>
  <testcase name="tearDown" classname="tests.AddFurnitureLeadTest" time="0.0">
    <skipped/>
  </testcase>
  <testcase name="tearDown" classname="tests.AddFurnitureLeadTest" time="0.0">
    <skipped/>
  </testcase>
  <testcase name="tearDown" classname="tests.AddFurnitureLeadTest" time="0.0">
    <skipped/>
  </testcase>
  <testcase name="tearDown" classname="tests.AddFurnitureLeadTest" time="0.0">
    <skipped/>
  </testcase>
  <testcase name="tearDown" classname="tests.AddFurnitureLeadTest" time="0.0">
    <skipped/>
  </testcase>
  <testcase name="tearDown" classname="tests.AddFurnitureLeadTest" time="0.0">
    <skipped/>
  </testcase>
  <testcase name="tearDown" classname="tests.AddFurnitureLeadTest" time="0.0">
    <skipped/>
  </testcase>
  <testcase name="tearDown" classname="tests.AddFurnitureLeadTest" time="0.0">
    <skipped/>
  </testcase>
  <testcase name="tearDown" classname="tests.AddFurnitureLeadTest" time="0.0">
    <skipped/>
  </testcase>
  <testcase name="tearDown" classname="tests.AddFurnitureLeadTest" time="0.0">
    <skipped/>
  </testcase>
  <testcase name="tearDown" classname="tests.AddFurnitureLeadTest" time="0.0">
    <skipped/>
  </testcase>
  <testcase name="tearDown" classname="tests.AddFurnitureLeadTest" time="0.0">
    <skipped/>
  </testcase>
  <testcase name="tearDown" classname="tests.AddFurnitureLeadTest" time="0.0">
    <skipped/>
  </testcase>
  <testcase name="tearDown" classname="tests.AddFurnitureLeadTest" time="0.0">
    <skipped/>
  </testcase>
  <testcase name="tearDown" classname="tests.AddFurnitureLeadTest" time="0.0">
    <skipped/>
  </testcase>
  <testcase name="tearDown" classname="tests.AddFurnitureLeadTest" time="0.0">
    <skipped/>
  </testcase>
  <testcase name="tearDown" classname="tests.AddFurnitureLeadTest" time="0.0">
    <skipped/>
  </testcase>
  <testcase name="tearDown" classname="tests.AddFurnitureLeadTest" time="0.0">
    <skipped/>
  </testcase>
  <testcase name="tearDown" classname="tests.AddFurnitureLeadTest" time="0.0">
    <skipped/>
  </testcase>
  <testcase name="tearDown" classname="tests.AddFurnitureLeadTest" time="0.0">
    <skipped/>
  </testcase>
  <testcase name="tearDown" classname="tests.AddFurnitureLeadTest" time="0.0">
    <skipped/>
  </testcase>
  <testcase name="tearDown" classname="tests.AddFurnitureLeadTest" time="0.0">
    <skipped/>
  </testcase>
  <testcase name="tearDown" classname="tests.AddFurnitureLeadTest" time="0.0">
    <skipped/>
  </testcase>
  <testcase name="tearDown" classname="tests.AddFurnitureLeadTest" time="0.0">
    <skipped/>
  </testcase>
  <testcase name="tearDown" classname="tests.AddFurnitureLeadTest" time="0.0">
    <skipped/>
  </testcase>
  <testcase name="tearDown" classname="tests.AddFurnitureLeadTest" time="0.0">
    <skipped/>
  </testcase>
  <testcase name="tearDown" classname="tests.AddFurnitureLeadTest" time="0.0">
    <skipped/>
  </testcase>
  <testcase name="tearDown" classname="tests.AddFurnitureLeadTest" time="0.0">
    <skipped/>
  </testcase>
  <testcase name="tearDown" classname="tests.AddFurnitureLeadTest" time="0.0">
    <skipped/>
  </testcase>
  <testcase name="tearDown" classname="tests.AddFurnitureLeadTest" time="0.0">
    <skipped/>
  </testcase>
  <testcase name="tearDown" classname="tests.AddFurnitureLeadTest" time="0.0">
    <skipped/>
  </testcase>
  <testcase name="tearDown" classname="tests.AddFurnitureLeadTest" time="0.0">
    <skipped/>
  </testcase>
  <testcase name="tearDown" classname="tests.AddFurnitureLeadTest" time="0.0">
    <skipped/>
  </testcase>
  <testcase name="tearDown" classname="tests.AddFurnitureLeadTest" time="0.0">
    <skipped/>
  </testcase>
  <testcase name="tearDown" classname="tests.AddFurnitureLeadTest" time="0.0">
    <skipped/>
  </testcase>
  <testcase name="tearDown" classname="tests.AddFurnitureLeadTest" time="0.0">
    <skipped/>
  </testcase>
  <testcase name="tearDown" classname="tests.AddFurnitureLeadTest" time="0.0">
    <skipped/>
  </testcase>
  <testcase name="tearDown" classname="tests.AddFurnitureLeadTest" time="0.0">
    <skipped/>
  </testcase>
  <testcase name="tearDown" classname="tests.AddFurnitureLeadTest" time="0.0">
    <skipped/>
  </testcase>
  <testcase name="tearDown" classname="tests.AddFurnitureLeadTest" time="0.0">
    <skipped/>
  </testcase>
  <testcase name="tearDown" classname="tests.AddFurnitureLeadTest" time="0.0">
    <skipped/>
  </testcase>
  <testcase name="tearDown" classname="tests.AddFurnitureLeadTest" time="0.0">
    <skipped/>
  </testcase>
  <testcase name="tearDown" classname="tests.AddFurnitureLeadTest" time="0.0">
    <skipped/>
  </testcase>
  <testcase name="tearDown" classname="tests.AddFurnitureLeadTest" time="0.0">
    <skipped/>
  </testcase>
  <testcase name="tearDown" classname="tests.AddFurnitureLeadTest" time="0.0">
    <skipped/>
  </testcase>
  <testcase name="tearDown" classname="tests.AddFurnitureLeadTest" time="0.0">
    <skipped/>
  </testcase>
  <testcase name="tearDown" classname="tests.AddFurnitureLeadTest" time="0.0">
    <skipped/>
  </testcase>
  <testcase name="tearDown" classname="tests.AddFurnitureLeadTest" time="0.0">
    <skipped/>
  </testcase>
  <testcase name="tearDown" classname="tests.AddFurnitureLeadTest" time="0.0">
    <skipped/>
  </testcase>
  <testcase name="tearDown" classname="tests.AddFurnitureLeadTest" time="0.0">
    <skipped/>
  </testcase>
  <testcase name="tearDown" classname="tests.AddFurnitureLeadTest" time="0.0">
    <skipped/>
  </testcase>
  <testcase name="tearDown" classname="tests.AddFurnitureLeadTest" time="0.0">
    <skipped/>
  </testcase>
  <testcase name="tearDown" classname="tests.AddFurnitureLeadTest" time="0.0">
    <skipped/>
  </testcase>
  <testcase name="tearDown" classname="tests.AddFurnitureLeadTest" time="0.0">
    <skipped/>
  </testcase>
  <testcase name="tearDown" classname="tests.AddFurnitureLeadTest" time="0.0">
    <skipped/>
  </testcase>
  <testcase name="tearDown" classname="tests.AddFurnitureLeadTest" time="0.0">
    <skipped/>
  </testcase>
  <testcase name="tearDown" classname="tests.AddFurnitureLeadTest" time="0.0">
    <skipped/>
  </testcase>
  <testcase name="tearDown" classname="tests.AddFurnitureLeadTest" time="0.0">
    <skipped/>
  </testcase>
  <testcase name="tearDown" classname="tests.AddFurnitureLeadTest" time="0.0">
    <skipped/>
  </testcase>
  <testcase name="tearDown" classname="tests.AddFurnitureLeadTest" time="0.0">
    <skipped/>
  </testcase>
  <testcase name="tearDown" classname="tests.AddFurnitureLeadTest" time="0.0">
    <skipped/>
  </testcase>
  <testcase name="tearDown" classname="tests.AddFurnitureLeadTest" time="0.0">
    <skipped/>
  </testcase>
  <testcase name="tearDown" classname="tests.AddFurnitureLeadTest" time="0.0">
    <skipped/>
  </testcase>
  <testcase name="tearDown" classname="tests.AddFurnitureLeadTest" time="0.0">
    <skipped/>
  </testcase>
  <testcase name="tearDown" classname="tests.AddFurnitureLeadTest" time="0.0">
    <skipped/>
  </testcase>
  <testcase name="tearDown" classname="tests.AddFurnitureLeadTest" time="0.0">
    <skipped/>
  </testcase>
  <testcase name="tearDown" classname="tests.AddFurnitureLeadTest" time="0.0">
    <skipped/>
  </testcase>
  <testcase name="tearDown" classname="tests.AddFurnitureLeadTest" time="0.0">
    <skipped/>
  </testcase>
  <testcase name="tearDown" classname="tests.AddFurnitureLeadTest" time="0.0">
    <skipped/>
  </testcase>
  <testcase name="tearDown" classname="tests.AddFurnitureLeadTest" time="0.0">
    <skipped/>
  </testcase>
  <testcase name="tearDown" classname="tests.AddFurnitureLeadTest" time="0.0">
    <skipped/>
  </testcase>
  <testcase name="tearDown" classname="tests.AddFurnitureLeadTest" time="0.0">
    <skipped/>
  </testcase>
  <testcase name="tearDown" classname="tests.AddFurnitureLeadTest" time="0.0">
    <skipped/>
  </testcase>
  <testcase name="tearDown" classname="tests.AddFurnitureLeadTest" time="0.0">
    <skipped/>
  </testcase>
  <testcase name="tearDown" classname="tests.AddFurnitureLeadTest" time="0.0">
    <skipped/>
  </testcase>
  <testcase name="tearDown" classname="tests.AddFurnitureLeadTest" time="0.0">
    <skipped/>
  </testcase>
  <testcase name="tearDown" classname="tests.AddFurnitureLeadTest" time="0.0">
    <skipped/>
  </testcase>
  <testcase name="tearDown" classname="tests.AddFurnitureLeadTest" time="0.0">
    <skipped/>
  </testcase>
  <testcase name="tearDown" classname="tests.AddFurnitureLeadTest" time="0.0">
    <skipped/>
  </testcase>
  <testcase name="tearDown" classname="tests.AddFurnitureLeadTest" time="0.0">
    <skipped/>
  </testcase>
  <testcase name="tearDown" classname="tests.AddFurnitureLeadTest" time="0.0">
    <skipped/>
  </testcase>
  <testcase name="tearDown" classname="tests.AddFurnitureLeadTest" time="0.0">
    <skipped/>
  </testcase>
  <testcase name="tearDown" classname="tests.AddFurnitureLeadTest" time="0.0">
    <skipped/>
  </testcase>
  <testcase name="tearDown" classname="tests.AddFurnitureLeadTest" time="0.0">
    <skipped/>
  </testcase>
  <testcase name="tearDown" classname="tests.AddFurnitureLeadTest" time="0.0">
    <skipped/>
  </testcase>
  <testcase name="tearDown" classname="tests.AddFurnitureLeadTest" time="0.0">
    <skipped/>
  </testcase>
  <testcase name="tearDown" classname="tests.AddFurnitureLeadTest" time="0.0">
    <skipped/>
  </testcase>
  <testcase name="tearDown" classname="tests.AddFurnitureLeadTest" time="0.0">
    <skipped/>
  </testcase>
  <testcase name="tearDown" classname="tests.AddFurnitureLeadTest" time="0.0">
    <skipped/>
  </testcase>
  <testcase name="tearDown" classname="tests.AddFurnitureLeadTest" time="0.0">
    <skipped/>
  </testcase>
  <testcase name="tearDown" classname="tests.AddFurnitureLeadTest" time="0.0">
    <skipped/>
  </testcase>
  <testcase name="tearDown" classname="tests.AddFurnitureLeadTest" time="0.0">
    <skipped/>
  </testcase>
  <testcase name="tearDown" classname="tests.AddFurnitureLeadTest" time="0.0">
    <skipped/>
  </testcase>
  <testcase name="tearDown" classname="tests.AddFurnitureLeadTest" time="0.0">
    <skipped/>
  </testcase>
  <testcase name="tearDown" classname="tests.AddFurnitureLeadTest" time="0.0">
    <skipped/>
  </testcase>
  <testcase name="tearDown" classname="tests.AddFurnitureLeadTest" time="0.0">
    <skipped/>
  </testcase>
  <testcase name="tearDown" classname="tests.AddFurnitureLeadTest" time="0.0">
    <skipped/>
  </testcase>
  <testcase name="tearDown" classname="tests.AddFurnitureLeadTest" time="0.0">
    <skipped/>
  </testcase>
  <testcase name="tearDown" classname="tests.AddFurnitureLeadTest" time="0.0">
    <skipped/>
  </testcase>
  <testcase name="tearDown" classname="tests.AddFurnitureLeadTest" time="0.0">
    <skipped/>
  </testcase>
  <testcase name="tearDown" classname="tests.AddFurnitureLeadTest" time="0.0">
    <skipped/>
  </testcase>
  <testcase name="tearDown" classname="tests.AddFurnitureLeadTest" time="0.0">
    <skipped/>
  </testcase>
  <testcase name="tearDown" classname="tests.AddFurnitureLeadTest" time="0.0">
    <skipped/>
  </testcase>
  <testcase name="tearDown" classname="tests.AddFurnitureLeadTest" time="0.0">
    <skipped/>
  </testcase>
  <testcase name="tearDown" classname="tests.AddFurnitureLeadTest" time="0.0">
    <skipped/>
  </testcase>
  <testcase name="tearDown" classname="tests.AddFurnitureLeadTest" time="0.0">
    <skipped/>
  </testcase>
  <testcase name="tearDown" classname="tests.AddFurnitureLeadTest" time="0.0">
    <skipped/>
  </testcase>
  <testcase name="tearDown" classname="tests.AddFurnitureLeadTest" time="0.0">
    <skipped/>
  </testcase>
  <testcase name="tearDown" classname="tests.AddFurnitureLeadTest" time="0.0">
    <skipped/>
  </testcase>
  <testcase name="tearDown" classname="tests.AddFurnitureLeadTest" time="0.0">
    <skipped/>
  </testcase>
  <testcase name="tearDown" classname="tests.AddFurnitureLeadTest" time="0.0">
    <skipped/>
  </testcase>
  <testcase name="tearDown" classname="tests.AddFurnitureLeadTest" time="0.0">
    <skipped/>
  </testcase>
  <testcase name="tearDown" classname="tests.AddFurnitureLeadTest" time="0.0">
    <skipped/>
  </testcase>
  <testcase name="tearDown" classname="tests.AddFurnitureLeadTest" time="0.0">
    <skipped/>
  </testcase>
  <testcase name="tearDown" classname="tests.AddFurnitureLeadTest" time="0.0">
    <skipped/>
  </testcase>
  <testcase name="tearDown" classname="tests.AddFurnitureLeadTest" time="0.0">
    <skipped/>
  </testcase>
  <testcase name="tearDown" classname="tests.AddFurnitureLeadTest" time="0.0">
    <skipped/>
  </testcase>
  <testcase name="tearDown" classname="tests.AddFurnitureLeadTest" time="0.0">
    <skipped/>
  </testcase>
  <testcase name="tearDown" classname="tests.AddFurnitureLeadTest" time="0.0">
    <skipped/>
  </testcase>
  <testcase name="tearDown" classname="tests.AddFurnitureLeadTest" time="0.0">
    <skipped/>
  </testcase>
  <testcase name="tearDown" classname="tests.AddFurnitureLeadTest" time="0.0">
    <skipped/>
  </testcase>
  <testcase name="tearDown" classname="tests.AddFurnitureLeadTest" time="0.0">
    <skipped/>
  </testcase>
  <testcase name="tearDown" classname="tests.AddFurnitureLeadTest" time="0.0">
    <skipped/>
  </testcase>
  <testcase name="tearDown" classname="tests.AddFurnitureLeadTest" time="0.0">
    <skipped/>
  </testcase>
  <testcase name="tearDown" classname="tests.AddFurnitureLeadTest" time="0.0">
    <skipped/>
  </testcase>
  <testcase name="tearDown" classname="tests.AddFurnitureLeadTest" time="0.0">
    <skipped/>
  </testcase>
  <testcase name="tearDown" classname="tests.AddFurnitureLeadTest" time="0.0">
    <skipped/>
  </testcase>
  <testcase name="tearDown" classname="tests.AddFurnitureLeadTest" time="0.0">
    <skipped/>
  </testcase>
  <testcase name="tearDown" classname="tests.AddFurnitureLeadTest" time="0.0">
    <skipped/>
  </testcase>
  <testcase name="tearDown" classname="tests.AddFurnitureLeadTest" time="0.0">
    <skipped/>
  </testcase>
  <testcase name="tearDown" classname="tests.AddFurnitureLeadTest" time="0.0">
    <skipped/>
  </testcase>
  <testcase name="tearDown" classname="tests.AddFurnitureLeadTest" time="0.0">
    <skipped/>
  </testcase>
  <testcase name="tearDown" classname="tests.AddFurnitureLeadTest" time="0.0">
    <skipped/>
  </testcase>
  <testcase name="tearDown" classname="tests.AddFurnitureLeadTest" time="0.0">
    <skipped/>
  </testcase>
  <testcase name="tearDown" classname="tests.AddFurnitureLeadTest" time="0.0">
    <skipped/>
  </testcase>
  <testcase name="tearDown" classname="tests.AddFurnitureLeadTest" time="0.0">
    <skipped/>
  </testcase>
  <testcase name="tearDown" classname="tests.AddFurnitureLeadTest" time="0.0">
    <skipped/>
  </testcase>
  <testcase name="tearDown" classname="tests.AddFurnitureLeadTest" time="0.0">
    <skipped/>
  </testcase>
  <testcase name="tearDown" classname="tests.AddFurnitureLeadTest" time="0.0">
    <skipped/>
  </testcase>
  <testcase name="tearDown" classname="tests.AddFurnitureLeadTest" time="0.0">
    <skipped/>
  </testcase>
  <testcase name="tearDown" classname="tests.AddFurnitureLeadTest" time="0.0">
    <skipped/>
  </testcase>
  <testcase name="tearDown" classname="tests.AddFurnitureLeadTest" time="0.0">
    <skipped/>
  </testcase>
  <testcase name="tearDown" classname="tests.AddFurnitureLeadTest" time="0.0">
    <skipped/>
  </testcase>
  <testcase name="tearDown" classname="tests.AddFurnitureLeadTest" time="0.0">
    <skipped/>
  </testcase>
  <testcase name="tearDown" classname="tests.AddFurnitureLeadTest" time="0.0">
    <skipped/>
  </testcase>
  <testcase name="tearDown" classname="tests.AddFurnitureLeadTest" time="0.0">
    <skipped/>
  </testcase>
  <testcase name="tearDown" classname="tests.AddFurnitureLeadTest" time="0.0">
    <skipped/>
  </testcase>
  <testcase name="tearDown" classname="tests.AddFurnitureLeadTest" time="0.0">
    <skipped/>
  </testcase>
  <testcase name="tearDown" classname="tests.AddFurnitureLeadTest" time="0.0">
    <skipped/>
  </testcase>
  <testcase name="tearDown" classname="tests.AddFurnitureLeadTest" time="0.0">
    <skipped/>
  </testcase>
  <testcase name="tearDown" classname="tests.AddFurnitureLeadTest" time="0.0">
    <skipped/>
  </testcase>
  <testcase name="tearDown" classname="tests.AddFurnitureLeadTest" time="0.0">
    <skipped/>
  </testcase>
  <testcase name="tearDown" classname="tests.AddFurnitureLeadTest" time="0.0">
    <skipped/>
  </testcase>
  <testcase name="tearDown" classname="tests.AddFurnitureLeadTest" time="0.0">
    <skipped/>
  </testcase>
  <testcase name="tearDown" classname="tests.AddFurnitureLeadTest" time="0.0">
    <skipped/>
  </testcase>
  <testcase name="tearDown" classname="tests.AddFurnitureLeadTest" time="0.0">
    <skipped/>
  </testcase>
  <testcase name="tearDown" classname="tests.AddFurnitureLeadTest" time="0.0">
    <skipped/>
  </testcase>
  <testcase name="tearDown" classname="tests.AddFurnitureLeadTest" time="0.0">
    <skipped/>
  </testcase>
  <testcase name="tearDown" classname="tests.AddFurnitureLeadTest" time="0.0">
    <skipped/>
  </testcase>
  <testcase name="tearDown" classname="tests.AddFurnitureLeadTest" time="0.0">
    <skipped/>
  </testcase>
  <testcase name="tearDown" classname="tests.AddFurnitureLeadTest" time="0.0">
    <skipped/>
  </testcase>
  <testcase name="tearDown" classname="tests.AddFurnitureLeadTest" time="0.0">
    <skipped/>
  </testcase>
  <testcase name="tearDown" classname="tests.AddFurnitureLeadTest" time="0.0">
    <skipped/>
  </testcase>
  <testcase name="tearDown" classname="tests.AddFurnitureLeadTest" time="0.0">
    <skipped/>
  </testcase>
  <testcase name="tearDown" classname="tests.AddFurnitureLeadTest" time="0.0">
    <skipped/>
  </testcase>
  <testcase name="tearDown" classname="tests.AddFurnitureLeadTest" time="0.0">
    <skipped/>
  </testcase>
  <testcase name="tearDown" classname="tests.AddFurnitureLeadTest" time="0.0">
    <skipped/>
  </testcase>
  <testcase name="tearDown" classname="tests.AddFurnitureLeadTest" time="0.0">
    <skipped/>
  </testcase>
  <testcase name="tearDown" classname="tests.AddFurnitureLeadTest" time="0.0">
    <skipped/>
  </testcase>
  <testcase name="tearDown" classname="tests.AddFurnitureLeadTest" time="0.0">
    <skipped/>
  </testcase>
  <testcase name="tearDown" classname="tests.AddFurnitureLeadTest" time="0.0">
    <skipped/>
  </testcase>
  <testcase name="tearDown" classname="tests.AddFurnitureLeadTest" time="0.0">
    <skipped/>
  </testcase>
  <testcase name="tearDown" classname="tests.AddFurnitureLeadTest" time="0.0">
    <skipped/>
  </testcase>
  <testcase name="tearDown" classname="tests.AddFurnitureLeadTest" time="0.0">
    <skipped/>
  </testcase>
  <testcase name="tearDown" classname="tests.AddFurnitureLeadTest" time="0.0">
    <skipped/>
  </testcase>
  <testcase name="tearDown" classname="tests.AddFurnitureLeadTest" time="0.0">
    <skipped/>
  </testcase>
  <testcase name="tearDown" classname="tests.AddFurnitureLeadTest" time="0.0">
    <skipped/>
  </testcase>
  <testcase name="tearDown" classname="tests.AddFurnitureLeadTest" time="0.0">
    <skipped/>
  </testcase>
  <testcase name="tearDown" classname="tests.AddFurnitureLeadTest" time="0.0">
    <skipped/>
  </testcase>
  <testcase name="tearDown" classname="tests.AddFurnitureLeadTest" time="0.0">
    <skipped/>
  </testcase>
  <testcase name="tearDown" classname="tests.AddFurnitureLeadTest" time="0.0">
    <skipped/>
  </testcase>
  <testcase name="tearDown" classname="tests.AddFurnitureLeadTest" time="0.0">
    <skipped/>
  </testcase>
  <testcase name="tearDown" classname="tests.AddFurnitureLeadTest" time="0.0">
    <skipped/>
  </testcase>
  <testcase name="tearDown" classname="tests.AddFurnitureLeadTest" time="0.0">
    <skipped/>
  </testcase>
  <testcase name="tearDown" classname="tests.AddFurnitureLeadTest" time="0.0">
    <skipped/>
  </testcase>
  <testcase name="tearDown" classname="tests.AddFurnitureLeadTest" time="0.0">
    <skipped/>
  </testcase>
  <testcase name="tearDown" classname="tests.AddFurnitureLeadTest" time="0.0">
    <skipped/>
  </testcase>
  <testcase name="tearDown" classname="tests.AddFurnitureLeadTest" time="0.0">
    <skipped/>
  </testcase>
  <testcase name="tearDown" classname="tests.AddFurnitureLeadTest" time="0.0">
    <skipped/>
  </testcase>
  <testcase name="tearDown" classname="tests.AddFurnitureLeadTest" time="0.0">
    <skipped/>
  </testcase>
  <testcase name="tearDown" classname="tests.AddFurnitureLeadTest" time="0.0">
    <skipped/>
  </testcase>
  <testcase name="tearDown" classname="tests.AddFurnitureLeadTest" time="0.0">
    <skipped/>
  </testcase>
  <testcase name="tearDown" classname="tests.AddFurnitureLeadTest" time="0.0">
    <skipped/>
  </testcase>
  <testcase name="tearDown" classname="tests.AddFurnitureLeadTest" time="0.0">
    <skipped/>
  </testcase>
  <testcase name="tearDown" classname="tests.AddFurnitureLeadTest" time="0.0">
    <skipped/>
  </testcase>
  <testcase name="tearDown" classname="tests.AddFurnitureLeadTest" time="0.0">
    <skipped/>
  </testcase>
  <testcase name="tearDown" classname="tests.AddFurnitureLeadTest" time="0.0">
    <skipped/>
  </testcase>
  <testcase name="tearDown" classname="tests.AddFurnitureLeadTest" time="0.0">
    <skipped/>
  </testcase>
  <testcase name="tearDown" classname="tests.AddFurnitureLeadTest" time="0.0">
    <skipped/>
  </testcase>
  <testcase name="tearDown" classname="tests.AddFurnitureLeadTest" time="0.0">
    <skipped/>
  </testcase>
  <testcase name="tearDown" classname="tests.AddFurnitureLeadTest" time="0.0">
    <skipped/>
  </testcase>
  <testcase name="tearDown" classname="tests.AddFurnitureLeadTest" time="0.0">
    <skipped/>
  </testcase>
  <testcase name="tearDown" classname="tests.AddFurnitureLeadTest" time="0.0">
    <skipped/>
  </testcase>
  <testcase name="tearDown" classname="tests.AddFurnitureLeadTest" time="0.0">
    <skipped/>
  </testcase>
  <testcase name="tearDown" classname="tests.AddFurnitureLeadTest" time="0.0">
    <skipped/>
  </testcase>
  <testcase name="tearDown" classname="tests.AddFurnitureLeadTest" time="0.0">
    <skipped/>
  </testcase>
  <testcase name="tearDown" classname="tests.AddFurnitureLeadTest" time="0.0">
    <skipped/>
  </testcase>
  <testcase name="tearDown" classname="tests.AddFurnitureLeadTest" time="0.0">
    <skipped/>
  </testcase>
  <testcase name="tearDown" classname="tests.AddFurnitureLeadTest" time="0.0">
    <skipped/>
  </testcase>
  <testcase name="tearDown" classname="tests.AddFurnitureLeadTest" time="0.0">
    <skipped/>
  </testcase>
  <testcase name="tearDown" classname="tests.AddFurnitureLeadTest" time="0.0">
    <skipped/>
  </testcase>
  <testcase name="tearDown" classname="tests.AddFurnitureLeadTest" time="0.0">
    <skipped/>
  </testcase>
  <testcase name="tearDown" classname="tests.AddFurnitureLeadTest" time="0.0">
    <skipped/>
  </testcase>
  <testcase name="tearDown" classname="tests.AddFurnitureLeadTest" time="0.0">
    <skipped/>
  </testcase>
  <testcase name="tearDown" classname="tests.AddFurnitureLeadTest" time="0.0">
    <skipped/>
  </testcase>
  <testcase name="tearDown" classname="tests.AddFurnitureLeadTest" time="0.0">
    <skipped/>
  </testcase>
  <testcase name="tearDown" classname="tests.AddFurnitureLeadTest" time="0.0">
    <skipped/>
  </testcase>
  <testcase name="tearDown" classname="tests.AddFurnitureLeadTest" time="0.0">
    <skipped/>
  </testcase>
  <testcase name="tearDown" classname="tests.AddFurnitureLeadTest" time="0.0">
    <skipped/>
  </testcase>
  <testcase name="tearDown" classname="tests.AddFurnitureLeadTest" time="0.0">
    <skipped/>
  </testcase>
  <testcase name="tearDown" classname="tests.AddFurnitureLeadTest" time="0.0">
    <skipped/>
  </testcase>
  <testcase name="tearDown" classname="tests.AddFurnitureLeadTest" time="0.0">
    <skipped/>
  </testcase>
  <testcase name="tearDown" classname="tests.AddFurnitureLeadTest" time="0.0">
    <skipped/>
  </testcase>
  <testcase name="tearDown" classname="tests.AddFurnitureLeadTest" time="0.0">
    <skipped/>
  </testcase>
  <testcase name="tearDown" classname="tests.AddFurnitureLeadTest" time="0.0">
    <skipped/>
  </testcase>
  <testcase name="tearDown" classname="tests.AddFurnitureLeadTest" time="0.0">
    <skipped/>
  </testcase>
  <testcase name="tearDown" classname="tests.AddFurnitureLeadTest" time="0.0">
    <skipped/>
  </testcase>
  <testcase name="tearDown" classname="tests.AddFurnitureLeadTest" time="0.0">
    <skipped/>
  </testcase>
  <testcase name="tearDown" classname="tests.AddFurnitureLeadTest" time="0.0">
    <skipped/>
  </testcase>
  <testcase name="tearDown" classname="tests.AddFurnitureLeadTest" time="0.0">
    <skipped/>
  </testcase>
  <testcase name="tearDown" classname="tests.AddFurnitureLeadTest" time="0.0">
    <skipped/>
  </testcase>
  <testcase name="tearDown" classname="tests.AddFurnitureLeadTest" time="0.0">
    <skipped/>
  </testcase>
  <testcase name="tearDown" classname="tests.AddFurnitureLeadTest" time="0.0">
    <skipped/>
  </testcase>
  <testcase name="tearDown" classname="tests.AddFurnitureLeadTest" time="0.0">
    <skipped/>
  </testcase>
  <testcase name="tearDown" classname="tests.AddFurnitureLeadTest" time="0.0">
    <skipped/>
  </testcase>
  <testcase name="tearDown" classname="tests.AddFurnitureLeadTest" time="0.0">
    <skipped/>
  </testcase>
  <testcase name="tearDown" classname="tests.AddFurnitureLeadTest" time="0.0">
    <skipped/>
  </testcase>
  <testcase name="tearDown" classname="tests.AddFurnitureLeadTest" time="0.0">
    <skipped/>
  </testcase>
  <testcase name="tearDown" classname="tests.AddFurnitureLeadTest" time="0.0">
    <skipped/>
  </testcase>
  <testcase name="tearDown" classname="tests.AddFurnitureLeadTest" time="0.0">
    <skipped/>
  </testcase>
  <testcase name="tearDown" classname="tests.AddFurnitureLeadTest" time="0.0">
    <skipped/>
  </testcase>
  <testcase name="tearDown" classname="tests.AddFurnitureLeadTest" time="0.0">
    <skipped/>
  </testcase>
  <testcase name="tearDown" classname="tests.AddFurnitureLeadTest" time="0.0">
    <skipped/>
  </testcase>
  <testcase name="tearDown" classname="tests.AddFurnitureLeadTest" time="0.0">
    <skipped/>
  </testcase>
  <testcase name="tearDown" classname="tests.AddFurnitureLeadTest" time="0.0">
    <skipped/>
  </testcase>
  <testcase name="tearDown" classname="tests.AddFurnitureLeadTest" time="0.0">
    <skipped/>
  </testcase>
  <testcase name="tearDown" classname="tests.AddFurnitureLeadTest" time="0.0">
    <skipped/>
  </testcase>
  <testcase name="tearDown" classname="tests.AddFurnitureLeadTest" time="0.0">
    <skipped/>
  </testcase>
  <testcase name="tearDown" classname="tests.AddFurnitureLeadTest" time="0.0">
    <skipped/>
  </testcase>
  <testcase name="tearDown" classname="tests.AddFurnitureLeadTest" time="0.0">
    <skipped/>
  </testcase>
  <testcase name="tearDown" classname="tests.AddFurnitureLeadTest" time="0.0">
    <skipped/>
  </testcase>
  <testcase name="tearDown" classname="tests.AddFurnitureLeadTest" time="0.0">
    <skipped/>
  </testcase>
  <testcase name="tearDown" classname="tests.AddFurnitureLeadTest" time="0.0">
    <skipped/>
  </testcase>
  <testcase name="tearDown" classname="tests.AddFurnitureLeadTest" time="0.0">
    <skipped/>
  </testcase>
  <testcase name="tearDown" classname="tests.AddFurnitureLeadTest" time="0.0">
    <skipped/>
  </testcase>
  <testcase name="tearDown" classname="tests.AddFurnitureLeadTest" time="0.0">
    <skipped/>
  </testcase>
  <testcase name="tearDown" classname="tests.AddFurnitureLeadTest" time="0.0">
    <skipped/>
  </testcase>
  <testcase name="tearDown" classname="tests.AddFurnitureLeadTest" time="0.0">
    <skipped/>
  </testcase>
  <testcase name="tearDown" classname="tests.AddFurnitureLeadTest" time="0.0">
    <skipped/>
  </testcase>
  <testcase name="tearDown" classname="tests.AddFurnitureLeadTest" time="0.0">
    <skipped/>
  </testcase>
  <testcase name="tearDown" classname="tests.AddFurnitureLeadTest" time="0.0">
    <skipped/>
  </testcase>
  <testcase name="tearDown" classname="tests.AddFurnitureLeadTest" time="0.0">
    <skipped/>
  </testcase>
  <testcase name="tearDown" classname="tests.AddFurnitureLeadTest" time="0.0">
    <skipped/>
  </testcase>
  <testcase name="tearDown" classname="tests.AddFurnitureLeadTest" time="0.0">
    <skipped/>
  </testcase>
  <testcase name="tearDown" classname="tests.AddFurnitureLeadTest" time="0.0">
    <skipped/>
  </testcase>
  <testcase name="tearDown" classname="tests.AddFurnitureLeadTest" time="0.0">
    <skipped/>
  </testcase>
  <testcase name="tearDown" classname="tests.AddFurnitureLeadTest" time="0.0">
    <skipped/>
  </testcase>
  <testcase name="tearDown" classname="tests.AddFurnitureLeadTest" time="0.0">
    <skipped/>
  </testcase>
  <testcase name="tearDown" classname="tests.AddFurnitureLeadTest" time="0.0">
    <skipped/>
  </testcase>
  <testcase name="tearDown" classname="tests.AddFurnitureLeadTest" time="0.0">
    <skipped/>
  </testcase>
  <testcase name="tearDown" classname="tests.AddFurnitureLeadTest" time="0.0">
    <skipped/>
  </testcase>
  <testcase name="tearDown" classname="tests.AddFurnitureLeadTest" time="0.0">
    <skipped/>
  </testcase>
  <testcase name="tearDown" classname="tests.AddFurnitureLeadTest" time="0.0">
    <skipped/>
  </testcase>
  <testcase name="tearDown" classname="tests.AddFurnitureLeadTest" time="0.0">
    <skipped/>
  </testcase>
  <testcase name="tearDown" classname="tests.AddFurnitureLeadTest" time="0.0">
    <skipped/>
  </testcase>
  <testcase name="tearDown" classname="tests.AddFurnitureLeadTest" time="0.0">
    <skipped/>
  </testcase>
  <testcase name="tearDown" classname="tests.AddFurnitureLeadTest" time="0.0">
    <skipped/>
  </testcase>
  <testcase name="tearDown" classname="tests.AddFurnitureLeadTest" time="0.0">
    <skipped/>
  </testcase>
  <testcase name="tearDown" classname="tests.AddFurnitureLeadTest" time="0.0">
    <skipped/>
  </testcase>
  <testcase name="tearDown" classname="tests.AddFurnitureLeadTest" time="0.0">
    <skipped/>
  </testcase>
  <testcase name="tearDown" classname="tests.AddFurnitureLeadTest" time="0.0">
    <skipped/>
  </testcase>
  <testcase name="tearDown" classname="tests.AddFurnitureLeadTest" time="0.0">
    <skipped/>
  </testcase>
  <testcase name="tearDown" classname="tests.AddFurnitureLeadTest" time="0.0">
    <skipped/>
  </testcase>
  <testcase name="tearDown" classname="tests.AddFurnitureLeadTest" time="0.0">
    <skipped/>
  </testcase>
  <testcase name="tearDown" classname="tests.AddFurnitureLeadTest" time="0.0">
    <skipped/>
  </testcase>
  <testcase name="tearDown" classname="tests.AddFurnitureLeadTest" time="0.0">
    <skipped/>
  </testcase>
  <testcase name="tearDown" classname="tests.AddFurnitureLeadTest" time="0.0">
    <skipped/>
  </testcase>
  <testcase name="tearDown" classname="tests.AddFurnitureLeadTest" time="0.0">
    <skipped/>
  </testcase>
  <testcase name="tearDown" classname="tests.AddFurnitureLeadTest" time="0.0">
    <skipped/>
  </testcase>
  <testcase name="tearDown" classname="tests.AddFurnitureLeadTest" time="0.0">
    <skipped/>
  </testcase>
  <testcase name="tearDown" classname="tests.AddFurnitureLeadTest" time="0.0">
    <skipped/>
  </testcase>
  <testcase name="tearDown" classname="tests.AddFurnitureLeadTest" time="0.0">
    <skipped/>
  </testcase>
  <testcase name="tearDown" classname="tests.AddFurnitureLeadTest" time="0.0">
    <skipped/>
  </testcase>
  <testcase name="tearDown" classname="tests.AddFurnitureLeadTest" time="0.0">
    <skipped/>
  </testcase>
  <testcase name="tearDown" classname="tests.AddFurnitureLeadTest" time="0.0">
    <skipped/>
  </testcase>
  <testcase name="tearDown" classname="tests.AddFurnitureLeadTest" time="0.0">
    <skipped/>
  </testcase>
  <testcase name="tearDown" classname="tests.AddFurnitureLeadTest" time="0.0">
    <skipped/>
  </testcase>
  <testcase name="tearDown" classname="tests.AddFurnitureLeadTest" time="0.0">
    <skipped/>
  </testcase>
  <testcase name="tearDown" classname="tests.AddFurnitureLeadTest" time="0.0">
    <skipped/>
  </testcase>
  <testcase name="tearDown" classname="tests.AddFurnitureLeadTest" time="0.0">
    <skipped/>
  </testcase>
  <testcase name="tearDown" classname="tests.AddFurnitureLeadTest" time="0.0">
    <skipped/>
  </testcase>
  <testcase name="tearDown" classname="tests.AddFurnitureLeadTest" time="0.0">
    <skipped/>
  </testcase>
  <testcase name="tearDown" classname="tests.AddFurnitureLeadTest" time="0.0">
    <skipped/>
  </testcase>
  <testcase name="tearDown" classname="tests.AddFurnitureLeadTest" time="0.0">
    <skipped/>
  </testcase>
  <testcase name="tearDown" classname="tests.AddFurnitureLeadTest" time="0.0">
    <skipped/>
  </testcase>
  <testcase name="tearDown" classname="tests.AddFurnitureLeadTest" time="0.0">
    <skipped/>
  </testcase>
  <testcase name="tearDown" classname="tests.AddFurnitureLeadTest" time="0.0">
    <skipped/>
  </testcase>
  <testcase name="tearDown" classname="tests.AddFurnitureLeadTest" time="0.0">
    <skipped/>
  </testcase>
  <testcase name="tearDown" classname="tests.AddFurnitureLeadTest" time="0.0">
    <skipped/>
  </testcase>
  <testcase name="tearDown" classname="tests.AddFurnitureLeadTest" time="0.0">
    <skipped/>
  </testcase>
  <testcase name="tearDown" classname="tests.AddFurnitureLeadTest" time="0.0">
    <skipped/>
  </testcase>
  <testcase name="tearDown" classname="tests.AddFurnitureLeadTest" time="0.0">
    <skipped/>
  </testcase>
  <testcase name="tearDown" classname="tests.AddFurnitureLeadTest" time="0.0">
    <skipped/>
  </testcase>
  <testcase name="tearDown" classname="tests.AddFurnitureLeadTest" time="0.0">
    <skipped/>
  </testcase>
  <testcase name="tearDown" classname="tests.AddFurnitureLeadTest" time="0.0">
    <skipped/>
  </testcase>
  <testcase name="tearDown" classname="tests.AddFurnitureLeadTest" time="0.0">
    <skipped/>
  </testcase>
  <testcase name="tearDown" classname="tests.AddFurnitureLeadTest" time="0.0">
    <skipped/>
  </testcase>
  <testcase name="tearDown" classname="tests.AddFurnitureLeadTest" time="0.0">
    <skipped/>
  </testcase>
  <testcase name="tearDown" classname="tests.AddFurnitureLeadTest" time="0.0">
    <skipped/>
  </testcase>
  <testcase name="tearDown" classname="tests.AddFurnitureLeadTest" time="0.0">
    <skipped/>
  </testcase>
  <testcase name="tearDown" classname="tests.AddFurnitureLeadTest" time="0.0">
    <skipped/>
  </testcase>
  <testcase name="tearDown" classname="tests.AddFurnitureLeadTest" time="0.0">
    <skipped/>
  </testcase>
  <testcase name="tearDown" classname="tests.AddFurnitureLeadTest" time="0.0">
    <skipped/>
  </testcase>
  <testcase name="tearDown" classname="tests.AddFurnitureLeadTest" time="0.0">
    <skipped/>
  </testcase>
  <testcase name="tearDown" classname="tests.AddFurnitureLeadTest" time="0.0">
    <skipped/>
  </testcase>
  <testcase name="tearDown" classname="tests.AddFurnitureLeadTest" time="0.0">
    <skipped/>
  </testcase>
  <testcase name="tearDown" classname="tests.AddFurnitureLeadTest" time="0.0">
    <skipped/>
  </testcase>
  <testcase name="tearDown" classname="tests.AddFurnitureLeadTest" time="0.0">
    <skipped/>
  </testcase>
  <testcase name="tearDown" classname="tests.AddFurnitureLeadTest" time="0.0">
    <skipped/>
  </testcase>
  <testcase name="tearDown" classname="tests.AddFurnitureLeadTest" time="0.0">
    <skipped/>
  </testcase>
  <testcase name="tearDown" classname="tests.AddFurnitureLeadTest" time="0.0">
    <skipped/>
  </testcase>
  <testcase name="tearDown" classname="tests.AddFurnitureLeadTest" time="0.0">
    <skipped/>
  </testcase>
  <testcase name="tearDown" classname="tests.AddFurnitureLeadTest" time="0.0">
    <skipped/>
  </testcase>
  <testcase name="tearDown" classname="tests.AddFurnitureLeadTest" time="0.0">
    <skipped/>
  </testcase>
  <testcase name="tearDown" classname="tests.AddFurnitureLeadTest" time="0.0">
    <skipped/>
  </testcase>
  <testcase name="tearDown" classname="tests.AddFurnitureLeadTest" time="0.0">
    <skipped/>
  </testcase>
  <testcase name="tearDown" classname="tests.AddFurnitureLeadTest" time="0.0">
    <skipped/>
  </testcase>
  <testcase name="tearDown" classname="tests.AddFurnitureLeadTest" time="0.0">
    <skipped/>
  </testcase>
  <testcase name="tearDown" classname="tests.AddFurnitureLeadTest" time="0.0">
    <skipped/>
  </testcase>
  <testcase name="tearDown" classname="tests.AddFurnitureLeadTest" time="0.0">
    <skipped/>
  </testcase>
  <testcase name="tearDown" classname="tests.AddFurnitureLeadTest" time="0.0">
    <skipped/>
  </testcase>
  <testcase name="tearDown" classname="tests.AddFurnitureLeadTest" time="0.0">
    <skipped/>
  </testcase>
  <testcase name="tearDown" classname="tests.AddFurnitureLeadTest" time="0.0">
    <skipped/>
  </testcase>
  <testcase name="tearDown" classname="tests.AddFurnitureLeadTest" time="0.0">
    <skipped/>
  </testcase>
  <testcase name="tearDown" classname="tests.AddFurnitureLeadTest" time="0.0">
    <skipped/>
  </testcase>
  <testcase name="tearDown" classname="tests.AddFurnitureLeadTest" time="0.0">
    <skipped/>
  </testcase>
  <testcase name="tearDown" classname="tests.AddFurnitureLeadTest" time="0.0">
    <skipped/>
  </testcase>
  <testcase name="tearDown" classname="tests.AddFurnitureLeadTest" time="0.0">
    <skipped/>
  </testcase>
  <testcase name="tearDown" classname="tests.AddFurnitureLeadTest" time="0.0">
    <skipped/>
  </testcase>
  <testcase name="tearDown" classname="tests.AddFurnitureLeadTest" time="0.0">
    <skipped/>
  </testcase>
  <testcase name="tearDown" classname="tests.AddFurnitureLeadTest" time="0.0">
    <skipped/>
  </testcase>
  <testcase name="tearDown" classname="tests.AddFurnitureLeadTest" time="0.0">
    <skipped/>
  </testcase>
  <testcase name="tearDown" classname="tests.AddFurnitureLeadTest" time="0.0">
    <skipped/>
  </testcase>
  <testcase name="tearDown" classname="tests.AddFurnitureLeadTest" time="0.0">
    <skipped/>
  </testcase>
  <testcase name="tearDown" classname="tests.AddFurnitureLeadTest" time="0.0">
    <skipped/>
  </testcase>
  <testcase name="tearDown" classname="tests.AddFurnitureLeadTest" time="0.0">
    <skipped/>
  </testcase>
  <testcase name="tearDown" classname="tests.AddFurnitureLeadTest" time="0.0">
    <skipped/>
  </testcase>
  <testcase name="tearDown" classname="tests.AddFurnitureLeadTest" time="0.0">
    <skipped/>
  </testcase>
  <testcase name="tearDown" classname="tests.AddFurnitureLeadTest" time="0.0">
    <skipped/>
  </testcase>
  <testcase name="tearDown" classname="tests.AddFurnitureLeadTest" time="0.0">
    <skipped/>
  </testcase>
  <testcase name="tearDown" classname="tests.AddFurnitureLeadTest" time="0.0">
    <skipped/>
  </testcase>
  <testcase name="tearDown" classname="tests.AddFurnitureLeadTest" time="0.0">
    <skipped/>
  </testcase>
  <testcase name="tearDown" classname="tests.AddFurnitureLeadTest" time="0.0">
    <skipped/>
  </testcase>
  <testcase name="tearDown" classname="tests.AddFurnitureLeadTest" time="0.0">
    <skipped/>
  </testcase>
  <testcase name="tearDown" classname="tests.AddFurnitureLeadTest" time="0.0">
    <skipped/>
  </testcase>
  <testcase name="tearDown" classname="tests.AddFurnitureLeadTest" time="0.0">
    <skipped/>
  </testcase>
  <testcase name="tearDown" classname="tests.AddFurnitureLeadTest" time="0.0">
    <skipped/>
  </testcase>
  <testcase name="tearDown" classname="tests.AddFurnitureLeadTest" time="0.0">
    <skipped/>
  </testcase>
  <testcase name="tearDown" classname="tests.AddFurnitureLeadTest" time="0.0">
    <skipped/>
  </testcase>
  <testcase name="tearDown" classname="tests.AddFurnitureLeadTest" time="0.0">
    <skipped/>
  </testcase>
  <testcase name="tearDown" classname="tests.AddFurnitureLeadTest" time="0.0">
    <skipped/>
  </testcase>
  <testcase name="tearDown" classname="tests.AddFurnitureLeadTest" time="0.0">
    <skipped/>
  </testcase>
  <testcase name="tearDown" classname="tests.AddFurnitureLeadTest" time="0.0">
    <skipped/>
  </testcase>
  <testcase name="tearDown" classname="tests.AddFurnitureLeadTest" time="0.0">
    <skipped/>
  </testcase>
  <testcase name="tearDown" classname="tests.AddFurnitureLeadTest" time="0.0">
    <skipped/>
  </testcase>
  <testcase name="tearDown" classname="tests.AddFurnitureLeadTest" time="0.0">
    <skipped/>
  </testcase>
  <testcase name="tearDown" classname="tests.AddFurnitureLeadTest" time="0.0">
    <skipped/>
  </testcase>
  <testcase name="tearDown" classname="tests.AddFurnitureLeadTest" time="0.0">
    <skipped/>
  </testcase>
  <testcase name="tearDown" classname="tests.AddFurnitureLeadTest" time="0.0">
    <skipped/>
  </testcase>
  <testcase name="tearDown" classname="tests.AddFurnitureLeadTest" time="0.0">
    <skipped/>
  </testcase>
  <testcase name="tearDown" classname="tests.AddFurnitureLeadTest" time="0.0">
    <skipped/>
  </testcase>
  <testcase name="tearDown" classname="tests.AddFurnitureLeadTest" time="0.0">
    <skipped/>
  </testcase>
  <testcase name="tearDown" classname="tests.AddFurnitureLeadTest" time="0.0">
    <skipped/>
  </testcase>
  <testcase name="tearDown" classname="tests.AddFurnitureLeadTest" time="0.0">
    <skipped/>
  </testcase>
  <testcase name="tearDown" classname="tests.AddFurnitureLeadTest" time="0.0">
    <skipped/>
  </testcase>
  <testcase name="tearDown" classname="tests.AddFurnitureLeadTest" time="0.0">
    <skipped/>
  </testcase>
  <testcase name="tearDown" classname="tests.AddFurnitureLeadTest" time="0.0">
    <skipped/>
  </testcase>
  <testcase name="tearDown" classname="tests.AddFurnitureLeadTest" time="0.0">
    <skipped/>
  </testcase>
  <testcase name="tearDown" classname="tests.AddFurnitureLeadTest" time="0.0">
    <skipped/>
  </testcase>
  <testcase name="tearDown" classname="tests.AddFurnitureLeadTest" time="0.0">
    <skipped/>
  </testcase>
  <testcase name="tearDown" classname="tests.AddFurnitureLeadTest" time="0.0">
    <skipped/>
  </testcase>
  <testcase name="tearDown" classname="tests.AddFurnitureLeadTest" time="0.0">
    <skipped/>
  </testcase>
  <testcase name="tearDown" classname="tests.AddFurnitureLeadTest" time="0.0">
    <skipped/>
  </testcase>
  <testcase name="tearDown" classname="tests.AddFurnitureLeadTest" time="0.0">
    <skipped/>
  </testcase>
  <testcase name="tearDown" classname="tests.AddFurnitureLeadTest" time="0.0">
    <skipped/>
  </testcase>
  <testcase name="tearDown" classname="tests.AddFurnitureLeadTest" time="0.0">
    <skipped/>
  </testcase>
  <testcase name="tearDown" classname="tests.AddFurnitureLeadTest" time="0.0">
    <skipped/>
  </testcase>
  <testcase name="tearDown" classname="tests.AddFurnitureLeadTest" time="0.0">
    <skipped/>
  </testcase>
  <testcase name="tearDown" classname="tests.AddFurnitureLeadTest" time="0.0">
    <skipped/>
  </testcase>
  <testcase name="tearDown" classname="tests.AddFurnitureLeadTest" time="0.0">
    <skipped/>
  </testcase>
  <testcase name="tearDown" classname="tests.AddFurnitureLeadTest" time="0.0">
    <skipped/>
  </testcase>
  <testcase name="tearDown" classname="tests.AddFurnitureLeadTest" time="0.0">
    <skipped/>
  </testcase>
  <testcase name="tearDown" classname="tests.AddFurnitureLeadTest" time="0.0">
    <skipped/>
  </testcase>
  <testcase name="tearDown" classname="tests.AddFurnitureLeadTest" time="0.0">
    <skipped/>
  </testcase>
  <testcase name="tearDown" classname="tests.AddFurnitureLeadTest" time="0.0">
    <skipped/>
  </testcase>
  <testcase name="tearDown" classname="tests.AddFurnitureLeadTest" time="0.0">
    <skipped/>
  </testcase>
  <testcase name="tearDown" classname="tests.AddFurnitureLeadTest" time="0.0">
    <skipped/>
  </testcase>
  <testcase name="tearDown" classname="tests.AddFurnitureLeadTest" time="0.0">
    <skipped/>
  </testcase>
  <testcase name="tearDown" classname="tests.AddFurnitureLeadTest" time="0.0">
    <skipped/>
  </testcase>
  <testcase name="tearDown" classname="tests.AddFurnitureLeadTest" time="0.0">
    <skipped/>
  </testcase>
  <testcase name="tearDown" classname="tests.AddFurnitureLeadTest" time="0.0">
    <skipped/>
  </testcase>
  <testcase name="tearDown" classname="tests.AddFurnitureLeadTest" time="0.0">
    <skipped/>
  </testcase>
  <testcase name="tearDown" classname="tests.AddFurnitureLeadTest" time="0.0">
    <skipped/>
  </testcase>
  <testcase name="tearDown" classname="tests.AddFurnitureLeadTest" time="0.0">
    <skipped/>
  </testcase>
  <testcase name="tearDown" classname="tests.AddFurnitureLeadTest" time="0.0">
    <skipped/>
  </testcase>
  <testcase name="tearDown" classname="tests.AddFurnitureLeadTest" time="0.0">
    <skipped/>
  </testcase>
  <testcase name="tearDown" classname="tests.AddFurnitureLeadTest" time="0.0">
    <skipped/>
  </testcase>
  <testcase name="tearDown" classname="tests.AddFurnitureLeadTest" time="0.0">
    <skipped/>
  </testcase>
  <testcase name="tearDown" classname="tests.AddFurnitureLeadTest" time="0.0">
    <skipped/>
  </testcase>
  <testcase name="tearDown" classname="tests.AddFurnitureLeadTest" time="0.0">
    <skipped/>
  </testcase>
  <testcase name="tearDown" classname="tests.AddFurnitureLeadTest" time="0.0">
    <skipped/>
  </testcase>
  <testcase name="tearDown" classname="tests.AddFurnitureLeadTest" time="0.0">
    <skipped/>
  </testcase>
  <testcase name="tearDown" classname="tests.AddFurnitureLeadTest" time="0.0">
    <skipped/>
  </testcase>
  <testcase name="tearDown" classname="tests.AddFurnitureLeadTest" time="0.0">
    <skipped/>
  </testcase>
  <testcase name="tearDown" classname="tests.AddFurnitureLeadTest" time="0.0">
    <skipped/>
  </testcase>
  <testcase name="tearDown" classname="tests.AddFurnitureLeadTest" time="0.0">
    <skipped/>
  </testcase>
  <testcase name="tearDown" classname="tests.AddFurnitureLeadTest" time="0.0">
    <skipped/>
  </testcase>
  <testcase name="tearDown" classname="tests.AddFurnitureLeadTest" time="0.0">
    <skipped/>
  </testcase>
  <testcase name="tearDown" classname="tests.AddFurnitureLeadTest" time="0.0">
    <skipped/>
  </testcase>
  <testcase name="tearDown" classname="tests.AddFurnitureLeadTest" time="0.0">
    <skipped/>
  </testcase>
  <testcase name="tearDown" classname="tests.AddFurnitureLeadTest" time="0.0">
    <skipped/>
  </testcase>
  <testcase name="tearDown" classname="tests.AddFurnitureLeadTest" time="0.0">
    <skipped/>
  </testcase>
  <testcase name="tearDown" classname="tests.AddFurnitureLeadTest" time="0.0">
    <skipped/>
  </testcase>
  <testcase name="tearDown" classname="tests.AddFurnitureLeadTest" time="0.0">
    <skipped/>
  </testcase>
  <testcase name="tearDown" classname="tests.AddFurnitureLeadTest" time="0.0">
    <skipped/>
  </testcase>
  <testcase name="tearDown" classname="tests.AddFurnitureLeadTest" time="0.0">
    <skipped/>
  </testcase>
  <testcase name="tearDown" classname="tests.AddFurnitureLeadTest" time="0.0">
    <skipped/>
  </testcase>
  <testcase name="tearDown" classname="tests.AddFurnitureLeadTest" time="0.0">
    <skipped/>
  </testcase>
  <testcase name="tearDown" classname="tests.AddFurnitureLeadTest" time="0.0">
    <skipped/>
  </testcase>
  <testcase name="tearDown" classname="tests.AddFurnitureLeadTest" time="0.0">
    <skipped/>
  </testcase>
  <testcase name="tearDown" classname="tests.AddFurnitureLeadTest" time="0.0">
    <skipped/>
  </testcase>
  <testcase name="tearDown" classname="tests.AddFurnitureLeadTest" time="0.0">
    <skipped/>
  </testcase>
  <testcase name="tearDown" classname="tests.AddFurnitureLeadTest" time="0.0">
    <skipped/>
  </testcase>
  <testcase name="tearDown" classname="tests.AddFurnitureLeadTest" time="0.0">
    <skipped/>
  </testcase>
  <testcase name="tearDown" classname="tests.AddFurnitureLeadTest" time="0.0">
    <skipped/>
  </testcase>
  <testcase name="tearDown" classname="tests.AddFurnitureLeadTest" time="0.0">
    <skipped/>
  </testcase>
  <testcase name="tearDown" classname="tests.AddFurnitureLeadTest" time="0.0">
    <skipped/>
  </testcase>
  <testcase name="tearDown" classname="tests.AddFurnitureLeadTest" time="0.0">
    <skipped/>
  </testcase>
  <testcase name="tearDown" classname="tests.AddFurnitureLeadTest" time="0.0">
    <skipped/>
  </testcase>
  <testcase name="tearDown" classname="tests.AddFurnitureLeadTest" time="0.0">
    <skipped/>
  </testcase>
  <testcase name="tearDown" classname="tests.AddFurnitureLeadTest" time="0.0">
    <skipped/>
  </testcase>
  <testcase name="tearDown" classname="tests.AddFurnitureLeadTest" time="0.0">
    <skipped/>
  </testcase>
  <testcase name="tearDown" classname="tests.AddFurnitureLeadTest" time="0.0">
    <skipped/>
  </testcase>
  <testcase name="tearDown" classname="tests.AddFurnitureLeadTest" time="0.0">
    <skipped/>
  </testcase>
  <testcase name="tearDown" classname="tests.AddFurnitureLeadTest" time="0.0">
    <skipped/>
  </testcase>
  <testcase name="tearDown" classname="tests.AddFurnitureLeadTest" time="0.0">
    <skipped/>
  </testcase>
  <testcase name="tearDown" classname="tests.AddFurnitureLeadTest" time="0.0">
    <skipped/>
  </testcase>
  <testcase name="tearDown" classname="tests.AddFurnitureLeadTest" time="0.0">
    <skipped/>
  </testcase>
  <testcase name="tearDown" classname="tests.AddFurnitureLeadTest" time="0.0">
    <skipped/>
  </testcase>
  <testcase name="tearDown" classname="tests.AddFurnitureLeadTest" time="0.0">
    <skipped/>
  </testcase>
  <testcase name="tearDown" classname="tests.AddFurnitureLeadTest" time="0.0">
    <skipped/>
  </testcase>
  <testcase name="tearDown" classname="tests.AddFurnitureLeadTest" time="0.0">
    <skipped/>
  </testcase>
  <testcase name="tearDown" classname="tests.AddFurnitureLeadTest" time="0.0">
    <skipped/>
  </testcase>
  <testcase name="tearDown" classname="tests.AddFurnitureLeadTest" time="0.0">
    <skipped/>
  </testcase>
  <testcase name="tearDown" classname="tests.AddFurnitureLeadTest" time="0.0">
    <skipped/>
  </testcase>
  <testcase name="tearDown" classname="tests.AddFurnitureLeadTest" time="0.0">
    <skipped/>
  </testcase>
  <testcase name="tearDown" classname="tests.AddFurnitureLeadTest" time="0.0">
    <skipped/>
  </testcase>
  <testcase name="tearDown" classname="tests.AddFurnitureLeadTest" time="0.0">
    <skipped/>
  </testcase>
  <testcase name="tearDown" classname="tests.AddFurnitureLeadTest" time="0.0">
    <skipped/>
  </testcase>
  <testcase name="tearDown" classname="tests.AddFurnitureLeadTest" time="0.0">
    <skipped/>
  </testcase>
  <testcase name="tearDown" classname="tests.AddFurnitureLeadTest" time="0.0">
    <skipped/>
  </testcase>
  <testcase name="tearDown" classname="tests.AddFurnitureLeadTest" time="0.0">
    <skipped/>
  </testcase>
  <testcase name="tearDown" classname="tests.AddFurnitureLeadTest" time="0.0">
    <skipped/>
  </testcase>
  <testcase name="tearDown" classname="tests.AddFurnitureLeadTest" time="0.0">
    <skipped/>
  </testcase>
  <testcase name="tearDown" classname="tests.AddFurnitureLeadTest" time="0.0">
    <skipped/>
  </testcase>
  <testcase name="tearDown" classname="tests.AddFurnitureLeadTest" time="0.0">
    <skipped/>
  </testcase>
  <testcase name="tearDown" classname="tests.AddFurnitureLeadTest" time="0.0">
    <skipped/>
  </testcase>
  <testcase name="tearDown" classname="tests.AddFurnitureLeadTest" time="0.0">
    <skipped/>
  </testcase>
  <testcase name="tearDown" classname="tests.AddFurnitureLeadTest" time="0.0">
    <skipped/>
  </testcase>
  <testcase name="tearDown" classname="tests.AddFurnitureLeadTest" time="0.0">
    <skipped/>
  </testcase>
  <testcase name="tearDown" classname="tests.AddFurnitureLeadTest" time="0.0">
    <skipped/>
  </testcase>
  <testcase name="tearDown" classname="tests.AddFurnitureLeadTest" time="0.0">
    <skipped/>
  </testcase>
  <testcase name="tearDown" classname="tests.AddFurnitureLeadTest" time="0.0">
    <skipped/>
  </testcase>
  <testcase name="tearDown" classname="tests.AddFurnitureLeadTest" time="0.0">
    <skipped/>
  </testcase>
  <testcase name="tearDown" classname="tests.AddFurnitureLeadTest" time="0.0">
    <skipped/>
  </testcase>
  <testcase name="tearDown" classname="tests.AddFurnitureLeadTest" time="0.0">
    <skipped/>
  </testcase>
  <testcase name="tearDown" classname="tests.AddFurnitureLeadTest" time="0.0">
    <skipped/>
  </testcase>
  <testcase name="tearDown" classname="tests.AddFurnitureLeadTest" time="0.0">
    <skipped/>
  </testcase>
  <testcase name="tearDown" classname="tests.AddFurnitureLeadTest" time="0.0">
    <skipped/>
  </testcase>
  <testcase name="tearDown" classname="tests.AddFurnitureLeadTest" time="0.0">
    <skipped/>
  </testcase>
  <testcase name="tearDown" classname="tests.AddFurnitureLeadTest" time="0.0">
    <skipped/>
  </testcase>
  <testcase name="tearDown" classname="tests.AddFurnitureLeadTest" time="0.0">
    <skipped/>
  </testcase>
  <testcase name="tearDown" classname="tests.AddFurnitureLeadTest" time="0.0">
    <skipped/>
  </testcase>
  <testcase name="tearDown" classname="tests.AddFurnitureLeadTest" time="0.0">
    <skipped/>
  </testcase>
  <testcase name="tearDown" classname="tests.AddFurnitureLeadTest" time="0.0">
    <skipped/>
  </testcase>
  <testcase name="tearDown" classname="tests.AddFurnitureLeadTest" time="0.0">
    <skipped/>
  </testcase>
  <testcase name="tearDown" classname="tests.AddFurnitureLeadTest" time="0.0">
    <skipped/>
  </testcase>
  <testcase name="tearDown" classname="tests.AddFurnitureLeadTest" time="0.0">
    <skipped/>
  </testcase>
  <testcase name="tearDown" classname="tests.AddFurnitureLeadTest" time="0.0">
    <skipped/>
  </testcase>
  <testcase name="tearDown" classname="tests.AddFurnitureLeadTest" time="0.0">
    <skipped/>
  </testcase>
  <testcase name="tearDown" classname="tests.AddFurnitureLeadTest" time="0.0">
    <skipped/>
  </testcase>
  <testcase name="tearDown" classname="tests.AddFurnitureLeadTest" time="0.0">
    <skipped/>
  </testcase>
  <testcase name="tearDown" classname="tests.AddFurnitureLeadTest" time="0.0">
    <skipped/>
  </testcase>
  <testcase name="tearDown" classname="tests.AddFurnitureLeadTest" time="0.0">
    <skipped/>
  </testcase>
  <testcase name="tearDown" classname="tests.AddFurnitureLeadTest" time="0.0">
    <skipped/>
  </testcase>
  <testcase name="tearDown" classname="tests.AddFurnitureLeadTest" time="0.0">
    <skipped/>
  </testcase>
  <testcase name="tearDown" classname="tests.AddFurnitureLeadTest" time="0.0">
    <skipped/>
  </testcase>
  <testcase name="tearDown" classname="tests.AddFurnitureLeadTest" time="0.0">
    <skipped/>
  </testcase>
  <testcase name="tearDown" classname="tests.AddFurnitureLeadTest" time="0.0">
    <skipped/>
  </testcase>
  <testcase name="tearDown" classname="tests.AddFurnitureLeadTest" time="0.0">
    <skipped/>
  </testcase>
  <testcase name="tearDown" classname="tests.AddFurnitureLeadTest" time="0.0">
    <skipped/>
  </testcase>
  <testcase name="tearDown" classname="tests.AddFurnitureLeadTest" time="0.0">
    <skipped/>
  </testcase>
  <testcase name="tearDown" classname="tests.AddFurnitureLeadTest" time="0.0">
    <skipped/>
  </testcase>
  <testcase name="tearDown" classname="tests.AddFurnitureLeadTest" time="0.0">
    <skipped/>
  </testcase>
  <testcase name="tearDown" classname="tests.AddFurnitureLeadTest" time="0.0">
    <skipped/>
  </testcase>
  <testcase name="tearDown" classname="tests.AddFurnitureLeadTest" time="0.0">
    <skipped/>
  </testcase>
  <testcase name="tearDown" classname="tests.AddFurnitureLeadTest" time="0.0">
    <skipped/>
  </testcase>
  <testcase name="tearDown" classname="tests.AddFurnitureLeadTest" time="0.0">
    <skipped/>
  </testcase>
  <testcase name="tearDown" classname="tests.AddFurnitureLeadTest" time="0.0">
    <skipped/>
  </testcase>
  <testcase name="tearDown" classname="tests.AddFurnitureLeadTest" time="0.0">
    <skipped/>
  </testcase>
  <testcase name="tearDown" classname="tests.AddFurnitureLeadTest" time="0.0">
    <skipped/>
  </testcase>
  <testcase name="tearDown" classname="tests.AddFurnitureLeadTest" time="0.0">
    <skipped/>
  </testcase>
  <testcase name="tearDown" classname="tests.AddFurnitureLeadTest" time="0.0">
    <skipped/>
  </testcase>
  <testcase name="tearDown" classname="tests.AddFurnitureLeadTest" time="0.0">
    <skipped/>
  </testcase>
  <testcase name="tearDown" classname="tests.AddFurnitureLeadTest" time="0.0">
    <skipped/>
  </testcase>
  <testcase name="tearDown" classname="tests.AddFurnitureLeadTest" time="0.0">
    <skipped/>
  </testcase>
  <testcase name="tearDown" classname="tests.AddFurnitureLeadTest" time="0.0">
    <skipped/>
  </testcase>
  <testcase name="tearDown" classname="tests.AddFurnitureLeadTest" time="0.0">
    <skipped/>
  </testcase>
  <testcase name="tearDown" classname="tests.AddFurnitureLeadTest" time="0.0">
    <skipped/>
  </testcase>
  <testcase name="tearDown" classname="tests.AddFurnitureLeadTest" time="0.0">
    <skipped/>
  </testcase>
  <testcase name="tearDown" classname="tests.AddFurnitureLeadTest" time="0.0">
    <skipped/>
  </testcase>
  <testcase name="tearDown" classname="tests.AddFurnitureLeadTest" time="0.0">
    <skipped/>
  </testcase>
  <testcase name="tearDown" classname="tests.AddFurnitureLeadTest" time="0.0">
    <skipped/>
  </testcase>
  <testcase name="tearDown" classname="tests.AddFurnitureLeadTest" time="0.0">
    <skipped/>
  </testcase>
  <testcase name="tearDown" classname="tests.AddFurnitureLeadTest" time="0.0">
    <skipped/>
  </testcase>
  <testcase name="tearDown" classname="tests.AddFurnitureLeadTest" time="0.0">
    <skipped/>
  </testcase>
  <testcase name="tearDown" classname="tests.AddFurnitureLeadTest" time="0.0">
    <skipped/>
  </testcase>
  <testcase name="tearDown" classname="tests.AddFurnitureLeadTest" time="0.0">
    <skipped/>
  </testcase>
  <testcase name="tearDown" classname="tests.AddFurnitureLeadTest" time="0.0">
    <skipped/>
  </testcase>
  <testcase name="tearDown" classname="tests.AddFurnitureLeadTest" time="0.0">
    <skipped/>
  </testcase>
  <testcase name="tearDown" classname="tests.AddFurnitureLeadTest" time="0.0">
    <skipped/>
  </testcase>
  <testcase name="tearDown" classname="tests.AddFurnitureLeadTest" time="0.0">
    <skipped/>
  </testcase>
  <testcase name="tearDown" classname="tests.AddFurnitureLeadTest" time="0.0">
    <skipped/>
  </testcase>
  <testcase name="tearDown" classname="tests.AddFurnitureLeadTest" time="0.0">
    <skipped/>
  </testcase>
  <testcase name="tearDown" classname="tests.AddFurnitureLeadTest" time="0.0">
    <skipped/>
  </testcase>
  <testcase name="tearDown" classname="tests.AddFurnitureLeadTest" time="0.0">
    <skipped/>
  </testcase>
  <testcase name="tearDown" classname="tests.AddFurnitureLeadTest" time="0.0">
    <skipped/>
  </testcase>
  <testcase name="tearDown" classname="tests.AddFurnitureLeadTest" time="0.0">
    <skipped/>
  </testcase>
  <testcase name="tearDown" classname="tests.AddFurnitureLeadTest" time="0.0">
    <skipped/>
  </testcase>
  <testcase name="tearDown" classname="tests.AddFurnitureLeadTest" time="0.0">
    <skipped/>
  </testcase>
  <testcase name="tearDown" classname="tests.AddFurnitureLeadTest" time="0.0">
    <skipped/>
  </testcase>
  <testcase name="tearDown" classname="tests.AddFurnitureLeadTest" time="0.0">
    <skipped/>
  </testcase>
  <testcase name="tearDown" classname="tests.AddFurnitureLeadTest" time="0.0">
    <skipped/>
  </testcase>
  <testcase name="tearDown" classname="tests.AddFurnitureLeadTest" time="0.0">
    <skipped/>
  </testcase>
  <testcase name="tearDown" classname="tests.AddFurnitureLeadTest" time="0.0">
    <skipped/>
  </testcase>
  <testcase name="tearDown" classname="tests.AddFurnitureLeadTest" time="0.0">
    <skipped/>
  </testcase>
  <testcase name="tearDown" classname="tests.AddFurnitureLeadTest" time="0.0">
    <skipped/>
  </testcase>
  <testcase name="tearDown" classname="tests.AddFurnitureLeadTest" time="0.0">
    <skipped/>
  </testcase>
  <testcase name="tearDown" classname="tests.AddFurnitureLeadTest" time="0.0">
    <skipped/>
  </testcase>
  <testcase name="tearDown" classname="tests.AddFurnitureLeadTest" time="0.0">
    <skipped/>
  </testcase>
  <testcase name="tearDown" classname="tests.AddFurnitureLeadTest" time="0.0">
    <skipped/>
  </testcase>
  <testcase name="tearDown" classname="tests.AddFurnitureLeadTest" time="0.0">
    <skipped/>
  </testcase>
  <testcase name="tearDown" classname="tests.AddFurnitureLeadTest" time="0.0">
    <skipped/>
  </testcase>
  <testcase name="tearDown" classname="tests.AddFurnitureLeadTest" time="0.0">
    <skipped/>
  </testcase>
  <testcase name="tearDown" classname="tests.AddFurnitureLeadTest" time="0.0">
    <skipped/>
  </testcase>
  <testcase name="tearDown" classname="tests.AddFurnitureLeadTest" time="0.0">
    <skipped/>
  </testcase>
  <testcase name="tearDown" classname="tests.AddFurnitureLeadTest" time="0.0">
    <skipped/>
  </testcase>
  <testcase name="tearDown" classname="tests.AddFurnitureLeadTest" time="0.0">
    <skipped/>
  </testcase>
  <testcase name="tearDown" classname="tests.AddFurnitureLeadTest" time="0.0">
    <skipped/>
  </testcase>
  <testcase name="tearDown" classname="tests.AddFurnitureLeadTest" time="0.0">
    <skipped/>
  </testcase>
  <testcase name="tearDown" classname="tests.AddFurnitureLeadTest" time="0.0">
    <skipped/>
  </testcase>
  <testcase name="tearDown" classname="tests.AddFurnitureLeadTest" time="0.0">
    <skipped/>
  </testcase>
  <testcase name="tearDown" classname="tests.AddFurnitureLeadTest" time="0.0">
    <skipped/>
  </testcase>
  <testcase name="tearDown" classname="tests.AddFurnitureLeadTest" time="0.0">
    <skipped/>
  </testcase>
  <testcase name="tearDown" classname="tests.AddFurnitureLeadTest" time="0.0">
    <skipped/>
  </testcase>
  <testcase name="tearDown" classname="tests.AddFurnitureLeadTest" time="0.0">
    <skipped/>
  </testcase>
  <testcase name="tearDown" classname="tests.AddFurnitureLeadTest" time="0.0">
    <skipped/>
  </testcase>
  <testcase name="tearDown" classname="tests.AddFurnitureLeadTest" time="0.0">
    <skipped/>
  </testcase>
  <testcase name="tearDown" classname="tests.AddFurnitureLeadTest" time="0.0">
    <skipped/>
  </testcase>
  <testcase name="tearDown" classname="tests.AddFurnitureLeadTest" time="0.0">
    <skipped/>
  </testcase>
  <testcase name="tearDown" classname="tests.AddFurnitureLeadTest" time="0.0">
    <skipped/>
  </testcase>
  <testcase name="tearDown" classname="tests.AddFurnitureLeadTest" time="0.0">
    <skipped/>
  </testcase>
  <testcase name="tearDown" classname="tests.AddFurnitureLeadTest" time="0.0">
    <skipped/>
  </testcase>
  <testcase name="tearDown" classname="tests.AddFurnitureLeadTest" time="0.0">
    <skipped/>
  </testcase>
  <testcase name="tearDown" classname="tests.AddFurnitureLeadTest" time="0.0">
    <skipped/>
  </testcase>
  <testcase name="tearDown" classname="tests.AddFurnitureLeadTest" time="0.0">
    <skipped/>
  </testcase>
  <testcase name="tearDown" classname="tests.AddFurnitureLeadTest" time="0.0">
    <skipped/>
  </testcase>
  <testcase name="tearDown" classname="tests.AddFurnitureLeadTest" time="0.0">
    <skipped/>
  </testcase>
  <testcase name="tearDown" classname="tests.AddFurnitureLeadTest" time="0.0">
    <skipped/>
  </testcase>
  <testcase name="tearDown" classname="tests.AddFurnitureLeadTest" time="0.0">
    <skipped/>
  </testcase>
  <testcase name="tearDown" classname="tests.AddFurnitureLeadTest" time="0.0">
    <skipped/>
  </testcase>
  <testcase name="tearDown" classname="tests.AddFurnitureLeadTest" time="0.0">
    <skipped/>
  </testcase>
  <testcase name="tearDown" classname="tests.AddFurnitureLeadTest" time="0.0">
    <skipped/>
  </testcase>
  <testcase name="tearDown" classname="tests.AddFurnitureLeadTest" time="0.0">
    <skipped/>
  </testcase>
  <testcase name="tearDown" classname="tests.AddFurnitureLeadTest" time="0.0">
    <skipped/>
  </testcase>
  <testcase name="tearDown" classname="tests.AddFurnitureLeadTest" time="0.0">
    <skipped/>
  </testcase>
  <testcase name="tearDown" classname="tests.AddFurnitureLeadTest" time="0.0">
    <skipped/>
  </testcase>
  <testcase name="tearDown" classname="tests.AddFurnitureLeadTest" time="0.0">
    <skipped/>
  </testcase>
  <testcase name="tearDown" classname="tests.AddFurnitureLeadTest" time="0.0">
    <skipped/>
  </testcase>
  <testcase name="tearDown" classname="tests.AddFurnitureLeadTest" time="0.0">
    <skipped/>
  </testcase>
  <testcase name="tearDown" classname="tests.AddFurnitureLeadTest" time="0.0">
    <skipped/>
  </testcase>
  <testcase name="tearDown" classname="tests.AddFurnitureLeadTest" time="0.0">
    <skipped/>
  </testcase>
  <testcase name="tearDown" classname="tests.AddFurnitureLeadTest" time="0.0">
    <skipped/>
  </testcase>
  <testcase name="tearDown" classname="tests.AddFurnitureLeadTest" time="0.0">
    <skipped/>
  </testcase>
  <testcase name="tearDown" classname="tests.AddFurnitureLeadTest" time="0.0">
    <skipped/>
  </testcase>
  <testcase name="tearDown" classname="tests.AddFurnitureLeadTest" time="0.0">
    <skipped/>
  </testcase>
  <testcase name="tearDown" classname="tests.AddFurnitureLeadTest" time="0.0">
    <skipped/>
  </testcase>
  <testcase name="tearDown" classname="tests.AddFurnitureLeadTest" time="0.0">
    <skipped/>
  </testcase>
  <testcase name="tearDown" classname="tests.AddFurnitureLeadTest" time="0.0">
    <skipped/>
  </testcase>
  <testcase name="tearDown" classname="tests.AddFurnitureLeadTest" time="0.0">
    <skipped/>
  </testcase>
  <testcase name="tearDown" classname="tests.AddFurnitureLeadTest" time="0.0">
    <skipped/>
  </testcase>
  <testcase name="tearDown" classname="tests.AddFurnitureLeadTest" time="0.0">
    <skipped/>
  </testcase>
  <testcase name="tearDown" classname="tests.AddFurnitureLeadTest" time="0.0">
    <skipped/>
  </testcase>
  <testcase name="tearDown" classname="tests.AddFurnitureLeadTest" time="0.0">
    <skipped/>
  </testcase>
  <testcase name="tearDown" classname="tests.AddFurnitureLeadTest" time="0.0">
    <skipped/>
  </testcase>
  <testcase name="tearDown" classname="tests.AddFurnitureLeadTest" time="0.0">
    <skipped/>
  </testcase>
  <testcase name="tearDown" classname="tests.AddFurnitureLeadTest" time="0.0">
    <skipped/>
  </testcase>
  <testcase name="tearDown" classname="tests.AddFurnitureLeadTest" time="0.0">
    <skipped/>
  </testcase>
  <testcase name="tearDown" classname="tests.AddFurnitureLeadTest" time="0.0">
    <skipped/>
  </testcase>
  <testcase name="tearDown" classname="tests.AddFurnitureLeadTest" time="0.0">
    <skipped/>
  </testcase>
  <testcase name="tearDown" classname="tests.AddFurnitureLeadTest" time="0.0">
    <skipped/>
  </testcase>
  <testcase name="tearDown" classname="tests.AddFurnitureLeadTest" time="0.0">
    <skipped/>
  </testcase>
  <testcase name="tearDown" classname="tests.AddFurnitureLeadTest" time="0.0">
    <skipped/>
  </testcase>
  <testcase name="tearDown" classname="tests.AddFurnitureLeadTest" time="0.0">
    <skipped/>
  </testcase>
  <testcase name="tearDown" classname="tests.AddFurnitureLeadTest" time="0.0">
    <skipped/>
  </testcase>
  <testcase name="tearDown" classname="tests.AddFurnitureLeadTest" time="0.0">
    <skipped/>
  </testcase>
  <testcase name="tearDown" classname="tests.AddFurnitureLeadTest" time="0.0">
    <skipped/>
  </testcase>
  <testcase name="tearDown" classname="tests.AddFurnitureLeadTest" time="0.0">
    <skipped/>
  </testcase>
  <testcase name="tearDown" classname="tests.AddFurnitureLeadTest" time="0.0">
    <skipped/>
  </testcase>
  <testcase name="tearDown" classname="tests.AddFurnitureLeadTest" time="0.0">
    <skipped/>
  </testcase>
  <testcase name="tearDown" classname="tests.AddFurnitureLeadTest" time="0.0">
    <skipped/>
  </testcase>
  <testcase name="tearDown" classname="tests.AddFurnitureLeadTest" time="0.0">
    <skipped/>
  </testcase>
  <testcase name="tearDown" classname="tests.AddFurnitureLeadTest" time="0.0">
    <skipped/>
  </testcase>
  <testcase name="tearDown" classname="tests.AddFurnitureLeadTest" time="0.0">
    <skipped/>
  </testcase>
  <testcase name="tearDown" classname="tests.AddFurnitureLeadTest" time="0.0">
    <skipped/>
  </testcase>
  <testcase name="tearDown" classname="tests.AddFurnitureLeadTest" time="0.0">
    <skipped/>
  </testcase>
  <testcase name="tearDown" classname="tests.AddFurnitureLeadTest" time="0.0">
    <skipped/>
  </testcase>
  <testcase name="tearDown" classname="tests.AddFurnitureLeadTest" time="0.0">
    <skipped/>
  </testcase>
  <testcase name="tearDown" classname="tests.AddFurnitureLeadTest" time="0.0">
    <skipped/>
  </testcase>
  <testcase name="tearDown" classname="tests.AddFurnitureLeadTest" time="0.0">
    <skipped/>
  </testcase>
  <testcase name="tearDown" classname="tests.AddFurnitureLeadTest" time="0.0">
    <skipped/>
  </testcase>
  <testcase name="tearDown" classname="tests.AddFurnitureLeadTest" time="0.0">
    <skipped/>
  </testcase>
  <testcase name="tearDown" classname="tests.AddFurnitureLeadTest" time="0.0">
    <skipped/>
  </testcase>
  <testcase name="tearDown" classname="tests.AddFurnitureLeadTest" time="0.0">
    <skipped/>
  </testcase>
  <testcase name="tearDown" classname="tests.AddFurnitureLeadTest" time="0.0">
    <skipped/>
  </testcase>
  <testcase name="tearDown" classname="tests.AddFurnitureLeadTest" time="0.0">
    <skipped/>
  </testcase>
  <testcase name="tearDown" classname="tests.AddFurnitureLeadTest" time="0.0">
    <skipped/>
  </testcase>
  <testcase name="tearDown" classname="tests.AddFurnitureLeadTest" time="0.0">
    <skipped/>
  </testcase>
  <testcase name="tearDown" classname="tests.AddFurnitureLeadTest" time="0.0">
    <skipped/>
  </testcase>
  <testcase name="tearDown" classname="tests.AddFurnitureLeadTest" time="0.0">
    <skipped/>
  </testcase>
  <testcase name="tearDown" classname="tests.AddFurnitureLeadTest" time="0.0">
    <skipped/>
  </testcase>
  <testcase name="tearDown" classname="tests.AddFurnitureLeadTest" time="0.0">
    <skipped/>
  </testcase>
  <testcase name="tearDown" classname="tests.AddFurnitureLeadTest" time="0.0">
    <skipped/>
  </testcase>
  <testcase name="tearDown" classname="tests.AddFurnitureLeadTest" time="0.0">
    <skipped/>
  </testcase>
  <testcase name="tearDown" classname="tests.AddFurnitureLeadTest" time="0.0">
    <skipped/>
  </testcase>
  <testcase name="tearDown" classname="tests.AddFurnitureLeadTest" time="0.0">
    <skipped/>
  </testcase>
  <testcase name="tearDown" classname="tests.AddFurnitureLeadTest" time="0.0">
    <skipped/>
  </testcase>
  <testcase name="tearDown" classname="tests.AddFurnitureLeadTest" time="0.0">
    <skipped/>
  </testcase>
  <testcase name="tearDown" classname="tests.AddFurnitureLeadTest" time="0.0">
    <skipped/>
  </testcase>
  <testcase name="tearDown" classname="tests.AddFurnitureLeadTest" time="0.0">
    <skipped/>
  </testcase>
  <testcase name="tearDown" classname="tests.AddFurnitureLeadTest" time="0.0">
    <skipped/>
  </testcase>
  <testcase name="tearDown" classname="tests.AddFurnitureLeadTest" time="0.0">
    <skipped/>
  </testcase>
  <testcase name="tearDown" classname="tests.AddFurnitureLeadTest" time="0.0">
    <skipped/>
  </testcase>
  <testcase name="tearDown" classname="tests.AddFurnitureLeadTest" time="0.0">
    <skipped/>
  </testcase>
  <testcase name="tearDown" classname="tests.AddFurnitureLeadTest" time="0.0">
    <skipped/>
  </testcase>
  <testcase name="tearDown" classname="tests.AddFurnitureLeadTest" time="0.0">
    <skipped/>
  </testcase>
  <testcase name="tearDown" classname="tests.AddFurnitureLeadTest" time="0.0">
    <skipped/>
  </testcase>
  <testcase name="tearDown" classname="tests.AddFurnitureLeadTest" time="0.0">
    <skipped/>
  </testcase>
  <testcase name="tearDown" classname="tests.AddFurnitureLeadTest" time="0.0">
    <skipped/>
  </testcase>
  <testcase name="tearDown" classname="tests.AddFurnitureLeadTest" time="0.0">
    <skipped/>
  </testcase>
  <testcase name="tearDown" classname="tests.AddFurnitureLeadTest" time="0.0">
    <skipped/>
  </testcase>
  <testcase name="tearDown" classname="tests.AddFurnitureLeadTest" time="0.0">
    <skipped/>
  </testcase>
  <testcase name="tearDown" classname="tests.AddFurnitureLeadTest" time="0.0">
    <skipped/>
  </testcase>
  <testcase name="tearDown" classname="tests.AddFurnitureLeadTest" time="0.0">
    <skipped/>
  </testcase>
  <testcase name="addLeadForAdditionalFurnitureLeadTest[Lofy Interior Solutions, Mohan, Patel, +47, Event, GIHED, Living, Recliner, Interested in sofa sets #90, CP, Tushar Bhai, Hot, 15-25 Lakhs, Office Furniture, In 3 Months, Private Investor, 20051985, Gandhinagar, Adani Group, 781, 9 Months](2)" classname="tests.AddFurnitureLeadTest" time="0.0">
    <skipped message="Cannot invoke &quot;com.microsoft.playwright.Page.locator(String)&quot; because &quot;this.page&quot; is null"/>
  </testcase>
  <testcase name="takeScreenshot" classname="tests.AddFurnitureLeadTest" time="0.0">
    <skipped/>
  </testcase>
  <testcase name="takeScreenshot" classname="tests.AddFurnitureLeadTest" time="0.0">
    <skipped/>
  </testcase>
  <testcase name="takeScreenshot" classname="tests.AddFurnitureLeadTest" time="0.0">
    <skipped/>
  </testcase>
  <testcase name="takeScreenshot" classname="tests.AddFurnitureLeadTest" time="0.0">
    <skipped/>
  </testcase>
  <testcase name="takeScreenshot" classname="tests.AddFurnitureLeadTest" time="0.0">
    <skipped/>
  </testcase>
  <testcase name="takeScreenshot" classname="tests.AddFurnitureLeadTest" time="0.0">
    <skipped/>
  </testcase>
  <testcase name="takeScreenshot" classname="tests.AddFurnitureLeadTest" time="0.0">
    <skipped/>
  </testcase>
  <testcase name="takeScreenshot" classname="tests.AddFurnitureLeadTest" time="0.0">
    <skipped/>
  </testcase>
  <testcase name="takeScreenshot" classname="tests.AddFurnitureLeadTest" time="0.0">
    <skipped/>
  </testcase>
  <testcase name="takeScreenshot" classname="tests.AddFurnitureLeadTest" time="0.0">
    <skipped/>
  </testcase>
  <testcase name="takeScreenshot" classname="tests.AddFurnitureLeadTest" time="0.0">
    <skipped/>
  </testcase>
  <testcase name="takeScreenshot" classname="tests.AddFurnitureLeadTest" time="0.0">
    <skipped/>
  </testcase>
  <testcase name="takeScreenshot" classname="tests.AddFurnitureLeadTest" time="0.0">
    <skipped/>
  </testcase>
  <testcase name="takeScreenshot" classname="tests.AddFurnitureLeadTest" time="0.0">
    <skipped/>
  </testcase>
  <testcase name="takeScreenshot" classname="tests.AddFurnitureLeadTest" time="0.0">
    <skipped/>
  </testcase>
  <testcase name="takeScreenshot" classname="tests.AddFurnitureLeadTest" time="0.0">
    <skipped/>
  </testcase>
  <testcase name="takeScreenshot" classname="tests.AddFurnitureLeadTest" time="0.0">
    <skipped/>
  </testcase>
  <testcase name="takeScreenshot" classname="tests.AddFurnitureLeadTest" time="0.0">
    <skipped/>
  </testcase>
  <testcase name="takeScreenshot" classname="tests.AddFurnitureLeadTest" time="0.0">
    <skipped/>
  </testcase>
  <testcase name="takeScreenshot" classname="tests.AddFurnitureLeadTest" time="0.0">
    <skipped/>
  </testcase>
  <testcase name="takeScreenshot" classname="tests.AddFurnitureLeadTest" time="0.0">
    <skipped/>
  </testcase>
  <testcase name="takeScreenshot" classname="tests.AddFurnitureLeadTest" time="0.0">
    <skipped/>
  </testcase>
  <testcase name="takeScreenshot" classname="tests.AddFurnitureLeadTest" time="0.0">
    <skipped/>
  </testcase>
  <testcase name="takeScreenshot" classname="tests.AddFurnitureLeadTest" time="0.0">
    <skipped/>
  </testcase>
  <testcase name="takeScreenshot" classname="tests.AddFurnitureLeadTest" time="0.0">
    <skipped/>
  </testcase>
  <testcase name="takeScreenshot" classname="tests.AddFurnitureLeadTest" time="0.0">
    <skipped/>
  </testcase>
  <testcase name="takeScreenshot" classname="tests.AddFurnitureLeadTest" time="0.0">
    <skipped/>
  </testcase>
  <testcase name="takeScreenshot" classname="tests.AddFurnitureLeadTest" time="0.0">
    <skipped/>
  </testcase>
  <testcase name="takeScreenshot" classname="tests.AddFurnitureLeadTest" time="0.0">
    <skipped/>
  </testcase>
  <testcase name="takeScreenshot" classname="tests.AddFurnitureLeadTest" time="0.0">
    <skipped/>
  </testcase>
  <testcase name="takeScreenshot" classname="tests.AddFurnitureLeadTest" time="0.0">
    <skipped/>
  </testcase>
  <testcase name="takeScreenshot" classname="tests.AddFurnitureLeadTest" time="0.0">
    <skipped/>
  </testcase>
  <testcase name="takeScreenshot" classname="tests.AddFurnitureLeadTest" time="0.0">
    <skipped/>
  </testcase>
  <testcase name="takeScreenshot" classname="tests.AddFurnitureLeadTest" time="0.0">
    <skipped/>
  </testcase>
  <testcase name="takeScreenshot" classname="tests.AddFurnitureLeadTest" time="0.0">
    <skipped/>
  </testcase>
  <testcase name="takeScreenshot" classname="tests.AddFurnitureLeadTest" time="0.0">
    <skipped/>
  </testcase>
  <testcase name="takeScreenshot" classname="tests.AddFurnitureLeadTest" time="0.0">
    <skipped/>
  </testcase>
  <testcase name="takeScreenshot" classname="tests.AddFurnitureLeadTest" time="0.0">
    <skipped/>
  </testcase>
  <testcase name="takeScreenshot" classname="tests.AddFurnitureLeadTest" time="0.0">
    <skipped/>
  </testcase>
  <testcase name="takeScreenshot" classname="tests.AddFurnitureLeadTest" time="0.0">
    <skipped/>
  </testcase>
  <testcase name="takeScreenshot" classname="tests.AddFurnitureLeadTest" time="0.0">
    <skipped/>
  </testcase>
  <testcase name="takeScreenshot" classname="tests.AddFurnitureLeadTest" time="0.0">
    <skipped/>
  </testcase>
  <testcase name="takeScreenshot" classname="tests.AddFurnitureLeadTest" time="0.0">
    <skipped/>
  </testcase>
  <testcase name="takeScreenshot" classname="tests.AddFurnitureLeadTest" time="0.0">
    <skipped/>
  </testcase>
  <testcase name="takeScreenshot" classname="tests.AddFurnitureLeadTest" time="0.0">
    <skipped/>
  </testcase>
  <testcase name="takeScreenshot" classname="tests.AddFurnitureLeadTest" time="0.0">
    <skipped/>
  </testcase>
  <testcase name="takeScreenshot" classname="tests.AddFurnitureLeadTest" time="0.0">
    <skipped/>
  </testcase>
  <testcase name="takeScreenshot" classname="tests.AddFurnitureLeadTest" time="0.0">
    <skipped/>
  </testcase>
  <testcase name="takeScreenshot" classname="tests.AddFurnitureLeadTest" time="0.0">
    <skipped/>
  </testcase>
  <testcase name="takeScreenshot" classname="tests.AddFurnitureLeadTest" time="0.0">
    <skipped/>
  </testcase>
  <testcase name="takeScreenshot" classname="tests.AddFurnitureLeadTest" time="0.0">
    <skipped/>
  </testcase>
  <testcase name="takeScreenshot" classname="tests.AddFurnitureLeadTest" time="0.0">
    <skipped/>
  </testcase>
  <testcase name="takeScreenshot" classname="tests.AddFurnitureLeadTest" time="0.0">
    <skipped/>
  </testcase>
  <testcase name="takeScreenshot" classname="tests.AddFurnitureLeadTest" time="0.0">
    <skipped/>
  </testcase>
  <testcase name="takeScreenshot" classname="tests.AddFurnitureLeadTest" time="0.0">
    <skipped/>
  </testcase>
  <testcase name="takeScreenshot" classname="tests.AddFurnitureLeadTest" time="0.0">
    <skipped/>
  </testcase>
  <testcase name="takeScreenshot" classname="tests.AddFurnitureLeadTest" time="0.0">
    <skipped/>
  </testcase>
  <testcase name="takeScreenshot" classname="tests.AddFurnitureLeadTest" time="0.0">
    <skipped/>
  </testcase>
  <testcase name="takeScreenshot" classname="tests.AddFurnitureLeadTest" time="0.0">
    <skipped/>
  </testcase>
  <testcase name="takeScreenshot" classname="tests.AddFurnitureLeadTest" time="0.0">
    <skipped/>
  </testcase>
  <testcase name="takeScreenshot" classname="tests.AddFurnitureLeadTest" time="0.0">
    <skipped/>
  </testcase>
  <testcase name="takeScreenshot" classname="tests.AddFurnitureLeadTest" time="0.0">
    <skipped/>
  </testcase>
  <testcase name="takeScreenshot" classname="tests.AddFurnitureLeadTest" time="0.0">
    <skipped/>
  </testcase>
  <testcase name="takeScreenshot" classname="tests.AddFurnitureLeadTest" time="0.0">
    <skipped/>
  </testcase>
  <testcase name="takeScreenshot" classname="tests.AddFurnitureLeadTest" time="0.0">
    <skipped/>
  </testcase>
  <testcase name="takeScreenshot" classname="tests.AddFurnitureLeadTest" time="0.0">
    <skipped/>
  </testcase>
  <testcase name="takeScreenshot" classname="tests.AddFurnitureLeadTest" time="0.0">
    <skipped/>
  </testcase>
  <testcase name="takeScreenshot" classname="tests.AddFurnitureLeadTest" time="0.0">
    <skipped/>
  </testcase>
  <testcase name="takeScreenshot" classname="tests.AddFurnitureLeadTest" time="0.0">
    <skipped/>
  </testcase>
  <testcase name="takeScreenshot" classname="tests.AddFurnitureLeadTest" time="0.0">
    <skipped/>
  </testcase>
  <testcase name="takeScreenshot" classname="tests.AddFurnitureLeadTest" time="0.0">
    <skipped/>
  </testcase>
  <testcase name="takeScreenshot" classname="tests.AddFurnitureLeadTest" time="0.0">
    <skipped/>
  </testcase>
  <testcase name="takeScreenshot" classname="tests.AddFurnitureLeadTest" time="0.0">
    <skipped/>
  </testcase>
  <testcase name="takeScreenshot" classname="tests.AddFurnitureLeadTest" time="0.0">
    <skipped/>
  </testcase>
  <testcase name="takeScreenshot" classname="tests.AddFurnitureLeadTest" time="0.0">
    <skipped/>
  </testcase>
  <testcase name="takeScreenshot" classname="tests.AddFurnitureLeadTest" time="0.0">
    <skipped/>
  </testcase>
  <testcase name="takeScreenshot" classname="tests.AddFurnitureLeadTest" time="0.0">
    <skipped/>
  </testcase>
  <testcase name="takeScreenshot" classname="tests.AddFurnitureLeadTest" time="0.0">
    <skipped/>
  </testcase>
  <testcase name="takeScreenshot" classname="tests.AddFurnitureLeadTest" time="0.0">
    <skipped/>
  </testcase>
  <testcase name="takeScreenshot" classname="tests.AddFurnitureLeadTest" time="0.0">
    <skipped/>
  </testcase>
  <testcase name="takeScreenshot" classname="tests.AddFurnitureLeadTest" time="0.0">
    <skipped/>
  </testcase>
  <testcase name="takeScreenshot" classname="tests.AddFurnitureLeadTest" time="0.0">
    <skipped/>
  </testcase>
  <testcase name="takeScreenshot" classname="tests.AddFurnitureLeadTest" time="0.0">
    <skipped/>
  </testcase>
  <testcase name="takeScreenshot" classname="tests.AddFurnitureLeadTest" time="0.0">
    <skipped/>
  </testcase>
  <testcase name="takeScreenshot" classname="tests.AddFurnitureLeadTest" time="0.0">
    <skipped/>
  </testcase>
  <testcase name="takeScreenshot" classname="tests.AddFurnitureLeadTest" time="0.0">
    <skipped/>
  </testcase>
  <testcase name="takeScreenshot" classname="tests.AddFurnitureLeadTest" time="0.0">
    <skipped/>
  </testcase>
  <testcase name="takeScreenshot" classname="tests.AddFurnitureLeadTest" time="0.0">
    <skipped/>
  </testcase>
  <testcase name="takeScreenshot" classname="tests.AddFurnitureLeadTest" time="0.0">
    <skipped/>
  </testcase>
  <testcase name="takeScreenshot" classname="tests.AddFurnitureLeadTest" time="0.0">
    <skipped/>
  </testcase>
  <testcase name="takeScreenshot" classname="tests.AddFurnitureLeadTest" time="0.0">
    <skipped/>
  </testcase>
  <testcase name="takeScreenshot" classname="tests.AddFurnitureLeadTest" time="0.0">
    <skipped/>
  </testcase>
  <testcase name="takeScreenshot" classname="tests.AddFurnitureLeadTest" time="0.0">
    <skipped/>
  </testcase>
  <testcase name="takeScreenshot" classname="tests.AddFurnitureLeadTest" time="0.0">
    <skipped/>
  </testcase>
  <testcase name="takeScreenshot" classname="tests.AddFurnitureLeadTest" time="0.0">
    <skipped/>
  </testcase>
  <testcase name="takeScreenshot" classname="tests.AddFurnitureLeadTest" time="0.0">
    <skipped/>
  </testcase>
  <testcase name="takeScreenshot" classname="tests.AddFurnitureLeadTest" time="0.0">
    <skipped/>
  </testcase>
  <testcase name="takeScreenshot" classname="tests.AddFurnitureLeadTest" time="0.0">
    <skipped/>
  </testcase>
  <testcase name="takeScreenshot" classname="tests.AddFurnitureLeadTest" time="0.0">
    <skipped/>
  </testcase>
  <testcase name="takeScreenshot" classname="tests.AddFurnitureLeadTest" time="0.0">
    <skipped/>
  </testcase>
  <testcase name="takeScreenshot" classname="tests.AddFurnitureLeadTest" time="0.0">
    <skipped/>
  </testcase>
  <testcase name="takeScreenshot" classname="tests.AddFurnitureLeadTest" time="0.0">
    <skipped/>
  </testcase>
  <testcase name="takeScreenshot" classname="tests.AddFurnitureLeadTest" time="0.0">
    <skipped/>
  </testcase>
  <testcase name="takeScreenshot" classname="tests.AddFurnitureLeadTest" time="0.0">
    <skipped/>
  </testcase>
  <testcase name="takeScreenshot" classname="tests.AddFurnitureLeadTest" time="0.0">
    <skipped/>
  </testcase>
  <testcase name="takeScreenshot" classname="tests.AddFurnitureLeadTest" time="0.0">
    <skipped/>
  </testcase>
  <testcase name="takeScreenshot" classname="tests.AddFurnitureLeadTest" time="0.0">
    <skipped/>
  </testcase>
  <testcase name="takeScreenshot" classname="tests.AddFurnitureLeadTest" time="0.0">
    <skipped/>
  </testcase>
  <testcase name="takeScreenshot" classname="tests.AddFurnitureLeadTest" time="0.0">
    <skipped/>
  </testcase>
  <testcase name="takeScreenshot" classname="tests.AddFurnitureLeadTest" time="0.0">
    <skipped/>
  </testcase>
  <testcase name="takeScreenshot" classname="tests.AddFurnitureLeadTest" time="0.0">
    <skipped/>
  </testcase>
  <testcase name="takeScreenshot" classname="tests.AddFurnitureLeadTest" time="0.0">
    <skipped/>
  </testcase>
  <testcase name="takeScreenshot" classname="tests.AddFurnitureLeadTest" time="0.0">
    <skipped/>
  </testcase>
  <testcase name="takeScreenshot" classname="tests.AddFurnitureLeadTest" time="0.0">
    <skipped/>
  </testcase>
  <testcase name="takeScreenshot" classname="tests.AddFurnitureLeadTest" time="0.0">
    <skipped/>
  </testcase>
  <testcase name="takeScreenshot" classname="tests.AddFurnitureLeadTest" time="0.0">
    <skipped/>
  </testcase>
  <testcase name="takeScreenshot" classname="tests.AddFurnitureLeadTest" time="0.0">
    <skipped/>
  </testcase>
  <testcase name="takeScreenshot" classname="tests.AddFurnitureLeadTest" time="0.0">
    <skipped/>
  </testcase>
  <testcase name="takeScreenshot" classname="tests.AddFurnitureLeadTest" time="0.0">
    <skipped/>
  </testcase>
  <testcase name="takeScreenshot" classname="tests.AddFurnitureLeadTest" time="0.0">
    <skipped/>
  </testcase>
  <testcase name="takeScreenshot" classname="tests.AddFurnitureLeadTest" time="0.0">
    <skipped/>
  </testcase>
  <testcase name="takeScreenshot" classname="tests.AddFurnitureLeadTest" time="0.0">
    <skipped/>
  </testcase>
  <testcase name="takeScreenshot" classname="tests.AddFurnitureLeadTest" time="0.0">
    <skipped/>
  </testcase>
  <testcase name="takeScreenshot" classname="tests.AddFurnitureLeadTest" time="0.0">
    <skipped/>
  </testcase>
  <testcase name="takeScreenshot" classname="tests.AddFurnitureLeadTest" time="0.0">
    <skipped/>
  </testcase>
  <testcase name="takeScreenshot" classname="tests.AddFurnitureLeadTest" time="0.0">
    <skipped/>
  </testcase>
  <testcase name="takeScreenshot" classname="tests.AddFurnitureLeadTest" time="0.0">
    <skipped/>
  </testcase>
  <testcase name="takeScreenshot" classname="tests.AddFurnitureLeadTest" time="0.0">
    <skipped/>
  </testcase>
  <testcase name="takeScreenshot" classname="tests.AddFurnitureLeadTest" time="0.0">
    <skipped/>
  </testcase>
  <testcase name="takeScreenshot" classname="tests.AddFurnitureLeadTest" time="0.0">
    <skipped/>
  </testcase>
  <testcase name="takeScreenshot" classname="tests.AddFurnitureLeadTest" time="0.0">
    <skipped/>
  </testcase>
  <testcase name="takeScreenshot" classname="tests.AddFurnitureLeadTest" time="0.0">
    <skipped/>
  </testcase>
  <testcase name="takeScreenshot" classname="tests.AddFurnitureLeadTest" time="0.0">
    <skipped/>
  </testcase>
  <testcase name="takeScreenshot" classname="tests.AddFurnitureLeadTest" time="0.0">
    <skipped/>
  </testcase>
  <testcase name="takeScreenshot" classname="tests.AddFurnitureLeadTest" time="0.0">
    <skipped/>
  </testcase>
  <testcase name="takeScreenshot" classname="tests.AddFurnitureLeadTest" time="0.0">
    <skipped/>
  </testcase>
  <testcase name="takeScreenshot" classname="tests.AddFurnitureLeadTest" time="0.0">
    <skipped/>
  </testcase>
  <testcase name="takeScreenshot" classname="tests.AddFurnitureLeadTest" time="0.0">
    <skipped/>
  </testcase>
  <testcase name="takeScreenshot" classname="tests.AddFurnitureLeadTest" time="0.0">
    <skipped/>
  </testcase>
  <testcase name="takeScreenshot" classname="tests.AddFurnitureLeadTest" time="0.0">
    <skipped/>
  </testcase>
  <testcase name="takeScreenshot" classname="tests.AddFurnitureLeadTest" time="0.0">
    <skipped/>
  </testcase>
  <testcase name="takeScreenshot" classname="tests.AddFurnitureLeadTest" time="0.0">
    <skipped/>
  </testcase>
  <testcase name="takeScreenshot" classname="tests.AddFurnitureLeadTest" time="0.0">
    <skipped/>
  </testcase>
  <testcase name="takeScreenshot" classname="tests.AddFurnitureLeadTest" time="0.0">
    <skipped/>
  </testcase>
  <testcase name="takeScreenshot" classname="tests.AddFurnitureLeadTest" time="0.0">
    <skipped/>
  </testcase>
  <testcase name="takeScreenshot" classname="tests.AddFurnitureLeadTest" time="0.0">
    <skipped/>
  </testcase>
  <testcase name="takeScreenshot" classname="tests.AddFurnitureLeadTest" time="0.0">
    <skipped/>
  </testcase>
  <testcase name="takeScreenshot" classname="tests.AddFurnitureLeadTest" time="0.0">
    <skipped/>
  </testcase>
  <testcase name="takeScreenshot" classname="tests.AddFurnitureLeadTest" time="0.0">
    <skipped/>
  </testcase>
  <testcase name="takeScreenshot" classname="tests.AddFurnitureLeadTest" time="0.0">
    <skipped/>
  </testcase>
  <testcase name="takeScreenshot" classname="tests.AddFurnitureLeadTest" time="0.0">
    <skipped/>
  </testcase>
  <testcase name="takeScreenshot" classname="tests.AddFurnitureLeadTest" time="0.0">
    <skipped/>
  </testcase>
  <testcase name="takeScreenshot" classname="tests.AddFurnitureLeadTest" time="0.0">
    <skipped/>
  </testcase>
  <testcase name="takeScreenshot" classname="tests.AddFurnitureLeadTest" time="0.0">
    <skipped/>
  </testcase>
  <testcase name="takeScreenshot" classname="tests.AddFurnitureLeadTest" time="0.0">
    <skipped/>
  </testcase>
  <testcase name="takeScreenshot" classname="tests.AddFurnitureLeadTest" time="0.0">
    <skipped/>
  </testcase>
  <testcase name="takeScreenshot" classname="tests.AddFurnitureLeadTest" time="0.0">
    <skipped/>
  </testcase>
  <testcase name="takeScreenshot" classname="tests.AddFurnitureLeadTest" time="0.0">
    <skipped/>
  </testcase>
  <testcase name="takeScreenshot" classname="tests.AddFurnitureLeadTest" time="0.0">
    <skipped/>
  </testcase>
  <testcase name="takeScreenshot" classname="tests.AddFurnitureLeadTest" time="0.0">
    <skipped/>
  </testcase>
  <testcase name="takeScreenshot" classname="tests.AddFurnitureLeadTest" time="0.0">
    <skipped/>
  </testcase>
  <testcase name="takeScreenshot" classname="tests.AddFurnitureLeadTest" time="0.0">
    <skipped/>
  </testcase>
  <testcase name="takeScreenshot" classname="tests.AddFurnitureLeadTest" time="0.0">
    <skipped/>
  </testcase>
  <testcase name="takeScreenshot" classname="tests.AddFurnitureLeadTest" time="0.0">
    <skipped/>
  </testcase>
  <testcase name="takeScreenshot" classname="tests.AddFurnitureLeadTest" time="0.0">
    <skipped/>
  </testcase>
  <testcase name="takeScreenshot" classname="tests.AddFurnitureLeadTest" time="0.0">
    <skipped/>
  </testcase>
  <testcase name="takeScreenshot" classname="tests.AddFurnitureLeadTest" time="0.0">
    <skipped/>
  </testcase>
  <testcase name="takeScreenshot" classname="tests.AddFurnitureLeadTest" time="0.0">
    <skipped/>
  </testcase>
  <testcase name="takeScreenshot" classname="tests.AddFurnitureLeadTest" time="0.0">
    <skipped/>
  </testcase>
  <testcase name="takeScreenshot" classname="tests.AddFurnitureLeadTest" time="0.0">
    <skipped/>
  </testcase>
  <testcase name="takeScreenshot" classname="tests.AddFurnitureLeadTest" time="0.0">
    <skipped/>
  </testcase>
  <testcase name="takeScreenshot" classname="tests.AddFurnitureLeadTest" time="0.0">
    <skipped/>
  </testcase>
  <testcase name="takeScreenshot" classname="tests.AddFurnitureLeadTest" time="0.0">
    <skipped/>
  </testcase>
  <testcase name="takeScreenshot" classname="tests.AddFurnitureLeadTest" time="0.0">
    <skipped/>
  </testcase>
  <testcase name="takeScreenshot" classname="tests.AddFurnitureLeadTest" time="0.0">
    <skipped/>
  </testcase>
  <testcase name="takeScreenshot" classname="tests.AddFurnitureLeadTest" time="0.0">
    <skipped/>
  </testcase>
  <testcase name="takeScreenshot" classname="tests.AddFurnitureLeadTest" time="0.0">
    <skipped/>
  </testcase>
  <testcase name="takeScreenshot" classname="tests.AddFurnitureLeadTest" time="0.0">
    <skipped/>
  </testcase>
  <testcase name="takeScreenshot" classname="tests.AddFurnitureLeadTest" time="0.0">
    <skipped/>
  </testcase>
  <testcase name="takeScreenshot" classname="tests.AddFurnitureLeadTest" time="0.0">
    <skipped/>
  </testcase>
  <testcase name="takeScreenshot" classname="tests.AddFurnitureLeadTest" time="0.0">
    <skipped/>
  </testcase>
  <testcase name="takeScreenshot" classname="tests.AddFurnitureLeadTest" time="0.0">
    <skipped/>
  </testcase>
  <testcase name="takeScreenshot" classname="tests.AddFurnitureLeadTest" time="0.0">
    <skipped/>
  </testcase>
  <testcase name="takeScreenshot" classname="tests.AddFurnitureLeadTest" time="0.0">
    <skipped/>
  </testcase>
  <testcase name="takeScreenshot" classname="tests.AddFurnitureLeadTest" time="0.0">
    <skipped/>
  </testcase>
  <testcase name="takeScreenshot" classname="tests.AddFurnitureLeadTest" time="0.0">
    <skipped/>
  </testcase>
  <testcase name="takeScreenshot" classname="tests.AddFurnitureLeadTest" time="0.0">
    <skipped/>
  </testcase>
  <testcase name="takeScreenshot" classname="tests.AddFurnitureLeadTest" time="0.0">
    <skipped/>
  </testcase>
  <testcase name="takeScreenshot" classname="tests.AddFurnitureLeadTest" time="0.0">
    <skipped/>
  </testcase>
  <testcase name="takeScreenshot" classname="tests.AddFurnitureLeadTest" time="0.0">
    <skipped/>
  </testcase>
  <testcase name="takeScreenshot" classname="tests.AddFurnitureLeadTest" time="0.0">
    <skipped/>
  </testcase>
  <testcase name="takeScreenshot" classname="tests.AddFurnitureLeadTest" time="0.0">
    <skipped/>
  </testcase>
  <testcase name="takeScreenshot" classname="tests.AddFurnitureLeadTest" time="0.0">
    <skipped/>
  </testcase>
  <testcase name="takeScreenshot" classname="tests.AddFurnitureLeadTest" time="0.0">
    <skipped/>
  </testcase>
  <testcase name="takeScreenshot" classname="tests.AddFurnitureLeadTest" time="0.0">
    <skipped/>
  </testcase>
  <testcase name="takeScreenshot" classname="tests.AddFurnitureLeadTest" time="0.0">
    <skipped/>
  </testcase>
  <testcase name="takeScreenshot" classname="tests.AddFurnitureLeadTest" time="0.0">
    <skipped/>
  </testcase>
  <testcase name="takeScreenshot" classname="tests.AddFurnitureLeadTest" time="0.0">
    <skipped/>
  </testcase>
  <testcase name="takeScreenshot" classname="tests.AddFurnitureLeadTest" time="0.0">
    <skipped/>
  </testcase>
  <testcase name="takeScreenshot" classname="tests.AddFurnitureLeadTest" time="0.0">
    <skipped/>
  </testcase>
  <testcase name="takeScreenshot" classname="tests.AddFurnitureLeadTest" time="0.0">
    <skipped/>
  </testcase>
  <testcase name="takeScreenshot" classname="tests.AddFurnitureLeadTest" time="0.0">
    <skipped/>
  </testcase>
  <testcase name="takeScreenshot" classname="tests.AddFurnitureLeadTest" time="0.0">
    <skipped/>
  </testcase>
  <testcase name="takeScreenshot" classname="tests.AddFurnitureLeadTest" time="0.0">
    <skipped/>
  </testcase>
  <testcase name="takeScreenshot" classname="tests.AddFurnitureLeadTest" time="0.0">
    <skipped/>
  </testcase>
  <testcase name="takeScreenshot" classname="tests.AddFurnitureLeadTest" time="0.0">
    <skipped/>
  </testcase>
  <testcase name="takeScreenshot" classname="tests.AddFurnitureLeadTest" time="0.0">
    <skipped/>
  </testcase>
  <testcase name="takeScreenshot" classname="tests.AddFurnitureLeadTest" time="0.0">
    <skipped/>
  </testcase>
  <testcase name="takeScreenshot" classname="tests.AddFurnitureLeadTest" time="0.0">
    <skipped/>
  </testcase>
  <testcase name="takeScreenshot" classname="tests.AddFurnitureLeadTest" time="0.0">
    <skipped/>
  </testcase>
  <testcase name="takeScreenshot" classname="tests.AddFurnitureLeadTest" time="0.0">
    <skipped/>
  </testcase>
  <testcase name="takeScreenshot" classname="tests.AddFurnitureLeadTest" time="0.0">
    <skipped/>
  </testcase>
  <testcase name="takeScreenshot" classname="tests.AddFurnitureLeadTest" time="0.0">
    <skipped/>
  </testcase>
  <testcase name="takeScreenshot" classname="tests.AddFurnitureLeadTest" time="0.0">
    <skipped/>
  </testcase>
  <testcase name="takeScreenshot" classname="tests.AddFurnitureLeadTest" time="0.0">
    <skipped/>
  </testcase>
  <testcase name="takeScreenshot" classname="tests.AddFurnitureLeadTest" time="0.0">
    <skipped/>
  </testcase>
  <testcase name="takeScreenshot" classname="tests.AddFurnitureLeadTest" time="0.0">
    <skipped/>
  </testcase>
  <testcase name="takeScreenshot" classname="tests.AddFurnitureLeadTest" time="0.0">
    <skipped/>
  </testcase>
  <testcase name="takeScreenshot" classname="tests.AddFurnitureLeadTest" time="0.0">
    <skipped/>
  </testcase>
  <testcase name="takeScreenshot" classname="tests.AddFurnitureLeadTest" time="0.0">
    <skipped/>
  </testcase>
  <testcase name="takeScreenshot" classname="tests.AddFurnitureLeadTest" time="0.0">
    <skipped/>
  </testcase>
  <testcase name="takeScreenshot" classname="tests.AddFurnitureLeadTest" time="0.0">
    <skipped/>
  </testcase>
  <testcase name="takeScreenshot" classname="tests.AddFurnitureLeadTest" time="0.0">
    <skipped/>
  </testcase>
  <testcase name="takeScreenshot" classname="tests.AddFurnitureLeadTest" time="0.0">
    <skipped/>
  </testcase>
  <testcase name="takeScreenshot" classname="tests.AddFurnitureLeadTest" time="0.0">
    <skipped/>
  </testcase>
  <testcase name="takeScreenshot" classname="tests.AddFurnitureLeadTest" time="0.0">
    <skipped/>
  </testcase>
  <testcase name="takeScreenshot" classname="tests.AddFurnitureLeadTest" time="0.0">
    <skipped/>
  </testcase>
  <testcase name="takeScreenshot" classname="tests.AddFurnitureLeadTest" time="0.0">
    <skipped/>
  </testcase>
  <testcase name="takeScreenshot" classname="tests.AddFurnitureLeadTest" time="0.0">
    <skipped/>
  </testcase>
  <testcase name="takeScreenshot" classname="tests.AddFurnitureLeadTest" time="0.0">
    <skipped/>
  </testcase>
  <testcase name="takeScreenshot" classname="tests.AddFurnitureLeadTest" time="0.0">
    <skipped/>
  </testcase>
  <testcase name="takeScreenshot" classname="tests.AddFurnitureLeadTest" time="0.0">
    <skipped/>
  </testcase>
  <testcase name="takeScreenshot" classname="tests.AddFurnitureLeadTest" time="0.0">
    <skipped/>
  </testcase>
  <testcase name="takeScreenshot" classname="tests.AddFurnitureLeadTest" time="0.0">
    <skipped/>
  </testcase>
  <testcase name="takeScreenshot" classname="tests.AddFurnitureLeadTest" time="0.0">
    <skipped/>
  </testcase>
  <testcase name="takeScreenshot" classname="tests.AddFurnitureLeadTest" time="0.0">
    <skipped/>
  </testcase>
  <testcase name="takeScreenshot" classname="tests.AddFurnitureLeadTest" time="0.0">
    <skipped/>
  </testcase>
  <testcase name="takeScreenshot" classname="tests.AddFurnitureLeadTest" time="0.0">
    <skipped/>
  </testcase>
  <testcase name="takeScreenshot" classname="tests.AddFurnitureLeadTest" time="0.0">
    <skipped/>
  </testcase>
  <testcase name="takeScreenshot" classname="tests.AddFurnitureLeadTest" time="0.0">
    <skipped/>
  </testcase>
  <testcase name="takeScreenshot" classname="tests.AddFurnitureLeadTest" time="0.0">
    <skipped/>
  </testcase>
  <testcase name="takeScreenshot" classname="tests.AddFurnitureLeadTest" time="0.0">
    <skipped/>
  </testcase>
  <testcase name="takeScreenshot" classname="tests.AddFurnitureLeadTest" time="0.0">
    <skipped/>
  </testcase>
  <testcase name="takeScreenshot" classname="tests.AddFurnitureLeadTest" time="0.0">
    <skipped/>
  </testcase>
  <testcase name="takeScreenshot" classname="tests.AddFurnitureLeadTest" time="0.0">
    <skipped/>
  </testcase>
  <testcase name="takeScreenshot" classname="tests.AddFurnitureLeadTest" time="0.0">
    <skipped/>
  </testcase>
  <testcase name="takeScreenshot" classname="tests.AddFurnitureLeadTest" time="0.0">
    <skipped/>
  </testcase>
  <testcase name="takeScreenshot" classname="tests.AddFurnitureLeadTest" time="0.0">
    <skipped/>
  </testcase>
  <testcase name="takeScreenshot" classname="tests.AddFurnitureLeadTest" time="0.0">
    <skipped/>
  </testcase>
  <testcase name="takeScreenshot" classname="tests.AddFurnitureLeadTest" time="0.0">
    <skipped/>
  </testcase>
  <testcase name="takeScreenshot" classname="tests.AddFurnitureLeadTest" time="0.0">
    <skipped/>
  </testcase>
  <testcase name="takeScreenshot" classname="tests.AddFurnitureLeadTest" time="0.0">
    <skipped/>
  </testcase>
  <testcase name="takeScreenshot" classname="tests.AddFurnitureLeadTest" time="0.0">
    <skipped/>
  </testcase>
  <testcase name="takeScreenshot" classname="tests.AddFurnitureLeadTest" time="0.0">
    <skipped/>
  </testcase>
  <testcase name="takeScreenshot" classname="tests.AddFurnitureLeadTest" time="0.0">
    <skipped/>
  </testcase>
  <testcase name="takeScreenshot" classname="tests.AddFurnitureLeadTest" time="0.0">
    <skipped/>
  </testcase>
  <testcase name="takeScreenshot" classname="tests.AddFurnitureLeadTest" time="0.0">
    <skipped/>
  </testcase>
  <testcase name="takeScreenshot" classname="tests.AddFurnitureLeadTest" time="0.0">
    <skipped/>
  </testcase>
  <testcase name="takeScreenshot" classname="tests.AddFurnitureLeadTest" time="0.0">
    <skipped/>
  </testcase>
  <testcase name="takeScreenshot" classname="tests.AddFurnitureLeadTest" time="0.0">
    <skipped/>
  </testcase>
  <testcase name="takeScreenshot" classname="tests.AddFurnitureLeadTest" time="0.0">
    <skipped/>
  </testcase>
  <testcase name="takeScreenshot" classname="tests.AddFurnitureLeadTest" time="0.0">
    <skipped/>
  </testcase>
  <testcase name="takeScreenshot" classname="tests.AddFurnitureLeadTest" time="0.0">
    <skipped/>
  </testcase>
  <testcase name="takeScreenshot" classname="tests.AddFurnitureLeadTest" time="0.0">
    <skipped/>
  </testcase>
  <testcase name="takeScreenshot" classname="tests.AddFurnitureLeadTest" time="0.0">
    <skipped/>
  </testcase>
  <testcase name="takeScreenshot" classname="tests.AddFurnitureLeadTest" time="0.0">
    <skipped/>
  </testcase>
  <testcase name="takeScreenshot" classname="tests.AddFurnitureLeadTest" time="0.0">
    <skipped/>
  </testcase>
  <testcase name="takeScreenshot" classname="tests.AddFurnitureLeadTest" time="0.0">
    <skipped/>
  </testcase>
  <testcase name="takeScreenshot" classname="tests.AddFurnitureLeadTest" time="0.0">
    <skipped/>
  </testcase>
  <testcase name="takeScreenshot" classname="tests.AddFurnitureLeadTest" time="0.0">
    <skipped/>
  </testcase>
  <testcase name="takeScreenshot" classname="tests.AddFurnitureLeadTest" time="0.0">
    <skipped/>
  </testcase>
  <testcase name="takeScreenshot" classname="tests.AddFurnitureLeadTest" time="0.0">
    <skipped/>
  </testcase>
  <testcase name="takeScreenshot" classname="tests.AddFurnitureLeadTest" time="0.0">
    <skipped/>
  </testcase>
  <testcase name="takeScreenshot" classname="tests.AddFurnitureLeadTest" time="0.0">
    <skipped/>
  </testcase>
  <testcase name="takeScreenshot" classname="tests.AddFurnitureLeadTest" time="0.0">
    <skipped/>
  </testcase>
  <testcase name="takeScreenshot" classname="tests.AddFurnitureLeadTest" time="0.0">
    <skipped/>
  </testcase>
  <testcase name="takeScreenshot" classname="tests.AddFurnitureLeadTest" time="0.0">
    <skipped/>
  </testcase>
  <testcase name="takeScreenshot" classname="tests.AddFurnitureLeadTest" time="0.0">
    <skipped/>
  </testcase>
  <testcase name="takeScreenshot" classname="tests.AddFurnitureLeadTest" time="0.0">
    <skipped/>
  </testcase>
  <testcase name="takeScreenshot" classname="tests.AddFurnitureLeadTest" time="0.0">
    <skipped/>
  </testcase>
  <testcase name="takeScreenshot" classname="tests.AddFurnitureLeadTest" time="0.0">
    <skipped/>
  </testcase>
  <testcase name="takeScreenshot" classname="tests.AddFurnitureLeadTest" time="0.0">
    <skipped/>
  </testcase>
  <testcase name="takeScreenshot" classname="tests.AddFurnitureLeadTest" time="0.0">
    <skipped/>
  </testcase>
  <testcase name="takeScreenshot" classname="tests.AddFurnitureLeadTest" time="0.0">
    <skipped/>
  </testcase>
  <testcase name="takeScreenshot" classname="tests.AddFurnitureLeadTest" time="0.0">
    <skipped/>
  </testcase>
  <testcase name="takeScreenshot" classname="tests.AddFurnitureLeadTest" time="0.0">
    <skipped/>
  </testcase>
  <testcase name="takeScreenshot" classname="tests.AddFurnitureLeadTest" time="0.0">
    <skipped/>
  </testcase>
  <testcase name="takeScreenshot" classname="tests.AddFurnitureLeadTest" time="0.0">
    <skipped/>
  </testcase>
  <testcase name="takeScreenshot" classname="tests.AddFurnitureLeadTest" time="0.0">
    <skipped/>
  </testcase>
  <testcase name="takeScreenshot" classname="tests.AddFurnitureLeadTest" time="0.0">
    <skipped/>
  </testcase>
  <testcase name="takeScreenshot" classname="tests.AddFurnitureLeadTest" time="0.0">
    <skipped/>
  </testcase>
  <testcase name="takeScreenshot" classname="tests.AddFurnitureLeadTest" time="0.0">
    <skipped/>
  </testcase>
  <testcase name="takeScreenshot" classname="tests.AddFurnitureLeadTest" time="0.0">
    <skipped/>
  </testcase>
  <testcase name="takeScreenshot" classname="tests.AddFurnitureLeadTest" time="0.0">
    <skipped/>
  </testcase>
  <testcase name="takeScreenshot" classname="tests.AddFurnitureLeadTest" time="0.0">
    <skipped/>
  </testcase>
  <testcase name="takeScreenshot" classname="tests.AddFurnitureLeadTest" time="0.0">
    <skipped/>
  </testcase>
  <testcase name="takeScreenshot" classname="tests.AddFurnitureLeadTest" time="0.0">
    <skipped/>
  </testcase>
  <testcase name="takeScreenshot" classname="tests.AddFurnitureLeadTest" time="0.0">
    <skipped/>
  </testcase>
  <testcase name="takeScreenshot" classname="tests.AddFurnitureLeadTest" time="0.0">
    <skipped/>
  </testcase>
  <testcase name="takeScreenshot" classname="tests.AddFurnitureLeadTest" time="0.0">
    <skipped/>
  </testcase>
  <testcase name="takeScreenshot" classname="tests.AddFurnitureLeadTest" time="0.0">
    <skipped/>
  </testcase>
  <testcase name="takeScreenshot" classname="tests.AddFurnitureLeadTest" time="0.0">
    <skipped/>
  </testcase>
  <testcase name="takeScreenshot" classname="tests.AddFurnitureLeadTest" time="0.0">
    <skipped/>
  </testcase>
  <testcase name="takeScreenshot" classname="tests.AddFurnitureLeadTest" time="0.0">
    <skipped/>
  </testcase>
  <testcase name="takeScreenshot" classname="tests.AddFurnitureLeadTest" time="0.0">
    <skipped/>
  </testcase>
  <testcase name="takeScreenshot" classname="tests.AddFurnitureLeadTest" time="0.0">
    <skipped/>
  </testcase>
  <testcase name="takeScreenshot" classname="tests.AddFurnitureLeadTest" time="0.0">
    <skipped/>
  </testcase>
  <testcase name="takeScreenshot" classname="tests.AddFurnitureLeadTest" time="0.0">
    <skipped/>
  </testcase>
  <testcase name="takeScreenshot" classname="tests.AddFurnitureLeadTest" time="0.0">
    <skipped/>
  </testcase>
  <testcase name="takeScreenshot" classname="tests.AddFurnitureLeadTest" time="0.0">
    <skipped/>
  </testcase>
  <testcase name="takeScreenshot" classname="tests.AddFurnitureLeadTest" time="0.0">
    <skipped/>
  </testcase>
  <testcase name="takeScreenshot" classname="tests.AddFurnitureLeadTest" time="0.0">
    <skipped/>
  </testcase>
  <testcase name="takeScreenshot" classname="tests.AddFurnitureLeadTest" time="0.0">
    <skipped/>
  </testcase>
  <testcase name="takeScreenshot" classname="tests.AddFurnitureLeadTest" time="0.0">
    <skipped/>
  </testcase>
  <testcase name="takeScreenshot" classname="tests.AddFurnitureLeadTest" time="0.0">
    <skipped/>
  </testcase>
  <testcase name="takeScreenshot" classname="tests.AddFurnitureLeadTest" time="0.0">
    <skipped/>
  </testcase>
  <testcase name="takeScreenshot" classname="tests.AddFurnitureLeadTest" time="0.0">
    <skipped/>
  </testcase>
  <testcase name="takeScreenshot" classname="tests.AddFurnitureLeadTest" time="0.0">
    <skipped/>
  </testcase>
  <testcase name="takeScreenshot" classname="tests.AddFurnitureLeadTest" time="0.0">
    <skipped/>
  </testcase>
  <testcase name="takeScreenshot" classname="tests.AddFurnitureLeadTest" time="0.0">
    <skipped/>
  </testcase>
  <testcase name="takeScreenshot" classname="tests.AddFurnitureLeadTest" time="0.0">
    <skipped/>
  </testcase>
  <testcase name="takeScreenshot" classname="tests.AddFurnitureLeadTest" time="0.0">
    <skipped/>
  </testcase>
  <testcase name="takeScreenshot" classname="tests.AddFurnitureLeadTest" time="0.0">
    <skipped/>
  </testcase>
  <testcase name="takeScreenshot" classname="tests.AddFurnitureLeadTest" time="0.0">
    <skipped/>
  </testcase>
  <testcase name="takeScreenshot" classname="tests.AddFurnitureLeadTest" time="0.0">
    <skipped/>
  </testcase>
  <testcase name="takeScreenshot" classname="tests.AddFurnitureLeadTest" time="0.0">
    <skipped/>
  </testcase>
  <testcase name="takeScreenshot" classname="tests.AddFurnitureLeadTest" time="0.0">
    <skipped/>
  </testcase>
  <testcase name="takeScreenshot" classname="tests.AddFurnitureLeadTest" time="0.0">
    <skipped/>
  </testcase>
  <testcase name="takeScreenshot" classname="tests.AddFurnitureLeadTest" time="0.0">
    <skipped/>
  </testcase>
  <testcase name="takeScreenshot" classname="tests.AddFurnitureLeadTest" time="0.0">
    <skipped/>
  </testcase>
  <testcase name="takeScreenshot" classname="tests.AddFurnitureLeadTest" time="0.0">
    <skipped/>
  </testcase>
  <testcase name="takeScreenshot" classname="tests.AddFurnitureLeadTest" time="0.0">
    <skipped/>
  </testcase>
  <testcase name="takeScreenshot" classname="tests.AddFurnitureLeadTest" time="0.0">
    <skipped/>
  </testcase>
  <testcase name="takeScreenshot" classname="tests.AddFurnitureLeadTest" time="0.0">
    <skipped/>
  </testcase>
  <testcase name="takeScreenshot" classname="tests.AddFurnitureLeadTest" time="0.0">
    <skipped/>
  </testcase>
  <testcase name="takeScreenshot" classname="tests.AddFurnitureLeadTest" time="0.0">
    <skipped/>
  </testcase>
  <testcase name="takeScreenshot" classname="tests.AddFurnitureLeadTest" time="0.0">
    <skipped/>
  </testcase>
  <testcase name="takeScreenshot" classname="tests.AddFurnitureLeadTest" time="0.0">
    <skipped/>
  </testcase>
  <testcase name="takeScreenshot" classname="tests.AddFurnitureLeadTest" time="0.0">
    <skipped/>
  </testcase>
  <testcase name="takeScreenshot" classname="tests.AddFurnitureLeadTest" time="0.0">
    <skipped/>
  </testcase>
  <testcase name="takeScreenshot" classname="tests.AddFurnitureLeadTest" time="0.0">
    <skipped/>
  </testcase>
  <testcase name="takeScreenshot" classname="tests.AddFurnitureLeadTest" time="0.0">
    <skipped/>
  </testcase>
  <testcase name="takeScreenshot" classname="tests.AddFurnitureLeadTest" time="0.0">
    <skipped/>
  </testcase>
  <testcase name="takeScreenshot" classname="tests.AddFurnitureLeadTest" time="0.0">
    <skipped/>
  </testcase>
  <testcase name="takeScreenshot" classname="tests.AddFurnitureLeadTest" time="0.0">
    <skipped/>
  </testcase>
  <testcase name="takeScreenshot" classname="tests.AddFurnitureLeadTest" time="0.0">
    <skipped/>
  </testcase>
  <testcase name="takeScreenshot" classname="tests.AddFurnitureLeadTest" time="0.0">
    <skipped/>
  </testcase>
  <testcase name="takeScreenshot" classname="tests.AddFurnitureLeadTest" time="0.0">
    <skipped/>
  </testcase>
  <testcase name="takeScreenshot" classname="tests.AddFurnitureLeadTest" time="0.0">
    <skipped/>
  </testcase>
  <testcase name="takeScreenshot" classname="tests.AddFurnitureLeadTest" time="0.0">
    <skipped/>
  </testcase>
  <testcase name="takeScreenshot" classname="tests.AddFurnitureLeadTest" time="0.0">
    <skipped/>
  </testcase>
  <testcase name="takeScreenshot" classname="tests.AddFurnitureLeadTest" time="0.0">
    <skipped/>
  </testcase>
  <testcase name="takeScreenshot" classname="tests.AddFurnitureLeadTest" time="0.0">
    <skipped/>
  </testcase>
  <testcase name="takeScreenshot" classname="tests.AddFurnitureLeadTest" time="0.0">
    <skipped/>
  </testcase>
  <testcase name="takeScreenshot" classname="tests.AddFurnitureLeadTest" time="0.0">
    <skipped/>
  </testcase>
  <testcase name="takeScreenshot" classname="tests.AddFurnitureLeadTest" time="0.0">
    <skipped/>
  </testcase>
  <testcase name="takeScreenshot" classname="tests.AddFurnitureLeadTest" time="0.0">
    <skipped/>
  </testcase>
  <testcase name="takeScreenshot" classname="tests.AddFurnitureLeadTest" time="0.0">
    <skipped/>
  </testcase>
  <testcase name="takeScreenshot" classname="tests.AddFurnitureLeadTest" time="0.0">
    <skipped/>
  </testcase>
  <testcase name="takeScreenshot" classname="tests.AddFurnitureLeadTest" time="0.0">
    <skipped/>
  </testcase>
  <testcase name="takeScreenshot" classname="tests.AddFurnitureLeadTest" time="0.0">
    <skipped/>
  </testcase>
  <testcase name="takeScreenshot" classname="tests.AddFurnitureLeadTest" time="0.0">
    <skipped/>
  </testcase>
  <testcase name="takeScreenshot" classname="tests.AddFurnitureLeadTest" time="0.0">
    <skipped/>
  </testcase>
  <testcase name="takeScreenshot" classname="tests.AddFurnitureLeadTest" time="0.0">
    <skipped/>
  </testcase>
  <testcase name="takeScreenshot" classname="tests.AddFurnitureLeadTest" time="0.0">
    <skipped/>
  </testcase>
  <testcase name="takeScreenshot" classname="tests.AddFurnitureLeadTest" time="0.0">
    <skipped/>
  </testcase>
  <testcase name="takeScreenshot" classname="tests.AddFurnitureLeadTest" time="0.0">
    <skipped/>
  </testcase>
  <testcase name="takeScreenshot" classname="tests.AddFurnitureLeadTest" time="0.0">
    <skipped/>
  </testcase>
  <testcase name="takeScreenshot" classname="tests.AddFurnitureLeadTest" time="0.0">
    <skipped/>
  </testcase>
  <testcase name="takeScreenshot" classname="tests.AddFurnitureLeadTest" time="0.0">
    <skipped/>
  </testcase>
  <testcase name="takeScreenshot" classname="tests.AddFurnitureLeadTest" time="0.0">
    <skipped/>
  </testcase>
  <testcase name="takeScreenshot" classname="tests.AddFurnitureLeadTest" time="0.0">
    <skipped/>
  </testcase>
  <testcase name="takeScreenshot" classname="tests.AddFurnitureLeadTest" time="0.0">
    <skipped/>
  </testcase>
  <testcase name="takeScreenshot" classname="tests.AddFurnitureLeadTest" time="0.0">
    <skipped/>
  </testcase>
  <testcase name="takeScreenshot" classname="tests.AddFurnitureLeadTest" time="0.0">
    <skipped/>
  </testcase>
  <testcase name="takeScreenshot" classname="tests.AddFurnitureLeadTest" time="0.0">
    <skipped/>
  </testcase>
  <testcase name="takeScreenshot" classname="tests.AddFurnitureLeadTest" time="0.0">
    <skipped/>
  </testcase>
  <testcase name="takeScreenshot" classname="tests.AddFurnitureLeadTest" time="0.0">
    <skipped/>
  </testcase>
  <testcase name="takeScreenshot" classname="tests.AddFurnitureLeadTest" time="0.0">
    <skipped/>
  </testcase>
  <testcase name="takeScreenshot" classname="tests.AddFurnitureLeadTest" time="0.0">
    <skipped/>
  </testcase>
  <testcase name="takeScreenshot" classname="tests.AddFurnitureLeadTest" time="0.0">
    <skipped/>
  </testcase>
  <testcase name="takeScreenshot" classname="tests.AddFurnitureLeadTest" time="0.0">
    <skipped/>
  </testcase>
  <testcase name="takeScreenshot" classname="tests.AddFurnitureLeadTest" time="0.0">
    <skipped/>
  </testcase>
  <testcase name="takeScreenshot" classname="tests.AddFurnitureLeadTest" time="0.0">
    <skipped/>
  </testcase>
  <testcase name="takeScreenshot" classname="tests.AddFurnitureLeadTest" time="0.0">
    <skipped/>
  </testcase>
  <testcase name="takeScreenshot" classname="tests.AddFurnitureLeadTest" time="0.0">
    <skipped/>
  </testcase>
  <testcase name="takeScreenshot" classname="tests.AddFurnitureLeadTest" time="0.0">
    <skipped/>
  </testcase>
  <testcase name="takeScreenshot" classname="tests.AddFurnitureLeadTest" time="0.0">
    <skipped/>
  </testcase>
  <testcase name="takeScreenshot" classname="tests.AddFurnitureLeadTest" time="0.0">
    <skipped/>
  </testcase>
  <testcase name="takeScreenshot" classname="tests.AddFurnitureLeadTest" time="0.0">
    <skipped/>
  </testcase>
  <testcase name="takeScreenshot" classname="tests.AddFurnitureLeadTest" time="0.0">
    <skipped/>
  </testcase>
  <testcase name="takeScreenshot" classname="tests.AddFurnitureLeadTest" time="0.0">
    <skipped/>
  </testcase>
  <testcase name="takeScreenshot" classname="tests.AddFurnitureLeadTest" time="0.0">
    <skipped/>
  </testcase>
  <testcase name="takeScreenshot" classname="tests.AddFurnitureLeadTest" time="0.0">
    <skipped/>
  </testcase>
  <testcase name="takeScreenshot" classname="tests.AddFurnitureLeadTest" time="0.0">
    <skipped/>
  </testcase>
  <testcase name="takeScreenshot" classname="tests.AddFurnitureLeadTest" time="0.0">
    <skipped/>
  </testcase>
  <testcase name="takeScreenshot" classname="tests.AddFurnitureLeadTest" time="0.0">
    <skipped/>
  </testcase>
  <testcase name="takeScreenshot" classname="tests.AddFurnitureLeadTest" time="0.0">
    <skipped/>
  </testcase>
  <testcase name="takeScreenshot" classname="tests.AddFurnitureLeadTest" time="0.0">
    <skipped/>
  </testcase>
  <testcase name="takeScreenshot" classname="tests.AddFurnitureLeadTest" time="0.0">
    <skipped/>
  </testcase>
  <testcase name="takeScreenshot" classname="tests.AddFurnitureLeadTest" time="0.0">
    <skipped/>
  </testcase>
  <testcase name="takeScreenshot" classname="tests.AddFurnitureLeadTest" time="0.0">
    <skipped/>
  </testcase>
  <testcase name="takeScreenshot" classname="tests.AddFurnitureLeadTest" time="0.0">
    <skipped/>
  </testcase>
  <testcase name="takeScreenshot" classname="tests.AddFurnitureLeadTest" time="0.0">
    <skipped/>
  </testcase>
  <testcase name="takeScreenshot" classname="tests.AddFurnitureLeadTest" time="0.0">
    <skipped/>
  </testcase>
  <testcase name="takeScreenshot" classname="tests.AddFurnitureLeadTest" time="0.0">
    <skipped/>
  </testcase>
  <testcase name="takeScreenshot" classname="tests.AddFurnitureLeadTest" time="0.0">
    <skipped/>
  </testcase>
  <testcase name="takeScreenshot" classname="tests.AddFurnitureLeadTest" time="0.0">
    <skipped/>
  </testcase>
  <testcase name="takeScreenshot" classname="tests.AddFurnitureLeadTest" time="0.0">
    <skipped/>
  </testcase>
  <testcase name="takeScreenshot" classname="tests.AddFurnitureLeadTest" time="0.0">
    <skipped/>
  </testcase>
  <testcase name="takeScreenshot" classname="tests.AddFurnitureLeadTest" time="0.0">
    <skipped/>
  </testcase>
  <testcase name="takeScreenshot" classname="tests.AddFurnitureLeadTest" time="0.0">
    <skipped/>
  </testcase>
  <testcase name="takeScreenshot" classname="tests.AddFurnitureLeadTest" time="0.0">
    <skipped/>
  </testcase>
  <testcase name="takeScreenshot" classname="tests.AddFurnitureLeadTest" time="0.0">
    <skipped/>
  </testcase>
  <testcase name="takeScreenshot" classname="tests.AddFurnitureLeadTest" time="0.0">
    <skipped/>
  </testcase>
  <testcase name="takeScreenshot" classname="tests.AddFurnitureLeadTest" time="0.0">
    <skipped/>
  </testcase>
  <testcase name="takeScreenshot" classname="tests.AddFurnitureLeadTest" time="0.0">
    <skipped/>
  </testcase>
  <testcase name="takeScreenshot" classname="tests.AddFurnitureLeadTest" time="0.0">
    <skipped/>
  </testcase>
  <testcase name="takeScreenshot" classname="tests.AddFurnitureLeadTest" time="0.0">
    <skipped/>
  </testcase>
  <testcase name="takeScreenshot" classname="tests.AddFurnitureLeadTest" time="0.0">
    <skipped/>
  </testcase>
  <testcase name="takeScreenshot" classname="tests.AddFurnitureLeadTest" time="0.0">
    <skipped/>
  </testcase>
  <testcase name="takeScreenshot" classname="tests.AddFurnitureLeadTest" time="0.0">
    <skipped/>
  </testcase>
  <testcase name="takeScreenshot" classname="tests.AddFurnitureLeadTest" time="0.0">
    <skipped/>
  </testcase>
  <testcase name="takeScreenshot" classname="tests.AddFurnitureLeadTest" time="0.0">
    <skipped/>
  </testcase>
  <testcase name="takeScreenshot" classname="tests.AddFurnitureLeadTest" time="0.0">
    <skipped/>
  </testcase>
  <testcase name="takeScreenshot" classname="tests.AddFurnitureLeadTest" time="0.0">
    <skipped/>
  </testcase>
  <testcase name="takeScreenshot" classname="tests.AddFurnitureLeadTest" time="0.0">
    <skipped/>
  </testcase>
  <testcase name="takeScreenshot" classname="tests.AddFurnitureLeadTest" time="0.0">
    <skipped/>
  </testcase>
  <testcase name="takeScreenshot" classname="tests.AddFurnitureLeadTest" time="0.0">
    <skipped/>
  </testcase>
  <testcase name="takeScreenshot" classname="tests.AddFurnitureLeadTest" time="0.0">
    <skipped/>
  </testcase>
  <testcase name="takeScreenshot" classname="tests.AddFurnitureLeadTest" time="0.0">
    <skipped/>
  </testcase>
  <testcase name="takeScreenshot" classname="tests.AddFurnitureLeadTest" time="0.0">
    <skipped/>
  </testcase>
  <testcase name="takeScreenshot" classname="tests.AddFurnitureLeadTest" time="0.0">
    <skipped/>
  </testcase>
  <testcase name="takeScreenshot" classname="tests.AddFurnitureLeadTest" time="0.0">
    <skipped/>
  </testcase>
  <testcase name="takeScreenshot" classname="tests.AddFurnitureLeadTest" time="0.0">
    <skipped/>
  </testcase>
  <testcase name="takeScreenshot" classname="tests.AddFurnitureLeadTest" time="0.0">
    <skipped/>
  </testcase>
  <testcase name="takeScreenshot" classname="tests.AddFurnitureLeadTest" time="0.0">
    <skipped/>
  </testcase>
  <testcase name="takeScreenshot" classname="tests.AddFurnitureLeadTest" time="0.0">
    <skipped/>
  </testcase>
  <testcase name="takeScreenshot" classname="tests.AddFurnitureLeadTest" time="0.0">
    <skipped/>
  </testcase>
  <testcase name="takeScreenshot" classname="tests.AddFurnitureLeadTest" time="0.0">
    <skipped/>
  </testcase>
  <testcase name="takeScreenshot" classname="tests.AddFurnitureLeadTest" time="0.0">
    <skipped/>
  </testcase>
  <testcase name="takeScreenshot" classname="tests.AddFurnitureLeadTest" time="0.0">
    <skipped/>
  </testcase>
  <testcase name="takeScreenshot" classname="tests.AddFurnitureLeadTest" time="0.0">
    <skipped/>
  </testcase>
  <testcase name="takeScreenshot" classname="tests.AddFurnitureLeadTest" time="0.0">
    <skipped/>
  </testcase>
  <testcase name="takeScreenshot" classname="tests.AddFurnitureLeadTest" time="0.0">
    <skipped/>
  </testcase>
  <testcase name="takeScreenshot" classname="tests.AddFurnitureLeadTest" time="0.0">
    <skipped/>
  </testcase>
  <testcase name="takeScreenshot" classname="tests.AddFurnitureLeadTest" time="0.0">
    <skipped/>
  </testcase>
  <testcase name="takeScreenshot" classname="tests.AddFurnitureLeadTest" time="0.0">
    <skipped/>
  </testcase>
  <testcase name="takeScreenshot" classname="tests.AddFurnitureLeadTest" time="0.0">
    <skipped/>
  </testcase>
  <testcase name="takeScreenshot" classname="tests.AddFurnitureLeadTest" time="0.0">
    <skipped/>
  </testcase>
  <testcase name="takeScreenshot" classname="tests.AddFurnitureLeadTest" time="0.0">
    <skipped/>
  </testcase>
  <testcase name="takeScreenshot" classname="tests.AddFurnitureLeadTest" time="0.0">
    <skipped/>
  </testcase>
  <testcase name="takeScreenshot" classname="tests.AddFurnitureLeadTest" time="0.0">
    <skipped/>
  </testcase>
  <testcase name="takeScreenshot" classname="tests.AddFurnitureLeadTest" time="0.0">
    <skipped/>
  </testcase>
  <testcase name="takeScreenshot" classname="tests.AddFurnitureLeadTest" time="0.0">
    <skipped/>
  </testcase>
  <testcase name="takeScreenshot" classname="tests.AddFurnitureLeadTest" time="0.0">
    <skipped/>
  </testcase>
  <testcase name="takeScreenshot" classname="tests.AddFurnitureLeadTest" time="0.0">
    <skipped/>
  </testcase>
  <testcase name="takeScreenshot" classname="tests.AddFurnitureLeadTest" time="0.0">
    <skipped/>
  </testcase>
  <testcase name="takeScreenshot" classname="tests.AddFurnitureLeadTest" time="0.0">
    <skipped/>
  </testcase>
  <testcase name="takeScreenshot" classname="tests.AddFurnitureLeadTest" time="0.0">
    <skipped/>
  </testcase>
  <testcase name="takeScreenshot" classname="tests.AddFurnitureLeadTest" time="0.0">
    <skipped/>
  </testcase>
  <testcase name="takeScreenshot" classname="tests.AddFurnitureLeadTest" time="0.0">
    <skipped/>
  </testcase>
  <testcase name="takeScreenshot" classname="tests.AddFurnitureLeadTest" time="0.0">
    <skipped/>
  </testcase>
  <testcase name="takeScreenshot" classname="tests.AddFurnitureLeadTest" time="0.0">
    <skipped/>
  </testcase>
  <testcase name="takeScreenshot" classname="tests.AddFurnitureLeadTest" time="0.0">
    <skipped/>
  </testcase>
  <testcase name="takeScreenshot" classname="tests.AddFurnitureLeadTest" time="0.0">
    <skipped/>
  </testcase>
  <testcase name="takeScreenshot" classname="tests.AddFurnitureLeadTest" time="0.0">
    <skipped/>
  </testcase>
  <testcase name="takeScreenshot" classname="tests.AddFurnitureLeadTest" time="0.0">
    <skipped/>
  </testcase>
  <testcase name="takeScreenshot" classname="tests.AddFurnitureLeadTest" time="0.0">
    <skipped/>
  </testcase>
  <testcase name="takeScreenshot" classname="tests.AddFurnitureLeadTest" time="0.0">
    <skipped/>
  </testcase>
  <testcase name="takeScreenshot" classname="tests.AddFurnitureLeadTest" time="0.0">
    <skipped/>
  </testcase>
  <testcase name="takeScreenshot" classname="tests.AddFurnitureLeadTest" time="0.0">
    <skipped/>
  </testcase>
  <testcase name="takeScreenshot" classname="tests.AddFurnitureLeadTest" time="0.0">
    <skipped/>
  </testcase>
  <testcase name="takeScreenshot" classname="tests.AddFurnitureLeadTest" time="0.0">
    <skipped/>
  </testcase>
  <testcase name="takeScreenshot" classname="tests.AddFurnitureLeadTest" time="0.0">
    <skipped/>
  </testcase>
  <testcase name="takeScreenshot" classname="tests.AddFurnitureLeadTest" time="0.0">
    <skipped/>
  </testcase>
  <testcase name="takeScreenshot" classname="tests.AddFurnitureLeadTest" time="0.0">
    <skipped/>
  </testcase>
  <testcase name="takeScreenshot" classname="tests.AddFurnitureLeadTest" time="0.0">
    <skipped/>
  </testcase>
  <testcase name="takeScreenshot" classname="tests.AddFurnitureLeadTest" time="0.0">
    <skipped/>
  </testcase>
  <testcase name="takeScreenshot" classname="tests.AddFurnitureLeadTest" time="0.0">
    <skipped/>
  </testcase>
  <testcase name="takeScreenshot" classname="tests.AddFurnitureLeadTest" time="0.0">
    <skipped/>
  </testcase>
  <testcase name="takeScreenshot" classname="tests.AddFurnitureLeadTest" time="0.0">
    <skipped/>
  </testcase>
  <testcase name="takeScreenshot" classname="tests.AddFurnitureLeadTest" time="0.0">
    <skipped/>
  </testcase>
  <testcase name="takeScreenshot" classname="tests.AddFurnitureLeadTest" time="0.0">
    <skipped/>
  </testcase>
  <testcase name="takeScreenshot" classname="tests.AddFurnitureLeadTest" time="0.0">
    <skipped/>
  </testcase>
  <testcase name="takeScreenshot" classname="tests.AddFurnitureLeadTest" time="0.0">
    <skipped/>
  </testcase>
  <testcase name="takeScreenshot" classname="tests.AddFurnitureLeadTest" time="0.0">
    <skipped/>
  </testcase>
  <testcase name="takeScreenshot" classname="tests.AddFurnitureLeadTest" time="0.0">
    <skipped/>
  </testcase>
  <testcase name="takeScreenshot" classname="tests.AddFurnitureLeadTest" time="0.0">
    <skipped/>
  </testcase>
  <testcase name="takeScreenshot" classname="tests.AddFurnitureLeadTest" time="0.0">
    <skipped/>
  </testcase>
  <testcase name="takeScreenshot" classname="tests.AddFurnitureLeadTest" time="0.0">
    <skipped/>
  </testcase>
  <testcase name="takeScreenshot" classname="tests.AddFurnitureLeadTest" time="0.0">
    <skipped/>
  </testcase>
  <testcase name="takeScreenshot" classname="tests.AddFurnitureLeadTest" time="0.0">
    <skipped/>
  </testcase>
  <testcase name="takeScreenshot" classname="tests.AddFurnitureLeadTest" time="0.0">
    <skipped/>
  </testcase>
  <testcase name="takeScreenshot" classname="tests.AddFurnitureLeadTest" time="0.0">
    <skipped/>
  </testcase>
  <testcase name="takeScreenshot" classname="tests.AddFurnitureLeadTest" time="0.0">
    <skipped/>
  </testcase>
  <testcase name="takeScreenshot" classname="tests.AddFurnitureLeadTest" time="0.0">
    <skipped/>
  </testcase>
  <testcase name="takeScreenshot" classname="tests.AddFurnitureLeadTest" time="0.0">
    <skipped/>
  </testcase>
  <testcase name="takeScreenshot" classname="tests.AddFurnitureLeadTest" time="0.0">
    <skipped/>
  </testcase>
  <testcase name="takeScreenshot" classname="tests.AddFurnitureLeadTest" time="0.0">
    <skipped/>
  </testcase>
  <testcase name="takeScreenshot" classname="tests.AddFurnitureLeadTest" time="0.0">
    <skipped/>
  </testcase>
  <testcase name="takeScreenshot" classname="tests.AddFurnitureLeadTest" time="0.0">
    <skipped/>
  </testcase>
  <testcase name="takeScreenshot" classname="tests.AddFurnitureLeadTest" time="0.0">
    <skipped/>
  </testcase>
  <testcase name="takeScreenshot" classname="tests.AddFurnitureLeadTest" time="0.0">
    <skipped/>
  </testcase>
  <testcase name="takeScreenshot" classname="tests.AddFurnitureLeadTest" time="0.0">
    <skipped/>
  </testcase>
  <testcase name="takeScreenshot" classname="tests.AddFurnitureLeadTest" time="0.0">
    <skipped/>
  </testcase>
  <testcase name="takeScreenshot" classname="tests.AddFurnitureLeadTest" time="0.0">
    <skipped/>
  </testcase>
  <testcase name="takeScreenshot" classname="tests.AddFurnitureLeadTest" time="0.0">
    <skipped/>
  </testcase>
  <testcase name="takeScreenshot" classname="tests.AddFurnitureLeadTest" time="0.0">
    <skipped/>
  </testcase>
  <testcase name="takeScreenshot" classname="tests.AddFurnitureLeadTest" time="0.0">
    <skipped/>
  </testcase>
  <testcase name="takeScreenshot" classname="tests.AddFurnitureLeadTest" time="0.0">
    <skipped/>
  </testcase>
  <testcase name="takeScreenshot" classname="tests.AddFurnitureLeadTest" time="0.0">
    <skipped/>
  </testcase>
  <testcase name="takeScreenshot" classname="tests.AddFurnitureLeadTest" time="0.0">
    <skipped/>
  </testcase>
  <testcase name="takeScreenshot" classname="tests.AddFurnitureLeadTest" time="0.0">
    <skipped/>
  </testcase>
  <testcase name="takeScreenshot" classname="tests.AddFurnitureLeadTest" time="0.0">
    <skipped/>
  </testcase>
  <testcase name="takeScreenshot" classname="tests.AddFurnitureLeadTest" time="0.0">
    <skipped/>
  </testcase>
  <testcase name="takeScreenshot" classname="tests.AddFurnitureLeadTest" time="0.0">
    <skipped/>
  </testcase>
  <testcase name="takeScreenshot" classname="tests.AddFurnitureLeadTest" time="0.0">
    <skipped/>
  </testcase>
  <testcase name="takeScreenshot" classname="tests.AddFurnitureLeadTest" time="0.0">
    <skipped/>
  </testcase>
  <testcase name="takeScreenshot" classname="tests.AddFurnitureLeadTest" time="0.0">
    <skipped/>
  </testcase>
  <testcase name="takeScreenshot" classname="tests.AddFurnitureLeadTest" time="0.0">
    <skipped/>
  </testcase>
  <testcase name="takeScreenshot" classname="tests.AddFurnitureLeadTest" time="0.0">
    <skipped/>
  </testcase>
  <testcase name="takeScreenshot" classname="tests.AddFurnitureLeadTest" time="0.0">
    <skipped/>
  </testcase>
  <testcase name="takeScreenshot" classname="tests.AddFurnitureLeadTest" time="0.0">
    <skipped/>
  </testcase>
  <testcase name="takeScreenshot" classname="tests.AddFurnitureLeadTest" time="0.0">
    <skipped/>
  </testcase>
  <testcase name="takeScreenshot" classname="tests.AddFurnitureLeadTest" time="0.0">
    <skipped/>
  </testcase>
  <testcase name="takeScreenshot" classname="tests.AddFurnitureLeadTest" time="0.0">
    <skipped/>
  </testcase>
  <testcase name="takeScreenshot" classname="tests.AddFurnitureLeadTest" time="0.0">
    <skipped/>
  </testcase>
  <testcase name="takeScreenshot" classname="tests.AddFurnitureLeadTest" time="0.0">
    <skipped/>
  </testcase>
  <testcase name="takeScreenshot" classname="tests.AddFurnitureLeadTest" time="0.0">
    <skipped/>
  </testcase>
  <testcase name="takeScreenshot" classname="tests.AddFurnitureLeadTest" time="0.0">
    <skipped/>
  </testcase>
  <testcase name="takeScreenshot" classname="tests.AddFurnitureLeadTest" time="0.0">
    <skipped/>
  </testcase>
  <testcase name="takeScreenshot" classname="tests.AddFurnitureLeadTest" time="0.0">
    <skipped/>
  </testcase>
  <testcase name="takeScreenshot" classname="tests.AddFurnitureLeadTest" time="0.0">
    <skipped/>
  </testcase>
  <testcase name="takeScreenshot" classname="tests.AddFurnitureLeadTest" time="0.0">
    <skipped/>
  </testcase>
  <testcase name="takeScreenshot" classname="tests.AddFurnitureLeadTest" time="0.0">
    <skipped/>
  </testcase>
  <testcase name="takeScreenshot" classname="tests.AddFurnitureLeadTest" time="0.0">
    <skipped/>
  </testcase>
  <testcase name="takeScreenshot" classname="tests.AddFurnitureLeadTest" time="0.0">
    <skipped/>
  </testcase>
  <testcase name="takeScreenshot" classname="tests.AddFurnitureLeadTest" time="0.0">
    <skipped/>
  </testcase>
  <testcase name="takeScreenshot" classname="tests.AddFurnitureLeadTest" time="0.0">
    <skipped/>
  </testcase>
  <testcase name="takeScreenshot" classname="tests.AddFurnitureLeadTest" time="0.0">
    <skipped/>
  </testcase>
  <testcase name="takeScreenshot" classname="tests.AddFurnitureLeadTest" time="0.0">
    <skipped/>
  </testcase>
  <testcase name="takeScreenshot" classname="tests.AddFurnitureLeadTest" time="0.0">
    <skipped/>
  </testcase>
  <testcase name="takeScreenshot" classname="tests.AddFurnitureLeadTest" time="0.0">
    <skipped/>
  </testcase>
  <testcase name="takeScreenshot" classname="tests.AddFurnitureLeadTest" time="0.0">
    <skipped/>
  </testcase>
  <testcase name="takeScreenshot" classname="tests.AddFurnitureLeadTest" time="0.0">
    <skipped/>
  </testcase>
  <testcase name="takeScreenshot" classname="tests.AddFurnitureLeadTest" time="0.0">
    <skipped/>
  </testcase>
  <testcase name="takeScreenshot" classname="tests.AddFurnitureLeadTest" time="0.0">
    <skipped/>
  </testcase>
  <testcase name="takeScreenshot" classname="tests.AddFurnitureLeadTest" time="0.0">
    <skipped/>
  </testcase>
  <testcase name="takeScreenshot" classname="tests.AddFurnitureLeadTest" time="0.0">
    <skipped/>
  </testcase>
  <testcase name="takeScreenshot" classname="tests.AddFurnitureLeadTest" time="0.0">
    <skipped/>
  </testcase>
  <testcase name="takeScreenshot" classname="tests.AddFurnitureLeadTest" time="0.0">
    <skipped/>
  </testcase>
  <testcase name="takeScreenshot" classname="tests.AddFurnitureLeadTest" time="0.0">
    <skipped/>
  </testcase>
  <testcase name="takeScreenshot" classname="tests.AddFurnitureLeadTest" time="0.0">
    <skipped/>
  </testcase>
  <testcase name="takeScreenshot" classname="tests.AddFurnitureLeadTest" time="0.0">
    <skipped/>
  </testcase>
  <testcase name="takeScreenshot" classname="tests.AddFurnitureLeadTest" time="0.0">
    <skipped/>
  </testcase>
  <testcase name="takeScreenshot" classname="tests.AddFurnitureLeadTest" time="0.0">
    <skipped/>
  </testcase>
  <testcase name="takeScreenshot" classname="tests.AddFurnitureLeadTest" time="0.0">
    <skipped/>
  </testcase>
  <testcase name="takeScreenshot" classname="tests.AddFurnitureLeadTest" time="0.0">
    <skipped/>
  </testcase>
  <testcase name="takeScreenshot" classname="tests.AddFurnitureLeadTest" time="0.0">
    <skipped/>
  </testcase>
  <testcase name="takeScreenshot" classname="tests.AddFurnitureLeadTest" time="0.0">
    <skipped/>
  </testcase>
  <testcase name="takeScreenshot" classname="tests.AddFurnitureLeadTest" time="0.0">
    <skipped/>
  </testcase>
  <testcase name="takeScreenshot" classname="tests.AddFurnitureLeadTest" time="0.0">
    <skipped/>
  </testcase>
  <testcase name="takeScreenshot" classname="tests.AddFurnitureLeadTest" time="0.0">
    <skipped/>
  </testcase>
  <testcase name="takeScreenshot" classname="tests.AddFurnitureLeadTest" time="0.0">
    <skipped/>
  </testcase>
  <testcase name="takeScreenshot" classname="tests.AddFurnitureLeadTest" time="0.0">
    <skipped/>
  </testcase>
  <testcase name="takeScreenshot" classname="tests.AddFurnitureLeadTest" time="0.0">
    <skipped/>
  </testcase>
  <testcase name="takeScreenshot" classname="tests.AddFurnitureLeadTest" time="0.0">
    <skipped/>
  </testcase>
  <testcase name="takeScreenshot" classname="tests.AddFurnitureLeadTest" time="0.0">
    <skipped/>
  </testcase>
  <testcase name="takeScreenshot" classname="tests.AddFurnitureLeadTest" time="0.0">
    <skipped/>
  </testcase>
  <testcase name="takeScreenshot" classname="tests.AddFurnitureLeadTest" time="0.0">
    <skipped/>
  </testcase>
  <testcase name="takeScreenshot" classname="tests.AddFurnitureLeadTest" time="0.0">
    <skipped/>
  </testcase>
  <testcase name="takeScreenshot" classname="tests.AddFurnitureLeadTest" time="0.0">
    <skipped/>
  </testcase>
  <testcase name="takeScreenshot" classname="tests.AddFurnitureLeadTest" time="0.0">
    <skipped/>
  </testcase>
  <testcase name="takeScreenshot" classname="tests.AddFurnitureLeadTest" time="0.0">
    <skipped/>
  </testcase>
  <testcase name="takeScreenshot" classname="tests.AddFurnitureLeadTest" time="0.0">
    <skipped/>
  </testcase>
  <testcase name="takeScreenshot" classname="tests.AddFurnitureLeadTest" time="0.0">
    <skipped/>
  </testcase>
  <testcase name="takeScreenshot" classname="tests.AddFurnitureLeadTest" time="0.0">
    <skipped/>
  </testcase>
  <testcase name="takeScreenshot" classname="tests.AddFurnitureLeadTest" time="0.0">
    <skipped/>
  </testcase>
  <testcase name="takeScreenshot" classname="tests.AddFurnitureLeadTest" time="0.0">
    <skipped/>
  </testcase>
  <testcase name="takeScreenshot" classname="tests.AddFurnitureLeadTest" time="0.0">
    <skipped/>
  </testcase>
  <testcase name="takeScreenshot" classname="tests.AddFurnitureLeadTest" time="0.0">
    <skipped/>
  </testcase>
  <testcase name="takeScreenshot" classname="tests.AddFurnitureLeadTest" time="0.0">
    <skipped/>
  </testcase>
  <testcase name="takeScreenshot" classname="tests.AddFurnitureLeadTest" time="0.0">
    <skipped/>
  </testcase>
  <testcase name="takeScreenshot" classname="tests.AddFurnitureLeadTest" time="0.0">
    <skipped/>
  </testcase>
  <testcase name="takeScreenshot" classname="tests.AddFurnitureLeadTest" time="0.0">
    <skipped/>
  </testcase>
  <testcase name="takeScreenshot" classname="tests.AddFurnitureLeadTest" time="0.0">
    <skipped/>
  </testcase>
  <testcase name="takeScreenshot" classname="tests.AddFurnitureLeadTest" time="0.0">
    <skipped/>
  </testcase>
  <testcase name="takeScreenshot" classname="tests.AddFurnitureLeadTest" time="0.0">
    <skipped/>
  </testcase>
  <testcase name="takeScreenshot" classname="tests.AddFurnitureLeadTest" time="0.0">
    <skipped/>
  </testcase>
  <testcase name="takeScreenshot" classname="tests.AddFurnitureLeadTest" time="0.0">
    <skipped/>
  </testcase>
  <testcase name="takeScreenshot" classname="tests.AddFurnitureLeadTest" time="0.0">
    <skipped/>
  </testcase>
  <testcase name="takeScreenshot" classname="tests.AddFurnitureLeadTest" time="0.0">
    <skipped/>
  </testcase>
  <testcase name="takeScreenshot" classname="tests.AddFurnitureLeadTest" time="0.0">
    <skipped/>
  </testcase>
  <testcase name="takeScreenshot" classname="tests.AddFurnitureLeadTest" time="0.0">
    <skipped/>
  </testcase>
  <testcase name="takeScreenshot" classname="tests.AddFurnitureLeadTest" time="0.0">
    <skipped/>
  </testcase>
  <testcase name="takeScreenshot" classname="tests.AddFurnitureLeadTest" time="0.0">
    <skipped/>
  </testcase>
  <testcase name="takeScreenshot" classname="tests.AddFurnitureLeadTest" time="0.0">
    <skipped/>
  </testcase>
  <testcase name="takeScreenshot" classname="tests.AddFurnitureLeadTest" time="0.0">
    <skipped/>
  </testcase>
  <testcase name="takeScreenshot" classname="tests.AddFurnitureLeadTest" time="0.0">
    <skipped/>
  </testcase>
  <testcase name="takeScreenshot" classname="tests.AddFurnitureLeadTest" time="0.0">
    <skipped/>
  </testcase>
  <testcase name="takeScreenshot" classname="tests.AddFurnitureLeadTest" time="0.0">
    <skipped/>
  </testcase>
  <testcase name="takeScreenshot" classname="tests.AddFurnitureLeadTest" time="0.0">
    <skipped/>
  </testcase>
  <testcase name="takeScreenshot" classname="tests.AddFurnitureLeadTest" time="0.0">
    <skipped/>
  </testcase>
  <testcase name="takeScreenshot" classname="tests.AddFurnitureLeadTest" time="0.0">
    <skipped/>
  </testcase>
  <testcase name="takeScreenshot" classname="tests.AddFurnitureLeadTest" time="0.0">
    <skipped/>
  </testcase>
  <testcase name="takeScreenshot" classname="tests.AddFurnitureLeadTest" time="0.0">
    <skipped/>
  </testcase>
  <testcase name="takeScreenshot" classname="tests.AddFurnitureLeadTest" time="0.0">
    <skipped/>
  </testcase>
  <testcase name="takeScreenshot" classname="tests.AddFurnitureLeadTest" time="0.0">
    <skipped/>
  </testcase>
  <testcase name="takeScreenshot" classname="tests.AddFurnitureLeadTest" time="0.0">
    <skipped/>
  </testcase>
  <testcase name="takeScreenshot" classname="tests.AddFurnitureLeadTest" time="0.0">
    <skipped/>
  </testcase>
  <testcase name="takeScreenshot" classname="tests.AddFurnitureLeadTest" time="0.0">
    <skipped/>
  </testcase>
  <testcase name="takeScreenshot" classname="tests.AddFurnitureLeadTest" time="0.0">
    <skipped/>
  </testcase>
  <testcase name="takeScreenshot" classname="tests.AddFurnitureLeadTest" time="0.0">
    <skipped/>
  </testcase>
  <testcase name="takeScreenshot" classname="tests.AddFurnitureLeadTest" time="0.0">
    <skipped/>
  </testcase>
  <testcase name="takeScreenshot" classname="tests.AddFurnitureLeadTest" time="0.0">
    <skipped/>
  </testcase>
  <testcase name="takeScreenshot" classname="tests.AddFurnitureLeadTest" time="0.0">
    <skipped/>
  </testcase>
  <testcase name="takeScreenshot" classname="tests.AddFurnitureLeadTest" time="0.0">
    <skipped/>
  </testcase>
  <testcase name="takeScreenshot" classname="tests.AddFurnitureLeadTest" time="0.0">
    <skipped/>
  </testcase>
  <testcase name="takeScreenshot" classname="tests.AddFurnitureLeadTest" time="0.0">
    <skipped/>
  </testcase>
  <testcase name="takeScreenshot" classname="tests.AddFurnitureLeadTest" time="0.0">
    <skipped/>
  </testcase>
  <testcase name="takeScreenshot" classname="tests.AddFurnitureLeadTest" time="0.0">
    <skipped/>
  </testcase>
  <testcase name="takeScreenshot" classname="tests.AddFurnitureLeadTest" time="0.0">
    <skipped/>
  </testcase>
  <testcase name="takeScreenshot" classname="tests.AddFurnitureLeadTest" time="0.0">
    <skipped/>
  </testcase>
  <testcase name="takeScreenshot" classname="tests.AddFurnitureLeadTest" time="0.0">
    <skipped/>
  </testcase>
  <testcase name="takeScreenshot" classname="tests.AddFurnitureLeadTest" time="0.0">
    <skipped/>
  </testcase>
  <testcase name="takeScreenshot" classname="tests.AddFurnitureLeadTest" time="0.0">
    <skipped/>
  </testcase>
  <testcase name="takeScreenshot" classname="tests.AddFurnitureLeadTest" time="0.0">
    <skipped/>
  </testcase>
  <testcase name="takeScreenshot" classname="tests.AddFurnitureLeadTest" time="0.0">
    <skipped/>
  </testcase>
  <testcase name="takeScreenshot" classname="tests.AddFurnitureLeadTest" time="0.0">
    <skipped/>
  </testcase>
  <testcase name="takeScreenshot" classname="tests.AddFurnitureLeadTest" time="0.0">
    <skipped/>
  </testcase>
  <testcase name="takeScreenshot" classname="tests.AddFurnitureLeadTest" time="0.0">
    <skipped/>
  </testcase>
  <testcase name="takeScreenshot" classname="tests.AddFurnitureLeadTest" time="0.0">
    <skipped/>
  </testcase>
  <testcase name="takeScreenshot" classname="tests.AddFurnitureLeadTest" time="0.0">
    <skipped/>
  </testcase>
  <testcase name="takeScreenshot" classname="tests.AddFurnitureLeadTest" time="0.0">
    <skipped/>
  </testcase>
  <testcase name="takeScreenshot" classname="tests.AddFurnitureLeadTest" time="0.0">
    <skipped/>
  </testcase>
  <testcase name="takeScreenshot" classname="tests.AddFurnitureLeadTest" time="0.0">
    <skipped/>
  </testcase>
  <testcase name="takeScreenshot" classname="tests.AddFurnitureLeadTest" time="0.0">
    <skipped/>
  </testcase>
  <testcase name="takeScreenshot" classname="tests.AddFurnitureLeadTest" time="0.0">
    <skipped/>
  </testcase>
  <testcase name="takeScreenshot" classname="tests.AddFurnitureLeadTest" time="0.0">
    <skipped/>
  </testcase>
  <testcase name="takeScreenshot" classname="tests.AddFurnitureLeadTest" time="0.0">
    <skipped/>
  </testcase>
  <testcase name="takeScreenshot" classname="tests.AddFurnitureLeadTest" time="0.0">
    <skipped/>
  </testcase>
  <testcase name="takeScreenshot" classname="tests.AddFurnitureLeadTest" time="0.0">
    <skipped/>
  </testcase>
  <testcase name="takeScreenshot" classname="tests.AddFurnitureLeadTest" time="0.0">
    <skipped/>
  </testcase>
  <testcase name="takeScreenshot" classname="tests.AddFurnitureLeadTest" time="0.0">
    <skipped/>
  </testcase>
  <testcase name="takeScreenshot" classname="tests.AddFurnitureLeadTest" time="0.0">
    <skipped/>
  </testcase>
  <testcase name="takeScreenshot" classname="tests.AddFurnitureLeadTest" time="0.0">
    <skipped/>
  </testcase>
  <testcase name="takeScreenshot" classname="tests.AddFurnitureLeadTest" time="0.0">
    <skipped/>
  </testcase>
  <testcase name="takeScreenshot" classname="tests.AddFurnitureLeadTest" time="0.0">
    <skipped/>
  </testcase>
  <testcase name="takeScreenshot" classname="tests.AddFurnitureLeadTest" time="0.0">
    <skipped/>
  </testcase>
  <testcase name="takeScreenshot" classname="tests.AddFurnitureLeadTest" time="0.0">
    <skipped/>
  </testcase>
  <testcase name="takeScreenshot" classname="tests.AddFurnitureLeadTest" time="0.0">
    <skipped/>
  </testcase>
  <testcase name="takeScreenshot" classname="tests.AddFurnitureLeadTest" time="0.0">
    <skipped/>
  </testcase>
  <testcase name="takeScreenshot" classname="tests.AddFurnitureLeadTest" time="0.0">
    <skipped/>
  </testcase>
  <testcase name="takeScreenshot" classname="tests.AddFurnitureLeadTest" time="0.0">
    <skipped/>
  </testcase>
  <testcase name="takeScreenshot" classname="tests.AddFurnitureLeadTest" time="0.0">
    <skipped/>
  </testcase>
  <testcase name="takeScreenshot" classname="tests.AddFurnitureLeadTest" time="0.0">
    <skipped/>
  </testcase>
  <testcase name="takeScreenshot" classname="tests.AddFurnitureLeadTest" time="0.0">
    <skipped/>
  </testcase>
  <testcase name="takeScreenshot" classname="tests.AddFurnitureLeadTest" time="0.0">
    <skipped/>
  </testcase>
  <testcase name="takeScreenshot" classname="tests.AddFurnitureLeadTest" time="0.0">
    <skipped/>
  </testcase>
  <testcase name="takeScreenshot" classname="tests.AddFurnitureLeadTest" time="0.0">
    <skipped/>
  </testcase>
  <testcase name="takeScreenshot" classname="tests.AddFurnitureLeadTest" time="0.0">
    <skipped/>
  </testcase>
  <testcase name="takeScreenshot" classname="tests.AddFurnitureLeadTest" time="0.0">
    <skipped/>
  </testcase>
  <testcase name="takeScreenshot" classname="tests.AddFurnitureLeadTest" time="0.0">
    <skipped/>
  </testcase>
  <testcase name="takeScreenshot" classname="tests.AddFurnitureLeadTest" time="0.0">
    <skipped/>
  </testcase>
  <testcase name="takeScreenshot" classname="tests.AddFurnitureLeadTest" time="0.0">
    <skipped/>
  </testcase>
  <testcase name="takeScreenshot" classname="tests.AddFurnitureLeadTest" time="0.0">
    <skipped/>
  </testcase>
  <testcase name="takeScreenshot" classname="tests.AddFurnitureLeadTest" time="0.0">
    <skipped/>
  </testcase>
  <testcase name="takeScreenshot" classname="tests.AddFurnitureLeadTest" time="0.0">
    <skipped/>
  </testcase>
  <testcase name="takeScreenshot" classname="tests.AddFurnitureLeadTest" time="0.0">
    <skipped/>
  </testcase>
  <testcase name="takeScreenshot" classname="tests.AddFurnitureLeadTest" time="0.0">
    <skipped/>
  </testcase>
  <testcase name="takeScreenshot" classname="tests.AddFurnitureLeadTest" time="0.0">
    <skipped/>
  </testcase>
  <testcase name="takeScreenshot" classname="tests.AddFurnitureLeadTest" time="0.0">
    <skipped/>
  </testcase>
  <testcase name="takeScreenshot" classname="tests.AddFurnitureLeadTest" time="0.0">
    <skipped/>
  </testcase>
  <testcase name="takeScreenshot" classname="tests.AddFurnitureLeadTest" time="0.0">
    <skipped/>
  </testcase>
  <testcase name="takeScreenshot" classname="tests.AddFurnitureLeadTest" time="0.0">
    <skipped/>
  </testcase>
  <testcase name="takeScreenshot" classname="tests.AddFurnitureLeadTest" time="0.0">
    <skipped/>
  </testcase>
  <testcase name="takeScreenshot" classname="tests.AddFurnitureLeadTest" time="0.0">
    <skipped/>
  </testcase>
  <testcase name="takeScreenshot" classname="tests.AddFurnitureLeadTest" time="0.0">
    <skipped/>
  </testcase>
  <testcase name="takeScreenshot" classname="tests.AddFurnitureLeadTest" time="0.0">
    <skipped/>
  </testcase>
  <testcase name="takeScreenshot" classname="tests.AddFurnitureLeadTest" time="0.0">
    <skipped/>
  </testcase>
  <testcase name="takeScreenshot" classname="tests.AddFurnitureLeadTest" time="0.0">
    <skipped/>
  </testcase>
  <testcase name="takeScreenshot" classname="tests.AddFurnitureLeadTest" time="0.0">
    <skipped/>
  </testcase>
  <testcase name="takeScreenshot" classname="tests.AddFurnitureLeadTest" time="0.0">
    <skipped/>
  </testcase>
  <testcase name="takeScreenshot" classname="tests.AddFurnitureLeadTest" time="0.0">
    <skipped/>
  </testcase>
  <testcase name="takeScreenshot" classname="tests.AddFurnitureLeadTest" time="0.0">
    <skipped/>
  </testcase>
  <testcase name="takeScreenshot" classname="tests.AddFurnitureLeadTest" time="0.0">
    <skipped/>
  </testcase>
  <testcase name="takeScreenshot" classname="tests.AddFurnitureLeadTest" time="0.0">
    <skipped/>
  </testcase>
  <testcase name="takeScreenshot" classname="tests.AddFurnitureLeadTest" time="0.0">
    <skipped/>
  </testcase>
  <testcase name="takeScreenshot" classname="tests.AddFurnitureLeadTest" time="0.0">
    <skipped/>
  </testcase>
  <testcase name="takeScreenshot" classname="tests.AddFurnitureLeadTest" time="0.0">
    <skipped/>
  </testcase>
  <testcase name="takeScreenshot" classname="tests.AddFurnitureLeadTest" time="0.0">
    <skipped/>
  </testcase>
  <testcase name="takeScreenshot" classname="tests.AddFurnitureLeadTest" time="0.0">
    <skipped/>
  </testcase>
  <testcase name="takeScreenshot" classname="tests.AddFurnitureLeadTest" time="0.0">
    <skipped/>
  </testcase>
  <testcase name="takeScreenshot" classname="tests.AddFurnitureLeadTest" time="0.0">
    <skipped/>
  </testcase>
  <testcase name="takeScreenshot" classname="tests.AddFurnitureLeadTest" time="0.0">
    <skipped/>
  </testcase>
  <testcase name="takeScreenshot" classname="tests.AddFurnitureLeadTest" time="0.0">
    <skipped/>
  </testcase>
  <testcase name="takeScreenshot" classname="tests.AddFurnitureLeadTest" time="0.0">
    <skipped/>
  </testcase>
  <testcase name="takeScreenshot" classname="tests.AddFurnitureLeadTest" time="0.0">
    <skipped/>
  </testcase>
  <testcase name="takeScreenshot" classname="tests.AddFurnitureLeadTest" time="0.0">
    <skipped/>
  </testcase>
  <testcase name="takeScreenshot" classname="tests.AddFurnitureLeadTest" time="0.0">
    <skipped/>
  </testcase>
  <testcase name="takeScreenshot" classname="tests.AddFurnitureLeadTest" time="0.0">
    <skipped/>
  </testcase>
  <testcase name="takeScreenshot" classname="tests.AddFurnitureLeadTest" time="0.0">
    <skipped/>
  </testcase>
  <testcase name="takeScreenshot" classname="tests.AddFurnitureLeadTest" time="0.0">
    <skipped/>
  </testcase>
  <testcase name="takeScreenshot" classname="tests.AddFurnitureLeadTest" time="0.0">
    <skipped/>
  </testcase>
  <testcase name="takeScreenshot" classname="tests.AddFurnitureLeadTest" time="0.0">
    <skipped/>
  </testcase>
  <testcase name="takeScreenshot" classname="tests.AddFurnitureLeadTest" time="0.0">
    <skipped/>
  </testcase>
  <testcase name="takeScreenshot" classname="tests.AddFurnitureLeadTest" time="0.0">
    <skipped/>
  </testcase>
  <testcase name="takeScreenshot" classname="tests.AddFurnitureLeadTest" time="0.0">
    <skipped/>
  </testcase>
  <testcase name="takeScreenshot" classname="tests.AddFurnitureLeadTest" time="0.0">
    <skipped/>
  </testcase>
  <testcase name="takeScreenshot" classname="tests.AddFurnitureLeadTest" time="0.0">
    <skipped/>
  </testcase>
  <testcase name="takeScreenshot" classname="tests.AddFurnitureLeadTest" time="0.0">
    <skipped/>
  </testcase>
  <testcase name="takeScreenshot" classname="tests.AddFurnitureLeadTest" time="0.0">
    <skipped/>
  </testcase>
  <testcase name="takeScreenshot" classname="tests.AddFurnitureLeadTest" time="0.0">
    <skipped/>
  </testcase>
  <testcase name="takeScreenshot" classname="tests.AddFurnitureLeadTest" time="0.0">
    <skipped/>
  </testcase>
  <testcase name="takeScreenshot" classname="tests.AddFurnitureLeadTest" time="0.0">
    <skipped/>
  </testcase>
  <testcase name="takeScreenshot" classname="tests.AddFurnitureLeadTest" time="0.0">
    <skipped/>
  </testcase>
  <testcase name="takeScreenshot" classname="tests.AddFurnitureLeadTest" time="0.0">
    <skipped/>
  </testcase>
  <testcase name="takeScreenshot" classname="tests.AddFurnitureLeadTest" time="0.0">
    <skipped/>
  </testcase>
  <testcase name="takeScreenshot" classname="tests.AddFurnitureLeadTest" time="0.0">
    <skipped/>
  </testcase>
  <testcase name="takeScreenshot" classname="tests.AddFurnitureLeadTest" time="0.0">
    <skipped/>
  </testcase>
  <testcase name="takeScreenshot" classname="tests.AddFurnitureLeadTest" time="0.0">
    <skipped/>
  </testcase>
  <testcase name="takeScreenshot" classname="tests.AddFurnitureLeadTest" time="0.0">
    <skipped/>
  </testcase>
  <testcase name="takeScreenshot" classname="tests.AddFurnitureLeadTest" time="0.0">
    <skipped/>
  </testcase>
  <testcase name="takeScreenshot" classname="tests.AddFurnitureLeadTest" time="0.0">
    <skipped/>
  </testcase>
  <testcase name="takeScreenshot" classname="tests.AddFurnitureLeadTest" time="0.0">
    <skipped/>
  </testcase>
  <testcase name="takeScreenshot" classname="tests.AddFurnitureLeadTest" time="0.0">
    <skipped/>
  </testcase>
  <testcase name="takeScreenshot" classname="tests.AddFurnitureLeadTest" time="0.0">
    <skipped/>
  </testcase>
  <testcase name="takeScreenshot" classname="tests.AddFurnitureLeadTest" time="0.0">
    <skipped/>
  </testcase>
  <testcase name="takeScreenshot" classname="tests.AddFurnitureLeadTest" time="0.0">
    <skipped/>
  </testcase>
  <testcase name="takeScreenshot" classname="tests.AddFurnitureLeadTest" time="0.0">
    <skipped/>
  </testcase>
  <testcase name="takeScreenshot" classname="tests.AddFurnitureLeadTest" time="0.0">
    <skipped/>
  </testcase>
  <testcase name="takeScreenshot" classname="tests.AddFurnitureLeadTest" time="0.0">
    <skipped/>
  </testcase>
  <testcase name="takeScreenshot" classname="tests.AddFurnitureLeadTest" time="0.0">
    <skipped/>
  </testcase>
  <testcase name="takeScreenshot" classname="tests.AddFurnitureLeadTest" time="0.0">
    <skipped/>
  </testcase>
  <testcase name="takeScreenshot" classname="tests.AddFurnitureLeadTest" time="0.0">
    <skipped/>
  </testcase>
  <testcase name="takeScreenshot" classname="tests.AddFurnitureLeadTest" time="0.0">
    <skipped/>
  </testcase>
  <testcase name="takeScreenshot" classname="tests.AddFurnitureLeadTest" time="0.0">
    <skipped/>
  </testcase>
  <testcase name="takeScreenshot" classname="tests.AddFurnitureLeadTest" time="0.0">
    <skipped/>
  </testcase>
  <testcase name="takeScreenshot" classname="tests.AddFurnitureLeadTest" time="0.0">
    <skipped/>
  </testcase>
  <testcase name="takeScreenshot" classname="tests.AddFurnitureLeadTest" time="0.0">
    <skipped/>
  </testcase>
  <testcase name="takeScreenshot" classname="tests.AddFurnitureLeadTest" time="0.0">
    <skipped/>
  </testcase>
  <testcase name="takeScreenshot" classname="tests.AddFurnitureLeadTest" time="0.0">
    <skipped/>
  </testcase>
  <testcase name="takeScreenshot" classname="tests.AddFurnitureLeadTest" time="0.0">
    <skipped/>
  </testcase>
  <testcase name="takeScreenshot" classname="tests.AddFurnitureLeadTest" time="0.0">
    <skipped/>
  </testcase>
  <testcase name="takeScreenshot" classname="tests.AddFurnitureLeadTest" time="0.0">
    <skipped/>
  </testcase>
  <testcase name="takeScreenshot" classname="tests.AddFurnitureLeadTest" time="0.0">
    <skipped/>
  </testcase>
  <testcase name="takeScreenshot" classname="tests.AddFurnitureLeadTest" time="0.0">
    <skipped/>
  </testcase>
  <testcase name="takeScreenshot" classname="tests.AddFurnitureLeadTest" time="0.0">
    <skipped/>
  </testcase>
  <testcase name="takeScreenshot" classname="tests.AddFurnitureLeadTest" time="0.0">
    <skipped/>
  </testcase>
  <testcase name="takeScreenshot" classname="tests.AddFurnitureLeadTest" time="0.0">
    <skipped/>
  </testcase>
  <testcase name="takeScreenshot" classname="tests.AddFurnitureLeadTest" time="0.0">
    <skipped/>
  </testcase>
  <testcase name="takeScreenshot" classname="tests.AddFurnitureLeadTest" time="0.0">
    <skipped/>
  </testcase>
  <testcase name="takeScreenshot" classname="tests.AddFurnitureLeadTest" time="0.0">
    <skipped/>
  </testcase>
  <testcase name="takeScreenshot" classname="tests.AddFurnitureLeadTest" time="0.0">
    <skipped/>
  </testcase>
  <testcase name="takeScreenshot" classname="tests.AddFurnitureLeadTest" time="0.0">
    <skipped/>
  </testcase>
  <testcase name="takeScreenshot" classname="tests.AddFurnitureLeadTest" time="0.0">
    <skipped/>
  </testcase>
  <testcase name="takeScreenshot" classname="tests.AddFurnitureLeadTest" time="0.0">
    <skipped/>
  </testcase>
  <testcase name="takeScreenshot" classname="tests.AddFurnitureLeadTest" time="0.0">
    <skipped/>
  </testcase>
  <testcase name="takeScreenshot" classname="tests.AddFurnitureLeadTest" time="0.0">
    <skipped/>
  </testcase>
  <testcase name="takeScreenshot" classname="tests.AddFurnitureLeadTest" time="0.0">
    <skipped/>
  </testcase>
  <testcase name="takeScreenshot" classname="tests.AddFurnitureLeadTest" time="0.0">
    <skipped/>
  </testcase>
  <testcase name="takeScreenshot" classname="tests.AddFurnitureLeadTest" time="0.0">
    <skipped/>
  </testcase>
  <testcase name="takeScreenshot" classname="tests.AddFurnitureLeadTest" time="0.0">
    <skipped/>
  </testcase>
  <testcase name="takeScreenshot" classname="tests.AddFurnitureLeadTest" time="0.0">
    <skipped/>
  </testcase>
  <testcase name="takeScreenshot" classname="tests.AddFurnitureLeadTest" time="0.0">
    <skipped/>
  </testcase>
  <testcase name="takeScreenshot" classname="tests.AddFurnitureLeadTest" time="0.0">
    <skipped/>
  </testcase>
  <testcase name="takeScreenshot" classname="tests.AddFurnitureLeadTest" time="0.0">
    <skipped/>
  </testcase>
  <testcase name="takeScreenshot" classname="tests.AddFurnitureLeadTest" time="0.0">
    <skipped/>
  </testcase>
  <testcase name="takeScreenshot" classname="tests.AddFurnitureLeadTest" time="0.0">
    <skipped/>
  </testcase>
  <testcase name="takeScreenshot" classname="tests.AddFurnitureLeadTest" time="0.0">
    <skipped/>
  </testcase>
  <testcase name="takeScreenshot" classname="tests.AddFurnitureLeadTest" time="0.0">
    <skipped/>
  </testcase>
  <testcase name="takeScreenshot" classname="tests.AddFurnitureLeadTest" time="0.0">
    <skipped/>
  </testcase>
  <testcase name="takeScreenshot" classname="tests.AddFurnitureLeadTest" time="0.0">
    <skipped/>
  </testcase>
  <testcase name="takeScreenshot" classname="tests.AddFurnitureLeadTest" time="0.0">
    <skipped/>
  </testcase>
  <testcase name="takeScreenshot" classname="tests.AddFurnitureLeadTest" time="0.0">
    <skipped/>
  </testcase>
  <testcase name="takeScreenshot" classname="tests.AddFurnitureLeadTest" time="0.0">
    <skipped/>
  </testcase>
  <testcase name="takeScreenshot" classname="tests.AddFurnitureLeadTest" time="0.0">
    <skipped/>
  </testcase>
  <testcase name="takeScreenshot" classname="tests.AddFurnitureLeadTest" time="0.0">
    <skipped/>
  </testcase>
  <testcase name="takeScreenshot" classname="tests.AddFurnitureLeadTest" time="0.0">
    <skipped/>
  </testcase>
  <testcase name="takeScreenshot" classname="tests.AddFurnitureLeadTest" time="0.0">
    <skipped/>
  </testcase>
  <testcase name="takeScreenshot" classname="tests.AddFurnitureLeadTest" time="0.0">
    <skipped/>
  </testcase>
  <testcase name="takeScreenshot" classname="tests.AddFurnitureLeadTest" time="0.0">
    <skipped/>
  </testcase>
  <testcase name="takeScreenshot" classname="tests.AddFurnitureLeadTest" time="0.0">
    <skipped/>
  </testcase>
  <testcase name="takeScreenshot" classname="tests.AddFurnitureLeadTest" time="0.0">
    <skipped/>
  </testcase>
  <testcase name="takeScreenshot" classname="tests.AddFurnitureLeadTest" time="0.0">
    <skipped/>
  </testcase>
  <testcase name="takeScreenshot" classname="tests.AddFurnitureLeadTest" time="0.0">
    <skipped/>
  </testcase>
  <testcase name="takeScreenshot" classname="tests.AddFurnitureLeadTest" time="0.0">
    <skipped/>
  </testcase>
  <testcase name="takeScreenshot" classname="tests.AddFurnitureLeadTest" time="0.0">
    <skipped/>
  </testcase>
  <testcase name="takeScreenshot" classname="tests.AddFurnitureLeadTest" time="0.0">
    <skipped/>
  </testcase>
  <testcase name="takeScreenshot" classname="tests.AddFurnitureLeadTest" time="0.0">
    <skipped/>
  </testcase>
  <testcase name="takeScreenshot" classname="tests.AddFurnitureLeadTest" time="0.0">
    <skipped/>
  </testcase>
  <testcase name="takeScreenshot" classname="tests.AddFurnitureLeadTest" time="0.0">
    <skipped/>
  </testcase>
  <testcase name="takeScreenshot" classname="tests.AddFurnitureLeadTest" time="0.0">
    <skipped/>
  </testcase>
  <testcase name="takeScreenshot" classname="tests.AddFurnitureLeadTest" time="0.0">
    <skipped/>
  </testcase>
  <testcase name="takeScreenshot" classname="tests.AddFurnitureLeadTest" time="0.0">
    <skipped/>
  </testcase>
  <testcase name="takeScreenshot" classname="tests.AddFurnitureLeadTest" time="0.0">
    <skipped/>
  </testcase>
  <testcase name="takeScreenshot" classname="tests.AddFurnitureLeadTest" time="0.0">
    <skipped/>
  </testcase>
  <testcase name="takeScreenshot" classname="tests.AddFurnitureLeadTest" time="0.0">
    <skipped/>
  </testcase>
  <testcase name="takeScreenshot" classname="tests.AddFurnitureLeadTest" time="0.0">
    <skipped/>
  </testcase>
  <testcase name="takeScreenshot" classname="tests.AddFurnitureLeadTest" time="0.0">
    <skipped/>
  </testcase>
  <testcase name="takeScreenshot" classname="tests.AddFurnitureLeadTest" time="0.0">
    <skipped/>
  </testcase>
  <testcase name="takeScreenshot" classname="tests.AddFurnitureLeadTest" time="0.0">
    <skipped/>
  </testcase>
  <testcase name="takeScreenshot" classname="tests.AddFurnitureLeadTest" time="0.0">
    <skipped/>
  </testcase>
  <testcase name="takeScreenshot" classname="tests.AddFurnitureLeadTest" time="0.0">
    <skipped/>
  </testcase>
  <testcase name="takeScreenshot" classname="tests.AddFurnitureLeadTest" time="0.0">
    <skipped/>
  </testcase>
  <testcase name="takeScreenshot" classname="tests.AddFurnitureLeadTest" time="0.0">
    <skipped/>
  </testcase>
  <testcase name="takeScreenshot" classname="tests.AddFurnitureLeadTest" time="0.0">
    <skipped/>
  </testcase>
  <testcase name="takeScreenshot" classname="tests.AddFurnitureLeadTest" time="0.0">
    <skipped/>
  </testcase>
  <testcase name="takeScreenshot" classname="tests.AddFurnitureLeadTest" time="0.0">
    <skipped/>
  </testcase>
  <testcase name="takeScreenshot" classname="tests.AddFurnitureLeadTest" time="0.0">
    <skipped/>
  </testcase>
  <testcase name="takeScreenshot" classname="tests.AddFurnitureLeadTest" time="0.0">
    <skipped/>
  </testcase>
  <testcase name="takeScreenshot" classname="tests.AddFurnitureLeadTest" time="0.0">
    <skipped/>
  </testcase>
  <testcase name="takeScreenshot" classname="tests.AddFurnitureLeadTest" time="0.0">
    <skipped/>
  </testcase>
  <testcase name="takeScreenshot" classname="tests.AddFurnitureLeadTest" time="0.0">
    <skipped/>
  </testcase>
  <testcase name="takeScreenshot" classname="tests.AddFurnitureLeadTest" time="0.0">
    <skipped/>
  </testcase>
  <testcase name="takeScreenshot" classname="tests.AddFurnitureLeadTest" time="0.0">
    <skipped/>
  </testcase>
  <testcase name="takeScreenshot" classname="tests.AddFurnitureLeadTest" time="0.0">
    <skipped/>
  </testcase>
  <testcase name="takeScreenshot" classname="tests.AddFurnitureLeadTest" time="0.0">
    <skipped/>
  </testcase>
  <testcase name="takeScreenshot" classname="tests.AddFurnitureLeadTest" time="0.0">
    <skipped/>
  </testcase>
  <testcase name="takeScreenshot" classname="tests.AddFurnitureLeadTest" time="0.0">
    <skipped/>
  </testcase>
  <testcase name="takeScreenshot" classname="tests.AddFurnitureLeadTest" time="0.0">
    <skipped/>
  </testcase>
  <testcase name="takeScreenshot" classname="tests.AddFurnitureLeadTest" time="0.0">
    <skipped/>
  </testcase>
  <testcase name="takeScreenshot" classname="tests.AddFurnitureLeadTest" time="0.0">
    <skipped/>
  </testcase>
  <testcase name="takeScreenshot" classname="tests.AddFurnitureLeadTest" time="0.0">
    <skipped/>
  </testcase>
  <testcase name="takeScreenshot" classname="tests.AddFurnitureLeadTest" time="0.0">
    <skipped/>
  </testcase>
  <testcase name="takeScreenshot" classname="tests.AddFurnitureLeadTest" time="0.0">
    <skipped/>
  </testcase>
  <testcase name="takeScreenshot" classname="tests.AddFurnitureLeadTest" time="0.0">
    <skipped/>
  </testcase>
  <testcase name="takeScreenshot" classname="tests.AddFurnitureLeadTest" time="0.0">
    <skipped/>
  </testcase>
  <testcase name="takeScreenshot" classname="tests.AddFurnitureLeadTest" time="0.0">
    <skipped/>
  </testcase>
  <testcase name="takeScreenshot" classname="tests.AddFurnitureLeadTest" time="0.0">
    <skipped/>
  </testcase>
  <testcase name="takeScreenshot" classname="tests.AddFurnitureLeadTest" time="0.0">
    <skipped/>
  </testcase>
  <testcase name="takeScreenshot" classname="tests.AddFurnitureLeadTest" time="0.0">
    <skipped/>
  </testcase>
  <testcase name="takeScreenshot" classname="tests.AddFurnitureLeadTest" time="0.0">
    <skipped/>
  </testcase>
  <testcase name="takeScreenshot" classname="tests.AddFurnitureLeadTest" time="0.0">
    <skipped/>
  </testcase>
  <testcase name="takeScreenshot" classname="tests.AddFurnitureLeadTest" time="0.0">
    <skipped/>
  </testcase>
  <testcase name="takeScreenshot" classname="tests.AddFurnitureLeadTest" time="0.0">
    <skipped/>
  </testcase>
  <testcase name="takeScreenshot" classname="tests.AddFurnitureLeadTest" time="0.0">
    <skipped/>
  </testcase>
  <testcase name="takeScreenshot" classname="tests.AddFurnitureLeadTest" time="0.0">
    <skipped/>
  </testcase>
  <testcase name="takeScreenshot" classname="tests.AddFurnitureLeadTest" time="0.0">
    <skipped/>
  </testcase>
  <testcase name="takeScreenshot" classname="tests.AddFurnitureLeadTest" time="0.0">
    <skipped/>
  </testcase>
  <testcase name="takeScreenshot" classname="tests.AddFurnitureLeadTest" time="0.0">
    <skipped/>
  </testcase>
  <testcase name="takeScreenshot" classname="tests.AddFurnitureLeadTest" time="0.0">
    <skipped/>
  </testcase>
  <testcase name="takeScreenshot" classname="tests.AddFurnitureLeadTest" time="0.0">
    <skipped/>
  </testcase>
  <testcase name="takeScreenshot" classname="tests.AddFurnitureLeadTest" time="0.0">
    <skipped/>
  </testcase>
  <testcase name="takeScreenshot" classname="tests.AddFurnitureLeadTest" time="0.0">
    <skipped/>
  </testcase>
  <testcase name="takeScreenshot" classname="tests.AddFurnitureLeadTest" time="0.0">
    <skipped/>
  </testcase>
  <testcase name="takeScreenshot" classname="tests.AddFurnitureLeadTest" time="0.0">
    <skipped/>
  </testcase>
  <testcase name="takeScreenshot" classname="tests.AddFurnitureLeadTest" time="0.0">
    <skipped/>
  </testcase>
  <testcase name="takeScreenshot" classname="tests.AddFurnitureLeadTest" time="0.0">
    <skipped/>
  </testcase>
  <testcase name="takeScreenshot" classname="tests.AddFurnitureLeadTest" time="0.0">
    <skipped/>
  </testcase>
  <testcase name="takeScreenshot" classname="tests.AddFurnitureLeadTest" time="0.0">
    <skipped/>
  </testcase>
  <testcase name="takeScreenshot" classname="tests.AddFurnitureLeadTest" time="0.0">
    <skipped/>
  </testcase>
  <testcase name="takeScreenshot" classname="tests.AddFurnitureLeadTest" time="0.0">
    <skipped/>
  </testcase>
  <testcase name="takeScreenshot" classname="tests.AddFurnitureLeadTest" time="0.0">
    <skipped/>
  </testcase>
  <testcase name="takeScreenshot" classname="tests.AddFurnitureLeadTest" time="0.0">
    <skipped/>
  </testcase>
  <testcase name="takeScreenshot" classname="tests.AddFurnitureLeadTest" time="0.0">
    <skipped/>
  </testcase>
  <testcase name="takeScreenshot" classname="tests.AddFurnitureLeadTest" time="0.0">
    <skipped/>
  </testcase>
  <testcase name="takeScreenshot" classname="tests.AddFurnitureLeadTest" time="0.0">
    <skipped/>
  </testcase>
  <testcase name="takeScreenshot" classname="tests.AddFurnitureLeadTest" time="0.0">
    <skipped/>
  </testcase>
  <testcase name="takeScreenshot" classname="tests.AddFurnitureLeadTest" time="0.0">
    <skipped/>
  </testcase>
  <testcase name="takeScreenshot" classname="tests.AddFurnitureLeadTest" time="0.0">
    <skipped/>
  </testcase>
  <testcase name="takeScreenshot" classname="tests.AddFurnitureLeadTest" time="0.0">
    <skipped/>
  </testcase>
  <testcase name="takeScreenshot" classname="tests.AddFurnitureLeadTest" time="0.0">
    <skipped/>
  </testcase>
  <testcase name="takeScreenshot" classname="tests.AddFurnitureLeadTest" time="0.0">
    <skipped/>
  </testcase>
  <testcase name="takeScreenshot" classname="tests.AddFurnitureLeadTest" time="0.0">
    <skipped/>
  </testcase>
  <testcase name="takeScreenshot" classname="tests.AddFurnitureLeadTest" time="0.0">
    <skipped/>
  </testcase>
  <testcase name="takeScreenshot" classname="tests.AddFurnitureLeadTest" time="0.0">
    <skipped/>
  </testcase>
  <testcase name="takeScreenshot" classname="tests.AddFurnitureLeadTest" time="0.0">
    <skipped/>
  </testcase>
  <testcase name="takeScreenshot" classname="tests.AddFurnitureLeadTest" time="0.0">
    <skipped/>
  </testcase>
  <testcase name="takeScreenshot" classname="tests.AddFurnitureLeadTest" time="0.0">
    <skipped/>
  </testcase>
  <testcase name="takeScreenshot" classname="tests.AddFurnitureLeadTest" time="0.0">
    <skipped/>
  </testcase>
  <testcase name="takeScreenshot" classname="tests.AddFurnitureLeadTest" time="0.0">
    <skipped/>
  </testcase>
  <testcase name="takeScreenshot" classname="tests.AddFurnitureLeadTest" time="0.0">
    <skipped/>
  </testcase>
  <testcase name="takeScreenshot" classname="tests.AddFurnitureLeadTest" time="0.0">
    <skipped/>
  </testcase>
  <testcase name="takeScreenshot" classname="tests.AddFurnitureLeadTest" time="0.0">
    <skipped/>
  </testcase>
  <testcase name="takeScreenshot" classname="tests.AddFurnitureLeadTest" time="0.0">
    <skipped/>
  </testcase>
  <testcase name="takeScreenshot" classname="tests.AddFurnitureLeadTest" time="0.0">
    <skipped/>
  </testcase>
  <testcase name="takeScreenshot" classname="tests.AddFurnitureLeadTest" time="0.0">
    <skipped/>
  </testcase>
  <testcase name="takeScreenshot" classname="tests.AddFurnitureLeadTest" time="0.0">
    <skipped/>
  </testcase>
  <testcase name="takeScreenshot" classname="tests.AddFurnitureLeadTest" time="0.0">
    <skipped/>
  </testcase>
  <testcase name="takeScreenshot" classname="tests.AddFurnitureLeadTest" time="0.0">
    <skipped/>
  </testcase>
  <testcase name="takeScreenshot" classname="tests.AddFurnitureLeadTest" time="0.0">
    <skipped/>
  </testcase>
  <testcase name="takeScreenshot" classname="tests.AddFurnitureLeadTest" time="0.0">
    <skipped/>
  </testcase>
  <testcase name="takeScreenshot" classname="tests.AddFurnitureLeadTest" time="0.0">
    <skipped/>
  </testcase>
  <testcase name="takeScreenshot" classname="tests.AddFurnitureLeadTest" time="0.0">
    <skipped/>
  </testcase>
  <testcase name="takeScreenshot" classname="tests.AddFurnitureLeadTest" time="0.0">
    <skipped/>
  </testcase>
  <testcase name="takeScreenshot" classname="tests.AddFurnitureLeadTest" time="0.0">
    <skipped/>
  </testcase>
  <testcase name="takeScreenshot" classname="tests.AddFurnitureLeadTest" time="0.0">
    <skipped/>
  </testcase>
  <testcase name="takeScreenshot" classname="tests.AddFurnitureLeadTest" time="0.0">
    <skipped/>
  </testcase>
  <testcase name="takeScreenshot" classname="tests.AddFurnitureLeadTest" time="0.0">
    <skipped/>
  </testcase>
  <testcase name="takeScreenshot" classname="tests.AddFurnitureLeadTest" time="0.0">
    <skipped/>
  </testcase>
  <testcase name="takeScreenshot" classname="tests.AddFurnitureLeadTest" time="0.0">
    <skipped/>
  </testcase>
  <testcase name="takeScreenshot" classname="tests.AddFurnitureLeadTest" time="0.0">
    <skipped/>
  </testcase>
  <testcase name="takeScreenshot" classname="tests.AddFurnitureLeadTest" time="0.0">
    <skipped/>
  </testcase>
  <testcase name="takeScreenshot" classname="tests.AddFurnitureLeadTest" time="0.0">
    <skipped/>
  </testcase>
  <testcase name="takeScreenshot" classname="tests.AddFurnitureLeadTest" time="0.0">
    <skipped/>
  </testcase>
  <testcase name="takeScreenshot" classname="tests.AddFurnitureLeadTest" time="0.0">
    <skipped/>
  </testcase>
  <testcase name="takeScreenshot" classname="tests.AddFurnitureLeadTest" time="0.0">
    <skipped/>
  </testcase>
  <testcase name="takeScreenshot" classname="tests.AddFurnitureLeadTest" time="0.0">
    <skipped/>
  </testcase>
  <testcase name="takeScreenshot" classname="tests.AddFurnitureLeadTest" time="0.0">
    <skipped/>
  </testcase>
  <testcase name="takeScreenshot" classname="tests.AddFurnitureLeadTest" time="0.0">
    <skipped/>
  </testcase>
  <testcase name="takeScreenshot" classname="tests.AddFurnitureLeadTest" time="0.0">
    <skipped/>
  </testcase>
  <testcase name="takeScreenshot" classname="tests.AddFurnitureLeadTest" time="0.0">
    <skipped/>
  </testcase>
  <testcase name="takeScreenshot" classname="tests.AddFurnitureLeadTest" time="0.0">
    <skipped/>
  </testcase>
  <testcase name="takeScreenshot" classname="tests.AddFurnitureLeadTest" time="0.0">
    <skipped/>
  </testcase>
  <testcase name="takeScreenshot" classname="tests.AddFurnitureLeadTest" time="0.0">
    <skipped/>
  </testcase>
  <testcase name="takeScreenshot" classname="tests.AddFurnitureLeadTest" time="0.0">
    <skipped/>
  </testcase>
  <testcase name="takeScreenshot" classname="tests.AddFurnitureLeadTest" time="0.0">
    <skipped/>
  </testcase>
  <testcase name="takeScreenshot" classname="tests.AddFurnitureLeadTest" time="0.0">
    <skipped/>
  </testcase>
  <testcase name="takeScreenshot" classname="tests.AddFurnitureLeadTest" time="0.0">
    <skipped/>
  </testcase>
  <testcase name="takeScreenshot" classname="tests.AddFurnitureLeadTest" time="0.0">
    <skipped/>
  </testcase>
  <testcase name="takeScreenshot" classname="tests.AddFurnitureLeadTest" time="0.0">
    <skipped/>
  </testcase>
  <testcase name="takeScreenshot" classname="tests.AddFurnitureLeadTest" time="0.0">
    <skipped/>
  </testcase>
  <testcase name="takeScreenshot" classname="tests.AddFurnitureLeadTest" time="0.0">
    <skipped/>
  </testcase>
  <testcase name="takeScreenshot" classname="tests.AddFurnitureLeadTest" time="0.0">
    <skipped/>
  </testcase>
  <testcase name="takeScreenshot" classname="tests.AddFurnitureLeadTest" time="0.0">
    <skipped/>
  </testcase>
  <testcase name="takeScreenshot" classname="tests.AddFurnitureLeadTest" time="0.0">
    <skipped/>
  </testcase>
  <testcase name="takeScreenshot" classname="tests.AddFurnitureLeadTest" time="0.0">
    <skipped/>
  </testcase>
  <testcase name="takeScreenshot" classname="tests.AddFurnitureLeadTest" time="0.0">
    <skipped/>
  </testcase>
  <testcase name="takeScreenshot" classname="tests.AddFurnitureLeadTest" time="0.0">
    <skipped/>
  </testcase>
  <testcase name="takeScreenshot" classname="tests.AddFurnitureLeadTest" time="0.0">
    <skipped/>
  </testcase>
  <testcase name="takeScreenshot" classname="tests.AddFurnitureLeadTest" time="0.0">
    <skipped/>
  </testcase>
  <testcase name="takeScreenshot" classname="tests.AddFurnitureLeadTest" time="0.0">
    <skipped/>
  </testcase>
  <testcase name="takeScreenshot" classname="tests.AddFurnitureLeadTest" time="0.0">
    <skipped/>
  </testcase>
  <testcase name="takeScreenshot" classname="tests.AddFurnitureLeadTest" time="0.0">
    <skipped/>
  </testcase>
  <testcase name="takeScreenshot" classname="tests.AddFurnitureLeadTest" time="0.0">
    <skipped/>
  </testcase>
  <testcase name="takeScreenshot" classname="tests.AddFurnitureLeadTest" time="0.0">
    <skipped/>
  </testcase>
  <testcase name="takeScreenshot" classname="tests.AddFurnitureLeadTest" time="0.0">
    <skipped/>
  </testcase>
  <testcase name="takeScreenshot" classname="tests.AddFurnitureLeadTest" time="0.0">
    <skipped/>
  </testcase>
  <testcase name="takeScreenshot" classname="tests.AddFurnitureLeadTest" time="0.0">
    <skipped/>
  </testcase>
  <testcase name="takeScreenshot" classname="tests.AddFurnitureLeadTest" time="0.0">
    <skipped/>
  </testcase>
  <testcase name="takeScreenshot" classname="tests.AddFurnitureLeadTest" time="0.0">
    <skipped/>
  </testcase>
  <testcase name="takeScreenshot" classname="tests.AddFurnitureLeadTest" time="0.0">
    <skipped/>
  </testcase>
  <testcase name="takeScreenshot" classname="tests.AddFurnitureLeadTest" time="0.0">
    <skipped/>
  </testcase>
  <testcase name="takeScreenshot" classname="tests.AddFurnitureLeadTest" time="0.0">
    <skipped/>
  </testcase>
  <testcase name="takeScreenshot" classname="tests.AddFurnitureLeadTest" time="0.0">
    <skipped/>
  </testcase>
  <testcase name="takeScreenshot" classname="tests.AddFurnitureLeadTest" time="0.0">
    <skipped/>
  </testcase>
  <testcase name="takeScreenshot" classname="tests.AddFurnitureLeadTest" time="0.0">
    <skipped/>
  </testcase>
  <testcase name="takeScreenshot" classname="tests.AddFurnitureLeadTest" time="0.0">
    <skipped/>
  </testcase>
  <testcase name="takeScreenshot" classname="tests.AddFurnitureLeadTest" time="0.0">
    <skipped/>
  </testcase>
  <testcase name="takeScreenshot" classname="tests.AddFurnitureLeadTest" time="0.0">
    <skipped/>
  </testcase>
  <testcase name="takeScreenshot" classname="tests.AddFurnitureLeadTest" time="0.0">
    <skipped/>
  </testcase>
  <testcase name="takeScreenshot" classname="tests.AddFurnitureLeadTest" time="0.0">
    <skipped/>
  </testcase>
  <testcase name="takeScreenshot" classname="tests.AddFurnitureLeadTest" time="0.0">
    <skipped/>
  </testcase>
  <testcase name="takeScreenshot" classname="tests.AddFurnitureLeadTest" time="0.0">
    <skipped/>
  </testcase>
  <testcase name="takeScreenshot" classname="tests.AddFurnitureLeadTest" time="0.0">
    <skipped/>
  </testcase>
  <testcase name="takeScreenshot" classname="tests.AddFurnitureLeadTest" time="0.0">
    <skipped/>
  </testcase>
  <testcase name="takeScreenshot" classname="tests.AddFurnitureLeadTest" time="0.0">
    <skipped/>
  </testcase>
  <testcase name="takeScreenshot" classname="tests.AddFurnitureLeadTest" time="0.0">
    <skipped/>
  </testcase>
  <testcase name="takeScreenshot" classname="tests.AddFurnitureLeadTest" time="0.0">
    <skipped/>
  </testcase>
  <testcase name="takeScreenshot" classname="tests.AddFurnitureLeadTest" time="0.0">
    <skipped/>
  </testcase>
  <testcase name="takeScreenshot" classname="tests.AddFurnitureLeadTest" time="0.0">
    <skipped/>
  </testcase>
  <testcase name="takeScreenshot" classname="tests.AddFurnitureLeadTest" time="0.0">
    <skipped/>
  </testcase>
  <testcase name="takeScreenshot" classname="tests.AddFurnitureLeadTest" time="0.0">
    <skipped/>
  </testcase>
  <testcase name="takeScreenshot" classname="tests.AddFurnitureLeadTest" time="0.0">
    <skipped/>
  </testcase>
  <testcase name="takeScreenshot" classname="tests.AddFurnitureLeadTest" time="0.0">
    <skipped/>
  </testcase>
  <testcase name="takeScreenshot" classname="tests.AddFurnitureLeadTest" time="0.0">
    <skipped/>
  </testcase>
  <testcase name="takeScreenshot" classname="tests.AddFurnitureLeadTest" time="0.0">
    <skipped/>
  </testcase>
  <testcase name="takeScreenshot" classname="tests.AddFurnitureLeadTest" time="0.0">
    <skipped/>
  </testcase>
  <testcase name="takeScreenshot" classname="tests.AddFurnitureLeadTest" time="0.0">
    <skipped/>
  </testcase>
  <testcase name="takeScreenshot" classname="tests.AddFurnitureLeadTest" time="0.0">
    <skipped/>
  </testcase>
  <testcase name="takeScreenshot" classname="tests.AddFurnitureLeadTest" time="0.0">
    <skipped/>
  </testcase>
  <testcase name="takeScreenshot" classname="tests.AddFurnitureLeadTest" time="0.0">
    <skipped/>
  </testcase>
  <testcase name="takeScreenshot" classname="tests.AddFurnitureLeadTest" time="0.0">
    <skipped/>
  </testcase>
  <testcase name="takeScreenshot" classname="tests.AddFurnitureLeadTest" time="0.0">
    <skipped/>
  </testcase>
  <testcase name="takeScreenshot" classname="tests.AddFurnitureLeadTest" time="0.0">
    <skipped/>
  </testcase>
  <testcase name="takeScreenshot" classname="tests.AddFurnitureLeadTest" time="0.0">
    <skipped/>
  </testcase>
  <testcase name="takeScreenshot" classname="tests.AddFurnitureLeadTest" time="0.0">
    <skipped/>
  </testcase>
  <testcase name="takeScreenshot" classname="tests.AddFurnitureLeadTest" time="0.0">
    <skipped/>
  </testcase>
  <testcase name="takeScreenshot" classname="tests.AddFurnitureLeadTest" time="0.0">
    <skipped/>
  </testcase>
  <testcase name="takeScreenshot" classname="tests.AddFurnitureLeadTest" time="0.0">
    <skipped/>
  </testcase>
  <testcase name="takeScreenshot" classname="tests.AddFurnitureLeadTest" time="0.0">
    <skipped/>
  </testcase>
  <testcase name="takeScreenshot" classname="tests.AddFurnitureLeadTest" time="0.0">
    <skipped/>
  </testcase>
  <testcase name="takeScreenshot" classname="tests.AddFurnitureLeadTest" time="0.0">
    <skipped/>
  </testcase>
  <testcase name="takeScreenshot" classname="tests.AddFurnitureLeadTest" time="0.0">
    <skipped/>
  </testcase>
  <testcase name="takeScreenshot" classname="tests.AddFurnitureLeadTest" time="0.0">
    <skipped/>
  </testcase>
  <testcase name="takeScreenshot" classname="tests.AddFurnitureLeadTest" time="0.0">
    <skipped/>
  </testcase>
  <testcase name="takeScreenshot" classname="tests.AddFurnitureLeadTest" time="0.0">
    <skipped/>
  </testcase>
  <testcase name="takeScreenshot" classname="tests.AddFurnitureLeadTest" time="0.0">
    <skipped/>
  </testcase>
  <testcase name="takeScreenshot" classname="tests.AddFurnitureLeadTest" time="0.0">
    <skipped/>
  </testcase>
  <testcase name="takeScreenshot" classname="tests.AddFurnitureLeadTest" time="0.0">
    <skipped/>
  </testcase>
  <testcase name="takeScreenshot" classname="tests.AddFurnitureLeadTest" time="0.0">
    <skipped/>
  </testcase>
  <testcase name="takeScreenshot" classname="tests.AddFurnitureLeadTest" time="0.0">
    <skipped/>
  </testcase>
  <testcase name="takeScreenshot" classname="tests.AddFurnitureLeadTest" time="0.0">
    <skipped/>
  </testcase>
  <testcase name="takeScreenshot" classname="tests.AddFurnitureLeadTest" time="0.0">
    <skipped/>
  </testcase>
  <testcase name="takeScreenshot" classname="tests.AddFurnitureLeadTest" time="0.0">
    <skipped/>
  </testcase>
  <testcase name="takeScreenshot" classname="tests.AddFurnitureLeadTest" time="0.0">
    <skipped/>
  </testcase>
  <testcase name="takeScreenshot" classname="tests.AddFurnitureLeadTest" time="0.0">
    <skipped/>
  </testcase>
  <testcase name="takeScreenshot" classname="tests.AddFurnitureLeadTest" time="0.0">
    <skipped/>
  </testcase>
  <testcase name="takeScreenshot" classname="tests.AddFurnitureLeadTest" time="0.0">
    <skipped/>
  </testcase>
  <testcase name="takeScreenshot" classname="tests.AddFurnitureLeadTest" time="0.0">
    <skipped/>
  </testcase>
  <testcase name="takeScreenshot" classname="tests.AddFurnitureLeadTest" time="0.0">
    <skipped/>
  </testcase>
  <testcase name="takeScreenshot" classname="tests.AddFurnitureLeadTest" time="0.0">
    <skipped/>
  </testcase>
  <testcase name="takeScreenshot" classname="tests.AddFurnitureLeadTest" time="0.0">
    <skipped/>
  </testcase>
  <testcase name="takeScreenshot" classname="tests.AddFurnitureLeadTest" time="0.0">
    <skipped/>
  </testcase>
  <testcase name="takeScreenshot" classname="tests.AddFurnitureLeadTest" time="0.0">
    <skipped/>
  </testcase>
  <testcase name="takeScreenshot" classname="tests.AddFurnitureLeadTest" time="0.0">
    <skipped/>
  </testcase>
  <testcase name="takeScreenshot" classname="tests.AddFurnitureLeadTest" time="0.0">
    <skipped/>
  </testcase>
  <testcase name="takeScreenshot" classname="tests.AddFurnitureLeadTest" time="0.0">
    <skipped/>
  </testcase>
  <testcase name="takeScreenshot" classname="tests.AddFurnitureLeadTest" time="0.0">
    <skipped/>
  </testcase>
  <testcase name="takeScreenshot" classname="tests.AddFurnitureLeadTest" time="0.0">
    <skipped/>
  </testcase>
  <testcase name="takeScreenshot" classname="tests.AddFurnitureLeadTest" time="0.0">
    <skipped/>
  </testcase>
  <testcase name="takeScreenshot" classname="tests.AddFurnitureLeadTest" time="0.0">
    <skipped/>
  </testcase>
  <testcase name="takeScreenshot" classname="tests.AddFurnitureLeadTest" time="0.0">
    <skipped/>
  </testcase>
  <testcase name="takeScreenshot" classname="tests.AddFurnitureLeadTest" time="0.0">
    <skipped/>
  </testcase>
  <testcase name="takeScreenshot" classname="tests.AddFurnitureLeadTest" time="0.0">
    <skipped/>
  </testcase>
  <testcase name="takeScreenshot" classname="tests.AddFurnitureLeadTest" time="0.0">
    <skipped/>
  </testcase>
  <testcase name="takeScreenshot" classname="tests.AddFurnitureLeadTest" time="0.0">
    <skipped/>
  </testcase>
  <testcase name="takeScreenshot" classname="tests.AddFurnitureLeadTest" time="0.0">
    <skipped/>
  </testcase>
  <testcase name="takeScreenshot" classname="tests.AddFurnitureLeadTest" time="0.0">
    <skipped/>
  </testcase>
  <testcase name="takeScreenshot" classname="tests.AddFurnitureLeadTest" time="0.0">
    <skipped/>
  </testcase>
  <testcase name="takeScreenshot" classname="tests.AddFurnitureLeadTest" time="0.0">
    <skipped/>
  </testcase>
  <testcase name="takeScreenshot" classname="tests.AddFurnitureLeadTest" time="0.0">
    <skipped/>
  </testcase>
  <testcase name="takeScreenshot" classname="tests.AddFurnitureLeadTest" time="0.0">
    <skipped/>
  </testcase>
  <testcase name="takeScreenshot" classname="tests.AddFurnitureLeadTest" time="0.0">
    <skipped/>
  </testcase>
  <testcase name="takeScreenshot" classname="tests.AddFurnitureLeadTest" time="0.0">
    <skipped/>
  </testcase>
  <testcase name="takeScreenshot" classname="tests.AddFurnitureLeadTest" time="0.0">
    <skipped/>
  </testcase>
  <testcase name="takeScreenshot" classname="tests.AddFurnitureLeadTest" time="0.0">
    <skipped/>
  </testcase>
  <testcase name="takeScreenshot" classname="tests.AddFurnitureLeadTest" time="0.0">
    <skipped/>
  </testcase>
  <testcase name="takeScreenshot" classname="tests.AddFurnitureLeadTest" time="0.0">
    <skipped/>
  </testcase>
  <testcase name="takeScreenshot" classname="tests.AddFurnitureLeadTest" time="0.0">
    <skipped/>
  </testcase>
  <testcase name="takeScreenshot" classname="tests.AddFurnitureLeadTest" time="0.0">
    <skipped/>
  </testcase>
  <testcase name="takeScreenshot" classname="tests.AddFurnitureLeadTest" time="0.0">
    <skipped/>
  </testcase>
  <testcase name="takeScreenshot" classname="tests.AddFurnitureLeadTest" time="0.0">
    <skipped/>
  </testcase>
  <testcase name="takeScreenshot" classname="tests.AddFurnitureLeadTest" time="0.0">
    <skipped/>
  </testcase>
  <testcase name="takeScreenshot" classname="tests.AddFurnitureLeadTest" time="0.0">
    <skipped/>
  </testcase>
  <testcase name="takeScreenshot" classname="tests.AddFurnitureLeadTest" time="0.0">
    <skipped/>
  </testcase>
  <testcase name="takeScreenshot" classname="tests.AddFurnitureLeadTest" time="0.0">
    <skipped/>
  </testcase>
  <testcase name="takeScreenshot" classname="tests.AddFurnitureLeadTest" time="0.0">
    <skipped/>
  </testcase>
  <testcase name="takeScreenshot" classname="tests.AddFurnitureLeadTest" time="0.0">
    <skipped/>
  </testcase>
  <testcase name="takeScreenshot" classname="tests.AddFurnitureLeadTest" time="0.0">
    <skipped/>
  </testcase>
  <testcase name="takeScreenshot" classname="tests.AddFurnitureLeadTest" time="0.0">
    <skipped/>
  </testcase>
  <testcase name="takeScreenshot" classname="tests.AddFurnitureLeadTest" time="0.0">
    <skipped/>
  </testcase>
  <testcase name="takeScreenshot" classname="tests.AddFurnitureLeadTest" time="0.0">
    <skipped/>
  </testcase>
  <testcase name="takeScreenshot" classname="tests.AddFurnitureLeadTest" time="0.0">
    <skipped/>
  </testcase>
  <testcase name="takeScreenshot" classname="tests.AddFurnitureLeadTest" time="0.0">
    <skipped/>
  </testcase>
  <testcase name="takeScreenshot" classname="tests.AddFurnitureLeadTest" time="0.0">
    <skipped/>
  </testcase>
  <testcase name="takeScreenshot" classname="tests.AddFurnitureLeadTest" time="0.0">
    <skipped/>
  </testcase>
  <testcase name="takeScreenshot" classname="tests.AddFurnitureLeadTest" time="0.0">
    <skipped/>
  </testcase>
  <testcase name="takeScreenshot" classname="tests.AddFurnitureLeadTest" time="0.0">
    <skipped/>
  </testcase>
  <testcase name="takeScreenshot" classname="tests.AddFurnitureLeadTest" time="0.0">
    <skipped/>
  </testcase>
  <testcase name="takeScreenshot" classname="tests.AddFurnitureLeadTest" time="0.0">
    <skipped/>
  </testcase>
  <testcase name="takeScreenshot" classname="tests.AddFurnitureLeadTest" time="0.0">
    <skipped/>
  </testcase>
  <testcase name="takeScreenshot" classname="tests.AddFurnitureLeadTest" time="0.0">
    <skipped/>
  </testcase>
  <testcase name="takeScreenshot" classname="tests.AddFurnitureLeadTest" time="0.0">
    <skipped/>
  </testcase>
  <testcase name="takeScreenshot" classname="tests.AddFurnitureLeadTest" time="0.0">
    <skipped/>
  </testcase>
  <testcase name="takeScreenshot" classname="tests.AddFurnitureLeadTest" time="0.0">
    <skipped/>
  </testcase>
  <testcase name="takeScreenshot" classname="tests.AddFurnitureLeadTest" time="0.0">
    <skipped/>
  </testcase>
  <testcase name="takeScreenshot" classname="tests.AddFurnitureLeadTest" time="0.0">
    <skipped/>
  </testcase>
  <testcase name="takeScreenshot" classname="tests.AddFurnitureLeadTest" time="0.0">
    <skipped/>
  </testcase>
  <testcase name="takeScreenshot" classname="tests.AddFurnitureLeadTest" time="0.0">
    <skipped/>
  </testcase>
  <testcase name="takeScreenshot" classname="tests.AddFurnitureLeadTest" time="0.0">
    <skipped/>
  </testcase>
  <testcase name="takeScreenshot" classname="tests.AddFurnitureLeadTest" time="0.0">
    <skipped/>
  </testcase>
  <testcase name="takeScreenshot" classname="tests.AddFurnitureLeadTest" time="0.0">
    <skipped/>
  </testcase>
  <testcase name="takeScreenshot" classname="tests.AddFurnitureLeadTest" time="0.0">
    <skipped/>
  </testcase>
  <testcase name="takeScreenshot" classname="tests.AddFurnitureLeadTest" time="0.0">
    <skipped/>
  </testcase>
  <testcase name="takeScreenshot" classname="tests.AddFurnitureLeadTest" time="0.0">
    <skipped/>
  </testcase>
  <testcase name="takeScreenshot" classname="tests.AddFurnitureLeadTest" time="0.0">
    <skipped/>
  </testcase>
  <testcase name="takeScreenshot" classname="tests.AddFurnitureLeadTest" time="0.0">
    <skipped/>
  </testcase>
  <testcase name="takeScreenshot" classname="tests.AddFurnitureLeadTest" time="0.0">
    <skipped/>
  </testcase>
  <testcase name="takeScreenshot" classname="tests.AddFurnitureLeadTest" time="0.0">
    <skipped/>
  </testcase>
  <testcase name="takeScreenshot" classname="tests.AddFurnitureLeadTest" time="0.0">
    <skipped/>
  </testcase>
  <testcase name="takeScreenshot" classname="tests.AddFurnitureLeadTest" time="0.0">
    <skipped/>
  </testcase>
  <testcase name="takeScreenshot" classname="tests.AddFurnitureLeadTest" time="0.0">
    <skipped/>
  </testcase>
  <testcase name="takeScreenshot" classname="tests.AddFurnitureLeadTest" time="0.0">
    <skipped/>
  </testcase>
  <testcase name="takeScreenshot" classname="tests.AddFurnitureLeadTest" time="0.0">
    <skipped/>
  </testcase>
  <testcase name="takeScreenshot" classname="tests.AddFurnitureLeadTest" time="0.0">
    <skipped/>
  </testcase>
  <testcase name="takeScreenshot" classname="tests.AddFurnitureLeadTest" time="0.0">
    <skipped/>
  </testcase>
  <testcase name="takeScreenshot" classname="tests.AddFurnitureLeadTest" time="0.0">
    <skipped/>
  </testcase>
  <testcase name="takeScreenshot" classname="tests.AddFurnitureLeadTest" time="0.0">
    <skipped/>
  </testcase>
  <testcase name="takeScreenshot" classname="tests.AddFurnitureLeadTest" time="0.0">
    <skipped/>
  </testcase>
  <testcase name="takeScreenshot" classname="tests.AddFurnitureLeadTest" time="0.0">
    <skipped/>
  </testcase>
  <testcase name="takeScreenshot" classname="tests.AddFurnitureLeadTest" time="0.0">
    <skipped/>
  </testcase>
  <testcase name="takeScreenshot" classname="tests.AddFurnitureLeadTest" time="0.0">
    <skipped/>
  </testcase>
  <testcase name="takeScreenshot" classname="tests.AddFurnitureLeadTest" time="0.0">
    <skipped/>
  </testcase>
  <testcase name="takeScreenshot" classname="tests.AddFurnitureLeadTest" time="0.0">
    <skipped/>
  </testcase>
  <testcase name="takeScreenshot" classname="tests.AddFurnitureLeadTest" time="0.0">
    <skipped/>
  </testcase>
  <testcase name="takeScreenshot" classname="tests.AddFurnitureLeadTest" time="0.0">
    <skipped/>
  </testcase>
  <testcase name="takeScreenshot" classname="tests.AddFurnitureLeadTest" time="0.0">
    <skipped/>
  </testcase>
  <testcase name="takeScreenshot" classname="tests.AddFurnitureLeadTest" time="0.0">
    <skipped/>
  </testcase>
  <testcase name="takeScreenshot" classname="tests.AddFurnitureLeadTest" time="0.0">
    <skipped/>
  </testcase>
  <testcase name="takeScreenshot" classname="tests.AddFurnitureLeadTest" time="0.0">
    <skipped/>
  </testcase>
  <testcase name="takeScreenshot" classname="tests.AddFurnitureLeadTest" time="0.0">
    <skipped/>
  </testcase>
  <testcase name="takeScreenshot" classname="tests.AddFurnitureLeadTest" time="0.0">
    <skipped/>
  </testcase>
  <testcase name="takeScreenshot" classname="tests.AddFurnitureLeadTest" time="0.0">
    <skipped/>
  </testcase>
  <testcase name="takeScreenshot" classname="tests.AddFurnitureLeadTest" time="0.0">
    <skipped/>
  </testcase>
  <testcase name="takeScreenshot" classname="tests.AddFurnitureLeadTest" time="0.0">
    <skipped/>
  </testcase>
  <testcase name="takeScreenshot" classname="tests.AddFurnitureLeadTest" time="0.0">
    <skipped/>
  </testcase>
  <testcase name="takeScreenshot" classname="tests.AddFurnitureLeadTest" time="0.0">
    <skipped/>
  </testcase>
  <testcase name="takeScreenshot" classname="tests.AddFurnitureLeadTest" time="0.0">
    <skipped/>
  </testcase>
  <testcase name="takeScreenshot" classname="tests.AddFurnitureLeadTest" time="0.0">
    <skipped/>
  </testcase>
  <testcase name="takeScreenshot" classname="tests.AddFurnitureLeadTest" time="0.0">
    <skipped/>
  </testcase>
  <testcase name="takeScreenshot" classname="tests.AddFurnitureLeadTest" time="0.0">
    <skipped/>
  </testcase>
  <testcase name="takeScreenshot" classname="tests.AddFurnitureLeadTest" time="0.0">
    <skipped/>
  </testcase>
  <testcase name="takeScreenshot" classname="tests.AddFurnitureLeadTest" time="0.0">
    <skipped/>
  </testcase>
  <testcase name="takeScreenshot" classname="tests.AddFurnitureLeadTest" time="0.0">
    <skipped/>
  </testcase>
  <testcase name="takeScreenshot" classname="tests.AddFurnitureLeadTest" time="0.0">
    <skipped/>
  </testcase>
  <testcase name="takeScreenshot" classname="tests.AddFurnitureLeadTest" time="0.0">
    <skipped/>
  </testcase>
  <testcase name="takeScreenshot" classname="tests.AddFurnitureLeadTest" time="0.0">
    <skipped/>
  </testcase>
  <testcase name="takeScreenshot" classname="tests.AddFurnitureLeadTest" time="0.0">
    <skipped/>
  </testcase>
  <testcase name="takeScreenshot" classname="tests.AddFurnitureLeadTest" time="0.0">
    <skipped/>
  </testcase>
  <testcase name="takeScreenshot" classname="tests.AddFurnitureLeadTest" time="0.0">
    <skipped/>
  </testcase>
  <testcase name="takeScreenshot" classname="tests.AddFurnitureLeadTest" time="0.0">
    <skipped/>
  </testcase>
  <testcase name="takeScreenshot" classname="tests.AddFurnitureLeadTest" time="0.0">
    <skipped/>
  </testcase>
  <testcase name="takeScreenshot" classname="tests.AddFurnitureLeadTest" time="0.0">
    <skipped/>
  </testcase>
  <testcase name="takeScreenshot" classname="tests.AddFurnitureLeadTest" time="0.0">
    <skipped/>
  </testcase>
  <testcase name="takeScreenshot" classname="tests.AddFurnitureLeadTest" time="0.0">
    <skipped/>
  </testcase>
  <testcase name="takeScreenshot" classname="tests.AddFurnitureLeadTest" time="0.0">
    <skipped/>
  </testcase>
  <testcase name="takeScreenshot" classname="tests.AddFurnitureLeadTest" time="0.0">
    <skipped/>
  </testcase>
  <testcase name="takeScreenshot" classname="tests.AddFurnitureLeadTest" time="0.0">
    <skipped/>
  </testcase>
  <testcase name="takeScreenshot" classname="tests.AddFurnitureLeadTest" time="0.0">
    <skipped/>
  </testcase>
  <testcase name="takeScreenshot" classname="tests.AddFurnitureLeadTest" time="0.0">
    <skipped/>
  </testcase>
  <testcase name="takeScreenshot" classname="tests.AddFurnitureLeadTest" time="0.0">
    <skipped/>
  </testcase>
  <testcase name="takeScreenshot" classname="tests.AddFurnitureLeadTest" time="0.0">
    <skipped/>
  </testcase>
  <testcase name="takeScreenshot" classname="tests.AddFurnitureLeadTest" time="0.0">
    <skipped/>
  </testcase>
  <testcase name="takeScreenshot" classname="tests.AddFurnitureLeadTest" time="0.0">
    <skipped/>
  </testcase>
  <testcase name="takeScreenshot" classname="tests.AddFurnitureLeadTest" time="0.0">
    <skipped/>
  </testcase>
  <testcase name="takeScreenshot" classname="tests.AddFurnitureLeadTest" time="0.0">
    <skipped/>
  </testcase>
  <testcase name="takeScreenshot" classname="tests.AddFurnitureLeadTest" time="0.0">
    <skipped/>
  </testcase>
  <testcase name="takeScreenshot" classname="tests.AddFurnitureLeadTest" time="0.0">
    <skipped/>
  </testcase>
  <testcase name="takeScreenshot" classname="tests.AddFurnitureLeadTest" time="0.0">
    <skipped/>
  </testcase>
  <testcase name="takeScreenshot" classname="tests.AddFurnitureLeadTest" time="0.0">
    <skipped/>
  </testcase>
  <testcase name="takeScreenshot" classname="tests.AddFurnitureLeadTest" time="0.0">
    <skipped/>
  </testcase>
  <testcase name="takeScreenshot" classname="tests.AddFurnitureLeadTest" time="0.0">
    <skipped/>
  </testcase>
  <testcase name="takeScreenshot" classname="tests.AddFurnitureLeadTest" time="0.0">
    <skipped/>
  </testcase>
  <testcase name="takeScreenshot" classname="tests.AddFurnitureLeadTest" time="0.0">
    <skipped/>
  </testcase>
  <testcase name="takeScreenshot" classname="tests.AddFurnitureLeadTest" time="0.0">
    <skipped/>
  </testcase>
  <testcase name="takeScreenshot" classname="tests.AddFurnitureLeadTest" time="0.0">
    <skipped/>
  </testcase>
  <testcase name="takeScreenshot" classname="tests.AddFurnitureLeadTest" time="0.0">
    <skipped/>
  </testcase>
  <testcase name="takeScreenshot" classname="tests.AddFurnitureLeadTest" time="0.0">
    <skipped/>
  </testcase>
  <testcase name="takeScreenshot" classname="tests.AddFurnitureLeadTest" time="0.0">
    <skipped/>
  </testcase>
  <testcase name="takeScreenshot" classname="tests.AddFurnitureLeadTest" time="0.0">
    <skipped/>
  </testcase>
  <testcase name="takeScreenshot" classname="tests.AddFurnitureLeadTest" time="0.0">
    <skipped/>
  </testcase>
  <testcase name="takeScreenshot" classname="tests.AddFurnitureLeadTest" time="0.0">
    <skipped/>
  </testcase>
  <testcase name="takeScreenshot" classname="tests.AddFurnitureLeadTest" time="0.0">
    <skipped/>
  </testcase>
  <testcase name="takeScreenshot" classname="tests.AddFurnitureLeadTest" time="0.0">
    <skipped/>
  </testcase>
  <testcase name="takeScreenshot" classname="tests.AddFurnitureLeadTest" time="0.0">
    <skipped/>
  </testcase>
  <testcase name="takeScreenshot" classname="tests.AddFurnitureLeadTest" time="0.0">
    <skipped/>
  </testcase>
  <testcase name="takeScreenshot" classname="tests.AddFurnitureLeadTest" time="0.0">
    <skipped/>
  </testcase>
  <testcase name="takeScreenshot" classname="tests.AddFurnitureLeadTest" time="0.0">
    <skipped/>
  </testcase>
  <testcase name="takeScreenshot" classname="tests.AddFurnitureLeadTest" time="0.0">
    <skipped/>
  </testcase>
  <testcase name="takeScreenshot" classname="tests.AddFurnitureLeadTest" time="0.0">
    <skipped/>
  </testcase>
  <testcase name="takeScreenshot" classname="tests.AddFurnitureLeadTest" time="0.0">
    <skipped/>
  </testcase>
  <testcase name="takeScreenshot" classname="tests.AddFurnitureLeadTest" time="0.0">
    <skipped/>
  </testcase>
  <testcase name="takeScreenshot" classname="tests.AddFurnitureLeadTest" time="0.0">
    <skipped/>
  </testcase>
  <testcase name="takeScreenshot" classname="tests.AddFurnitureLeadTest" time="0.0">
    <skipped/>
  </testcase>
  <testcase name="takeScreenshot" classname="tests.AddFurnitureLeadTest" time="0.0">
    <skipped/>
  </testcase>
  <testcase name="takeScreenshot" classname="tests.AddFurnitureLeadTest" time="0.0">
    <skipped/>
  </testcase>
  <testcase name="takeScreenshot" classname="tests.AddFurnitureLeadTest" time="0.0">
    <skipped/>
  </testcase>
  <testcase name="takeScreenshot" classname="tests.AddFurnitureLeadTest" time="0.0">
    <skipped/>
  </testcase>
  <testcase name="takeScreenshot" classname="tests.AddFurnitureLeadTest" time="0.0">
    <skipped/>
  </testcase>
  <testcase name="takeScreenshot" classname="tests.AddFurnitureLeadTest" time="0.0">
    <skipped/>
  </testcase>
  <testcase name="takeScreenshot" classname="tests.AddFurnitureLeadTest" time="0.0">
    <skipped/>
  </testcase>
  <testcase name="takeScreenshot" classname="tests.AddFurnitureLeadTest" time="0.0">
    <skipped/>
  </testcase>
  <testcase name="takeScreenshot" classname="tests.AddFurnitureLeadTest" time="0.0">
    <skipped/>
  </testcase>
  <testcase name="takeScreenshot" classname="tests.AddFurnitureLeadTest" time="0.0">
    <skipped/>
  </testcase>
  <testcase name="takeScreenshot" classname="tests.AddFurnitureLeadTest" time="0.0">
    <skipped/>
  </testcase>
  <testcase name="takeScreenshot" classname="tests.AddFurnitureLeadTest" time="0.0">
    <skipped/>
  </testcase>
  <testcase name="takeScreenshot" classname="tests.AddFurnitureLeadTest" time="0.0">
    <skipped/>
  </testcase>
  <testcase name="takeScreenshot" classname="tests.AddFurnitureLeadTest" time="0.0">
    <skipped/>
  </testcase>
  <testcase name="takeScreenshot" classname="tests.AddFurnitureLeadTest" time="0.0">
    <skipped/>
  </testcase>
  <testcase name="takeScreenshot" classname="tests.AddFurnitureLeadTest" time="0.0">
    <skipped/>
  </testcase>
  <testcase name="takeScreenshot" classname="tests.AddFurnitureLeadTest" time="0.0">
    <skipped/>
  </testcase>
  <testcase name="takeScreenshot" classname="tests.AddFurnitureLeadTest" time="0.0">
    <skipped/>
  </testcase>
  <testcase name="takeScreenshot" classname="tests.AddFurnitureLeadTest" time="0.0">
    <skipped/>
  </testcase>
  <testcase name="takeScreenshot" classname="tests.AddFurnitureLeadTest" time="0.0">
    <skipped/>
  </testcase>
  <testcase name="takeScreenshot" classname="tests.AddFurnitureLeadTest" time="0.0">
    <skipped/>
  </testcase>
  <testcase name="takeScreenshot" classname="tests.AddFurnitureLeadTest" time="0.0">
    <skipped/>
  </testcase>
  <testcase name="takeScreenshot" classname="tests.AddFurnitureLeadTest" time="0.0">
    <skipped/>
  </testcase>
  <testcase name="takeScreenshot" classname="tests.AddFurnitureLeadTest" time="0.0">
    <skipped/>
  </testcase>
  <testcase name="takeScreenshot" classname="tests.AddFurnitureLeadTest" time="0.0">
    <skipped/>
  </testcase>
  <testcase name="takeScreenshot" classname="tests.AddFurnitureLeadTest" time="0.0">
    <skipped/>
  </testcase>
  <testcase name="takeScreenshot" classname="tests.AddFurnitureLeadTest" time="0.0">
    <skipped/>
  </testcase>
  <testcase name="takeScreenshot" classname="tests.AddFurnitureLeadTest" time="0.0">
    <skipped/>
  </testcase>
  <testcase name="takeScreenshot" classname="tests.AddFurnitureLeadTest" time="0.0">
    <skipped/>
  </testcase>
  <testcase name="takeScreenshot" classname="tests.AddFurnitureLeadTest" time="0.0">
    <skipped/>
  </testcase>
  <testcase name="takeScreenshot" classname="tests.AddFurnitureLeadTest" time="0.0">
    <skipped/>
  </testcase>
  <testcase name="takeScreenshot" classname="tests.AddFurnitureLeadTest" time="0.0">
    <skipped/>
  </testcase>
  <testcase name="takeScreenshot" classname="tests.AddFurnitureLeadTest" time="0.0">
    <skipped/>
  </testcase>
  <testcase name="takeScreenshot" classname="tests.AddFurnitureLeadTest" time="0.0">
    <skipped/>
  </testcase>
  <testcase name="takeScreenshot" classname="tests.AddFurnitureLeadTest" time="0.0">
    <skipped/>
  </testcase>
  <testcase name="takeScreenshot" classname="tests.AddFurnitureLeadTest" time="0.0">
    <skipped/>
  </testcase>
  <testcase name="takeScreenshot" classname="tests.AddFurnitureLeadTest" time="0.0">
    <skipped/>
  </testcase>
  <testcase name="takeScreenshot" classname="tests.AddFurnitureLeadTest" time="0.0">
    <skipped/>
  </testcase>
  <testcase name="takeScreenshot" classname="tests.AddFurnitureLeadTest" time="0.0">
    <skipped/>
  </testcase>
  <testcase name="takeScreenshot" classname="tests.AddFurnitureLeadTest" time="0.0">
    <skipped/>
  </testcase>
  <testcase name="takeScreenshot" classname="tests.AddFurnitureLeadTest" time="0.0">
    <skipped/>
  </testcase>
  <testcase name="takeScreenshot" classname="tests.AddFurnitureLeadTest" time="0.0">
    <skipped/>
  </testcase>
  <testcase name="takeScreenshot" classname="tests.AddFurnitureLeadTest" time="0.0">
    <skipped/>
  </testcase>
  <testcase name="takeScreenshot" classname="tests.AddFurnitureLeadTest" time="0.0">
    <skipped/>
  </testcase>
  <testcase name="takeScreenshot" classname="tests.AddFurnitureLeadTest" time="0.0">
    <skipped/>
  </testcase>
  <testcase name="takeScreenshot" classname="tests.AddFurnitureLeadTest" time="0.0">
    <skipped/>
  </testcase>
  <testcase name="takeScreenshot" classname="tests.AddFurnitureLeadTest" time="0.0">
    <skipped/>
  </testcase>
  <testcase name="takeScreenshot" classname="tests.AddFurnitureLeadTest" time="0.0">
    <skipped/>
  </testcase>
  <testcase name="takeScreenshot" classname="tests.AddFurnitureLeadTest" time="0.0">
    <skipped/>
  </testcase>
  <testcase name="takeScreenshot" classname="tests.AddFurnitureLeadTest" time="0.0">
    <skipped/>
  </testcase>
  <testcase name="takeScreenshot" classname="tests.AddFurnitureLeadTest" time="0.0">
    <skipped/>
  </testcase>
  <testcase name="takeScreenshot" classname="tests.AddFurnitureLeadTest" time="0.0">
    <skipped/>
  </testcase>
  <testcase name="takeScreenshot" classname="tests.AddFurnitureLeadTest" time="0.0">
    <skipped/>
  </testcase>
  <testcase name="takeScreenshot" classname="tests.AddFurnitureLeadTest" time="0.0">
    <skipped/>
  </testcase>
  <testcase name="takeScreenshot" classname="tests.AddFurnitureLeadTest" time="0.0">
    <skipped/>
  </testcase>
  <testcase name="takeScreenshot" classname="tests.AddFurnitureLeadTest" time="0.0">
    <skipped/>
  </testcase>
  <testcase name="takeScreenshot" classname="tests.AddFurnitureLeadTest" time="0.0">
    <skipped/>
  </testcase>
  <testcase name="takeScreenshot" classname="tests.AddFurnitureLeadTest" time="0.0">
    <skipped/>
  </testcase>
  <testcase name="takeScreenshot" classname="tests.AddFurnitureLeadTest" time="0.0">
    <skipped/>
  </testcase>
  <testcase name="takeScreenshot" classname="tests.AddFurnitureLeadTest" time="0.0">
    <skipped/>
  </testcase>
  <testcase name="takeScreenshot" classname="tests.AddFurnitureLeadTest" time="0.0">
    <skipped/>
  </testcase>
  <testcase name="takeScreenshot" classname="tests.AddFurnitureLeadTest" time="0.0">
    <skipped/>
  </testcase>
  <testcase name="takeScreenshot" classname="tests.AddFurnitureLeadTest" time="0.0">
    <skipped/>
  </testcase>
  <testcase name="takeScreenshot" classname="tests.AddFurnitureLeadTest" time="0.0">
    <skipped/>
  </testcase>
  <testcase name="takeScreenshot" classname="tests.AddFurnitureLeadTest" time="0.0">
    <skipped/>
  </testcase>
  <testcase name="takeScreenshot" classname="tests.AddFurnitureLeadTest" time="0.0">
    <skipped/>
  </testcase>
  <testcase name="takeScreenshot" classname="tests.AddFurnitureLeadTest" time="0.0">
    <skipped/>
  </testcase>
  <testcase name="takeScreenshot" classname="tests.AddFurnitureLeadTest" time="0.0">
    <skipped/>
  </testcase>
  <testcase name="takeScreenshot" classname="tests.AddFurnitureLeadTest" time="0.0">
    <skipped/>
  </testcase>
  <testcase name="takeScreenshot" classname="tests.AddFurnitureLeadTest" time="0.0">
    <skipped/>
  </testcase>
  <testcase name="takeScreenshot" classname="tests.AddFurnitureLeadTest" time="0.0">
    <skipped/>
  </testcase>
  <testcase name="takeScreenshot" classname="tests.AddFurnitureLeadTest" time="0.0">
    <skipped/>
  </testcase>
  <testcase name="takeScreenshot" classname="tests.AddFurnitureLeadTest" time="0.0">
    <skipped/>
  </testcase>
  <testcase name="takeScreenshot" classname="tests.AddFurnitureLeadTest" time="0.0">
    <skipped/>
  </testcase>
  <testcase name="takeScreenshot" classname="tests.AddFurnitureLeadTest" time="0.0">
    <skipped/>
  </testcase>
  <testcase name="takeScreenshot" classname="tests.AddFurnitureLeadTest" time="0.0">
    <skipped/>
  </testcase>
  <testcase name="takeScreenshot" classname="tests.AddFurnitureLeadTest" time="0.0">
    <skipped/>
  </testcase>
  <testcase name="takeScreenshot" classname="tests.AddFurnitureLeadTest" time="0.0">
    <skipped/>
  </testcase>
  <testcase name="takeScreenshot" classname="tests.AddFurnitureLeadTest" time="0.0">
    <skipped/>
  </testcase>
  <testcase name="takeScreenshot" classname="tests.AddFurnitureLeadTest" time="0.0">
    <skipped/>
  </testcase>
  <testcase name="takeScreenshot" classname="tests.AddFurnitureLeadTest" time="0.0">
    <skipped/>
  </testcase>
  <testcase name="takeScreenshot" classname="tests.AddFurnitureLeadTest" time="0.0">
    <skipped/>
  </testcase>
  <testcase name="takeScreenshot" classname="tests.AddFurnitureLeadTest" time="0.0">
    <skipped/>
  </testcase>
  <testcase name="takeScreenshot" classname="tests.AddFurnitureLeadTest" time="0.0">
    <skipped/>
  </testcase>
  <testcase name="takeScreenshot" classname="tests.AddFurnitureLeadTest" time="0.0">
    <skipped/>
  </testcase>
  <testcase name="takeScreenshot" classname="tests.AddFurnitureLeadTest" time="0.0">
    <skipped/>
  </testcase>
  <testcase name="takeScreenshot" classname="tests.AddFurnitureLeadTest" time="0.0">
    <skipped/>
  </testcase>
  <testcase name="takeScreenshot" classname="tests.AddFurnitureLeadTest" time="0.0">
    <skipped/>
  </testcase>
  <testcase name="takeScreenshot" classname="tests.AddFurnitureLeadTest" time="0.0">
    <skipped/>
  </testcase>
  <testcase name="takeScreenshot" classname="tests.AddFurnitureLeadTest" time="0.0">
    <skipped/>
  </testcase>
  <testcase name="takeScreenshot" classname="tests.AddFurnitureLeadTest" time="0.0">
    <skipped/>
  </testcase>
  <testcase name="takeScreenshot" classname="tests.AddFurnitureLeadTest" time="0.0">
    <skipped/>
  </testcase>
  <testcase name="takeScreenshot" classname="tests.AddFurnitureLeadTest" time="0.0">
    <skipped/>
  </testcase>
  <testcase name="takeScreenshot" classname="tests.AddFurnitureLeadTest" time="0.0">
    <skipped/>
  </testcase>
  <testcase name="takeScreenshot" classname="tests.AddFurnitureLeadTest" time="0.0">
    <skipped/>
  </testcase>
  <testcase name="takeScreenshot" classname="tests.AddFurnitureLeadTest" time="0.0">
    <skipped/>
  </testcase>
  <testcase name="takeScreenshot" classname="tests.AddFurnitureLeadTest" time="0.0">
    <skipped/>
  </testcase>
  <testcase name="takeScreenshot" classname="tests.AddFurnitureLeadTest" time="0.0">
    <skipped/>
  </testcase>
  <testcase name="takeScreenshot" classname="tests.AddFurnitureLeadTest" time="0.0">
    <skipped/>
  </testcase>
  <testcase name="takeScreenshot" classname="tests.AddFurnitureLeadTest" time="0.0">
    <skipped/>
  </testcase>
  <testcase name="takeScreenshot" classname="tests.AddFurnitureLeadTest" time="0.0">
    <skipped/>
  </testcase>
  <testcase name="takeScreenshot" classname="tests.AddFurnitureLeadTest" time="0.0">
    <skipped/>
  </testcase>
  <testcase name="takeScreenshot" classname="tests.AddFurnitureLeadTest" time="0.0">
    <skipped/>
  </testcase>
  <testcase name="takeScreenshot" classname="tests.AddFurnitureLeadTest" time="0.0">
    <skipped/>
  </testcase>
  <testcase name="takeScreenshot" classname="tests.AddFurnitureLeadTest" time="0.0">
    <skipped/>
  </testcase>
  <testcase name="takeScreenshot" classname="tests.AddFurnitureLeadTest" time="0.0">
    <skipped/>
  </testcase>
  <testcase name="takeScreenshot" classname="tests.AddFurnitureLeadTest" time="0.0">
    <skipped/>
  </testcase>
  <testcase name="takeScreenshot" classname="tests.AddFurnitureLeadTest" time="0.0">
    <skipped/>
  </testcase>
  <testcase name="takeScreenshot" classname="tests.AddFurnitureLeadTest" time="0.0">
    <skipped/>
  </testcase>
  <testcase name="takeScreenshot" classname="tests.AddFurnitureLeadTest" time="0.0">
    <skipped/>
  </testcase>
  <testcase name="takeScreenshot" classname="tests.AddFurnitureLeadTest" time="0.0">
    <skipped/>
  </testcase>
  <testcase name="takeScreenshot" classname="tests.AddFurnitureLeadTest" time="0.0">
    <skipped/>
  </testcase>
  <testcase name="takeScreenshot" classname="tests.AddFurnitureLeadTest" time="0.0">
    <skipped/>
  </testcase>
  <testcase name="takeScreenshot" classname="tests.AddFurnitureLeadTest" time="0.0">
    <skipped/>
  </testcase>
  <testcase name="takeScreenshot" classname="tests.AddFurnitureLeadTest" time="0.0">
    <skipped/>
  </testcase>
  <testcase name="takeScreenshot" classname="tests.AddFurnitureLeadTest" time="0.0">
    <skipped/>
  </testcase>
  <testcase name="takeScreenshot" classname="tests.AddFurnitureLeadTest" time="0.0">
    <skipped/>
  </testcase>
  <testcase name="takeScreenshot" classname="tests.AddFurnitureLeadTest" time="0.0">
    <skipped/>
  </testcase>
  <testcase name="takeScreenshot" classname="tests.AddFurnitureLeadTest" time="0.0">
    <skipped/>
  </testcase>
  <testcase name="takeScreenshot" classname="tests.AddFurnitureLeadTest" time="0.0">
    <skipped/>
  </testcase>
  <testcase name="takeScreenshot" classname="tests.AddFurnitureLeadTest" time="0.0">
    <skipped/>
  </testcase>
  <testcase name="takeScreenshot" classname="tests.AddFurnitureLeadTest" time="0.0">
    <skipped/>
  </testcase>
  <testcase name="takeScreenshot" classname="tests.AddFurnitureLeadTest" time="0.0">
    <skipped/>
  </testcase>
  <testcase name="takeScreenshot" classname="tests.AddFurnitureLeadTest" time="0.0">
    <skipped/>
  </testcase>
  <testcase name="takeScreenshot" classname="tests.AddFurnitureLeadTest" time="0.0">
    <skipped/>
  </testcase>
  <testcase name="takeScreenshot" classname="tests.AddFurnitureLeadTest" time="0.0">
    <skipped/>
  </testcase>
  <testcase name="takeScreenshot" classname="tests.AddFurnitureLeadTest" time="0.0">
    <skipped/>
  </testcase>
  <testcase name="takeScreenshot" classname="tests.AddFurnitureLeadTest" time="0.0">
    <skipped/>
  </testcase>
  <testcase name="takeScreenshot" classname="tests.AddFurnitureLeadTest" time="0.0">
    <skipped/>
  </testcase>
  <testcase name="takeScreenshot" classname="tests.AddFurnitureLeadTest" time="0.0">
    <skipped/>
  </testcase>
  <testcase name="takeScreenshot" classname="tests.AddFurnitureLeadTest" time="0.0">
    <skipped/>
  </testcase>
  <testcase name="takeScreenshot" classname="tests.AddFurnitureLeadTest" time="0.0">
    <skipped/>
  </testcase>
  <testcase name="takeScreenshot" classname="tests.AddFurnitureLeadTest" time="0.0">
    <skipped/>
  </testcase>
  <testcase name="takeScreenshot" classname="tests.AddFurnitureLeadTest" time="0.0">
    <skipped/>
  </testcase>
  <testcase name="takeScreenshot" classname="tests.AddFurnitureLeadTest" time="0.0">
    <skipped/>
  </testcase>
  <testcase name="takeScreenshot" classname="tests.AddFurnitureLeadTest" time="0.0">
    <skipped/>
  </testcase>
  <testcase name="takeScreenshot" classname="tests.AddFurnitureLeadTest" time="0.0">
    <skipped/>
  </testcase>
  <testcase name="takeScreenshot" classname="tests.AddFurnitureLeadTest" time="0.0">
    <skipped/>
  </testcase>
  <testcase name="takeScreenshot" classname="tests.AddFurnitureLeadTest" time="0.0">
    <skipped/>
  </testcase>
  <testcase name="takeScreenshot" classname="tests.AddFurnitureLeadTest" time="0.0">
    <skipped/>
  </testcase>
  <testcase name="takeScreenshot" classname="tests.AddFurnitureLeadTest" time="0.0">
    <skipped/>
  </testcase>
  <testcase name="takeScreenshot" classname="tests.AddFurnitureLeadTest" time="0.0">
    <skipped/>
  </testcase>
  <testcase name="takeScreenshot" classname="tests.AddFurnitureLeadTest" time="0.0">
    <skipped/>
  </testcase>
  <testcase name="takeScreenshot" classname="tests.AddFurnitureLeadTest" time="0.0">
    <skipped/>
  </testcase>
  <testcase name="takeScreenshot" classname="tests.AddFurnitureLeadTest" time="0.0">
    <skipped/>
  </testcase>
  <testcase name="takeScreenshot" classname="tests.AddFurnitureLeadTest" time="0.0">
    <skipped/>
  </testcase>
  <testcase name="takeScreenshot" classname="tests.AddFurnitureLeadTest" time="0.0">
    <skipped/>
  </testcase>
  <testcase name="takeScreenshot" classname="tests.AddFurnitureLeadTest" time="0.0">
    <skipped/>
  </testcase>
  <testcase name="takeScreenshot" classname="tests.AddFurnitureLeadTest" time="0.0">
    <skipped/>
  </testcase>
  <testcase name="takeScreenshot" classname="tests.AddFurnitureLeadTest" time="0.0">
    <skipped/>
  </testcase>
  <testcase name="takeScreenshot" classname="tests.AddFurnitureLeadTest" time="0.0">
    <skipped/>
  </testcase>
  <testcase name="takeScreenshot" classname="tests.AddFurnitureLeadTest" time="0.0">
    <skipped/>
  </testcase>
  <testcase name="takeScreenshot" classname="tests.AddFurnitureLeadTest" time="0.0">
    <skipped/>
  </testcase>
  <testcase name="takeScreenshot" classname="tests.AddFurnitureLeadTest" time="0.0">
    <skipped/>
  </testcase>
  <testcase name="takeScreenshot" classname="tests.AddFurnitureLeadTest" time="0.0">
    <skipped/>
  </testcase>
  <testcase name="takeScreenshot" classname="tests.AddFurnitureLeadTest" time="0.0">
    <skipped/>
  </testcase>
  <testcase name="takeScreenshot" classname="tests.AddFurnitureLeadTest" time="0.0">
    <skipped/>
  </testcase>
  <testcase name="takeScreenshot" classname="tests.AddFurnitureLeadTest" time="0.0">
    <skipped/>
  </testcase>
  <testcase name="takeScreenshot" classname="tests.AddFurnitureLeadTest" time="0.0">
    <skipped/>
  </testcase>
  <testcase name="takeScreenshot" classname="tests.AddFurnitureLeadTest" time="0.0">
    <skipped/>
  </testcase>
  <testcase name="takeScreenshot" classname="tests.AddFurnitureLeadTest" time="0.0">
    <skipped/>
  </testcase>
  <testcase name="takeScreenshot" classname="tests.AddFurnitureLeadTest" time="0.0">
    <skipped/>
  </testcase>
  <testcase name="takeScreenshot" classname="tests.AddFurnitureLeadTest" time="0.0">
    <skipped/>
  </testcase>
  <testcase name="takeScreenshot" classname="tests.AddFurnitureLeadTest" time="0.0">
    <skipped/>
  </testcase>
  <testcase name="takeScreenshot" classname="tests.AddFurnitureLeadTest" time="0.0">
    <skipped/>
  </testcase>
  <testcase name="takeScreenshot" classname="tests.AddFurnitureLeadTest" time="0.0">
    <skipped/>
  </testcase>
  <testcase name="takeScreenshot" classname="tests.AddFurnitureLeadTest" time="0.0">
    <skipped/>
  </testcase>
  <testcase name="takeScreenshot" classname="tests.AddFurnitureLeadTest" time="0.0">
    <skipped/>
  </testcase>
  <testcase name="takeScreenshot" classname="tests.AddFurnitureLeadTest" time="0.0">
    <skipped/>
  </testcase>
  <testcase name="takeScreenshot" classname="tests.AddFurnitureLeadTest" time="0.0">
    <skipped/>
  </testcase>
  <testcase name="takeScreenshot" classname="tests.AddFurnitureLeadTest" time="0.0">
    <skipped/>
  </testcase>
  <testcase name="takeScreenshot" classname="tests.AddFurnitureLeadTest" time="0.0">
    <skipped/>
  </testcase>
  <testcase name="takeScreenshot" classname="tests.AddFurnitureLeadTest" time="0.0">
    <skipped/>
  </testcase>
  <testcase name="takeScreenshot" classname="tests.AddFurnitureLeadTest" time="0.0">
    <skipped/>
  </testcase>
  <testcase name="takeScreenshot" classname="tests.AddFurnitureLeadTest" time="0.0">
    <skipped/>
  </testcase>
  <testcase name="takeScreenshot" classname="tests.AddFurnitureLeadTest" time="0.0">
    <skipped/>
  </testcase>
  <testcase name="takeScreenshot" classname="tests.AddFurnitureLeadTest" time="0.0">
    <skipped/>
  </testcase>
  <testcase name="takeScreenshot" classname="tests.AddFurnitureLeadTest" time="0.0">
    <skipped/>
  </testcase>
  <testcase name="takeScreenshot" classname="tests.AddFurnitureLeadTest" time="0.0">
    <skipped/>
  </testcase>
  <testcase name="takeScreenshot" classname="tests.AddFurnitureLeadTest" time="0.0">
    <skipped/>
  </testcase>
  <testcase name="takeScreenshot" classname="tests.AddFurnitureLeadTest" time="0.0">
    <skipped/>
  </testcase>
  <testcase name="takeScreenshot" classname="tests.AddFurnitureLeadTest" time="0.0">
    <skipped/>
  </testcase>
  <testcase name="takeScreenshot" classname="tests.AddFurnitureLeadTest" time="0.0">
    <skipped/>
  </testcase>
  <testcase name="takeScreenshot" classname="tests.AddFurnitureLeadTest" time="0.0">
    <skipped/>
  </testcase>
  <testcase name="takeScreenshot" classname="tests.AddFurnitureLeadTest" time="0.0">
    <skipped/>
  </testcase>
  <testcase name="takeScreenshot" classname="tests.AddFurnitureLeadTest" time="0.0">
    <skipped/>
  </testcase>
  <testcase name="takeScreenshot" classname="tests.AddFurnitureLeadTest" time="0.0">
    <skipped/>
  </testcase>
  <testcase name="takeScreenshot" classname="tests.AddFurnitureLeadTest" time="0.0">
    <skipped/>
  </testcase>
  <testcase name="takeScreenshot" classname="tests.AddFurnitureLeadTest" time="0.0">
    <skipped/>
  </testcase>
  <testcase name="takeScreenshot" classname="tests.AddFurnitureLeadTest" time="0.0">
    <skipped/>
  </testcase>
  <testcase name="takeScreenshot" classname="tests.AddFurnitureLeadTest" time="0.0">
    <skipped/>
  </testcase>
  <testcase name="takeScreenshot" classname="tests.AddFurnitureLeadTest" time="0.0">
    <skipped/>
  </testcase>
  <testcase name="takeScreenshot" classname="tests.AddFurnitureLeadTest" time="0.0">
    <skipped/>
  </testcase>
  <testcase name="takeScreenshot" classname="tests.AddFurnitureLeadTest" time="0.0">
    <skipped/>
  </testcase>
  <testcase name="takeScreenshot" classname="tests.AddFurnitureLeadTest" time="0.0">
    <skipped/>
  </testcase>
  <testcase name="takeScreenshot" classname="tests.AddFurnitureLeadTest" time="0.0">
    <skipped/>
  </testcase>
  <testcase name="takeScreenshot" classname="tests.AddFurnitureLeadTest" time="0.0">
    <skipped/>
  </testcase>
  <testcase name="takeScreenshot" classname="tests.AddFurnitureLeadTest" time="0.0">
    <skipped/>
  </testcase>
  <testcase name="takeScreenshot" classname="tests.AddFurnitureLeadTest" time="0.0">
    <skipped/>
  </testcase>
  <testcase name="takeScreenshot" classname="tests.AddFurnitureLeadTest" time="0.0">
    <skipped/>
  </testcase>
  <testcase name="takeScreenshot" classname="tests.AddFurnitureLeadTest" time="0.0">
    <skipped/>
  </testcase>
  <testcase name="takeScreenshot" classname="tests.AddFurnitureLeadTest" time="0.0">
    <skipped/>
  </testcase>
  <testcase name="takeScreenshot" classname="tests.AddFurnitureLeadTest" time="0.0">
    <skipped/>
  </testcase>
  <testcase name="takeScreenshot" classname="tests.AddFurnitureLeadTest" time="0.0">
    <skipped/>
  </testcase>
  <testcase name="takeScreenshot" classname="tests.AddFurnitureLeadTest" time="0.0">
    <skipped/>
  </testcase>
  <testcase name="takeScreenshot" classname="tests.AddFurnitureLeadTest" time="0.0">
    <skipped/>
  </testcase>
  <testcase name="takeScreenshot" classname="tests.AddFurnitureLeadTest" time="0.0">
    <skipped/>
  </testcase>
  <testcase name="takeScreenshot" classname="tests.AddFurnitureLeadTest" time="0.0">
    <skipped/>
  </testcase>
  <testcase name="takeScreenshot" classname="tests.AddFurnitureLeadTest" time="0.0">
    <skipped/>
  </testcase>
  <testcase name="takeScreenshot" classname="tests.AddFurnitureLeadTest" time="0.0">
    <skipped/>
  </testcase>
  <testcase name="takeScreenshot" classname="tests.AddFurnitureLeadTest" time="0.0">
    <skipped/>
  </testcase>
  <testcase name="takeScreenshot" classname="tests.AddFurnitureLeadTest" time="0.0">
    <skipped/>
  </testcase>
  <testcase name="takeScreenshot" classname="tests.AddFurnitureLeadTest" time="0.0">
    <skipped/>
  </testcase>
  <testcase name="takeScreenshot" classname="tests.AddFurnitureLeadTest" time="0.0">
    <skipped/>
  </testcase>
  <testcase name="takeScreenshot" classname="tests.AddFurnitureLeadTest" time="0.0">
    <skipped/>
  </testcase>
  <testcase name="takeScreenshot" classname="tests.AddFurnitureLeadTest" time="0.0">
    <skipped/>
  </testcase>
  <testcase name="takeScreenshot" classname="tests.AddFurnitureLeadTest" time="0.0">
    <skipped/>
  </testcase>
  <testcase name="takeScreenshot" classname="tests.AddFurnitureLeadTest" time="0.0">
    <skipped/>
  </testcase>
  <testcase name="takeScreenshot" classname="tests.AddFurnitureLeadTest" time="0.0">
    <skipped/>
  </testcase>
  <testcase name="takeScreenshot" classname="tests.AddFurnitureLeadTest" time="0.0">
    <skipped/>
  </testcase>
  <testcase name="takeScreenshot" classname="tests.AddFurnitureLeadTest" time="0.0">
    <skipped/>
  </testcase>
  <testcase name="takeScreenshot" classname="tests.AddFurnitureLeadTest" time="0.0">
    <skipped/>
  </testcase>
  <testcase name="takeScreenshot" classname="tests.AddFurnitureLeadTest" time="0.0">
    <skipped/>
  </testcase>
  <testcase name="takeScreenshot" classname="tests.AddFurnitureLeadTest" time="0.0">
    <skipped/>
  </testcase>
  <testcase name="takeScreenshot" classname="tests.AddFurnitureLeadTest" time="0.0">
    <skipped/>
  </testcase>
  <testcase name="takeScreenshot" classname="tests.AddFurnitureLeadTest" time="0.0">
    <skipped/>
  </testcase>
  <testcase name="takeScreenshot" classname="tests.AddFurnitureLeadTest" time="0.0">
    <skipped/>
  </testcase>
  <testcase name="takeScreenshot" classname="tests.AddFurnitureLeadTest" time="0.0">
    <skipped/>
  </testcase>
  <testcase name="takeScreenshot" classname="tests.AddFurnitureLeadTest" time="0.0">
    <skipped/>
  </testcase>
  <testcase name="takeScreenshot" classname="tests.AddFurnitureLeadTest" time="0.0">
    <skipped/>
  </testcase>
  <testcase name="takeScreenshot" classname="tests.AddFurnitureLeadTest" time="0.0">
    <skipped/>
  </testcase>
  <testcase name="takeScreenshot" classname="tests.AddFurnitureLeadTest" time="0.0">
    <skipped/>
  </testcase>
  <testcase name="takeScreenshot" classname="tests.AddFurnitureLeadTest" time="0.0">
    <skipped/>
  </testcase>
  <testcase name="takeScreenshot" classname="tests.AddFurnitureLeadTest" time="0.0">
    <skipped/>
  </testcase>
  <testcase name="takeScreenshot" classname="tests.AddFurnitureLeadTest" time="0.0">
    <skipped/>
  </testcase>
  <testcase name="takeScreenshot" classname="tests.AddFurnitureLeadTest" time="0.0">
    <skipped/>
  </testcase>
  <testcase name="takeScreenshot" classname="tests.AddFurnitureLeadTest" time="0.0">
    <skipped/>
  </testcase>
  <testcase name="takeScreenshot" classname="tests.AddFurnitureLeadTest" time="0.0">
    <skipped/>
  </testcase>
  <testcase name="takeScreenshot" classname="tests.AddFurnitureLeadTest" time="0.0">
    <skipped/>
  </testcase>
  <testcase name="takeScreenshot" classname="tests.AddFurnitureLeadTest" time="0.0">
    <skipped/>
  </testcase>
  <testcase name="takeScreenshot" classname="tests.AddFurnitureLeadTest" time="0.0">
    <skipped/>
  </testcase>
  <testcase name="takeScreenshot" classname="tests.AddFurnitureLeadTest" time="0.0">
    <skipped/>
  </testcase>
  <testcase name="takeScreenshot" classname="tests.AddFurnitureLeadTest" time="0.0">
    <skipped/>
  </testcase>
  <testcase name="takeScreenshot" classname="tests.AddFurnitureLeadTest" time="0.0">
    <skipped/>
  </testcase>
  <testcase name="takeScreenshot" classname="tests.AddFurnitureLeadTest" time="0.0">
    <skipped/>
  </testcase>
  <testcase name="takeScreenshot" classname="tests.AddFurnitureLeadTest" time="0.0">
    <skipped/>
  </testcase>
  <testcase name="takeScreenshot" classname="tests.AddFurnitureLeadTest" time="0.0">
    <skipped/>
  </testcase>
  <testcase name="takeScreenshot" classname="tests.AddFurnitureLeadTest" time="0.0">
    <skipped/>
  </testcase>
  <testcase name="takeScreenshot" classname="tests.AddFurnitureLeadTest" time="0.0">
    <skipped/>
  </testcase>
  <testcase name="takeScreenshot" classname="tests.AddFurnitureLeadTest" time="0.0">
    <skipped/>
  </testcase>
  <testcase name="takeScreenshot" classname="tests.AddFurnitureLeadTest" time="0.0">
    <skipped/>
  </testcase>
  <testcase name="takeScreenshot" classname="tests.AddFurnitureLeadTest" time="0.0">
    <skipped/>
  </testcase>
  <testcase name="takeScreenshot" classname="tests.AddFurnitureLeadTest" time="0.0">
    <skipped/>
  </testcase>
  <testcase name="takeScreenshot" classname="tests.AddFurnitureLeadTest" time="0.0">
    <skipped/>
  </testcase>
  <testcase name="takeScreenshot" classname="tests.AddFurnitureLeadTest" time="0.0">
    <skipped/>
  </testcase>
  <testcase name="takeScreenshot" classname="tests.AddFurnitureLeadTest" time="0.0">
    <skipped/>
  </testcase>
  <testcase name="takeScreenshot" classname="tests.AddFurnitureLeadTest" time="0.0">
    <skipped/>
  </testcase>
  <testcase name="takeScreenshot" classname="tests.AddFurnitureLeadTest" time="0.0">
    <skipped/>
  </testcase>
  <testcase name="takeScreenshot" classname="tests.AddFurnitureLeadTest" time="0.0">
    <skipped/>
  </testcase>
  <testcase name="takeScreenshot" classname="tests.AddFurnitureLeadTest" time="0.0">
    <skipped/>
  </testcase>
  <testcase name="takeScreenshot" classname="tests.AddFurnitureLeadTest" time="0.0">
    <skipped/>
  </testcase>
  <testcase name="takeScreenshot" classname="tests.AddFurnitureLeadTest" time="0.0">
    <skipped/>
  </testcase>
  <testcase name="takeScreenshot" classname="tests.AddFurnitureLeadTest" time="0.0">
    <skipped/>
  </testcase>
  <testcase name="takeScreenshot" classname="tests.AddFurnitureLeadTest" time="0.0">
    <skipped/>
  </testcase>
  <testcase name="takeScreenshot" classname="tests.AddFurnitureLeadTest" time="0.0">
    <skipped/>
  </testcase>
  <testcase name="takeScreenshot" classname="tests.AddFurnitureLeadTest" time="0.0">
    <skipped/>
  </testcase>
  <testcase name="takeScreenshot" classname="tests.AddFurnitureLeadTest" time="0.0">
    <skipped/>
  </testcase>
  <testcase name="takeScreenshot" classname="tests.AddFurnitureLeadTest" time="0.0">
    <skipped/>
  </testcase>
  <testcase name="takeScreenshot" classname="tests.AddFurnitureLeadTest" time="0.0">
    <skipped/>
  </testcase>
  <testcase name="takeScreenshot" classname="tests.AddFurnitureLeadTest" time="0.0">
    <skipped/>
  </testcase>
  <testcase name="takeScreenshot" classname="tests.AddFurnitureLeadTest" time="0.0">
    <skipped/>
  </testcase>
  <testcase name="takeScreenshot" classname="tests.AddFurnitureLeadTest" time="0.0">
    <skipped/>
  </testcase>
  <testcase name="takeScreenshot" classname="tests.AddFurnitureLeadTest" time="0.0">
    <skipped/>
  </testcase>
  <testcase name="takeScreenshot" classname="tests.AddFurnitureLeadTest" time="0.0">
    <skipped/>
  </testcase>
  <testcase name="takeScreenshot" classname="tests.AddFurnitureLeadTest" time="0.0">
    <skipped/>
  </testcase>
  <testcase name="takeScreenshot" classname="tests.AddFurnitureLeadTest" time="0.0">
    <skipped/>
  </testcase>
  <testcase name="takeScreenshot" classname="tests.AddFurnitureLeadTest" time="0.0">
    <skipped/>
  </testcase>
  <testcase name="takeScreenshot" classname="tests.AddFurnitureLeadTest" time="0.0">
    <skipped/>
  </testcase>
  <testcase name="takeScreenshot" classname="tests.AddFurnitureLeadTest" time="0.0">
    <skipped/>
  </testcase>
  <testcase name="takeScreenshot" classname="tests.AddFurnitureLeadTest" time="0.0">
    <skipped/>
  </testcase>
  <testcase name="takeScreenshot" classname="tests.AddFurnitureLeadTest" time="0.0">
    <skipped/>
  </testcase>
  <testcase name="takeScreenshot" classname="tests.AddFurnitureLeadTest" time="0.0">
    <skipped/>
  </testcase>
  <testcase name="takeScreenshot" classname="tests.AddFurnitureLeadTest" time="0.0">
    <skipped/>
  </testcase>
  <testcase name="takeScreenshot" classname="tests.AddFurnitureLeadTest" time="0.0">
    <skipped/>
  </testcase>
  <testcase name="takeScreenshot" classname="tests.AddFurnitureLeadTest" time="0.0">
    <skipped/>
  </testcase>
  <testcase name="takeScreenshot" classname="tests.AddFurnitureLeadTest" time="0.0">
    <skipped/>
  </testcase>
  <testcase name="takeScreenshot" classname="tests.AddFurnitureLeadTest" time="0.0">
    <skipped/>
  </testcase>
  <testcase name="takeScreenshot" classname="tests.AddFurnitureLeadTest" time="0.0">
    <skipped/>
  </testcase>
  <testcase name="takeScreenshot" classname="tests.AddFurnitureLeadTest" time="0.0">
    <skipped/>
  </testcase>
  <testcase name="takeScreenshot" classname="tests.AddFurnitureLeadTest" time="0.0">
    <skipped/>
  </testcase>
  <testcase name="takeScreenshot" classname="tests.AddFurnitureLeadTest" time="0.0">
    <skipped/>
  </testcase>
  <testcase name="takeScreenshot" classname="tests.AddFurnitureLeadTest" time="0.0">
    <skipped/>
  </testcase>
  <testcase name="takeScreenshot" classname="tests.AddFurnitureLeadTest" time="0.0">
    <skipped/>
  </testcase>
  <testcase name="takeScreenshot" classname="tests.AddFurnitureLeadTest" time="0.0">
    <skipped/>
  </testcase>
  <testcase name="takeScreenshot" classname="tests.AddFurnitureLeadTest" time="0.0">
    <skipped/>
  </testcase>
  <testcase name="takeScreenshot" classname="tests.AddFurnitureLeadTest" time="0.0">
    <skipped/>
  </testcase>
  <testcase name="takeScreenshot" classname="tests.AddFurnitureLeadTest" time="0.0">
    <skipped/>
  </testcase>
  <testcase name="takeScreenshot" classname="tests.AddFurnitureLeadTest" time="0.0">
    <skipped/>
  </testcase>
  <testcase name="takeScreenshot" classname="tests.AddFurnitureLeadTest" time="0.0">
    <skipped/>
  </testcase>
  <testcase name="takeScreenshot" classname="tests.AddFurnitureLeadTest" time="0.0">
    <skipped/>
  </testcase>
  <testcase name="takeScreenshot" classname="tests.AddFurnitureLeadTest" time="0.0">
    <skipped/>
  </testcase>
  <testcase name="takeScreenshot" classname="tests.AddFurnitureLeadTest" time="0.0">
    <skipped/>
  </testcase>
  <testcase name="takeScreenshot" classname="tests.AddFurnitureLeadTest" time="0.0">
    <skipped/>
  </testcase>
  <testcase name="takeScreenshot" classname="tests.AddFurnitureLeadTest" time="0.0">
    <skipped/>
  </testcase>
  <testcase name="takeScreenshot" classname="tests.AddFurnitureLeadTest" time="0.0">
    <skipped/>
  </testcase>
  <testcase name="takeScreenshot" classname="tests.AddFurnitureLeadTest" time="0.0">
    <skipped/>
  </testcase>
  <testcase name="takeScreenshot" classname="tests.AddFurnitureLeadTest" time="0.0">
    <skipped/>
  </testcase>
  <testcase name="takeScreenshot" classname="tests.AddFurnitureLeadTest" time="0.0">
    <skipped/>
  </testcase>
  <testcase name="takeScreenshot" classname="tests.AddFurnitureLeadTest" time="0.0">
    <skipped/>
  </testcase>
  <testcase name="takeScreenshot" classname="tests.AddFurnitureLeadTest" time="0.0">
    <skipped/>
  </testcase>
  <testcase name="takeScreenshot" classname="tests.AddFurnitureLeadTest" time="0.0">
    <skipped/>
  </testcase>
  <testcase name="takeScreenshot" classname="tests.AddFurnitureLeadTest" time="0.0">
    <skipped/>
  </testcase>
  <testcase name="takeScreenshot" classname="tests.AddFurnitureLeadTest" time="0.0">
    <skipped/>
  </testcase>
  <testcase name="takeScreenshot" classname="tests.AddFurnitureLeadTest" time="0.0">
    <skipped/>
  </testcase>
  <testcase name="takeScreenshot" classname="tests.AddFurnitureLeadTest" time="0.0">
    <skipped/>
  </testcase>
  <testcase name="takeScreenshot" classname="tests.AddFurnitureLeadTest" time="0.0">
    <skipped/>
  </testcase>
  <testcase name="takeScreenshot" classname="tests.AddFurnitureLeadTest" time="0.0">
    <skipped/>
  </testcase>
  <testcase name="takeScreenshot" classname="tests.AddFurnitureLeadTest" time="0.0">
    <skipped/>
  </testcase>
  <testcase name="takeScreenshot" classname="tests.AddFurnitureLeadTest" time="0.0">
    <skipped/>
  </testcase>
  <testcase name="takeScreenshot" classname="tests.AddFurnitureLeadTest" time="0.0">
    <skipped/>
  </testcase>
  <testcase name="takeScreenshot" classname="tests.AddFurnitureLeadTest" time="0.0">
    <skipped/>
  </testcase>
  <testcase name="takeScreenshot" classname="tests.AddFurnitureLeadTest" time="0.0">
    <skipped/>
  </testcase>
  <testcase name="takeScreenshot" classname="tests.AddFurnitureLeadTest" time="0.0">
    <skipped/>
  </testcase>
  <testcase name="takeScreenshot" classname="tests.AddFurnitureLeadTest" time="0.0">
    <skipped/>
  </testcase>
  <testcase name="takeScreenshot" classname="tests.AddFurnitureLeadTest" time="0.0">
    <skipped/>
  </testcase>
  <testcase name="takeScreenshot" classname="tests.AddFurnitureLeadTest" time="0.0">
    <skipped/>
  </testcase>
  <testcase name="takeScreenshot" classname="tests.AddFurnitureLeadTest" time="0.0">
    <skipped/>
  </testcase>
  <testcase name="takeScreenshot" classname="tests.AddFurnitureLeadTest" time="0.0">
    <skipped/>
  </testcase>
  <testcase name="takeScreenshot" classname="tests.AddFurnitureLeadTest" time="0.0">
    <skipped/>
  </testcase>
  <testcase name="takeScreenshot" classname="tests.AddFurnitureLeadTest" time="0.0">
    <skipped/>
  </testcase>
  <testcase name="takeScreenshot" classname="tests.AddFurnitureLeadTest" time="0.0">
    <skipped/>
  </testcase>
  <testcase name="takeScreenshot" classname="tests.AddFurnitureLeadTest" time="0.0">
    <skipped/>
  </testcase>
  <testcase name="takeScreenshot" classname="tests.AddFurnitureLeadTest" time="0.0">
    <skipped/>
  </testcase>
  <testcase name="takeScreenshot" classname="tests.AddFurnitureLeadTest" time="0.0">
    <skipped/>
  </testcase>
  <testcase name="takeScreenshot" classname="tests.AddFurnitureLeadTest" time="0.0">
    <skipped/>
  </testcase>
  <testcase name="takeScreenshot" classname="tests.AddFurnitureLeadTest" time="0.0">
    <skipped/>
  </testcase>
  <testcase name="takeScreenshot" classname="tests.AddFurnitureLeadTest" time="0.0">
    <skipped/>
  </testcase>
  <testcase name="takeScreenshot" classname="tests.AddFurnitureLeadTest" time="0.0">
    <skipped/>
  </testcase>
  <testcase name="takeScreenshot" classname="tests.AddFurnitureLeadTest" time="0.0">
    <skipped/>
  </testcase>
  <testcase name="takeScreenshot" classname="tests.AddFurnitureLeadTest" time="0.0">
    <skipped/>
  </testcase>
  <testcase name="takeScreenshot" classname="tests.AddFurnitureLeadTest" time="0.0">
    <skipped/>
  </testcase>
  <testcase name="takeScreenshot" classname="tests.AddFurnitureLeadTest" time="0.0">
    <skipped/>
  </testcase>
  <testcase name="takeScreenshot" classname="tests.AddFurnitureLeadTest" time="0.0">
    <skipped/>
  </testcase>
  <testcase name="takeScreenshot" classname="tests.AddFurnitureLeadTest" time="0.0">
    <skipped/>
  </testcase>
  <testcase name="takeScreenshot" classname="tests.AddFurnitureLeadTest" time="0.0">
    <skipped/>
  </testcase>
  <testcase name="takeScreenshot" classname="tests.AddFurnitureLeadTest" time="0.0">
    <skipped/>
  </testcase>
  <testcase name="takeScreenshot" classname="tests.AddFurnitureLeadTest" time="0.0">
    <skipped/>
  </testcase>
  <testcase name="takeScreenshot" classname="tests.AddFurnitureLeadTest" time="0.0">
    <skipped/>
  </testcase>
  <testcase name="takeScreenshot" classname="tests.AddFurnitureLeadTest" time="0.0">
    <skipped/>
  </testcase>
  <testcase name="takeScreenshot" classname="tests.AddFurnitureLeadTest" time="0.0">
    <skipped/>
  </testcase>
  <testcase name="takeScreenshot" classname="tests.AddFurnitureLeadTest" time="0.0">
    <skipped/>
  </testcase>
  <testcase name="takeScreenshot" classname="tests.AddFurnitureLeadTest" time="0.0">
    <skipped/>
  </testcase>
  <testcase name="takeScreenshot" classname="tests.AddFurnitureLeadTest" time="0.0">
    <skipped/>
  </testcase>
  <testcase name="takeScreenshot" classname="tests.AddFurnitureLeadTest" time="0.0">
    <skipped/>
  </testcase>
  <testcase name="takeScreenshot" classname="tests.AddFurnitureLeadTest" time="0.0">
    <skipped/>
  </testcase>
  <testcase name="takeScreenshot" classname="tests.AddFurnitureLeadTest" time="0.0">
    <skipped/>
  </testcase>
  <testcase name="takeScreenshot" classname="tests.AddFurnitureLeadTest" time="0.0">
    <skipped/>
  </testcase>
  <testcase name="takeScreenshot" classname="tests.AddFurnitureLeadTest" time="0.0">
    <skipped/>
  </testcase>
  <testcase name="takeScreenshot" classname="tests.AddFurnitureLeadTest" time="0.0">
    <skipped/>
  </testcase>
  <testcase name="takeScreenshot" classname="tests.AddFurnitureLeadTest" time="0.0">
    <skipped/>
  </testcase>
  <testcase name="takeScreenshot" classname="tests.AddFurnitureLeadTest" time="0.0">
    <skipped/>
  </testcase>
  <testcase name="takeScreenshot" classname="tests.AddFurnitureLeadTest" time="0.0">
    <skipped/>
  </testcase>
  <testcase name="takeScreenshot" classname="tests.AddFurnitureLeadTest" time="0.0">
    <skipped/>
  </testcase>
  <testcase name="takeScreenshot" classname="tests.AddFurnitureLeadTest" time="0.0">
    <skipped/>
  </testcase>
  <testcase name="takeScreenshot" classname="tests.AddFurnitureLeadTest" time="0.0">
    <skipped/>
  </testcase>
  <testcase name="takeScreenshot" classname="tests.AddFurnitureLeadTest" time="0.0">
    <skipped/>
  </testcase>
  <testcase name="takeScreenshot" classname="tests.AddFurnitureLeadTest" time="0.0">
    <skipped/>
  </testcase>
  <testcase name="takeScreenshot" classname="tests.AddFurnitureLeadTest" time="0.0">
    <skipped/>
  </testcase>
  <testcase name="takeScreenshot" classname="tests.AddFurnitureLeadTest" time="0.0">
    <skipped/>
  </testcase>
  <testcase name="takeScreenshot" classname="tests.AddFurnitureLeadTest" time="0.0">
    <skipped/>
  </testcase>
  <testcase name="takeScreenshot" classname="tests.AddFurnitureLeadTest" time="0.0">
    <skipped/>
  </testcase>
  <testcase name="takeScreenshot" classname="tests.AddFurnitureLeadTest" time="0.0">
    <skipped/>
  </testcase>
  <testcase name="takeScreenshot" classname="tests.AddFurnitureLeadTest" time="0.0">
    <skipped/>
  </testcase>
  <testcase name="takeScreenshot" classname="tests.AddFurnitureLeadTest" time="0.0">
    <skipped/>
  </testcase>
  <testcase name="takeScreenshot" classname="tests.AddFurnitureLeadTest" time="0.0">
    <skipped/>
  </testcase>
  <testcase name="takeScreenshot" classname="tests.AddFurnitureLeadTest" time="0.0">
    <skipped/>
  </testcase>
  <testcase name="takeScreenshot" classname="tests.AddFurnitureLeadTest" time="0.0">
    <skipped/>
  </testcase>
  <testcase name="takeScreenshot" classname="tests.AddFurnitureLeadTest" time="0.0">
    <skipped/>
  </testcase>
  <testcase name="takeScreenshot" classname="tests.AddFurnitureLeadTest" time="0.0">
    <skipped/>
  </testcase>
  <testcase name="takeScreenshot" classname="tests.AddFurnitureLeadTest" time="0.0">
    <skipped/>
  </testcase>
  <testcase name="takeScreenshot" classname="tests.AddFurnitureLeadTest" time="0.0">
    <skipped/>
  </testcase>
  <testcase name="takeScreenshot" classname="tests.AddFurnitureLeadTest" time="0.0">
    <skipped/>
  </testcase>
  <testcase name="takeScreenshot" classname="tests.AddFurnitureLeadTest" time="0.0">
    <skipped/>
  </testcase>
  <testcase name="takeScreenshot" classname="tests.AddFurnitureLeadTest" time="0.0">
    <skipped/>
  </testcase>
  <testcase name="takeScreenshot" classname="tests.AddFurnitureLeadTest" time="0.0">
    <skipped/>
  </testcase>
  <testcase name="takeScreenshot" classname="tests.AddFurnitureLeadTest" time="0.0">
    <skipped/>
  </testcase>
  <testcase name="takeScreenshot" classname="tests.AddFurnitureLeadTest" time="0.0">
    <skipped/>
  </testcase>
  <testcase name="takeScreenshot" classname="tests.AddFurnitureLeadTest" time="0.0">
    <skipped/>
  </testcase>
  <testcase name="takeScreenshot" classname="tests.AddFurnitureLeadTest" time="0.0">
    <skipped/>
  </testcase>
  <testcase name="takeScreenshot" classname="tests.AddFurnitureLeadTest" time="0.0">
    <skipped/>
  </testcase>
  <testcase name="takeScreenshot" classname="tests.AddFurnitureLeadTest" time="0.0">
    <skipped/>
  </testcase>
  <testcase name="takeScreenshot" classname="tests.AddFurnitureLeadTest" time="0.0">
    <skipped/>
  </testcase>
  <testcase name="takeScreenshot" classname="tests.AddFurnitureLeadTest" time="0.0">
    <skipped/>
  </testcase>
  <testcase name="takeScreenshot" classname="tests.AddFurnitureLeadTest" time="0.0">
    <skipped/>
  </testcase>
  <testcase name="takeScreenshot" classname="tests.AddFurnitureLeadTest" time="0.0">
    <skipped/>
  </testcase>
  <testcase name="takeScreenshot" classname="tests.AddFurnitureLeadTest" time="0.0">
    <skipped/>
  </testcase>
  <testcase name="takeScreenshot" classname="tests.AddFurnitureLeadTest" time="0.0">
    <skipped/>
  </testcase>
  <testcase name="takeScreenshot" classname="tests.AddFurnitureLeadTest" time="0.0">
    <skipped/>
  </testcase>
  <testcase name="takeScreenshot" classname="tests.AddFurnitureLeadTest" time="0.0">
    <skipped/>
  </testcase>
  <testcase name="takeScreenshot" classname="tests.AddFurnitureLeadTest" time="0.0">
    <skipped/>
  </testcase>
  <testcase name="takeScreenshot" classname="tests.AddFurnitureLeadTest" time="0.0">
    <skipped/>
  </testcase>
  <testcase name="takeScreenshot" classname="tests.AddFurnitureLeadTest" time="0.0">
    <skipped/>
  </testcase>
  <testcase name="takeScreenshot" classname="tests.AddFurnitureLeadTest" time="0.0">
    <skipped/>
  </testcase>
  <testcase name="takeScreenshot" classname="tests.AddFurnitureLeadTest" time="0.0">
    <skipped/>
  </testcase>
  <testcase name="takeScreenshot" classname="tests.AddFurnitureLeadTest" time="0.0">
    <skipped/>
  </testcase>
  <testcase name="takeScreenshot" classname="tests.AddFurnitureLeadTest" time="0.0">
    <skipped/>
  </testcase>
  <testcase name="takeScreenshot" classname="tests.AddFurnitureLeadTest" time="0.0">
    <skipped/>
  </testcase>
  <testcase name="takeScreenshot" classname="tests.AddFurnitureLeadTest" time="0.0">
    <skipped/>
  </testcase>
  <testcase name="takeScreenshot" classname="tests.AddFurnitureLeadTest" time="0.0">
    <skipped/>
  </testcase>
  <testcase name="takeScreenshot" classname="tests.AddFurnitureLeadTest" time="0.0">
    <skipped/>
  </testcase>
  <testcase name="takeScreenshot" classname="tests.AddFurnitureLeadTest" time="0.0">
    <skipped/>
  </testcase>
  <testcase name="takeScreenshot" classname="tests.AddFurnitureLeadTest" time="0.0">
    <skipped/>
  </testcase>
  <testcase name="takeScreenshot" classname="tests.AddFurnitureLeadTest" time="0.0">
    <skipped/>
  </testcase>
  <testcase name="takeScreenshot" classname="tests.AddFurnitureLeadTest" time="0.0">
    <skipped/>
  </testcase>
  <testcase name="takeScreenshot" classname="tests.AddFurnitureLeadTest" time="0.0">
    <skipped/>
  </testcase>
  <testcase name="takeScreenshot" classname="tests.AddFurnitureLeadTest" time="0.0">
    <skipped/>
  </testcase>
  <testcase name="takeScreenshot" classname="tests.AddFurnitureLeadTest" time="0.0">
    <skipped/>
  </testcase>
  <testcase name="takeScreenshot" classname="tests.AddFurnitureLeadTest" time="0.0">
    <skipped/>
  </testcase>
  <testcase name="takeScreenshot" classname="tests.AddFurnitureLeadTest" time="0.0">
    <skipped/>
  </testcase>
  <testcase name="takeScreenshot" classname="tests.AddFurnitureLeadTest" time="0.0">
    <skipped/>
  </testcase>
  <testcase name="takeScreenshot" classname="tests.AddFurnitureLeadTest" time="0.0">
    <skipped/>
  </testcase>
  <testcase name="takeScreenshot" classname="tests.AddFurnitureLeadTest" time="0.0">
    <skipped/>
  </testcase>
  <testcase name="takeScreenshot" classname="tests.AddFurnitureLeadTest" time="0.0">
    <skipped/>
  </testcase>
  <testcase name="takeScreenshot" classname="tests.AddFurnitureLeadTest" time="0.0">
    <skipped/>
  </testcase>
  <testcase name="takeScreenshot" classname="tests.AddFurnitureLeadTest" time="0.0">
    <skipped/>
  </testcase>
  <testcase name="takeScreenshot" classname="tests.AddFurnitureLeadTest" time="0.0">
    <skipped/>
  </testcase>
  <testcase name="takeScreenshot" classname="tests.AddFurnitureLeadTest" time="0.0">
    <skipped/>
  </testcase>
  <testcase name="takeScreenshot" classname="tests.AddFurnitureLeadTest" time="0.0">
    <skipped/>
  </testcase>
  <testcase name="takeScreenshot" classname="tests.AddFurnitureLeadTest" time="0.0">
    <skipped/>
  </testcase>
  <testcase name="takeScreenshot" classname="tests.AddFurnitureLeadTest" time="0.0">
    <skipped/>
  </testcase>
  <testcase name="takeScreenshot" classname="tests.AddFurnitureLeadTest" time="0.0">
    <skipped/>
  </testcase>
  <testcase name="takeScreenshot" classname="tests.AddFurnitureLeadTest" time="0.0">
    <skipped/>
  </testcase>
  <testcase name="takeScreenshot" classname="tests.AddFurnitureLeadTest" time="0.0">
    <skipped/>
  </testcase>
  <testcase name="takeScreenshot" classname="tests.AddFurnitureLeadTest" time="0.0">
    <skipped/>
  </testcase>
  <testcase name="takeScreenshot" classname="tests.AddFurnitureLeadTest" time="0.0">
    <skipped/>
  </testcase>
  <testcase name="takeScreenshot" classname="tests.AddFurnitureLeadTest" time="0.0">
    <skipped/>
  </testcase>
  <testcase name="takeScreenshot" classname="tests.AddFurnitureLeadTest" time="0.0">
    <skipped/>
  </testcase>
  <testcase name="takeScreenshot" classname="tests.AddFurnitureLeadTest" time="0.0">
    <skipped/>
  </testcase>
  <testcase name="takeScreenshot" classname="tests.AddFurnitureLeadTest" time="0.0">
    <skipped/>
  </testcase>
  <testcase name="takeScreenshot" classname="tests.AddFurnitureLeadTest" time="0.0">
    <skipped/>
  </testcase>
  <testcase name="takeScreenshot" classname="tests.AddFurnitureLeadTest" time="0.0">
    <skipped/>
  </testcase>
  <testcase name="takeScreenshot" classname="tests.AddFurnitureLeadTest" time="0.0">
    <skipped/>
  </testcase>
  <testcase name="takeScreenshot" classname="tests.AddFurnitureLeadTest" time="0.0">
    <skipped/>
  </testcase>
  <testcase name="takeScreenshot" classname="tests.AddFurnitureLeadTest" time="0.0">
    <skipped/>
  </testcase>
  <testcase name="takeScreenshot" classname="tests.AddFurnitureLeadTest" time="0.0">
    <skipped/>
  </testcase>
  <testcase name="takeScreenshot" classname="tests.AddFurnitureLeadTest" time="0.0">
    <skipped/>
  </testcase>
  <testcase name="takeScreenshot" classname="tests.AddFurnitureLeadTest" time="0.0">
    <skipped/>
  </testcase>
  <testcase name="takeScreenshot" classname="tests.AddFurnitureLeadTest" time="0.0">
    <skipped/>
  </testcase>
  <testcase name="takeScreenshot" classname="tests.AddFurnitureLeadTest" time="0.0">
    <skipped/>
  </testcase>
  <testcase name="takeScreenshot" classname="tests.AddFurnitureLeadTest" time="0.0">
    <skipped/>
  </testcase>
  <testcase name="takeScreenshot" classname="tests.AddFurnitureLeadTest" time="0.0">
    <skipped/>
  </testcase>
  <testcase name="takeScreenshot" classname="tests.AddFurnitureLeadTest" time="0.0">
    <skipped/>
  </testcase>
  <testcase name="takeScreenshot" classname="tests.AddFurnitureLeadTest" time="0.0">
    <skipped/>
  </testcase>
  <testcase name="takeScreenshot" classname="tests.AddFurnitureLeadTest" time="0.0">
    <skipped/>
  </testcase>
  <testcase name="takeScreenshot" classname="tests.AddFurnitureLeadTest" time="0.0">
    <skipped/>
  </testcase>
  <testcase name="takeScreenshot" classname="tests.AddFurnitureLeadTest" time="0.0">
    <skipped/>
  </testcase>
  <testcase name="takeScreenshot" classname="tests.AddFurnitureLeadTest" time="0.0">
    <skipped/>
  </testcase>
  <testcase name="takeScreenshot" classname="tests.AddFurnitureLeadTest" time="0.0">
    <skipped/>
  </testcase>
  <testcase name="takeScreenshot" classname="tests.AddFurnitureLeadTest" time="0.0">
    <skipped/>
  </testcase>
  <testcase name="takeScreenshot" classname="tests.AddFurnitureLeadTest" time="0.0">
    <skipped/>
  </testcase>
  <testcase name="takeScreenshot" classname="tests.AddFurnitureLeadTest" time="0.0">
    <skipped/>
  </testcase>
  <testcase name="takeScreenshot" classname="tests.AddFurnitureLeadTest" time="0.0">
    <skipped/>
  </testcase>
  <testcase name="takeScreenshot" classname="tests.AddFurnitureLeadTest" time="0.0">
    <skipped/>
  </testcase>
  <testcase name="takeScreenshot" classname="tests.AddFurnitureLeadTest" time="0.0">
    <skipped/>
  </testcase>
  <testcase name="takeScreenshot" classname="tests.AddFurnitureLeadTest" time="0.0">
    <skipped/>
  </testcase>
  <testcase name="takeScreenshot" classname="tests.AddFurnitureLeadTest" time="0.0">
    <skipped/>
  </testcase>
  <testcase name="takeScreenshot" classname="tests.AddFurnitureLeadTest" time="0.0">
    <skipped/>
  </testcase>
  <testcase name="takeScreenshot" classname="tests.AddFurnitureLeadTest" time="0.0">
    <skipped/>
  </testcase>
  <testcase name="takeScreenshot" classname="tests.AddFurnitureLeadTest" time="0.0">
    <skipped/>
  </testcase>
  <testcase name="takeScreenshot" classname="tests.AddFurnitureLeadTest" time="0.0">
    <skipped/>
  </testcase>
  <testcase name="takeScreenshot" classname="tests.AddFurnitureLeadTest" time="0.0">
    <skipped/>
  </testcase>
  <testcase name="takeScreenshot" classname="tests.AddFurnitureLeadTest" time="0.0">
    <skipped/>
  </testcase>
  <testcase name="takeScreenshot" classname="tests.AddFurnitureLeadTest" time="0.0">
    <skipped/>
  </testcase>
  <testcase name="takeScreenshot" classname="tests.AddFurnitureLeadTest" time="0.0">
    <skipped/>
  </testcase>
  <testcase name="takeScreenshot" classname="tests.AddFurnitureLeadTest" time="0.0">
    <skipped/>
  </testcase>
  <testcase name="takeScreenshot" classname="tests.AddFurnitureLeadTest" time="0.0">
    <skipped/>
  </testcase>
  <testcase name="takeScreenshot" classname="tests.AddFurnitureLeadTest" time="0.0">
    <skipped/>
  </testcase>
  <testcase name="takeScreenshot" classname="tests.AddFurnitureLeadTest" time="0.0">
    <skipped/>
  </testcase>
  <testcase name="takeScreenshot" classname="tests.AddFurnitureLeadTest" time="0.0">
    <skipped/>
  </testcase>
  <testcase name="takeScreenshot" classname="tests.AddFurnitureLeadTest" time="0.0">
    <skipped/>
  </testcase>
  <testcase name="takeScreenshot" classname="tests.AddFurnitureLeadTest" time="0.0">
    <skipped/>
  </testcase>
  <testcase name="takeScreenshot" classname="tests.AddFurnitureLeadTest" time="0.0">
    <skipped/>
  </testcase>
  <testcase name="takeScreenshot" classname="tests.AddFurnitureLeadTest" time="0.0">
    <skipped/>
  </testcase>
  <testcase name="takeScreenshot" classname="tests.AddFurnitureLeadTest" time="0.0">
    <skipped/>
  </testcase>
  <testcase name="takeScreenshot" classname="tests.AddFurnitureLeadTest" time="0.0">
    <skipped/>
  </testcase>
  <testcase name="takeScreenshot" classname="tests.AddFurnitureLeadTest" time="0.0">
    <skipped/>
  </testcase>
  <testcase name="takeScreenshot" classname="tests.AddFurnitureLeadTest" time="0.0">
    <skipped/>
  </testcase>
  <testcase name="takeScreenshot" classname="tests.AddFurnitureLeadTest" time="0.0">
    <skipped/>
  </testcase>
  <testcase name="takeScreenshot" classname="tests.AddFurnitureLeadTest" time="0.0">
    <skipped/>
  </testcase>
  <testcase name="takeScreenshot" classname="tests.AddFurnitureLeadTest" time="0.0">
    <skipped/>
  </testcase>
  <testcase name="takeScreenshot" classname="tests.AddFurnitureLeadTest" time="0.0">
    <skipped/>
  </testcase>
  <testcase name="takeScreenshot" classname="tests.AddFurnitureLeadTest" time="0.0">
    <skipped/>
  </testcase>
  <testcase name="takeScreenshot" classname="tests.AddFurnitureLeadTest" time="0.0">
    <skipped/>
  </testcase>
  <testcase name="takeScreenshot" classname="tests.AddFurnitureLeadTest" time="0.0">
    <skipped/>
  </testcase>
  <testcase name="takeScreenshot" classname="tests.AddFurnitureLeadTest" time="0.0">
    <skipped/>
  </testcase>
  <testcase name="takeScreenshot" classname="tests.AddFurnitureLeadTest" time="0.0">
    <skipped/>
  </testcase>
  <testcase name="takeScreenshot" classname="tests.AddFurnitureLeadTest" time="0.0">
    <skipped/>
  </testcase>
  <testcase name="takeScreenshot" classname="tests.AddFurnitureLeadTest" time="0.0">
    <skipped/>
  </testcase>
  <testcase name="takeScreenshot" classname="tests.AddFurnitureLeadTest" time="0.0">
    <skipped/>
  </testcase>
  <testcase name="takeScreenshot" classname="tests.AddFurnitureLeadTest" time="0.0">
    <skipped/>
  </testcase>
  <testcase name="takeScreenshot" classname="tests.AddFurnitureLeadTest" time="0.0">
    <skipped/>
  </testcase>
  <testcase name="takeScreenshot" classname="tests.AddFurnitureLeadTest" time="0.0">
    <skipped/>
  </testcase>
  <testcase name="takeScreenshot" classname="tests.AddFurnitureLeadTest" time="0.0">
    <skipped/>
  </testcase>
  <testcase name="takeScreenshot" classname="tests.AddFurnitureLeadTest" time="0.0">
    <skipped/>
  </testcase>
  <testcase name="takeScreenshot" classname="tests.AddFurnitureLeadTest" time="0.0">
    <skipped/>
  </testcase>
  <testcase name="takeScreenshot" classname="tests.AddFurnitureLeadTest" time="0.0">
    <skipped/>
  </testcase>
  <testcase name="takeScreenshot" classname="tests.AddFurnitureLeadTest" time="0.0">
    <skipped/>
  </testcase>
  <testcase name="takeScreenshot" classname="tests.AddFurnitureLeadTest" time="0.0">
    <skipped/>
  </testcase>
  <testcase name="takeScreenshot" classname="tests.AddFurnitureLeadTest" time="0.0">
    <skipped/>
  </testcase>
  <testcase name="takeScreenshot" classname="tests.AddFurnitureLeadTest" time="0.0">
    <skipped/>
  </testcase>
  <testcase name="takeScreenshot" classname="tests.AddFurnitureLeadTest" time="0.0">
    <skipped/>
  </testcase>
  <testcase name="takeScreenshot" classname="tests.AddFurnitureLeadTest" time="0.0">
    <skipped/>
  </testcase>
  <testcase name="takeScreenshot" classname="tests.AddFurnitureLeadTest" time="0.0">
    <skipped/>
  </testcase>
  <testcase name="takeScreenshot" classname="tests.AddFurnitureLeadTest" time="0.0">
    <skipped/>
  </testcase>
  <testcase name="takeScreenshot" classname="tests.AddFurnitureLeadTest" time="0.0">
    <skipped/>
  </testcase>
  <testcase name="takeScreenshot" classname="tests.AddFurnitureLeadTest" time="0.0">
    <skipped/>
  </testcase>
  <testcase name="takeScreenshot" classname="tests.AddFurnitureLeadTest" time="0.0">
    <skipped/>
  </testcase>
  <testcase name="takeScreenshot" classname="tests.AddFurnitureLeadTest" time="0.0">
    <skipped/>
  </testcase>
  <testcase name="takeScreenshot" classname="tests.AddFurnitureLeadTest" time="0.0">
    <skipped/>
  </testcase>
  <testcase name="takeScreenshot" classname="tests.AddFurnitureLeadTest" time="0.0">
    <skipped/>
  </testcase>
  <testcase name="takeScreenshot" classname="tests.AddFurnitureLeadTest" time="0.0">
    <skipped/>
  </testcase>
  <testcase name="takeScreenshot" classname="tests.AddFurnitureLeadTest" time="0.0">
    <skipped/>
  </testcase>
  <testcase name="takeScreenshot" classname="tests.AddFurnitureLeadTest" time="0.0">
    <skipped/>
  </testcase>
  <testcase name="takeScreenshot" classname="tests.AddFurnitureLeadTest" time="0.0">
    <skipped/>
  </testcase>
  <testcase name="takeScreenshot" classname="tests.AddFurnitureLeadTest" time="0.0">
    <skipped/>
  </testcase>
  <testcase name="takeScreenshot" classname="tests.AddFurnitureLeadTest" time="0.0">
    <skipped/>
  </testcase>
  <testcase name="takeScreenshot" classname="tests.AddFurnitureLeadTest" time="0.0">
    <skipped/>
  </testcase>
  <testcase name="takeScreenshot" classname="tests.AddFurnitureLeadTest" time="0.0">
    <skipped/>
  </testcase>
  <testcase name="takeScreenshot" classname="tests.AddFurnitureLeadTest" time="0.0">
    <skipped/>
  </testcase>
  <testcase name="takeScreenshot" classname="tests.AddFurnitureLeadTest" time="0.0">
    <skipped/>
  </testcase>
  <testcase name="takeScreenshot" classname="tests.AddFurnitureLeadTest" time="0.0">
    <skipped/>
  </testcase>
  <testcase name="takeScreenshot" classname="tests.AddFurnitureLeadTest" time="0.0">
    <skipped/>
  </testcase>
  <testcase name="takeScreenshot" classname="tests.AddFurnitureLeadTest" time="0.0">
    <skipped/>
  </testcase>
  <testcase name="takeScreenshot" classname="tests.AddFurnitureLeadTest" time="0.0">
    <skipped/>
  </testcase>
  <testcase name="takeScreenshot" classname="tests.AddFurnitureLeadTest" time="0.0">
    <skipped/>
  </testcase>
  <testcase name="takeScreenshot" classname="tests.AddFurnitureLeadTest" time="0.0">
    <skipped/>
  </testcase>
  <testcase name="takeScreenshot" classname="tests.AddFurnitureLeadTest" time="0.0">
    <skipped/>
  </testcase>
  <testcase name="takeScreenshot" classname="tests.AddFurnitureLeadTest" time="0.0">
    <skipped/>
  </testcase>
  <testcase name="takeScreenshot" classname="tests.AddFurnitureLeadTest" time="0.0">
    <skipped/>
  </testcase>
  <testcase name="takeScreenshot" classname="tests.AddFurnitureLeadTest" time="0.0">
    <skipped/>
  </testcase>
  <testcase name="takeScreenshot" classname="tests.AddFurnitureLeadTest" time="0.0">
    <skipped/>
  </testcase>
  <testcase name="takeScreenshot" classname="tests.AddFurnitureLeadTest" time="0.0">
    <skipped/>
  </testcase>
  <testcase name="takeScreenshot" classname="tests.AddFurnitureLeadTest" time="0.0">
    <skipped/>
  </testcase>
  <testcase name="takeScreenshot" classname="tests.AddFurnitureLeadTest" time="0.0">
    <skipped/>
  </testcase>
  <testcase name="takeScreenshot" classname="tests.AddFurnitureLeadTest" time="0.0">
    <skipped/>
  </testcase>
  <testcase name="takeScreenshot" classname="tests.AddFurnitureLeadTest" time="0.0">
    <skipped/>
  </testcase>
  <testcase name="takeScreenshot" classname="tests.AddFurnitureLeadTest" time="0.0">
    <skipped/>
  </testcase>
  <testcase name="takeScreenshot" classname="tests.AddFurnitureLeadTest" time="0.0">
    <skipped/>
  </testcase>
  <testcase name="takeScreenshot" classname="tests.AddFurnitureLeadTest" time="0.0">
    <skipped/>
  </testcase>
  <testcase name="takeScreenshot" classname="tests.AddFurnitureLeadTest" time="0.0">
    <skipped/>
  </testcase>
  <testcase name="takeScreenshot" classname="tests.AddFurnitureLeadTest" time="0.0">
    <skipped/>
  </testcase>
  <testcase name="takeScreenshot" classname="tests.AddFurnitureLeadTest" time="0.0">
    <skipped/>
  </testcase>
  <testcase name="takeScreenshot" classname="tests.AddFurnitureLeadTest" time="0.0">
    <skipped/>
  </testcase>
  <testcase name="takeScreenshot" classname="tests.AddFurnitureLeadTest" time="0.0">
    <skipped/>
  </testcase>
  <testcase name="takeScreenshot" classname="tests.AddFurnitureLeadTest" time="0.0">
    <skipped/>
  </testcase>
  <testcase name="takeScreenshot" classname="tests.AddFurnitureLeadTest" time="0.0">
    <skipped/>
  </testcase>
  <testcase name="takeScreenshot" classname="tests.AddFurnitureLeadTest" time="0.0">
    <skipped/>
  </testcase>
  <testcase name="takeScreenshot" classname="tests.AddFurnitureLeadTest" time="0.0">
    <skipped/>
  </testcase>
  <testcase name="takeScreenshot" classname="tests.AddFurnitureLeadTest" time="0.0">
    <skipped/>
  </testcase>
  <testcase name="takeScreenshot" classname="tests.AddFurnitureLeadTest" time="0.0">
    <skipped/>
  </testcase>
  <testcase name="takeScreenshot" classname="tests.AddFurnitureLeadTest" time="0.0">
    <skipped/>
  </testcase>
  <testcase name="takeScreenshot" classname="tests.AddFurnitureLeadTest" time="0.0">
    <skipped/>
  </testcase>
  <testcase name="takeScreenshot" classname="tests.AddFurnitureLeadTest" time="0.0">
    <skipped/>
  </testcase>
  <testcase name="takeScreenshot" classname="tests.AddFurnitureLeadTest" time="0.0">
    <skipped/>
  </testcase>
  <testcase name="takeScreenshot" classname="tests.AddFurnitureLeadTest" time="0.0">
    <skipped/>
  </testcase>
  <testcase name="takeScreenshot" classname="tests.AddFurnitureLeadTest" time="0.0">
    <skipped/>
  </testcase>
  <testcase name="takeScreenshot" classname="tests.AddFurnitureLeadTest" time="0.0">
    <skipped/>
  </testcase>
  <testcase name="takeScreenshot" classname="tests.AddFurnitureLeadTest" time="0.0">
    <skipped/>
  </testcase>
  <testcase name="takeScreenshot" classname="tests.AddFurnitureLeadTest" time="0.0">
    <skipped/>
  </testcase>
  <testcase name="takeScreenshot" classname="tests.AddFurnitureLeadTest" time="0.0">
    <skipped/>
  </testcase>
  <testcase name="takeScreenshot" classname="tests.AddFurnitureLeadTest" time="0.0">
    <skipped/>
  </testcase>
  <testcase name="takeScreenshot" classname="tests.AddFurnitureLeadTest" time="0.0">
    <skipped/>
  </testcase>
  <testcase name="takeScreenshot" classname="tests.AddFurnitureLeadTest" time="0.0">
    <skipped/>
  </testcase>
  <testcase name="takeScreenshot" classname="tests.AddFurnitureLeadTest" time="0.0">
    <skipped/>
  </testcase>
  <testcase name="takeScreenshot" classname="tests.AddFurnitureLeadTest" time="0.0">
    <skipped/>
  </testcase>
  <testcase name="takeScreenshot" classname="tests.AddFurnitureLeadTest" time="0.0">
    <skipped/>
  </testcase>
  <testcase name="takeScreenshot" classname="tests.AddFurnitureLeadTest" time="0.0">
    <skipped/>
  </testcase>
  <testcase name="takeScreenshot" classname="tests.AddFurnitureLeadTest" time="0.0">
    <skipped/>
  </testcase>
  <testcase name="takeScreenshot" classname="tests.AddFurnitureLeadTest" time="0.0">
    <skipped/>
  </testcase>
  <testcase name="takeScreenshot" classname="tests.AddFurnitureLeadTest" time="0.0">
    <skipped/>
  </testcase>
  <testcase name="takeScreenshot" classname="tests.AddFurnitureLeadTest" time="0.0">
    <skipped/>
  </testcase>
  <testcase name="takeScreenshot" classname="tests.AddFurnitureLeadTest" time="0.0">
    <skipped/>
  </testcase>
  <testcase name="takeScreenshot" classname="tests.AddFurnitureLeadTest" time="0.0">
    <skipped/>
  </testcase>
  <testcase name="takeScreenshot" classname="tests.AddFurnitureLeadTest" time="0.0">
    <skipped/>
  </testcase>
  <testcase name="takeScreenshot" classname="tests.AddFurnitureLeadTest" time="0.0">
    <skipped/>
  </testcase>
  <testcase name="takeScreenshot" classname="tests.AddFurnitureLeadTest" time="0.0">
    <skipped/>
  </testcase>
  <testcase name="takeScreenshot" classname="tests.AddFurnitureLeadTest" time="0.0">
    <skipped/>
  </testcase>
  <testcase name="takeScreenshot" classname="tests.AddFurnitureLeadTest" time="0.0">
    <skipped/>
  </testcase>
  <testcase name="takeScreenshot" classname="tests.AddFurnitureLeadTest" time="0.0">
    <skipped/>
  </testcase>
  <testcase name="takeScreenshot" classname="tests.AddFurnitureLeadTest" time="0.0">
    <skipped/>
  </testcase>
  <testcase name="takeScreenshot" classname="tests.AddFurnitureLeadTest" time="0.0">
    <skipped/>
  </testcase>
  <testcase name="takeScreenshot" classname="tests.AddFurnitureLeadTest" time="0.0">
    <skipped/>
  </testcase>
  <testcase name="takeScreenshot" classname="tests.AddFurnitureLeadTest" time="0.0">
    <skipped/>
  </testcase>
  <testcase name="takeScreenshot" classname="tests.AddFurnitureLeadTest" time="0.0">
    <skipped/>
  </testcase>
  <testcase name="takeScreenshot" classname="tests.AddFurnitureLeadTest" time="0.0">
    <skipped/>
  </testcase>
  <testcase name="takeScreenshot" classname="tests.AddFurnitureLeadTest" time="0.0">
    <skipped/>
  </testcase>
  <testcase name="takeScreenshot" classname="tests.AddFurnitureLeadTest" time="0.0">
    <skipped/>
  </testcase>
  <testcase name="takeScreenshot" classname="tests.AddFurnitureLeadTest" time="0.0">
    <skipped/>
  </testcase>
  <testcase name="takeScreenshot" classname="tests.AddFurnitureLeadTest" time="0.0">
    <skipped/>
  </testcase>
  <testcase name="takeScreenshot" classname="tests.AddFurnitureLeadTest" time="0.0">
    <skipped/>
  </testcase>
  <testcase name="takeScreenshot" classname="tests.AddFurnitureLeadTest" time="0.0">
    <skipped/>
  </testcase>
  <testcase name="takeScreenshot" classname="tests.AddFurnitureLeadTest" time="0.0">
    <skipped/>
  </testcase>
  <testcase name="takeScreenshot" classname="tests.AddFurnitureLeadTest" time="0.0">
    <skipped/>
  </testcase>
  <testcase name="takeScreenshot" classname="tests.AddFurnitureLeadTest" time="0.0">
    <skipped/>
  </testcase>
  <testcase name="takeScreenshot" classname="tests.AddFurnitureLeadTest" time="0.0">
    <skipped/>
  </testcase>
  <testcase name="takeScreenshot" classname="tests.AddFurnitureLeadTest" time="0.0">
    <skipped/>
  </testcase>
  <testcase name="takeScreenshot" classname="tests.AddFurnitureLeadTest" time="0.0">
    <skipped/>
  </testcase>
  <testcase name="takeScreenshot" classname="tests.AddFurnitureLeadTest" time="0.0">
    <skipped/>
  </testcase>
  <testcase name="takeScreenshot" classname="tests.AddFurnitureLeadTest" time="0.0">
    <skipped/>
  </testcase>
  <testcase name="takeScreenshot" classname="tests.AddFurnitureLeadTest" time="0.0">
    <skipped/>
  </testcase>
  <testcase name="takeScreenshot" classname="tests.AddFurnitureLeadTest" time="0.0">
    <skipped/>
  </testcase>
  <testcase name="takeScreenshot" classname="tests.AddFurnitureLeadTest" time="0.0">
    <skipped/>
  </testcase>
  <testcase name="takeScreenshot" classname="tests.AddFurnitureLeadTest" time="0.0">
    <skipped/>
  </testcase>
  <testcase name="takeScreenshot" classname="tests.AddFurnitureLeadTest" time="0.0">
    <skipped/>
  </testcase>
  <testcase name="takeScreenshot" classname="tests.AddFurnitureLeadTest" time="0.0">
    <skipped/>
  </testcase>
  <testcase name="takeScreenshot" classname="tests.AddFurnitureLeadTest" time="0.0">
    <skipped/>
  </testcase>
  <testcase name="takeScreenshot" classname="tests.AddFurnitureLeadTest" time="0.0">
    <skipped/>
  </testcase>
  <testcase name="takeScreenshot" classname="tests.AddFurnitureLeadTest" time="0.0">
    <skipped/>
  </testcase>
  <testcase name="takeScreenshot" classname="tests.AddFurnitureLeadTest" time="0.0">
    <skipped/>
  </testcase>
  <testcase name="takeScreenshot" classname="tests.AddFurnitureLeadTest" time="0.0">
    <skipped/>
  </testcase>
  <testcase name="takeScreenshot" classname="tests.AddFurnitureLeadTest" time="0.0">
    <skipped/>
  </testcase>
  <testcase name="takeScreenshot" classname="tests.AddFurnitureLeadTest" time="0.0">
    <skipped/>
  </testcase>
  <testcase name="takeScreenshot" classname="tests.AddFurnitureLeadTest" time="0.0">
    <skipped/>
  </testcase>
  <testcase name="takeScreenshot" classname="tests.AddFurnitureLeadTest" time="0.0">
    <skipped/>
  </testcase>
  <testcase name="takeScreenshot" classname="tests.AddFurnitureLeadTest" time="0.0">
    <skipped/>
  </testcase>
  <testcase name="takeScreenshot" classname="tests.AddFurnitureLeadTest" time="0.0">
    <skipped/>
  </testcase>
  <testcase name="takeScreenshot" classname="tests.AddFurnitureLeadTest" time="0.0">
    <skipped/>
  </testcase>
  <testcase name="takeScreenshot" classname="tests.AddFurnitureLeadTest" time="0.0">
    <skipped/>
  </testcase>
  <testcase name="takeScreenshot" classname="tests.AddFurnitureLeadTest" time="0.0">
    <skipped/>
  </testcase>
  <testcase name="takeScreenshot" classname="tests.AddFurnitureLeadTest" time="0.0">
    <skipped/>
  </testcase>
  <testcase name="takeScreenshot" classname="tests.AddFurnitureLeadTest" time="0.0">
    <skipped/>
  </testcase>
  <testcase name="takeScreenshot" classname="tests.AddFurnitureLeadTest" time="0.0">
    <skipped/>
  </testcase>
  <testcase name="takeScreenshot" classname="tests.AddFurnitureLeadTest" time="0.0">
    <skipped/>
  </testcase>
  <testcase name="takeScreenshot" classname="tests.AddFurnitureLeadTest" time="0.0">
    <skipped/>
  </testcase>
  <testcase name="takeScreenshot" classname="tests.AddFurnitureLeadTest" time="0.0">
    <skipped/>
  </testcase>
  <testcase name="takeScreenshot" classname="tests.AddFurnitureLeadTest" time="0.0">
    <skipped/>
  </testcase>
  <testcase name="takeScreenshot" classname="tests.AddFurnitureLeadTest" time="0.0">
    <skipped/>
  </testcase>
  <testcase name="takeScreenshot" classname="tests.AddFurnitureLeadTest" time="0.0">
    <skipped/>
  </testcase>
  <testcase name="takeScreenshot" classname="tests.AddFurnitureLeadTest" time="0.0">
    <skipped/>
  </testcase>
  <testcase name="takeScreenshot" classname="tests.AddFurnitureLeadTest" time="0.0">
    <skipped/>
  </testcase>
  <testcase name="takeScreenshot" classname="tests.AddFurnitureLeadTest" time="0.0">
    <skipped/>
  </testcase>
  <testcase name="takeScreenshot" classname="tests.AddFurnitureLeadTest" time="0.0">
    <skipped/>
  </testcase>
  <testcase name="takeScreenshot" classname="tests.AddFurnitureLeadTest" time="0.0">
    <skipped/>
  </testcase>
  <testcase name="takeScreenshot" classname="tests.AddFurnitureLeadTest" time="0.0">
    <skipped/>
  </testcase>
  <testcase name="takeScreenshot" classname="tests.AddFurnitureLeadTest" time="0.0">
    <skipped/>
  </testcase>
  <testcase name="takeScreenshot" classname="tests.AddFurnitureLeadTest" time="0.0">
    <skipped/>
  </testcase>
  <testcase name="takeScreenshot" classname="tests.AddFurnitureLeadTest" time="0.0">
    <skipped/>
  </testcase>
  <testcase name="takeScreenshot" classname="tests.AddFurnitureLeadTest" time="0.0">
    <skipped/>
  </testcase>
  <testcase name="takeScreenshot" classname="tests.AddFurnitureLeadTest" time="0.0">
    <skipped/>
  </testcase>
  <testcase name="takeScreenshot" classname="tests.AddFurnitureLeadTest" time="0.0">
    <skipped/>
  </testcase>
  <testcase name="takeScreenshot" classname="tests.AddFurnitureLeadTest" time="0.0">
    <skipped/>
  </testcase>
  <testcase name="takeScreenshot" classname="tests.AddFurnitureLeadTest" time="0.0">
    <skipped/>
  </testcase>
  <testcase name="takeScreenshot" classname="tests.AddFurnitureLeadTest" time="0.0">
    <skipped/>
  </testcase>
  <testcase name="takeScreenshot" classname="tests.AddFurnitureLeadTest" time="0.0">
    <skipped/>
  </testcase>
  <testcase name="takeScreenshot" classname="tests.AddFurnitureLeadTest" time="0.0">
    <skipped/>
  </testcase>
  <testcase name="takeScreenshot" classname="tests.AddFurnitureLeadTest" time="0.0">
    <skipped/>
  </testcase>
  <testcase name="takeScreenshot" classname="tests.AddFurnitureLeadTest" time="0.0">
    <skipped/>
  </testcase>
  <testcase name="takeScreenshot" classname="tests.AddFurnitureLeadTest" time="0.0">
    <skipped/>
  </testcase>
  <testcase name="takeScreenshot" classname="tests.AddFurnitureLeadTest" time="0.0">
    <skipped/>
  </testcase>
  <testcase name="takeScreenshot" classname="tests.AddFurnitureLeadTest" time="0.0">
    <skipped/>
  </testcase>
  <testcase name="takeScreenshot" classname="tests.AddFurnitureLeadTest" time="0.0">
    <skipped/>
  </testcase>
  <testcase name="takeScreenshot" classname="tests.AddFurnitureLeadTest" time="0.0">
    <skipped/>
  </testcase>
  <testcase name="takeScreenshot" classname="tests.AddFurnitureLeadTest" time="0.0">
    <skipped/>
  </testcase>
  <testcase name="takeScreenshot" classname="tests.AddFurnitureLeadTest" time="0.0">
    <skipped/>
  </testcase>
  <testcase name="takeScreenshot" classname="tests.AddFurnitureLeadTest" time="0.0">
    <skipped/>
  </testcase>
  <testcase name="takeScreenshot" classname="tests.AddFurnitureLeadTest" time="0.0">
    <skipped/>
  </testcase>
  <testcase name="takeScreenshot" classname="tests.AddFurnitureLeadTest" time="0.0">
    <skipped/>
  </testcase>
  <testcase name="takeScreenshot" classname="tests.AddFurnitureLeadTest" time="0.0">
    <skipped/>
  </testcase>
  <testcase name="takeScreenshot" classname="tests.AddFurnitureLeadTest" time="0.0">
    <skipped/>
  </testcase>
  <testcase name="takeScreenshot" classname="tests.AddFurnitureLeadTest" time="0.0">
    <skipped/>
  </testcase>
  <testcase name="takeScreenshot" classname="tests.AddFurnitureLeadTest" time="0.0">
    <skipped/>
  </testcase>
  <testcase name="takeScreenshot" classname="tests.AddFurnitureLeadTest" time="0.0">
    <skipped/>
  </testcase>
  <testcase name="takeScreenshot" classname="tests.AddFurnitureLeadTest" time="0.0">
    <skipped/>
  </testcase>
  <testcase name="takeScreenshot" classname="tests.AddFurnitureLeadTest" time="0.0">
    <skipped/>
  </testcase>
  <testcase name="takeScreenshot" classname="tests.AddFurnitureLeadTest" time="0.0">
    <skipped/>
  </testcase>
  <testcase name="takeScreenshot" classname="tests.AddFurnitureLeadTest" time="0.0">
    <skipped/>
  </testcase>
  <testcase name="takeScreenshot" classname="tests.AddFurnitureLeadTest" time="0.0">
    <skipped/>
  </testcase>
  <testcase name="takeScreenshot" classname="tests.AddFurnitureLeadTest" time="0.0">
    <skipped/>
  </testcase>
  <testcase name="takeScreenshot" classname="tests.AddFurnitureLeadTest" time="0.0">
    <skipped/>
  </testcase>
  <testcase name="takeScreenshot" classname="tests.AddFurnitureLeadTest" time="0.0">
    <skipped/>
  </testcase>
  <testcase name="takeScreenshot" classname="tests.AddFurnitureLeadTest" time="0.0">
    <skipped/>
  </testcase>
  <testcase name="takeScreenshot" classname="tests.AddFurnitureLeadTest" time="0.0">
    <skipped/>
  </testcase>
  <testcase name="takeScreenshot" classname="tests.AddFurnitureLeadTest" time="0.0">
    <skipped/>
  </testcase>
  <testcase name="takeScreenshot" classname="tests.AddFurnitureLeadTest" time="0.0">
    <skipped/>
  </testcase>
  <testcase name="takeScreenshot" classname="tests.AddFurnitureLeadTest" time="0.0">
    <skipped/>
  </testcase>
  <testcase name="takeScreenshot" classname="tests.AddFurnitureLeadTest" time="0.0">
    <skipped/>
  </testcase>
  <testcase name="takeScreenshot" classname="tests.AddFurnitureLeadTest" time="0.0">
    <skipped/>
  </testcase>
  <testcase name="takeScreenshot" classname="tests.AddFurnitureLeadTest" time="0.0">
    <skipped/>
  </testcase>
  <testcase name="takeScreenshot" classname="tests.AddFurnitureLeadTest" time="0.0">
    <skipped/>
  </testcase>
  <testcase name="takeScreenshot" classname="tests.AddFurnitureLeadTest" time="0.0">
    <skipped/>
  </testcase>
  <testcase name="takeScreenshot" classname="tests.AddFurnitureLeadTest" time="0.0">
    <skipped/>
  </testcase>
  <testcase name="takeScreenshot" classname="tests.AddFurnitureLeadTest" time="0.0">
    <skipped/>
  </testcase>
  <testcase name="takeScreenshot" classname="tests.AddFurnitureLeadTest" time="0.0">
    <skipped/>
  </testcase>
  <testcase name="takeScreenshot" classname="tests.AddFurnitureLeadTest" time="0.0">
    <skipped/>
  </testcase>
  <testcase name="takeScreenshot" classname="tests.AddFurnitureLeadTest" time="0.0">
    <skipped/>
  </testcase>
  <testcase name="takeScreenshot" classname="tests.AddFurnitureLeadTest" time="0.0">
    <skipped/>
  </testcase>
  <testcase name="takeScreenshot" classname="tests.AddFurnitureLeadTest" time="0.0">
    <skipped/>
  </testcase>
  <testcase name="takeScreenshot" classname="tests.AddFurnitureLeadTest" time="0.0">
    <skipped/>
  </testcase>
  <testcase name="takeScreenshot" classname="tests.AddFurnitureLeadTest" time="0.0">
    <skipped/>
  </testcase>
  <testcase name="takeScreenshot" classname="tests.AddFurnitureLeadTest" time="0.0">
    <skipped/>
  </testcase>
  <testcase name="takeScreenshot" classname="tests.AddFurnitureLeadTest" time="0.0">
    <skipped/>
  </testcase>
  <testcase name="takeScreenshot" classname="tests.AddFurnitureLeadTest" time="0.0">
    <skipped/>
  </testcase>
  <testcase name="takeScreenshot" classname="tests.AddFurnitureLeadTest" time="0.0">
    <skipped/>
  </testcase>
  <testcase name="takeScreenshot" classname="tests.AddFurnitureLeadTest" time="0.0">
    <skipped/>
  </testcase>
  <testcase name="takeScreenshot" classname="tests.AddFurnitureLeadTest" time="0.0">
    <skipped/>
  </testcase>
  <testcase name="takeScreenshot" classname="tests.AddFurnitureLeadTest" time="0.0">
    <skipped/>
  </testcase>
  <testcase name="takeScreenshot" classname="tests.AddFurnitureLeadTest" time="0.0">
    <skipped/>
  </testcase>
  <testcase name="takeScreenshot" classname="tests.AddFurnitureLeadTest" time="0.0">
    <skipped/>
  </testcase>
  <testcase name="takeScreenshot" classname="tests.AddFurnitureLeadTest" time="0.0">
    <skipped/>
  </testcase>
  <testcase name="takeScreenshot" classname="tests.AddFurnitureLeadTest" time="0.0">
    <skipped/>
  </testcase>
  <testcase name="takeScreenshot" classname="tests.AddFurnitureLeadTest" time="0.0">
    <skipped/>
  </testcase>
  <testcase name="takeScreenshot" classname="tests.AddFurnitureLeadTest" time="0.0">
    <skipped/>
  </testcase>
  <testcase name="takeScreenshot" classname="tests.AddFurnitureLeadTest" time="0.0">
    <skipped/>
  </testcase>
  <testcase name="takeScreenshot" classname="tests.AddFurnitureLeadTest" time="0.0">
    <skipped/>
  </testcase>
  <testcase name="takeScreenshot" classname="tests.AddFurnitureLeadTest" time="0.0">
    <skipped/>
  </testcase>
  <testcase name="takeScreenshot" classname="tests.AddFurnitureLeadTest" time="0.0">
    <skipped/>
  </testcase>
  <testcase name="takeScreenshot" classname="tests.AddFurnitureLeadTest" time="0.0">
    <skipped/>
  </testcase>
  <testcase name="takeScreenshot" classname="tests.AddFurnitureLeadTest" time="0.0">
    <skipped/>
  </testcase>
  <testcase name="takeScreenshot" classname="tests.AddFurnitureLeadTest" time="0.0">
    <skipped/>
  </testcase>
  <testcase name="takeScreenshot" classname="tests.AddFurnitureLeadTest" time="0.0">
    <skipped/>
  </testcase>
  <testcase name="takeScreenshot" classname="tests.AddFurnitureLeadTest" time="0.0">
    <skipped/>
  </testcase>
  <testcase name="takeScreenshot" classname="tests.AddFurnitureLeadTest" time="0.0">
    <skipped/>
  </testcase>
  <testcase name="takeScreenshot" classname="tests.AddFurnitureLeadTest" time="0.0">
    <skipped/>
  </testcase>
  <testcase name="takeScreenshot" classname="tests.AddFurnitureLeadTest" time="0.0">
    <skipped/>
  </testcase>
  <testcase name="takeScreenshot" classname="tests.AddFurnitureLeadTest" time="0.0">
    <skipped/>
  </testcase>
  <testcase name="takeScreenshot" classname="tests.AddFurnitureLeadTest" time="0.0">
    <skipped/>
  </testcase>
  <testcase name="takeScreenshot" classname="tests.AddFurnitureLeadTest" time="0.0">
    <skipped/>
  </testcase>
  <testcase name="takeScreenshot" classname="tests.AddFurnitureLeadTest" time="0.0">
    <skipped/>
  </testcase>
  <testcase name="takeScreenshot" classname="tests.AddFurnitureLeadTest" time="0.0">
    <skipped/>
  </testcase>
  <testcase name="takeScreenshot" classname="tests.AddFurnitureLeadTest" time="0.0">
    <skipped/>
  </testcase>
  <testcase name="takeScreenshot" classname="tests.AddFurnitureLeadTest" time="0.0">
    <skipped/>
  </testcase>
  <testcase name="takeScreenshot" classname="tests.AddFurnitureLeadTest" time="0.0">
    <skipped/>
  </testcase>
  <testcase name="takeScreenshot" classname="tests.AddFurnitureLeadTest" time="0.0">
    <skipped/>
  </testcase>
  <testcase name="takeScreenshot" classname="tests.AddFurnitureLeadTest" time="0.0">
    <skipped/>
  </testcase>
  <testcase name="takeScreenshot" classname="tests.AddFurnitureLeadTest" time="0.0">
    <skipped/>
  </testcase>
  <testcase name="takeScreenshot" classname="tests.AddFurnitureLeadTest" time="0.0">
    <skipped/>
  </testcase>
  <testcase name="takeScreenshot" classname="tests.AddFurnitureLeadTest" time="0.0">
    <skipped/>
  </testcase>
  <testcase name="takeScreenshot" classname="tests.AddFurnitureLeadTest" time="0.0">
    <skipped/>
  </testcase>
  <testcase name="takeScreenshot" classname="tests.AddFurnitureLeadTest" time="0.0">
    <skipped/>
  </testcase>
  <testcase name="takeScreenshot" classname="tests.AddFurnitureLeadTest" time="0.0">
    <skipped/>
  </testcase>
  <testcase name="takeScreenshot" classname="tests.AddFurnitureLeadTest" time="0.0">
    <skipped/>
  </testcase>
  <testcase name="takeScreenshot" classname="tests.AddFurnitureLeadTest" time="0.0">
    <skipped/>
  </testcase>
  <testcase name="takeScreenshot" classname="tests.AddFurnitureLeadTest" time="0.0">
    <skipped/>
  </testcase>
  <testcase name="takeScreenshot" classname="tests.AddFurnitureLeadTest" time="0.0">
    <skipped/>
  </testcase>
  <testcase name="takeScreenshot" classname="tests.AddFurnitureLeadTest" time="0.0">
    <skipped/>
  </testcase>
  <testcase name="takeScreenshot" classname="tests.AddFurnitureLeadTest" time="0.0">
    <skipped/>
  </testcase>
  <testcase name="takeScreenshot" classname="tests.AddFurnitureLeadTest" time="0.0">
    <skipped/>
  </testcase>
  <testcase name="takeScreenshot" classname="tests.AddFurnitureLeadTest" time="0.0">
    <skipped/>
  </testcase>
  <testcase name="takeScreenshot" classname="tests.AddFurnitureLeadTest" time="0.0">
    <skipped/>
  </testcase>
  <testcase name="takeScreenshot" classname="tests.AddFurnitureLeadTest" time="0.0">
    <skipped/>
  </testcase>
  <testcase name="takeScreenshot" classname="tests.AddFurnitureLeadTest" time="0.0">
    <skipped/>
  </testcase>
  <testcase name="takeScreenshot" classname="tests.AddFurnitureLeadTest" time="0.0">
    <skipped/>
  </testcase>
  <testcase name="takeScreenshot" classname="tests.AddFurnitureLeadTest" time="0.0">
    <skipped/>
  </testcase>
  <testcase name="takeScreenshot" classname="tests.AddFurnitureLeadTest" time="0.0">
    <skipped/>
  </testcase>
  <testcase name="takeScreenshot" classname="tests.AddFurnitureLeadTest" time="0.0">
    <skipped/>
  </testcase>
  <testcase name="takeScreenshot" classname="tests.AddFurnitureLeadTest" time="0.0">
    <skipped/>
  </testcase>
  <testcase name="takeScreenshot" classname="tests.AddFurnitureLeadTest" time="0.0">
    <skipped/>
  </testcase>
  <testcase name="takeScreenshot" classname="tests.AddFurnitureLeadTest" time="0.0">
    <skipped/>
  </testcase>
  <testcase name="takeScreenshot" classname="tests.AddFurnitureLeadTest" time="0.0">
    <skipped/>
  </testcase>
  <testcase name="takeScreenshot" classname="tests.AddFurnitureLeadTest" time="0.0">
    <skipped/>
  </testcase>
  <testcase name="takeScreenshot" classname="tests.AddFurnitureLeadTest" time="0.0">
    <skipped/>
  </testcase>
  <testcase name="takeScreenshot" classname="tests.AddFurnitureLeadTest" time="0.0">
    <skipped/>
  </testcase>
  <testcase name="takeScreenshot" classname="tests.AddFurnitureLeadTest" time="0.0">
    <skipped/>
  </testcase>
  <testcase name="takeScreenshot" classname="tests.AddFurnitureLeadTest" time="0.0">
    <skipped/>
  </testcase>
  <testcase name="takeScreenshot" classname="tests.AddFurnitureLeadTest" time="0.0">
    <skipped/>
  </testcase>
  <testcase name="takeScreenshot" classname="tests.AddFurnitureLeadTest" time="0.0">
    <skipped/>
  </testcase>
  <testcase name="takeScreenshot" classname="tests.AddFurnitureLeadTest" time="0.0">
    <skipped/>
  </testcase>
  <testcase name="takeScreenshot" classname="tests.AddFurnitureLeadTest" time="0.0">
    <skipped/>
  </testcase>
  <testcase name="takeScreenshot" classname="tests.AddFurnitureLeadTest" time="0.0">
    <skipped/>
  </testcase>
  <testcase name="takeScreenshot" classname="tests.AddFurnitureLeadTest" time="0.0">
    <skipped/>
  </testcase>
  <testcase name="takeScreenshot" classname="tests.AddFurnitureLeadTest" time="0.0">
    <skipped/>
  </testcase>
  <testcase name="takeScreenshot" classname="tests.AddFurnitureLeadTest" time="0.0">
    <skipped/>
  </testcase>
  <testcase name="takeScreenshot" classname="tests.AddFurnitureLeadTest" time="0.0">
    <skipped/>
  </testcase>
  <testcase name="takeScreenshot" classname="tests.AddFurnitureLeadTest" time="0.0">
    <skipped/>
  </testcase>
  <testcase name="takeScreenshot" classname="tests.AddFurnitureLeadTest" time="0.0">
    <skipped/>
  </testcase>
  <testcase name="takeScreenshot" classname="tests.AddFurnitureLeadTest" time="0.0">
    <skipped/>
  </testcase>
  <testcase name="takeScreenshot" classname="tests.AddFurnitureLeadTest" time="0.0">
    <skipped/>
  </testcase>
  <testcase name="takeScreenshot" classname="tests.AddFurnitureLeadTest" time="0.0">
    <skipped/>
  </testcase>
  <testcase name="takeScreenshot" classname="tests.AddFurnitureLeadTest" time="0.0">
    <skipped/>
  </testcase>
  <testcase name="takeScreenshot" classname="tests.AddFurnitureLeadTest" time="0.0">
    <skipped/>
  </testcase>
  <testcase name="takeScreenshot" classname="tests.AddFurnitureLeadTest" time="0.0">
    <skipped/>
  </testcase>
  <testcase name="takeScreenshot" classname="tests.AddFurnitureLeadTest" time="0.0">
    <skipped/>
  </testcase>
  <testcase name="takeScreenshot" classname="tests.AddFurnitureLeadTest" time="0.0">
    <skipped/>
  </testcase>
  <testcase name="takeScreenshot" classname="tests.AddFurnitureLeadTest" time="0.0">
    <skipped/>
  </testcase>
  <testcase name="takeScreenshot" classname="tests.AddFurnitureLeadTest" time="0.0">
    <skipped/>
  </testcase>
  <testcase name="takeScreenshot" classname="tests.AddFurnitureLeadTest" time="0.0">
    <skipped/>
  </testcase>
  <testcase name="takeScreenshot" classname="tests.AddFurnitureLeadTest" time="0.0">
    <skipped/>
  </testcase>
  <testcase name="takeScreenshot" classname="tests.AddFurnitureLeadTest" time="0.0">
    <skipped/>
  </testcase>
  <testcase name="takeScreenshot" classname="tests.AddFurnitureLeadTest" time="0.0">
    <skipped/>
  </testcase>
  <testcase name="takeScreenshot" classname="tests.AddFurnitureLeadTest" time="0.0">
    <skipped/>
  </testcase>
  <testcase name="takeScreenshot" classname="tests.AddFurnitureLeadTest" time="0.0">
    <skipped/>
  </testcase>
  <testcase name="takeScreenshot" classname="tests.AddFurnitureLeadTest" time="0.0">
    <skipped/>
  </testcase>
  <testcase name="takeScreenshot" classname="tests.AddFurnitureLeadTest" time="0.0">
    <skipped/>
  </testcase>
  <testcase name="takeScreenshot" classname="tests.AddFurnitureLeadTest" time="0.0">
    <skipped/>
  </testcase>
  <testcase name="takeScreenshot" classname="tests.AddFurnitureLeadTest" time="0.0">
    <skipped/>
  </testcase>
  <testcase name="takeScreenshot" classname="tests.AddFurnitureLeadTest" time="0.0">
    <skipped/>
  </testcase>
  <testcase name="takeScreenshot" classname="tests.AddFurnitureLeadTest" time="0.0">
    <skipped/>
  </testcase>
  <testcase name="takeScreenshot" classname="tests.AddFurnitureLeadTest" time="0.0">
    <skipped/>
  </testcase>
  <testcase name="takeScreenshot" classname="tests.AddFurnitureLeadTest" time="0.0">
    <skipped/>
  </testcase>
  <testcase name="takeScreenshot" classname="tests.AddFurnitureLeadTest" time="0.0">
    <skipped/>
  </testcase>
  <testcase name="takeScreenshot" classname="tests.AddFurnitureLeadTest" time="0.0">
    <skipped/>
  </testcase>
  <testcase name="takeScreenshot" classname="tests.AddFurnitureLeadTest" time="0.0">
    <skipped/>
  </testcase>
  <testcase name="takeScreenshot" classname="tests.AddFurnitureLeadTest" time="0.0">
    <skipped/>
  </testcase>
  <testcase name="takeScreenshot" classname="tests.AddFurnitureLeadTest" time="0.0">
    <skipped/>
  </testcase>
  <testcase name="takeScreenshot" classname="tests.AddFurnitureLeadTest" time="0.0">
    <skipped/>
  </testcase>
  <testcase name="takeScreenshot" classname="tests.AddFurnitureLeadTest" time="0.0">
    <skipped/>
  </testcase>
  <testcase name="takeScreenshot" classname="tests.AddFurnitureLeadTest" time="0.0">
    <skipped/>
  </testcase>
  <testcase name="takeScreenshot" classname="tests.AddFurnitureLeadTest" time="0.0">
    <skipped/>
  </testcase>
  <testcase name="takeScreenshot" classname="tests.AddFurnitureLeadTest" time="0.0">
    <skipped/>
  </testcase>
  <testcase name="takeScreenshot" classname="tests.AddFurnitureLeadTest" time="0.0">
    <skipped/>
  </testcase>
  <testcase name="takeScreenshot" classname="tests.AddFurnitureLeadTest" time="0.0">
    <skipped/>
  </testcase>
  <testcase name="takeScreenshot" classname="tests.AddFurnitureLeadTest" time="0.0">
    <skipped/>
  </testcase>
  <testcase name="takeScreenshot" classname="tests.AddFurnitureLeadTest" time="0.0">
    <skipped/>
  </testcase>
  <testcase name="takeScreenshot" classname="tests.AddFurnitureLeadTest" time="0.0">
    <skipped/>
  </testcase>
  <testcase name="takeScreenshot" classname="tests.AddFurnitureLeadTest" time="0.0">
    <skipped/>
  </testcase>
  <testcase name="takeScreenshot" classname="tests.AddFurnitureLeadTest" time="0.0">
    <skipped/>
  </testcase>
  <testcase name="takeScreenshot" classname="tests.AddFurnitureLeadTest" time="0.0">
    <skipped/>
  </testcase>
  <testcase name="takeScreenshot" classname="tests.AddFurnitureLeadTest" time="0.0">
    <skipped/>
  </testcase>
  <testcase name="takeScreenshot" classname="tests.AddFurnitureLeadTest" time="0.0">
    <skipped/>
  </testcase>
  <testcase name="takeScreenshot" classname="tests.AddFurnitureLeadTest" time="0.0">
    <skipped/>
  </testcase>
  <testcase name="takeScreenshot" classname="tests.AddFurnitureLeadTest" time="0.0">
    <skipped/>
  </testcase>
  <testcase name="takeScreenshot" classname="tests.AddFurnitureLeadTest" time="0.0">
    <skipped/>
  </testcase>
  <testcase name="takeScreenshot" classname="tests.AddFurnitureLeadTest" time="0.0">
    <skipped/>
  </testcase>
  <testcase name="takeScreenshot" classname="tests.AddFurnitureLeadTest" time="0.0">
    <skipped/>
  </testcase>
  <testcase name="takeScreenshot" classname="tests.AddFurnitureLeadTest" time="0.0">
    <skipped/>
  </testcase>
  <testcase name="takeScreenshot" classname="tests.AddFurnitureLeadTest" time="0.0">
    <skipped/>
  </testcase>
  <testcase name="takeScreenshot" classname="tests.AddFurnitureLeadTest" time="0.0">
    <skipped/>
  </testcase>
  <testcase name="takeScreenshot" classname="tests.AddFurnitureLeadTest" time="0.0">
    <skipped/>
  </testcase>
  <testcase name="takeScreenshot" classname="tests.AddFurnitureLeadTest" time="0.0">
    <skipped/>
  </testcase>
  <testcase name="takeScreenshot" classname="tests.AddFurnitureLeadTest" time="0.0">
    <skipped/>
  </testcase>
  <testcase name="takeScreenshot" classname="tests.AddFurnitureLeadTest" time="0.0">
    <skipped/>
  </testcase>
  <testcase name="takeScreenshot" classname="tests.AddFurnitureLeadTest" time="0.0">
    <skipped/>
  </testcase>
  <testcase name="takeScreenshot" classname="tests.AddFurnitureLeadTest" time="0.0">
    <skipped/>
  </testcase>
  <testcase name="takeScreenshot" classname="tests.AddFurnitureLeadTest" time="0.0">
    <skipped/>
  </testcase>
  <testcase name="takeScreenshot" classname="tests.AddFurnitureLeadTest" time="0.0">
    <skipped/>
  </testcase>
  <testcase name="takeScreenshot" classname="tests.AddFurnitureLeadTest" time="0.0">
    <skipped/>
  </testcase>
  <testcase name="takeScreenshot" classname="tests.AddFurnitureLeadTest" time="0.0">
    <skipped/>
  </testcase>
  <testcase name="takeScreenshot" classname="tests.AddFurnitureLeadTest" time="0.0">
    <skipped/>
  </testcase>
  <testcase name="takeScreenshot" classname="tests.AddFurnitureLeadTest" time="0.0">
    <skipped/>
  </testcase>
  <testcase name="takeScreenshot" classname="tests.AddFurnitureLeadTest" time="0.0">
    <skipped/>
  </testcase>
  <testcase name="takeScreenshot" classname="tests.AddFurnitureLeadTest" time="0.0">
    <skipped/>
  </testcase>
  <testcase name="takeScreenshot" classname="tests.AddFurnitureLeadTest" time="0.0">
    <skipped/>
  </testcase>
  <testcase name="takeScreenshot" classname="tests.AddFurnitureLeadTest" time="0.0">
    <skipped/>
  </testcase>
  <testcase name="takeScreenshot" classname="tests.AddFurnitureLeadTest" time="0.0">
    <skipped/>
  </testcase>
  <testcase name="takeScreenshot" classname="tests.AddFurnitureLeadTest" time="0.0">
    <skipped/>
  </testcase>
  <testcase name="takeScreenshot" classname="tests.AddFurnitureLeadTest" time="0.0">
    <skipped/>
  </testcase>
  <testcase name="takeScreenshot" classname="tests.AddFurnitureLeadTest" time="0.0">
    <skipped/>
  </testcase>
  <testcase name="takeScreenshot" classname="tests.AddFurnitureLeadTest" time="0.0">
    <skipped/>
  </testcase>
  <testcase name="takeScreenshot" classname="tests.AddFurnitureLeadTest" time="0.0">
    <skipped/>
  </testcase>
  <testcase name="takeScreenshot" classname="tests.AddFurnitureLeadTest" time="0.0">
    <skipped/>
  </testcase>
  <testcase name="takeScreenshot" classname="tests.AddFurnitureLeadTest" time="0.0">
    <skipped/>
  </testcase>
  <testcase name="takeScreenshot" classname="tests.AddFurnitureLeadTest" time="0.0">
    <skipped/>
  </testcase>
  <testcase name="takeScreenshot" classname="tests.AddFurnitureLeadTest" time="0.0">
    <skipped/>
  </testcase>
  <testcase name="takeScreenshot" classname="tests.AddFurnitureLeadTest" time="0.0">
    <skipped/>
  </testcase>
  <testcase name="takeScreenshot" classname="tests.AddFurnitureLeadTest" time="0.0">
    <skipped/>
  </testcase>
  <testcase name="takeScreenshot" classname="tests.AddFurnitureLeadTest" time="0.0">
    <skipped/>
  </testcase>
  <testcase name="takeScreenshot" classname="tests.AddFurnitureLeadTest" time="0.0">
    <skipped/>
  </testcase>
  <testcase name="takeScreenshot" classname="tests.AddFurnitureLeadTest" time="0.0">
    <skipped/>
  </testcase>
  <testcase name="takeScreenshot" classname="tests.AddFurnitureLeadTest" time="0.0">
    <skipped/>
  </testcase>
  <testcase name="takeScreenshot" classname="tests.AddFurnitureLeadTest" time="0.0">
    <skipped/>
  </testcase>
  <testcase name="takeScreenshot" classname="tests.AddFurnitureLeadTest" time="0.0">
    <skipped/>
  </testcase>
  <testcase name="takeScreenshot" classname="tests.AddFurnitureLeadTest" time="0.0">
    <skipped/>
  </testcase>
  <testcase name="takeScreenshot" classname="tests.AddFurnitureLeadTest" time="0.0">
    <skipped/>
  </testcase>
  <testcase name="takeScreenshot" classname="tests.AddFurnitureLeadTest" time="0.0">
    <skipped/>
  </testcase>
  <testcase name="takeScreenshot" classname="tests.AddFurnitureLeadTest" time="0.0">
    <skipped/>
  </testcase>
  <testcase name="takeScreenshot" classname="tests.AddFurnitureLeadTest" time="0.0">
    <skipped/>
  </testcase>
  <testcase name="takeScreenshot" classname="tests.AddFurnitureLeadTest" time="0.0">
    <skipped/>
  </testcase>
  <testcase name="takeScreenshot" classname="tests.AddFurnitureLeadTest" time="0.0">
    <skipped/>
  </testcase>
  <testcase name="takeScreenshot" classname="tests.AddFurnitureLeadTest" time="0.0">
    <skipped/>
  </testcase>
  <testcase name="takeScreenshot" classname="tests.AddFurnitureLeadTest" time="0.0">
    <skipped/>
  </testcase>
  <testcase name="takeScreenshot" classname="tests.AddFurnitureLeadTest" time="0.0">
    <skipped/>
  </testcase>
  <testcase name="takeScreenshot" classname="tests.AddFurnitureLeadTest" time="0.0">
    <skipped/>
  </testcase>
  <testcase name="takeScreenshot" classname="tests.AddFurnitureLeadTest" time="0.0">
    <skipped/>
  </testcase>
  <testcase name="takeScreenshot" classname="tests.AddFurnitureLeadTest" time="0.0">
    <skipped/>
  </testcase>
  <testcase name="takeScreenshot" classname="tests.AddFurnitureLeadTest" time="0.0">
    <skipped/>
  </testcase>
  <testcase name="takeScreenshot" classname="tests.AddFurnitureLeadTest" time="0.0">
    <skipped/>
  </testcase>
  <testcase name="takeScreenshot" classname="tests.AddFurnitureLeadTest" time="0.0">
    <skipped/>
  </testcase>
  <testcase name="takeScreenshot" classname="tests.AddFurnitureLeadTest" time="0.0">
    <skipped/>
  </testcase>
  <testcase name="takeScreenshot" classname="tests.AddFurnitureLeadTest" time="0.0">
    <skipped/>
  </testcase>
  <testcase name="takeScreenshot" classname="tests.AddFurnitureLeadTest" time="0.0">
    <skipped/>
  </testcase>
  <testcase name="takeScreenshot" classname="tests.AddFurnitureLeadTest" time="0.0">
    <skipped/>
  </testcase>
  <testcase name="takeScreenshot" classname="tests.AddFurnitureLeadTest" time="0.0">
    <skipped/>
  </testcase>
  <testcase name="takeScreenshot" classname="tests.AddFurnitureLeadTest" time="0.0">
    <skipped/>
  </testcase>
  <testcase name="takeScreenshot" classname="tests.AddFurnitureLeadTest" time="0.0">
    <skipped/>
  </testcase>
  <testcase name="takeScreenshot" classname="tests.AddFurnitureLeadTest" time="0.0">
    <skipped/>
  </testcase>
  <testcase name="takeScreenshot" classname="tests.AddFurnitureLeadTest" time="0.0">
    <skipped/>
  </testcase>
  <testcase name="takeScreenshot" classname="tests.AddFurnitureLeadTest" time="0.0">
    <skipped/>
  </testcase>
  <testcase name="takeScreenshot" classname="tests.AddFurnitureLeadTest" time="0.0">
    <skipped/>
  </testcase>
  <testcase name="takeScreenshot" classname="tests.AddFurnitureLeadTest" time="0.0">
    <skipped/>
  </testcase>
  <testcase name="takeScreenshot" classname="tests.AddFurnitureLeadTest" time="0.0">
    <skipped/>
  </testcase>
  <testcase name="takeScreenshot" classname="tests.AddFurnitureLeadTest" time="0.0">
    <skipped/>
  </testcase>
  <testcase name="takeScreenshot" classname="tests.AddFurnitureLeadTest" time="0.0">
    <skipped/>
  </testcase>
  <testcase name="takeScreenshot" classname="tests.AddFurnitureLeadTest" time="0.0">
    <skipped/>
  </testcase>
  <testcase name="takeScreenshot" classname="tests.AddFurnitureLeadTest" time="0.0">
    <skipped/>
  </testcase>
  <testcase name="takeScreenshot" classname="tests.AddFurnitureLeadTest" time="0.0">
    <skipped/>
  </testcase>
  <testcase name="takeScreenshot" classname="tests.AddFurnitureLeadTest" time="0.0">
    <skipped/>
  </testcase>
  <testcase name="takeScreenshot" classname="tests.AddFurnitureLeadTest" time="0.0">
    <skipped/>
  </testcase>
  <testcase name="takeScreenshot" classname="tests.AddFurnitureLeadTest" time="0.0">
    <skipped/>
  </testcase>
  <testcase name="takeScreenshot" classname="tests.AddFurnitureLeadTest" time="0.0">
    <skipped/>
  </testcase>
  <testcase name="takeScreenshot" classname="tests.AddFurnitureLeadTest" time="0.0">
    <skipped/>
  </testcase>
  <testcase name="takeScreenshot" classname="tests.AddFurnitureLeadTest" time="0.0">
    <skipped/>
  </testcase>
  <testcase name="takeScreenshot" classname="tests.AddFurnitureLeadTest" time="0.0">
    <skipped/>
  </testcase>
  <testcase name="takeScreenshot" classname="tests.AddFurnitureLeadTest" time="0.0">
    <skipped/>
  </testcase>
  <testcase name="takeScreenshot" classname="tests.AddFurnitureLeadTest" time="0.0">
    <skipped/>
  </testcase>
  <testcase name="takeScreenshot" classname="tests.AddFurnitureLeadTest" time="0.0">
    <skipped/>
  </testcase>
  <testcase name="takeScreenshot" classname="tests.AddFurnitureLeadTest" time="0.0">
    <skipped/>
  </testcase>
  <testcase name="takeScreenshot" classname="tests.AddFurnitureLeadTest" time="0.0">
    <skipped/>
  </testcase>
  <testcase name="takeScreenshot" classname="tests.AddFurnitureLeadTest" time="0.0">
    <skipped/>
  </testcase>
  <testcase name="takeScreenshot" classname="tests.AddFurnitureLeadTest" time="0.0">
    <skipped/>
  </testcase>
  <testcase name="takeScreenshot" classname="tests.AddFurnitureLeadTest" time="0.0">
    <skipped/>
  </testcase>
  <testcase name="takeScreenshot" classname="tests.AddFurnitureLeadTest" time="0.0">
    <skipped/>
  </testcase>
  <testcase name="takeScreenshot" classname="tests.AddFurnitureLeadTest" time="0.0">
    <skipped/>
  </testcase>
  <testcase name="takeScreenshot" classname="tests.AddFurnitureLeadTest" time="0.0">
    <skipped/>
  </testcase>
  <testcase name="takeScreenshot" classname="tests.AddFurnitureLeadTest" time="0.0">
    <skipped/>
  </testcase>
  <testcase name="takeScreenshot" classname="tests.AddFurnitureLeadTest" time="0.0">
    <skipped/>
  </testcase>
  <testcase name="takeScreenshot" classname="tests.AddFurnitureLeadTest" time="0.0">
    <skipped/>
  </testcase>
  <testcase name="takeScreenshot" classname="tests.AddFurnitureLeadTest" time="0.0">
    <skipped/>
  </testcase>
  <testcase name="takeScreenshot" classname="tests.AddFurnitureLeadTest" time="0.0">
    <skipped/>
  </testcase>
  <testcase name="takeScreenshot" classname="tests.AddFurnitureLeadTest" time="0.0">
    <skipped/>
  </testcase>
  <testcase name="takeScreenshot" classname="tests.AddFurnitureLeadTest" time="0.0">
    <skipped/>
  </testcase>
  <testcase name="takeScreenshot" classname="tests.AddFurnitureLeadTest" time="0.0">
    <skipped/>
  </testcase>
  <testcase name="takeScreenshot" classname="tests.AddFurnitureLeadTest" time="0.0">
    <skipped/>
  </testcase>
  <testcase name="takeScreenshot" classname="tests.AddFurnitureLeadTest" time="0.0">
    <skipped/>
  </testcase>
  <testcase name="takeScreenshot" classname="tests.AddFurnitureLeadTest" time="0.0">
    <skipped/>
  </testcase>
  <testcase name="takeScreenshot" classname="tests.AddFurnitureLeadTest" time="0.0">
    <skipped/>
  </testcase>
  <testcase name="takeScreenshot" classname="tests.AddFurnitureLeadTest" time="0.0">
    <skipped/>
  </testcase>
  <testcase name="takeScreenshot" classname="tests.AddFurnitureLeadTest" time="0.0">
    <skipped/>
  </testcase>
  <testcase name="takeScreenshot" classname="tests.AddFurnitureLeadTest" time="0.0">
    <skipped/>
  </testcase>
  <testcase name="takeScreenshot" classname="tests.AddFurnitureLeadTest" time="0.0">
    <skipped/>
  </testcase>
  <testcase name="takeScreenshot" classname="tests.AddFurnitureLeadTest" time="0.0">
    <skipped/>
  </testcase>
  <testcase name="takeScreenshot" classname="tests.AddFurnitureLeadTest" time="0.0">
    <skipped/>
  </testcase>
  <testcase name="takeScreenshot" classname="tests.AddFurnitureLeadTest" time="0.0">
    <skipped/>
  </testcase>
  <testcase name="takeScreenshot" classname="tests.AddFurnitureLeadTest" time="0.0">
    <skipped/>
  </testcase>
  <testcase name="takeScreenshot" classname="tests.AddFurnitureLeadTest" time="0.0">
    <skipped/>
  </testcase>
  <testcase name="takeScreenshot" classname="tests.AddFurnitureLeadTest" time="0.0">
    <skipped/>
  </testcase>
  <testcase name="takeScreenshot" classname="tests.AddFurnitureLeadTest" time="0.0">
    <skipped/>
  </testcase>
  <testcase name="takeScreenshot" classname="tests.AddFurnitureLeadTest" time="0.0">
    <skipped/>
  </testcase>
  <testcase name="takeScreenshot" classname="tests.AddFurnitureLeadTest" time="0.0">
    <skipped/>
  </testcase>
  <testcase name="takeScreenshot" classname="tests.AddFurnitureLeadTest" time="0.0">
    <skipped/>
  </testcase>
  <testcase name="takeScreenshot" classname="tests.AddFurnitureLeadTest" time="0.0">
    <skipped/>
  </testcase>
  <testcase name="takeScreenshot" classname="tests.AddFurnitureLeadTest" time="0.0">
    <skipped/>
  </testcase>
  <testcase name="takeScreenshot" classname="tests.AddFurnitureLeadTest" time="0.0">
    <skipped/>
  </testcase>
  <testcase name="takeScreenshot" classname="tests.AddFurnitureLeadTest" time="0.0">
    <skipped/>
  </testcase>
  <testcase name="takeScreenshot" classname="tests.AddFurnitureLeadTest" time="0.0">
    <skipped/>
  </testcase>
  <testcase name="takeScreenshot" classname="tests.AddFurnitureLeadTest" time="0.0">
    <skipped/>
  </testcase>
  <testcase name="takeScreenshot" classname="tests.AddFurnitureLeadTest" time="0.0">
    <skipped/>
  </testcase>
  <testcase name="takeScreenshot" classname="tests.AddFurnitureLeadTest" time="0.0">
    <skipped/>
  </testcase>
  <testcase name="takeScreenshot" classname="tests.AddFurnitureLeadTest" time="0.0">
    <skipped/>
  </testcase>
  <testcase name="takeScreenshot" classname="tests.AddFurnitureLeadTest" time="0.0">
    <skipped/>
  </testcase>
  <testcase name="takeScreenshot" classname="tests.AddFurnitureLeadTest" time="0.0">
    <skipped/>
  </testcase>
  <testcase name="takeScreenshot" classname="tests.AddFurnitureLeadTest" time="0.0">
    <skipped/>
  </testcase>
  <testcase name="takeScreenshot" classname="tests.AddFurnitureLeadTest" time="0.0">
    <skipped/>
  </testcase>
  <testcase name="takeScreenshot" classname="tests.AddFurnitureLeadTest" time="0.0">
    <skipped/>
  </testcase>
  <testcase name="takeScreenshot" classname="tests.AddFurnitureLeadTest" time="0.0">
    <skipped/>
  </testcase>
  <testcase name="takeScreenshot" classname="tests.AddFurnitureLeadTest" time="0.0">
    <skipped/>
  </testcase>
  <testcase name="takeScreenshot" classname="tests.AddFurnitureLeadTest" time="0.0">
    <skipped/>
  </testcase>
  <testcase name="takeScreenshot" classname="tests.AddFurnitureLeadTest" time="0.0">
    <skipped/>
  </testcase>
  <testcase name="takeScreenshot" classname="tests.AddFurnitureLeadTest" time="0.0">
    <skipped/>
  </testcase>
  <testcase name="takeScreenshot" classname="tests.AddFurnitureLeadTest" time="0.0">
    <skipped/>
  </testcase>
  <testcase name="takeScreenshot" classname="tests.AddFurnitureLeadTest" time="0.0">
    <skipped/>
  </testcase>
  <testcase name="takeScreenshot" classname="tests.AddFurnitureLeadTest" time="0.0">
    <skipped/>
  </testcase>
  <testcase name="takeScreenshot" classname="tests.AddFurnitureLeadTest" time="0.0">
    <skipped/>
  </testcase>
  <testcase name="takeScreenshot" classname="tests.AddFurnitureLeadTest" time="0.0">
    <skipped/>
  </testcase>
  <testcase name="takeScreenshot" classname="tests.AddFurnitureLeadTest" time="0.0">
    <skipped/>
  </testcase>
  <testcase name="takeScreenshot" classname="tests.AddFurnitureLeadTest" time="0.0">
    <skipped/>
  </testcase>
  <testcase name="takeScreenshot" classname="tests.AddFurnitureLeadTest" time="0.0">
    <skipped/>
  </testcase>
  <testcase name="takeScreenshot" classname="tests.AddFurnitureLeadTest" time="0.0">
    <skipped/>
  </testcase>
  <testcase name="takeScreenshot" classname="tests.AddFurnitureLeadTest" time="0.0">
    <skipped/>
  </testcase>
  <testcase name="takeScreenshot" classname="tests.AddFurnitureLeadTest" time="0.0">
    <skipped/>
  </testcase>
  <testcase name="takeScreenshot" classname="tests.AddFurnitureLeadTest" time="0.0">
    <skipped/>
  </testcase>
  <testcase name="takeScreenshot" classname="tests.AddFurnitureLeadTest" time="0.0">
    <skipped/>
  </testcase>
  <testcase name="takeScreenshot" classname="tests.AddFurnitureLeadTest" time="0.0">
    <skipped/>
  </testcase>
  <testcase name="takeScreenshot" classname="tests.AddFurnitureLeadTest" time="0.0">
    <skipped/>
  </testcase>
  <testcase name="takeScreenshot" classname="tests.AddFurnitureLeadTest" time="0.0">
    <skipped/>
  </testcase>
  <testcase name="takeScreenshot" classname="tests.AddFurnitureLeadTest" time="0.0">
    <skipped/>
  </testcase>
  <testcase name="takeScreenshot" classname="tests.AddFurnitureLeadTest" time="0.0">
    <skipped/>
  </testcase>
  <testcase name="takeScreenshot" classname="tests.AddFurnitureLeadTest" time="0.0">
    <skipped/>
  </testcase>
  <testcase name="takeScreenshot" classname="tests.AddFurnitureLeadTest" time="0.0">
    <skipped/>
  </testcase>
  <testcase name="takeScreenshot" classname="tests.AddFurnitureLeadTest" time="0.0">
    <skipped/>
  </testcase>
  <testcase name="takeScreenshot" classname="tests.AddFurnitureLeadTest" time="0.0">
    <skipped/>
  </testcase>
  <testcase name="takeScreenshot" classname="tests.AddFurnitureLeadTest" time="0.0">
    <skipped/>
  </testcase>
  <testcase name="takeScreenshot" classname="tests.AddFurnitureLeadTest" time="0.0">
    <skipped/>
  </testcase>
  <testcase name="takeScreenshot" classname="tests.AddFurnitureLeadTest" time="0.0">
    <skipped/>
  </testcase>
  <testcase name="takeScreenshot" classname="tests.AddFurnitureLeadTest" time="0.0">
    <skipped/>
  </testcase>
  <testcase name="takeScreenshot" classname="tests.AddFurnitureLeadTest" time="0.0">
    <skipped/>
  </testcase>
  <testcase name="takeScreenshot" classname="tests.AddFurnitureLeadTest" time="0.0">
    <skipped/>
  </testcase>
  <testcase name="takeScreenshot" classname="tests.AddFurnitureLeadTest" time="0.0">
    <skipped/>
  </testcase>
  <testcase name="takeScreenshot" classname="tests.AddFurnitureLeadTest" time="0.0">
    <skipped/>
  </testcase>
  <testcase name="takeScreenshot" classname="tests.AddFurnitureLeadTest" time="0.0">
    <skipped/>
  </testcase>
  <testcase name="takeScreenshot" classname="tests.AddFurnitureLeadTest" time="0.0">
    <skipped/>
  </testcase>
  <testcase name="takeScreenshot" classname="tests.AddFurnitureLeadTest" time="0.0">
    <skipped/>
  </testcase>
  <testcase name="takeScreenshot" classname="tests.AddFurnitureLeadTest" time="0.0">
    <skipped/>
  </testcase>
  <testcase name="takeScreenshot" classname="tests.AddFurnitureLeadTest" time="0.0">
    <skipped/>
  </testcase>
  <testcase name="takeScreenshot" classname="tests.AddFurnitureLeadTest" time="0.0">
    <skipped/>
  </testcase>
  <testcase name="takeScreenshot" classname="tests.AddFurnitureLeadTest" time="0.0">
    <skipped/>
  </testcase>
  <testcase name="takeScreenshot" classname="tests.AddFurnitureLeadTest" time="0.0">
    <skipped/>
  </testcase>
  <testcase name="takeScreenshot" classname="tests.AddFurnitureLeadTest" time="0.0">
    <skipped/>
  </testcase>
  <testcase name="takeScreenshot" classname="tests.AddFurnitureLeadTest" time="0.0">
    <skipped/>
  </testcase>
  <testcase name="takeScreenshot" classname="tests.AddFurnitureLeadTest" time="0.0">
    <skipped/>
  </testcase>
  <testcase name="takeScreenshot" classname="tests.AddFurnitureLeadTest" time="0.0">
    <skipped/>
  </testcase>
  <testcase name="takeScreenshot" classname="tests.AddFurnitureLeadTest" time="0.0">
    <skipped/>
  </testcase>
  <testcase name="takeScreenshot" classname="tests.AddFurnitureLeadTest" time="0.0">
    <skipped/>
  </testcase>
  <testcase name="takeScreenshot" classname="tests.AddFurnitureLeadTest" time="0.0">
    <skipped/>
  </testcase>
  <testcase name="takeScreenshot" classname="tests.AddFurnitureLeadTest" time="0.0">
    <skipped/>
  </testcase>
  <testcase name="takeScreenshot" classname="tests.AddFurnitureLeadTest" time="0.0">
    <skipped/>
  </testcase>
  <testcase name="takeScreenshot" classname="tests.AddFurnitureLeadTest" time="0.0">
    <skipped/>
  </testcase>
  <testcase name="takeScreenshot" classname="tests.AddFurnitureLeadTest" time="0.0">
    <skipped/>
  </testcase>
  <testcase name="takeScreenshot" classname="tests.AddFurnitureLeadTest" time="0.0">
    <skipped/>
  </testcase>
  <testcase name="takeScreenshot" classname="tests.AddFurnitureLeadTest" time="0.0">
    <skipped/>
  </testcase>
  <testcase name="takeScreenshot" classname="tests.AddFurnitureLeadTest" time="0.0">
    <skipped/>
  </testcase>
  <testcase name="takeScreenshot" classname="tests.AddFurnitureLeadTest" time="0.0">
    <skipped/>
  </testcase>
  <testcase name="takeScreenshot" classname="tests.AddFurnitureLeadTest" time="0.0">
    <skipped/>
  </testcase>
  <testcase name="takeScreenshot" classname="tests.AddFurnitureLeadTest" time="0.0">
    <skipped/>
  </testcase>
  <testcase name="takeScreenshot" classname="tests.AddFurnitureLeadTest" time="0.0">
    <skipped/>
  </testcase>
  <testcase name="takeScreenshot" classname="tests.AddFurnitureLeadTest" time="0.0">
    <skipped/>
  </testcase>
  <testcase name="takeScreenshot" classname="tests.AddFurnitureLeadTest" time="0.0">
    <skipped/>
  </testcase>
  <testcase name="takeScreenshot" classname="tests.AddFurnitureLeadTest" time="0.0">
    <skipped/>
  </testcase>
  <testcase name="takeScreenshot" classname="tests.AddFurnitureLeadTest" time="0.0">
    <skipped/>
  </testcase>
  <testcase name="takeScreenshot" classname="tests.AddFurnitureLeadTest" time="0.0">
    <skipped/>
  </testcase>
  <testcase name="takeScreenshot" classname="tests.AddFurnitureLeadTest" time="0.0">
    <skipped/>
  </testcase>
  <testcase name="takeScreenshot" classname="tests.AddFurnitureLeadTest" time="0.0">
    <skipped/>
  </testcase>
  <testcase name="takeScreenshot" classname="tests.AddFurnitureLeadTest" time="0.0">
    <skipped/>
  </testcase>
  <testcase name="takeScreenshot" classname="tests.AddFurnitureLeadTest" time="0.0">
    <skipped/>
  </testcase>
  <testcase name="takeScreenshot" classname="tests.AddFurnitureLeadTest" time="0.0">
    <skipped/>
  </testcase>
  <testcase name="takeScreenshot" classname="tests.AddFurnitureLeadTest" time="0.0">
    <skipped/>
  </testcase>
  <testcase name="takeScreenshot" classname="tests.AddFurnitureLeadTest" time="0.0">
    <skipped/>
  </testcase>
  <testcase name="takeScreenshot" classname="tests.AddFurnitureLeadTest" time="0.0">
    <skipped/>
  </testcase>
  <testcase name="takeScreenshot" classname="tests.AddFurnitureLeadTest" time="0.0">
    <skipped/>
  </testcase>
  <testcase name="takeScreenshot" classname="tests.AddFurnitureLeadTest" time="0.0">
    <skipped/>
  </testcase>
  <testcase name="takeScreenshot" classname="tests.AddFurnitureLeadTest" time="0.0">
    <skipped/>
  </testcase>
  <testcase name="takeScreenshot" classname="tests.AddFurnitureLeadTest" time="0.0">
    <skipped/>
  </testcase>
  <testcase name="takeScreenshot" classname="tests.AddFurnitureLeadTest" time="0.0">
    <skipped/>
  </testcase>
  <testcase name="takeScreenshot" classname="tests.AddFurnitureLeadTest" time="0.0">
    <skipped/>
  </testcase>
  <testcase name="takeScreenshot" classname="tests.AddFurnitureLeadTest" time="0.0">
    <skipped/>
  </testcase>
  <testcase name="takeScreenshot" classname="tests.AddFurnitureLeadTest" time="0.0">
    <skipped/>
  </testcase>
  <testcase name="takeScreenshot" classname="tests.AddFurnitureLeadTest" time="0.0">
    <skipped/>
  </testcase>
  <testcase name="takeScreenshot" classname="tests.AddFurnitureLeadTest" time="0.0">
    <skipped/>
  </testcase>
  <testcase name="takeScreenshot" classname="tests.AddFurnitureLeadTest" time="0.0">
    <skipped/>
  </testcase>
  <testcase name="takeScreenshot" classname="tests.AddFurnitureLeadTest" time="0.0">
    <skipped/>
  </testcase>
  <testcase name="takeScreenshot" classname="tests.AddFurnitureLeadTest" time="0.0">
    <skipped/>
  </testcase>
  <testcase name="takeScreenshot" classname="tests.AddFurnitureLeadTest" time="0.0">
    <skipped/>
  </testcase>
  <testcase name="takeScreenshot" classname="tests.AddFurnitureLeadTest" time="0.0">
    <skipped/>
  </testcase>
  <testcase name="takeScreenshot" classname="tests.AddFurnitureLeadTest" time="0.0">
    <skipped/>
  </testcase>
  <testcase name="takeScreenshot" classname="tests.AddFurnitureLeadTest" time="0.0">
    <skipped/>
  </testcase>
  <testcase name="takeScreenshot" classname="tests.AddFurnitureLeadTest" time="0.0">
    <skipped/>
  </testcase>
  <testcase name="takeScreenshot" classname="tests.AddFurnitureLeadTest" time="0.0">
    <skipped/>
  </testcase>
  <testcase name="takeScreenshot" classname="tests.AddFurnitureLeadTest" time="0.0">
    <skipped/>
  </testcase>
  <testcase name="takeScreenshot" classname="tests.AddFurnitureLeadTest" time="0.0">
    <skipped/>
  </testcase>
  <testcase name="takeScreenshot" classname="tests.AddFurnitureLeadTest" time="0.0">
    <skipped/>
  </testcase>
  <testcase name="takeScreenshot" classname="tests.AddFurnitureLeadTest" time="0.0">
    <skipped/>
  </testcase>
  <testcase name="takeScreenshot" classname="tests.AddFurnitureLeadTest" time="0.0">
    <skipped/>
  </testcase>
  <testcase name="takeScreenshot" classname="tests.AddFurnitureLeadTest" time="0.0">
    <skipped/>
  </testcase>
  <testcase name="takeScreenshot" classname="tests.AddFurnitureLeadTest" time="0.0">
    <skipped/>
  </testcase>
  <testcase name="takeScreenshot" classname="tests.AddFurnitureLeadTest" time="0.0">
    <skipped/>
  </testcase>
  <testcase name="takeScreenshot" classname="tests.AddFurnitureLeadTest" time="0.0">
    <skipped/>
  </testcase>
  <testcase name="takeScreenshot" classname="tests.AddFurnitureLeadTest" time="0.0">
    <skipped/>
  </testcase>
  <testcase name="takeScreenshot" classname="tests.AddFurnitureLeadTest" time="0.0">
    <skipped/>
  </testcase>
  <testcase name="takeScreenshot" classname="tests.AddFurnitureLeadTest" time="0.0">
    <skipped/>
  </testcase>
  <testcase name="takeScreenshot" classname="tests.AddFurnitureLeadTest" time="0.0">
    <skipped/>
  </testcase>
  <testcase name="takeScreenshot" classname="tests.AddFurnitureLeadTest" time="0.0">
    <skipped/>
  </testcase>
  <testcase name="takeScreenshot" classname="tests.AddFurnitureLeadTest" time="0.0">
    <skipped/>
  </testcase>
  <testcase name="takeScreenshot" classname="tests.AddFurnitureLeadTest" time="0.0">
    <skipped/>
  </testcase>
  <testcase name="takeScreenshot" classname="tests.AddFurnitureLeadTest" time="0.0">
    <skipped/>
  </testcase>
  <testcase name="takeScreenshot" classname="tests.AddFurnitureLeadTest" time="0.0">
    <skipped/>
  </testcase>
  <testcase name="takeScreenshot" classname="tests.AddFurnitureLeadTest" time="0.0">
    <skipped/>
  </testcase>
  <testcase name="takeScreenshot" classname="tests.AddFurnitureLeadTest" time="0.0">
    <skipped/>
  </testcase>
  <testcase name="takeScreenshot" classname="tests.AddFurnitureLeadTest" time="0.0">
    <skipped/>
  </testcase>
  <testcase name="takeScreenshot" classname="tests.AddFurnitureLeadTest" time="0.0">
    <skipped/>
  </testcase>
  <testcase name="takeScreenshot" classname="tests.AddFurnitureLeadTest" time="0.0">
    <skipped/>
  </testcase>
  <testcase name="takeScreenshot" classname="tests.AddFurnitureLeadTest" time="0.0">
    <skipped/>
  </testcase>
  <testcase name="takeScreenshot" classname="tests.AddFurnitureLeadTest" time="0.0">
    <skipped/>
  </testcase>
  <testcase name="takeScreenshot" classname="tests.AddFurnitureLeadTest" time="0.0">
    <skipped/>
  </testcase>
  <testcase name="addLeadForAdditionalFurnitureLeadTest[Stanley - SLN, Vikram, Desai, +239, Event, GIHED, Living, Coffee Table, Wants luxury and premium finish #7, CP, Tushar Bhai, Hot, 15-25 Lakhs, Office Furniture, In 6 Months, Business Loan, 30071999, Jamnagar, Reliance, 954, 3 Months](3)" classname="tests.AddFurnitureLeadTest" time="0.0">
    <skipped message="Cannot invoke &quot;com.microsoft.playwright.Page.locator(String)&quot; because &quot;this.page&quot; is null"/>
  </testcase>
  <testcase name="addLeadForAdditionalFurnitureLeadTest[Stanley - SBC, Gopal, Dave, +223, Event, GIHED, Living, TV Unit, Looking for space-saving solutions #71, CP, Tushar Bhai, Hot, 15-25 Lakhs, Office Furniture, In 1 Year +, Bank Loan, 18091980, Bhavnagar, Tata Consultancy, 923, 6 Months](4)" classname="tests.AddFurnitureLeadTest" time="0.0">
    <skipped message="Cannot invoke &quot;com.microsoft.playwright.Page.locator(String)&quot; because &quot;this.page&quot; is null"/>
  </testcase>
  <testcase name="addLeadForAdditionalFurnitureLeadTest[Godrej, Suraj, Parikh, +40, Event, GIHED, Dining, Dining Table, Looking for space-saving solutions #6, CP, Tushar Bhai, Hot, 15-25 Lakhs, Residential Project, Immediate, Mortgage, 28071995, Vadodara, Adani Group, 940, 12 Months](5)" classname="tests.AddFurnitureLeadTest" time="0.0">
    <skipped message="Cannot invoke &quot;com.microsoft.playwright.Page.locator(String)&quot; because &quot;this.page&quot; is null"/>
  </testcase>
  <testcase name="addLeadForAdditionalFurnitureLeadTest[Lofy Home Store, Prakash, Raval, +234, Event, GIHED, Dining, Chairs, Need delivery within a week #255, CP, Tushar Bhai, Hot, 15-25 Lakhs, Residential Project, In 3 Months, Business Loan, 19041967, Rajkot, Zydus Cadila, 527, 18 Months](6)" classname="tests.AddFurnitureLeadTest" time="0.0">
    <skipped message="Cannot invoke &quot;com.microsoft.playwright.Page.locator(String)&quot; because &quot;this.page&quot; is null"/>
  </testcase>
  <testcase name="addLeadForAdditionalFurnitureLeadTest[Haworth, Ramesh, Trivedi, +56, Event, GIHED, Dining, Bench, Wants kids&apos; room furniture #268, CP, Tushar Bhai, Hot, 15-25 Lakhs, Residential Project, In 6 Months, Business Loan, 07071973, Surat, Tata Consultancy, 42, 9 Months](7)" classname="tests.AddFurnitureLeadTest" time="0.0">
    <skipped message="Cannot invoke &quot;com.microsoft.playwright.Page.locator(String)&quot; because &quot;this.page&quot; is null"/>
  </testcase>
  <testcase name="addLeadForAdditionalFurnitureLeadTest[Lofy Interior Solutions, Harish, Kapoor, +226, Event, GIHED, BedRoom, Bed, Request for free installation #401, CP, Tushar Bhai, Hot, 15-25 Lakhs, Residential Project, In 1 Year +, Bank Loan, 28061991, Ahmedabad, Amul, 267, 9 Months](8)" classname="tests.AddFurnitureLeadTest" time="0.0">
    <skipped message="Cannot invoke &quot;com.microsoft.playwright.Page.locator(String)&quot; because &quot;this.page&quot; is null"/>
  </testcase>
  <testcase name="addLeadForAdditionalFurnitureLeadTest[Stanley - SLN, Kailash, Dave, +1, Event, GIHED, BedRoom, Side Table, Looking for leather finish #370, CP, Tushar Bhai, Hot, 15-25 Lakhs, Hospitality, Immediate, Business Loan, 29072001, Bhavnagar, Tata Consultancy, 492, 12 Months](9)" classname="tests.AddFurnitureLeadTest" time="0.0">
    <skipped message="Cannot invoke &quot;com.microsoft.playwright.Page.locator(String)&quot; because &quot;this.page&quot; is null"/>
  </testcase>
  <testcase name="addLeadForAdditionalFurnitureLeadTest[Stanley - SBC, Suresh, Desai, +223, Event, GIHED, BedRoom, Dressing, First-time buyer #86, CP, Tushar Bhai, Hot, 15-25 Lakhs, Hospitality, In 3 Months, Mortgage, 21042003, Bhavnagar, Amul, 92, 3 Months](10)" classname="tests.AddFurnitureLeadTest" time="0.0">
    <skipped message="Cannot invoke &quot;com.microsoft.playwright.Page.locator(String)&quot; because &quot;this.page&quot; is null"/>
  </testcase>
  <testcase name="addLeadForAdditionalFurnitureLeadTest[Godrej, Sunita, Vyas, +49, Event, GIHED, BedRoom, Mattress, Wants kids&apos; room furniture #65, CP, Tushar Bhai, Hot, 15-25 Lakhs, Hospitality, In 6 Months, Private Investor, 18081971, Gandhinagar, Arvind Mills, 342, 9 Months](11)" classname="tests.AddFurnitureLeadTest" time="0.0">
    <skipped message="Cannot invoke &quot;com.microsoft.playwright.Page.locator(String)&quot; because &quot;this.page&quot; is null"/>
  </testcase>
  <testcase name="addLeadForAdditionalFurnitureLeadTest[Lofy Home Store, Kavita, Dave, +94, Event, GIHED, Study, Study Table, Interested in sofa sets #400, CP, Tushar Bhai, Hot, 15-25 Lakhs, Hospitality, In 1 Year +, Mortgage, 15051978, Gandhinagar, Tata Consultancy, 671, 3 Months](12)" classname="tests.AddFurnitureLeadTest" time="0.0">
    <skipped message="Cannot invoke &quot;com.microsoft.playwright.Page.locator(String)&quot; because &quot;this.page&quot; is null"/>
  </testcase>
  <testcase name="addLeadForAdditionalFurnitureLeadTest[Haworth, Meena, Joshi, +213, Event, GIHED, Study, Chairs, Checking stock availability #138, CP, Tushar Bhai, Hot, 15-25 Lakhs, Retail, Immediate, Mortgage, 11081979, Bhavnagar, Arvind Mills, 588, 3 Months](13)" classname="tests.AddFurnitureLeadTest" time="0.0">
    <skipped message="Cannot invoke &quot;com.microsoft.playwright.Page.locator(String)&quot; because &quot;this.page&quot; is null"/>
  </testcase>
  <testcase name="addLeadForAdditionalFurnitureLeadTest[Lofy Interior Solutions, Anjali, Choksi, +95, Event, GIHED, Study, Library Unit, Interested in sofa sets #454, CP, Tushar Bhai, Hot, 15-25 Lakhs, Retail, In 3 Months, Business Loan, 12061985, Jamnagar, Reliance, 295, 12 Months](14)" classname="tests.AddFurnitureLeadTest" time="0.0">
    <skipped message="Cannot invoke &quot;com.microsoft.playwright.Page.locator(String)&quot; because &quot;this.page&quot; is null"/>
  </testcase>
  <testcase name="addLeadForAdditionalFurnitureLeadTest[Stanley - SLN, Rekha, Vyas, +31, Event, GIHED, Kitchen, Modular, Wants luxury and premium finish #395, CP, Tushar Bhai, Hot, 15-25 Lakhs, Retail, In 6 Months, Private Investor, 25071972, Surat, Torrent Power, 67, 12 Months](15)" classname="tests.AddFurnitureLeadTest" time="0.0">
    <skipped message="Cannot invoke &quot;com.microsoft.playwright.Page.locator(String)&quot; because &quot;this.page&quot; is null"/>
  </testcase>
  <testcase name="addLeadForAdditionalFurnitureLeadTest[Stanley - SBC, Pushpa, Desai, +45, Event, GIHED, Kitchen, Semi-Modular, Requesting catalog #16, CP, Tushar Bhai, Hot, 15-25 Lakhs, Retail, In 1 Year +, Self-Finance, 13061999, Surat, Zydus Cadila, 106, 24 Months](16)" classname="tests.AddFurnitureLeadTest" time="0.0">
    <skipped message="Cannot invoke &quot;com.microsoft.playwright.Page.locator(String)&quot; because &quot;this.page&quot; is null"/>
  </testcase>
  <testcase name="addLeadForAdditionalFurnitureLeadTest[Godrej, Shobha, Mehta, +240, Event, GIHED, Kitchen, Countertop, Looking for office furniture #414, CP, Tushar Bhai, Hot, 15-25 Lakhs, Commercial, Immediate, Self-Finance, 31071994, Vadodara, Torrent Power, 492, 12 Months](17)" classname="tests.AddFurnitureLeadTest" time="0.0">
    <skipped message="Cannot invoke &quot;com.microsoft.playwright.Page.locator(String)&quot; because &quot;this.page&quot; is null"/>
  </testcase>
  <testcase name="addLeadForAdditionalFurnitureLeadTest[Lofy Home Store, Manju, Shukla, +250, Event, GIHED, Kitchen, Appliances, Checking modular kitchen options #140, CP, Tushar Bhai, Hot, 15-25 Lakhs, Commercial, In 3 Months, Mortgage, 27081989, Surat, Adani Group, 270, 12 Months](18)" classname="tests.AddFurnitureLeadTest" time="0.0">
    <skipped message="Cannot invoke &quot;com.microsoft.playwright.Page.locator(String)&quot; because &quot;this.page&quot; is null"/>
  </testcase>
  <testcase name="addLeadForAdditionalFurnitureLeadTest[Haworth, Seema, Modi, +55, Event, GIHED, Wardrobes, Sliding, Request for free installation #33, CP, Tushar Bhai, Hot, 15-25 Lakhs, Commercial, In 6 Months, Business Loan, 28111964, Bhavnagar, Arvind Mills, 427, 3 Months](19)" classname="tests.AddFurnitureLeadTest" time="0.0">
    <skipped message="Cannot invoke &quot;com.microsoft.playwright.Page.locator(String)&quot; because &quot;this.page&quot; is null"/>
  </testcase>
  <testcase name="addLeadForAdditionalFurnitureLeadTest[Lofy Interior Solutions, Lata, Patel, +254, Event, GIHED, Wardrobes, Hinged, First-time buyer #365, CP, Tushar Bhai, Hot, 15-25 Lakhs, Commercial, In 1 Year +, Private Investor, 29052000, Surat, Reliance, 808, 6 Months](20)" classname="tests.AddFurnitureLeadTest" time="0.0">
    <skipped message="Cannot invoke &quot;com.microsoft.playwright.Page.locator(String)&quot; because &quot;this.page&quot; is null"/>
  </testcase>
  <testcase name="addLeadForAdditionalFurnitureLeadTest[Stanley - SLN, Viren, Chaudhary, +84, Event, GIHED, Wardrobes, Walk-in, Looking for EMI options #322, CP, Tushar Bhai, Hot, 15-25 Lakhs, Custom Manufacturing, Immediate, Private Investor, 30061992, Ahmedabad, Adani Group, 64, 6 Months](21)" classname="tests.AddFurnitureLeadTest" time="0.0">
    <skipped message="Cannot invoke &quot;com.microsoft.playwright.Page.locator(String)&quot; because &quot;this.page&quot; is null"/>
  </testcase>
  <testcase name="addLeadForAdditionalFurnitureLeadTest[Stanley - SBC, Jigar, Choksi, +61, Event, GIHED, Office, WorkStations, Prefers wooden furniture #255, CP, Tushar Bhai, Hot, 15-25 Lakhs, Custom Manufacturing, In 3 Months, Private Investor, 08121979, Jamnagar, Tata Consultancy, 779, 9 Months](22)" classname="tests.AddFurnitureLeadTest" time="0.0">
    <skipped message="Cannot invoke &quot;com.microsoft.playwright.Page.locator(String)&quot; because &quot;this.page&quot; is null"/>
  </testcase>
  <testcase name="addLeadForAdditionalFurnitureLeadTest[Godrej, Anjali, Gandhi, +81, Event, GIHED, Office, Conference Table, Prefers eco-friendly material #262, CP, Tushar Bhai, Hot, 15-25 Lakhs, Custom Manufacturing, In 6 Months, Bank Loan, 15111996, Gandhinagar, Adani Group, 185, 18 Months](23)" classname="tests.AddFurnitureLeadTest" time="0.0">
    <skipped message="Cannot invoke &quot;com.microsoft.playwright.Page.locator(String)&quot; because &quot;this.page&quot; is null"/>
  </testcase>
  <testcase name="addLeadForAdditionalFurnitureLeadTest[Lofy Home Store, Hetal, Desai, +211, Event, GIHED, Office, Cabin Setup, Wants kids&apos; room furniture #29, CP, Tushar Bhai, Hot, 15-25 Lakhs, Custom Manufacturing, In 1 Year +, Private Investor, 23061997, Junagadh, Tata Consultancy, 57, 24 Months](24)" classname="tests.AddFurnitureLeadTest" time="0.0">
    <skipped message="Cannot invoke &quot;com.microsoft.playwright.Page.locator(String)&quot; because &quot;this.page&quot; is null"/>
  </testcase>
  <testcase name="addLeadForAdditionalFurnitureLeadTest[Haworth, Dhruv, Doshi, +98, Event, GIHED, Outdoor, Patio, Enquiring about warranty period #440, CP, Tushar Bhai, Hot, 26-35 Lakhs, Office Furniture, Immediate, Bank Loan, 29072000, Bhavnagar, Zydus Cadila, 139, 9 Months](25)" classname="tests.AddFurnitureLeadTest" time="0.0">
    <skipped message="Cannot invoke &quot;com.microsoft.playwright.Page.locator(String)&quot; because &quot;this.page&quot; is null"/>
  </testcase>
  <testcase name="addLeadForAdditionalFurnitureLeadTest[Lofy Interior Solutions, Pooja, Dave, +66, Event, GIHED, Outdoor, Swing, Looking for EMI options #86, CP, Tushar Bhai, Hot, 26-35 Lakhs, Office Furniture, In 3 Months, Bank Loan, 11031978, Bhavnagar, Arvind Mills, 898, 12 Months](26)" classname="tests.AddFurnitureLeadTest" time="0.0">
    <skipped message="Cannot invoke &quot;com.microsoft.playwright.Page.locator(String)&quot; because &quot;this.page&quot; is null"/>
  </testcase>
  <testcase name="addLeadForAdditionalFurnitureLeadTest[Stanley - SLN, Rina, Gandhi, +251, Event, GIHED, Outdoor, Garden Seating, Wants kids&apos; room furniture #81, CP, Tushar Bhai, Hot, 26-35 Lakhs, Office Furniture, In 6 Months, Self-Finance, 08071967, Vadodara, Zydus Cadila, 705, 18 Months](27)" classname="tests.AddFurnitureLeadTest" time="0.0">
    <skipped message="Cannot invoke &quot;com.microsoft.playwright.Page.locator(String)&quot; because &quot;this.page&quot; is null"/>
  </testcase>
  <testcase name="addLeadForAdditionalFurnitureLeadTest[Stanley - SBC, Hetal, Bhatt, +63, Event, GIHED, Turkey Solution, Full Home Package(Design + Execution + Furniture), First-time buyer #396, CP, Tushar Bhai, Hot, 26-35 Lakhs, Office Furniture, In 1 Year +, Self-Finance, 28011976, Gandhinagar, Adani Group, 100, 12 Months](28)" classname="tests.AddFurnitureLeadTest" time="0.0">
    <skipped message="Cannot invoke &quot;com.microsoft.playwright.Page.locator(String)&quot; because &quot;this.page&quot; is null"/>
  </testcase>
  <testcase name="addLeadForAdditionalFurnitureLeadTest[Godrej, Pooja, Raval, +213, Event, GIHED, Project Management Consultancy, Project Advisory, Wants luxury and premium finish #458, CP, Tushar Bhai, Hot, 26-35 Lakhs, Residential Project, Immediate, Private Investor, 10012003, Junagadh, Reliance, 682, 3 Months](29)" classname="tests.AddFurnitureLeadTest" time="0.0">
    <skipped message="Cannot invoke &quot;com.microsoft.playwright.Page.locator(String)&quot; because &quot;this.page&quot; is null"/>
  </testcase>
  <testcase name="addLeadForAdditionalFurnitureLeadTest[Lofy Home Store, Bhavna, Chaudhary, +251, Event, GIHED, Project Management Consultancy, Costing, Looking for EMI options #346, CP, Tushar Bhai, Hot, 26-35 Lakhs, Residential Project, In 3 Months, Business Loan, 01011997, Surat, Arvind Mills, 554, 12 Months](30)" classname="tests.AddFurnitureLeadTest" time="0.0">
    <skipped message="Cannot invoke &quot;com.microsoft.playwright.Page.locator(String)&quot; because &quot;this.page&quot; is null"/>
  </testcase>
  <testcase name="addLeadForAdditionalFurnitureLeadTest[Haworth, Rina, Doshi, +92, Event, GIHED, Project Management Consultancy, Vendor Management, Interested in sofa sets #60, CP, Tushar Bhai, Hot, 26-35 Lakhs, Residential Project, In 6 Months, Bank Loan, 29081987, Surat, Arvind Mills, 788, 24 Months](31)" classname="tests.AddFurnitureLeadTest" time="0.0">
    <skipped message="Cannot invoke &quot;com.microsoft.playwright.Page.locator(String)&quot; because &quot;this.page&quot; is null"/>
  </testcase>
  <testcase name="addLeadForAdditionalFurnitureLeadTest[Lofy Interior Solutions, Priya, Soni, +30, Event, GIHED, Execution, Carpentry, Repeat customer inquiry #380, CP, Tushar Bhai, Hot, 26-35 Lakhs, Residential Project, In 1 Year +, Self-Finance, 14021997, Gandhinagar, Zydus Cadila, 496, 9 Months](32)" classname="tests.AddFurnitureLeadTest" time="0.0">
    <skipped message="Cannot invoke &quot;com.microsoft.playwright.Page.locator(String)&quot; because &quot;this.page&quot; is null"/>
  </testcase>
  <testcase name="addLeadForAdditionalFurnitureLeadTest[Stanley - SLN, Jigar, Dave, +66, Event, GIHED, Execution, Civil, Request for free installation #2, CP, Tushar Bhai, Hot, 26-35 Lakhs, Hospitality, Immediate, Private Investor, 18051967, Gandhinagar, Reliance, 310, 3 Months](33)" classname="tests.AddFurnitureLeadTest" time="0.0">
    <skipped message="Cannot invoke &quot;com.microsoft.playwright.Page.locator(String)&quot; because &quot;this.page&quot; is null"/>
  </testcase>
  <testcase name="addLeadForAdditionalFurnitureLeadTest[Stanley - SBC, Priya, Choksi, +242, Event, GIHED, Execution, Electrical, Looking for budget-friendly options #440, CP, Tushar Bhai, Hot, 26-35 Lakhs, Hospitality, In 3 Months, Bank Loan, 12071970, Ahmedabad, Amul, 874, 3 Months](34)" classname="tests.AddFurnitureLeadTest" time="0.0">
    <skipped message="Cannot invoke &quot;com.microsoft.playwright.Page.locator(String)&quot; because &quot;this.page&quot; is null"/>
  </testcase>
  <testcase name="addLeadForAdditionalFurnitureLeadTest[Godrej, Viren, Modi, +253, Event, GIHED, Execution, Finishing only, Checking stock availability #7, CP, Tushar Bhai, Hot, 26-35 Lakhs, Hospitality, In 6 Months, Business Loan, 06031967, Gandhinagar, Zydus Cadila, 199, 3 Months](35)" classname="tests.AddFurnitureLeadTest" time="0.0">
    <skipped message="Cannot invoke &quot;com.microsoft.playwright.Page.locator(String)&quot; because &quot;this.page&quot; is null"/>
  </testcase>
  <testcase name="addLeadForAdditionalFurnitureLeadTest[Lofy Home Store, Rina, Doshi, +252, Event, GIHED, Design only, 2D/3D Layouts, Repeat customer inquiry #24, CP, Tushar Bhai, Hot, 26-35 Lakhs, Hospitality, In 1 Year +, Self-Finance, 12041991, Jamnagar, Reliance, 981, 3 Months](36)" classname="tests.AddFurnitureLeadTest" time="0.0">
    <skipped message="Cannot invoke &quot;com.microsoft.playwright.Page.locator(String)&quot; because &quot;this.page&quot; is null"/>
  </testcase>
  <testcase name="addLeadForAdditionalFurnitureLeadTest[Haworth, Rina, Soni, +65, Event, GIHED, Design only, Material Selection, Enquiring about warranty period #187, CP, Tushar Bhai, Hot, 26-35 Lakhs, Retail, Immediate, Mortgage, 29081992, Bhavnagar, Tata Consultancy, 104, 6 Months](37)" classname="tests.AddFurnitureLeadTest" time="0.0">
    <skipped message="Cannot invoke &quot;com.microsoft.playwright.Page.locator(String)&quot; because &quot;this.page&quot; is null"/>
  </testcase>
  <testcase name="addLeadForAdditionalFurnitureLeadTest[Lofy Interior Solutions, Jigar, Joshi, +241, Event, Property Event, Living, Sofa, Interested in outdoor furniture #472, CP, Tushar Bhai, Hot, 26-35 Lakhs, Retail, In 3 Months, Mortgage, 02031991, Bhavnagar, Amul, 477, 6 Months](38)" classname="tests.AddFurnitureLeadTest" time="0.0">
    <skipped message="Cannot invoke &quot;com.microsoft.playwright.Page.locator(String)&quot; because &quot;this.page&quot; is null"/>
  </testcase>
  <testcase name="addLeadForAdditionalFurnitureLeadTest[Stanley - SLN, Sonal, Bhatt, +244, Event, Property Event, Living, Recliner, Urgent requirement #92, CP, Tushar Bhai, Hot, 26-35 Lakhs, Retail, In 6 Months, Private Investor, 21031968, Gandhinagar, Amul, 152, 18 Months](39)" classname="tests.AddFurnitureLeadTest" time="0.0">
    <skipped message="Cannot invoke &quot;com.microsoft.playwright.Page.locator(String)&quot; because &quot;this.page&quot; is null"/>
  </testcase>
  <testcase name="addLeadForAdditionalFurnitureLeadTest[Stanley - SBC, Nirav, Soni, +244, Event, Property Event, Living, Coffee Table, Interested in seasonal discount #492, CP, Tushar Bhai, Hot, 26-35 Lakhs, Retail, In 1 Year +, Bank Loan, 19031993, Bhavnagar, Zydus Cadila, 309, 9 Months](40)" classname="tests.AddFurnitureLeadTest" time="0.0">
    <skipped message="Cannot invoke &quot;com.microsoft.playwright.Page.locator(String)&quot; because &quot;this.page&quot; is null"/>
  </testcase>
  <testcase name="addLeadForAdditionalFurnitureLeadTest[Godrej, Kavya, Patel, +60, Event, Property Event, Living, TV Unit, Checking stock availability #19, CP, Tushar Bhai, Hot, 26-35 Lakhs, Commercial, Immediate, Business Loan, 17061991, Gandhinagar, Torrent Power, 676, 24 Months](41)" classname="tests.AddFurnitureLeadTest" time="0.0">
    <skipped message="Cannot invoke &quot;com.microsoft.playwright.Page.locator(String)&quot; because &quot;this.page&quot; is null"/>
  </testcase>
  <testcase name="addLeadForAdditionalFurnitureLeadTest[Lofy Home Store, Sonal, Raval, +233, Event, Property Event, Dining, Dining Table, Payment flexibility needed #412, CP, Tushar Bhai, Hot, 26-35 Lakhs, Commercial, In 3 Months, Business Loan, 19011992, Vadodara, Zydus Cadila, 564, 18 Months](42)" classname="tests.AddFurnitureLeadTest" time="0.0">
    <skipped message="Cannot invoke &quot;com.microsoft.playwright.Page.locator(String)&quot; because &quot;this.page&quot; is null"/>
  </testcase>
  <testcase name="addLeadForAdditionalFurnitureLeadTest[Haworth, Pooja, Bhatt, +32, Event, Property Event, Dining, Chairs, Interested in seasonal discount #366, CP, Tushar Bhai, Hot, 26-35 Lakhs, Commercial, In 6 Months, Private Investor, 09111968, Jamnagar, Tata Consultancy, 587, 18 Months](43)" classname="tests.AddFurnitureLeadTest" time="0.0">
    <skipped message="Cannot invoke &quot;com.microsoft.playwright.Page.locator(String)&quot; because &quot;this.page&quot; is null"/>
  </testcase>
  <testcase name="addLeadForAdditionalFurnitureLeadTest[Lofy Interior Solutions, Mina, Vyas, +250, Event, Property Event, Dining, Bench, Interested in sofa sets #336, CP, Tushar Bhai, Hot, 26-35 Lakhs, Commercial, In 1 Year +, Self-Finance, 30051974, Bhavnagar, Tata Consultancy, 190, 9 Months](44)" classname="tests.AddFurnitureLeadTest" time="0.0">
    <skipped message="Cannot invoke &quot;com.microsoft.playwright.Page.locator(String)&quot; because &quot;this.page&quot; is null"/>
  </testcase>
  <testcase name="addLeadForAdditionalFurnitureLeadTest[Stanley - SLN, Anjali, Gandhi, +257, Event, Property Event, BedRoom, Bed, Checking modular kitchen options #115, CP, Tushar Bhai, Hot, 26-35 Lakhs, Custom Manufacturing, Immediate, Bank Loan, 08031986, Junagadh, Tata Consultancy, 850, 24 Months](45)" classname="tests.AddFurnitureLeadTest" time="0.0">
    <skipped message="Cannot invoke &quot;com.microsoft.playwright.Page.locator(String)&quot; because &quot;this.page&quot; is null"/>
  </testcase>
  <testcase name="addLeadForAdditionalFurnitureLeadTest[Stanley - SBC, Jigar, Mehta, +34, Event, Property Event, BedRoom, Side Table, Looking for office furniture #128, CP, Tushar Bhai, Hot, 26-35 Lakhs, Custom Manufacturing, In 3 Months, Business Loan, 29071992, Vadodara, Amul, 49, 6 Months](46)" classname="tests.AddFurnitureLeadTest" time="0.0">
    <skipped message="Cannot invoke &quot;com.microsoft.playwright.Page.locator(String)&quot; because &quot;this.page&quot; is null"/>
  </testcase>
  <testcase name="addLeadForAdditionalFurnitureLeadTest[Godrej, Hetal, Shukla, +246, Event, Property Event, BedRoom, Dressing, Checking modular kitchen options #469, CP, Tushar Bhai, Hot, 26-35 Lakhs, Custom Manufacturing, In 6 Months, Mortgage, 12051980, Junagadh, Reliance, 798, 24 Months](47)" classname="tests.AddFurnitureLeadTest" time="0.0">
    <skipped message="Cannot invoke &quot;com.microsoft.playwright.Page.locator(String)&quot; because &quot;this.page&quot; is null"/>
  </testcase>
  <testcase name="addLeadForAdditionalFurnitureLeadTest[Lofy Home Store, Mina, Doshi, +64, Event, Property Event, BedRoom, Mattress, Interested in sofa sets #164, CP, Tushar Bhai, Hot, 26-35 Lakhs, Custom Manufacturing, In 1 Year +, Bank Loan, 29051982, Bhavnagar, Zydus Cadila, 715, 12 Months](48)" classname="tests.AddFurnitureLeadTest" time="0.0">
    <skipped message="Cannot invoke &quot;com.microsoft.playwright.Page.locator(String)&quot; because &quot;this.page&quot; is null"/>
  </testcase>
  <testcase name="addLeadForAdditionalFurnitureLeadTest[Haworth, Viren, Parikh, +44, Event, Property Event, Study, Study Table, First-time buyer #423, CP, Tushar Bhai, Hot, 36-50 Lakhs, Office Furniture, Immediate, Mortgage, 02061972, Ahmedabad, Tata Consultancy, 623, 24 Months](49)" classname="tests.AddFurnitureLeadTest" time="0.0">
    <skipped message="Cannot invoke &quot;com.microsoft.playwright.Page.locator(String)&quot; because &quot;this.page&quot; is null"/>
  </testcase>
  <testcase name="addLeadForAdditionalFurnitureLeadTest[Lofy Interior Solutions, Krishna, Modi, +252, Event, Property Event, Study, Chairs, Prefers wooden furniture #293, CP, Tushar Bhai, Hot, 36-50 Lakhs, Office Furniture, In 3 Months, Mortgage, 27101971, Rajkot, Amul, 973, 3 Months](50)" classname="tests.AddFurnitureLeadTest" time="0.0">
    <skipped message="Cannot invoke &quot;com.microsoft.playwright.Page.locator(String)&quot; because &quot;this.page&quot; is null"/>
  </testcase>
  <testcase name="addLeadForAdditionalFurnitureLeadTest[Stanley - SLN, Hetal, Thakkar, +84, Event, Property Event, Study, Library Unit, Wants kids&apos; room furniture #62, CP, Tushar Bhai, Hot, 36-50 Lakhs, Office Furniture, In 6 Months, Bank Loan, 15082001, Ahmedabad, Reliance, 127, 24 Months](51)" classname="tests.AddFurnitureLeadTest" time="0.0">
    <skipped message="Cannot invoke &quot;com.microsoft.playwright.Page.locator(String)&quot; because &quot;this.page&quot; is null"/>
  </testcase>
  <testcase name="addLeadForAdditionalFurnitureLeadTest[Stanley - SBC, Rohit, Gandhi, +228, Event, Property Event, Kitchen, Modular, Request for free installation #345, CP, Tushar Bhai, Hot, 36-50 Lakhs, Office Furniture, In 1 Year +, Private Investor, 21091984, Surat, Tata Consultancy, 42, 12 Months](52)" classname="tests.AddFurnitureLeadTest" time="0.0">
    <skipped message="Cannot invoke &quot;com.microsoft.playwright.Page.locator(String)&quot; because &quot;this.page&quot; is null"/>
  </testcase>
  <testcase name="addLeadForAdditionalFurnitureLeadTest[Godrej, Viren, Trivedi, +65, Event, Property Event, Kitchen, Semi-Modular, Requesting catalog #27, CP, Tushar Bhai, Hot, 36-50 Lakhs, Residential Project, Immediate, Self-Finance, 12101989, Junagadh, Torrent Power, 162, 24 Months](53)" classname="tests.AddFurnitureLeadTest" time="0.0">
    <skipped message="Cannot invoke &quot;com.microsoft.playwright.Page.locator(String)&quot; because &quot;this.page&quot; is null"/>
  </testcase>
  <testcase name="addLeadForAdditionalFurnitureLeadTest[Lofy Home Store, Rishi, Parikh, +53, Event, Property Event, Kitchen, Countertop, Need delivery within a week #115, CP, Tushar Bhai, Hot, 36-50 Lakhs, Residential Project, In 3 Months, Self-Finance, 11101998, Jamnagar, Tata Consultancy, 543, 18 Months](54)" classname="tests.AddFurnitureLeadTest" time="0.0">
    <skipped message="Cannot invoke &quot;com.microsoft.playwright.Page.locator(String)&quot; because &quot;this.page&quot; is null"/>
  </testcase>
  <testcase name="addLeadForAdditionalFurnitureLeadTest[Haworth, Anjali, Joshi, +43, Event, Property Event, Kitchen, Appliances, Asking for fabric color options #265, CP, Tushar Bhai, Hot, 36-50 Lakhs, Residential Project, In 6 Months, Self-Finance, 02041994, Surat, Zydus Cadila, 718, 24 Months](55)" classname="tests.AddFurnitureLeadTest" time="0.0">
    <skipped message="Cannot invoke &quot;com.microsoft.playwright.Page.locator(String)&quot; because &quot;this.page&quot; is null"/>
  </testcase>
  <testcase name="addLeadForAdditionalFurnitureLeadTest[Lofy Interior Solutions, Krishna, Kapoor, +251, Event, Property Event, Wardrobes, Sliding, Looking for budget-friendly options #489, CP, Tushar Bhai, Hot, 36-50 Lakhs, Residential Project, In 1 Year +, Bank Loan, 11121971, Jamnagar, Zydus Cadila, 844, 18 Months](56)" classname="tests.AddFurnitureLeadTest" time="0.0">
    <skipped message="Cannot invoke &quot;com.microsoft.playwright.Page.locator(String)&quot; because &quot;this.page&quot; is null"/>
  </testcase>
  <testcase name="addLeadForAdditionalFurnitureLeadTest[Stanley - SLN, Rina, Kapoor, +56, Event, Property Event, Wardrobes, Hinged, Interested in outdoor furniture #36, CP, Tushar Bhai, Hot, 36-50 Lakhs, Hospitality, Immediate, Business Loan, 08081988, Ahmedabad, Zydus Cadila, 755, 18 Months](57)" classname="tests.AddFurnitureLeadTest" time="0.0">
    <skipped message="Cannot invoke &quot;com.microsoft.playwright.Page.locator(String)&quot; because &quot;this.page&quot; is null"/>
  </testcase>
  <testcase name="addLeadForAdditionalFurnitureLeadTest[Stanley - SBC, Kavya, Thakkar, +51, Event, Property Event, Wardrobes, Walk-in, Requesting catalog #239, CP, Tushar Bhai, Hot, 36-50 Lakhs, Hospitality, In 3 Months, Self-Finance, 27121987, Surat, Adani Group, 136, 3 Months](58)" classname="tests.AddFurnitureLeadTest" time="0.0">
    <skipped message="Cannot invoke &quot;com.microsoft.playwright.Page.locator(String)&quot; because &quot;this.page&quot; is null"/>
  </testcase>
  <testcase name="addLeadForAdditionalFurnitureLeadTest[Godrej, Hetal, Desai, +92, Event, Property Event, Office, WorkStations, Checking stock availability #145, CP, Tushar Bhai, Hot, 36-50 Lakhs, Hospitality, In 6 Months, Mortgage, 14051987, Rajkot, Amul, 599, 18 Months](59)" classname="tests.AddFurnitureLeadTest" time="0.0">
    <skipped message="Cannot invoke &quot;com.microsoft.playwright.Page.locator(String)&quot; because &quot;this.page&quot; is null"/>
  </testcase>
  <testcase name="addLeadForAdditionalFurnitureLeadTest[Lofy Home Store, Pooja, Vyas, +44, Event, Property Event, Office, Conference Table, Wants matching dining set #433, CP, Tushar Bhai, Hot, 36-50 Lakhs, Hospitality, In 1 Year +, Self-Finance, 20111999, Vadodara, Reliance, 376, 24 Months](60)" classname="tests.AddFurnitureLeadTest" time="0.0">
    <skipped message="Cannot invoke &quot;com.microsoft.playwright.Page.locator(String)&quot; because &quot;this.page&quot; is null"/>
  </testcase>
  <testcase name="addLeadForAdditionalFurnitureLeadTest[Haworth, Viren, Shukla, +90, Event, Property Event, Office, Cabin Setup, Requesting bulk order discount #168, CP, Tushar Bhai, Hot, 36-50 Lakhs, Retail, Immediate, Self-Finance, 25051976, Ahmedabad, Zydus Cadila, 780, 24 Months](61)" classname="tests.AddFurnitureLeadTest" time="0.0">
    <skipped message="Cannot invoke &quot;com.microsoft.playwright.Page.locator(String)&quot; because &quot;this.page&quot; is null"/>
  </testcase>
  <testcase name="addLeadForAdditionalFurnitureLeadTest[Lofy Interior Solutions, Nirav, Shah, +62, Event, Property Event, Outdoor, Patio, Prefers wooden furniture #284, CP, Tushar Bhai, Hot, 36-50 Lakhs, Retail, In 3 Months, Mortgage, 10121973, Vadodara, Tata Consultancy, 482, 9 Months](62)" classname="tests.AddFurnitureLeadTest" time="0.0">
    <skipped message="Cannot invoke &quot;com.microsoft.playwright.Page.locator(String)&quot; because &quot;this.page&quot; is null"/>
  </testcase>
  <testcase name="addLeadForAdditionalFurnitureLeadTest[Stanley - SLN, Karan, Bhatt, +232, Event, Property Event, Outdoor, Swing, Prefers eco-friendly material #5, CP, Tushar Bhai, Hot, 36-50 Lakhs, Retail, In 6 Months, Mortgage, 12011966, Bhavnagar, Zydus Cadila, 263, 18 Months](63)" classname="tests.AddFurnitureLeadTest" time="0.0">
    <skipped message="Cannot invoke &quot;com.microsoft.playwright.Page.locator(String)&quot; because &quot;this.page&quot; is null"/>
  </testcase>
  <testcase name="addLeadForAdditionalFurnitureLeadTest[Stanley - SBC, Rina, Shukla, +238, Event, Property Event, Outdoor, Garden Seating, Wants kids&apos; room furniture #103, CP, Tushar Bhai, Hot, 36-50 Lakhs, Retail, In 1 Year +, Business Loan, 26061996, Jamnagar, Zydus Cadila, 827, 24 Months](64)" classname="tests.AddFurnitureLeadTest" time="0.0">
    <skipped message="Cannot invoke &quot;com.microsoft.playwright.Page.locator(String)&quot; because &quot;this.page&quot; is null"/>
  </testcase>
  <testcase name="addLeadForAdditionalFurnitureLeadTest[Godrej, Priya, Dave, +254, Event, Property Event, Turkey Solution, Full Home Package(Design + Execution + Furniture), Requesting bulk order discount #289, CP, Tushar Bhai, Hot, 36-50 Lakhs, Commercial, Immediate, Self-Finance, 10041971, Jamnagar, Arvind Mills, 733, 18 Months](65)" classname="tests.AddFurnitureLeadTest" time="0.0">
    <skipped message="Cannot invoke &quot;com.microsoft.playwright.Page.locator(String)&quot; because &quot;this.page&quot; is null"/>
  </testcase>
  <testcase name="addLeadForAdditionalFurnitureLeadTest[Lofy Home Store, Nirav, Soni, +52, Event, Property Event, Project Management Consultancy, Project Advisory, Asking for fabric color options #156, CP, Tushar Bhai, Hot, 36-50 Lakhs, Commercial, In 3 Months, Private Investor, 08061969, Bhavnagar, Amul, 916, 24 Months](66)" classname="tests.AddFurnitureLeadTest" time="0.0">
    <skipped message="Cannot invoke &quot;com.microsoft.playwright.Page.locator(String)&quot; because &quot;this.page&quot; is null"/>
  </testcase>
  <testcase name="addLeadForAdditionalFurnitureLeadTest[Haworth, Mina, Patel, 91, Event, Property Event, Project Management Consultancy, Costing, Interested in sofa sets #319, CP, Tushar Bhai, Hot, 36-50 Lakhs, Commercial, In 6 Months, Private Investor, 03061986, Rajkot, Torrent Power, 155, 9 Months](67)" classname="tests.AddFurnitureLeadTest" time="0.0">
    <skipped message="Cannot invoke &quot;com.microsoft.playwright.Page.locator(String)&quot; because &quot;this.page&quot; is null"/>
  </testcase>
  <testcase name="addLeadForAdditionalFurnitureLeadTest[Lofy Interior Solutions, Karan, Mehta, +239, Event, Property Event, Project Management Consultancy, Vendor Management, Repeat customer inquiry #238, CP, Tushar Bhai, Hot, 36-50 Lakhs, Commercial, In 1 Year +, Self-Finance, 08072003, Vadodara, Adani Group, 646, 24 Months](68)" classname="tests.AddFurnitureLeadTest" time="0.0">
    <skipped message="Cannot invoke &quot;com.microsoft.playwright.Page.locator(String)&quot; because &quot;this.page&quot; is null"/>
  </testcase>
  <testcase name="addLeadForAdditionalFurnitureLeadTest[Stanley - SLN, Kavya, Shah, +90, Event, Property Event, Execution, Carpentry, Wants kids&apos; room furniture #303, CP, Tushar Bhai, Hot, 36-50 Lakhs, Custom Manufacturing, Immediate, Mortgage, 25041990, Gandhinagar, Tata Consultancy, 220, 9 Months](69)" classname="tests.AddFurnitureLeadTest" time="0.0">
    <skipped message="Cannot invoke &quot;com.microsoft.playwright.Page.locator(String)&quot; because &quot;this.page&quot; is null"/>
  </testcase>
  <testcase name="addLeadForAdditionalFurnitureLeadTest[Stanley - SBC, Sonal, Raval, +253, Event, Property Event, Execution, Civil, Enquiring about warranty period #396, CP, Tushar Bhai, Hot, 36-50 Lakhs, Custom Manufacturing, In 3 Months, Mortgage, 07111975, Bhavnagar, Amul, 92, 18 Months](70)" classname="tests.AddFurnitureLeadTest" time="0.0">
    <skipped message="Cannot invoke &quot;com.microsoft.playwright.Page.locator(String)&quot; because &quot;this.page&quot; is null"/>
  </testcase>
  <testcase name="addLeadForAdditionalFurnitureLeadTest[Godrej, Krishna, Parikh, +236, Event, Property Event, Execution, Electrical, Wants matching dining set #101, CP, Tushar Bhai, Hot, 36-50 Lakhs, Custom Manufacturing, In 6 Months, Bank Loan, 09111981, Bhavnagar, Zydus Cadila, 468, 24 Months](71)" classname="tests.AddFurnitureLeadTest" time="0.0">
    <skipped message="Cannot invoke &quot;com.microsoft.playwright.Page.locator(String)&quot; because &quot;this.page&quot; is null"/>
  </testcase>
  <testcase name="addLeadForAdditionalFurnitureLeadTest[Lofy Home Store, Pooja, Chaudhary, +63, Event, Property Event, Execution, Finishing only, Interested in sofa sets #462, CP, Tushar Bhai, Hot, 36-50 Lakhs, Custom Manufacturing, In 1 Year +, Bank Loan, 26011993, Rajkot, Zydus Cadila, 984, 3 Months](72)" classname="tests.AddFurnitureLeadTest" time="0.0">
    <skipped message="Cannot invoke &quot;com.microsoft.playwright.Page.locator(String)&quot; because &quot;this.page&quot; is null"/>
  </testcase>
  <testcase name="addLeadForAdditionalFurnitureLeadTest[Haworth, Aarav, Mehta, +94, Event, Property Event, Design only, 2D/3D Layouts, Payment flexibility needed #390, CP, Tushar Bhai, Hot, 51-70 Lakhs, Office Furniture, Immediate, Bank Loan, 12031968, Vadodara, Torrent Power, 336, 24 Months](73)" classname="tests.AddFurnitureLeadTest" time="0.0">
    <skipped message="Cannot invoke &quot;com.microsoft.playwright.Page.locator(String)&quot; because &quot;this.page&quot; is null"/>
  </testcase>
  <testcase name="addLeadForAdditionalFurnitureLeadTest[Lofy Interior Solutions, Neha, Choksi, +240, Event, Property Event, Design only, Material Selection, Asking for fabric color options #126, CP, Tushar Bhai, Hot, 51-70 Lakhs, Office Furniture, In 3 Months, Mortgage, 31102002, Bhavnagar, Adani Group, 394, 3 Months](74)" classname="tests.AddFurnitureLeadTest" time="0.0">
    <skipped message="Cannot invoke &quot;com.microsoft.playwright.Page.locator(String)&quot; because &quot;this.page&quot; is null"/>
  </testcase>
  <testcase name="addLeadForAdditionalFurnitureLeadTest[Stanley - SLN, Sonal, Raval, +60, Event, Investor Meet, Living, Sofa, Urgent requirement #4, CP, Tushar Bhai, Hot, 51-70 Lakhs, Office Furniture, In 6 Months, Bank Loan, 29082002, Ahmedabad, Amul, 37, 24 Months](75)" classname="tests.AddFurnitureLeadTest" time="0.0">
    <skipped message="Cannot invoke &quot;com.microsoft.playwright.Page.locator(String)&quot; because &quot;this.page&quot; is null"/>
  </testcase>
  <testcase name="addLeadForAdditionalFurnitureLeadTest[Stanley - SBC, Mehul, Vyas, +261, Event, Investor Meet, Living, Recliner, Interested in seasonal discount #210, CP, Tushar Bhai, Hot, 51-70 Lakhs, Office Furniture, In 1 Year +, Private Investor, 21091965, Bhavnagar, Reliance, 134, 12 Months](76)" classname="tests.AddFurnitureLeadTest" time="0.0">
    <skipped message="Cannot invoke &quot;com.microsoft.playwright.Page.locator(String)&quot; because &quot;this.page&quot; is null"/>
  </testcase>
  <testcase name="addLeadForAdditionalFurnitureLeadTest[Godrej, Krishna, Choksi, +34, Event, Investor Meet, Living, Coffee Table, Interested in modern furniture #120, CP, Tushar Bhai, Hot, 51-70 Lakhs, Residential Project, Immediate, Business Loan, 13021980, Ahmedabad, Reliance, 492, 6 Months](77)" classname="tests.AddFurnitureLeadTest" time="0.0">
    <skipped message="Cannot invoke &quot;com.microsoft.playwright.Page.locator(String)&quot; because &quot;this.page&quot; is null"/>
  </testcase>
  <testcase name="addLeadForAdditionalFurnitureLeadTest[Lofy Home Store, Sonal, Shukla, +93, Event, Investor Meet, Living, TV Unit, Payment flexibility needed #178, CP, Tushar Bhai, Hot, 51-70 Lakhs, Residential Project, In 3 Months, Self-Finance, 08071992, Jamnagar, Arvind Mills, 778, 6 Months](78)" classname="tests.AddFurnitureLeadTest" time="0.0">
    <skipped message="Cannot invoke &quot;com.microsoft.playwright.Page.locator(String)&quot; because &quot;this.page&quot; is null"/>
  </testcase>
  <testcase name="addLeadForAdditionalFurnitureLeadTest[Haworth, Neha, Patel, +62, Event, Investor Meet, Dining, Dining Table, Visited showroom last week #430, CP, Tushar Bhai, Hot, 51-70 Lakhs, Residential Project, In 6 Months, Private Investor, 09071995, Junagadh, Zydus Cadila, 392, 9 Months](79)" classname="tests.AddFurnitureLeadTest" time="0.0">
    <skipped message="Cannot invoke &quot;com.microsoft.playwright.Page.locator(String)&quot; because &quot;this.page&quot; is null"/>
  </testcase>
  <testcase name="addLeadForAdditionalFurnitureLeadTest[Lofy Interior Solutions, Rohit, Choksi, +232, Event, Investor Meet, Dining, Chairs, Looking for space-saving solutions #450, CP, Tushar Bhai, Hot, 51-70 Lakhs, Residential Project, In 1 Year +, Bank Loan, 05101964, Surat, Adani Group, 213, 6 Months](80)" classname="tests.AddFurnitureLeadTest" time="0.0">
    <skipped message="Cannot invoke &quot;com.microsoft.playwright.Page.locator(String)&quot; because &quot;this.page&quot; is null"/>
  </testcase>
  <testcase name="addLeadForAdditionalFurnitureLeadTest[Stanley - SLN, Karan, Bhatt, +46, Event, Investor Meet, Dining, Bench, Interested in modern furniture #487, CP, Tushar Bhai, Hot, 51-70 Lakhs, Hospitality, Immediate, Bank Loan, 25062002, Surat, Adani Group, 426, 3 Months](81)" classname="tests.AddFurnitureLeadTest" time="0.0">
    <skipped message="Cannot invoke &quot;com.microsoft.playwright.Page.locator(String)&quot; because &quot;this.page&quot; is null"/>
  </testcase>
  <testcase name="addLeadForAdditionalFurnitureLeadTest[Stanley - SBC, Mina, Vyas, +230, Event, Investor Meet, BedRoom, Bed, Looking for office furniture #1, CP, Tushar Bhai, Hot, 51-70 Lakhs, Hospitality, In 3 Months, Private Investor, 03081999, Vadodara, Arvind Mills, 661, 24 Months](82)" classname="tests.AddFurnitureLeadTest" time="0.0">
    <skipped message="Cannot invoke &quot;com.microsoft.playwright.Page.locator(String)&quot; because &quot;this.page&quot; is null"/>
  </testcase>
  <testcase name="addLeadForAdditionalFurnitureLeadTest[Godrej, Mehul, Doshi, +41, Event, Investor Meet, BedRoom, Side Table, Wants matching dining set #337, CP, Tushar Bhai, Hot, 51-70 Lakhs, Hospitality, In 6 Months, Business Loan, 04041993, Junagadh, Adani Group, 362, 12 Months](83)" classname="tests.AddFurnitureLeadTest" time="0.0">
    <skipped message="Cannot invoke &quot;com.microsoft.playwright.Page.locator(String)&quot; because &quot;this.page&quot; is null"/>
  </testcase>
  <testcase name="addLeadForAdditionalFurnitureLeadTest[Lofy Home Store, Priya, Thakkar, +224, Event, Investor Meet, BedRoom, Dressing, Interested in outdoor furniture #435, CP, Tushar Bhai, Hot, 51-70 Lakhs, Hospitality, In 1 Year +, Business Loan, 12071989, Ahmedabad, Torrent Power, 228, 3 Months](84)" classname="tests.AddFurnitureLeadTest" time="0.0">
    <skipped message="Cannot invoke &quot;com.microsoft.playwright.Page.locator(String)&quot; because &quot;this.page&quot; is null"/>
  </testcase>
  <testcase name="addLeadForAdditionalFurnitureLeadTest[Haworth, Hetal, Kapoor, +221, Event, Investor Meet, BedRoom, Mattress, Interested in sofa sets #373, CP, Tushar Bhai, Hot, 51-70 Lakhs, Retail, Immediate, Private Investor, 23031997, Gandhinagar, Adani Group, 89, 24 Months](85)" classname="tests.AddFurnitureLeadTest" time="0.0">
    <skipped message="Cannot invoke &quot;com.microsoft.playwright.Page.locator(String)&quot; because &quot;this.page&quot; is null"/>
  </testcase>
  <testcase name="addLeadForAdditionalFurnitureLeadTest[Lofy Interior Solutions, Mehul, Gandhi, +32, Event, Investor Meet, Study, Study Table, Requesting bulk order discount #54, CP, Tushar Bhai, Hot, 51-70 Lakhs, Retail, In 3 Months, Private Investor, 22011972, Ahmedabad, Adani Group, 118, 18 Months](86)" classname="tests.AddFurnitureLeadTest" time="0.0">
    <skipped message="Cannot invoke &quot;com.microsoft.playwright.Page.locator(String)&quot; because &quot;this.page&quot; is null"/>
  </testcase>
  <testcase name="addLeadForAdditionalFurnitureLeadTest[Stanley - SLN, Rishi, Chaudhary, +220, Event, Investor Meet, Study, Chairs, Asking for custom designs #272, CP, Tushar Bhai, Hot, 51-70 Lakhs, Retail, In 6 Months, Private Investor, 18032003, Jamnagar, Adani Group, 497, 12 Months](87)" classname="tests.AddFurnitureLeadTest" time="0.0">
    <skipped message="Cannot invoke &quot;com.microsoft.playwright.Page.locator(String)&quot; because &quot;this.page&quot; is null"/>
  </testcase>
  <testcase name="addLeadForAdditionalFurnitureLeadTest[Stanley - SBC, Anjali, Raval, +43, Event, Investor Meet, Study, Library Unit, Repeat customer inquiry #215, CP, Tushar Bhai, Hot, 51-70 Lakhs, Retail, In 1 Year +, Mortgage, 04101977, Jamnagar, Arvind Mills, 696, 3 Months](88)" classname="tests.AddFurnitureLeadTest" time="0.0">
    <skipped message="Cannot invoke &quot;com.microsoft.playwright.Page.locator(String)&quot; because &quot;this.page&quot; is null"/>
  </testcase>
  <testcase name="addLeadForAdditionalFurnitureLeadTest[Godrej, Anjali, Choksi, +55, Event, Investor Meet, Kitchen, Modular, Enquiring about warranty period #493, CP, Tushar Bhai, Hot, 51-70 Lakhs, Commercial, Immediate, Self-Finance, 02041996, Junagadh, Amul, 218, 12 Months](89)" classname="tests.AddFurnitureLeadTest" time="0.0">
    <skipped message="Cannot invoke &quot;com.microsoft.playwright.Page.locator(String)&quot; because &quot;this.page&quot; is null"/>
  </testcase>
  <testcase name="addLeadForAdditionalFurnitureLeadTest[Lofy Home Store, Bhavna, Soni, +223, Event, Investor Meet, Kitchen, Semi-Modular, Looking for budget-friendly options #498, CP, Tushar Bhai, Hot, 51-70 Lakhs, Commercial, In 3 Months, Mortgage, 21071984, Surat, Amul, 929, 18 Months](90)" classname="tests.AddFurnitureLeadTest" time="0.0">
    <skipped message="Cannot invoke &quot;com.microsoft.playwright.Page.locator(String)&quot; because &quot;this.page&quot; is null"/>
  </testcase>
  <testcase name="addLeadForAdditionalFurnitureLeadTest[Haworth, Rohit, Joshi, +229, Event, Investor Meet, Kitchen, Countertop, Urgent requirement #365, CP, Tushar Bhai, Hot, 51-70 Lakhs, Commercial, In 6 Months, Private Investor, 26071983, Vadodara, Torrent Power, 851, 24 Months](91)" classname="tests.AddFurnitureLeadTest" time="0.0">
    <skipped message="Cannot invoke &quot;com.microsoft.playwright.Page.locator(String)&quot; because &quot;this.page&quot; is null"/>
  </testcase>
  <testcase name="addLeadForAdditionalFurnitureLeadTest[Lofy Interior Solutions, Krishna, Parikh, +36, Event, Investor Meet, Kitchen, Appliances, First-time buyer #48, CP, Tushar Bhai, Hot, 51-70 Lakhs, Commercial, In 1 Year +, Business Loan, 25121972, Gandhinagar, Torrent Power, 655, 3 Months](92)" classname="tests.AddFurnitureLeadTest" time="0.0">
    <skipped message="Cannot invoke &quot;com.microsoft.playwright.Page.locator(String)&quot; because &quot;this.page&quot; is null"/>
  </testcase>
  <testcase name="addLeadForAdditionalFurnitureLeadTest[Stanley - SLN, Rohit, Parikh, +240, Event, Investor Meet, Wardrobes, Sliding, Looking for budget-friendly options #472, CP, Tushar Bhai, Hot, 51-70 Lakhs, Custom Manufacturing, Immediate, Business Loan, 04051994, Rajkot, Reliance, 183, 9 Months](93)" classname="tests.AddFurnitureLeadTest" time="0.0">
    <skipped message="Cannot invoke &quot;com.microsoft.playwright.Page.locator(String)&quot; because &quot;this.page&quot; is null"/>
  </testcase>
  <testcase name="addLeadForAdditionalFurnitureLeadTest[Stanley - SBC, Rina, Kapoor, +253, Event, Investor Meet, Wardrobes, Hinged, Repeat customer inquiry #460, CP, Tushar Bhai, Hot, 51-70 Lakhs, Custom Manufacturing, In 3 Months, Bank Loan, 15062000, Vadodara, Reliance, 189, 9 Months](94)" classname="tests.AddFurnitureLeadTest" time="0.0">
    <skipped message="Cannot invoke &quot;com.microsoft.playwright.Page.locator(String)&quot; because &quot;this.page&quot; is null"/>
  </testcase>
  <testcase name="addLeadForAdditionalFurnitureLeadTest[Godrej, Karan, Modi, +62, Event, Investor Meet, Wardrobes, Walk-in, Checking stock availability #267, CP, Tushar Bhai, Hot, 51-70 Lakhs, Custom Manufacturing, In 6 Months, Business Loan, 14081990, Rajkot, Arvind Mills, 369, 12 Months](95)" classname="tests.AddFurnitureLeadTest" time="0.0">
    <skipped message="Cannot invoke &quot;com.microsoft.playwright.Page.locator(String)&quot; because &quot;this.page&quot; is null"/>
  </testcase>
  <testcase name="addLeadForAdditionalFurnitureLeadTest[Lofy Home Store, Jigar, Choksi, +232, Event, Investor Meet, Office, WorkStations, Checking modular kitchen options #359, CP, Tushar Bhai, Hot, 51-70 Lakhs, Custom Manufacturing, In 1 Year +, Mortgage, 19011995, Vadodara, Arvind Mills, 461, 6 Months](96)" classname="tests.AddFurnitureLeadTest" time="0.0">
    <skipped message="Cannot invoke &quot;com.microsoft.playwright.Page.locator(String)&quot; because &quot;this.page&quot; is null"/>
  </testcase>
  <testcase name="addLeadForAdditionalFurnitureLeadTest[Haworth, Mehul, Doshi, +220, Event, Investor Meet, Office, Conference Table, Requesting catalog #191, CP, Tushar Bhai, Hot, 71+ Lakhs, Office Furniture, Immediate, Bank Loan, 15121964, Surat, Zydus Cadila, 681, 9 Months](97)" classname="tests.AddFurnitureLeadTest" time="0.0">
    <skipped message="Cannot invoke &quot;com.microsoft.playwright.Page.locator(String)&quot; because &quot;this.page&quot; is null"/>
  </testcase>
  <testcase name="addLeadForAdditionalFurnitureLeadTest[Lofy Interior Solutions, Viren, Raval, +213, Event, Investor Meet, Office, Cabin Setup, Prefers eco-friendly material #499, CP, Tushar Bhai, Hot, 71+ Lakhs, Office Furniture, In 3 Months, Private Investor, 27111977, Junagadh, Zydus Cadila, 245, 3 Months](98)" classname="tests.AddFurnitureLeadTest" time="0.0">
    <skipped message="Cannot invoke &quot;com.microsoft.playwright.Page.locator(String)&quot; because &quot;this.page&quot; is null"/>
  </testcase>
  <testcase name="addLeadForAdditionalFurnitureLeadTest[Stanley - SLN, Rina, Joshi, +65, Event, Investor Meet, Outdoor, Patio, Interested in sofa sets #44, CP, Tushar Bhai, Hot, 71+ Lakhs, Office Furniture, In 6 Months, Private Investor, 26091975, Junagadh, Zydus Cadila, 531, 24 Months](99)" classname="tests.AddFurnitureLeadTest" time="0.0">
    <skipped message="Cannot invoke &quot;com.microsoft.playwright.Page.locator(String)&quot; because &quot;this.page&quot; is null"/>
  </testcase>
  <testcase name="addLeadForAdditionalFurnitureLeadTest[Stanley - SBC, Jigar, Chaudhary, +223, Event, Investor Meet, Outdoor, Swing, Looking for EMI options #49, CP, Tushar Bhai, Hot, 71+ Lakhs, Office Furniture, In 1 Year +, Mortgage, 26011997, Ahmedabad, Arvind Mills, 799, 9 Months](100)" classname="tests.AddFurnitureLeadTest" time="0.0">
    <skipped message="Cannot invoke &quot;com.microsoft.playwright.Page.locator(String)&quot; because &quot;this.page&quot; is null"/>
  </testcase>
  <testcase name="addLeadForAdditionalFurnitureLeadTest[Godrej, Aarav, Vyas, +55, Event, Investor Meet, Outdoor, Garden Seating, Request for free installation #69, CP, Tushar Bhai, Hot, 71+ Lakhs, Residential Project, Immediate, Private Investor, 14012000, Surat, Adani Group, 203, 3 Months](101)" classname="tests.AddFurnitureLeadTest" time="0.0">
    <skipped message="Cannot invoke &quot;com.microsoft.playwright.Page.locator(String)&quot; because &quot;this.page&quot; is null"/>
  </testcase>
  <testcase name="addLeadForAdditionalFurnitureLeadTest[Lofy Home Store, Karan, Choksi, +33, Event, Investor Meet, Turkey Solution, Full Home Package(Design + Execution + Furniture), Visited showroom last week #420, CP, Tushar Bhai, Hot, 71+ Lakhs, Residential Project, In 3 Months, Mortgage, 10101982, Junagadh, Amul, 374, 6 Months](102)" classname="tests.AddFurnitureLeadTest" time="0.0">
    <skipped message="Cannot invoke &quot;com.microsoft.playwright.Page.locator(String)&quot; because &quot;this.page&quot; is null"/>
  </testcase>
  <testcase name="addLeadForAdditionalFurnitureLeadTest[Haworth, Rishi, Kapoor, +91, Event, Investor Meet, Project Management Consultancy, Project Advisory, Interested in outdoor furniture #39, CP, Tushar Bhai, Hot, 71+ Lakhs, Residential Project, In 6 Months, Business Loan, 04081992, Ahmedabad, Amul, 849, 24 Months](103)" classname="tests.AddFurnitureLeadTest" time="0.0">
    <skipped message="Cannot invoke &quot;com.microsoft.playwright.Page.locator(String)&quot; because &quot;this.page&quot; is null"/>
  </testcase>
  <testcase name="addLeadForAdditionalFurnitureLeadTest[Lofy Interior Solutions, Priya, Kapoor, +244, Event, Investor Meet, Project Management Consultancy, Costing, Looking for EMI options #291, CP, Tushar Bhai, Hot, 71+ Lakhs, Residential Project, In 1 Year +, Business Loan, 04121980, Vadodara, Torrent Power, 315, 9 Months](104)" classname="tests.AddFurnitureLeadTest" time="0.0">
    <skipped message="Cannot invoke &quot;com.microsoft.playwright.Page.locator(String)&quot; because &quot;this.page&quot; is null"/>
  </testcase>
  <testcase name="addLeadForAdditionalFurnitureLeadTest[Stanley - SLN, Viren, Raval, +237, Event, Investor Meet, Project Management Consultancy, Vendor Management, Looking for budget-friendly options #223, CP, Tushar Bhai, Hot, 71+ Lakhs, Hospitality, Immediate, Private Investor, 11071966, Ahmedabad, Reliance, 836, 24 Months](105)" classname="tests.AddFurnitureLeadTest" time="0.0">
    <skipped message="Cannot invoke &quot;com.microsoft.playwright.Page.locator(String)&quot; because &quot;this.page&quot; is null"/>
  </testcase>
  <testcase name="addLeadForAdditionalFurnitureLeadTest[Stanley - SBC, Karan, Vyas, +235, Event, Investor Meet, Execution, Carpentry, Prefers compact designs #494, CP, Tushar Bhai, Hot, 71+ Lakhs, Hospitality, In 3 Months, Mortgage, 06081970, Gandhinagar, Reliance, 827, 12 Months](106)" classname="tests.AddFurnitureLeadTest" time="0.0">
    <skipped message="Cannot invoke &quot;com.microsoft.playwright.Page.locator(String)&quot; because &quot;this.page&quot; is null"/>
  </testcase>
  <testcase name="addLeadForAdditionalFurnitureLeadTest[Godrej, Bhavna, Raval, +54, Event, Investor Meet, Execution, Civil, Urgent requirement #122, CP, Tushar Bhai, Hot, 71+ Lakhs, Hospitality, In 6 Months, Business Loan, 11031988, Vadodara, Arvind Mills, 642, 18 Months](107)" classname="tests.AddFurnitureLeadTest" time="0.0">
    <skipped message="Cannot invoke &quot;com.microsoft.playwright.Page.locator(String)&quot; because &quot;this.page&quot; is null"/>
  </testcase>
  <testcase name="addLeadForAdditionalFurnitureLeadTest[Lofy Home Store, Mehul, Soni, +34, Event, Investor Meet, Execution, Electrical, Requesting bulk order discount #134, CP, Tushar Bhai, Hot, 71+ Lakhs, Hospitality, In 1 Year +, Private Investor, 23111990, Ahmedabad, Arvind Mills, 671, 24 Months](108)" classname="tests.AddFurnitureLeadTest" time="0.0">
    <skipped message="Cannot invoke &quot;com.microsoft.playwright.Page.locator(String)&quot; because &quot;this.page&quot; is null"/>
  </testcase>
  <testcase name="addLeadForAdditionalFurnitureLeadTest[Haworth, Sonal, Kapoor, +45, Event, Investor Meet, Execution, Finishing only, Checking stock availability #162, CP, Tushar Bhai, Hot, 71+ Lakhs, Retail, Immediate, Self-Finance, 15081992, Gandhinagar, Amul, 440, 24 Months](109)" classname="tests.AddFurnitureLeadTest" time="0.0">
    <skipped message="Cannot invoke &quot;com.microsoft.playwright.Page.locator(String)&quot; because &quot;this.page&quot; is null"/>
  </testcase>
  <testcase name="addLeadForAdditionalFurnitureLeadTest[Lofy Interior Solutions, Mehul, Shah, +246, Event, Investor Meet, Design only, 2D/3D Layouts, Interested in seasonal discount #411, CP, Tushar Bhai, Hot, 71+ Lakhs, Retail, In 3 Months, Private Investor, 23051979, Ahmedabad, Tata Consultancy, 876, 9 Months](110)" classname="tests.AddFurnitureLeadTest" time="0.0">
    <skipped message="Cannot invoke &quot;com.microsoft.playwright.Page.locator(String)&quot; because &quot;this.page&quot; is null"/>
  </testcase>
  <testcase name="addLeadForAdditionalFurnitureLeadTest[Stanley - SLN, Rishi, Soni, +39, Event, Investor Meet, Design only, Material Selection, Interested in outdoor furniture #359, CP, Tushar Bhai, Hot, 71+ Lakhs, Retail, In 6 Months, Bank Loan, 13041991, Rajkot, Zydus Cadila, 244, 9 Months](111)" classname="tests.AddFurnitureLeadTest" time="0.0">
    <skipped message="Cannot invoke &quot;com.microsoft.playwright.Page.locator(String)&quot; because &quot;this.page&quot; is null"/>
  </testcase>
  <testcase name="addLeadForAdditionalFurnitureLeadTest[Stanley - SBC, Rohit, Bhatt, +244, Event, Channel Partner Event, Living, Sofa, Looking for leather finish #377, CP, Tushar Bhai, Hot, 71+ Lakhs, Retail, In 1 Year +, Self-Finance, 21061965, Vadodara, Tata Consultancy, 755, 6 Months](112)" classname="tests.AddFurnitureLeadTest" time="0.0">
    <skipped message="Cannot invoke &quot;com.microsoft.playwright.Page.locator(String)&quot; because &quot;this.page&quot; is null"/>
  </testcase>
  <testcase name="addLeadForAdditionalFurnitureLeadTest[Godrej, Jigar, Bhatt, +65, Event, Channel Partner Event, Living, Recliner, Looking for office furniture #163, CP, Tushar Bhai, Hot, 71+ Lakhs, Commercial, Immediate, Private Investor, 28051980, Surat, Reliance, 579, 12 Months](113)" classname="tests.AddFurnitureLeadTest" time="0.0">
    <skipped message="Cannot invoke &quot;com.microsoft.playwright.Page.locator(String)&quot; because &quot;this.page&quot; is null"/>
  </testcase>
  <testcase name="addLeadForAdditionalFurnitureLeadTest[Lofy Home Store, Aarav, Mehta, +262, Event, Channel Partner Event, Living, Coffee Table, Prefers eco-friendly material #140, CP, Tushar Bhai, Hot, 71+ Lakhs, Commercial, In 3 Months, Bank Loan, 21041967, Ahmedabad, Amul, 946, 9 Months](114)" classname="tests.AddFurnitureLeadTest" time="0.0">
    <skipped message="Cannot invoke &quot;com.microsoft.playwright.Page.locator(String)&quot; because &quot;this.page&quot; is null"/>
  </testcase>
  <testcase name="addLeadForAdditionalFurnitureLeadTest[Haworth, Kavya, Kapoor, +65, Event, Channel Partner Event, Living, TV Unit, Repeat customer inquiry #39, CP, Tushar Bhai, Hot, 71+ Lakhs, Commercial, In 6 Months, Self-Finance, 30051981, Junagadh, Zydus Cadila, 704, 18 Months](115)" classname="tests.AddFurnitureLeadTest" time="0.0">
    <skipped message="Cannot invoke &quot;com.microsoft.playwright.Page.locator(String)&quot; because &quot;this.page&quot; is null"/>
  </testcase>
  <testcase name="addLeadForAdditionalFurnitureLeadTest[Lofy Interior Solutions, Mehul, Shukla, +255, Event, Channel Partner Event, Dining, Dining Table, Asking for custom designs #70, CP, Tushar Bhai, Hot, 71+ Lakhs, Commercial, In 1 Year +, Mortgage, 08101993, Bhavnagar, Tata Consultancy, 780, 12 Months](116)" classname="tests.AddFurnitureLeadTest" time="0.0">
    <skipped message="Cannot invoke &quot;com.microsoft.playwright.Page.locator(String)&quot; because &quot;this.page&quot; is null"/>
  </testcase>
  <testcase name="addLeadForAdditionalFurnitureLeadTest[Stanley - SLN, Mina, Raval, +91, Event, Channel Partner Event, Dining, Chairs, Wants matching dining set #395, CP, Tushar Bhai, Hot, 71+ Lakhs, Custom Manufacturing, Immediate, Bank Loan, 03032001, Rajkot, Tata Consultancy, 423, 24 Months](117)" classname="tests.AddFurnitureLeadTest" time="0.0">
    <skipped message="Cannot invoke &quot;com.microsoft.playwright.Page.locator(String)&quot; because &quot;this.page&quot; is null"/>
  </testcase>
  <testcase name="addLeadForAdditionalFurnitureLeadTest[Stanley - SBC, Karan, Modi, +228, Event, Channel Partner Event, Dining, Bench, Looking for EMI options #56, CP, Tushar Bhai, Hot, 71+ Lakhs, Custom Manufacturing, In 3 Months, Business Loan, 15041997, Junagadh, Torrent Power, 925, 9 Months](118)" classname="tests.AddFurnitureLeadTest" time="0.0">
    <skipped message="Cannot invoke &quot;com.microsoft.playwright.Page.locator(String)&quot; because &quot;this.page&quot; is null"/>
  </testcase>
  <testcase name="addLeadForAdditionalFurnitureLeadTest[Godrej, Bhavna, Dave, +238, Event, Channel Partner Event, BedRoom, Bed, Urgent requirement #55, CP, Tushar Bhai, Hot, 71+ Lakhs, Custom Manufacturing, In 6 Months, Self-Finance, 12061965, Bhavnagar, Adani Group, 432, 6 Months](119)" classname="tests.AddFurnitureLeadTest" time="0.0">
    <skipped message="Cannot invoke &quot;com.microsoft.playwright.Page.locator(String)&quot; because &quot;this.page&quot; is null"/>
  </testcase>
  <testcase name="addLeadForAdditionalFurnitureLeadTest[Lofy Home Store, Rina, Choksi, +65, Event, Channel Partner Event, BedRoom, Side Table, Need delivery within a week #231, CP, Tushar Bhai, Hot, 71+ Lakhs, Custom Manufacturing, In 1 Year +, Self-Finance, 31031982, Jamnagar, Arvind Mills, 373, 6 Months](120)" classname="tests.AddFurnitureLeadTest" time="0.0">
    <skipped message="Cannot invoke &quot;com.microsoft.playwright.Page.locator(String)&quot; because &quot;this.page&quot; is null"/>
  </testcase>
  <testcase name="addLeadForAdditionalFurnitureLeadTest[Haworth, Neha, Soni, +95, Event, Channel Partner Event, BedRoom, Dressing, Prefers eco-friendly material #161, CP, Tushar Bhai, Cold, 15-25 Lakhs, Office Furniture, Immediate, Bank Loan, 21122002, Vadodara, Reliance, 971, 9 Months](121)" classname="tests.AddFurnitureLeadTest" time="0.0">
    <skipped message="Cannot invoke &quot;com.microsoft.playwright.Page.locator(String)&quot; because &quot;this.page&quot; is null"/>
  </testcase>
  <testcase name="addLeadForAdditionalFurnitureLeadTest[Lofy Interior Solutions, Dhruv, Bhatt, +63, Event, Channel Partner Event, BedRoom, Mattress, Checking modular kitchen options #62, CP, Tushar Bhai, Cold, 15-25 Lakhs, Office Furniture, In 3 Months, Bank Loan, 15052003, Ahmedabad, Adani Group, 444, 3 Months](122)" classname="tests.AddFurnitureLeadTest" time="0.0">
    <skipped message="Cannot invoke &quot;com.microsoft.playwright.Page.locator(String)&quot; because &quot;this.page&quot; is null"/>
  </testcase>
  <testcase name="addLeadForAdditionalFurnitureLeadTest[Stanley - SLN, Rishi, Joshi, +51, Event, Channel Partner Event, Study, Study Table, Payment flexibility needed #184, CP, Tushar Bhai, Cold, 15-25 Lakhs, Office Furniture, In 6 Months, Self-Finance, 04071984, Junagadh, Zydus Cadila, 997, 12 Months](123)" classname="tests.AddFurnitureLeadTest" time="0.0">
    <skipped message="Cannot invoke &quot;com.microsoft.playwright.Page.locator(String)&quot; because &quot;this.page&quot; is null"/>
  </testcase>
  <testcase name="addLeadForAdditionalFurnitureLeadTest[Stanley - SBC, Rishi, Modi, +239, Event, Channel Partner Event, Study, Chairs, Wants matching dining set #107, CP, Tushar Bhai, Cold, 15-25 Lakhs, Office Furniture, In 1 Year +, Private Investor, 20081983, Junagadh, Tata Consultancy, 149, 24 Months](124)" classname="tests.AddFurnitureLeadTest" time="0.0">
    <skipped message="Cannot invoke &quot;com.microsoft.playwright.Page.locator(String)&quot; because &quot;this.page&quot; is null"/>
  </testcase>
  <testcase name="addLeadForAdditionalFurnitureLeadTest[Godrej, Bhavna, Raval, +253, Event, Channel Partner Event, Study, Library Unit, Prefers eco-friendly material #158, CP, Tushar Bhai, Cold, 15-25 Lakhs, Residential Project, Immediate, Private Investor, 20051973, Bhavnagar, Reliance, 498, 24 Months](125)" classname="tests.AddFurnitureLeadTest" time="0.0">
    <skipped message="Cannot invoke &quot;com.microsoft.playwright.Page.locator(String)&quot; because &quot;this.page&quot; is null"/>
  </testcase>
  <testcase name="addLeadForAdditionalFurnitureLeadTest[Lofy Home Store, Krishna, Vyas, +240, Event, Channel Partner Event, Kitchen, Modular, Prefers eco-friendly material #136, CP, Tushar Bhai, Cold, 15-25 Lakhs, Residential Project, In 3 Months, Private Investor, 23071998, Junagadh, Reliance, 706, 18 Months](126)" classname="tests.AddFurnitureLeadTest" time="0.0">
    <skipped message="Cannot invoke &quot;com.microsoft.playwright.Page.locator(String)&quot; because &quot;this.page&quot; is null"/>
  </testcase>
  <testcase name="addLeadForAdditionalFurnitureLeadTest[Haworth, Pooja, Raval, +254, Event, Channel Partner Event, Kitchen, Semi-Modular, Checking stock availability #62, CP, Tushar Bhai, Cold, 15-25 Lakhs, Residential Project, In 6 Months, Mortgage, 23081990, Jamnagar, Zydus Cadila, 346, 9 Months](127)" classname="tests.AddFurnitureLeadTest" time="0.0">
    <skipped message="Cannot invoke &quot;com.microsoft.playwright.Page.locator(String)&quot; because &quot;this.page&quot; is null"/>
  </testcase>
  <testcase name="addLeadForAdditionalFurnitureLeadTest[Lofy Interior Solutions, Dhruv, Parikh, +47, Event, Channel Partner Event, Kitchen, Countertop, Prefers wooden furniture #81, CP, Tushar Bhai, Cold, 15-25 Lakhs, Residential Project, In 1 Year +, Private Investor, 07071989, Ahmedabad, Tata Consultancy, 576, 3 Months](128)" classname="tests.AddFurnitureLeadTest" time="0.0">
    <skipped message="Cannot invoke &quot;com.microsoft.playwright.Page.locator(String)&quot; because &quot;this.page&quot; is null"/>
  </testcase>
  <testcase name="addLeadForAdditionalFurnitureLeadTest[Stanley - SLN, Hetal, Choksi, +43, Event, Channel Partner Event, Kitchen, Appliances, Asking for fabric color options #352, CP, Tushar Bhai, Cold, 15-25 Lakhs, Hospitality, Immediate, Self-Finance, 19061969, Ahmedabad, Tata Consultancy, 610, 6 Months](129)" classname="tests.AddFurnitureLeadTest" time="0.0">
    <skipped message="Cannot invoke &quot;com.microsoft.playwright.Page.locator(String)&quot; because &quot;this.page&quot; is null"/>
  </testcase>
  <testcase name="addLeadForAdditionalFurnitureLeadTest[Stanley - SBC, Nirav, Chaudhary, +82, Event, Channel Partner Event, Wardrobes, Sliding, Requesting bulk order discount #424, CP, Tushar Bhai, Cold, 15-25 Lakhs, Hospitality, In 3 Months, Mortgage, 04051985, Bhavnagar, Adani Group, 576, 12 Months](130)" classname="tests.AddFurnitureLeadTest" time="0.0">
    <skipped message="Cannot invoke &quot;com.microsoft.playwright.Page.locator(String)&quot; because &quot;this.page&quot; is null"/>
  </testcase>
  <testcase name="addLeadForAdditionalFurnitureLeadTest[Godrej, Aarav, Shukla, +94, Event, Channel Partner Event, Wardrobes, Hinged, Looking for space-saving solutions #357, CP, Tushar Bhai, Cold, 15-25 Lakhs, Hospitality, In 6 Months, Bank Loan, 14121990, Vadodara, Arvind Mills, 91, 24 Months](131)" classname="tests.AddFurnitureLeadTest" time="0.0">
    <skipped message="Cannot invoke &quot;com.microsoft.playwright.Page.locator(String)&quot; because &quot;this.page&quot; is null"/>
  </testcase>
  <testcase name="addLeadForAdditionalFurnitureLeadTest[Lofy Home Store, Karan, Trivedi, +251, Event, Channel Partner Event, Wardrobes, Walk-in, Customer referred by friend #21, CP, Tushar Bhai, Cold, 15-25 Lakhs, Hospitality, In 1 Year +, Private Investor, 28022001, Gandhinagar, Arvind Mills, 726, 6 Months](132)" classname="tests.AddFurnitureLeadTest" time="0.0">
    <skipped message="Cannot invoke &quot;com.microsoft.playwright.Page.locator(String)&quot; because &quot;this.page&quot; is null"/>
  </testcase>
  <testcase name="addLeadForAdditionalFurnitureLeadTest[Haworth, Pooja, Shukla, +232, Event, Channel Partner Event, Office, WorkStations, Asking for custom designs #428, CP, Tushar Bhai, Cold, 15-25 Lakhs, Retail, Immediate, Private Investor, 06022000, Vadodara, Torrent Power, 452, 3 Months](133)" classname="tests.AddFurnitureLeadTest" time="0.0">
    <skipped message="Cannot invoke &quot;com.microsoft.playwright.Page.locator(String)&quot; because &quot;this.page&quot; is null"/>
  </testcase>
  <testcase name="addLeadForAdditionalFurnitureLeadTest[Lofy Interior Solutions, Bhavna, Soni, +32, Event, Channel Partner Event, Office, Conference Table, Checking stock availability #168, CP, Tushar Bhai, Cold, 15-25 Lakhs, Retail, In 3 Months, Mortgage, 16091971, Bhavnagar, Arvind Mills, 16, 6 Months](134)" classname="tests.AddFurnitureLeadTest" time="0.0">
    <skipped message="Cannot invoke &quot;com.microsoft.playwright.Page.locator(String)&quot; because &quot;this.page&quot; is null"/>
  </testcase>
  <testcase name="addLeadForAdditionalFurnitureLeadTest[Stanley - SLN, Krishna, Dave, +223, Event, Channel Partner Event, Office, Cabin Setup, Urgent requirement #47, CP, Tushar Bhai, Cold, 15-25 Lakhs, Retail, In 6 Months, Private Investor, 24081994, Vadodara, Reliance, 409, 24 Months](135)" classname="tests.AddFurnitureLeadTest" time="0.0">
    <skipped message="Cannot invoke &quot;com.microsoft.playwright.Page.locator(String)&quot; because &quot;this.page&quot; is null"/>
  </testcase>
  <testcase name="addLeadForAdditionalFurnitureLeadTest[Stanley - SBC, Mina, Soni, +1, Event, Channel Partner Event, Outdoor, Patio, Looking for space-saving solutions #128, CP, Tushar Bhai, Cold, 15-25 Lakhs, Retail, In 1 Year +, Self-Finance, 21071966, Jamnagar, Zydus Cadila, 181, 24 Months](136)" classname="tests.AddFurnitureLeadTest" time="0.0">
    <skipped message="Cannot invoke &quot;com.microsoft.playwright.Page.locator(String)&quot; because &quot;this.page&quot; is null"/>
  </testcase>
  <testcase name="addLeadForAdditionalFurnitureLeadTest[Godrej, Rohit, Patel, +46, Event, Channel Partner Event, Outdoor, Swing, Wants kids&apos; room furniture #203, CP, Tushar Bhai, Cold, 15-25 Lakhs, Commercial, Immediate, Mortgage, 07121998, Gandhinagar, Torrent Power, 911, 6 Months](137)" classname="tests.AddFurnitureLeadTest" time="0.0">
    <skipped message="Cannot invoke &quot;com.microsoft.playwright.Page.locator(String)&quot; because &quot;this.page&quot; is null"/>
  </testcase>
  <testcase name="addLeadForAdditionalFurnitureLeadTest[Lofy Home Store, Bhavna, Shukla, +225, Event, Channel Partner Event, Outdoor, Garden Seating, Request for free installation #26, CP, Tushar Bhai, Cold, 15-25 Lakhs, Commercial, In 3 Months, Private Investor, 19111982, Jamnagar, Torrent Power, 61, 9 Months](138)" classname="tests.AddFurnitureLeadTest" time="0.0">
    <skipped message="Cannot invoke &quot;com.microsoft.playwright.Page.locator(String)&quot; because &quot;this.page&quot; is null"/>
  </testcase>
  <testcase name="addLeadForAdditionalFurnitureLeadTest[Haworth, Aarav, Kapoor, +7, Event, Channel Partner Event, Turkey Solution, Full Home Package(Design + Execution + Furniture), Prefers compact designs #154, CP, Tushar Bhai, Cold, 15-25 Lakhs, Commercial, In 6 Months, Business Loan, 22072000, Jamnagar, Reliance, 631, 24 Months](139)" classname="tests.AddFurnitureLeadTest" time="0.0">
    <skipped message="Cannot invoke &quot;com.microsoft.playwright.Page.locator(String)&quot; because &quot;this.page&quot; is null"/>
  </testcase>
  <testcase name="addLeadForAdditionalFurnitureLeadTest[Lofy Interior Solutions, Priya, Dave, +258, Event, Channel Partner Event, Project Management Consultancy, Project Advisory, First-time buyer #420, CP, Tushar Bhai, Cold, 15-25 Lakhs, Commercial, In 1 Year +, Private Investor, 15031965, Rajkot, Reliance, 890, 3 Months](140)" classname="tests.AddFurnitureLeadTest" time="0.0">
    <skipped message="Cannot invoke &quot;com.microsoft.playwright.Page.locator(String)&quot; because &quot;this.page&quot; is null"/>
  </testcase>
  <testcase name="addLeadForAdditionalFurnitureLeadTest[Stanley - SLN, Rina, Bhatt, +30, Event, Channel Partner Event, Project Management Consultancy, Costing, Need delivery within a week #16, CP, Tushar Bhai, Cold, 15-25 Lakhs, Custom Manufacturing, Immediate, Bank Loan, 10121965, Rajkot, Reliance, 154, 12 Months](141)" classname="tests.AddFurnitureLeadTest" time="0.0">
    <skipped message="Cannot invoke &quot;com.microsoft.playwright.Page.locator(String)&quot; because &quot;this.page&quot; is null"/>
  </testcase>
  <testcase name="addLeadForAdditionalFurnitureLeadTest[Stanley - SBC, Dhruv, Joshi, +240, Event, Channel Partner Event, Project Management Consultancy, Vendor Management, Interested in outdoor furniture #438, CP, Tushar Bhai, Cold, 15-25 Lakhs, Custom Manufacturing, In 3 Months, Private Investor, 14011974, Vadodara, Amul, 510, 12 Months](142)" classname="tests.AddFurnitureLeadTest" time="0.0">
    <skipped message="Cannot invoke &quot;com.microsoft.playwright.Page.locator(String)&quot; because &quot;this.page&quot; is null"/>
  </testcase>
  <testcase name="addLeadForAdditionalFurnitureLeadTest[Godrej, Nirav, Trivedi, +46, Event, Channel Partner Event, Execution, Carpentry, Prefers eco-friendly material #285, CP, Tushar Bhai, Cold, 15-25 Lakhs, Custom Manufacturing, In 6 Months, Business Loan, 09061994, Bhavnagar, Torrent Power, 42, 12 Months](143)" classname="tests.AddFurnitureLeadTest" time="0.0">
    <skipped message="Cannot invoke &quot;com.microsoft.playwright.Page.locator(String)&quot; because &quot;this.page&quot; is null"/>
  </testcase>
  <testcase name="addLeadForAdditionalFurnitureLeadTest[Lofy Home Store, Priya, Choksi, +211, Event, Channel Partner Event, Execution, Civil, Interested in sofa sets #282, CP, Tushar Bhai, Cold, 15-25 Lakhs, Custom Manufacturing, In 1 Year +, Bank Loan, 28071976, Jamnagar, Arvind Mills, 647, 24 Months](144)" classname="tests.AddFurnitureLeadTest" time="0.0">
    <skipped message="Cannot invoke &quot;com.microsoft.playwright.Page.locator(String)&quot; because &quot;this.page&quot; is null"/>
  </testcase>
  <testcase name="addLeadForAdditionalFurnitureLeadTest[Haworth, Hetal, Shukla, +98, Event, Channel Partner Event, Execution, Electrical, Repeat customer inquiry #49, CP, Tushar Bhai, Cold, 26-35 Lakhs, Office Furniture, Immediate, Self-Finance, 12051980, Rajkot, Arvind Mills, 609, 24 Months](145)" classname="tests.AddFurnitureLeadTest" time="0.0">
    <skipped message="Cannot invoke &quot;com.microsoft.playwright.Page.locator(String)&quot; because &quot;this.page&quot; is null"/>
  </testcase>
  <testcase name="addLeadForAdditionalFurnitureLeadTest[Lofy Interior Solutions, Pooja, Raval, +63, Event, Channel Partner Event, Execution, Finishing only, Prefers eco-friendly material #53, CP, Tushar Bhai, Cold, 26-35 Lakhs, Office Furniture, In 3 Months, Bank Loan, 02111964, Rajkot, Tata Consultancy, 579, 12 Months](146)" classname="tests.AddFurnitureLeadTest" time="0.0">
    <skipped message="Cannot invoke &quot;com.microsoft.playwright.Page.locator(String)&quot; because &quot;this.page&quot; is null"/>
  </testcase>
  <testcase name="addLeadForAdditionalFurnitureLeadTest[Stanley - SLN, Anjali, Bhatt, +241, Event, Channel Partner Event, Design only, 2D/3D Layouts, Asking for fabric color options #407, CP, Tushar Bhai, Cold, 26-35 Lakhs, Office Furniture, In 6 Months, Business Loan, 03031980, Junagadh, Zydus Cadila, 374, 3 Months](147)" classname="tests.AddFurnitureLeadTest" time="0.0">
    <skipped message="Cannot invoke &quot;com.microsoft.playwright.Page.locator(String)&quot; because &quot;this.page&quot; is null"/>
  </testcase>
  <testcase name="addLeadForAdditionalFurnitureLeadTest[Stanley - SBC, Mehul, Desai, +49, Event, Channel Partner Event, Design only, Material Selection, Urgent requirement #63, CP, Tushar Bhai, Cold, 26-35 Lakhs, Office Furniture, In 1 Year +, Bank Loan, 01101995, Bhavnagar, Reliance, 746, 18 Months](148)" classname="tests.AddFurnitureLeadTest" time="0.0">
    <skipped message="Cannot invoke &quot;com.microsoft.playwright.Page.locator(String)&quot; because &quot;this.page&quot; is null"/>
  </testcase>
  <testcase name="addLeadForAdditionalFurnitureLeadTest[Godrej, Hetal, Kapoor, +51, Digital, Website, Living, Sofa, Interested in modern furniture #32, CP, Tushar Bhai, Cold, 26-35 Lakhs, Residential Project, Immediate, Business Loan, 04071972, Vadodara, Adani Group, 977, 3 Months](149)" classname="tests.AddFurnitureLeadTest" time="0.0">
    <skipped message="Cannot invoke &quot;com.microsoft.playwright.Page.locator(String)&quot; because &quot;this.page&quot; is null"/>
  </testcase>
  <testcase name="addLeadForAdditionalFurnitureLeadTest[Lofy Home Store, Anjali, Choksi, +221, Digital, Website, Living, Recliner, Looking for leather finish #400, CP, Tushar Bhai, Cold, 26-35 Lakhs, Residential Project, In 3 Months, Self-Finance, 19121976, Rajkot, Arvind Mills, 699, 18 Months](150)" classname="tests.AddFurnitureLeadTest" time="0.0">
    <skipped message="Cannot invoke &quot;com.microsoft.playwright.Page.locator(String)&quot; because &quot;this.page&quot; is null"/>
  </testcase>
  <testcase name="addLeadForAdditionalFurnitureLeadTest[Haworth, Mina, Joshi, +93, Digital, Website, Living, Coffee Table, Repeat customer inquiry #67, CP, Tushar Bhai, Cold, 26-35 Lakhs, Residential Project, In 6 Months, Private Investor, 31051989, Surat, Torrent Power, 270, 6 Months](151)" classname="tests.AddFurnitureLeadTest" time="0.0">
    <skipped message="Cannot invoke &quot;com.microsoft.playwright.Page.locator(String)&quot; because &quot;this.page&quot; is null"/>
  </testcase>
  <testcase name="addLeadForAdditionalFurnitureLeadTest[Lofy Interior Solutions, Rishi, Bhatt, +255, Digital, Website, Living, TV Unit, Asking for custom designs #422, CP, Tushar Bhai, Cold, 26-35 Lakhs, Residential Project, In 1 Year +, Self-Finance, 11031976, Jamnagar, Reliance, 572, 24 Months](152)" classname="tests.AddFurnitureLeadTest" time="0.0">
    <skipped message="Cannot invoke &quot;com.microsoft.playwright.Page.locator(String)&quot; because &quot;this.page&quot; is null"/>
  </testcase>
  <testcase name="addLeadForAdditionalFurnitureLeadTest[Stanley - SLN, Kavya, Raval, +51, Digital, Website, Dining, Dining Table, Interested in outdoor furniture #191, CP, Tushar Bhai, Cold, 26-35 Lakhs, Hospitality, Immediate, Bank Loan, 22082000, Gandhinagar, Adani Group, 391, 6 Months](153)" classname="tests.AddFurnitureLeadTest" time="0.0">
    <skipped message="Cannot invoke &quot;com.microsoft.playwright.Page.locator(String)&quot; because &quot;this.page&quot; is null"/>
  </testcase>
  <testcase name="addLeadForAdditionalFurnitureLeadTest[Stanley - SBC, Rina, Parikh, +30, Digital, Website, Dining, Chairs, Prefers compact designs #323, CP, Tushar Bhai, Cold, 26-35 Lakhs, Hospitality, In 3 Months, Self-Finance, 16061990, Jamnagar, Amul, 191, 24 Months](154)" classname="tests.AddFurnitureLeadTest" time="0.0">
    <skipped message="Cannot invoke &quot;com.microsoft.playwright.Page.locator(String)&quot; because &quot;this.page&quot; is null"/>
  </testcase>
  <testcase name="addLeadForAdditionalFurnitureLeadTest[Godrej, Kavya, Doshi, +56, Digital, Website, Dining, Bench, Visited showroom last week #44, CP, Tushar Bhai, Cold, 26-35 Lakhs, Hospitality, In 6 Months, Bank Loan, 11011968, Surat, Adani Group, 135, 6 Months](155)" classname="tests.AddFurnitureLeadTest" time="0.0">
    <skipped message="Cannot invoke &quot;com.microsoft.playwright.Page.locator(String)&quot; because &quot;this.page&quot; is null"/>
  </testcase>
  <testcase name="addLeadForAdditionalFurnitureLeadTest[Lofy Home Store, Jigar, Shukla, +90, Digital, Website, BedRoom, Bed, Looking for EMI options #301, CP, Tushar Bhai, Cold, 26-35 Lakhs, Hospitality, In 1 Year +, Self-Finance, 24021985, Gandhinagar, Reliance, 553, 24 Months](156)" classname="tests.AddFurnitureLeadTest" time="0.0">
    <skipped message="Cannot invoke &quot;com.microsoft.playwright.Page.locator(String)&quot; because &quot;this.page&quot; is null"/>
  </testcase>
  <testcase name="addLeadForAdditionalFurnitureLeadTest[Haworth, Neha, Parikh, +27, Digital, Website, BedRoom, Side Table, First-time buyer #470, CP, Tushar Bhai, Cold, 26-35 Lakhs, Retail, Immediate, Bank Loan, 13021980, Bhavnagar, Tata Consultancy, 319, 24 Months](157)" classname="tests.AddFurnitureLeadTest" time="0.0">
    <skipped message="Cannot invoke &quot;com.microsoft.playwright.Page.locator(String)&quot; because &quot;this.page&quot; is null"/>
  </testcase>
  <testcase name="addLeadForAdditionalFurnitureLeadTest[Lofy Interior Solutions, Priya, Thakkar, +93, Digital, Website, BedRoom, Dressing, Looking for leather finish #39, CP, Tushar Bhai, Cold, 26-35 Lakhs, Retail, In 3 Months, Mortgage, 04051997, Ahmedabad, Tata Consultancy, 941, 9 Months](158)" classname="tests.AddFurnitureLeadTest" time="0.0">
    <skipped message="Cannot invoke &quot;com.microsoft.playwright.Page.locator(String)&quot; because &quot;this.page&quot; is null"/>
  </testcase>
  <testcase name="addLeadForAdditionalFurnitureLeadTest[Stanley - SLN, Rohit, Soni, +34, Digital, Website, BedRoom, Mattress, Interested in modern furniture #34, CP, Tushar Bhai, Cold, 26-35 Lakhs, Retail, In 6 Months, Business Loan, 03071984, Gandhinagar, Adani Group, 896, 12 Months](159)" classname="tests.AddFurnitureLeadTest" time="0.0">
    <skipped message="Cannot invoke &quot;com.microsoft.playwright.Page.locator(String)&quot; because &quot;this.page&quot; is null"/>
  </testcase>
  <testcase name="addLeadForAdditionalFurnitureLeadTest[Stanley - SBC, Bhavna, Chaudhary, +252, Digital, Website, Study, Study Table, Asking for custom designs #463, CP, Tushar Bhai, Cold, 26-35 Lakhs, Retail, In 1 Year +, Self-Finance, 14101995, Ahmedabad, Amul, 538, 12 Months](160)" classname="tests.AddFurnitureLeadTest" time="0.0">
    <skipped message="Cannot invoke &quot;com.microsoft.playwright.Page.locator(String)&quot; because &quot;this.page&quot; is null"/>
  </testcase>
  <testcase name="addLeadForAdditionalFurnitureLeadTest[Godrej, Kavya, Joshi, +238, Digital, Website, Study, Chairs, Visited showroom last week #228, CP, Tushar Bhai, Cold, 26-35 Lakhs, Commercial, Immediate, Private Investor, 31101985, Gandhinagar, Amul, 484, 24 Months](161)" classname="tests.AddFurnitureLeadTest" time="0.0">
    <skipped message="Cannot invoke &quot;com.microsoft.playwright.Page.locator(String)&quot; because &quot;this.page&quot; is null"/>
  </testcase>
  <testcase name="addLeadForAdditionalFurnitureLeadTest[Lofy Home Store, Aarav, Patel, +44, Digital, Website, Study, Library Unit, Asking for fabric color options #66, CP, Tushar Bhai, Cold, 26-35 Lakhs, Commercial, In 3 Months, Mortgage, 14121999, Ahmedabad, Tata Consultancy, 261, 6 Months](162)" classname="tests.AddFurnitureLeadTest" time="0.0">
    <skipped message="Cannot invoke &quot;com.microsoft.playwright.Page.locator(String)&quot; because &quot;this.page&quot; is null"/>
  </testcase>
  <testcase name="addLeadForAdditionalFurnitureLeadTest[Haworth, Rishi, Patel, +244, Digital, Website, Kitchen, Modular, Prefers wooden furniture #464, CP, Tushar Bhai, Cold, 26-35 Lakhs, Commercial, In 6 Months, Mortgage, 11011992, Rajkot, Amul, 244, 3 Months](163)" classname="tests.AddFurnitureLeadTest" time="0.0">
    <skipped message="Cannot invoke &quot;com.microsoft.playwright.Page.locator(String)&quot; because &quot;this.page&quot; is null"/>
  </testcase>
  <testcase name="addLeadForAdditionalFurnitureLeadTest[Lofy Interior Solutions, Mehul, Chaudhary, +43, Digital, Website, Kitchen, Semi-Modular, Checking stock availability #425, CP, Tushar Bhai, Cold, 26-35 Lakhs, Commercial, In 1 Year +, Self-Finance, 06051998, Jamnagar, Torrent Power, 950, 3 Months](164)" classname="tests.AddFurnitureLeadTest" time="0.0">
    <skipped message="Cannot invoke &quot;com.microsoft.playwright.Page.locator(String)&quot; because &quot;this.page&quot; is null"/>
  </testcase>
  <testcase name="addLeadForAdditionalFurnitureLeadTest[Stanley - SLN, Bhavna, Raval, +91, Digital, Website, Kitchen, Countertop, Asking for fabric color options #170, CP, Tushar Bhai, Cold, 26-35 Lakhs, Custom Manufacturing, Immediate, Bank Loan, 17102002, Ahmedabad, Adani Group, 330, 9 Months](165)" classname="tests.AddFurnitureLeadTest" time="0.0">
    <skipped message="Cannot invoke &quot;com.microsoft.playwright.Page.locator(String)&quot; because &quot;this.page&quot; is null"/>
  </testcase>
  <testcase name="addLeadForAdditionalFurnitureLeadTest[Stanley - SBC, Neha, Chaudhary, +235, Digital, Website, Kitchen, Appliances, Wants luxury and premium finish #22, CP, Tushar Bhai, Cold, 26-35 Lakhs, Custom Manufacturing, In 3 Months, Mortgage, 10111973, Junagadh, Reliance, 26, 3 Months](166)" classname="tests.AddFurnitureLeadTest" time="0.0">
    <skipped message="Cannot invoke &quot;com.microsoft.playwright.Page.locator(String)&quot; because &quot;this.page&quot; is null"/>
  </testcase>
  <testcase name="addLeadForAdditionalFurnitureLeadTest[Godrej, Karan, Dave, +243, Digital, Website, Wardrobes, Sliding, Prefers eco-friendly material #26, CP, Tushar Bhai, Cold, 26-35 Lakhs, Custom Manufacturing, In 6 Months, Private Investor, 23101970, Jamnagar, Reliance, 689, 18 Months](167)" classname="tests.AddFurnitureLeadTest" time="0.0">
    <skipped message="Cannot invoke &quot;com.microsoft.playwright.Page.locator(String)&quot; because &quot;this.page&quot; is null"/>
  </testcase>
  <testcase name="addLeadForAdditionalFurnitureLeadTest[Lofy Home Store, Hetal, Bhatt, +31, Digital, Website, Wardrobes, Hinged, Need delivery within a week #474, CP, Tushar Bhai, Cold, 26-35 Lakhs, Custom Manufacturing, In 1 Year +, Private Investor, 05031973, Vadodara, Reliance, 822, 3 Months](168)" classname="tests.AddFurnitureLeadTest" time="0.0">
    <skipped message="Cannot invoke &quot;com.microsoft.playwright.Page.locator(String)&quot; because &quot;this.page&quot; is null"/>
  </testcase>
  <testcase name="addLeadForAdditionalFurnitureLeadTest[Haworth, Mehul, Shukla, +236, Digital, Website, Wardrobes, Walk-in, Looking for EMI options #222, CP, Tushar Bhai, Cold, 36-50 Lakhs, Office Furniture, Immediate, Bank Loan, 07101999, Bhavnagar, Zydus Cadila, 203, 18 Months](169)" classname="tests.AddFurnitureLeadTest" time="0.0">
    <skipped message="Cannot invoke &quot;com.microsoft.playwright.Page.locator(String)&quot; because &quot;this.page&quot; is null"/>
  </testcase>
  <testcase name="addLeadForAdditionalFurnitureLeadTest[Lofy Interior Solutions, Anjali, Trivedi, +224, Digital, Website, Office, WorkStations, Looking for leather finish #371, CP, Tushar Bhai, Cold, 36-50 Lakhs, Office Furniture, In 3 Months, Business Loan, 20051973, Rajkot, Amul, 888, 18 Months](170)" classname="tests.AddFurnitureLeadTest" time="0.0">
    <skipped message="Cannot invoke &quot;com.microsoft.playwright.Page.locator(String)&quot; because &quot;this.page&quot; is null"/>
  </testcase>
  <testcase name="addLeadForAdditionalFurnitureLeadTest[Stanley - SLN, Anjali, Kapoor, +93, Digital, Website, Office, Conference Table, Interested in outdoor furniture #255, CP, Tushar Bhai, Cold, 36-50 Lakhs, Office Furniture, In 6 Months, Mortgage, 27021991, Gandhinagar, Tata Consultancy, 607, 9 Months](171)" classname="tests.AddFurnitureLeadTest" time="0.0">
    <skipped message="Cannot invoke &quot;com.microsoft.playwright.Page.locator(String)&quot; because &quot;this.page&quot; is null"/>
  </testcase>
  <testcase name="addLeadForAdditionalFurnitureLeadTest[Stanley - SBC, Karan, Shukla, +45, Digital, Website, Office, Cabin Setup, Interested in modern furniture #196, CP, Tushar Bhai, Cold, 36-50 Lakhs, Office Furniture, In 1 Year +, Private Investor, 17121974, Vadodara, Torrent Power, 793, 6 Months](172)" classname="tests.AddFurnitureLeadTest" time="0.0">
    <skipped message="Cannot invoke &quot;com.microsoft.playwright.Page.locator(String)&quot; because &quot;this.page&quot; is null"/>
  </testcase>
  <testcase name="addLeadForAdditionalFurnitureLeadTest[Godrej, Karan, Trivedi, +90, Digital, Website, Outdoor, Patio, Prefers compact designs #219, CP, Tushar Bhai, Cold, 36-50 Lakhs, Residential Project, Immediate, Business Loan, 20041980, Junagadh, Adani Group, 749, 18 Months](173)" classname="tests.AddFurnitureLeadTest" time="0.0">
    <skipped message="Cannot invoke &quot;com.microsoft.playwright.Page.locator(String)&quot; because &quot;this.page&quot; is null"/>
  </testcase>
  <testcase name="addLeadForAdditionalFurnitureLeadTest[Lofy Home Store, Neha, Shukla, +220, Digital, Website, Outdoor, Swing, Need delivery within a week #182, CP, Tushar Bhai, Cold, 36-50 Lakhs, Residential Project, In 3 Months, Bank Loan, 01102000, Junagadh, Tata Consultancy, 999, 9 Months](174)" classname="tests.AddFurnitureLeadTest" time="0.0">
    <skipped message="Cannot invoke &quot;com.microsoft.playwright.Page.locator(String)&quot; because &quot;this.page&quot; is null"/>
  </testcase>
  <testcase name="addLeadForAdditionalFurnitureLeadTest[Haworth, Sonal, Vyas, +46, Digital, Website, Outdoor, Garden Seating, Asking for custom designs #466, CP, Tushar Bhai, Cold, 36-50 Lakhs, Residential Project, In 6 Months, Business Loan, 27051997, Surat, Adani Group, 155, 18 Months](175)" classname="tests.AddFurnitureLeadTest" time="0.0">
    <skipped message="Cannot invoke &quot;com.microsoft.playwright.Page.locator(String)&quot; because &quot;this.page&quot; is null"/>
  </testcase>
  <testcase name="addLeadForAdditionalFurnitureLeadTest[Lofy Interior Solutions, Mina, Soni, +255, Digital, Website, Turkey Solution, Full Home Package(Design + Execution + Furniture), Need delivery within a week #141, CP, Tushar Bhai, Cold, 36-50 Lakhs, Residential Project, In 1 Year +, Bank Loan, 22091982, Gandhinagar, Adani Group, 701, 3 Months](176)" classname="tests.AddFurnitureLeadTest" time="0.0">
    <skipped message="Cannot invoke &quot;com.microsoft.playwright.Page.locator(String)&quot; because &quot;this.page&quot; is null"/>
  </testcase>
  <testcase name="addLeadForAdditionalFurnitureLeadTest[Stanley - SLN, Pooja, Gandhi, +53, Digital, Website, Project Management Consultancy, Project Advisory, First-time buyer #229, CP, Tushar Bhai, Cold, 36-50 Lakhs, Hospitality, Immediate, Business Loan, 12062000, Jamnagar, Tata Consultancy, 823, 3 Months](177)" classname="tests.AddFurnitureLeadTest" time="0.0">
    <skipped message="Cannot invoke &quot;com.microsoft.playwright.Page.locator(String)&quot; because &quot;this.page&quot; is null"/>
  </testcase>
  <testcase name="addLeadForAdditionalFurnitureLeadTest[Stanley - SBC, Sonal, Choksi, +240, Digital, Website, Project Management Consultancy, Costing, Requesting catalog #77, CP, Tushar Bhai, Cold, 36-50 Lakhs, Hospitality, In 3 Months, Private Investor, 09111992, Rajkot, Zydus Cadila, 823, 6 Months](178)" classname="tests.AddFurnitureLeadTest" time="0.0">
    <skipped message="Cannot invoke &quot;com.microsoft.playwright.Page.locator(String)&quot; because &quot;this.page&quot; is null"/>
  </testcase>
  <testcase name="addLeadForAdditionalFurnitureLeadTest[Godrej, Bhavna, Patel, +82, Digital, Website, Project Management Consultancy, Vendor Management, Looking for budget-friendly options #315, CP, Tushar Bhai, Cold, 36-50 Lakhs, Hospitality, In 6 Months, Mortgage, 07091974, Jamnagar, Torrent Power, 70, 18 Months](179)" classname="tests.AddFurnitureLeadTest" time="0.0">
    <skipped message="Cannot invoke &quot;com.microsoft.playwright.Page.locator(String)&quot; because &quot;this.page&quot; is null"/>
  </testcase>
  <testcase name="addLeadForAdditionalFurnitureLeadTest[Lofy Home Store, Sonal, Joshi, +244, Digital, Website, Execution, Carpentry, Customer referred by friend #316, CP, Tushar Bhai, Cold, 36-50 Lakhs, Hospitality, In 1 Year +, Bank Loan, 01121988, Junagadh, Tata Consultancy, 577, 6 Months](180)" classname="tests.AddFurnitureLeadTest" time="0.0">
    <skipped message="Cannot invoke &quot;com.microsoft.playwright.Page.locator(String)&quot; because &quot;this.page&quot; is null"/>
  </testcase>
  <testcase name="addLeadForAdditionalFurnitureLeadTest[Haworth, Aarav, Chaudhary, +225, Digital, Website, Execution, Civil, Repeat customer inquiry #332, CP, Tushar Bhai, Cold, 36-50 Lakhs, Retail, Immediate, Business Loan, 09121992, Vadodara, Reliance, 534, 24 Months](181)" classname="tests.AddFurnitureLeadTest" time="0.0">
    <skipped message="Cannot invoke &quot;com.microsoft.playwright.Page.locator(String)&quot; because &quot;this.page&quot; is null"/>
  </testcase>
  <testcase name="addLeadForAdditionalFurnitureLeadTest[Lofy Interior Solutions, Nirav, Dave, +58, Digital, Website, Execution, Electrical, Requesting bulk order discount #256, CP, Tushar Bhai, Cold, 36-50 Lakhs, Retail, In 3 Months, Mortgage, 18051987, Surat, Amul, 792, 12 Months](182)" classname="tests.AddFurnitureLeadTest" time="0.0">
    <skipped message="Cannot invoke &quot;com.microsoft.playwright.Page.locator(String)&quot; because &quot;this.page&quot; is null"/>
  </testcase>
  <testcase name="addLeadForAdditionalFurnitureLeadTest[Stanley - SLN, Mina, Vyas, +52, Digital, Website, Execution, Finishing only, Checking modular kitchen options #452, CP, Tushar Bhai, Cold, 36-50 Lakhs, Retail, In 6 Months, Bank Loan, 15081965, Gandhinagar, Adani Group, 20, 24 Months](183)" classname="tests.AddFurnitureLeadTest" time="0.0">
    <skipped message="Cannot invoke &quot;com.microsoft.playwright.Page.locator(String)&quot; because &quot;this.page&quot; is null"/>
  </testcase>
  <testcase name="addLeadForAdditionalFurnitureLeadTest[Stanley - SBC, Neha, Thakkar, +235, Digital, Website, Design only, 2D/3D Layouts, Payment flexibility needed #246, CP, Tushar Bhai, Cold, 36-50 Lakhs, Retail, In 1 Year +, Self-Finance, 20051984, Vadodara, Reliance, 570, 24 Months](184)" classname="tests.AddFurnitureLeadTest" time="0.0">
    <skipped message="Cannot invoke &quot;com.microsoft.playwright.Page.locator(String)&quot; because &quot;this.page&quot; is null"/>
  </testcase>
  <testcase name="addLeadForAdditionalFurnitureLeadTest[Godrej, Dhruv, Chaudhary, +62, Digital, Website, Design only, Material Selection, Looking for budget-friendly options #45, CP, Tushar Bhai, Cold, 36-50 Lakhs, Commercial, Immediate, Self-Finance, 14041985, Ahmedabad, Torrent Power, 776, 6 Months](185)" classname="tests.AddFurnitureLeadTest" time="0.0">
    <skipped message="Cannot invoke &quot;com.microsoft.playwright.Page.locator(String)&quot; because &quot;this.page&quot; is null"/>
  </testcase>
  <testcase name="addLeadForAdditionalFurnitureLeadTest[Lofy Home Store, Kavya, Desai, +56, Digital, Facebook, Living, Sofa, First-time buyer #197, CP, Tushar Bhai, Cold, 36-50 Lakhs, Commercial, In 3 Months, Private Investor, 07092003, Junagadh, Zydus Cadila, 483, 18 Months](186)" classname="tests.AddFurnitureLeadTest" time="0.0">
    <skipped message="Cannot invoke &quot;com.microsoft.playwright.Page.locator(String)&quot; because &quot;this.page&quot; is null"/>
  </testcase>
  <testcase name="addLeadForAdditionalFurnitureLeadTest[Haworth, Jigar, Gandhi, +31, Digital, Facebook, Living, Recliner, Urgent requirement #215, CP, Tushar Bhai, Cold, 36-50 Lakhs, Commercial, In 6 Months, Mortgage, 14071986, Junagadh, Amul, 436, 9 Months](187)" classname="tests.AddFurnitureLeadTest" time="0.0">
    <skipped message="Cannot invoke &quot;com.microsoft.playwright.Page.locator(String)&quot; because &quot;this.page&quot; is null"/>
  </testcase>
  <testcase name="addLeadForAdditionalFurnitureLeadTest[Lofy Interior Solutions, Neha, Joshi, +248, Digital, Facebook, Living, Coffee Table, Asking for custom designs #330, CP, Tushar Bhai, Cold, 36-50 Lakhs, Commercial, In 1 Year +, Self-Finance, 05081994, Junagadh, Zydus Cadila, 374, 12 Months](188)" classname="tests.AddFurnitureLeadTest" time="0.0">
    <skipped message="Cannot invoke &quot;com.microsoft.playwright.Page.locator(String)&quot; because &quot;this.page&quot; is null"/>
  </testcase>
  <testcase name="addLeadForAdditionalFurnitureLeadTest[Stanley - SLN, Pooja, Desai, +222, Digital, Facebook, Living, TV Unit, Requesting catalog #409, CP, Tushar Bhai, Cold, 36-50 Lakhs, Custom Manufacturing, Immediate, Self-Finance, 26101986, Surat, Torrent Power, 791, 6 Months](189)" classname="tests.AddFurnitureLeadTest" time="0.0">
    <skipped message="Cannot invoke &quot;com.microsoft.playwright.Page.locator(String)&quot; because &quot;this.page&quot; is null"/>
  </testcase>
  <testcase name="addLeadForAdditionalFurnitureLeadTest[Stanley - SBC, Neha, Vyas, +260, Digital, Facebook, Dining, Dining Table, Request for free installation #128, CP, Tushar Bhai, Cold, 36-50 Lakhs, Custom Manufacturing, In 3 Months, Bank Loan, 10041999, Bhavnagar, Arvind Mills, 840, 3 Months](190)" classname="tests.AddFurnitureLeadTest" time="0.0">
    <skipped message="Cannot invoke &quot;com.microsoft.playwright.Page.locator(String)&quot; because &quot;this.page&quot; is null"/>
  </testcase>
  <testcase name="addLeadForAdditionalFurnitureLeadTest[Godrej, Pooja, Gandhi, +220, Digital, Facebook, Dining, Chairs, Visited showroom last week #411, CP, Tushar Bhai, Cold, 36-50 Lakhs, Custom Manufacturing, In 6 Months, Private Investor, 20051994, Jamnagar, Reliance, 641, 3 Months](191)" classname="tests.AddFurnitureLeadTest" time="0.0">
    <skipped message="Cannot invoke &quot;com.microsoft.playwright.Page.locator(String)&quot; because &quot;this.page&quot; is null"/>
  </testcase>
  <testcase name="addLeadForAdditionalFurnitureLeadTest[Lofy Home Store, Rina, Kapoor, +253, Digital, Facebook, Dining, Bench, Payment flexibility needed #407, CP, Tushar Bhai, Cold, 36-50 Lakhs, Custom Manufacturing, In 1 Year +, Business Loan, 22051977, Bhavnagar, Adani Group, 797, 18 Months](192)" classname="tests.AddFurnitureLeadTest" time="0.0">
    <skipped message="Cannot invoke &quot;com.microsoft.playwright.Page.locator(String)&quot; because &quot;this.page&quot; is null"/>
  </testcase>
  <testcase name="addLeadForAdditionalFurnitureLeadTest[Haworth, Mehul, Vyas, +43, Digital, Facebook, BedRoom, Bed, Interested in modern furniture #196, CP, Tushar Bhai, Cold, 51-70 Lakhs, Office Furniture, Immediate, Mortgage, 12101977, Jamnagar, Amul, 683, 9 Months](193)" classname="tests.AddFurnitureLeadTest" time="0.0">
    <skipped message="Cannot invoke &quot;com.microsoft.playwright.Page.locator(String)&quot; because &quot;this.page&quot; is null"/>
  </testcase>
  <testcase name="addLeadForAdditionalFurnitureLeadTest[Lofy Interior Solutions, Anjali, Doshi, +53, Digital, Facebook, BedRoom, Side Table, Asking for fabric color options #366, CP, Tushar Bhai, Cold, 51-70 Lakhs, Office Furniture, In 3 Months, Self-Finance, 06041998, Surat, Tata Consultancy, 732, 18 Months](194)" classname="tests.AddFurnitureLeadTest" time="0.0">
    <skipped message="Cannot invoke &quot;com.microsoft.playwright.Page.locator(String)&quot; because &quot;this.page&quot; is null"/>
  </testcase>
  <testcase name="addLeadForAdditionalFurnitureLeadTest[Stanley - SLN, Karan, Shukla, +241, Digital, Facebook, BedRoom, Dressing, Wants kids&apos; room furniture #246, CP, Tushar Bhai, Cold, 51-70 Lakhs, Office Furniture, In 6 Months, Business Loan, 12031976, Surat, Zydus Cadila, 76, 6 Months](195)" classname="tests.AddFurnitureLeadTest" time="0.0">
    <skipped message="Cannot invoke &quot;com.microsoft.playwright.Page.locator(String)&quot; because &quot;this.page&quot; is null"/>
  </testcase>
  <testcase name="addLeadForAdditionalFurnitureLeadTest[Stanley - SBC, Dhruv, Desai, +45, Digital, Facebook, BedRoom, Mattress, Payment flexibility needed #401, CP, Tushar Bhai, Cold, 51-70 Lakhs, Office Furniture, In 1 Year +, Mortgage, 17091974, Vadodara, Reliance, 527, 9 Months](196)" classname="tests.AddFurnitureLeadTest" time="0.0">
    <skipped message="Cannot invoke &quot;com.microsoft.playwright.Page.locator(String)&quot; because &quot;this.page&quot; is null"/>
  </testcase>
  <testcase name="addLeadForAdditionalFurnitureLeadTest[Godrej, Rina, Chaudhary, +229, Digital, Facebook, Study, Study Table, Enquiring about warranty period #177, CP, Tushar Bhai, Cold, 51-70 Lakhs, Residential Project, Immediate, Bank Loan, 09021974, Surat, Arvind Mills, 774, 9 Months](197)" classname="tests.AddFurnitureLeadTest" time="0.0">
    <skipped message="Cannot invoke &quot;com.microsoft.playwright.Page.locator(String)&quot; because &quot;this.page&quot; is null"/>
  </testcase>
  <testcase name="addLeadForAdditionalFurnitureLeadTest[Lofy Home Store, Anjali, Trivedi, +225, Digital, Facebook, Study, Chairs, Interested in seasonal discount #290, CP, Tushar Bhai, Cold, 51-70 Lakhs, Residential Project, In 3 Months, Bank Loan, 21051997, Jamnagar, Amul, 247, 3 Months](198)" classname="tests.AddFurnitureLeadTest" time="0.0">
    <skipped message="Cannot invoke &quot;com.microsoft.playwright.Page.locator(String)&quot; because &quot;this.page&quot; is null"/>
  </testcase>
  <testcase name="addLeadForAdditionalFurnitureLeadTest[Haworth, Rohit, Mehta, +240, Digital, Facebook, Study, Library Unit, Request for free installation #165, CP, Tushar Bhai, Cold, 51-70 Lakhs, Residential Project, In 6 Months, Self-Finance, 18101976, Vadodara, Torrent Power, 353, 12 Months](199)" classname="tests.AddFurnitureLeadTest" time="0.0">
    <skipped message="Cannot invoke &quot;com.microsoft.playwright.Page.locator(String)&quot; because &quot;this.page&quot; is null"/>
  </testcase>
  <testcase name="addLeadForAdditionalFurnitureLeadTest[Lofy Interior Solutions, Sonal, Modi, +51, Digital, Facebook, Kitchen, Modular, Interested in outdoor furniture #139, CP, Tushar Bhai, Cold, 51-70 Lakhs, Residential Project, In 1 Year +, Business Loan, 14111991, Ahmedabad, Reliance, 246, 24 Months](200)" classname="tests.AddFurnitureLeadTest" time="0.0">
    <skipped message="Cannot invoke &quot;com.microsoft.playwright.Page.locator(String)&quot; because &quot;this.page&quot; is null"/>
  </testcase>
  <testcase name="addLeadForAdditionalFurnitureLeadTest[Stanley - SLN, Mehul, Kapoor, +65, Digital, Facebook, Kitchen, Semi-Modular, Need delivery within a week #14, CP, Tushar Bhai, Cold, 51-70 Lakhs, Hospitality, Immediate, Business Loan, 23111995, Vadodara, Arvind Mills, 405, 18 Months](201)" classname="tests.AddFurnitureLeadTest" time="0.0">
    <skipped message="Cannot invoke &quot;com.microsoft.playwright.Page.locator(String)&quot; because &quot;this.page&quot; is null"/>
  </testcase>
  <testcase name="addLeadForAdditionalFurnitureLeadTest[Stanley - SBC, Mehul, Shah, +251, Digital, Facebook, Kitchen, Countertop, Looking for office furniture #306, CP, Tushar Bhai, Cold, 51-70 Lakhs, Hospitality, In 3 Months, Private Investor, 09112000, Surat, Arvind Mills, 531, 12 Months](202)" classname="tests.AddFurnitureLeadTest" time="0.0">
    <skipped message="Cannot invoke &quot;com.microsoft.playwright.Page.locator(String)&quot; because &quot;this.page&quot; is null"/>
  </testcase>
  <testcase name="addLeadForAdditionalFurnitureLeadTest[Godrej, Kavya, Chaudhary, +236, Digital, Facebook, Kitchen, Appliances, Repeat customer inquiry #16, CP, Tushar Bhai, Cold, 51-70 Lakhs, Hospitality, In 6 Months, Bank Loan, 08081986, Vadodara, Arvind Mills, 677, 12 Months](203)" classname="tests.AddFurnitureLeadTest" time="0.0">
    <skipped message="Cannot invoke &quot;com.microsoft.playwright.Page.locator(String)&quot; because &quot;this.page&quot; is null"/>
  </testcase>
  <testcase name="addLeadForAdditionalFurnitureLeadTest[Lofy Home Store, Rina, Raval, 62, Digital, Facebook, Wardrobes, Sliding, Requesting catalog #416, CP, Tushar Bhai, Cold, 51-70 Lakhs, Hospitality, In 1 Year +, Bank Loan, 07011969, Jamnagar, Arvind Mills, 842, 24 Months](204)" classname="tests.AddFurnitureLeadTest" time="0.0">
    <skipped message="Cannot invoke &quot;com.microsoft.playwright.Page.locator(String)&quot; because &quot;this.page&quot; is null"/>
  </testcase>
  <testcase name="addLeadForAdditionalFurnitureLeadTest[Haworth, Bhavna, Dave, +36, Digital, Facebook, Wardrobes, Hinged, Wants matching dining set #144, CP, Tushar Bhai, Cold, 51-70 Lakhs, Retail, Immediate, Business Loan, 26121965, Jamnagar, Tata Consultancy, 481, 24 Months](205)" classname="tests.AddFurnitureLeadTest" time="0.0">
    <skipped message="Cannot invoke &quot;com.microsoft.playwright.Page.locator(String)&quot; because &quot;this.page&quot; is null"/>
  </testcase>
  <testcase name="addLeadForAdditionalFurnitureLeadTest[Lofy Interior Solutions, Jigar, Raval, +66, Digital, Facebook, Wardrobes, Walk-in, Looking for budget-friendly options #415, CP, Tushar Bhai, Cold, 51-70 Lakhs, Retail, In 3 Months, Bank Loan, 04011980, Jamnagar, Adani Group, 800, 24 Months](206)" classname="tests.AddFurnitureLeadTest" time="0.0">
    <skipped message="Cannot invoke &quot;com.microsoft.playwright.Page.locator(String)&quot; because &quot;this.page&quot; is null"/>
  </testcase>
  <testcase name="addLeadForAdditionalFurnitureLeadTest[Stanley - SLN, Mehul, Trivedi, +239, Digital, Facebook, Office, WorkStations, Enquiring about warranty period #272, CP, Tushar Bhai, Cold, 51-70 Lakhs, Retail, In 6 Months, Self-Finance, 30101964, Gandhinagar, Reliance, 599, 18 Months](207)" classname="tests.AddFurnitureLeadTest" time="0.0">
    <skipped message="Cannot invoke &quot;com.microsoft.playwright.Page.locator(String)&quot; because &quot;this.page&quot; is null"/>
  </testcase>
  <testcase name="addLeadForAdditionalFurnitureLeadTest[Stanley - SBC, Hetal, Trivedi, +49, Digital, Facebook, Office, Conference Table, Wants kids&apos; room furniture #393, CP, Tushar Bhai, Cold, 51-70 Lakhs, Retail, In 1 Year +, Bank Loan, 21101967, Junagadh, Torrent Power, 990, 3 Months](208)" classname="tests.AddFurnitureLeadTest" time="0.0">
    <skipped message="Cannot invoke &quot;com.microsoft.playwright.Page.locator(String)&quot; because &quot;this.page&quot; is null"/>
  </testcase>
  <testcase name="addLeadForAdditionalFurnitureLeadTest[Godrej, Bhavna, Chaudhary, +258, Digital, Facebook, Office, Cabin Setup, Looking for EMI options #120, CP, Tushar Bhai, Cold, 51-70 Lakhs, Commercial, Immediate, Bank Loan, 20122002, Surat, Tata Consultancy, 573, 12 Months](209)" classname="tests.AddFurnitureLeadTest" time="0.0">
    <skipped message="Cannot invoke &quot;com.microsoft.playwright.Page.locator(String)&quot; because &quot;this.page&quot; is null"/>
  </testcase>
  <testcase name="addLeadForAdditionalFurnitureLeadTest[Lofy Home Store, Rina, Chaudhary, +58, Digital, Facebook, Outdoor, Patio, Need delivery within a week #52, CP, Tushar Bhai, Cold, 51-70 Lakhs, Commercial, In 3 Months, Business Loan, 11121987, Bhavnagar, Zydus Cadila, 316, 6 Months](210)" classname="tests.AddFurnitureLeadTest" time="0.0">
    <skipped message="Cannot invoke &quot;com.microsoft.playwright.Page.locator(String)&quot; because &quot;this.page&quot; is null"/>
  </testcase>
  <testcase name="addLeadForAdditionalFurnitureLeadTest[Haworth, Rohit, Chaudhary, +221, Digital, Facebook, Outdoor, Swing, Repeat customer inquiry #337, CP, Tushar Bhai, Cold, 51-70 Lakhs, Commercial, In 6 Months, Self-Finance, 04112002, Ahmedabad, Adani Group, 973, 24 Months](211)" classname="tests.AddFurnitureLeadTest" time="0.0">
    <skipped message="Cannot invoke &quot;com.microsoft.playwright.Page.locator(String)&quot; because &quot;this.page&quot; is null"/>
  </testcase>
  <testcase name="addLeadForAdditionalFurnitureLeadTest[Lofy Interior Solutions, Bhavna, Raval, +229, Digital, Facebook, Outdoor, Garden Seating, Repeat customer inquiry #137, CP, Tushar Bhai, Cold, 51-70 Lakhs, Commercial, In 1 Year +, Business Loan, 16041982, Surat, Amul, 837, 12 Months](212)" classname="tests.AddFurnitureLeadTest" time="0.0">
    <skipped message="Cannot invoke &quot;com.microsoft.playwright.Page.locator(String)&quot; because &quot;this.page&quot; is null"/>
  </testcase>
  <testcase name="addLeadForAdditionalFurnitureLeadTest[Stanley - SLN, Kavya, Kapoor, +57, Digital, Facebook, Turkey Solution, Full Home Package(Design + Execution + Furniture), Payment flexibility needed #418, CP, Tushar Bhai, Cold, 51-70 Lakhs, Custom Manufacturing, Immediate, Private Investor, 03071985, Rajkot, Tata Consultancy, 28, 3 Months](213)" classname="tests.AddFurnitureLeadTest" time="0.0">
    <skipped message="Cannot invoke &quot;com.microsoft.playwright.Page.locator(String)&quot; because &quot;this.page&quot; is null"/>
  </testcase>
  <testcase name="addLeadForAdditionalFurnitureLeadTest[Stanley - SBC, Priya, Modi, +244, Digital, Facebook, Project Management Consultancy, Project Advisory, Asking for fabric color options #470, CP, Tushar Bhai, Cold, 51-70 Lakhs, Custom Manufacturing, In 3 Months, Self-Finance, 27121992, Surat, Reliance, 131, 18 Months](214)" classname="tests.AddFurnitureLeadTest" time="0.0">
    <skipped message="Cannot invoke &quot;com.microsoft.playwright.Page.locator(String)&quot; because &quot;this.page&quot; is null"/>
  </testcase>
  <testcase name="addLeadForAdditionalFurnitureLeadTest[Godrej, Viren, Soni, +243, Digital, Facebook, Project Management Consultancy, Costing, Interested in sofa sets #29, CP, Tushar Bhai, Cold, 51-70 Lakhs, Custom Manufacturing, In 6 Months, Bank Loan, 23031983, Bhavnagar, Zydus Cadila, 994, 18 Months](215)" classname="tests.AddFurnitureLeadTest" time="0.0">
    <skipped message="Cannot invoke &quot;com.microsoft.playwright.Page.locator(String)&quot; because &quot;this.page&quot; is null"/>
  </testcase>
  <testcase name="addLeadForAdditionalFurnitureLeadTest[Lofy Home Store, Mehul, Trivedi, +1, Digital, Facebook, Project Management Consultancy, Vendor Management, Wants matching dining set #486, CP, Tushar Bhai, Cold, 51-70 Lakhs, Custom Manufacturing, In 1 Year +, Business Loan, 26021979, Jamnagar, Zydus Cadila, 193, 12 Months](216)" classname="tests.AddFurnitureLeadTest" time="0.0">
    <skipped message="Cannot invoke &quot;com.microsoft.playwright.Page.locator(String)&quot; because &quot;this.page&quot; is null"/>
  </testcase>
  <testcase name="addLeadForAdditionalFurnitureLeadTest[Haworth, Mina, Thakkar, +216, Digital, Facebook, Execution, Carpentry, Repeat customer inquiry #295, CP, Tushar Bhai, Cold, 71+ Lakhs, Office Furniture, Immediate, Self-Finance, 05031988, Bhavnagar, Torrent Power, 296, 18 Months](217)" classname="tests.AddFurnitureLeadTest" time="0.0">
    <skipped message="Cannot invoke &quot;com.microsoft.playwright.Page.locator(String)&quot; because &quot;this.page&quot; is null"/>
  </testcase>
  <testcase name="addLeadForAdditionalFurnitureLeadTest[Lofy Interior Solutions, Bhavna, Parikh, +239, Digital, Facebook, Execution, Civil, Checking stock availability #409, CP, Tushar Bhai, Cold, 71+ Lakhs, Office Furniture, In 3 Months, Bank Loan, 04051988, Vadodara, Adani Group, 512, 6 Months](218)" classname="tests.AddFurnitureLeadTest" time="0.0">
    <skipped message="Cannot invoke &quot;com.microsoft.playwright.Page.locator(String)&quot; because &quot;this.page&quot; is null"/>
  </testcase>
  <testcase name="addLeadForAdditionalFurnitureLeadTest[Stanley - SLN, Rishi, Gandhi, +60, Digital, Facebook, Execution, Electrical, Interested in outdoor furniture #182, CP, Tushar Bhai, Cold, 71+ Lakhs, Office Furniture, In 6 Months, Self-Finance, 07081979, Junagadh, Amul, 135, 9 Months](219)" classname="tests.AddFurnitureLeadTest" time="0.0">
    <skipped message="Cannot invoke &quot;com.microsoft.playwright.Page.locator(String)&quot; because &quot;this.page&quot; is null"/>
  </testcase>
  <testcase name="addLeadForAdditionalFurnitureLeadTest[Stanley - SBC, Viren, Gandhi, +232, Digital, Facebook, Execution, Finishing only, Interested in seasonal discount #430, CP, Tushar Bhai, Cold, 71+ Lakhs, Office Furniture, In 1 Year +, Business Loan, 07051980, Surat, Adani Group, 321, 9 Months](220)" classname="tests.AddFurnitureLeadTest" time="0.0">
    <skipped message="Cannot invoke &quot;com.microsoft.playwright.Page.locator(String)&quot; because &quot;this.page&quot; is null"/>
  </testcase>
  <testcase name="addLeadForAdditionalFurnitureLeadTest[Godrej, Neha, Raval, +94, Digital, Facebook, Design only, 2D/3D Layouts, Checking stock availability #89, CP, Tushar Bhai, Cold, 71+ Lakhs, Residential Project, Immediate, Bank Loan, 06082000, Surat, Amul, 828, 12 Months](221)" classname="tests.AddFurnitureLeadTest" time="0.0">
    <skipped message="Cannot invoke &quot;com.microsoft.playwright.Page.locator(String)&quot; because &quot;this.page&quot; is null"/>
  </testcase>
  <testcase name="addLeadForAdditionalFurnitureLeadTest[Lofy Home Store, Pooja, Gandhi, +52, Digital, Facebook, Design only, Material Selection, Need delivery within a week #122, CP, Tushar Bhai, Cold, 71+ Lakhs, Residential Project, In 3 Months, Private Investor, 27041979, Rajkot, Amul, 824, 12 Months](222)" classname="tests.AddFurnitureLeadTest" time="0.0">
    <skipped message="Cannot invoke &quot;com.microsoft.playwright.Page.locator(String)&quot; because &quot;this.page&quot; is null"/>
  </testcase>
  <testcase name="addLeadForAdditionalFurnitureLeadTest[Haworth, Aarav, Shukla, +46, Digital, Instagram, Living, Sofa, Looking for EMI options #163, CP, Tushar Bhai, Cold, 71+ Lakhs, Residential Project, In 6 Months, Private Investor, 01021975, Ahmedabad, Adani Group, 434, 6 Months](223)" classname="tests.AddFurnitureLeadTest" time="0.0">
    <skipped message="Cannot invoke &quot;com.microsoft.playwright.Page.locator(String)&quot; because &quot;this.page&quot; is null"/>
  </testcase>
  <testcase name="addLeadForAdditionalFurnitureLeadTest[Lofy Interior Solutions, Viren, Parikh, +218, Digital, Instagram, Living, Recliner, Asking for fabric color options #378, CP, Tushar Bhai, Cold, 71+ Lakhs, Residential Project, In 1 Year +, Self-Finance, 22011966, Jamnagar, Torrent Power, 486, 3 Months](224)" classname="tests.AddFurnitureLeadTest" time="0.0">
    <skipped message="Cannot invoke &quot;com.microsoft.playwright.Page.locator(String)&quot; because &quot;this.page&quot; is null"/>
  </testcase>
  <testcase name="addLeadForAdditionalFurnitureLeadTest[Stanley - SLN, Rina, Mehta, +252, Digital, Instagram, Living, Coffee Table, Looking for space-saving solutions #184, CP, Tushar Bhai, Cold, 71+ Lakhs, Hospitality, Immediate, Bank Loan, 19022003, Rajkot, Reliance, 722, 12 Months](225)" classname="tests.AddFurnitureLeadTest" time="0.0">
    <skipped message="Cannot invoke &quot;com.microsoft.playwright.Page.locator(String)&quot; because &quot;this.page&quot; is null"/>
  </testcase>
  <testcase name="addLeadForAdditionalFurnitureLeadTest[Stanley - SBC, Krishna, Dave, +229, Digital, Instagram, Living, TV Unit, Interested in seasonal discount #303, CP, Tushar Bhai, Cold, 71+ Lakhs, Hospitality, In 3 Months, Self-Finance, 03111994, Gandhinagar, Arvind Mills, 476, 18 Months](226)" classname="tests.AddFurnitureLeadTest" time="0.0">
    <skipped message="Cannot invoke &quot;com.microsoft.playwright.Page.locator(String)&quot; because &quot;this.page&quot; is null"/>
  </testcase>
  <testcase name="addLeadForAdditionalFurnitureLeadTest[Godrej, Viren, Mehta, +65, Digital, Instagram, Dining, Dining Table, Interested in modern furniture #361, CP, Tushar Bhai, Cold, 71+ Lakhs, Hospitality, In 6 Months, Private Investor, 04121992, Junagadh, Zydus Cadila, 155, 18 Months](227)" classname="tests.AddFurnitureLeadTest" time="0.0">
    <skipped message="Cannot invoke &quot;com.microsoft.playwright.Page.locator(String)&quot; because &quot;this.page&quot; is null"/>
  </testcase>
  <testcase name="addLeadForAdditionalFurnitureLeadTest[Lofy Home Store, Mina, Shukla, +58, Digital, Instagram, Dining, Chairs, Looking for space-saving solutions #181, CP, Tushar Bhai, Cold, 71+ Lakhs, Hospitality, In 1 Year +, Business Loan, 13051992, Junagadh, Adani Group, 969, 3 Months](228)" classname="tests.AddFurnitureLeadTest" time="0.0">
    <skipped message="Cannot invoke &quot;com.microsoft.playwright.Page.locator(String)&quot; because &quot;this.page&quot; is null"/>
  </testcase>
  <testcase name="addLeadForAdditionalFurnitureLeadTest[Haworth, Aarav, Bhatt, +94, Digital, Instagram, Dining, Bench, Looking for EMI options #289, CP, Tushar Bhai, Cold, 71+ Lakhs, Retail, Immediate, Self-Finance, 28072001, Jamnagar, Reliance, 488, 3 Months](229)" classname="tests.AddFurnitureLeadTest" time="0.0">
    <skipped message="Cannot invoke &quot;com.microsoft.playwright.Page.locator(String)&quot; because &quot;this.page&quot; is null"/>
  </testcase>
  <testcase name="addLeadForAdditionalFurnitureLeadTest[Lofy Interior Solutions, Jigar, Vyas, +222, Digital, Instagram, BedRoom, Bed, Urgent requirement #289, CP, Tushar Bhai, Cold, 71+ Lakhs, Retail, In 3 Months, Business Loan, 18051971, Gandhinagar, Amul, 123, 18 Months](230)" classname="tests.AddFurnitureLeadTest" time="0.0">
    <skipped message="Cannot invoke &quot;com.microsoft.playwright.Page.locator(String)&quot; because &quot;this.page&quot; is null"/>
  </testcase>
  <testcase name="addLeadForAdditionalFurnitureLeadTest[Stanley - SLN, Rishi, Shah, +39, Digital, Instagram, BedRoom, Side Table, Asking for custom designs #429, CP, Tushar Bhai, Cold, 71+ Lakhs, Retail, In 6 Months, Mortgage, 01071997, Jamnagar, Zydus Cadila, 953, 24 Months](231)" classname="tests.AddFurnitureLeadTest" time="0.0">
    <skipped message="Cannot invoke &quot;com.microsoft.playwright.Page.locator(String)&quot; because &quot;this.page&quot; is null"/>
  </testcase>
  <testcase name="addLeadForAdditionalFurnitureLeadTest[Stanley - SBC, Aarav, Parikh, +239, Digital, Instagram, BedRoom, Dressing, Asking for fabric color options #452, CP, Tushar Bhai, Cold, 71+ Lakhs, Retail, In 1 Year +, Bank Loan, 18072000, Gandhinagar, Zydus Cadila, 639, 12 Months](232)" classname="tests.AddFurnitureLeadTest" time="0.0">
    <skipped message="Cannot invoke &quot;com.microsoft.playwright.Page.locator(String)&quot; because &quot;this.page&quot; is null"/>
  </testcase>
  <testcase name="addLeadForAdditionalFurnitureLeadTest[Godrej, Sonal, Joshi, +60, Digital, Instagram, BedRoom, Mattress, Enquiring about warranty period #278, CP, Tushar Bhai, Cold, 71+ Lakhs, Commercial, Immediate, Self-Finance, 01091966, Rajkot, Torrent Power, 610, 6 Months](233)" classname="tests.AddFurnitureLeadTest" time="0.0">
    <skipped message="Cannot invoke &quot;com.microsoft.playwright.Page.locator(String)&quot; because &quot;this.page&quot; is null"/>
  </testcase>
  <testcase name="addLeadForAdditionalFurnitureLeadTest[Lofy Home Store, Rohit, Raval, +253, Digital, Instagram, Study, Study Table, Requesting bulk order discount #90, CP, Tushar Bhai, Cold, 71+ Lakhs, Commercial, In 3 Months, Self-Finance, 19011965, Bhavnagar, Zydus Cadila, 940, 12 Months](234)" classname="tests.AddFurnitureLeadTest" time="0.0">
    <skipped message="Cannot invoke &quot;com.microsoft.playwright.Page.locator(String)&quot; because &quot;this.page&quot; is null"/>
  </testcase>
  <testcase name="addLeadForAdditionalFurnitureLeadTest[Haworth, Aarav, Patel, +27, Digital, Instagram, Study, Chairs, Enquiring about warranty period #20, CP, Tushar Bhai, Cold, 71+ Lakhs, Commercial, In 6 Months, Bank Loan, 14121987, Gandhinagar, Adani Group, 529, 12 Months](235)" classname="tests.AddFurnitureLeadTest" time="0.0">
    <skipped message="Cannot invoke &quot;com.microsoft.playwright.Page.locator(String)&quot; because &quot;this.page&quot; is null"/>
  </testcase>
  <testcase name="addLeadForAdditionalFurnitureLeadTest[Lofy Interior Solutions, Rina, Doshi, +20, Digital, Instagram, Study, Library Unit, Prefers wooden furniture #29, CP, Tushar Bhai, Cold, 71+ Lakhs, Commercial, In 1 Year +, Bank Loan, 28071982, Vadodara, Adani Group, 362, 6 Months](236)" classname="tests.AddFurnitureLeadTest" time="0.0">
    <skipped message="Cannot invoke &quot;com.microsoft.playwright.Page.locator(String)&quot; because &quot;this.page&quot; is null"/>
  </testcase>
  <testcase name="addLeadForAdditionalFurnitureLeadTest[Stanley - SLN, Sonal, Vyas, +46, Digital, Instagram, Kitchen, Modular, Repeat customer inquiry #309, CP, Tushar Bhai, Cold, 71+ Lakhs, Custom Manufacturing, Immediate, Mortgage, 14061984, Junagadh, Zydus Cadila, 892, 12 Months](237)" classname="tests.AddFurnitureLeadTest" time="0.0">
    <skipped message="Cannot invoke &quot;com.microsoft.playwright.Page.locator(String)&quot; because &quot;this.page&quot; is null"/>
  </testcase>
  <testcase name="addLeadForAdditionalFurnitureLeadTest[Stanley - SBC, Pooja, Doshi, +44, Digital, Instagram, Kitchen, Semi-Modular, Repeat customer inquiry #11, CP, Tushar Bhai, Cold, 71+ Lakhs, Custom Manufacturing, In 3 Months, Self-Finance, 18041982, Junagadh, Amul, 869, 18 Months](238)" classname="tests.AddFurnitureLeadTest" time="0.0">
    <skipped message="Cannot invoke &quot;com.microsoft.playwright.Page.locator(String)&quot; because &quot;this.page&quot; is null"/>
  </testcase>
  <testcase name="addLeadForAdditionalFurnitureLeadTest[Godrej, Jigar, Desai, +260, Digital, Instagram, Kitchen, Countertop, Request for free installation #245, CP, Tushar Bhai, Cold, 71+ Lakhs, Custom Manufacturing, In 6 Months, Private Investor, 24051966, Junagadh, Tata Consultancy, 69, 12 Months](239)" classname="tests.AddFurnitureLeadTest" time="0.0">
    <skipped message="Cannot invoke &quot;com.microsoft.playwright.Page.locator(String)&quot; because &quot;this.page&quot; is null"/>
  </testcase>
  <testcase name="addLeadForAdditionalFurnitureLeadTest[Lofy Home Store, Dhruv, Mehta, +212, Digital, Instagram, Kitchen, Appliances, Interested in modern furniture #170, CP, Tushar Bhai, Cold, 71+ Lakhs, Custom Manufacturing, In 1 Year +, Business Loan, 26061984, Vadodara, Zydus Cadila, 906, 12 Months](240)" classname="tests.AddFurnitureLeadTest" time="0.0">
    <skipped message="Cannot invoke &quot;com.microsoft.playwright.Page.locator(String)&quot; because &quot;this.page&quot; is null"/>
  </testcase>
  <testcase name="addLeadForAdditionalFurnitureLeadTest[Haworth, Pooja, Parikh, 91, Digital, Instagram, Wardrobes, Sliding, Interested in seasonal discount #315, CP, Tushar Bhai, Warm, 15-25 Lakhs, Office Furniture, Immediate, Private Investor, 18071998, Jamnagar, Reliance, 119, 6 Months](241)" classname="tests.AddFurnitureLeadTest" time="0.0">
    <skipped message="Cannot invoke &quot;com.microsoft.playwright.Page.locator(String)&quot; because &quot;this.page&quot; is null"/>
  </testcase>
  <testcase name="addLeadForAdditionalFurnitureLeadTest[Lofy Interior Solutions, Nirav, Parikh, +51, Digital, Instagram, Wardrobes, Hinged, Asking for custom designs #413, CP, Tushar Bhai, Warm, 15-25 Lakhs, Office Furniture, In 3 Months, Business Loan, 21121981, Jamnagar, Zydus Cadila, 418, 12 Months](242)" classname="tests.AddFurnitureLeadTest" time="0.0">
    <skipped message="Cannot invoke &quot;com.microsoft.playwright.Page.locator(String)&quot; because &quot;this.page&quot; is null"/>
  </testcase>
  <testcase name="addLeadForAdditionalFurnitureLeadTest[Stanley - SLN, Krishna, Vyas, +244, Digital, Instagram, Wardrobes, Walk-in, Urgent requirement #175, CP, Tushar Bhai, Warm, 15-25 Lakhs, Office Furniture, In 6 Months, Bank Loan, 01051965, Junagadh, Arvind Mills, 58, 12 Months](243)" classname="tests.AddFurnitureLeadTest" time="0.0">
    <skipped message="Cannot invoke &quot;com.microsoft.playwright.Page.locator(String)&quot; because &quot;this.page&quot; is null"/>
  </testcase>
  <testcase name="addLeadForAdditionalFurnitureLeadTest[Stanley - SBC, Viren, Desai, +90, Digital, Instagram, Office, WorkStations, Looking for space-saving solutions #91, CP, Tushar Bhai, Warm, 15-25 Lakhs, Office Furniture, In 1 Year +, Bank Loan, 13121991, Gandhinagar, Arvind Mills, 936, 6 Months](244)" classname="tests.AddFurnitureLeadTest" time="0.0">
    <skipped message="Cannot invoke &quot;com.microsoft.playwright.Page.locator(String)&quot; because &quot;this.page&quot; is null"/>
  </testcase>
  <testcase name="addLeadForAdditionalFurnitureLeadTest[Godrej, Hetal, Dave, +262, Digital, Instagram, Office, Conference Table, Interested in seasonal discount #411, CP, Tushar Bhai, Warm, 15-25 Lakhs, Residential Project, Immediate, Bank Loan, 22011986, Junagadh, Adani Group, 651, 6 Months](245)" classname="tests.AddFurnitureLeadTest" time="0.0">
    <skipped message="Cannot invoke &quot;com.microsoft.playwright.Page.locator(String)&quot; because &quot;this.page&quot; is null"/>
  </testcase>
  <testcase name="addLeadForAdditionalFurnitureLeadTest[Lofy Home Store, Mina, Doshi, +245, Digital, Instagram, Office, Cabin Setup, Checking stock availability #445, CP, Tushar Bhai, Warm, 15-25 Lakhs, Residential Project, In 3 Months, Mortgage, 19011979, Gandhinagar, Amul, 292, 24 Months](246)" classname="tests.AddFurnitureLeadTest" time="0.0">
    <skipped message="Cannot invoke &quot;com.microsoft.playwright.Page.locator(String)&quot; because &quot;this.page&quot; is null"/>
  </testcase>
  <testcase name="addLeadForAdditionalFurnitureLeadTest[Haworth, Rina, Kapoor, +260, Digital, Instagram, Outdoor, Patio, Looking for office furniture #31, CP, Tushar Bhai, Warm, 15-25 Lakhs, Residential Project, In 6 Months, Mortgage, 31101970, Rajkot, Torrent Power, 903, 18 Months](247)" classname="tests.AddFurnitureLeadTest" time="0.0">
    <skipped message="Cannot invoke &quot;com.microsoft.playwright.Page.locator(String)&quot; because &quot;this.page&quot; is null"/>
  </testcase>
  <testcase name="addLeadForAdditionalFurnitureLeadTest[Lofy Interior Solutions, Anjali, Doshi, +257, Digital, Instagram, Outdoor, Swing, Interested in modern furniture #76, CP, Tushar Bhai, Warm, 15-25 Lakhs, Residential Project, In 1 Year +, Mortgage, 22021999, Bhavnagar, Tata Consultancy, 755, 12 Months](248)" classname="tests.AddFurnitureLeadTest" time="0.0">
    <skipped message="Cannot invoke &quot;com.microsoft.playwright.Page.locator(String)&quot; because &quot;this.page&quot; is null"/>
  </testcase>
  <testcase name="addLeadForAdditionalFurnitureLeadTest[Stanley - SLN, Hetal, Gandhi, +242, Digital, Instagram, Outdoor, Garden Seating, Looking for EMI options #361, CP, Tushar Bhai, Warm, 15-25 Lakhs, Hospitality, Immediate, Mortgage, 24051986, Bhavnagar, Torrent Power, 306, 9 Months](249)" classname="tests.AddFurnitureLeadTest" time="0.0">
    <skipped message="Cannot invoke &quot;com.microsoft.playwright.Page.locator(String)&quot; because &quot;this.page&quot; is null"/>
  </testcase>
  <testcase name="addLeadForAdditionalFurnitureLeadTest[Stanley - SBC, Aarav, Gandhi, +238, Digital, Instagram, Turkey Solution, Full Home Package(Design + Execution + Furniture), Interested in seasonal discount #73, CP, Tushar Bhai, Warm, 15-25 Lakhs, Hospitality, In 3 Months, Mortgage, 27101989, Vadodara, Tata Consultancy, 102, 3 Months](250)" classname="tests.AddFurnitureLeadTest" time="0.0">
    <skipped message="Cannot invoke &quot;com.microsoft.playwright.Page.locator(String)&quot; because &quot;this.page&quot; is null"/>
  </testcase>
  <testcase name="addLeadForAdditionalFurnitureLeadTest[Godrej, Rina, Shukla, +212, Digital, Instagram, Project Management Consultancy, Project Advisory, Wants matching dining set #57, CP, Tushar Bhai, Warm, 15-25 Lakhs, Hospitality, In 6 Months, Private Investor, 09011983, Vadodara, Adani Group, 881, 12 Months](251)" classname="tests.AddFurnitureLeadTest" time="0.0">
    <skipped message="Cannot invoke &quot;com.microsoft.playwright.Page.locator(String)&quot; because &quot;this.page&quot; is null"/>
  </testcase>
  <testcase name="addLeadForAdditionalFurnitureLeadTest[Lofy Home Store, Mehul, Bhatt, +252, Digital, Instagram, Project Management Consultancy, Costing, Checking stock availability #270, CP, Tushar Bhai, Warm, 15-25 Lakhs, Hospitality, In 1 Year +, Bank Loan, 26122000, Gandhinagar, Torrent Power, 387, 9 Months](252)" classname="tests.AddFurnitureLeadTest" time="0.0">
    <skipped message="Cannot invoke &quot;com.microsoft.playwright.Page.locator(String)&quot; because &quot;this.page&quot; is null"/>
  </testcase>
  <testcase name="addLeadForAdditionalFurnitureLeadTest[Haworth, Hetal, Desai, +222, Digital, Instagram, Project Management Consultancy, Vendor Management, Checking stock availability #187, CP, Tushar Bhai, Warm, 15-25 Lakhs, Retail, Immediate, Self-Finance, 10021965, Ahmedabad, Amul, 374, 3 Months](253)" classname="tests.AddFurnitureLeadTest" time="0.0">
    <skipped message="Cannot invoke &quot;com.microsoft.playwright.Page.locator(String)&quot; because &quot;this.page&quot; is null"/>
  </testcase>
  <testcase name="addLeadForAdditionalFurnitureLeadTest[Lofy Interior Solutions, Priya, Parikh, +224, Digital, Instagram, Execution, Carpentry, Prefers wooden furniture #192, CP, Tushar Bhai, Warm, 15-25 Lakhs, Retail, In 3 Months, Business Loan, 31011969, Jamnagar, Reliance, 367, 6 Months](254)" classname="tests.AddFurnitureLeadTest" time="0.0">
    <skipped message="Cannot invoke &quot;com.microsoft.playwright.Page.locator(String)&quot; because &quot;this.page&quot; is null"/>
  </testcase>
  <testcase name="addLeadForAdditionalFurnitureLeadTest[Stanley - SLN, Krishna, Parikh, +228, Digital, Instagram, Execution, Civil, Looking for space-saving solutions #483, CP, Tushar Bhai, Warm, 15-25 Lakhs, Retail, In 6 Months, Mortgage, 11022001, Jamnagar, Amul, 212, 24 Months](255)" classname="tests.AddFurnitureLeadTest" time="0.0">
    <skipped message="Cannot invoke &quot;com.microsoft.playwright.Page.locator(String)&quot; because &quot;this.page&quot; is null"/>
  </testcase>
  <testcase name="addLeadForAdditionalFurnitureLeadTest[Stanley - SBC, Kavya, Bhatt, +53, Digital, Instagram, Execution, Electrical, Prefers compact designs #203, CP, Tushar Bhai, Warm, 15-25 Lakhs, Retail, In 1 Year +, Business Loan, 01011991, Vadodara, Tata Consultancy, 539, 9 Months](256)" classname="tests.AddFurnitureLeadTest" time="0.0">
    <skipped message="Cannot invoke &quot;com.microsoft.playwright.Page.locator(String)&quot; because &quot;this.page&quot; is null"/>
  </testcase>
  <testcase name="addLeadForAdditionalFurnitureLeadTest[Godrej, Anjali, Thakkar, +238, Digital, Instagram, Execution, Finishing only, Looking for EMI options #52, CP, Tushar Bhai, Warm, 15-25 Lakhs, Commercial, Immediate, Business Loan, 28111985, Bhavnagar, Zydus Cadila, 543, 3 Months](257)" classname="tests.AddFurnitureLeadTest" time="0.0">
    <skipped message="Cannot invoke &quot;com.microsoft.playwright.Page.locator(String)&quot; because &quot;this.page&quot; is null"/>
  </testcase>
  <testcase name="addLeadForAdditionalFurnitureLeadTest[Lofy Home Store, Pooja, Joshi, +224, Digital, Instagram, Design only, 2D/3D Layouts, Looking for office furniture #155, CP, Tushar Bhai, Warm, 15-25 Lakhs, Commercial, In 3 Months, Self-Finance, 02072003, Jamnagar, Torrent Power, 864, 12 Months](258)" classname="tests.AddFurnitureLeadTest" time="0.0">
    <skipped message="Cannot invoke &quot;com.microsoft.playwright.Page.locator(String)&quot; because &quot;this.page&quot; is null"/>
  </testcase>
  <testcase name="addLeadForAdditionalFurnitureLeadTest[Haworth, Sonal, Modi, +63, Digital, Instagram, Design only, Material Selection, Looking for office furniture #70, CP, Tushar Bhai, Warm, 15-25 Lakhs, Commercial, In 6 Months, Business Loan, 25101997, Surat, Tata Consultancy, 721, 3 Months](259)" classname="tests.AddFurnitureLeadTest" time="0.0">
    <skipped message="Cannot invoke &quot;com.microsoft.playwright.Page.locator(String)&quot; because &quot;this.page&quot; is null"/>
  </testcase>
  <testcase name="addLeadForAdditionalFurnitureLeadTest[Lofy Interior Solutions, Viren, Dave, +226, Digital, LinkedIn, Living, Sofa, Need delivery within a week #375, CP, Tushar Bhai, Warm, 15-25 Lakhs, Commercial, In 1 Year +, Business Loan, 16071998, Bhavnagar, Amul, 594, 9 Months](260)" classname="tests.AddFurnitureLeadTest" time="0.0">
    <skipped message="Cannot invoke &quot;com.microsoft.playwright.Page.locator(String)&quot; because &quot;this.page&quot; is null"/>
  </testcase>
  <testcase name="addLeadForAdditionalFurnitureLeadTest[Stanley - SLN, Rohit, Dave, +229, Digital, LinkedIn, Living, Recliner, Checking modular kitchen options #406, CP, Tushar Bhai, Warm, 15-25 Lakhs, Custom Manufacturing, Immediate, Self-Finance, 12081998, Surat, Tata Consultancy, 759, 6 Months](261)" classname="tests.AddFurnitureLeadTest" time="0.0">
    <skipped message="Cannot invoke &quot;com.microsoft.playwright.Page.locator(String)&quot; because &quot;this.page&quot; is null"/>
  </testcase>
  <testcase name="addLeadForAdditionalFurnitureLeadTest[Stanley - SBC, Sonal, Shukla, +27, Digital, LinkedIn, Living, Coffee Table, Visited showroom last week #492, CP, Tushar Bhai, Warm, 15-25 Lakhs, Custom Manufacturing, In 3 Months, Self-Finance, 26062000, Rajkot, Torrent Power, 606, 24 Months](262)" classname="tests.AddFurnitureLeadTest" time="0.0">
    <skipped message="Cannot invoke &quot;com.microsoft.playwright.Page.locator(String)&quot; because &quot;this.page&quot; is null"/>
  </testcase>
  <testcase name="addLeadForAdditionalFurnitureLeadTest[Godrej, Nirav, Modi, +92, Digital, LinkedIn, Living, TV Unit, Enquiring about warranty period #333, CP, Tushar Bhai, Warm, 15-25 Lakhs, Custom Manufacturing, In 6 Months, Self-Finance, 04011994, Bhavnagar, Adani Group, 857, 12 Months](263)" classname="tests.AddFurnitureLeadTest" time="0.0">
    <skipped message="Cannot invoke &quot;com.microsoft.playwright.Page.locator(String)&quot; because &quot;this.page&quot; is null"/>
  </testcase>
  <testcase name="addLeadForAdditionalFurnitureLeadTest[Lofy Home Store, Pooja, Bhatt, +58, Digital, LinkedIn, Dining, Dining Table, Looking for office furniture #90, CP, Tushar Bhai, Warm, 15-25 Lakhs, Custom Manufacturing, In 1 Year +, Self-Finance, 30061994, Vadodara, Tata Consultancy, 187, 9 Months](264)" classname="tests.AddFurnitureLeadTest" time="0.0">
    <skipped message="Cannot invoke &quot;com.microsoft.playwright.Page.locator(String)&quot; because &quot;this.page&quot; is null"/>
  </testcase>
  <testcase name="addLeadForAdditionalFurnitureLeadTest[Haworth, Nirav, Trivedi, +65, Digital, LinkedIn, Dining, Chairs, Looking for space-saving solutions #496, CP, Tushar Bhai, Warm, 26-35 Lakhs, Office Furniture, Immediate, Private Investor, 14111998, Surat, Arvind Mills, 975, 3 Months](265)" classname="tests.AddFurnitureLeadTest" time="0.0">
    <skipped message="Cannot invoke &quot;com.microsoft.playwright.Page.locator(String)&quot; because &quot;this.page&quot; is null"/>
  </testcase>
  <testcase name="addLeadForAdditionalFurnitureLeadTest[Lofy Interior Solutions, Mina, Parikh, +246, Digital, LinkedIn, Dining, Bench, Payment flexibility needed #356, CP, Tushar Bhai, Warm, 26-35 Lakhs, Office Furniture, In 3 Months, Bank Loan, 21021973, Junagadh, Torrent Power, 807, 6 Months](266)" classname="tests.AddFurnitureLeadTest" time="0.0">
    <skipped message="Cannot invoke &quot;com.microsoft.playwright.Page.locator(String)&quot; because &quot;this.page&quot; is null"/>
  </testcase>
  <testcase name="addLeadForAdditionalFurnitureLeadTest[Stanley - SLN, Rohit, Soni, +7, Digital, LinkedIn, BedRoom, Bed, Requesting catalog #476, CP, Tushar Bhai, Warm, 26-35 Lakhs, Office Furniture, In 6 Months, Self-Finance, 11121995, Vadodara, Arvind Mills, 511, 12 Months](267)" classname="tests.AddFurnitureLeadTest" time="0.0">
    <skipped message="Cannot invoke &quot;com.microsoft.playwright.Page.locator(String)&quot; because &quot;this.page&quot; is null"/>
  </testcase>
  <testcase name="addLeadForAdditionalFurnitureLeadTest[Stanley - SBC, Rina, Thakkar, +62, Digital, LinkedIn, BedRoom, Side Table, Customer referred by friend #403, CP, Tushar Bhai, Warm, 26-35 Lakhs, Office Furniture, In 1 Year +, Mortgage, 21061967, Jamnagar, Arvind Mills, 190, 9 Months](268)" classname="tests.AddFurnitureLeadTest" time="0.0">
    <skipped message="Cannot invoke &quot;com.microsoft.playwright.Page.locator(String)&quot; because &quot;this.page&quot; is null"/>
  </testcase>
  <testcase name="addLeadForAdditionalFurnitureLeadTest[Godrej, Rishi, Raval, +241, Digital, LinkedIn, BedRoom, Dressing, Wants kids&apos; room furniture #115, CP, Tushar Bhai, Warm, 26-35 Lakhs, Residential Project, Immediate, Business Loan, 04111998, Rajkot, Torrent Power, 333, 6 Months](269)" classname="tests.AddFurnitureLeadTest" time="0.0">
    <skipped message="Cannot invoke &quot;com.microsoft.playwright.Page.locator(String)&quot; because &quot;this.page&quot; is null"/>
  </testcase>
  <testcase name="addLeadForAdditionalFurnitureLeadTest[Lofy Home Store, Hetal, Thakkar, +230, Digital, LinkedIn, BedRoom, Mattress, Prefers compact designs #302, CP, Tushar Bhai, Warm, 26-35 Lakhs, Residential Project, In 3 Months, Bank Loan, 12071995, Surat, Adani Group, 39, 6 Months](270)" classname="tests.AddFurnitureLeadTest" time="0.0">
    <skipped message="Cannot invoke &quot;com.microsoft.playwright.Page.locator(String)&quot; because &quot;this.page&quot; is null"/>
  </testcase>
  <testcase name="addLeadForAdditionalFurnitureLeadTest[Haworth, Aarav, Doshi, +20, Digital, LinkedIn, Study, Study Table, Looking for leather finish #90, CP, Tushar Bhai, Warm, 26-35 Lakhs, Residential Project, In 6 Months, Private Investor, 30101967, Bhavnagar, Torrent Power, 300, 12 Months](271)" classname="tests.AddFurnitureLeadTest" time="0.0">
    <skipped message="Cannot invoke &quot;com.microsoft.playwright.Page.locator(String)&quot; because &quot;this.page&quot; is null"/>
  </testcase>
  <testcase name="addLeadForAdditionalFurnitureLeadTest[Lofy Interior Solutions, Jigar, Dave, +60, Digital, LinkedIn, Study, Chairs, Interested in outdoor furniture #158, CP, Tushar Bhai, Warm, 26-35 Lakhs, Residential Project, In 1 Year +, Bank Loan, 01111999, Rajkot, Tata Consultancy, 201, 9 Months](272)" classname="tests.AddFurnitureLeadTest" time="0.0">
    <skipped message="Cannot invoke &quot;com.microsoft.playwright.Page.locator(String)&quot; because &quot;this.page&quot; is null"/>
  </testcase>
  <testcase name="addLeadForAdditionalFurnitureLeadTest[Stanley - SLN, Viren, Soni, +63, Digital, LinkedIn, Study, Library Unit, Interested in sofa sets #353, CP, Tushar Bhai, Warm, 26-35 Lakhs, Hospitality, Immediate, Self-Finance, 11111994, Junagadh, Torrent Power, 999, 18 Months](273)" classname="tests.AddFurnitureLeadTest" time="0.0">
    <skipped message="Cannot invoke &quot;com.microsoft.playwright.Page.locator(String)&quot; because &quot;this.page&quot; is null"/>
  </testcase>
  <testcase name="addLeadForAdditionalFurnitureLeadTest[Stanley - SBC, Hetal, Joshi, +244, Digital, LinkedIn, Kitchen, Modular, Requesting bulk order discount #66, CP, Tushar Bhai, Warm, 26-35 Lakhs, Hospitality, In 3 Months, Self-Finance, 21071983, Surat, Amul, 410, 6 Months](274)" classname="tests.AddFurnitureLeadTest" time="0.0">
    <skipped message="Cannot invoke &quot;com.microsoft.playwright.Page.locator(String)&quot; because &quot;this.page&quot; is null"/>
  </testcase>
  <testcase name="addLeadForAdditionalFurnitureLeadTest[Godrej, Nirav, Patel, +240, Digital, LinkedIn, Kitchen, Semi-Modular, Need delivery within a week #374, CP, Tushar Bhai, Warm, 26-35 Lakhs, Hospitality, In 6 Months, Mortgage, 28021980, Junagadh, Arvind Mills, 815, 3 Months](275)" classname="tests.AddFurnitureLeadTest" time="0.0">
    <skipped message="Cannot invoke &quot;com.microsoft.playwright.Page.locator(String)&quot; because &quot;this.page&quot; is null"/>
  </testcase>
  <testcase name="addLeadForAdditionalFurnitureLeadTest[Lofy Home Store, Karan, Bhatt, +240, Digital, LinkedIn, Kitchen, Countertop, Interested in modern furniture #486, CP, Tushar Bhai, Warm, 26-35 Lakhs, Hospitality, In 1 Year +, Private Investor, 03052001, Rajkot, Amul, 374, 18 Months](276)" classname="tests.AddFurnitureLeadTest" time="0.0">
    <skipped message="Cannot invoke &quot;com.microsoft.playwright.Page.locator(String)&quot; because &quot;this.page&quot; is null"/>
  </testcase>
  <testcase name="addLeadForAdditionalFurnitureLeadTest[Haworth, Rishi, Choksi, +260, Digital, LinkedIn, Kitchen, Appliances, Looking for space-saving solutions #486, CP, Tushar Bhai, Warm, 26-35 Lakhs, Retail, Immediate, Self-Finance, 30121979, Gandhinagar, Amul, 376, 3 Months](277)" classname="tests.AddFurnitureLeadTest" time="0.0">
    <skipped message="Cannot invoke &quot;com.microsoft.playwright.Page.locator(String)&quot; because &quot;this.page&quot; is null"/>
  </testcase>
  <testcase name="addLeadForAdditionalFurnitureLeadTest[Lofy Interior Solutions, Nirav, Soni, +90, Digital, LinkedIn, Wardrobes, Sliding, Looking for EMI options #201, CP, Tushar Bhai, Warm, 26-35 Lakhs, Retail, In 3 Months, Bank Loan, 29061971, Vadodara, Arvind Mills, 828, 12 Months](278)" classname="tests.AddFurnitureLeadTest" time="0.0">
    <skipped message="Cannot invoke &quot;com.microsoft.playwright.Page.locator(String)&quot; because &quot;this.page&quot; is null"/>
  </testcase>
  <testcase name="addLeadForAdditionalFurnitureLeadTest[Stanley - SLN, Rishi, Trivedi, +45, Digital, LinkedIn, Wardrobes, Hinged, Checking stock availability #395, CP, Tushar Bhai, Warm, 26-35 Lakhs, Retail, In 6 Months, Self-Finance, 15031986, Bhavnagar, Torrent Power, 239, 24 Months](279)" classname="tests.AddFurnitureLeadTest" time="0.0">
    <skipped message="Cannot invoke &quot;com.microsoft.playwright.Page.locator(String)&quot; because &quot;this.page&quot; is null"/>
  </testcase>
  <testcase name="addLeadForAdditionalFurnitureLeadTest[Stanley - SBC, Bhavna, Kapoor, +45, Digital, LinkedIn, Wardrobes, Walk-in, Looking for EMI options #17, CP, Tushar Bhai, Warm, 26-35 Lakhs, Retail, In 1 Year +, Mortgage, 04101996, Ahmedabad, Tata Consultancy, 69, 18 Months](280)" classname="tests.AddFurnitureLeadTest" time="0.0">
    <skipped message="Cannot invoke &quot;com.microsoft.playwright.Page.locator(String)&quot; because &quot;this.page&quot; is null"/>
  </testcase>
  <testcase name="addLeadForAdditionalFurnitureLeadTest[Godrej, Rohit, Mehta, +58, Digital, LinkedIn, Office, WorkStations, Need delivery within a week #309, CP, Tushar Bhai, Warm, 26-35 Lakhs, Commercial, Immediate, Private Investor, 23041985, Gandhinagar, Torrent Power, 201, 9 Months](281)" classname="tests.AddFurnitureLeadTest" time="0.0">
    <skipped message="Cannot invoke &quot;com.microsoft.playwright.Page.locator(String)&quot; because &quot;this.page&quot; is null"/>
  </testcase>
  <testcase name="addLeadForAdditionalFurnitureLeadTest[Lofy Home Store, Rohit, Trivedi, +245, Digital, LinkedIn, Office, Conference Table, Looking for office furniture #472, CP, Tushar Bhai, Warm, 26-35 Lakhs, Commercial, In 3 Months, Private Investor, 24071971, Jamnagar, Tata Consultancy, 477, 6 Months](282)" classname="tests.AddFurnitureLeadTest" time="0.0">
    <skipped message="Cannot invoke &quot;com.microsoft.playwright.Page.locator(String)&quot; because &quot;this.page&quot; is null"/>
  </testcase>
  <testcase name="addLeadForAdditionalFurnitureLeadTest[Haworth, Jigar, Dave, +55, Digital, LinkedIn, Office, Cabin Setup, Asking for fabric color options #496, CP, Tushar Bhai, Warm, 26-35 Lakhs, Commercial, In 6 Months, Bank Loan, 01031974, Junagadh, Amul, 114, 24 Months](283)" classname="tests.AddFurnitureLeadTest" time="0.0">
    <skipped message="Cannot invoke &quot;com.microsoft.playwright.Page.locator(String)&quot; because &quot;this.page&quot; is null"/>
  </testcase>
  <testcase name="addLeadForAdditionalFurnitureLeadTest[Lofy Interior Solutions, Rohit, Kapoor, +211, Digital, LinkedIn, Outdoor, Patio, Customer referred by friend #114, CP, Tushar Bhai, Warm, 26-35 Lakhs, Commercial, In 1 Year +, Self-Finance, 28021978, Ahmedabad, Tata Consultancy, 288, 6 Months](284)" classname="tests.AddFurnitureLeadTest" time="0.0">
    <skipped message="Cannot invoke &quot;com.microsoft.playwright.Page.locator(String)&quot; because &quot;this.page&quot; is null"/>
  </testcase>
  <testcase name="addLeadForAdditionalFurnitureLeadTest[Stanley - SLN, Karan, Trivedi, +7, Digital, LinkedIn, Outdoor, Swing, Visited showroom last week #290, CP, Tushar Bhai, Warm, 26-35 Lakhs, Custom Manufacturing, Immediate, Bank Loan, 20101979, Vadodara, Reliance, 555, 9 Months](285)" classname="tests.AddFurnitureLeadTest" time="0.0">
    <skipped message="Cannot invoke &quot;com.microsoft.playwright.Page.locator(String)&quot; because &quot;this.page&quot; is null"/>
  </testcase>
  <testcase name="addLeadForAdditionalFurnitureLeadTest[Stanley - SBC, Aarav, Thakkar, +31, Digital, LinkedIn, Outdoor, Garden Seating, Wants luxury and premium finish #480, CP, Tushar Bhai, Warm, 26-35 Lakhs, Custom Manufacturing, In 3 Months, Private Investor, 27011988, Ahmedabad, Zydus Cadila, 334, 6 Months](286)" classname="tests.AddFurnitureLeadTest" time="0.0">
    <skipped message="Cannot invoke &quot;com.microsoft.playwright.Page.locator(String)&quot; because &quot;this.page&quot; is null"/>
  </testcase>
  <testcase name="addLeadForAdditionalFurnitureLeadTest[Godrej, Rishi, Desai, +84, Digital, LinkedIn, Turkey Solution, Full Home Package(Design + Execution + Furniture), Enquiring about warranty period #73, CP, Tushar Bhai, Warm, 26-35 Lakhs, Custom Manufacturing, In 6 Months, Self-Finance, 08071994, Surat, Tata Consultancy, 197, 3 Months](287)" classname="tests.AddFurnitureLeadTest" time="0.0">
    <skipped message="Cannot invoke &quot;com.microsoft.playwright.Page.locator(String)&quot; because &quot;this.page&quot; is null"/>
  </testcase>
  <testcase name="addLeadForAdditionalFurnitureLeadTest[Lofy Home Store, Sonal, Kapoor, +232, Digital, LinkedIn, Project Management Consultancy, Project Advisory, Looking for office furniture #382, CP, Tushar Bhai, Warm, 26-35 Lakhs, Custom Manufacturing, In 1 Year +, Business Loan, 16051989, Vadodara, Amul, 439, 6 Months](288)" classname="tests.AddFurnitureLeadTest" time="0.0">
    <skipped message="Cannot invoke &quot;com.microsoft.playwright.Page.locator(String)&quot; because &quot;this.page&quot; is null"/>
  </testcase>
  <testcase name="addLeadForAdditionalFurnitureLeadTest[Haworth, Neha, Doshi, +7, Digital, LinkedIn, Project Management Consultancy, Costing, Prefers wooden furniture #122, CP, Tushar Bhai, Warm, 36-50 Lakhs, Office Furniture, Immediate, Private Investor, 23041999, Jamnagar, Zydus Cadila, 819, 3 Months](289)" classname="tests.AddFurnitureLeadTest" time="0.0">
    <skipped message="Cannot invoke &quot;com.microsoft.playwright.Page.locator(String)&quot; because &quot;this.page&quot; is null"/>
  </testcase>
  <testcase name="addLeadForAdditionalFurnitureLeadTest[Lofy Interior Solutions, Rishi, Raval, +231, Digital, LinkedIn, Project Management Consultancy, Vendor Management, Wants kids&apos; room furniture #164, CP, Tushar Bhai, Warm, 36-50 Lakhs, Office Furniture, In 3 Months, Bank Loan, 25111971, Gandhinagar, Torrent Power, 126, 12 Months](290)" classname="tests.AddFurnitureLeadTest" time="0.0">
    <skipped message="Cannot invoke &quot;com.microsoft.playwright.Page.locator(String)&quot; because &quot;this.page&quot; is null"/>
  </testcase>
  <testcase name="addLeadForAdditionalFurnitureLeadTest[Stanley - SLN, Viren, Parikh, +54, Digital, LinkedIn, Execution, Carpentry, Need delivery within a week #326, CP, Tushar Bhai, Warm, 36-50 Lakhs, Office Furniture, In 6 Months, Self-Finance, 18021968, Rajkot, Zydus Cadila, 116, 18 Months](291)" classname="tests.AddFurnitureLeadTest" time="0.0">
    <skipped message="Cannot invoke &quot;com.microsoft.playwright.Page.locator(String)&quot; because &quot;this.page&quot; is null"/>
  </testcase>
  <testcase name="addLeadForAdditionalFurnitureLeadTest[Stanley - SBC, Hetal, Vyas, +231, Digital, LinkedIn, Execution, Civil, Requesting catalog #494, CP, Tushar Bhai, Warm, 36-50 Lakhs, Office Furniture, In 1 Year +, Bank Loan, 14032002, Vadodara, Amul, 950, 24 Months](292)" classname="tests.AddFurnitureLeadTest" time="0.0">
    <skipped message="Cannot invoke &quot;com.microsoft.playwright.Page.locator(String)&quot; because &quot;this.page&quot; is null"/>
  </testcase>
  <testcase name="addLeadForAdditionalFurnitureLeadTest[Godrej, Viren, Trivedi, +34, Digital, LinkedIn, Execution, Electrical, Prefers wooden furniture #421, CP, Tushar Bhai, Warm, 36-50 Lakhs, Residential Project, Immediate, Business Loan, 25071991, Gandhinagar, Amul, 589, 18 Months](293)" classname="tests.AddFurnitureLeadTest" time="0.0">
    <skipped message="Cannot invoke &quot;com.microsoft.playwright.Page.locator(String)&quot; because &quot;this.page&quot; is null"/>
  </testcase>
  <testcase name="addLeadForAdditionalFurnitureLeadTest[Lofy Home Store, Anjali, Soni, +36, Digital, LinkedIn, Execution, Finishing only, Looking for space-saving solutions #344, CP, Tushar Bhai, Warm, 36-50 Lakhs, Residential Project, In 3 Months, Mortgage, 04021965, Surat, Adani Group, 539, 6 Months](294)" classname="tests.AddFurnitureLeadTest" time="0.0">
    <skipped message="Cannot invoke &quot;com.microsoft.playwright.Page.locator(String)&quot; because &quot;this.page&quot; is null"/>
  </testcase>
  <testcase name="addLeadForAdditionalFurnitureLeadTest[Haworth, Jigar, Mehta, +49, Digital, LinkedIn, Design only, 2D/3D Layouts, Visited showroom last week #374, CP, Tushar Bhai, Warm, 36-50 Lakhs, Residential Project, In 6 Months, Bank Loan, 14121975, Surat, Reliance, 440, 3 Months](295)" classname="tests.AddFurnitureLeadTest" time="0.0">
    <skipped message="Cannot invoke &quot;com.microsoft.playwright.Page.locator(String)&quot; because &quot;this.page&quot; is null"/>
  </testcase>
  <testcase name="addLeadForAdditionalFurnitureLeadTest[Lofy Interior Solutions, Hetal, Chaudhary, +63, Digital, LinkedIn, Design only, Material Selection, Requesting catalog #172, CP, Tushar Bhai, Warm, 36-50 Lakhs, Residential Project, In 1 Year +, Self-Finance, 08071975, Ahmedabad, Amul, 261, 18 Months](296)" classname="tests.AddFurnitureLeadTest" time="0.0">
    <skipped message="Cannot invoke &quot;com.microsoft.playwright.Page.locator(String)&quot; because &quot;this.page&quot; is null"/>
  </testcase>
  <testcase name="addLeadForAdditionalFurnitureLeadTest[Stanley - SLN, Krishna, Shukla, +222, Digital, SMS, Living, Sofa, Prefers eco-friendly material #6, CP, Tushar Bhai, Warm, 36-50 Lakhs, Hospitality, Immediate, Private Investor, 05071982, Jamnagar, Adani Group, 918, 6 Months](297)" classname="tests.AddFurnitureLeadTest" time="0.0">
    <skipped message="Cannot invoke &quot;com.microsoft.playwright.Page.locator(String)&quot; because &quot;this.page&quot; is null"/>
  </testcase>
  <testcase name="addLeadForAdditionalFurnitureLeadTest[Stanley - SBC, Hetal, Soni, +236, Digital, SMS, Living, Recliner, First-time buyer #108, CP, Tushar Bhai, Warm, 36-50 Lakhs, Hospitality, In 3 Months, Self-Finance, 24071999, Bhavnagar, Amul, 917, 3 Months](298)" classname="tests.AddFurnitureLeadTest" time="0.0">
    <skipped message="Cannot invoke &quot;com.microsoft.playwright.Page.locator(String)&quot; because &quot;this.page&quot; is null"/>
  </testcase>
  <testcase name="addLeadForAdditionalFurnitureLeadTest[Godrej, Karan, Gandhi, +225, Digital, SMS, Living, Coffee Table, Repeat customer inquiry #355, CP, Tushar Bhai, Warm, 36-50 Lakhs, Hospitality, In 6 Months, Bank Loan, 13071966, Junagadh, Reliance, 243, 9 Months](299)" classname="tests.AddFurnitureLeadTest" time="0.0">
    <skipped message="Cannot invoke &quot;com.microsoft.playwright.Page.locator(String)&quot; because &quot;this.page&quot; is null"/>
  </testcase>
  <testcase name="addLeadForAdditionalFurnitureLeadTest[Lofy Home Store, Pooja, Thakkar, +245, Digital, SMS, Living, TV Unit, Prefers wooden furniture #180, CP, Tushar Bhai, Warm, 36-50 Lakhs, Hospitality, In 1 Year +, Bank Loan, 07111982, Rajkot, Adani Group, 955, 12 Months](300)" classname="tests.AddFurnitureLeadTest" time="0.0">
    <skipped message="Cannot invoke &quot;com.microsoft.playwright.Page.locator(String)&quot; because &quot;this.page&quot; is null"/>
  </testcase>
  <testcase name="addLeadForAdditionalFurnitureLeadTest[Haworth, Hetal, Soni, +242, Digital, SMS, Dining, Dining Table, First-time buyer #403, CP, Tushar Bhai, Warm, 36-50 Lakhs, Retail, Immediate, Business Loan, 14071975, Ahmedabad, Adani Group, 916, 24 Months](301)" classname="tests.AddFurnitureLeadTest" time="0.0">
    <skipped message="Cannot invoke &quot;com.microsoft.playwright.Page.locator(String)&quot; because &quot;this.page&quot; is null"/>
  </testcase>
  <testcase name="addLeadForAdditionalFurnitureLeadTest[Lofy Interior Solutions, Krishna, Dave, +41, Digital, SMS, Dining, Chairs, Wants luxury and premium finish #369, CP, Tushar Bhai, Warm, 36-50 Lakhs, Retail, In 3 Months, Self-Finance, 20041997, Vadodara, Tata Consultancy, 686, 3 Months](302)" classname="tests.AddFurnitureLeadTest" time="0.0">
    <skipped message="Cannot invoke &quot;com.microsoft.playwright.Page.locator(String)&quot; because &quot;this.page&quot; is null"/>
  </testcase>
  <testcase name="addLeadForAdditionalFurnitureLeadTest[Stanley - SLN, Aarav, Chaudhary, +58, Digital, SMS, Dining, Bench, Interested in modern furniture #25, CP, Tushar Bhai, Warm, 36-50 Lakhs, Retail, In 6 Months, Mortgage, 22011975, Junagadh, Arvind Mills, 734, 9 Months](303)" classname="tests.AddFurnitureLeadTest" time="0.0">
    <skipped message="Cannot invoke &quot;com.microsoft.playwright.Page.locator(String)&quot; because &quot;this.page&quot; is null"/>
  </testcase>
  <testcase name="addLeadForAdditionalFurnitureLeadTest[Stanley - SBC, Neha, Trivedi, +39, Digital, SMS, BedRoom, Bed, Interested in outdoor furniture #225, CP, Tushar Bhai, Warm, 36-50 Lakhs, Retail, In 1 Year +, Self-Finance, 04092000, Gandhinagar, Reliance, 505, 3 Months](304)" classname="tests.AddFurnitureLeadTest" time="0.0">
    <skipped message="Cannot invoke &quot;com.microsoft.playwright.Page.locator(String)&quot; because &quot;this.page&quot; is null"/>
  </testcase>
  <testcase name="addLeadForAdditionalFurnitureLeadTest[Godrej, Pooja, Soni, +53, Digital, SMS, BedRoom, Side Table, Interested in sofa sets #215, CP, Tushar Bhai, Warm, 36-50 Lakhs, Commercial, Immediate, Bank Loan, 25101989, Ahmedabad, Torrent Power, 940, 12 Months](305)" classname="tests.AddFurnitureLeadTest" time="0.0">
    <skipped message="Cannot invoke &quot;com.microsoft.playwright.Page.locator(String)&quot; because &quot;this.page&quot; is null"/>
  </testcase>
  <testcase name="addLeadForAdditionalFurnitureLeadTest[Lofy Home Store, Rina, Thakkar, +1, Digital, SMS, BedRoom, Dressing, Need delivery within a week #453, CP, Tushar Bhai, Warm, 36-50 Lakhs, Commercial, In 3 Months, Business Loan, 23081973, Bhavnagar, Reliance, 916, 12 Months](306)" classname="tests.AddFurnitureLeadTest" time="0.0">
    <skipped message="Cannot invoke &quot;com.microsoft.playwright.Page.locator(String)&quot; because &quot;this.page&quot; is null"/>
  </testcase>
  <testcase name="addLeadForAdditionalFurnitureLeadTest[Haworth, Priya, Patel, +258, Digital, SMS, BedRoom, Mattress, Checking modular kitchen options #253, CP, Tushar Bhai, Warm, 36-50 Lakhs, Commercial, In 6 Months, Private Investor, 20041999, Rajkot, Reliance, 455, 24 Months](307)" classname="tests.AddFurnitureLeadTest" time="0.0">
    <skipped message="Cannot invoke &quot;com.microsoft.playwright.Page.locator(String)&quot; because &quot;this.page&quot; is null"/>
  </testcase>
  <testcase name="addLeadForAdditionalFurnitureLeadTest[Lofy Interior Solutions, Rina, Kapoor, +30, Digital, SMS, Study, Study Table, Requesting catalog #194, CP, Tushar Bhai, Warm, 36-50 Lakhs, Commercial, In 1 Year +, Mortgage, 11011994, Ahmedabad, Arvind Mills, 970, 18 Months](308)" classname="tests.AddFurnitureLeadTest" time="0.0">
    <skipped message="Cannot invoke &quot;com.microsoft.playwright.Page.locator(String)&quot; because &quot;this.page&quot; is null"/>
  </testcase>
  <testcase name="addLeadForAdditionalFurnitureLeadTest[Stanley - SLN, Karan, Soni, +261, Digital, SMS, Study, Chairs, Wants kids&apos; room furniture #280, CP, Tushar Bhai, Warm, 36-50 Lakhs, Custom Manufacturing, Immediate, Private Investor, 11011989, Bhavnagar, Adani Group, 223, 18 Months](309)" classname="tests.AddFurnitureLeadTest" time="0.0">
    <skipped message="Cannot invoke &quot;com.microsoft.playwright.Page.locator(String)&quot; because &quot;this.page&quot; is null"/>
  </testcase>
  <testcase name="addLeadForAdditionalFurnitureLeadTest[Stanley - SBC, Viren, Mehta, +228, Digital, SMS, Study, Library Unit, Interested in outdoor furniture #52, CP, Tushar Bhai, Warm, 36-50 Lakhs, Custom Manufacturing, In 3 Months, Private Investor, 02011997, Ahmedabad, Adani Group, 896, 9 Months](310)" classname="tests.AddFurnitureLeadTest" time="0.0">
    <skipped message="Cannot invoke &quot;com.microsoft.playwright.Page.locator(String)&quot; because &quot;this.page&quot; is null"/>
  </testcase>
  <testcase name="addLeadForAdditionalFurnitureLeadTest[Godrej, Priya, Chaudhary, +61, Digital, SMS, Kitchen, Modular, Looking for leather finish #246, CP, Tushar Bhai, Warm, 36-50 Lakhs, Custom Manufacturing, In 6 Months, Private Investor, 17052001, Gandhinagar, Zydus Cadila, 605, 3 Months](311)" classname="tests.AddFurnitureLeadTest" time="0.0">
    <skipped message="Cannot invoke &quot;com.microsoft.playwright.Page.locator(String)&quot; because &quot;this.page&quot; is null"/>
  </testcase>
  <testcase name="addLeadForAdditionalFurnitureLeadTest[Lofy Home Store, Priya, Raval, +250, Digital, SMS, Kitchen, Semi-Modular, Asking for fabric color options #443, CP, Tushar Bhai, Warm, 36-50 Lakhs, Custom Manufacturing, In 1 Year +, Mortgage, 26081996, Surat, Tata Consultancy, 496, 9 Months](312)" classname="tests.AddFurnitureLeadTest" time="0.0">
    <skipped message="Cannot invoke &quot;com.microsoft.playwright.Page.locator(String)&quot; because &quot;this.page&quot; is null"/>
  </testcase>
  <testcase name="addLeadForAdditionalFurnitureLeadTest[Haworth, Rishi, Trivedi, +44, Digital, SMS, Kitchen, Countertop, Looking for EMI options #334, CP, Tushar Bhai, Warm, 51-70 Lakhs, Office Furniture, Immediate, Bank Loan, 01032000, Jamnagar, Adani Group, 82, 12 Months](313)" classname="tests.AddFurnitureLeadTest" time="0.0">
    <skipped message="Cannot invoke &quot;com.microsoft.playwright.Page.locator(String)&quot; because &quot;this.page&quot; is null"/>
  </testcase>
  <testcase name="addLeadForAdditionalFurnitureLeadTest[Lofy Interior Solutions, Rishi, Trivedi, +49, Digital, SMS, Kitchen, Appliances, Wants matching dining set #352, CP, Tushar Bhai, Warm, 51-70 Lakhs, Office Furniture, In 3 Months, Mortgage, 04041997, Vadodara, Amul, 382, 18 Months](314)" classname="tests.AddFurnitureLeadTest" time="0.0">
    <skipped message="Cannot invoke &quot;com.microsoft.playwright.Page.locator(String)&quot; because &quot;this.page&quot; is null"/>
  </testcase>
  <testcase name="addLeadForAdditionalFurnitureLeadTest[Stanley - SLN, Rina, Mehta, +48, Digital, SMS, Wardrobes, Sliding, Repeat customer inquiry #84, CP, Tushar Bhai, Warm, 51-70 Lakhs, Office Furniture, In 6 Months, Bank Loan, 29071973, Bhavnagar, Zydus Cadila, 611, 6 Months](315)" classname="tests.AddFurnitureLeadTest" time="0.0">
    <skipped message="Cannot invoke &quot;com.microsoft.playwright.Page.locator(String)&quot; because &quot;this.page&quot; is null"/>
  </testcase>
  <testcase name="addLeadForAdditionalFurnitureLeadTest[Stanley - SBC, Rina, Mehta, +52, Digital, SMS, Wardrobes, Hinged, Prefers eco-friendly material #38, CP, Tushar Bhai, Warm, 51-70 Lakhs, Office Furniture, In 1 Year +, Bank Loan, 24101977, Vadodara, Zydus Cadila, 44, 6 Months](316)" classname="tests.AddFurnitureLeadTest" time="0.0">
    <skipped message="Cannot invoke &quot;com.microsoft.playwright.Page.locator(String)&quot; because &quot;this.page&quot; is null"/>
  </testcase>
  <testcase name="addLeadForAdditionalFurnitureLeadTest[Godrej, Rina, Desai, +242, Digital, SMS, Wardrobes, Walk-in, Asking for fabric color options #434, CP, Tushar Bhai, Warm, 51-70 Lakhs, Residential Project, Immediate, Private Investor, 13102001, Rajkot, Tata Consultancy, 839, 24 Months](317)" classname="tests.AddFurnitureLeadTest" time="0.0">
    <skipped message="Cannot invoke &quot;com.microsoft.playwright.Page.locator(String)&quot; because &quot;this.page&quot; is null"/>
  </testcase>
  <testcase name="addLeadForAdditionalFurnitureLeadTest[Lofy Home Store, Mina, Parikh, +45, Digital, SMS, Office, WorkStations, Looking for budget-friendly options #151, CP, Tushar Bhai, Warm, 51-70 Lakhs, Residential Project, In 3 Months, Mortgage, 06102002, Rajkot, Reliance, 931, 18 Months](318)" classname="tests.AddFurnitureLeadTest" time="0.0">
    <skipped message="Cannot invoke &quot;com.microsoft.playwright.Page.locator(String)&quot; because &quot;this.page&quot; is null"/>
  </testcase>
  <testcase name="addLeadForAdditionalFurnitureLeadTest[Haworth, Jigar, Chaudhary, +86, Digital, SMS, Office, Conference Table, Interested in modern furniture #164, CP, Tushar Bhai, Warm, 51-70 Lakhs, Residential Project, In 6 Months, Business Loan, 07041981, Bhavnagar, Arvind Mills, 159, 18 Months](319)" classname="tests.AddFurnitureLeadTest" time="0.0">
    <skipped message="Cannot invoke &quot;com.microsoft.playwright.Page.locator(String)&quot; because &quot;this.page&quot; is null"/>
  </testcase>
  <testcase name="addLeadForAdditionalFurnitureLeadTest[Lofy Interior Solutions, Nirav, Bhatt, +234, Digital, SMS, Office, Cabin Setup, First-time buyer #488, CP, Tushar Bhai, Warm, 51-70 Lakhs, Residential Project, In 1 Year +, Private Investor, 01021976, Vadodara, Amul, 36, 24 Months](320)" classname="tests.AddFurnitureLeadTest" time="0.0">
    <skipped message="Cannot invoke &quot;com.microsoft.playwright.Page.locator(String)&quot; because &quot;this.page&quot; is null"/>
  </testcase>
  <testcase name="addLeadForAdditionalFurnitureLeadTest[Stanley - SLN, Pooja, Desai, +39, Digital, SMS, Outdoor, Patio, Wants luxury and premium finish #38, CP, Tushar Bhai, Warm, 51-70 Lakhs, Hospitality, Immediate, Bank Loan, 20042001, Rajkot, Arvind Mills, 203, 24 Months](321)" classname="tests.AddFurnitureLeadTest" time="0.0">
    <skipped message="Cannot invoke &quot;com.microsoft.playwright.Page.locator(String)&quot; because &quot;this.page&quot; is null"/>
  </testcase>
  <testcase name="addLeadForAdditionalFurnitureLeadTest[Stanley - SBC, Rina, Raval, +224, Digital, SMS, Outdoor, Swing, Looking for office furniture #88, CP, Tushar Bhai, Warm, 51-70 Lakhs, Hospitality, In 3 Months, Private Investor, 02061966, Surat, Amul, 928, 24 Months](322)" classname="tests.AddFurnitureLeadTest" time="0.0">
    <skipped message="Cannot invoke &quot;com.microsoft.playwright.Page.locator(String)&quot; because &quot;this.page&quot; is null"/>
  </testcase>
  <testcase name="addLeadForAdditionalFurnitureLeadTest[Godrej, Neha, Choksi, +64, Digital, SMS, Outdoor, Garden Seating, Requesting catalog #193, CP, Tushar Bhai, Warm, 51-70 Lakhs, Hospitality, In 6 Months, Mortgage, 22041968, Rajkot, Torrent Power, 64, 24 Months](323)" classname="tests.AddFurnitureLeadTest" time="0.0">
    <skipped message="Cannot invoke &quot;com.microsoft.playwright.Page.locator(String)&quot; because &quot;this.page&quot; is null"/>
  </testcase>
  <testcase name="addLeadForAdditionalFurnitureLeadTest[Lofy Home Store, Jigar, Raval, +61, Digital, SMS, Turkey Solution, Full Home Package(Design + Execution + Furniture), Need delivery within a week #375, CP, Tushar Bhai, Warm, 51-70 Lakhs, Hospitality, In 1 Year +, Bank Loan, 08071989, Gandhinagar, Torrent Power, 470, 24 Months](324)" classname="tests.AddFurnitureLeadTest" time="0.0">
    <skipped message="Cannot invoke &quot;com.microsoft.playwright.Page.locator(String)&quot; because &quot;this.page&quot; is null"/>
  </testcase>
  <testcase name="addLeadForAdditionalFurnitureLeadTest[Haworth, Priya, Trivedi, +256, Digital, SMS, Project Management Consultancy, Project Advisory, Prefers wooden furniture #281, CP, Tushar Bhai, Warm, 51-70 Lakhs, Retail, Immediate, Mortgage, 06061990, Jamnagar, Arvind Mills, 439, 24 Months](325)" classname="tests.AddFurnitureLeadTest" time="0.0">
    <skipped message="Cannot invoke &quot;com.microsoft.playwright.Page.locator(String)&quot; because &quot;this.page&quot; is null"/>
  </testcase>
  <testcase name="addLeadForAdditionalFurnitureLeadTest[Lofy Interior Solutions, Pooja, Vyas, +31, Digital, SMS, Project Management Consultancy, Costing, Requesting catalog #48, CP, Tushar Bhai, Warm, 51-70 Lakhs, Retail, In 3 Months, Mortgage, 19051968, Gandhinagar, Tata Consultancy, 639, 18 Months](326)" classname="tests.AddFurnitureLeadTest" time="0.0">
    <skipped message="Cannot invoke &quot;com.microsoft.playwright.Page.locator(String)&quot; because &quot;this.page&quot; is null"/>
  </testcase>
  <testcase name="addLeadForAdditionalFurnitureLeadTest[Stanley - SLN, Nirav, Chaudhary, +236, Digital, SMS, Project Management Consultancy, Vendor Management, Looking for office furniture #305, CP, Tushar Bhai, Warm, 51-70 Lakhs, Retail, In 6 Months, Mortgage, 26091971, Bhavnagar, Adani Group, 929, 6 Months](327)" classname="tests.AddFurnitureLeadTest" time="0.0">
    <skipped message="Cannot invoke &quot;com.microsoft.playwright.Page.locator(String)&quot; because &quot;this.page&quot; is null"/>
  </testcase>
  <testcase name="addLeadForAdditionalFurnitureLeadTest[Stanley - SBC, Jigar, Shah, +81, Digital, SMS, Execution, Carpentry, Customer referred by friend #458, CP, Tushar Bhai, Warm, 51-70 Lakhs, Retail, In 1 Year +, Business Loan, 12011965, Vadodara, Zydus Cadila, 433, 9 Months](328)" classname="tests.AddFurnitureLeadTest" time="0.0">
    <skipped message="Cannot invoke &quot;com.microsoft.playwright.Page.locator(String)&quot; because &quot;this.page&quot; is null"/>
  </testcase>
  <testcase name="addLeadForAdditionalFurnitureLeadTest[Godrej, Kavya, Shukla, +224, Digital, SMS, Execution, Civil, Enquiring about warranty period #361, CP, Tushar Bhai, Warm, 51-70 Lakhs, Commercial, Immediate, Private Investor, 12101993, Vadodara, Amul, 865, 12 Months](329)" classname="tests.AddFurnitureLeadTest" time="0.0">
    <skipped message="Cannot invoke &quot;com.microsoft.playwright.Page.locator(String)&quot; because &quot;this.page&quot; is null"/>
  </testcase>
  <testcase name="addLeadForAdditionalFurnitureLeadTest[Lofy Home Store, Rina, Gandhi, +230, Digital, SMS, Execution, Electrical, Interested in modern furniture #221, CP, Tushar Bhai, Warm, 51-70 Lakhs, Commercial, In 3 Months, Mortgage, 22092000, Bhavnagar, Torrent Power, 87, 3 Months](330)" classname="tests.AddFurnitureLeadTest" time="0.0">
    <skipped message="Cannot invoke &quot;com.microsoft.playwright.Page.locator(String)&quot; because &quot;this.page&quot; is null"/>
  </testcase>
  <testcase name="addLeadForAdditionalFurnitureLeadTest[Haworth, Kavya, Modi, +93, Digital, SMS, Execution, Finishing only, Visited showroom last week #85, CP, Tushar Bhai, Warm, 51-70 Lakhs, Commercial, In 6 Months, Private Investor, 15061982, Gandhinagar, Adani Group, 139, 9 Months](331)" classname="tests.AddFurnitureLeadTest" time="0.0">
    <skipped message="Cannot invoke &quot;com.microsoft.playwright.Page.locator(String)&quot; because &quot;this.page&quot; is null"/>
  </testcase>
  <testcase name="addLeadForAdditionalFurnitureLeadTest[Lofy Interior Solutions, Karan, Choksi, +43, Digital, SMS, Design only, 2D/3D Layouts, Customer referred by friend #456, CP, Tushar Bhai, Warm, 51-70 Lakhs, Commercial, In 1 Year +, Self-Finance, 09071995, Junagadh, Tata Consultancy, 578, 12 Months](332)" classname="tests.AddFurnitureLeadTest" time="0.0">
    <skipped message="Cannot invoke &quot;com.microsoft.playwright.Page.locator(String)&quot; because &quot;this.page&quot; is null"/>
  </testcase>
  <testcase name="addLeadForAdditionalFurnitureLeadTest[Stanley - SLN, Dhruv, Bhatt, +221, Digital, SMS, Design only, Material Selection, Checking modular kitchen options #81, CP, Tushar Bhai, Warm, 51-70 Lakhs, Custom Manufacturing, Immediate, Private Investor, 16011974, Vadodara, Adani Group, 993, 6 Months](333)" classname="tests.AddFurnitureLeadTest" time="0.0">
    <skipped message="Cannot invoke &quot;com.microsoft.playwright.Page.locator(String)&quot; because &quot;this.page&quot; is null"/>
  </testcase>
  <testcase name="addLeadForAdditionalFurnitureLeadTest[Stanley - SBC, Neha, Modi, +254, Digital, YouTube, Living, Sofa, Looking for budget-friendly options #52, CP, Tushar Bhai, Warm, 51-70 Lakhs, Custom Manufacturing, In 3 Months, Mortgage, 15021972, Rajkot, Torrent Power, 838, 3 Months](334)" classname="tests.AddFurnitureLeadTest" time="0.0">
    <skipped message="Cannot invoke &quot;com.microsoft.playwright.Page.locator(String)&quot; because &quot;this.page&quot; is null"/>
  </testcase>
  <testcase name="addLeadForAdditionalFurnitureLeadTest[Godrej, Krishna, Dave, +240, Digital, YouTube, Living, Recliner, Looking for office furniture #106, CP, Tushar Bhai, Warm, 51-70 Lakhs, Custom Manufacturing, In 6 Months, Private Investor, 30041966, Gandhinagar, Torrent Power, 154, 3 Months](335)" classname="tests.AddFurnitureLeadTest" time="0.0">
    <skipped message="Cannot invoke &quot;com.microsoft.playwright.Page.locator(String)&quot; because &quot;this.page&quot; is null"/>
  </testcase>
  <testcase name="addLeadForAdditionalFurnitureLeadTest[Lofy Home Store, Sonal, Desai, +40, Digital, YouTube, Living, Coffee Table, Asking for custom designs #210, CP, Tushar Bhai, Warm, 51-70 Lakhs, Custom Manufacturing, In 1 Year +, Self-Finance, 22061966, Junagadh, Torrent Power, 775, 6 Months](336)" classname="tests.AddFurnitureLeadTest" time="0.0">
    <skipped message="Cannot invoke &quot;com.microsoft.playwright.Page.locator(String)&quot; because &quot;this.page&quot; is null"/>
  </testcase>
  <testcase name="addLeadForAdditionalFurnitureLeadTest[Haworth, Jigar, Vyas, +92, Digital, YouTube, Living, TV Unit, Looking for space-saving solutions #284, CP, Tushar Bhai, Warm, 71+ Lakhs, Office Furniture, Immediate, Bank Loan, 15121970, Jamnagar, Amul, 998, 12 Months](337)" classname="tests.AddFurnitureLeadTest" time="0.0">
    <skipped message="Cannot invoke &quot;com.microsoft.playwright.Page.locator(String)&quot; because &quot;this.page&quot; is null"/>
  </testcase>
  <testcase name="addLeadForAdditionalFurnitureLeadTest[Lofy Interior Solutions, Rina, Vyas, +220, Digital, YouTube, Dining, Dining Table, Interested in sofa sets #474, CP, Tushar Bhai, Warm, 71+ Lakhs, Office Furniture, In 3 Months, Bank Loan, 09032000, Gandhinagar, Arvind Mills, 78, 9 Months](338)" classname="tests.AddFurnitureLeadTest" time="0.0">
    <skipped message="Cannot invoke &quot;com.microsoft.playwright.Page.locator(String)&quot; because &quot;this.page&quot; is null"/>
  </testcase>
  <testcase name="addLeadForAdditionalFurnitureLeadTest[Stanley - SLN, Viren, Dave, +239, Digital, YouTube, Dining, Chairs, Interested in sofa sets #277, CP, Tushar Bhai, Warm, 71+ Lakhs, Office Furniture, In 6 Months, Business Loan, 02011989, Surat, Tata Consultancy, 207, 18 Months](339)" classname="tests.AddFurnitureLeadTest" time="0.0">
    <skipped message="Cannot invoke &quot;com.microsoft.playwright.Page.locator(String)&quot; because &quot;this.page&quot; is null"/>
  </testcase>
  <testcase name="addLeadForAdditionalFurnitureLeadTest[Stanley - SBC, Bhavna, Shah, +32, Digital, YouTube, Dining, Bench, First-time buyer #339, CP, Tushar Bhai, Warm, 71+ Lakhs, Office Furniture, In 1 Year +, Mortgage, 10121997, Jamnagar, Arvind Mills, 213, 3 Months](340)" classname="tests.AddFurnitureLeadTest" time="0.0">
    <skipped message="Cannot invoke &quot;com.microsoft.playwright.Page.locator(String)&quot; because &quot;this.page&quot; is null"/>
  </testcase>
  <testcase name="addLeadForAdditionalFurnitureLeadTest[Godrej, Jigar, Choksi, +211, Digital, YouTube, BedRoom, Bed, Requesting bulk order discount #153, CP, Tushar Bhai, Warm, 71+ Lakhs, Residential Project, Immediate, Mortgage, 08071972, Junagadh, Tata Consultancy, 776, 12 Months](341)" classname="tests.AddFurnitureLeadTest" time="0.0">
    <skipped message="Cannot invoke &quot;com.microsoft.playwright.Page.locator(String)&quot; because &quot;this.page&quot; is null"/>
  </testcase>
  <testcase name="addLeadForAdditionalFurnitureLeadTest[Lofy Home Store, Jigar, Kapoor, +225, Digital, YouTube, BedRoom, Side Table, Repeat customer inquiry #50, CP, Tushar Bhai, Warm, 71+ Lakhs, Residential Project, In 3 Months, Private Investor, 05041999, Surat, Amul, 476, 12 Months](342)" classname="tests.AddFurnitureLeadTest" time="0.0">
    <skipped message="Cannot invoke &quot;com.microsoft.playwright.Page.locator(String)&quot; because &quot;this.page&quot; is null"/>
  </testcase>
  <testcase name="addLeadForAdditionalFurnitureLeadTest[Haworth, Sonal, Bhatt, +66, Digital, YouTube, BedRoom, Dressing, Looking for budget-friendly options #202, CP, Tushar Bhai, Warm, 71+ Lakhs, Residential Project, In 6 Months, Private Investor, 07071973, Ahmedabad, Amul, 886, 12 Months](343)" classname="tests.AddFurnitureLeadTest" time="0.0">
    <skipped message="Cannot invoke &quot;com.microsoft.playwright.Page.locator(String)&quot; because &quot;this.page&quot; is null"/>
  </testcase>
  <testcase name="addLeadForAdditionalFurnitureLeadTest[Lofy Interior Solutions, Karan, Bhatt, +82, Digital, YouTube, BedRoom, Mattress, Looking for EMI options #282, CP, Tushar Bhai, Warm, 71+ Lakhs, Residential Project, In 1 Year +, Business Loan, 09021969, Rajkot, Tata Consultancy, 928, 24 Months](344)" classname="tests.AddFurnitureLeadTest" time="0.0">
    <skipped message="Cannot invoke &quot;com.microsoft.playwright.Page.locator(String)&quot; because &quot;this.page&quot; is null"/>
  </testcase>
  <testcase name="addLeadForAdditionalFurnitureLeadTest[Stanley - SLN, Hetal, Shah, +260, Digital, YouTube, Study, Study Table, Looking for leather finish #252, CP, Tushar Bhai, Warm, 71+ Lakhs, Hospitality, Immediate, Mortgage, 01071966, Bhavnagar, Reliance, 206, 24 Months](345)" classname="tests.AddFurnitureLeadTest" time="0.0">
    <skipped message="Cannot invoke &quot;com.microsoft.playwright.Page.locator(String)&quot; because &quot;this.page&quot; is null"/>
  </testcase>
  <testcase name="addLeadForAdditionalFurnitureLeadTest[Stanley - SBC, Viren, Patel, +27, Digital, YouTube, Study, Chairs, Urgent requirement #28, CP, Tushar Bhai, Warm, 71+ Lakhs, Hospitality, In 3 Months, Mortgage, 18041990, Ahmedabad, Arvind Mills, 776, 18 Months](346)" classname="tests.AddFurnitureLeadTest" time="0.0">
    <skipped message="Cannot invoke &quot;com.microsoft.playwright.Page.locator(String)&quot; because &quot;this.page&quot; is null"/>
  </testcase>
  <testcase name="addLeadForAdditionalFurnitureLeadTest[Godrej, Anjali, Trivedi, +51, Digital, YouTube, Study, Library Unit, Wants kids&apos; room furniture #2, CP, Tushar Bhai, Warm, 71+ Lakhs, Hospitality, In 6 Months, Self-Finance, 20091978, Jamnagar, Torrent Power, 817, 12 Months](347)" classname="tests.AddFurnitureLeadTest" time="0.0">
    <skipped message="Cannot invoke &quot;com.microsoft.playwright.Page.locator(String)&quot; because &quot;this.page&quot; is null"/>
  </testcase>
  <testcase name="addLeadForAdditionalFurnitureLeadTest[Lofy Home Store, Rina, Mehta, +7, Digital, YouTube, Kitchen, Modular, Checking modular kitchen options #45, CP, Tushar Bhai, Warm, 71+ Lakhs, Hospitality, In 1 Year +, Private Investor, 22061975, Jamnagar, Arvind Mills, 103, 6 Months](348)" classname="tests.AddFurnitureLeadTest" time="0.0">
    <skipped message="Cannot invoke &quot;com.microsoft.playwright.Page.locator(String)&quot; because &quot;this.page&quot; is null"/>
  </testcase>
  <testcase name="addLeadForAdditionalFurnitureLeadTest[Haworth, Nirav, Soni, +60, Digital, YouTube, Kitchen, Semi-Modular, Requesting bulk order discount #422, CP, Tushar Bhai, Warm, 71+ Lakhs, Retail, Immediate, Private Investor, 01051980, Ahmedabad, Zydus Cadila, 489, 18 Months](349)" classname="tests.AddFurnitureLeadTest" time="0.0">
    <skipped message="Cannot invoke &quot;com.microsoft.playwright.Page.locator(String)&quot; because &quot;this.page&quot; is null"/>
  </testcase>
  <testcase name="addLeadForAdditionalFurnitureLeadTest[Lofy Interior Solutions, Priya, Joshi, +45, Digital, YouTube, Kitchen, Countertop, Prefers compact designs #321, CP, Tushar Bhai, Warm, 71+ Lakhs, Retail, In 3 Months, Private Investor, 05081986, Vadodara, Amul, 938, 6 Months](350)" classname="tests.AddFurnitureLeadTest" time="0.0">
    <skipped message="Cannot invoke &quot;com.microsoft.playwright.Page.locator(String)&quot; because &quot;this.page&quot; is null"/>
  </testcase>
  <testcase name="addLeadForAdditionalFurnitureLeadTest[Stanley - SLN, Dhruv, Raval, +262, Digital, YouTube, Kitchen, Appliances, Customer referred by friend #246, CP, Tushar Bhai, Warm, 71+ Lakhs, Retail, In 6 Months, Bank Loan, 01051978, Vadodara, Adani Group, 282, 12 Months](351)" classname="tests.AddFurnitureLeadTest" time="0.0">
    <skipped message="Cannot invoke &quot;com.microsoft.playwright.Page.locator(String)&quot; because &quot;this.page&quot; is null"/>
  </testcase>
  <testcase name="addLeadForAdditionalFurnitureLeadTest[Stanley - SBC, Mina, Gandhi, +261, Digital, YouTube, Wardrobes, Sliding, Asking for custom designs #50, CP, Tushar Bhai, Warm, 71+ Lakhs, Retail, In 1 Year +, Bank Loan, 07031979, Gandhinagar, Amul, 588, 18 Months](352)" classname="tests.AddFurnitureLeadTest" time="0.0">
    <skipped message="Cannot invoke &quot;com.microsoft.playwright.Page.locator(String)&quot; because &quot;this.page&quot; is null"/>
  </testcase>
  <testcase name="addLeadForAdditionalFurnitureLeadTest[Godrej, Krishna, Mehta, +231, Digital, YouTube, Wardrobes, Hinged, Interested in modern furniture #106, CP, Tushar Bhai, Warm, 71+ Lakhs, Commercial, Immediate, Business Loan, 18011978, Vadodara, Arvind Mills, 972, 3 Months](353)" classname="tests.AddFurnitureLeadTest" time="0.0">
    <skipped message="Cannot invoke &quot;com.microsoft.playwright.Page.locator(String)&quot; because &quot;this.page&quot; is null"/>
  </testcase>
  <testcase name="addLeadForAdditionalFurnitureLeadTest[Lofy Home Store, Pooja, Mehta, +228, Digital, YouTube, Wardrobes, Walk-in, Need delivery within a week #327, CP, Tushar Bhai, Warm, 71+ Lakhs, Commercial, In 3 Months, Private Investor, 11041982, Vadodara, Tata Consultancy, 886, 24 Months](354)" classname="tests.AddFurnitureLeadTest" time="0.0">
    <skipped message="Cannot invoke &quot;com.microsoft.playwright.Page.locator(String)&quot; because &quot;this.page&quot; is null"/>
  </testcase>
  <testcase name="addLeadForAdditionalFurnitureLeadTest[Haworth, Bhavna, Choksi, +55, Digital, YouTube, Office, WorkStations, Requesting bulk order discount #42, CP, Tushar Bhai, Warm, 71+ Lakhs, Commercial, In 6 Months, Mortgage, 23121997, Gandhinagar, Reliance, 632, 6 Months](355)" classname="tests.AddFurnitureLeadTest" time="0.0">
    <skipped message="Cannot invoke &quot;com.microsoft.playwright.Page.locator(String)&quot; because &quot;this.page&quot; is null"/>
  </testcase>
  <testcase name="addLeadForAdditionalFurnitureLeadTest[Lofy Interior Solutions, Rishi, Choksi, +34, Digital, YouTube, Office, Conference Table, Enquiring about warranty period #433, CP, Tushar Bhai, Warm, 71+ Lakhs, Commercial, In 1 Year +, Business Loan, 09011999, Gandhinagar, Tata Consultancy, 984, 6 Months](356)" classname="tests.AddFurnitureLeadTest" time="0.0">
    <skipped message="Cannot invoke &quot;com.microsoft.playwright.Page.locator(String)&quot; because &quot;this.page&quot; is null"/>
  </testcase>
  <testcase name="addLeadForAdditionalFurnitureLeadTest[Stanley - SLN, Dhruv, Parikh, +222, Digital, YouTube, Office, Cabin Setup, Wants luxury and premium finish #158, CP, Tushar Bhai, Warm, 71+ Lakhs, Custom Manufacturing, Immediate, Bank Loan, 15111984, Junagadh, Torrent Power, 296, 9 Months](357)" classname="tests.AddFurnitureLeadTest" time="0.0">
    <skipped message="Cannot invoke &quot;com.microsoft.playwright.Page.locator(String)&quot; because &quot;this.page&quot; is null"/>
  </testcase>
  <testcase name="addLeadForAdditionalFurnitureLeadTest[Stanley - SBC, Krishna, Doshi, +234, Digital, YouTube, Outdoor, Patio, Asking for fabric color options #204, CP, Tushar Bhai, Warm, 71+ Lakhs, Custom Manufacturing, In 3 Months, Business Loan, 19051994, Ahmedabad, Zydus Cadila, 116, 12 Months](358)" classname="tests.AddFurnitureLeadTest" time="0.0">
    <skipped message="Cannot invoke &quot;com.microsoft.playwright.Page.locator(String)&quot; because &quot;this.page&quot; is null"/>
  </testcase>
  <testcase name="addLeadForAdditionalFurnitureLeadTest[Godrej, Pooja, Bhatt, +1, Digital, YouTube, Outdoor, Swing, Enquiring about warranty period #251, CP, Tushar Bhai, Warm, 71+ Lakhs, Custom Manufacturing, In 6 Months, Self-Finance, 13041988, Rajkot, Zydus Cadila, 955, 3 Months](359)" classname="tests.AddFurnitureLeadTest" time="0.0">
    <skipped message="Cannot invoke &quot;com.microsoft.playwright.Page.locator(String)&quot; because &quot;this.page&quot; is null"/>
  </testcase>
  <testcase name="addLeadForAdditionalFurnitureLeadTest[Lofy Home Store, Priya, Chaudhary, +86, Digital, YouTube, Outdoor, Garden Seating, Requesting catalog #339, CP, Tushar Bhai, Warm, 71+ Lakhs, Custom Manufacturing, In 1 Year +, Business Loan, 18051983, Junagadh, Zydus Cadila, 893, 6 Months](360)" classname="tests.AddFurnitureLeadTest" time="0.0">
    <skipped message="Cannot invoke &quot;com.microsoft.playwright.Page.locator(String)&quot; because &quot;this.page&quot; is null"/>
  </testcase>
  <testcase name="addLeadForAdditionalFurnitureLeadTest[Haworth, Bhavna, Raval, +49, Digital, YouTube, Turkey Solution, Full Home Package(Design + Execution + Furniture), First-time buyer #47, CP, Tushar Bhai, Hot, 15-25 Lakhs, Office Furniture, Immediate, Self-Finance, 23011965, Bhavnagar, Amul, 470, 6 Months](361)" classname="tests.AddFurnitureLeadTest" time="0.0">
    <skipped message="Cannot invoke &quot;com.microsoft.playwright.Page.locator(String)&quot; because &quot;this.page&quot; is null"/>
  </testcase>
  <testcase name="addLeadForAdditionalFurnitureLeadTest[Lofy Interior Solutions, Neha, Vyas, +231, Digital, YouTube, Project Management Consultancy, Project Advisory, Visited showroom last week #279, CP, Tushar Bhai, Hot, 15-25 Lakhs, Office Furniture, In 3 Months, Mortgage, 13061971, Rajkot, Torrent Power, 741, 24 Months](362)" classname="tests.AddFurnitureLeadTest" time="0.0">
    <skipped message="Cannot invoke &quot;com.microsoft.playwright.Page.locator(String)&quot; because &quot;this.page&quot; is null"/>
  </testcase>
  <testcase name="addLeadForAdditionalFurnitureLeadTest[Stanley - SLN, Krishna, Raval, +240, Digital, YouTube, Project Management Consultancy, Costing, Interested in outdoor furniture #95, CP, Tushar Bhai, Hot, 15-25 Lakhs, Office Furniture, In 6 Months, Self-Finance, 12061982, Vadodara, Zydus Cadila, 85, 3 Months](363)" classname="tests.AddFurnitureLeadTest" time="0.0">
    <skipped message="Cannot invoke &quot;com.microsoft.playwright.Page.locator(String)&quot; because &quot;this.page&quot; is null"/>
  </testcase>
  <testcase name="addLeadForAdditionalFurnitureLeadTest[Stanley - SBC, Nirav, Choksi, +92, Digital, YouTube, Project Management Consultancy, Vendor Management, Wants kids&apos; room furniture #454, CP, Tushar Bhai, Hot, 15-25 Lakhs, Office Furniture, In 1 Year +, Bank Loan, 28101982, Bhavnagar, Torrent Power, 318, 6 Months](364)" classname="tests.AddFurnitureLeadTest" time="0.0">
    <skipped message="Cannot invoke &quot;com.microsoft.playwright.Page.locator(String)&quot; because &quot;this.page&quot; is null"/>
  </testcase>
  <testcase name="addLeadForAdditionalFurnitureLeadTest[Godrej, Nirav, Shah, +62, Digital, YouTube, Execution, Carpentry, Interested in outdoor furniture #190, CP, Tushar Bhai, Hot, 15-25 Lakhs, Residential Project, Immediate, Self-Finance, 24021987, Surat, Arvind Mills, 131, 24 Months](365)" classname="tests.AddFurnitureLeadTest" time="0.0">
    <skipped message="Cannot invoke &quot;com.microsoft.playwright.Page.locator(String)&quot; because &quot;this.page&quot; is null"/>
  </testcase>
  <testcase name="addLeadForAdditionalFurnitureLeadTest[Lofy Home Store, Viren, Choksi, +221, Digital, YouTube, Execution, Civil, Need delivery within a week #229, CP, Tushar Bhai, Hot, 15-25 Lakhs, Residential Project, In 3 Months, Self-Finance, 09101982, Surat, Adani Group, 359, 18 Months](366)" classname="tests.AddFurnitureLeadTest" time="0.0">
    <skipped message="Cannot invoke &quot;com.microsoft.playwright.Page.locator(String)&quot; because &quot;this.page&quot; is null"/>
  </testcase>
  <testcase name="addLeadForAdditionalFurnitureLeadTest[Haworth, Bhavna, Dave, +230, Digital, YouTube, Execution, Electrical, Looking for budget-friendly options #135, CP, Tushar Bhai, Hot, 15-25 Lakhs, Residential Project, In 6 Months, Mortgage, 21081970, Junagadh, Adani Group, 517, 24 Months](367)" classname="tests.AddFurnitureLeadTest" time="0.0">
    <skipped message="Cannot invoke &quot;com.microsoft.playwright.Page.locator(String)&quot; because &quot;this.page&quot; is null"/>
  </testcase>
  <testcase name="addLeadForAdditionalFurnitureLeadTest[Lofy Interior Solutions, Neha, Gandhi, +254, Digital, YouTube, Execution, Finishing only, Prefers eco-friendly material #239, CP, Tushar Bhai, Hot, 15-25 Lakhs, Residential Project, In 1 Year +, Business Loan, 27071969, Jamnagar, Zydus Cadila, 913, 3 Months](368)" classname="tests.AddFurnitureLeadTest" time="0.0">
    <skipped message="Cannot invoke &quot;com.microsoft.playwright.Page.locator(String)&quot; because &quot;this.page&quot; is null"/>
  </testcase>
  <testcase name="addLeadForAdditionalFurnitureLeadTest[Stanley - SLN, Sonal, Thakkar, +30, Digital, YouTube, Design only, 2D/3D Layouts, First-time buyer #116, CP, Tushar Bhai, Hot, 15-25 Lakhs, Hospitality, Immediate, Private Investor, 23101965, Bhavnagar, Adani Group, 320, 18 Months](369)" classname="tests.AddFurnitureLeadTest" time="0.0">
    <skipped message="Cannot invoke &quot;com.microsoft.playwright.Page.locator(String)&quot; because &quot;this.page&quot; is null"/>
  </testcase>
  <testcase name="addLeadForAdditionalFurnitureLeadTest[Stanley - SBC, Jigar, Desai, +245, Digital, YouTube, Design only, Material Selection, Looking for leather finish #138, CP, Tushar Bhai, Hot, 15-25 Lakhs, Hospitality, In 3 Months, Private Investor, 29021996, Vadodara, Torrent Power, 920, 18 Months](370)" classname="tests.AddFurnitureLeadTest" time="0.0">
    <skipped message="Cannot invoke &quot;com.microsoft.playwright.Page.locator(String)&quot; because &quot;this.page&quot; is null"/>
  </testcase>
  <testcase name="addLeadForAdditionalFurnitureLeadTest[Godrej, Rohit, Gandhi, +41, Digital, IVRS, Living, Sofa, Looking for EMI options #32, CP, Tushar Bhai, Hot, 15-25 Lakhs, Hospitality, In 6 Months, Mortgage, 11021975, Ahmedabad, Zydus Cadila, 244, 6 Months](371)" classname="tests.AddFurnitureLeadTest" time="0.0">
    <skipped message="Cannot invoke &quot;com.microsoft.playwright.Page.locator(String)&quot; because &quot;this.page&quot; is null"/>
  </testcase>
  <testcase name="addLeadForAdditionalFurnitureLeadTest[Lofy Home Store, Kavya, Joshi, +237, Digital, IVRS, Living, Recliner, Urgent requirement #386, CP, Tushar Bhai, Hot, 15-25 Lakhs, Hospitality, In 1 Year +, Private Investor, 05061992, Jamnagar, Arvind Mills, 544, 3 Months](372)" classname="tests.AddFurnitureLeadTest" time="0.0">
    <skipped message="Cannot invoke &quot;com.microsoft.playwright.Page.locator(String)&quot; because &quot;this.page&quot; is null"/>
  </testcase>
  <testcase name="addLeadForAdditionalFurnitureLeadTest[Haworth, Mina, Kapoor, +48, Digital, IVRS, Living, Coffee Table, Looking for space-saving solutions #342, CP, Tushar Bhai, Hot, 15-25 Lakhs, Retail, Immediate, Business Loan, 24021986, Junagadh, Arvind Mills, 140, 12 Months](373)" classname="tests.AddFurnitureLeadTest" time="0.0">
    <skipped message="Cannot invoke &quot;com.microsoft.playwright.Page.locator(String)&quot; because &quot;this.page&quot; is null"/>
  </testcase>
  <testcase name="addLeadForAdditionalFurnitureLeadTest[Lofy Interior Solutions, Nirav, Thakkar, +253, Digital, IVRS, Living, TV Unit, Wants luxury and premium finish #44, CP, Tushar Bhai, Hot, 15-25 Lakhs, Retail, In 3 Months, Mortgage, 03011965, Ahmedabad, Zydus Cadila, 165, 9 Months](374)" classname="tests.AddFurnitureLeadTest" time="0.0">
    <skipped message="Cannot invoke &quot;com.microsoft.playwright.Page.locator(String)&quot; because &quot;this.page&quot; is null"/>
  </testcase>
  <testcase name="addLeadForAdditionalFurnitureLeadTest[Stanley - SLN, Nirav, Parikh, +230, Digital, IVRS, Dining, Dining Table, Prefers compact designs #177, CP, Tushar Bhai, Hot, 15-25 Lakhs, Retail, In 6 Months, Self-Finance, 25111986, Surat, Zydus Cadila, 555, 24 Months](375)" classname="tests.AddFurnitureLeadTest" time="0.0">
    <skipped message="Cannot invoke &quot;com.microsoft.playwright.Page.locator(String)&quot; because &quot;this.page&quot; is null"/>
  </testcase>
  <testcase name="addLeadForAdditionalFurnitureLeadTest[Stanley - SBC, Viren, Shukla, +249, Digital, IVRS, Dining, Chairs, Asking for fabric color options #278, CP, Tushar Bhai, Hot, 15-25 Lakhs, Retail, In 1 Year +, Mortgage, 27121964, Gandhinagar, Zydus Cadila, 780, 18 Months](376)" classname="tests.AddFurnitureLeadTest" time="0.0">
    <skipped message="Cannot invoke &quot;com.microsoft.playwright.Page.locator(String)&quot; because &quot;this.page&quot; is null"/>
  </testcase>
  <testcase name="addLeadForAdditionalFurnitureLeadTest[Godrej, Priya, Modi, +39, Digital, IVRS, Dining, Bench, Checking modular kitchen options #498, CP, Tushar Bhai, Hot, 15-25 Lakhs, Commercial, Immediate, Business Loan, 25061998, Junagadh, Tata Consultancy, 561, 18 Months](377)" classname="tests.AddFurnitureLeadTest" time="0.0">
    <skipped message="Cannot invoke &quot;com.microsoft.playwright.Page.locator(String)&quot; because &quot;this.page&quot; is null"/>
  </testcase>
  <testcase name="addLeadForAdditionalFurnitureLeadTest[Lofy Home Store, Aarav, Soni, +256, Digital, IVRS, BedRoom, Bed, Wants matching dining set #302, CP, Tushar Bhai, Hot, 15-25 Lakhs, Commercial, In 3 Months, Self-Finance, 02101998, Vadodara, Torrent Power, 444, 6 Months](378)" classname="tests.AddFurnitureLeadTest" time="0.0">
    <skipped message="Cannot invoke &quot;com.microsoft.playwright.Page.locator(String)&quot; because &quot;this.page&quot; is null"/>
  </testcase>
  <testcase name="addLeadForAdditionalFurnitureLeadTest[Haworth, Rina, Raval, +250, Digital, IVRS, BedRoom, Side Table, Repeat customer inquiry #284, CP, Tushar Bhai, Hot, 15-25 Lakhs, Commercial, In 6 Months, Business Loan, 03041995, Gandhinagar, Zydus Cadila, 459, 9 Months](379)" classname="tests.AddFurnitureLeadTest" time="0.0">
    <skipped message="Cannot invoke &quot;com.microsoft.playwright.Page.locator(String)&quot; because &quot;this.page&quot; is null"/>
  </testcase>
  <testcase name="addLeadForAdditionalFurnitureLeadTest[Lofy Interior Solutions, Priya, Joshi, +239, Digital, IVRS, BedRoom, Dressing, Looking for budget-friendly options #431, CP, Tushar Bhai, Hot, 15-25 Lakhs, Commercial, In 1 Year +, Mortgage, 24011996, Ahmedabad, Reliance, 968, 9 Months](380)" classname="tests.AddFurnitureLeadTest" time="0.0">
    <skipped message="Cannot invoke &quot;com.microsoft.playwright.Page.locator(String)&quot; because &quot;this.page&quot; is null"/>
  </testcase>
  <testcase name="addLeadForAdditionalFurnitureLeadTest[Stanley - SLN, Rishi, Parikh, +34, Digital, IVRS, BedRoom, Mattress, Interested in outdoor furniture #420, CP, Tushar Bhai, Hot, 15-25 Lakhs, Custom Manufacturing, Immediate, Bank Loan, 20111974, Ahmedabad, Amul, 954, 12 Months](381)" classname="tests.AddFurnitureLeadTest" time="0.0">
    <skipped message="Cannot invoke &quot;com.microsoft.playwright.Page.locator(String)&quot; because &quot;this.page&quot; is null"/>
  </testcase>
  <testcase name="addLeadForAdditionalFurnitureLeadTest[Stanley - SBC, Rohit, Shah, +257, Digital, IVRS, Study, Study Table, Request for free installation #215, CP, Tushar Bhai, Hot, 15-25 Lakhs, Custom Manufacturing, In 3 Months, Bank Loan, 01091970, Jamnagar, Arvind Mills, 662, 18 Months](382)" classname="tests.AddFurnitureLeadTest" time="0.0">
    <skipped message="Cannot invoke &quot;com.microsoft.playwright.Page.locator(String)&quot; because &quot;this.page&quot; is null"/>
  </testcase>
  <testcase name="addLeadForAdditionalFurnitureLeadTest[Godrej, Mehul, Doshi, +40, Digital, IVRS, Study, Chairs, Payment flexibility needed #352, CP, Tushar Bhai, Hot, 15-25 Lakhs, Custom Manufacturing, In 6 Months, Private Investor, 27122001, Bhavnagar, Arvind Mills, 833, 24 Months](383)" classname="tests.AddFurnitureLeadTest" time="0.0">
    <skipped message="Cannot invoke &quot;com.microsoft.playwright.Page.locator(String)&quot; because &quot;this.page&quot; is null"/>
  </testcase>
  <testcase name="addLeadForAdditionalFurnitureLeadTest[Lofy Home Store, Rina, Desai, +251, Digital, IVRS, Study, Library Unit, Checking stock availability #480, CP, Tushar Bhai, Hot, 15-25 Lakhs, Custom Manufacturing, In 1 Year +, Self-Finance, 29041997, Vadodara, Torrent Power, 548, 3 Months](384)" classname="tests.AddFurnitureLeadTest" time="0.0">
    <skipped message="Cannot invoke &quot;com.microsoft.playwright.Page.locator(String)&quot; because &quot;this.page&quot; is null"/>
  </testcase>
  <testcase name="addLeadForAdditionalFurnitureLeadTest[Haworth, Hetal, Patel, +52, Digital, IVRS, Kitchen, Modular, Enquiring about warranty period #294, CP, Tushar Bhai, Hot, 26-35 Lakhs, Office Furniture, Immediate, Bank Loan, 31051983, Bhavnagar, Amul, 914, 9 Months](385)" classname="tests.AddFurnitureLeadTest" time="0.0">
    <skipped message="Cannot invoke &quot;com.microsoft.playwright.Page.locator(String)&quot; because &quot;this.page&quot; is null"/>
  </testcase>
  <testcase name="addLeadForAdditionalFurnitureLeadTest[Lofy Interior Solutions, Pooja, Parikh, +27, Digital, IVRS, Kitchen, Semi-Modular, Requesting catalog #121, CP, Tushar Bhai, Hot, 26-35 Lakhs, Office Furniture, In 3 Months, Self-Finance, 22091985, Bhavnagar, Torrent Power, 437, 18 Months](386)" classname="tests.AddFurnitureLeadTest" time="0.0">
    <skipped message="Cannot invoke &quot;com.microsoft.playwright.Page.locator(String)&quot; because &quot;this.page&quot; is null"/>
  </testcase>
  <testcase name="addLeadForAdditionalFurnitureLeadTest[Stanley - SLN, Neha, Doshi, +33, Digital, IVRS, Kitchen, Countertop, Enquiring about warranty period #154, CP, Tushar Bhai, Hot, 26-35 Lakhs, Office Furniture, In 6 Months, Bank Loan, 18041981, Vadodara, Tata Consultancy, 343, 9 Months](387)" classname="tests.AddFurnitureLeadTest" time="0.0">
    <skipped message="Cannot invoke &quot;com.microsoft.playwright.Page.locator(String)&quot; because &quot;this.page&quot; is null"/>
  </testcase>
  <testcase name="addLeadForAdditionalFurnitureLeadTest[Stanley - SBC, Pooja, Patel, +212, Digital, IVRS, Kitchen, Appliances, Prefers wooden furniture #203, CP, Tushar Bhai, Hot, 26-35 Lakhs, Office Furniture, In 1 Year +, Business Loan, 28031997, Ahmedabad, Zydus Cadila, 357, 3 Months](388)" classname="tests.AddFurnitureLeadTest" time="0.0">
    <skipped message="Cannot invoke &quot;com.microsoft.playwright.Page.locator(String)&quot; because &quot;this.page&quot; is null"/>
  </testcase>
  <testcase name="addLeadForAdditionalFurnitureLeadTest[Godrej, Pooja, Soni, +63, Digital, IVRS, Wardrobes, Sliding, Requesting catalog #438, CP, Tushar Bhai, Hot, 26-35 Lakhs, Residential Project, Immediate, Business Loan, 05111989, Ahmedabad, Amul, 913, 24 Months](389)" classname="tests.AddFurnitureLeadTest" time="0.0">
    <skipped message="Cannot invoke &quot;com.microsoft.playwright.Page.locator(String)&quot; because &quot;this.page&quot; is null"/>
  </testcase>
  <testcase name="addLeadForAdditionalFurnitureLeadTest[Lofy Home Store, Sonal, Desai, +257, Digital, IVRS, Wardrobes, Hinged, Looking for space-saving solutions #18, CP, Tushar Bhai, Hot, 26-35 Lakhs, Residential Project, In 3 Months, Self-Finance, 19101970, Ahmedabad, Arvind Mills, 318, 9 Months](390)" classname="tests.AddFurnitureLeadTest" time="0.0">
    <skipped message="Cannot invoke &quot;com.microsoft.playwright.Page.locator(String)&quot; because &quot;this.page&quot; is null"/>
  </testcase>
  <testcase name="addLeadForAdditionalFurnitureLeadTest[Haworth, Pooja, Shah, +53, Digital, IVRS, Wardrobes, Walk-in, Request for free installation #293, CP, Tushar Bhai, Hot, 26-35 Lakhs, Residential Project, In 6 Months, Self-Finance, 01031982, Bhavnagar, Torrent Power, 826, 6 Months](391)" classname="tests.AddFurnitureLeadTest" time="0.0">
    <skipped message="Cannot invoke &quot;com.microsoft.playwright.Page.locator(String)&quot; because &quot;this.page&quot; is null"/>
  </testcase>
  <testcase name="addLeadForAdditionalFurnitureLeadTest[Lofy Interior Solutions, Anjali, Raval, +213, Digital, IVRS, Office, WorkStations, Requesting catalog #265, CP, Tushar Bhai, Hot, 26-35 Lakhs, Residential Project, In 1 Year +, Bank Loan, 15121970, Surat, Adani Group, 411, 9 Months](392)" classname="tests.AddFurnitureLeadTest" time="0.0">
    <skipped message="Cannot invoke &quot;com.microsoft.playwright.Page.locator(String)&quot; because &quot;this.page&quot; is null"/>
  </testcase>
  <testcase name="addLeadForAdditionalFurnitureLeadTest[Stanley - SLN, Priya, Doshi, +244, Digital, IVRS, Office, Conference Table, Asking for fabric color options #293, CP, Tushar Bhai, Hot, 26-35 Lakhs, Hospitality, Immediate, Self-Finance, 04121994, Junagadh, Reliance, 487, 18 Months](393)" classname="tests.AddFurnitureLeadTest" time="0.0">
    <skipped message="Cannot invoke &quot;com.microsoft.playwright.Page.locator(String)&quot; because &quot;this.page&quot; is null"/>
  </testcase>
  <testcase name="addLeadForAdditionalFurnitureLeadTest[Stanley - SBC, Jigar, Thakkar, +229, Digital, IVRS, Office, Cabin Setup, Prefers compact designs #318, CP, Tushar Bhai, Hot, 26-35 Lakhs, Hospitality, In 3 Months, Business Loan, 27021968, Ahmedabad, Reliance, 581, 3 Months](394)" classname="tests.AddFurnitureLeadTest" time="0.0">
    <skipped message="Cannot invoke &quot;com.microsoft.playwright.Page.locator(String)&quot; because &quot;this.page&quot; is null"/>
  </testcase>
  <testcase name="addLeadForAdditionalFurnitureLeadTest[Godrej, Krishna, Doshi, +64, Digital, IVRS, Outdoor, Patio, Urgent requirement #62, CP, Tushar Bhai, Hot, 26-35 Lakhs, Hospitality, In 6 Months, Mortgage, 21031989, Rajkot, Torrent Power, 723, 24 Months](395)" classname="tests.AddFurnitureLeadTest" time="0.0">
    <skipped message="Cannot invoke &quot;com.microsoft.playwright.Page.locator(String)&quot; because &quot;this.page&quot; is null"/>
  </testcase>
  <testcase name="addLeadForAdditionalFurnitureLeadTest[Lofy Home Store, Rohit, Dave, +229, Digital, IVRS, Outdoor, Swing, Wants matching dining set #230, CP, Tushar Bhai, Hot, 26-35 Lakhs, Hospitality, In 1 Year +, Mortgage, 30031998, Vadodara, Reliance, 134, 3 Months](396)" classname="tests.AddFurnitureLeadTest" time="0.0">
    <skipped message="Cannot invoke &quot;com.microsoft.playwright.Page.locator(String)&quot; because &quot;this.page&quot; is null"/>
  </testcase>
  <testcase name="addLeadForAdditionalFurnitureLeadTest[Haworth, Mehul, Chaudhary, +239, Digital, IVRS, Outdoor, Garden Seating, Need delivery within a week #486, CP, Tushar Bhai, Hot, 26-35 Lakhs, Retail, Immediate, Self-Finance, 28101974, Junagadh, Tata Consultancy, 288, 24 Months](397)" classname="tests.AddFurnitureLeadTest" time="0.0">
    <skipped message="Cannot invoke &quot;com.microsoft.playwright.Page.locator(String)&quot; because &quot;this.page&quot; is null"/>
  </testcase>
  <testcase name="addLeadForAdditionalFurnitureLeadTest[Lofy Interior Solutions, Viren, Kapoor, +225, Digital, IVRS, Turkey Solution, Full Home Package(Design + Execution + Furniture), Need delivery within a week #498, CP, Tushar Bhai, Hot, 26-35 Lakhs, Retail, In 3 Months, Bank Loan, 05091986, Junagadh, Amul, 457, 3 Months](398)" classname="tests.AddFurnitureLeadTest" time="0.0">
    <skipped message="Cannot invoke &quot;com.microsoft.playwright.Page.locator(String)&quot; because &quot;this.page&quot; is null"/>
  </testcase>
  <testcase name="addLeadForAdditionalFurnitureLeadTest[Stanley - SLN, Rina, Desai, +86, Digital, IVRS, Project Management Consultancy, Project Advisory, Asking for custom designs #414, CP, Tushar Bhai, Hot, 26-35 Lakhs, Retail, In 6 Months, Bank Loan, 27061994, Gandhinagar, Torrent Power, 100, 12 Months](399)" classname="tests.AddFurnitureLeadTest" time="0.0">
    <skipped message="Cannot invoke &quot;com.microsoft.playwright.Page.locator(String)&quot; because &quot;this.page&quot; is null"/>
  </testcase>
  <testcase name="addLeadForAdditionalFurnitureLeadTest[Stanley - SBC, Kavya, Soni, +64, Digital, IVRS, Project Management Consultancy, Costing, Asking for custom designs #65, CP, Tushar Bhai, Hot, 26-35 Lakhs, Retail, In 1 Year +, Private Investor, 27101993, Gandhinagar, Adani Group, 927, 18 Months](400)" classname="tests.AddFurnitureLeadTest" time="0.0">
    <skipped message="Cannot invoke &quot;com.microsoft.playwright.Page.locator(String)&quot; because &quot;this.page&quot; is null"/>
  </testcase>
  <testcase name="addLeadForAdditionalFurnitureLeadTest[Godrej, Anjali, Thakkar, +86, Digital, IVRS, Project Management Consultancy, Vendor Management, Looking for budget-friendly options #217, CP, Tushar Bhai, Hot, 26-35 Lakhs, Commercial, Immediate, Private Investor, 30051977, Jamnagar, Zydus Cadila, 302, 6 Months](401)" classname="tests.AddFurnitureLeadTest" time="0.0">
    <skipped message="Cannot invoke &quot;com.microsoft.playwright.Page.locator(String)&quot; because &quot;this.page&quot; is null"/>
  </testcase>
  <testcase name="addLeadForAdditionalFurnitureLeadTest[Lofy Home Store, Aarav, Doshi, +231, Digital, IVRS, Execution, Carpentry, Prefers wooden furniture #350, CP, Tushar Bhai, Hot, 26-35 Lakhs, Commercial, In 3 Months, Mortgage, 23121971, Gandhinagar, Reliance, 722, 24 Months](402)" classname="tests.AddFurnitureLeadTest" time="0.0">
    <skipped message="Cannot invoke &quot;com.microsoft.playwright.Page.locator(String)&quot; because &quot;this.page&quot; is null"/>
  </testcase>
  <testcase name="addLeadForAdditionalFurnitureLeadTest[Haworth, Priya, Shah, +213, Digital, IVRS, Execution, Civil, Checking modular kitchen options #104, CP, Tushar Bhai, Hot, 26-35 Lakhs, Commercial, In 6 Months, Private Investor, 30051995, Vadodara, Amul, 824, 18 Months](403)" classname="tests.AddFurnitureLeadTest" time="0.0">
    <skipped message="Cannot invoke &quot;com.microsoft.playwright.Page.locator(String)&quot; because &quot;this.page&quot; is null"/>
  </testcase>
  <testcase name="addLeadForAdditionalFurnitureLeadTest[Lofy Interior Solutions, Viren, Raval, +84, Digital, IVRS, Execution, Electrical, Looking for leather finish #322, CP, Tushar Bhai, Hot, 26-35 Lakhs, Commercial, In 1 Year +, Self-Finance, 13011987, Bhavnagar, Adani Group, 635, 3 Months](404)" classname="tests.AddFurnitureLeadTest" time="0.0">
    <skipped message="Cannot invoke &quot;com.microsoft.playwright.Page.locator(String)&quot; because &quot;this.page&quot; is null"/>
  </testcase>
  <testcase name="addLeadForAdditionalFurnitureLeadTest[Stanley - SLN, Bhavna, Modi, +254, Digital, IVRS, Execution, Finishing only, Urgent requirement #428, CP, Tushar Bhai, Hot, 26-35 Lakhs, Custom Manufacturing, Immediate, Private Investor, 26071983, Jamnagar, Tata Consultancy, 200, 3 Months](405)" classname="tests.AddFurnitureLeadTest" time="0.0">
    <skipped message="Cannot invoke &quot;com.microsoft.playwright.Page.locator(String)&quot; because &quot;this.page&quot; is null"/>
  </testcase>
  <testcase name="addLeadForAdditionalFurnitureLeadTest[Stanley - SBC, Neha, Choksi, +7, Digital, IVRS, Design only, 2D/3D Layouts, Customer referred by friend #133, CP, Tushar Bhai, Hot, 26-35 Lakhs, Custom Manufacturing, In 3 Months, Bank Loan, 18021972, Gandhinagar, Tata Consultancy, 622, 9 Months](406)" classname="tests.AddFurnitureLeadTest" time="0.0">
    <skipped message="Cannot invoke &quot;com.microsoft.playwright.Page.locator(String)&quot; because &quot;this.page&quot; is null"/>
  </testcase>
  <testcase name="addLeadForAdditionalFurnitureLeadTest[Godrej, Pooja, Kapoor, 91, Digital, IVRS, Design only, Material Selection, Looking for office furniture #467, CP, Tushar Bhai, Hot, 26-35 Lakhs, Custom Manufacturing, In 6 Months, Private Investor, 28021976, Jamnagar, Torrent Power, 394, 24 Months](407)" classname="tests.AddFurnitureLeadTest" time="0.0">
    <skipped message="Cannot invoke &quot;com.microsoft.playwright.Page.locator(String)&quot; because &quot;this.page&quot; is null"/>
  </testcase>
  <testcase name="addLeadForAdditionalFurnitureLeadTest[Lofy Home Store, Sonal, Shah, +82, Digital, Google, Living, Sofa, Interested in sofa sets #469, CP, Tushar Bhai, Hot, 26-35 Lakhs, Custom Manufacturing, In 1 Year +, Mortgage, 20051986, Jamnagar, Tata Consultancy, 617, 6 Months](408)" classname="tests.AddFurnitureLeadTest" time="0.0">
    <skipped message="Cannot invoke &quot;com.microsoft.playwright.Page.locator(String)&quot; because &quot;this.page&quot; is null"/>
  </testcase>
  <testcase name="addLeadForAdditionalFurnitureLeadTest[Haworth, Rishi, Bhatt, +98, Digital, Google, Living, Recliner, Asking for fabric color options #35, CP, Tushar Bhai, Hot, 36-50 Lakhs, Office Furniture, Immediate, Business Loan, 28111995, Bhavnagar, Reliance, 741, 24 Months](409)" classname="tests.AddFurnitureLeadTest" time="0.0">
    <skipped message="Cannot invoke &quot;com.microsoft.playwright.Page.locator(String)&quot; because &quot;this.page&quot; is null"/>
  </testcase>
  <testcase name="addLeadForAdditionalFurnitureLeadTest[Lofy Interior Solutions, Aarav, Doshi, +55, Digital, Google, Living, Coffee Table, Prefers wooden furniture #199, CP, Tushar Bhai, Hot, 36-50 Lakhs, Office Furniture, In 3 Months, Private Investor, 08101973, Bhavnagar, Adani Group, 364, 3 Months](410)" classname="tests.AddFurnitureLeadTest" time="0.0">
    <skipped message="Cannot invoke &quot;com.microsoft.playwright.Page.locator(String)&quot; because &quot;this.page&quot; is null"/>
  </testcase>
  <testcase name="addLeadForAdditionalFurnitureLeadTest[Stanley - SLN, Jigar, Kapoor, +254, Digital, Google, Living, TV Unit, Payment flexibility needed #204, CP, Tushar Bhai, Hot, 36-50 Lakhs, Office Furniture, In 6 Months, Mortgage, 20071983, Rajkot, Amul, 202, 6 Months](411)" classname="tests.AddFurnitureLeadTest" time="0.0">
    <skipped message="Cannot invoke &quot;com.microsoft.playwright.Page.locator(String)&quot; because &quot;this.page&quot; is null"/>
  </testcase>
  <testcase name="addLeadForAdditionalFurnitureLeadTest[Stanley - SBC, Aarav, Bhatt, +41, Digital, Google, Dining, Dining Table, Payment flexibility needed #167, CP, Tushar Bhai, Hot, 36-50 Lakhs, Office Furniture, In 1 Year +, Private Investor, 21081966, Bhavnagar, Reliance, 977, 24 Months](412)" classname="tests.AddFurnitureLeadTest" time="0.0">
    <skipped message="Cannot invoke &quot;com.microsoft.playwright.Page.locator(String)&quot; because &quot;this.page&quot; is null"/>
  </testcase>
  <testcase name="addLeadForAdditionalFurnitureLeadTest[Godrej, Nirav, Modi, +225, Digital, Google, Dining, Chairs, Checking stock availability #142, CP, Tushar Bhai, Hot, 36-50 Lakhs, Residential Project, Immediate, Bank Loan, 04121995, Rajkot, Reliance, 539, 6 Months](413)" classname="tests.AddFurnitureLeadTest" time="0.0">
    <skipped message="Cannot invoke &quot;com.microsoft.playwright.Page.locator(String)&quot; because &quot;this.page&quot; is null"/>
  </testcase>
  <testcase name="addLeadForAdditionalFurnitureLeadTest[Lofy Home Store, Hetal, Raval, +211, Digital, Google, Dining, Bench, Request for free installation #235, CP, Tushar Bhai, Hot, 36-50 Lakhs, Residential Project, In 3 Months, Self-Finance, 26091995, Ahmedabad, Reliance, 107, 18 Months](414)" classname="tests.AddFurnitureLeadTest" time="0.0">
    <skipped message="Cannot invoke &quot;com.microsoft.playwright.Page.locator(String)&quot; because &quot;this.page&quot; is null"/>
  </testcase>
  <testcase name="addLeadForAdditionalFurnitureLeadTest[Haworth, Karan, Modi, +84, Digital, Google, BedRoom, Bed, Interested in seasonal discount #448, CP, Tushar Bhai, Hot, 36-50 Lakhs, Residential Project, In 6 Months, Private Investor, 30031998, Rajkot, Tata Consultancy, 117, 12 Months](415)" classname="tests.AddFurnitureLeadTest" time="0.0">
    <skipped message="Cannot invoke &quot;com.microsoft.playwright.Page.locator(String)&quot; because &quot;this.page&quot; is null"/>
  </testcase>
  <testcase name="addLeadForAdditionalFurnitureLeadTest[Lofy Interior Solutions, Kavya, Doshi, +222, Digital, Google, BedRoom, Side Table, Interested in modern furniture #403, CP, Tushar Bhai, Hot, 36-50 Lakhs, Residential Project, In 1 Year +, Mortgage, 07021975, Vadodara, Adani Group, 351, 6 Months](416)" classname="tests.AddFurnitureLeadTest" time="0.0">
    <skipped message="Cannot invoke &quot;com.microsoft.playwright.Page.locator(String)&quot; because &quot;this.page&quot; is null"/>
  </testcase>
  <testcase name="addLeadForAdditionalFurnitureLeadTest[Stanley - SLN, Karan, Shukla, +46, Digital, Google, BedRoom, Dressing, Looking for space-saving solutions #320, CP, Tushar Bhai, Hot, 36-50 Lakhs, Hospitality, Immediate, Business Loan, 04041982, Surat, Reliance, 962, 6 Months](417)" classname="tests.AddFurnitureLeadTest" time="0.0">
    <skipped message="Cannot invoke &quot;com.microsoft.playwright.Page.locator(String)&quot; because &quot;this.page&quot; is null"/>
  </testcase>
  <testcase name="addLeadForAdditionalFurnitureLeadTest[Stanley - SBC, Mehul, Choksi, +234, Digital, Google, BedRoom, Mattress, Looking for EMI options #268, CP, Tushar Bhai, Hot, 36-50 Lakhs, Hospitality, In 3 Months, Bank Loan, 09091989, Bhavnagar, Tata Consultancy, 533, 18 Months](418)" classname="tests.AddFurnitureLeadTest" time="0.0">
    <skipped message="Cannot invoke &quot;com.microsoft.playwright.Page.locator(String)&quot; because &quot;this.page&quot; is null"/>
  </testcase>
  <testcase name="addLeadForAdditionalFurnitureLeadTest[Godrej, Rohit, Dave, +52, Digital, Google, Study, Study Table, Asking for fabric color options #215, CP, Tushar Bhai, Hot, 36-50 Lakhs, Hospitality, In 6 Months, Mortgage, 14111964, Jamnagar, Amul, 339, 9 Months](419)" classname="tests.AddFurnitureLeadTest" time="0.0">
    <skipped message="Cannot invoke &quot;com.microsoft.playwright.Page.locator(String)&quot; because &quot;this.page&quot; is null"/>
  </testcase>
  <testcase name="addLeadForAdditionalFurnitureLeadTest[Lofy Home Store, Nirav, Thakkar, +231, Digital, Google, Study, Chairs, Wants luxury and premium finish #213, CP, Tushar Bhai, Hot, 36-50 Lakhs, Hospitality, In 1 Year +, Business Loan, 19041998, Rajkot, Amul, 739, 6 Months](420)" classname="tests.AddFurnitureLeadTest" time="0.0">
    <skipped message="Cannot invoke &quot;com.microsoft.playwright.Page.locator(String)&quot; because &quot;this.page&quot; is null"/>
  </testcase>
  <testcase name="addLeadForAdditionalFurnitureLeadTest[Haworth, Karan, Raval, +94, Digital, Google, Study, Library Unit, Urgent requirement #76, CP, Tushar Bhai, Hot, 36-50 Lakhs, Retail, Immediate, Self-Finance, 12101995, Jamnagar, Torrent Power, 638, 9 Months](421)" classname="tests.AddFurnitureLeadTest" time="0.0">
    <skipped message="Cannot invoke &quot;com.microsoft.playwright.Page.locator(String)&quot; because &quot;this.page&quot; is null"/>
  </testcase>
  <testcase name="addLeadForAdditionalFurnitureLeadTest[Lofy Interior Solutions, Jigar, Shah, +36, Digital, Google, Kitchen, Modular, Looking for EMI options #302, CP, Tushar Bhai, Hot, 36-50 Lakhs, Retail, In 3 Months, Business Loan, 23081973, Junagadh, Amul, 376, 9 Months](422)" classname="tests.AddFurnitureLeadTest" time="0.0">
    <skipped message="Cannot invoke &quot;com.microsoft.playwright.Page.locator(String)&quot; because &quot;this.page&quot; is null"/>
  </testcase>
  <testcase name="addLeadForAdditionalFurnitureLeadTest[Stanley - SLN, Neha, Mehta, +60, Digital, Google, Kitchen, Semi-Modular, Looking for EMI options #389, CP, Tushar Bhai, Hot, 36-50 Lakhs, Retail, In 6 Months, Private Investor, 15121992, Junagadh, Zydus Cadila, 604, 12 Months](423)" classname="tests.AddFurnitureLeadTest" time="0.0">
    <skipped message="Cannot invoke &quot;com.microsoft.playwright.Page.locator(String)&quot; because &quot;this.page&quot; is null"/>
  </testcase>
  <testcase name="addLeadForAdditionalFurnitureLeadTest[Stanley - SBC, Karan, Soni, +241, Digital, Google, Kitchen, Countertop, Wants luxury and premium finish #474, CP, Tushar Bhai, Hot, 36-50 Lakhs, Retail, In 1 Year +, Bank Loan, 16021976, Ahmedabad, Amul, 677, 18 Months](424)" classname="tests.AddFurnitureLeadTest" time="0.0">
    <skipped message="Cannot invoke &quot;com.microsoft.playwright.Page.locator(String)&quot; because &quot;this.page&quot; is null"/>
  </testcase>
  <testcase name="addLeadForAdditionalFurnitureLeadTest[Godrej, Bhavna, Vyas, +218, Digital, Google, Kitchen, Appliances, Wants luxury and premium finish #289, CP, Tushar Bhai, Hot, 36-50 Lakhs, Commercial, Immediate, Private Investor, 03031978, Vadodara, Arvind Mills, 755, 18 Months](425)" classname="tests.AddFurnitureLeadTest" time="0.0">
    <skipped message="Cannot invoke &quot;com.microsoft.playwright.Page.locator(String)&quot; because &quot;this.page&quot; is null"/>
  </testcase>
  <testcase name="addLeadForAdditionalFurnitureLeadTest[Lofy Home Store, Viren, Kapoor, +238, Digital, Google, Wardrobes, Sliding, Wants matching dining set #52, CP, Tushar Bhai, Hot, 36-50 Lakhs, Commercial, In 3 Months, Bank Loan, 08091996, Vadodara, Adani Group, 765, 18 Months](426)" classname="tests.AddFurnitureLeadTest" time="0.0">
    <skipped message="Cannot invoke &quot;com.microsoft.playwright.Page.locator(String)&quot; because &quot;this.page&quot; is null"/>
  </testcase>
  <testcase name="addLeadForAdditionalFurnitureLeadTest[Haworth, Priya, Bhatt, +212, Digital, Google, Wardrobes, Hinged, Asking for fabric color options #147, CP, Tushar Bhai, Hot, 36-50 Lakhs, Commercial, In 6 Months, Business Loan, 07011975, Gandhinagar, Zydus Cadila, 514, 18 Months](427)" classname="tests.AddFurnitureLeadTest" time="0.0">
    <skipped message="Cannot invoke &quot;com.microsoft.playwright.Page.locator(String)&quot; because &quot;this.page&quot; is null"/>
  </testcase>
  <testcase name="addLeadForAdditionalFurnitureLeadTest[Lofy Interior Solutions, Kavya, Joshi, +213, Digital, Google, Wardrobes, Walk-in, Checking stock availability #275, CP, Tushar Bhai, Hot, 36-50 Lakhs, Commercial, In 1 Year +, Business Loan, 20071988, Jamnagar, Tata Consultancy, 375, 6 Months](428)" classname="tests.AddFurnitureLeadTest" time="0.0">
    <skipped message="Cannot invoke &quot;com.microsoft.playwright.Page.locator(String)&quot; because &quot;this.page&quot; is null"/>
  </testcase>
  <testcase name="addLeadForAdditionalFurnitureLeadTest[Stanley - SLN, Pooja, Modi, +256, Digital, Google, Office, WorkStations, Requesting catalog #177, CP, Tushar Bhai, Hot, 36-50 Lakhs, Custom Manufacturing, Immediate, Private Investor, 31071975, Rajkot, Arvind Mills, 832, 9 Months](429)" classname="tests.AddFurnitureLeadTest" time="0.0">
    <skipped message="Cannot invoke &quot;com.microsoft.playwright.Page.locator(String)&quot; because &quot;this.page&quot; is null"/>
  </testcase>
  <testcase name="addLeadForAdditionalFurnitureLeadTest[Stanley - SBC, Pooja, Trivedi, +27, Digital, Google, Office, Conference Table, Requesting catalog #211, CP, Tushar Bhai, Hot, 36-50 Lakhs, Custom Manufacturing, In 3 Months, Business Loan, 04121969, Ahmedabad, Tata Consultancy, 164, 9 Months](430)" classname="tests.AddFurnitureLeadTest" time="0.0">
    <skipped message="Cannot invoke &quot;com.microsoft.playwright.Page.locator(String)&quot; because &quot;this.page&quot; is null"/>
  </testcase>
  <testcase name="addLeadForAdditionalFurnitureLeadTest[Godrej, Nirav, Joshi, +248, Digital, Google, Office, Cabin Setup, First-time buyer #197, CP, Tushar Bhai, Hot, 36-50 Lakhs, Custom Manufacturing, In 6 Months, Bank Loan, 16011980, Jamnagar, Torrent Power, 159, 24 Months](431)" classname="tests.AddFurnitureLeadTest" time="0.0">
    <skipped message="Cannot invoke &quot;com.microsoft.playwright.Page.locator(String)&quot; because &quot;this.page&quot; is null"/>
  </testcase>
  <testcase name="addLeadForAdditionalFurnitureLeadTest[Lofy Home Store, Mehul, Choksi, +34, Digital, Google, Outdoor, Patio, Visited showroom last week #249, CP, Tushar Bhai, Hot, 36-50 Lakhs, Custom Manufacturing, In 1 Year +, Bank Loan, 12121998, Vadodara, Adani Group, 367, 18 Months](432)" classname="tests.AddFurnitureLeadTest" time="0.0">
    <skipped message="Cannot invoke &quot;com.microsoft.playwright.Page.locator(String)&quot; because &quot;this.page&quot; is null"/>
  </testcase>
  <testcase name="addLeadForAdditionalFurnitureLeadTest[Haworth, Priya, Bhatt, +260, Digital, Google, Outdoor, Swing, Looking for EMI options #312, CP, Tushar Bhai, Hot, 51-70 Lakhs, Office Furniture, Immediate, Mortgage, 25102000, Rajkot, Zydus Cadila, 150, 3 Months](433)" classname="tests.AddFurnitureLeadTest" time="0.0">
    <skipped message="Cannot invoke &quot;com.microsoft.playwright.Page.locator(String)&quot; because &quot;this.page&quot; is null"/>
  </testcase>
  <testcase name="addLeadForAdditionalFurnitureLeadTest[Lofy Interior Solutions, Rishi, Shukla, +221, Digital, Google, Outdoor, Garden Seating, Enquiring about warranty period #20, CP, Tushar Bhai, Hot, 51-70 Lakhs, Office Furniture, In 3 Months, Private Investor, 18021995, Jamnagar, Tata Consultancy, 142, 12 Months](434)" classname="tests.AddFurnitureLeadTest" time="0.0">
    <skipped message="Cannot invoke &quot;com.microsoft.playwright.Page.locator(String)&quot; because &quot;this.page&quot; is null"/>
  </testcase>
  <testcase name="addLeadForAdditionalFurnitureLeadTest[Stanley - SLN, Mina, Trivedi, +31, Digital, Google, Turkey Solution, Full Home Package(Design + Execution + Furniture), Need delivery within a week #142, CP, Tushar Bhai, Hot, 51-70 Lakhs, Office Furniture, In 6 Months, Private Investor, 21031979, Gandhinagar, Tata Consultancy, 591, 6 Months](435)" classname="tests.AddFurnitureLeadTest" time="0.0">
    <skipped message="Cannot invoke &quot;com.microsoft.playwright.Page.locator(String)&quot; because &quot;this.page&quot; is null"/>
  </testcase>
  <testcase name="addLeadForAdditionalFurnitureLeadTest[Stanley - SBC, Rohit, Kapoor, +233, Digital, Google, Project Management Consultancy, Project Advisory, Interested in outdoor furniture #74, CP, Tushar Bhai, Hot, 51-70 Lakhs, Office Furniture, In 1 Year +, Mortgage, 01011997, Jamnagar, Reliance, 895, 24 Months](436)" classname="tests.AddFurnitureLeadTest" time="0.0">
    <skipped message="Cannot invoke &quot;com.microsoft.playwright.Page.locator(String)&quot; because &quot;this.page&quot; is null"/>
  </testcase>
  <testcase name="addLeadForAdditionalFurnitureLeadTest[Godrej, Mina, Mehta, +62, Digital, Google, Project Management Consultancy, Costing, Customer referred by friend #312, CP, Tushar Bhai, Hot, 51-70 Lakhs, Residential Project, Immediate, Self-Finance, 29101971, Gandhinagar, Reliance, 27, 12 Months](437)" classname="tests.AddFurnitureLeadTest" time="0.0">
    <skipped message="Cannot invoke &quot;com.microsoft.playwright.Page.locator(String)&quot; because &quot;this.page&quot; is null"/>
  </testcase>
  <testcase name="addLeadForAdditionalFurnitureLeadTest[Lofy Home Store, Bhavna, Soni, +228, Digital, Google, Project Management Consultancy, Vendor Management, Prefers compact designs #356, CP, Tushar Bhai, Hot, 51-70 Lakhs, Residential Project, In 3 Months, Bank Loan, 05111969, Jamnagar, Arvind Mills, 357, 18 Months](438)" classname="tests.AddFurnitureLeadTest" time="0.0">
    <skipped message="Cannot invoke &quot;com.microsoft.playwright.Page.locator(String)&quot; because &quot;this.page&quot; is null"/>
  </testcase>
  <testcase name="addLeadForAdditionalFurnitureLeadTest[Haworth, Rina, Joshi, +260, Digital, Google, Execution, Carpentry, Interested in outdoor furniture #20, CP, Tushar Bhai, Hot, 51-70 Lakhs, Residential Project, In 6 Months, Private Investor, 12031984, Bhavnagar, Zydus Cadila, 85, 9 Months](439)" classname="tests.AddFurnitureLeadTest" time="0.0">
    <skipped message="Cannot invoke &quot;com.microsoft.playwright.Page.locator(String)&quot; because &quot;this.page&quot; is null"/>
  </testcase>
  <testcase name="addLeadForAdditionalFurnitureLeadTest[Lofy Interior Solutions, Anjali, Joshi, +49, Digital, Google, Execution, Civil, Interested in outdoor furniture #456, CP, Tushar Bhai, Hot, 51-70 Lakhs, Residential Project, In 1 Year +, Bank Loan, 13051978, Ahmedabad, Torrent Power, 688, 24 Months](440)" classname="tests.AddFurnitureLeadTest" time="0.0">
    <skipped message="Cannot invoke &quot;com.microsoft.playwright.Page.locator(String)&quot; because &quot;this.page&quot; is null"/>
  </testcase>
  <testcase name="addLeadForAdditionalFurnitureLeadTest[Stanley - SLN, Viren, Joshi, +41, Digital, Google, Execution, Electrical, Requesting catalog #170, CP, Tushar Bhai, Hot, 51-70 Lakhs, Hospitality, Immediate, Self-Finance, 11121993, Junagadh, Amul, 108, 24 Months](441)" classname="tests.AddFurnitureLeadTest" time="0.0">
    <skipped message="Cannot invoke &quot;com.microsoft.playwright.Page.locator(String)&quot; because &quot;this.page&quot; is null"/>
  </testcase>
  <testcase name="addLeadForAdditionalFurnitureLeadTest[Stanley - SBC, Nirav, Shukla, +221, Digital, Google, Execution, Finishing only, Looking for space-saving solutions #122, CP, Tushar Bhai, Hot, 51-70 Lakhs, Hospitality, In 3 Months, Bank Loan, 01121999, Ahmedabad, Tata Consultancy, 260, 24 Months](442)" classname="tests.AddFurnitureLeadTest" time="0.0">
    <skipped message="Cannot invoke &quot;com.microsoft.playwright.Page.locator(String)&quot; because &quot;this.page&quot; is null"/>
  </testcase>
  <testcase name="addLeadForAdditionalFurnitureLeadTest[Godrej, Karan, Shah, +258, Digital, Google, Design only, 2D/3D Layouts, Looking for budget-friendly options #382, CP, Tushar Bhai, Hot, 51-70 Lakhs, Hospitality, In 6 Months, Self-Finance, 02111988, Vadodara, Arvind Mills, 716, 9 Months](443)" classname="tests.AddFurnitureLeadTest" time="0.0">
    <skipped message="Cannot invoke &quot;com.microsoft.playwright.Page.locator(String)&quot; because &quot;this.page&quot; is null"/>
  </testcase>
  <testcase name="addLeadForAdditionalFurnitureLeadTest[Lofy Home Store, Jigar, Kapoor, +225, Digital, Google, Design only, Material Selection, Enquiring about warranty period #472, CP, Tushar Bhai, Hot, 51-70 Lakhs, Hospitality, In 1 Year +, Bank Loan, 17051995, Surat, Adani Group, 628, 9 Months](444)" classname="tests.AddFurnitureLeadTest" time="0.0">
    <skipped message="Cannot invoke &quot;com.microsoft.playwright.Page.locator(String)&quot; because &quot;this.page&quot; is null"/>
  </testcase>
  <testcase name="addLeadForAdditionalFurnitureLeadTest[Haworth, Rohit, Choksi, +211, Digital, Email, Living, Sofa, First-time buyer #460, CP, Tushar Bhai, Hot, 51-70 Lakhs, Retail, Immediate, Private Investor, 15081978, Ahmedabad, Zydus Cadila, 196, 3 Months](445)" classname="tests.AddFurnitureLeadTest" time="0.0">
    <skipped message="Cannot invoke &quot;com.microsoft.playwright.Page.locator(String)&quot; because &quot;this.page&quot; is null"/>
  </testcase>
  <testcase name="addLeadForAdditionalFurnitureLeadTest[Lofy Interior Solutions, Aarav, Vyas, +212, Digital, Email, Living, Recliner, Wants kids&apos; room furniture #11, CP, Tushar Bhai, Hot, 51-70 Lakhs, Retail, In 3 Months, Business Loan, 10071978, Gandhinagar, Torrent Power, 280, 6 Months](446)" classname="tests.AddFurnitureLeadTest" time="0.0">
    <skipped message="Cannot invoke &quot;com.microsoft.playwright.Page.locator(String)&quot; because &quot;this.page&quot; is null"/>
  </testcase>
  <testcase name="addLeadForAdditionalFurnitureLeadTest[Stanley - SLN, Neha, Thakkar, +218, Digital, Email, Living, Coffee Table, Looking for office furniture #419, CP, Tushar Bhai, Hot, 51-70 Lakhs, Retail, In 6 Months, Self-Finance, 06021981, Gandhinagar, Tata Consultancy, 527, 24 Months](447)" classname="tests.AddFurnitureLeadTest" time="0.0">
    <skipped message="Cannot invoke &quot;com.microsoft.playwright.Page.locator(String)&quot; because &quot;this.page&quot; is null"/>
  </testcase>
  <testcase name="addLeadForAdditionalFurnitureLeadTest[Stanley - SBC, Sonal, Parikh, +45, Digital, Email, Living, TV Unit, Asking for fabric color options #156, CP, Tushar Bhai, Hot, 51-70 Lakhs, Retail, In 1 Year +, Self-Finance, 03041974, Jamnagar, Reliance, 540, 18 Months](448)" classname="tests.AddFurnitureLeadTest" time="0.0">
    <skipped message="Cannot invoke &quot;com.microsoft.playwright.Page.locator(String)&quot; because &quot;this.page&quot; is null"/>
  </testcase>
  <testcase name="addLeadForAdditionalFurnitureLeadTest[Godrej, Bhavna, Joshi, +254, Digital, Email, Dining, Dining Table, Requesting bulk order discount #144, CP, Tushar Bhai, Hot, 51-70 Lakhs, Commercial, Immediate, Business Loan, 18041997, Junagadh, Adani Group, 933, 24 Months](449)" classname="tests.AddFurnitureLeadTest" time="0.0">
    <skipped message="Cannot invoke &quot;com.microsoft.playwright.Page.locator(String)&quot; because &quot;this.page&quot; is null"/>
  </testcase>
  <testcase name="addLeadForAdditionalFurnitureLeadTest[Lofy Home Store, Sonal, Desai, +251, Digital, Email, Dining, Chairs, Looking for leather finish #252, CP, Tushar Bhai, Hot, 51-70 Lakhs, Commercial, In 3 Months, Mortgage, 07121995, Ahmedabad, Torrent Power, 141, 6 Months](450)" classname="tests.AddFurnitureLeadTest" time="0.0">
    <skipped message="Cannot invoke &quot;com.microsoft.playwright.Page.locator(String)&quot; because &quot;this.page&quot; is null"/>
  </testcase>
  <testcase name="addLeadForAdditionalFurnitureLeadTest[Haworth, Rishi, Choksi, +93, Digital, Email, Dining, Bench, Checking stock availability #357, CP, Tushar Bhai, Hot, 51-70 Lakhs, Commercial, In 6 Months, Bank Loan, 04111977, Gandhinagar, Torrent Power, 776, 18 Months](451)" classname="tests.AddFurnitureLeadTest" time="0.0">
    <skipped message="Cannot invoke &quot;com.microsoft.playwright.Page.locator(String)&quot; because &quot;this.page&quot; is null"/>
  </testcase>
  <testcase name="addLeadForAdditionalFurnitureLeadTest[Lofy Interior Solutions, Rishi, Mehta, +242, Digital, Email, BedRoom, Bed, Prefers compact designs #51, CP, Tushar Bhai, Hot, 51-70 Lakhs, Commercial, In 1 Year +, Self-Finance, 25031983, Junagadh, Zydus Cadila, 722, 3 Months](452)" classname="tests.AddFurnitureLeadTest" time="0.0">
    <skipped message="Cannot invoke &quot;com.microsoft.playwright.Page.locator(String)&quot; because &quot;this.page&quot; is null"/>
  </testcase>
  <testcase name="addLeadForAdditionalFurnitureLeadTest[Stanley - SLN, Kavya, Dave, +240, Digital, Email, BedRoom, Side Table, Checking stock availability #117, CP, Tushar Bhai, Hot, 51-70 Lakhs, Custom Manufacturing, Immediate, Business Loan, 25061981, Rajkot, Zydus Cadila, 174, 12 Months](453)" classname="tests.AddFurnitureLeadTest" time="0.0">
    <skipped message="Cannot invoke &quot;com.microsoft.playwright.Page.locator(String)&quot; because &quot;this.page&quot; is null"/>
  </testcase>
  <testcase name="addLeadForAdditionalFurnitureLeadTest[Stanley - SBC, Neha, Choksi, +58, Digital, Email, BedRoom, Dressing, Urgent requirement #154, CP, Tushar Bhai, Hot, 51-70 Lakhs, Custom Manufacturing, In 3 Months, Bank Loan, 25091972, Gandhinagar, Amul, 418, 12 Months](454)" classname="tests.AddFurnitureLeadTest" time="0.0">
    <skipped message="Cannot invoke &quot;com.microsoft.playwright.Page.locator(String)&quot; because &quot;this.page&quot; is null"/>
  </testcase>
  <testcase name="addLeadForAdditionalFurnitureLeadTest[Godrej, Pooja, Thakkar, +48, Digital, Email, BedRoom, Mattress, Interested in sofa sets #227, CP, Tushar Bhai, Hot, 51-70 Lakhs, Custom Manufacturing, In 6 Months, Bank Loan, 01041988, Junagadh, Zydus Cadila, 765, 3 Months](455)" classname="tests.AddFurnitureLeadTest" time="0.0">
    <skipped message="Cannot invoke &quot;com.microsoft.playwright.Page.locator(String)&quot; because &quot;this.page&quot; is null"/>
  </testcase>
  <testcase name="addLeadForAdditionalFurnitureLeadTest[Lofy Home Store, Bhavna, Shukla, +48, Digital, Email, Study, Study Table, Wants matching dining set #423, CP, Tushar Bhai, Hot, 51-70 Lakhs, Custom Manufacturing, In 1 Year +, Self-Finance, 31051973, Bhavnagar, Amul, 565, 3 Months](456)" classname="tests.AddFurnitureLeadTest" time="0.0">
    <skipped message="Cannot invoke &quot;com.microsoft.playwright.Page.locator(String)&quot; because &quot;this.page&quot; is null"/>
  </testcase>
  <testcase name="addLeadForAdditionalFurnitureLeadTest[Haworth, Pooja, Joshi, +64, Digital, Email, Study, Chairs, Looking for office furniture #138, CP, Tushar Bhai, Hot, 71+ Lakhs, Office Furniture, Immediate, Bank Loan, 20111997, Jamnagar, Zydus Cadila, 436, 18 Months](457)" classname="tests.AddFurnitureLeadTest" time="0.0">
    <skipped message="Cannot invoke &quot;com.microsoft.playwright.Page.locator(String)&quot; because &quot;this.page&quot; is null"/>
  </testcase>
  <testcase name="addLeadForAdditionalFurnitureLeadTest[Lofy Interior Solutions, Kavya, Shah, +254, Digital, Email, Study, Library Unit, Interested in sofa sets #214, CP, Tushar Bhai, Hot, 71+ Lakhs, Office Furniture, In 3 Months, Self-Finance, 03071978, Gandhinagar, Tata Consultancy, 187, 6 Months](458)" classname="tests.AddFurnitureLeadTest" time="0.0">
    <skipped message="Cannot invoke &quot;com.microsoft.playwright.Page.locator(String)&quot; because &quot;this.page&quot; is null"/>
  </testcase>
  <testcase name="addLeadForAdditionalFurnitureLeadTest[Stanley - SLN, Krishna, Vyas, +7, Digital, Email, Kitchen, Modular, Customer referred by friend #331, CP, Tushar Bhai, Hot, 71+ Lakhs, Office Furniture, In 6 Months, Private Investor, 26061978, Junagadh, Arvind Mills, 543, 6 Months](459)" classname="tests.AddFurnitureLeadTest" time="0.0">
    <skipped message="Cannot invoke &quot;com.microsoft.playwright.Page.locator(String)&quot; because &quot;this.page&quot; is null"/>
  </testcase>
  <testcase name="addLeadForAdditionalFurnitureLeadTest[Stanley - SBC, Karan, Kapoor, +62, Digital, Email, Kitchen, Semi-Modular, Prefers wooden furniture #97, CP, Tushar Bhai, Hot, 71+ Lakhs, Office Furniture, In 1 Year +, Bank Loan, 15041993, Gandhinagar, Arvind Mills, 576, 9 Months](460)" classname="tests.AddFurnitureLeadTest" time="0.0">
    <skipped message="Cannot invoke &quot;com.microsoft.playwright.Page.locator(String)&quot; because &quot;this.page&quot; is null"/>
  </testcase>
  <testcase name="addLeadForAdditionalFurnitureLeadTest[Godrej, Rina, Gandhi, +53, Digital, Email, Kitchen, Countertop, Prefers eco-friendly material #109, CP, Tushar Bhai, Hot, 71+ Lakhs, Residential Project, Immediate, Private Investor, 25121995, Surat, Tata Consultancy, 790, 3 Months](461)" classname="tests.AddFurnitureLeadTest" time="0.0">
    <skipped message="Cannot invoke &quot;com.microsoft.playwright.Page.locator(String)&quot; because &quot;this.page&quot; is null"/>
  </testcase>
  <testcase name="addLeadForAdditionalFurnitureLeadTest[Lofy Home Store, Pooja, Patel, +46, Digital, Email, Kitchen, Appliances, Interested in seasonal discount #422, CP, Tushar Bhai, Hot, 71+ Lakhs, Residential Project, In 3 Months, Business Loan, 09081969, Jamnagar, Adani Group, 123, 3 Months](462)" classname="tests.AddFurnitureLeadTest" time="0.0">
    <skipped message="Cannot invoke &quot;com.microsoft.playwright.Page.locator(String)&quot; because &quot;this.page&quot; is null"/>
  </testcase>
  <testcase name="addLeadForAdditionalFurnitureLeadTest[Haworth, Hetal, Kapoor, +44, Digital, Email, Wardrobes, Sliding, Checking modular kitchen options #380, CP, Tushar Bhai, Hot, 71+ Lakhs, Residential Project, In 6 Months, Bank Loan, 26011994, Bhavnagar, Amul, 277, 24 Months](463)" classname="tests.AddFurnitureLeadTest" time="0.0">
    <skipped message="Cannot invoke &quot;com.microsoft.playwright.Page.locator(String)&quot; because &quot;this.page&quot; is null"/>
  </testcase>
  <testcase name="addLeadForAdditionalFurnitureLeadTest[Lofy Interior Solutions, Priya, Trivedi, +226, Digital, Email, Wardrobes, Hinged, Enquiring about warranty period #389, CP, Tushar Bhai, Hot, 71+ Lakhs, Residential Project, In 1 Year +, Self-Finance, 24041965, Gandhinagar, Arvind Mills, 706, 12 Months](464)" classname="tests.AddFurnitureLeadTest" time="0.0">
    <skipped message="Cannot invoke &quot;com.microsoft.playwright.Page.locator(String)&quot; because &quot;this.page&quot; is null"/>
  </testcase>
  <testcase name="addLeadForAdditionalFurnitureLeadTest[Stanley - SLN, Kavya, Parikh, +245, Digital, Email, Wardrobes, Walk-in, Request for free installation #445, CP, Tushar Bhai, Hot, 71+ Lakhs, Hospitality, Immediate, Mortgage, 06051969, Ahmedabad, Amul, 661, 12 Months](465)" classname="tests.AddFurnitureLeadTest" time="0.0">
    <skipped message="Cannot invoke &quot;com.microsoft.playwright.Page.locator(String)&quot; because &quot;this.page&quot; is null"/>
  </testcase>
  <testcase name="addLeadForAdditionalFurnitureLeadTest[Stanley - SBC, Krishna, Thakkar, +234, Digital, Email, Office, WorkStations, Wants kids&apos; room furniture #421, CP, Tushar Bhai, Hot, 71+ Lakhs, Hospitality, In 3 Months, Private Investor, 31031970, Ahmedabad, Adani Group, 340, 18 Months](466)" classname="tests.AddFurnitureLeadTest" time="0.0">
    <skipped message="Cannot invoke &quot;com.microsoft.playwright.Page.locator(String)&quot; because &quot;this.page&quot; is null"/>
  </testcase>
  <testcase name="addLeadForAdditionalFurnitureLeadTest[Godrej, Kavya, Joshi, +31, Digital, Email, Office, Conference Table, Looking for budget-friendly options #264, CP, Tushar Bhai, Hot, 71+ Lakhs, Hospitality, In 6 Months, Business Loan, 08111982, Junagadh, Zydus Cadila, 651, 18 Months](467)" classname="tests.AddFurnitureLeadTest" time="0.0">
    <skipped message="Cannot invoke &quot;com.microsoft.playwright.Page.locator(String)&quot; because &quot;this.page&quot; is null"/>
  </testcase>
  <testcase name="addLeadForAdditionalFurnitureLeadTest[Lofy Home Store, Bhavna, Joshi, +252, Digital, Email, Office, Cabin Setup, Asking for fabric color options #82, CP, Tushar Bhai, Hot, 71+ Lakhs, Hospitality, In 1 Year +, Bank Loan, 12081976, Gandhinagar, Adani Group, 683, 12 Months](468)" classname="tests.AddFurnitureLeadTest" time="0.0">
    <skipped message="Cannot invoke &quot;com.microsoft.playwright.Page.locator(String)&quot; because &quot;this.page&quot; is null"/>
  </testcase>
  <testcase name="addLeadForAdditionalFurnitureLeadTest[Haworth, Mehul, Desai, +231, Digital, Email, Outdoor, Patio, Prefers wooden furniture #160, CP, Tushar Bhai, Hot, 71+ Lakhs, Retail, Immediate, Bank Loan, 05021996, Vadodara, Adani Group, 218, 18 Months](469)" classname="tests.AddFurnitureLeadTest" time="0.0">
    <skipped message="Cannot invoke &quot;com.microsoft.playwright.Page.locator(String)&quot; because &quot;this.page&quot; is null"/>
  </testcase>
  <testcase name="addLeadForAdditionalFurnitureLeadTest[Lofy Interior Solutions, Viren, Thakkar, +257, Digital, Email, Outdoor, Swing, Looking for space-saving solutions #260, CP, Tushar Bhai, Hot, 71+ Lakhs, Retail, In 3 Months, Private Investor, 22061977, Junagadh, Amul, 994, 18 Months](470)" classname="tests.AddFurnitureLeadTest" time="0.0">
    <skipped message="Cannot invoke &quot;com.microsoft.playwright.Page.locator(String)&quot; because &quot;this.page&quot; is null"/>
  </testcase>
  <testcase name="addLeadForAdditionalFurnitureLeadTest[Stanley - SLN, Viren, Chaudhary, +262, Digital, Email, Outdoor, Garden Seating, Interested in outdoor furniture #70, CP, Tushar Bhai, Hot, 71+ Lakhs, Retail, In 6 Months, Mortgage, 30062001, Rajkot, Tata Consultancy, 864, 12 Months](471)" classname="tests.AddFurnitureLeadTest" time="0.0">
    <skipped message="Cannot invoke &quot;com.microsoft.playwright.Page.locator(String)&quot; because &quot;this.page&quot; is null"/>
  </testcase>
  <testcase name="addLeadForAdditionalFurnitureLeadTest[Stanley - SBC, Rohit, Choksi, +39, Digital, Email, Turkey Solution, Full Home Package(Design + Execution + Furniture), Wants matching dining set #436, CP, Tushar Bhai, Hot, 71+ Lakhs, Retail, In 1 Year +, Mortgage, 24041967, Jamnagar, Zydus Cadila, 760, 18 Months](472)" classname="tests.AddFurnitureLeadTest" time="0.0">
    <skipped message="Cannot invoke &quot;com.microsoft.playwright.Page.locator(String)&quot; because &quot;this.page&quot; is null"/>
  </testcase>
  <testcase name="addLeadForAdditionalFurnitureLeadTest[Godrej, Mina, Vyas, +48, Digital, Email, Project Management Consultancy, Project Advisory, Request for free installation #451, CP, Tushar Bhai, Hot, 71+ Lakhs, Commercial, Immediate, Mortgage, 29121971, Junagadh, Zydus Cadila, 527, 6 Months](473)" classname="tests.AddFurnitureLeadTest" time="0.0">
    <skipped message="Cannot invoke &quot;com.microsoft.playwright.Page.locator(String)&quot; because &quot;this.page&quot; is null"/>
  </testcase>
  <testcase name="addLeadForAdditionalFurnitureLeadTest[Lofy Home Store, Rina, Bhatt, +81, Digital, Email, Project Management Consultancy, Costing, Looking for EMI options #15, CP, Tushar Bhai, Hot, 71+ Lakhs, Commercial, In 3 Months, Business Loan, 07071976, Bhavnagar, Amul, 23, 12 Months](474)" classname="tests.AddFurnitureLeadTest" time="0.0">
    <skipped message="Cannot invoke &quot;com.microsoft.playwright.Page.locator(String)&quot; because &quot;this.page&quot; is null"/>
  </testcase>
  <testcase name="addLeadForAdditionalFurnitureLeadTest[Haworth, Aarav, Shah, +246, Digital, Email, Project Management Consultancy, Vendor Management, Need delivery within a week #99, CP, Tushar Bhai, Hot, 71+ Lakhs, Commercial, In 6 Months, Private Investor, 23071996, Gandhinagar, Tata Consultancy, 248, 24 Months](475)" classname="tests.AddFurnitureLeadTest" time="0.0">
    <skipped message="Cannot invoke &quot;com.microsoft.playwright.Page.locator(String)&quot; because &quot;this.page&quot; is null"/>
  </testcase>
  <testcase name="addLeadForAdditionalFurnitureLeadTest[Lofy Interior Solutions, Mehul, Gandhi, +234, Digital, Email, Execution, Carpentry, Requesting catalog #427, CP, Tushar Bhai, Hot, 71+ Lakhs, Commercial, In 1 Year +, Mortgage, 20091970, Junagadh, Amul, 339, 3 Months](476)" classname="tests.AddFurnitureLeadTest" time="0.0">
    <skipped message="Cannot invoke &quot;com.microsoft.playwright.Page.locator(String)&quot; because &quot;this.page&quot; is null"/>
  </testcase>
  <testcase name="addLeadForAdditionalFurnitureLeadTest[Stanley - SLN, Krishna, Desai, +260, Digital, Email, Execution, Civil, Asking for custom designs #429, CP, Tushar Bhai, Hot, 71+ Lakhs, Custom Manufacturing, Immediate, Bank Loan, 25052003, Gandhinagar, Amul, 872, 24 Months](477)" classname="tests.AddFurnitureLeadTest" time="0.0">
    <skipped message="Cannot invoke &quot;com.microsoft.playwright.Page.locator(String)&quot; because &quot;this.page&quot; is null"/>
  </testcase>
  <testcase name="addLeadForAdditionalFurnitureLeadTest[Stanley - SBC, Krishna, Patel, +253, Digital, Email, Execution, Electrical, Looking for budget-friendly options #128, CP, Tushar Bhai, Hot, 71+ Lakhs, Custom Manufacturing, In 3 Months, Self-Finance, 07041979, Ahmedabad, Amul, 130, 12 Months](478)" classname="tests.AddFurnitureLeadTest" time="0.0">
    <skipped message="Cannot invoke &quot;com.microsoft.playwright.Page.locator(String)&quot; because &quot;this.page&quot; is null"/>
  </testcase>
  <testcase name="addLeadForAdditionalFurnitureLeadTest[Godrej, Mehul, Joshi, +226, Digital, Email, Execution, Finishing only, Looking for budget-friendly options #234, CP, Tushar Bhai, Hot, 71+ Lakhs, Custom Manufacturing, In 6 Months, Mortgage, 24072001, Vadodara, Tata Consultancy, 283, 3 Months](479)" classname="tests.AddFurnitureLeadTest" time="0.0">
    <skipped message="Cannot invoke &quot;com.microsoft.playwright.Page.locator(String)&quot; because &quot;this.page&quot; is null"/>
  </testcase>
  <testcase name="addLeadForAdditionalFurnitureLeadTest[Lofy Home Store, Anjali, Shukla, +94, Digital, Email, Design only, 2D/3D Layouts, Looking for budget-friendly options #471, CP, Tushar Bhai, Hot, 71+ Lakhs, Custom Manufacturing, In 1 Year +, Bank Loan, 03051976, Junagadh, Arvind Mills, 26, 3 Months](480)" classname="tests.AddFurnitureLeadTest" time="0.0">
    <skipped message="Cannot invoke &quot;com.microsoft.playwright.Page.locator(String)&quot; because &quot;this.page&quot; is null"/>
  </testcase>
  <testcase name="addLeadForAdditionalFurnitureLeadTest[Haworth, Bhavna, Soni, +222, Digital, Email, Design only, Material Selection, Wants kids&apos; room furniture #361, CP, Tushar Bhai, Cold, 15-25 Lakhs, Office Furniture, Immediate, Self-Finance, 21111989, Gandhinagar, Torrent Power, 425, 12 Months](481)" classname="tests.AddFurnitureLeadTest" time="0.0">
    <skipped message="Cannot invoke &quot;com.microsoft.playwright.Page.locator(String)&quot; because &quot;this.page&quot; is null"/>
  </testcase>
  <testcase name="addLeadForAdditionalFurnitureLeadTest[Lofy Interior Solutions, Mina, Gandhi, +223, Digital, WhatsApp, Living, Sofa, Asking for custom designs #141, CP, Tushar Bhai, Cold, 15-25 Lakhs, Office Furniture, In 3 Months, Self-Finance, 21101980, Bhavnagar, Reliance, 61, 24 Months](482)" classname="tests.AddFurnitureLeadTest" time="0.0">
    <skipped message="Cannot invoke &quot;com.microsoft.playwright.Page.locator(String)&quot; because &quot;this.page&quot; is null"/>
  </testcase>
  <testcase name="addLeadForAdditionalFurnitureLeadTest[Stanley - SLN, Rishi, Kapoor, +64, Digital, WhatsApp, Living, Recliner, Wants kids&apos; room furniture #422, CP, Tushar Bhai, Cold, 15-25 Lakhs, Office Furniture, In 6 Months, Business Loan, 20071966, Junagadh, Tata Consultancy, 855, 9 Months](483)" classname="tests.AddFurnitureLeadTest" time="0.0">
    <skipped message="Cannot invoke &quot;com.microsoft.playwright.Page.locator(String)&quot; because &quot;this.page&quot; is null"/>
  </testcase>
  <testcase name="addLeadForAdditionalFurnitureLeadTest[Stanley - SBC, Neha, Joshi, +257, Digital, WhatsApp, Living, Coffee Table, Prefers eco-friendly material #259, CP, Tushar Bhai, Cold, 15-25 Lakhs, Office Furniture, In 1 Year +, Bank Loan, 11031991, Bhavnagar, Amul, 15, 18 Months](484)" classname="tests.AddFurnitureLeadTest" time="0.0">
    <skipped message="Cannot invoke &quot;com.microsoft.playwright.Page.locator(String)&quot; because &quot;this.page&quot; is null"/>
  </testcase>
  <testcase name="addLeadForAdditionalFurnitureLeadTest[Godrej, Neha, Dave, +40, Digital, WhatsApp, Living, TV Unit, Interested in outdoor furniture #326, CP, Tushar Bhai, Cold, 15-25 Lakhs, Residential Project, Immediate, Mortgage, 03061987, Surat, Torrent Power, 195, 12 Months](485)" classname="tests.AddFurnitureLeadTest" time="0.0">
    <skipped message="Cannot invoke &quot;com.microsoft.playwright.Page.locator(String)&quot; because &quot;this.page&quot; is null"/>
  </testcase>
  <testcase name="addLeadForAdditionalFurnitureLeadTest[Lofy Home Store, Neha, Mehta, +224, Digital, WhatsApp, Dining, Dining Table, Interested in seasonal discount #64, CP, Tushar Bhai, Cold, 15-25 Lakhs, Residential Project, In 3 Months, Mortgage, 04111984, Vadodara, Amul, 682, 6 Months](486)" classname="tests.AddFurnitureLeadTest" time="0.0">
    <skipped message="Cannot invoke &quot;com.microsoft.playwright.Page.locator(String)&quot; because &quot;this.page&quot; is null"/>
  </testcase>
  <testcase name="addLeadForAdditionalFurnitureLeadTest[Haworth, Mehul, Bhatt, +212, Digital, WhatsApp, Dining, Chairs, Prefers compact designs #16, CP, Tushar Bhai, Cold, 15-25 Lakhs, Residential Project, In 6 Months, Self-Finance, 23111986, Surat, Amul, 437, 18 Months](487)" classname="tests.AddFurnitureLeadTest" time="0.0">
    <skipped message="Cannot invoke &quot;com.microsoft.playwright.Page.locator(String)&quot; because &quot;this.page&quot; is null"/>
  </testcase>
  <testcase name="addLeadForAdditionalFurnitureLeadTest[Lofy Interior Solutions, Nirav, Desai, +33, Digital, WhatsApp, Dining, Bench, Repeat customer inquiry #191, CP, Tushar Bhai, Cold, 15-25 Lakhs, Residential Project, In 1 Year +, Self-Finance, 09071999, Rajkot, Amul, 920, 24 Months](488)" classname="tests.AddFurnitureLeadTest" time="0.0">
    <skipped message="Cannot invoke &quot;com.microsoft.playwright.Page.locator(String)&quot; because &quot;this.page&quot; is null"/>
  </testcase>
  <testcase name="addLeadForAdditionalFurnitureLeadTest[Stanley - SLN, Nirav, Bhatt, +45, Digital, WhatsApp, BedRoom, Bed, Enquiring about warranty period #305, CP, Tushar Bhai, Cold, 15-25 Lakhs, Hospitality, Immediate, Bank Loan, 19042000, Bhavnagar, Arvind Mills, 218, 18 Months](489)" classname="tests.AddFurnitureLeadTest" time="0.0">
    <skipped message="Cannot invoke &quot;com.microsoft.playwright.Page.locator(String)&quot; because &quot;this.page&quot; is null"/>
  </testcase>
  <testcase name="addLeadForAdditionalFurnitureLeadTest[Stanley - SBC, Mehul, Raval, +255, Digital, WhatsApp, BedRoom, Side Table, Prefers eco-friendly material #91, CP, Tushar Bhai, Cold, 15-25 Lakhs, Hospitality, In 3 Months, Business Loan, 27071967, Rajkot, Adani Group, 165, 6 Months](490)" classname="tests.AddFurnitureLeadTest" time="0.0">
    <skipped message="Cannot invoke &quot;com.microsoft.playwright.Page.locator(String)&quot; because &quot;this.page&quot; is null"/>
  </testcase>
  <testcase name="addLeadForAdditionalFurnitureLeadTest[Godrej, Karan, Mehta, +32, Digital, WhatsApp, BedRoom, Dressing, Checking stock availability #243, CP, Tushar Bhai, Cold, 15-25 Lakhs, Hospitality, In 6 Months, Business Loan, 31031985, Junagadh, Reliance, 56, 6 Months](491)" classname="tests.AddFurnitureLeadTest" time="0.0">
    <skipped message="Cannot invoke &quot;com.microsoft.playwright.Page.locator(String)&quot; because &quot;this.page&quot; is null"/>
  </testcase>
  <testcase name="addLeadForAdditionalFurnitureLeadTest[Lofy Home Store, Jigar, Chaudhary, +90, Digital, WhatsApp, BedRoom, Mattress, Looking for EMI options #283, CP, Tushar Bhai, Cold, 15-25 Lakhs, Hospitality, In 1 Year +, Self-Finance, 11081981, Ahmedabad, Adani Group, 458, 24 Months](492)" classname="tests.AddFurnitureLeadTest" time="0.0">
    <skipped message="Cannot invoke &quot;com.microsoft.playwright.Page.locator(String)&quot; because &quot;this.page&quot; is null"/>
  </testcase>
  <testcase name="addLeadForAdditionalFurnitureLeadTest[Haworth, Mehul, Trivedi, +243, Digital, WhatsApp, Study, Study Table, Wants kids&apos; room furniture #177, CP, Tushar Bhai, Cold, 15-25 Lakhs, Retail, Immediate, Bank Loan, 13042000, Rajkot, Arvind Mills, 522, 12 Months](493)" classname="tests.AddFurnitureLeadTest" time="0.0">
    <skipped message="Cannot invoke &quot;com.microsoft.playwright.Page.locator(String)&quot; because &quot;this.page&quot; is null"/>
  </testcase>
  <testcase name="addLeadForAdditionalFurnitureLeadTest[Lofy Interior Solutions, Bhavna, Kapoor, +49, Digital, WhatsApp, Study, Chairs, Need delivery within a week #429, CP, Tushar Bhai, Cold, 15-25 Lakhs, Retail, In 3 Months, Private Investor, 28071976, Gandhinagar, Torrent Power, 471, 6 Months](494)" classname="tests.AddFurnitureLeadTest" time="0.0">
    <skipped message="Cannot invoke &quot;com.microsoft.playwright.Page.locator(String)&quot; because &quot;this.page&quot; is null"/>
  </testcase>
  <testcase name="addLeadForAdditionalFurnitureLeadTest[Stanley - SLN, Rishi, Bhatt, +43, Digital, WhatsApp, Study, Library Unit, Requesting catalog #133, CP, Tushar Bhai, Cold, 15-25 Lakhs, Retail, In 6 Months, Bank Loan, 09071980, Junagadh, Tata Consultancy, 413, 24 Months](495)" classname="tests.AddFurnitureLeadTest" time="0.0">
    <skipped message="Cannot invoke &quot;com.microsoft.playwright.Page.locator(String)&quot; because &quot;this.page&quot; is null"/>
  </testcase>
  <testcase name="addLeadForAdditionalFurnitureLeadTest[Stanley - SBC, Hetal, Gandhi, +241, Digital, WhatsApp, Kitchen, Modular, Interested in sofa sets #426, CP, Tushar Bhai, Cold, 15-25 Lakhs, Retail, In 1 Year +, Bank Loan, 27122001, Gandhinagar, Amul, 204, 3 Months](496)" classname="tests.AddFurnitureLeadTest" time="0.0">
    <skipped message="Cannot invoke &quot;com.microsoft.playwright.Page.locator(String)&quot; because &quot;this.page&quot; is null"/>
  </testcase>
  <testcase name="addLeadForAdditionalFurnitureLeadTest[Godrej, Jigar, Patel, +81, Digital, WhatsApp, Kitchen, Semi-Modular, Looking for space-saving solutions #47, CP, Tushar Bhai, Cold, 15-25 Lakhs, Commercial, Immediate, Bank Loan, 18021986, Jamnagar, Reliance, 689, 9 Months](497)" classname="tests.AddFurnitureLeadTest" time="0.0">
    <skipped message="Cannot invoke &quot;com.microsoft.playwright.Page.locator(String)&quot; because &quot;this.page&quot; is null"/>
  </testcase>
  <testcase name="addLeadForAdditionalFurnitureLeadTest[Lofy Home Store, Rohit, Trivedi, +223, Digital, WhatsApp, Kitchen, Countertop, Requesting bulk order discount #15, CP, Tushar Bhai, Cold, 15-25 Lakhs, Commercial, In 3 Months, Bank Loan, 29112002, Surat, Amul, 961, 3 Months](498)" classname="tests.AddFurnitureLeadTest" time="0.0">
    <skipped message="Cannot invoke &quot;com.microsoft.playwright.Page.locator(String)&quot; because &quot;this.page&quot; is null"/>
  </testcase>
  <testcase name="addLeadForAdditionalFurnitureLeadTest[Haworth, Jigar, Raval, +254, Digital, WhatsApp, Kitchen, Appliances, Interested in outdoor furniture #26, CP, Tushar Bhai, Cold, 15-25 Lakhs, Commercial, In 6 Months, Bank Loan, 22081998, Junagadh, Adani Group, 79, 24 Months](499)" classname="tests.AddFurnitureLeadTest" time="0.0">
    <skipped message="Cannot invoke &quot;com.microsoft.playwright.Page.locator(String)&quot; because &quot;this.page&quot; is null"/>
  </testcase>
  <testcase name="addLeadForAdditionalFurnitureLeadTest[Lofy Interior Solutions, Kavya, Parikh, +54, Digital, WhatsApp, Wardrobes, Sliding, Need delivery within a week #438, CP, Tushar Bhai, Cold, 15-25 Lakhs, Commercial, In 1 Year +, Bank Loan, 02121983, Rajkot, Adani Group, 965, 9 Months](500)" classname="tests.AddFurnitureLeadTest" time="0.0">
    <skipped message="Cannot invoke &quot;com.microsoft.playwright.Page.locator(String)&quot; because &quot;this.page&quot; is null"/>
  </testcase>
  <testcase name="addLeadForAdditionalFurnitureLeadTest[Stanley - SLN, Dhruv, Kapoor, +90, Digital, WhatsApp, Wardrobes, Hinged, Looking for EMI options #400, CP, Tushar Bhai, Cold, 15-25 Lakhs, Custom Manufacturing, Immediate, Private Investor, 13101976, Rajkot, Reliance, 667, 6 Months](501)" classname="tests.AddFurnitureLeadTest" time="0.0">
    <skipped message="Cannot invoke &quot;com.microsoft.playwright.Page.locator(String)&quot; because &quot;this.page&quot; is null"/>
  </testcase>
  <testcase name="addLeadForAdditionalFurnitureLeadTest[Stanley - SBC, Jigar, Joshi, +1, Digital, WhatsApp, Wardrobes, Walk-in, Asking for custom designs #439, CP, Tushar Bhai, Cold, 15-25 Lakhs, Custom Manufacturing, In 3 Months, Self-Finance, 10051994, Junagadh, Reliance, 546, 9 Months](502)" classname="tests.AddFurnitureLeadTest" time="0.0">
    <skipped message="Cannot invoke &quot;com.microsoft.playwright.Page.locator(String)&quot; because &quot;this.page&quot; is null"/>
  </testcase>
  <testcase name="addLeadForAdditionalFurnitureLeadTest[Godrej, Rishi, Desai, +48, Digital, WhatsApp, Office, WorkStations, Repeat customer inquiry #332, CP, Tushar Bhai, Cold, 15-25 Lakhs, Custom Manufacturing, In 6 Months, Mortgage, 14061992, Bhavnagar, Reliance, 568, 9 Months](503)" classname="tests.AddFurnitureLeadTest" time="0.0">
    <skipped message="Cannot invoke &quot;com.microsoft.playwright.Page.locator(String)&quot; because &quot;this.page&quot; is null"/>
  </testcase>
  <testcase name="addLeadForAdditionalFurnitureLeadTest[Lofy Home Store, Krishna, Chaudhary, +48, Digital, WhatsApp, Office, Conference Table, Repeat customer inquiry #347, CP, Tushar Bhai, Cold, 15-25 Lakhs, Custom Manufacturing, In 1 Year +, Mortgage, 18121994, Rajkot, Reliance, 738, 3 Months](504)" classname="tests.AddFurnitureLeadTest" time="0.0">
    <skipped message="Cannot invoke &quot;com.microsoft.playwright.Page.locator(String)&quot; because &quot;this.page&quot; is null"/>
  </testcase>
  <testcase name="addLeadForAdditionalFurnitureLeadTest[Haworth, Rina, Kapoor, +237, Digital, WhatsApp, Office, Cabin Setup, Asking for custom designs #138, CP, Tushar Bhai, Cold, 26-35 Lakhs, Office Furniture, Immediate, Business Loan, 23041967, Bhavnagar, Amul, 413, 12 Months](505)" classname="tests.AddFurnitureLeadTest" time="0.0">
    <skipped message="Cannot invoke &quot;com.microsoft.playwright.Page.locator(String)&quot; because &quot;this.page&quot; is null"/>
  </testcase>
  <testcase name="addLeadForAdditionalFurnitureLeadTest[Lofy Interior Solutions, Dhruv, Kapoor, +222, Digital, WhatsApp, Outdoor, Patio, Visited showroom last week #210, CP, Tushar Bhai, Cold, 26-35 Lakhs, Office Furniture, In 3 Months, Private Investor, 03011974, Junagadh, Adani Group, 527, 12 Months](506)" classname="tests.AddFurnitureLeadTest" time="0.0">
    <skipped message="Cannot invoke &quot;com.microsoft.playwright.Page.locator(String)&quot; because &quot;this.page&quot; is null"/>
  </testcase>
  <testcase name="addLeadForAdditionalFurnitureLeadTest[Stanley - SLN, Rina, Patel, +51, Digital, WhatsApp, Outdoor, Swing, Request for free installation #11, CP, Tushar Bhai, Cold, 26-35 Lakhs, Office Furniture, In 6 Months, Mortgage, 01081968, Bhavnagar, Adani Group, 984, 24 Months](507)" classname="tests.AddFurnitureLeadTest" time="0.0">
    <skipped message="Cannot invoke &quot;com.microsoft.playwright.Page.locator(String)&quot; because &quot;this.page&quot; is null"/>
  </testcase>
  <testcase name="addLeadForAdditionalFurnitureLeadTest[Stanley - SBC, Rishi, Trivedi, +92, Digital, WhatsApp, Outdoor, Garden Seating, Checking stock availability #400, CP, Tushar Bhai, Cold, 26-35 Lakhs, Office Furniture, In 1 Year +, Bank Loan, 14091967, Ahmedabad, Tata Consultancy, 10, 3 Months](508)" classname="tests.AddFurnitureLeadTest" time="0.0">
    <skipped message="Cannot invoke &quot;com.microsoft.playwright.Page.locator(String)&quot; because &quot;this.page&quot; is null"/>
  </testcase>
  <testcase name="addLeadForAdditionalFurnitureLeadTest[Godrej, Krishna, Desai, +32, Digital, WhatsApp, Turkey Solution, Full Home Package(Design + Execution + Furniture), Wants matching dining set #350, CP, Tushar Bhai, Cold, 26-35 Lakhs, Residential Project, Immediate, Mortgage, 27021977, Jamnagar, Amul, 193, 9 Months](509)" classname="tests.AddFurnitureLeadTest" time="0.0">
    <skipped message="Cannot invoke &quot;com.microsoft.playwright.Page.locator(String)&quot; because &quot;this.page&quot; is null"/>
  </testcase>
  <testcase name="addLeadForAdditionalFurnitureLeadTest[Lofy Home Store, Dhruv, Choksi, +249, Digital, WhatsApp, Project Management Consultancy, Project Advisory, Interested in modern furniture #243, CP, Tushar Bhai, Cold, 26-35 Lakhs, Residential Project, In 3 Months, Bank Loan, 18091988, Rajkot, Amul, 184, 9 Months](510)" classname="tests.AddFurnitureLeadTest" time="0.0">
    <skipped message="Cannot invoke &quot;com.microsoft.playwright.Page.locator(String)&quot; because &quot;this.page&quot; is null"/>
  </testcase>
  <testcase name="addLeadForAdditionalFurnitureLeadTest[Haworth, Mina, Dave, +39, Digital, WhatsApp, Project Management Consultancy, Costing, Interested in seasonal discount #68, CP, Tushar Bhai, Cold, 26-35 Lakhs, Residential Project, In 6 Months, Mortgage, 15111986, Surat, Arvind Mills, 890, 3 Months](511)" classname="tests.AddFurnitureLeadTest" time="0.0">
    <skipped message="Cannot invoke &quot;com.microsoft.playwright.Page.locator(String)&quot; because &quot;this.page&quot; is null"/>
  </testcase>
  <testcase name="addLeadForAdditionalFurnitureLeadTest[Lofy Interior Solutions, Neha, Choksi, +254, Digital, WhatsApp, Project Management Consultancy, Vendor Management, Visited showroom last week #89, CP, Tushar Bhai, Cold, 26-35 Lakhs, Residential Project, In 1 Year +, Bank Loan, 24071981, Ahmedabad, Adani Group, 441, 6 Months](512)" classname="tests.AddFurnitureLeadTest" time="0.0">
    <skipped message="Cannot invoke &quot;com.microsoft.playwright.Page.locator(String)&quot; because &quot;this.page&quot; is null"/>
  </testcase>
  <testcase name="addLeadForAdditionalFurnitureLeadTest[Stanley - SLN, Hetal, Mehta, +91, Digital, WhatsApp, Execution, Carpentry, Customer referred by friend #411, CP, Tushar Bhai, Cold, 26-35 Lakhs, Hospitality, Immediate, Bank Loan, 15021986, Vadodara, Adani Group, 839, 6 Months](513)" classname="tests.AddFurnitureLeadTest" time="0.0">
    <skipped message="Cannot invoke &quot;com.microsoft.playwright.Page.locator(String)&quot; because &quot;this.page&quot; is null"/>
  </testcase>
  <testcase name="addLeadForAdditionalFurnitureLeadTest[Stanley - SBC, Rohit, Thakkar, +66, Digital, WhatsApp, Execution, Civil, Interested in modern furniture #115, CP, Tushar Bhai, Cold, 26-35 Lakhs, Hospitality, In 3 Months, Self-Finance, 22121987, Rajkot, Tata Consultancy, 893, 12 Months](514)" classname="tests.AddFurnitureLeadTest" time="0.0">
    <skipped message="Cannot invoke &quot;com.microsoft.playwright.Page.locator(String)&quot; because &quot;this.page&quot; is null"/>
  </testcase>
  <testcase name="addLeadForAdditionalFurnitureLeadTest[Godrej, Jigar, Choksi, +235, Digital, WhatsApp, Execution, Electrical, First-time buyer #312, CP, Tushar Bhai, Cold, 26-35 Lakhs, Hospitality, In 6 Months, Bank Loan, 20121966, Junagadh, Zydus Cadila, 531, 18 Months](515)" classname="tests.AddFurnitureLeadTest" time="0.0">
    <skipped message="Cannot invoke &quot;com.microsoft.playwright.Page.locator(String)&quot; because &quot;this.page&quot; is null"/>
  </testcase>
  <testcase name="addLeadForAdditionalFurnitureLeadTest[Lofy Home Store, Rohit, Mehta, +224, Digital, WhatsApp, Execution, Finishing only, Asking for fabric color options #483, CP, Tushar Bhai, Cold, 26-35 Lakhs, Hospitality, In 1 Year +, Private Investor, 30101979, Rajkot, Torrent Power, 672, 6 Months](516)" classname="tests.AddFurnitureLeadTest" time="0.0">
    <skipped message="Cannot invoke &quot;com.microsoft.playwright.Page.locator(String)&quot; because &quot;this.page&quot; is null"/>
  </testcase>
  <testcase name="addLeadForAdditionalFurnitureLeadTest[Haworth, Pooja, Soni, +256, Digital, WhatsApp, Design only, 2D/3D Layouts, Requesting bulk order discount #365, CP, Tushar Bhai, Cold, 26-35 Lakhs, Retail, Immediate, Self-Finance, 12081970, Junagadh, Reliance, 413, 12 Months](517)" classname="tests.AddFurnitureLeadTest" time="0.0">
    <skipped message="Cannot invoke &quot;com.microsoft.playwright.Page.locator(String)&quot; because &quot;this.page&quot; is null"/>
  </testcase>
  <testcase name="addLeadForAdditionalFurnitureLeadTest[Lofy Interior Solutions, Priya, Parikh, +255, Digital, WhatsApp, Design only, Material Selection, Looking for space-saving solutions #330, CP, Tushar Bhai, Cold, 26-35 Lakhs, Retail, In 3 Months, Mortgage, 19012002, Ahmedabad, Tata Consultancy, 645, 24 Months](518)" classname="tests.AddFurnitureLeadTest" time="0.0">
    <skipped message="Cannot invoke &quot;com.microsoft.playwright.Page.locator(String)&quot; because &quot;this.page&quot; is null"/>
  </testcase>
  <testcase name="addLeadForAdditionalFurnitureLeadTest[Stanley - SLN, Kavya, Trivedi, +60, Walkin, Website, Living, Sofa, First-time buyer #217, CP, Tushar Bhai, Cold, 26-35 Lakhs, Retail, In 6 Months, Bank Loan, 09111981, Junagadh, Tata Consultancy, 126, 12 Months](519)" classname="tests.AddFurnitureLeadTest" time="0.0">
    <skipped message="Cannot invoke &quot;com.microsoft.playwright.Page.locator(String)&quot; because &quot;this.page&quot; is null"/>
  </testcase>
  <testcase name="addLeadForAdditionalFurnitureLeadTest[Stanley - SBC, Aarav, Soni, +33, Walkin, Website, Living, Recliner, Requesting catalog #193, CP, Tushar Bhai, Cold, 26-35 Lakhs, Retail, In 1 Year +, Self-Finance, 12101991, Gandhinagar, Adani Group, 543, 9 Months](520)" classname="tests.AddFurnitureLeadTest" time="0.0">
    <skipped message="Cannot invoke &quot;com.microsoft.playwright.Page.locator(String)&quot; because &quot;this.page&quot; is null"/>
  </testcase>
  <testcase name="addLeadForAdditionalFurnitureLeadTest[Godrej, Jigar, Vyas, +86, Walkin, Website, Living, Coffee Table, Checking stock availability #179, CP, Tushar Bhai, Cold, 26-35 Lakhs, Commercial, Immediate, Self-Finance, 28041969, Surat, Amul, 146, 3 Months](521)" classname="tests.AddFurnitureLeadTest" time="0.0">
    <skipped message="Cannot invoke &quot;com.microsoft.playwright.Page.locator(String)&quot; because &quot;this.page&quot; is null"/>
  </testcase>
  <testcase name="addLeadForAdditionalFurnitureLeadTest[Lofy Home Store, Hetal, Doshi, +47, Walkin, Website, Living, TV Unit, Prefers eco-friendly material #130, CP, Tushar Bhai, Cold, 26-35 Lakhs, Commercial, In 3 Months, Business Loan, 15071986, Gandhinagar, Arvind Mills, 328, 18 Months](522)" classname="tests.AddFurnitureLeadTest" time="0.0">
    <skipped message="Cannot invoke &quot;com.microsoft.playwright.Page.locator(String)&quot; because &quot;this.page&quot; is null"/>
  </testcase>
  <testcase name="addLeadForAdditionalFurnitureLeadTest[Haworth, Kavya, Vyas, +92, Walkin, Website, Dining, Dining Table, Asking for custom designs #239, CP, Tushar Bhai, Cold, 26-35 Lakhs, Commercial, In 6 Months, Mortgage, 22041978, Ahmedabad, Adani Group, 292, 12 Months](523)" classname="tests.AddFurnitureLeadTest" time="0.0">
    <skipped message="Cannot invoke &quot;com.microsoft.playwright.Page.locator(String)&quot; because &quot;this.page&quot; is null"/>
  </testcase>
  <testcase name="addLeadForAdditionalFurnitureLeadTest[Lofy Interior Solutions, Rina, Vyas, +233, Walkin, Website, Dining, Chairs, Requesting bulk order discount #347, CP, Tushar Bhai, Cold, 26-35 Lakhs, Commercial, In 1 Year +, Mortgage, 10091966, Rajkot, Reliance, 758, 3 Months](524)" classname="tests.AddFurnitureLeadTest" time="0.0">
    <skipped message="Cannot invoke &quot;com.microsoft.playwright.Page.locator(String)&quot; because &quot;this.page&quot; is null"/>
  </testcase>
  <testcase name="addLeadForAdditionalFurnitureLeadTest[Stanley - SLN, Neha, Vyas, +46, Walkin, Website, Dining, Bench, Request for free installation #423, CP, Tushar Bhai, Cold, 26-35 Lakhs, Custom Manufacturing, Immediate, Business Loan, 10081984, Ahmedabad, Zydus Cadila, 174, 9 Months](525)" classname="tests.AddFurnitureLeadTest" time="0.0">
    <skipped message="Cannot invoke &quot;com.microsoft.playwright.Page.locator(String)&quot; because &quot;this.page&quot; is null"/>
  </testcase>
  <testcase name="addLeadForAdditionalFurnitureLeadTest[Stanley - SBC, Mehul, Trivedi, +261, Walkin, Website, BedRoom, Bed, Customer referred by friend #204, CP, Tushar Bhai, Cold, 26-35 Lakhs, Custom Manufacturing, In 3 Months, Private Investor, 13091974, Ahmedabad, Torrent Power, 705, 12 Months](526)" classname="tests.AddFurnitureLeadTest" time="0.0">
    <skipped message="Cannot invoke &quot;com.microsoft.playwright.Page.locator(String)&quot; because &quot;this.page&quot; is null"/>
  </testcase>
  <testcase name="addLeadForAdditionalFurnitureLeadTest[Godrej, Rina, Chaudhary, +241, Walkin, Website, BedRoom, Side Table, Looking for EMI options #53, CP, Tushar Bhai, Cold, 26-35 Lakhs, Custom Manufacturing, In 6 Months, Self-Finance, 27092001, Jamnagar, Tata Consultancy, 75, 12 Months](527)" classname="tests.AddFurnitureLeadTest" time="0.0">
    <skipped message="Cannot invoke &quot;com.microsoft.playwright.Page.locator(String)&quot; because &quot;this.page&quot; is null"/>
  </testcase>
  <testcase name="addLeadForAdditionalFurnitureLeadTest[Lofy Home Store, Pooja, Bhatt, +218, Walkin, Website, BedRoom, Dressing, Interested in modern furniture #262, CP, Tushar Bhai, Cold, 26-35 Lakhs, Custom Manufacturing, In 1 Year +, Business Loan, 01081982, Junagadh, Adani Group, 350, 24 Months](528)" classname="tests.AddFurnitureLeadTest" time="0.0">
    <skipped message="Cannot invoke &quot;com.microsoft.playwright.Page.locator(String)&quot; because &quot;this.page&quot; is null"/>
  </testcase>
  <testcase name="addLeadForAdditionalFurnitureLeadTest[Haworth, Rohit, Trivedi, +20, Walkin, Website, BedRoom, Mattress, Prefers compact designs #495, CP, Tushar Bhai, Cold, 36-50 Lakhs, Office Furniture, Immediate, Self-Finance, 20021982, Bhavnagar, Zydus Cadila, 675, 12 Months](529)" classname="tests.AddFurnitureLeadTest" time="0.0">
    <skipped message="Cannot invoke &quot;com.microsoft.playwright.Page.locator(String)&quot; because &quot;this.page&quot; is null"/>
  </testcase>
  <testcase name="addLeadForAdditionalFurnitureLeadTest[Lofy Interior Solutions, Hetal, Shah, +36, Walkin, Website, Study, Study Table, Looking for leather finish #430, CP, Tushar Bhai, Cold, 36-50 Lakhs, Office Furniture, In 3 Months, Mortgage, 04121989, Vadodara, Reliance, 88, 3 Months](530)" classname="tests.AddFurnitureLeadTest" time="0.0">
    <skipped message="Cannot invoke &quot;com.microsoft.playwright.Page.locator(String)&quot; because &quot;this.page&quot; is null"/>
  </testcase>
  <testcase name="addLeadForAdditionalFurnitureLeadTest[Stanley - SLN, Aarav, Gandhi, +223, Walkin, Website, Study, Chairs, Wants kids&apos; room furniture #288, CP, Tushar Bhai, Cold, 36-50 Lakhs, Office Furniture, In 6 Months, Mortgage, 26091995, Gandhinagar, Amul, 350, 24 Months](531)" classname="tests.AddFurnitureLeadTest" time="0.0">
    <skipped message="Cannot invoke &quot;com.microsoft.playwright.Page.locator(String)&quot; because &quot;this.page&quot; is null"/>
  </testcase>
  <testcase name="addLeadForAdditionalFurnitureLeadTest[Stanley - SBC, Hetal, Shah, +251, Walkin, Website, Study, Library Unit, Visited showroom last week #305, CP, Tushar Bhai, Cold, 36-50 Lakhs, Office Furniture, In 1 Year +, Mortgage, 24041992, Ahmedabad, Zydus Cadila, 119, 3 Months](532)" classname="tests.AddFurnitureLeadTest" time="0.0">
    <skipped message="Cannot invoke &quot;com.microsoft.playwright.Page.locator(String)&quot; because &quot;this.page&quot; is null"/>
  </testcase>
  <testcase name="addLeadForAdditionalFurnitureLeadTest[Godrej, Nirav, Chaudhary, +44, Walkin, Website, Kitchen, Modular, Customer referred by friend #145, CP, Tushar Bhai, Cold, 36-50 Lakhs, Residential Project, Immediate, Business Loan, 05102001, Vadodara, Tata Consultancy, 509, 18 Months](533)" classname="tests.AddFurnitureLeadTest" time="0.0">
    <skipped message="Cannot invoke &quot;com.microsoft.playwright.Page.locator(String)&quot; because &quot;this.page&quot; is null"/>
  </testcase>
  <testcase name="addLeadForAdditionalFurnitureLeadTest[Lofy Home Store, Bhavna, Vyas, +92, Walkin, Website, Kitchen, Semi-Modular, Requesting bulk order discount #351, CP, Tushar Bhai, Cold, 36-50 Lakhs, Residential Project, In 3 Months, Private Investor, 02042000, Junagadh, Tata Consultancy, 842, 6 Months](534)" classname="tests.AddFurnitureLeadTest" time="0.0">
    <skipped message="Cannot invoke &quot;com.microsoft.playwright.Page.locator(String)&quot; because &quot;this.page&quot; is null"/>
  </testcase>
  <testcase name="addLeadForAdditionalFurnitureLeadTest[Haworth, Mehul, Chaudhary, +249, Walkin, Website, Kitchen, Countertop, Wants luxury and premium finish #247, CP, Tushar Bhai, Cold, 36-50 Lakhs, Residential Project, In 6 Months, Mortgage, 17111965, Jamnagar, Tata Consultancy, 316, 24 Months](535)" classname="tests.AddFurnitureLeadTest" time="0.0">
    <skipped message="Cannot invoke &quot;com.microsoft.playwright.Page.locator(String)&quot; because &quot;this.page&quot; is null"/>
  </testcase>
  <testcase name="addLeadForAdditionalFurnitureLeadTest[Lofy Interior Solutions, Sonal, Joshi, +258, Walkin, Website, Kitchen, Appliances, Prefers wooden furniture #173, CP, Tushar Bhai, Cold, 36-50 Lakhs, Residential Project, In 1 Year +, Business Loan, 25041993, Surat, Adani Group, 673, 18 Months](536)" classname="tests.AddFurnitureLeadTest" time="0.0">
    <skipped message="Cannot invoke &quot;com.microsoft.playwright.Page.locator(String)&quot; because &quot;this.page&quot; is null"/>
  </testcase>
  <testcase name="addLeadForAdditionalFurnitureLeadTest[Stanley - SLN, Dhruv, Raval, +224, Walkin, Website, Wardrobes, Sliding, First-time buyer #328, CP, Tushar Bhai, Cold, 36-50 Lakhs, Hospitality, Immediate, Bank Loan, 21111974, Jamnagar, Torrent Power, 333, 18 Months](537)" classname="tests.AddFurnitureLeadTest" time="0.0">
    <skipped message="Cannot invoke &quot;com.microsoft.playwright.Page.locator(String)&quot; because &quot;this.page&quot; is null"/>
  </testcase>
  <testcase name="addLeadForAdditionalFurnitureLeadTest[Stanley - SBC, Pooja, Mehta, +224, Walkin, Website, Wardrobes, Hinged, Looking for office furniture #442, CP, Tushar Bhai, Cold, 36-50 Lakhs, Hospitality, In 3 Months, Business Loan, 25121970, Junagadh, Tata Consultancy, 30, 24 Months](538)" classname="tests.AddFurnitureLeadTest" time="0.0">
    <skipped message="Cannot invoke &quot;com.microsoft.playwright.Page.locator(String)&quot; because &quot;this.page&quot; is null"/>
  </testcase>
  <testcase name="addLeadForAdditionalFurnitureLeadTest[Godrej, Dhruv, Dave, +39, Walkin, Website, Wardrobes, Walk-in, First-time buyer #134, CP, Tushar Bhai, Cold, 36-50 Lakhs, Hospitality, In 6 Months, Private Investor, 14092003, Ahmedabad, Amul, 521, 6 Months](539)" classname="tests.AddFurnitureLeadTest" time="0.0">
    <skipped message="Cannot invoke &quot;com.microsoft.playwright.Page.locator(String)&quot; because &quot;this.page&quot; is null"/>
  </testcase>
  <testcase name="addLeadForAdditionalFurnitureLeadTest[Lofy Home Store, Aarav, Joshi, +90, Walkin, Website, Office, WorkStations, Visited showroom last week #365, CP, Tushar Bhai, Cold, 36-50 Lakhs, Hospitality, In 1 Year +, Mortgage, 13091978, Junagadh, Tata Consultancy, 993, 3 Months](540)" classname="tests.AddFurnitureLeadTest" time="0.0">
    <skipped message="Cannot invoke &quot;com.microsoft.playwright.Page.locator(String)&quot; because &quot;this.page&quot; is null"/>
  </testcase>
  <testcase name="addLeadForAdditionalFurnitureLeadTest[Haworth, Pooja, Shah, +93, Walkin, Website, Office, Conference Table, Requesting catalog #334, CP, Tushar Bhai, Cold, 36-50 Lakhs, Retail, Immediate, Bank Loan, 16021974, Jamnagar, Reliance, 598, 3 Months](541)" classname="tests.AddFurnitureLeadTest" time="0.0">
    <skipped message="Cannot invoke &quot;com.microsoft.playwright.Page.locator(String)&quot; because &quot;this.page&quot; is null"/>
  </testcase>
  <testcase name="addLeadForAdditionalFurnitureLeadTest[Lofy Interior Solutions, Mehul, Dave, +235, Walkin, Website, Office, Cabin Setup, Requesting bulk order discount #97, CP, Tushar Bhai, Cold, 36-50 Lakhs, Retail, In 3 Months, Mortgage, 10021991, Surat, Reliance, 593, 12 Months](542)" classname="tests.AddFurnitureLeadTest" time="0.0">
    <skipped message="Cannot invoke &quot;com.microsoft.playwright.Page.locator(String)&quot; because &quot;this.page&quot; is null"/>
  </testcase>
  <testcase name="addLeadForAdditionalFurnitureLeadTest[Stanley - SLN, Priya, Joshi, +235, Walkin, Website, Outdoor, Patio, Urgent requirement #265, CP, Tushar Bhai, Cold, 36-50 Lakhs, Retail, In 6 Months, Self-Finance, 22061986, Junagadh, Adani Group, 775, 24 Months](543)" classname="tests.AddFurnitureLeadTest" time="0.0">
    <skipped message="Cannot invoke &quot;com.microsoft.playwright.Page.locator(String)&quot; because &quot;this.page&quot; is null"/>
  </testcase>
  <testcase name="addLeadForAdditionalFurnitureLeadTest[Stanley - SBC, Aarav, Vyas, +95, Walkin, Website, Outdoor, Swing, Wants matching dining set #124, CP, Tushar Bhai, Cold, 36-50 Lakhs, Retail, In 1 Year +, Mortgage, 09101984, Ahmedabad, Amul, 223, 9 Months](544)" classname="tests.AddFurnitureLeadTest" time="0.0">
    <skipped message="Cannot invoke &quot;com.microsoft.playwright.Page.locator(String)&quot; because &quot;this.page&quot; is null"/>
  </testcase>
  <testcase name="addLeadForAdditionalFurnitureLeadTest[Godrej, Nirav, Shah, +252, Walkin, Website, Outdoor, Garden Seating, Requesting catalog #30, CP, Tushar Bhai, Cold, 36-50 Lakhs, Commercial, Immediate, Bank Loan, 09041987, Surat, Zydus Cadila, 60, 24 Months](545)" classname="tests.AddFurnitureLeadTest" time="0.0">
    <skipped message="Cannot invoke &quot;com.microsoft.playwright.Page.locator(String)&quot; because &quot;this.page&quot; is null"/>
  </testcase>
  <testcase name="addLeadForAdditionalFurnitureLeadTest[Lofy Home Store, Kavya, Shukla, +43, Walkin, Website, Turkey Solution, Full Home Package(Design + Execution + Furniture), Asking for fabric color options #439, CP, Tushar Bhai, Cold, 36-50 Lakhs, Commercial, In 3 Months, Self-Finance, 25081975, Gandhinagar, Amul, 685, 12 Months](546)" classname="tests.AddFurnitureLeadTest" time="0.0">
    <skipped message="Cannot invoke &quot;com.microsoft.playwright.Page.locator(String)&quot; because &quot;this.page&quot; is null"/>
  </testcase>
  <testcase name="addLeadForAdditionalFurnitureLeadTest[Haworth, Nirav, Desai, +56, Walkin, Website, Project Management Consultancy, Project Advisory, Asking for fabric color options #415, CP, Tushar Bhai, Cold, 36-50 Lakhs, Commercial, In 6 Months, Bank Loan, 22111992, Jamnagar, Reliance, 238, 9 Months](547)" classname="tests.AddFurnitureLeadTest" time="0.0">
    <skipped message="Cannot invoke &quot;com.microsoft.playwright.Page.locator(String)&quot; because &quot;this.page&quot; is null"/>
  </testcase>
  <testcase name="addLeadForAdditionalFurnitureLeadTest[Lofy Interior Solutions, Kavya, Dave, +49, Walkin, Website, Project Management Consultancy, Costing, Customer referred by friend #207, CP, Tushar Bhai, Cold, 36-50 Lakhs, Commercial, In 1 Year +, Business Loan, 09081985, Gandhinagar, Torrent Power, 227, 3 Months](548)" classname="tests.AddFurnitureLeadTest" time="0.0">
    <skipped message="Cannot invoke &quot;com.microsoft.playwright.Page.locator(String)&quot; because &quot;this.page&quot; is null"/>
  </testcase>
  <testcase name="addLeadForAdditionalFurnitureLeadTest[Stanley - SLN, Aarav, Mehta, +250, Walkin, Website, Project Management Consultancy, Vendor Management, Prefers compact designs #164, CP, Tushar Bhai, Cold, 36-50 Lakhs, Custom Manufacturing, Immediate, Self-Finance, 30041974, Rajkot, Reliance, 486, 12 Months](549)" classname="tests.AddFurnitureLeadTest" time="0.0">
    <skipped message="Cannot invoke &quot;com.microsoft.playwright.Page.locator(String)&quot; because &quot;this.page&quot; is null"/>
  </testcase>
  <testcase name="addLeadForAdditionalFurnitureLeadTest[Stanley - SBC, Neha, Shukla, +242, Walkin, Website, Execution, Carpentry, Prefers compact designs #72, CP, Tushar Bhai, Cold, 36-50 Lakhs, Custom Manufacturing, In 3 Months, Bank Loan, 05121985, Vadodara, Torrent Power, 632, 24 Months](550)" classname="tests.AddFurnitureLeadTest" time="0.0">
    <skipped message="Cannot invoke &quot;com.microsoft.playwright.Page.locator(String)&quot; because &quot;this.page&quot; is null"/>
  </testcase>
  <testcase name="addLeadForAdditionalFurnitureLeadTest[Godrej, Rishi, Joshi, +242, Walkin, Website, Execution, Civil, Interested in sofa sets #14, CP, Tushar Bhai, Cold, 36-50 Lakhs, Custom Manufacturing, In 6 Months, Self-Finance, 13021981, Gandhinagar, Amul, 189, 9 Months](551)" classname="tests.AddFurnitureLeadTest" time="0.0">
    <skipped message="Cannot invoke &quot;com.microsoft.playwright.Page.locator(String)&quot; because &quot;this.page&quot; is null"/>
  </testcase>
  <testcase name="addLeadForAdditionalFurnitureLeadTest[Lofy Home Store, Neha, Doshi, +250, Walkin, Website, Execution, Electrical, Visited showroom last week #255, CP, Tushar Bhai, Cold, 36-50 Lakhs, Custom Manufacturing, In 1 Year +, Business Loan, 20081979, Gandhinagar, Tata Consultancy, 280, 18 Months](552)" classname="tests.AddFurnitureLeadTest" time="0.0">
    <skipped message="Cannot invoke &quot;com.microsoft.playwright.Page.locator(String)&quot; because &quot;this.page&quot; is null"/>
  </testcase>
  <testcase name="addLeadForAdditionalFurnitureLeadTest[Haworth, Dhruv, Desai, +225, Walkin, Website, Execution, Finishing only, Requesting bulk order discount #133, CP, Tushar Bhai, Cold, 51-70 Lakhs, Office Furniture, Immediate, Mortgage, 30121986, Jamnagar, Amul, 171, 12 Months](553)" classname="tests.AddFurnitureLeadTest" time="0.0">
    <skipped message="Cannot invoke &quot;com.microsoft.playwright.Page.locator(String)&quot; because &quot;this.page&quot; is null"/>
  </testcase>
  <testcase name="addLeadForAdditionalFurnitureLeadTest[Lofy Interior Solutions, Pooja, Kapoor, +225, Walkin, Website, Design only, 2D/3D Layouts, Interested in seasonal discount #215, CP, Tushar Bhai, Cold, 51-70 Lakhs, Office Furniture, In 3 Months, Bank Loan, 03111989, Bhavnagar, Torrent Power, 378, 3 Months](554)" classname="tests.AddFurnitureLeadTest" time="0.0">
    <skipped message="Cannot invoke &quot;com.microsoft.playwright.Page.locator(String)&quot; because &quot;this.page&quot; is null"/>
  </testcase>
  <testcase name="addLeadForAdditionalFurnitureLeadTest[Stanley - SLN, Bhavna, Shah, +81, Walkin, Website, Design only, Material Selection, Interested in outdoor furniture #199, CP, Tushar Bhai, Cold, 51-70 Lakhs, Office Furniture, In 6 Months, Bank Loan, 23121969, Bhavnagar, Reliance, 825, 9 Months](555)" classname="tests.AddFurnitureLeadTest" time="0.0">
    <skipped message="Cannot invoke &quot;com.microsoft.playwright.Page.locator(String)&quot; because &quot;this.page&quot; is null"/>
  </testcase>
  <testcase name="addLeadForAdditionalFurnitureLeadTest[Stanley - SBC, Jigar, Dave, +234, Walkin, Facebook, Living, Sofa, Interested in sofa sets #19, CP, Tushar Bhai, Cold, 51-70 Lakhs, Office Furniture, In 1 Year +, Bank Loan, 04031996, Ahmedabad, Tata Consultancy, 756, 18 Months](556)" classname="tests.AddFurnitureLeadTest" time="0.0">
    <skipped message="Cannot invoke &quot;com.microsoft.playwright.Page.locator(String)&quot; because &quot;this.page&quot; is null"/>
  </testcase>
  <testcase name="addLeadForAdditionalFurnitureLeadTest[Godrej, Nirav, Kapoor, +229, Walkin, Facebook, Living, Recliner, Looking for EMI options #363, CP, Tushar Bhai, Cold, 51-70 Lakhs, Residential Project, Immediate, Self-Finance, 09062002, Vadodara, Torrent Power, 614, 12 Months](557)" classname="tests.AddFurnitureLeadTest" time="0.0">
    <skipped message="Cannot invoke &quot;com.microsoft.playwright.Page.locator(String)&quot; because &quot;this.page&quot; is null"/>
  </testcase>
  <testcase name="addLeadForAdditionalFurnitureLeadTest[Lofy Home Store, Rina, Parikh, +33, Walkin, Facebook, Living, Coffee Table, Looking for EMI options #418, CP, Tushar Bhai, Cold, 51-70 Lakhs, Residential Project, In 3 Months, Bank Loan, 27121977, Ahmedabad, Amul, 994, 6 Months](558)" classname="tests.AddFurnitureLeadTest" time="0.0">
    <skipped message="Cannot invoke &quot;com.microsoft.playwright.Page.locator(String)&quot; because &quot;this.page&quot; is null"/>
  </testcase>
  <testcase name="addLeadForAdditionalFurnitureLeadTest[Haworth, Karan, Soni, +82, Walkin, Facebook, Living, TV Unit, Asking for custom designs #176, CP, Tushar Bhai, Cold, 51-70 Lakhs, Residential Project, In 6 Months, Business Loan, 22101972, Junagadh, Adani Group, 271, 9 Months](559)" classname="tests.AddFurnitureLeadTest" time="0.0">
    <skipped message="Cannot invoke &quot;com.microsoft.playwright.Page.locator(String)&quot; because &quot;this.page&quot; is null"/>
  </testcase>
  <testcase name="addLeadForAdditionalFurnitureLeadTest[Lofy Interior Solutions, Viren, Trivedi, +40, Walkin, Facebook, Dining, Dining Table, Interested in sofa sets #366, CP, Tushar Bhai, Cold, 51-70 Lakhs, Residential Project, In 1 Year +, Bank Loan, 27012001, Bhavnagar, Reliance, 897, 3 Months](560)" classname="tests.AddFurnitureLeadTest" time="0.0">
    <skipped message="Cannot invoke &quot;com.microsoft.playwright.Page.locator(String)&quot; because &quot;this.page&quot; is null"/>
  </testcase>
  <testcase name="addLeadForAdditionalFurnitureLeadTest[Stanley - SLN, Jigar, Gandhi, +229, Walkin, Facebook, Dining, Chairs, Repeat customer inquiry #352, CP, Tushar Bhai, Cold, 51-70 Lakhs, Hospitality, Immediate, Private Investor, 23031997, Ahmedabad, Arvind Mills, 343, 9 Months](561)" classname="tests.AddFurnitureLeadTest" time="0.0">
    <skipped message="Cannot invoke &quot;com.microsoft.playwright.Page.locator(String)&quot; because &quot;this.page&quot; is null"/>
  </testcase>
  <testcase name="addLeadForAdditionalFurnitureLeadTest[Stanley - SBC, Neha, Joshi, +243, Walkin, Facebook, Dining, Bench, Payment flexibility needed #327, CP, Tushar Bhai, Cold, 51-70 Lakhs, Hospitality, In 3 Months, Mortgage, 29041973, Bhavnagar, Tata Consultancy, 144, 9 Months](562)" classname="tests.AddFurnitureLeadTest" time="0.0">
    <skipped message="Cannot invoke &quot;com.microsoft.playwright.Page.locator(String)&quot; because &quot;this.page&quot; is null"/>
  </testcase>
  <testcase name="addLeadForAdditionalFurnitureLeadTest[Godrej, Jigar, Modi, 91, Walkin, Facebook, BedRoom, Bed, Asking for fabric color options #244, CP, Tushar Bhai, Cold, 51-70 Lakhs, Hospitality, In 6 Months, Bank Loan, 26081998, Rajkot, Arvind Mills, 355, 6 Months](563)" classname="tests.AddFurnitureLeadTest" time="0.0">
    <skipped message="Cannot invoke &quot;com.microsoft.playwright.Page.locator(String)&quot; because &quot;this.page&quot; is null"/>
  </testcase>
  <testcase name="addLeadForAdditionalFurnitureLeadTest[Lofy Home Store, Pooja, Mehta, +49, Walkin, Facebook, BedRoom, Side Table, Interested in seasonal discount #482, CP, Tushar Bhai, Cold, 51-70 Lakhs, Hospitality, In 1 Year +, Private Investor, 01122002, Rajkot, Tata Consultancy, 161, 6 Months](564)" classname="tests.AddFurnitureLeadTest" time="0.0">
    <skipped message="Cannot invoke &quot;com.microsoft.playwright.Page.locator(String)&quot; because &quot;this.page&quot; is null"/>
  </testcase>
  <testcase name="addLeadForAdditionalFurnitureLeadTest[Haworth, Nirav, Patel, +43, Walkin, Facebook, BedRoom, Dressing, Prefers compact designs #184, CP, Tushar Bhai, Cold, 51-70 Lakhs, Retail, Immediate, Business Loan, 10081989, Jamnagar, Amul, 70, 24 Months](565)" classname="tests.AddFurnitureLeadTest" time="0.0">
    <skipped message="Cannot invoke &quot;com.microsoft.playwright.Page.locator(String)&quot; because &quot;this.page&quot; is null"/>
  </testcase>
  <testcase name="addLeadForAdditionalFurnitureLeadTest[Lofy Interior Solutions, Nirav, Desai, +39, Walkin, Facebook, BedRoom, Mattress, Request for free installation #154, CP, Tushar Bhai, Cold, 51-70 Lakhs, Retail, In 3 Months, Bank Loan, 12031993, Jamnagar, Torrent Power, 996, 9 Months](566)" classname="tests.AddFurnitureLeadTest" time="0.0">
    <skipped message="Cannot invoke &quot;com.microsoft.playwright.Page.locator(String)&quot; because &quot;this.page&quot; is null"/>
  </testcase>
  <testcase name="addLeadForAdditionalFurnitureLeadTest[Stanley - SLN, Dhruv, Modi, +53, Walkin, Facebook, Study, Study Table, Checking stock availability #88, CP, Tushar Bhai, Cold, 51-70 Lakhs, Retail, In 6 Months, Private Investor, 05041992, Junagadh, Adani Group, 195, 18 Months](567)" classname="tests.AddFurnitureLeadTest" time="0.0">
    <skipped message="Cannot invoke &quot;com.microsoft.playwright.Page.locator(String)&quot; because &quot;this.page&quot; is null"/>
  </testcase>
  <testcase name="addLeadForAdditionalFurnitureLeadTest[Stanley - SBC, Anjali, Kapoor, +261, Walkin, Facebook, Study, Chairs, Looking for leather finish #337, CP, Tushar Bhai, Cold, 51-70 Lakhs, Retail, In 1 Year +, Self-Finance, 02032000, Junagadh, Tata Consultancy, 611, 3 Months](568)" classname="tests.AddFurnitureLeadTest" time="0.0">
    <skipped message="Cannot invoke &quot;com.microsoft.playwright.Page.locator(String)&quot; because &quot;this.page&quot; is null"/>
  </testcase>
  <testcase name="addLeadForAdditionalFurnitureLeadTest[Godrej, Neha, Parikh, +237, Walkin, Facebook, Study, Library Unit, Requesting catalog #286, CP, Tushar Bhai, Cold, 51-70 Lakhs, Commercial, Immediate, Bank Loan, 17102002, Jamnagar, Amul, 951, 3 Months](569)" classname="tests.AddFurnitureLeadTest" time="0.0">
    <skipped message="Cannot invoke &quot;com.microsoft.playwright.Page.locator(String)&quot; because &quot;this.page&quot; is null"/>
  </testcase>
  <testcase name="addLeadForAdditionalFurnitureLeadTest[Lofy Home Store, Rohit, Chaudhary, +212, Walkin, Facebook, Kitchen, Modular, Need delivery within a week #151, CP, Tushar Bhai, Cold, 51-70 Lakhs, Commercial, In 3 Months, Business Loan, 10102001, Vadodara, Amul, 420, 24 Months](570)" classname="tests.AddFurnitureLeadTest" time="0.0">
    <skipped message="Cannot invoke &quot;com.microsoft.playwright.Page.locator(String)&quot; because &quot;this.page&quot; is null"/>
  </testcase>
  <testcase name="addLeadForAdditionalFurnitureLeadTest[Haworth, Pooja, Soni, +221, Walkin, Facebook, Kitchen, Semi-Modular, Wants luxury and premium finish #242, CP, Tushar Bhai, Cold, 51-70 Lakhs, Commercial, In 6 Months, Bank Loan, 05041978, Ahmedabad, Reliance, 417, 24 Months](571)" classname="tests.AddFurnitureLeadTest" time="0.0">
    <skipped message="Cannot invoke &quot;com.microsoft.playwright.Page.locator(String)&quot; because &quot;this.page&quot; is null"/>
  </testcase>
  <testcase name="addLeadForAdditionalFurnitureLeadTest[Lofy Interior Solutions, Pooja, Choksi, +246, Walkin, Facebook, Kitchen, Countertop, Urgent requirement #380, CP, Tushar Bhai, Cold, 51-70 Lakhs, Commercial, In 1 Year +, Bank Loan, 21111964, Gandhinagar, Torrent Power, 360, 12 Months](572)" classname="tests.AddFurnitureLeadTest" time="0.0">
    <skipped message="Cannot invoke &quot;com.microsoft.playwright.Page.locator(String)&quot; because &quot;this.page&quot; is null"/>
  </testcase>
  <testcase name="addLeadForAdditionalFurnitureLeadTest[Stanley - SLN, Sonal, Modi, +250, Walkin, Facebook, Kitchen, Appliances, First-time buyer #372, CP, Tushar Bhai, Cold, 51-70 Lakhs, Custom Manufacturing, Immediate, Private Investor, 06051980, Bhavnagar, Reliance, 784, 18 Months](573)" classname="tests.AddFurnitureLeadTest" time="0.0">
    <skipped message="Cannot invoke &quot;com.microsoft.playwright.Page.locator(String)&quot; because &quot;this.page&quot; is null"/>
  </testcase>
  <testcase name="addLeadForAdditionalFurnitureLeadTest[Stanley - SBC, Priya, Raval, +93, Walkin, Facebook, Wardrobes, Sliding, Asking for fabric color options #287, CP, Tushar Bhai, Cold, 51-70 Lakhs, Custom Manufacturing, In 3 Months, Self-Finance, 08021992, Junagadh, Zydus Cadila, 405, 6 Months](574)" classname="tests.AddFurnitureLeadTest" time="0.0">
    <skipped message="Cannot invoke &quot;com.microsoft.playwright.Page.locator(String)&quot; because &quot;this.page&quot; is null"/>
  </testcase>
  <testcase name="addLeadForAdditionalFurnitureLeadTest[Godrej, Bhavna, Doshi, +256, Walkin, Facebook, Wardrobes, Hinged, Wants matching dining set #468, CP, Tushar Bhai, Cold, 51-70 Lakhs, Custom Manufacturing, In 6 Months, Mortgage, 25071977, Surat, Adani Group, 51, 6 Months](575)" classname="tests.AddFurnitureLeadTest" time="0.0">
    <skipped message="Cannot invoke &quot;com.microsoft.playwright.Page.locator(String)&quot; because &quot;this.page&quot; is null"/>
  </testcase>
  <testcase name="addLeadForAdditionalFurnitureLeadTest[Lofy Home Store, Krishna, Parikh, +64, Walkin, Facebook, Wardrobes, Walk-in, Need delivery within a week #485, CP, Tushar Bhai, Cold, 51-70 Lakhs, Custom Manufacturing, In 1 Year +, Mortgage, 27092001, Surat, Tata Consultancy, 572, 6 Months](576)" classname="tests.AddFurnitureLeadTest" time="0.0">
    <skipped message="Cannot invoke &quot;com.microsoft.playwright.Page.locator(String)&quot; because &quot;this.page&quot; is null"/>
  </testcase>
  <testcase name="addLeadForAdditionalFurnitureLeadTest[Haworth, Neha, Shah, +39, Walkin, Facebook, Office, WorkStations, Prefers compact designs #461, CP, Tushar Bhai, Cold, 71+ Lakhs, Office Furniture, Immediate, Bank Loan, 12021985, Surat, Tata Consultancy, 318, 9 Months](577)" classname="tests.AddFurnitureLeadTest" time="0.0">
    <skipped message="Cannot invoke &quot;com.microsoft.playwright.Page.locator(String)&quot; because &quot;this.page&quot; is null"/>
  </testcase>
  <testcase name="addLeadForAdditionalFurnitureLeadTest[Lofy Interior Solutions, Pooja, Joshi, +95, Walkin, Facebook, Office, Conference Table, Looking for office furniture #336, CP, Tushar Bhai, Cold, 71+ Lakhs, Office Furniture, In 3 Months, Bank Loan, 04101996, Bhavnagar, Reliance, 176, 6 Months](578)" classname="tests.AddFurnitureLeadTest" time="0.0">
    <skipped message="Cannot invoke &quot;com.microsoft.playwright.Page.locator(String)&quot; because &quot;this.page&quot; is null"/>
  </testcase>
  <testcase name="addLeadForAdditionalFurnitureLeadTest[Stanley - SLN, Mehul, Chaudhary, +260, Walkin, Facebook, Office, Cabin Setup, Prefers wooden furniture #114, CP, Tushar Bhai, Cold, 71+ Lakhs, Office Furniture, In 6 Months, Private Investor, 20011970, Vadodara, Torrent Power, 919, 6 Months](579)" classname="tests.AddFurnitureLeadTest" time="0.0">
    <skipped message="Cannot invoke &quot;com.microsoft.playwright.Page.locator(String)&quot; because &quot;this.page&quot; is null"/>
  </testcase>
  <testcase name="addLeadForAdditionalFurnitureLeadTest[Stanley - SBC, Aarav, Vyas, +246, Walkin, Facebook, Outdoor, Patio, Wants kids&apos; room furniture #115, CP, Tushar Bhai, Cold, 71+ Lakhs, Office Furniture, In 1 Year +, Self-Finance, 22101985, Rajkot, Adani Group, 116, 18 Months](580)" classname="tests.AddFurnitureLeadTest" time="0.0">
    <skipped message="Cannot invoke &quot;com.microsoft.playwright.Page.locator(String)&quot; because &quot;this.page&quot; is null"/>
  </testcase>
  <testcase name="addLeadForAdditionalFurnitureLeadTest[Godrej, Mina, Choksi, +241, Walkin, Facebook, Outdoor, Swing, Interested in sofa sets #447, CP, Tushar Bhai, Cold, 71+ Lakhs, Residential Project, Immediate, Private Investor, 27021985, Gandhinagar, Amul, 531, 6 Months](581)" classname="tests.AddFurnitureLeadTest" time="0.0">
    <skipped message="Cannot invoke &quot;com.microsoft.playwright.Page.locator(String)&quot; because &quot;this.page&quot; is null"/>
  </testcase>
  <testcase name="addLeadForAdditionalFurnitureLeadTest[Lofy Home Store, Krishna, Patel, +93, Walkin, Facebook, Outdoor, Garden Seating, Requesting bulk order discount #216, CP, Tushar Bhai, Cold, 71+ Lakhs, Residential Project, In 3 Months, Business Loan, 25081970, Gandhinagar, Reliance, 151, 24 Months](582)" classname="tests.AddFurnitureLeadTest" time="0.0">
    <skipped message="Cannot invoke &quot;com.microsoft.playwright.Page.locator(String)&quot; because &quot;this.page&quot; is null"/>
  </testcase>
  <testcase name="addLeadForAdditionalFurnitureLeadTest[Haworth, Hetal, Choksi, +260, Walkin, Facebook, Turkey Solution, Full Home Package(Design + Execution + Furniture), Asking for fabric color options #455, CP, Tushar Bhai, Cold, 71+ Lakhs, Residential Project, In 6 Months, Self-Finance, 08041994, Junagadh, Reliance, 135, 18 Months](583)" classname="tests.AddFurnitureLeadTest" time="0.0">
    <skipped message="Cannot invoke &quot;com.microsoft.playwright.Page.locator(String)&quot; because &quot;this.page&quot; is null"/>
  </testcase>
  <testcase name="addLeadForAdditionalFurnitureLeadTest[Lofy Interior Solutions, Nirav, Trivedi, +255, Walkin, Facebook, Project Management Consultancy, Project Advisory, Looking for office furniture #191, CP, Tushar Bhai, Cold, 71+ Lakhs, Residential Project, In 1 Year +, Mortgage, 07031965, Ahmedabad, Zydus Cadila, 293, 6 Months](584)" classname="tests.AddFurnitureLeadTest" time="0.0">
    <skipped message="Cannot invoke &quot;com.microsoft.playwright.Page.locator(String)&quot; because &quot;this.page&quot; is null"/>
  </testcase>
  <testcase name="addLeadForAdditionalFurnitureLeadTest[Stanley - SLN, Nirav, Thakkar, +211, Walkin, Facebook, Project Management Consultancy, Costing, First-time buyer #300, CP, Tushar Bhai, Cold, 71+ Lakhs, Hospitality, Immediate, Private Investor, 12111991, Vadodara, Tata Consultancy, 667, 3 Months](585)" classname="tests.AddFurnitureLeadTest" time="0.0">
    <skipped message="Cannot invoke &quot;com.microsoft.playwright.Page.locator(String)&quot; because &quot;this.page&quot; is null"/>
  </testcase>
  <testcase name="addLeadForAdditionalFurnitureLeadTest[Stanley - SBC, Nirav, Kapoor, +90, Walkin, Facebook, Project Management Consultancy, Vendor Management, Requesting bulk order discount #238, CP, Tushar Bhai, Cold, 71+ Lakhs, Hospitality, In 3 Months, Private Investor, 25081986, Jamnagar, Reliance, 393, 18 Months](586)" classname="tests.AddFurnitureLeadTest" time="0.0">
    <skipped message="Cannot invoke &quot;com.microsoft.playwright.Page.locator(String)&quot; because &quot;this.page&quot; is null"/>
  </testcase>
  <testcase name="addLeadForAdditionalFurnitureLeadTest[Godrej, Dhruv, Joshi, +94, Walkin, Facebook, Execution, Carpentry, Checking stock availability #61, CP, Tushar Bhai, Cold, 71+ Lakhs, Hospitality, In 6 Months, Self-Finance, 03021968, Junagadh, Reliance, 990, 24 Months](587)" classname="tests.AddFurnitureLeadTest" time="0.0">
    <skipped message="Cannot invoke &quot;com.microsoft.playwright.Page.locator(String)&quot; because &quot;this.page&quot; is null"/>
  </testcase>
  <testcase name="addLeadForAdditionalFurnitureLeadTest[Lofy Home Store, Jigar, Gandhi, +60, Walkin, Facebook, Execution, Civil, Enquiring about warranty period #28, CP, Tushar Bhai, Cold, 71+ Lakhs, Hospitality, In 1 Year +, Private Investor, 26081982, Surat, Adani Group, 543, 24 Months](588)" classname="tests.AddFurnitureLeadTest" time="0.0">
    <skipped message="Cannot invoke &quot;com.microsoft.playwright.Page.locator(String)&quot; because &quot;this.page&quot; is null"/>
  </testcase>
  <testcase name="addLeadForAdditionalFurnitureLeadTest[Haworth, Krishna, Soni, +36, Walkin, Facebook, Execution, Electrical, Checking stock availability #325, CP, Tushar Bhai, Cold, 71+ Lakhs, Retail, Immediate, Self-Finance, 19071985, Vadodara, Reliance, 997, 9 Months](589)" classname="tests.AddFurnitureLeadTest" time="0.0">
    <skipped message="Cannot invoke &quot;com.microsoft.playwright.Page.locator(String)&quot; because &quot;this.page&quot; is null"/>
  </testcase>
  <testcase name="addLeadForAdditionalFurnitureLeadTest[Lofy Interior Solutions, Viren, Mehta, +41, Walkin, Facebook, Execution, Finishing only, Looking for EMI options #298, CP, Tushar Bhai, Cold, 71+ Lakhs, Retail, In 3 Months, Private Investor, 08041989, Ahmedabad, Torrent Power, 564, 6 Months](590)" classname="tests.AddFurnitureLeadTest" time="0.0">
    <skipped message="Cannot invoke &quot;com.microsoft.playwright.Page.locator(String)&quot; because &quot;this.page&quot; is null"/>
  </testcase>
  <testcase name="addLeadForAdditionalFurnitureLeadTest[Stanley - SLN, Rina, Mehta, +239, Walkin, Facebook, Design only, 2D/3D Layouts, Customer referred by friend #37, CP, Tushar Bhai, Cold, 71+ Lakhs, Retail, In 6 Months, Mortgage, 07101996, Surat, Torrent Power, 367, 24 Months](591)" classname="tests.AddFurnitureLeadTest" time="0.0">
    <skipped message="Cannot invoke &quot;com.microsoft.playwright.Page.locator(String)&quot; because &quot;this.page&quot; is null"/>
  </testcase>
  <testcase name="addLeadForAdditionalFurnitureLeadTest[Stanley - SBC, Rohit, Modi, +94, Walkin, Facebook, Design only, Material Selection, Enquiring about warranty period #456, CP, Tushar Bhai, Cold, 71+ Lakhs, Retail, In 1 Year +, Private Investor, 29011992, Surat, Amul, 285, 6 Months](592)" classname="tests.AddFurnitureLeadTest" time="0.0">
    <skipped message="Cannot invoke &quot;com.microsoft.playwright.Page.locator(String)&quot; because &quot;this.page&quot; is null"/>
  </testcase>
  <testcase name="addLeadForAdditionalFurnitureLeadTest[Godrej, Bhavna, Thakkar, +213, Walkin, Instagram, Living, Sofa, Asking for custom designs #257, CP, Tushar Bhai, Cold, 71+ Lakhs, Commercial, Immediate, Self-Finance, 10071967, Ahmedabad, Torrent Power, 372, 6 Months](593)" classname="tests.AddFurnitureLeadTest" time="0.0">
    <skipped message="Cannot invoke &quot;com.microsoft.playwright.Page.locator(String)&quot; because &quot;this.page&quot; is null"/>
  </testcase>
  <testcase name="addLeadForAdditionalFurnitureLeadTest[Lofy Home Store, Neha, Soni, +54, Walkin, Instagram, Living, Recliner, Wants luxury and premium finish #445, CP, Tushar Bhai, Cold, 71+ Lakhs, Commercial, In 3 Months, Bank Loan, 22031993, Vadodara, Zydus Cadila, 420, 18 Months](594)" classname="tests.AddFurnitureLeadTest" time="0.0">
    <skipped message="Cannot invoke &quot;com.microsoft.playwright.Page.locator(String)&quot; because &quot;this.page&quot; is null"/>
  </testcase>
  <testcase name="addLeadForAdditionalFurnitureLeadTest[Haworth, Hetal, Raval, +225, Walkin, Instagram, Living, Coffee Table, Prefers compact designs #196, CP, Tushar Bhai, Cold, 71+ Lakhs, Commercial, In 6 Months, Business Loan, 14062001, Jamnagar, Zydus Cadila, 20, 18 Months](595)" classname="tests.AddFurnitureLeadTest" time="0.0">
    <skipped message="Cannot invoke &quot;com.microsoft.playwright.Page.locator(String)&quot; because &quot;this.page&quot; is null"/>
  </testcase>
  <testcase name="addLeadForAdditionalFurnitureLeadTest[Lofy Interior Solutions, Karan, Joshi, +211, Walkin, Instagram, Living, TV Unit, Request for free installation #153, CP, Tushar Bhai, Cold, 71+ Lakhs, Commercial, In 1 Year +, Mortgage, 20021993, Vadodara, Amul, 766, 9 Months](596)" classname="tests.AddFurnitureLeadTest" time="0.0">
    <skipped message="Cannot invoke &quot;com.microsoft.playwright.Page.locator(String)&quot; because &quot;this.page&quot; is null"/>
  </testcase>
  <testcase name="addLeadForAdditionalFurnitureLeadTest[Stanley - SLN, Karan, Desai, +248, Walkin, Instagram, Dining, Dining Table, Checking modular kitchen options #28, CP, Tushar Bhai, Cold, 71+ Lakhs, Custom Manufacturing, Immediate, Private Investor, 13081983, Ahmedabad, Tata Consultancy, 784, 24 Months](597)" classname="tests.AddFurnitureLeadTest" time="0.0">
    <skipped message="Cannot invoke &quot;com.microsoft.playwright.Page.locator(String)&quot; because &quot;this.page&quot; is null"/>
  </testcase>
  <testcase name="addLeadForAdditionalFurnitureLeadTest[Stanley - SBC, Kavya, Kapoor, +226, Walkin, Instagram, Dining, Chairs, Checking stock availability #438, CP, Tushar Bhai, Cold, 71+ Lakhs, Custom Manufacturing, In 3 Months, Business Loan, 14081967, Jamnagar, Reliance, 818, 3 Months](598)" classname="tests.AddFurnitureLeadTest" time="0.0">
    <skipped message="Cannot invoke &quot;com.microsoft.playwright.Page.locator(String)&quot; because &quot;this.page&quot; is null"/>
  </testcase>
  <testcase name="addLeadForAdditionalFurnitureLeadTest[Godrej, Priya, Kapoor, +62, Walkin, Instagram, Dining, Bench, Urgent requirement #71, CP, Tushar Bhai, Cold, 71+ Lakhs, Custom Manufacturing, In 6 Months, Mortgage, 14111995, Bhavnagar, Arvind Mills, 301, 18 Months](599)" classname="tests.AddFurnitureLeadTest" time="0.0">
    <skipped message="Cannot invoke &quot;com.microsoft.playwright.Page.locator(String)&quot; because &quot;this.page&quot; is null"/>
  </testcase>
  <testcase name="addLeadForAdditionalFurnitureLeadTest[Lofy Home Store, Anjali, Chaudhary, +230, Walkin, Instagram, BedRoom, Bed, Asking for custom designs #176, CP, Tushar Bhai, Cold, 71+ Lakhs, Custom Manufacturing, In 1 Year +, Self-Finance, 28121996, Jamnagar, Tata Consultancy, 241, 6 Months](600)" classname="tests.AddFurnitureLeadTest" time="0.0">
    <skipped message="Cannot invoke &quot;com.microsoft.playwright.Page.locator(String)&quot; because &quot;this.page&quot; is null"/>
  </testcase>
  <testcase name="addLeadForAdditionalFurnitureLeadTest[Haworth, Hetal, Modi, +256, Walkin, Instagram, BedRoom, Side Table, Checking modular kitchen options #292, CP, Tushar Bhai, Warm, 15-25 Lakhs, Office Furniture, Immediate, Business Loan, 28072003, Rajkot, Amul, 485, 18 Months](601)" classname="tests.AddFurnitureLeadTest" time="0.0">
    <skipped message="Cannot invoke &quot;com.microsoft.playwright.Page.locator(String)&quot; because &quot;this.page&quot; is null"/>
  </testcase>
  <testcase name="addLeadForAdditionalFurnitureLeadTest[Lofy Interior Solutions, Pooja, Desai, +82, Walkin, Instagram, BedRoom, Dressing, Requesting catalog #465, CP, Tushar Bhai, Warm, 15-25 Lakhs, Office Furniture, In 3 Months, Self-Finance, 17022001, Surat, Reliance, 204, 24 Months](602)" classname="tests.AddFurnitureLeadTest" time="0.0">
    <skipped message="Cannot invoke &quot;com.microsoft.playwright.Page.locator(String)&quot; because &quot;this.page&quot; is null"/>
  </testcase>
  <testcase name="addLeadForAdditionalFurnitureLeadTest[Stanley - SLN, Bhavna, Dave, +237, Walkin, Instagram, BedRoom, Mattress, Prefers eco-friendly material #74, CP, Tushar Bhai, Warm, 15-25 Lakhs, Office Furniture, In 6 Months, Business Loan, 07121991, Vadodara, Adani Group, 599, 18 Months](603)" classname="tests.AddFurnitureLeadTest" time="0.0">
    <skipped message="Cannot invoke &quot;com.microsoft.playwright.Page.locator(String)&quot; because &quot;this.page&quot; is null"/>
  </testcase>
  <testcase name="addLeadForAdditionalFurnitureLeadTest[Stanley - SBC, Bhavna, Mehta, +56, Walkin, Instagram, Study, Study Table, Looking for office furniture #442, CP, Tushar Bhai, Warm, 15-25 Lakhs, Office Furniture, In 1 Year +, Mortgage, 06081992, Rajkot, Torrent Power, 674, 24 Months](604)" classname="tests.AddFurnitureLeadTest" time="0.0">
    <skipped message="Cannot invoke &quot;com.microsoft.playwright.Page.locator(String)&quot; because &quot;this.page&quot; is null"/>
  </testcase>
  <testcase name="addLeadForAdditionalFurnitureLeadTest[Godrej, Mina, Modi, +64, Walkin, Instagram, Study, Chairs, Looking for space-saving solutions #93, CP, Tushar Bhai, Warm, 15-25 Lakhs, Residential Project, Immediate, Mortgage, 05081999, Jamnagar, Reliance, 321, 3 Months](605)" classname="tests.AddFurnitureLeadTest" time="0.0">
    <skipped message="Cannot invoke &quot;com.microsoft.playwright.Page.locator(String)&quot; because &quot;this.page&quot; is null"/>
  </testcase>
  <testcase name="addLeadForAdditionalFurnitureLeadTest[Lofy Home Store, Nirav, Mehta, +231, Walkin, Instagram, Study, Library Unit, Wants matching dining set #42, CP, Tushar Bhai, Warm, 15-25 Lakhs, Residential Project, In 3 Months, Mortgage, 10091996, Jamnagar, Reliance, 619, 12 Months](606)" classname="tests.AddFurnitureLeadTest" time="0.0">
    <skipped message="Cannot invoke &quot;com.microsoft.playwright.Page.locator(String)&quot; because &quot;this.page&quot; is null"/>
  </testcase>
  <testcase name="addLeadForAdditionalFurnitureLeadTest[Haworth, Rina, Joshi, +43, Walkin, Instagram, Kitchen, Modular, Enquiring about warranty period #171, CP, Tushar Bhai, Warm, 15-25 Lakhs, Residential Project, In 6 Months, Bank Loan, 02071998, Bhavnagar, Arvind Mills, 46, 9 Months](607)" classname="tests.AddFurnitureLeadTest" time="0.0">
    <skipped message="Cannot invoke &quot;com.microsoft.playwright.Page.locator(String)&quot; because &quot;this.page&quot; is null"/>
  </testcase>
  <testcase name="addLeadForAdditionalFurnitureLeadTest[Lofy Interior Solutions, Rohit, Gandhi, +39, Walkin, Instagram, Kitchen, Semi-Modular, Visited showroom last week #91, CP, Tushar Bhai, Warm, 15-25 Lakhs, Residential Project, In 1 Year +, Mortgage, 06012002, Ahmedabad, Tata Consultancy, 55, 9 Months](608)" classname="tests.AddFurnitureLeadTest" time="0.0">
    <skipped message="Cannot invoke &quot;com.microsoft.playwright.Page.locator(String)&quot; because &quot;this.page&quot; is null"/>
  </testcase>
  <testcase name="addLeadForAdditionalFurnitureLeadTest[Stanley - SLN, Nirav, Chaudhary, +226, Walkin, Instagram, Kitchen, Countertop, Looking for office furniture #325, CP, Tushar Bhai, Warm, 15-25 Lakhs, Hospitality, Immediate, Bank Loan, 31121999, Vadodara, Tata Consultancy, 186, 9 Months](609)" classname="tests.AddFurnitureLeadTest" time="0.0">
    <skipped message="Cannot invoke &quot;com.microsoft.playwright.Page.locator(String)&quot; because &quot;this.page&quot; is null"/>
  </testcase>
  <testcase name="addLeadForAdditionalFurnitureLeadTest[Stanley - SBC, Neha, Shah, +224, Walkin, Instagram, Kitchen, Appliances, Looking for budget-friendly options #3, CP, Tushar Bhai, Warm, 15-25 Lakhs, Hospitality, In 3 Months, Private Investor, 23101981, Surat, Adani Group, 34, 3 Months](610)" classname="tests.AddFurnitureLeadTest" time="0.0">
    <skipped message="Cannot invoke &quot;com.microsoft.playwright.Page.locator(String)&quot; because &quot;this.page&quot; is null"/>
  </testcase>
  <testcase name="addLeadForAdditionalFurnitureLeadTest[Godrej, Viren, Modi, +60, Walkin, Instagram, Wardrobes, Sliding, Prefers eco-friendly material #141, CP, Tushar Bhai, Warm, 15-25 Lakhs, Hospitality, In 6 Months, Mortgage, 05041968, Ahmedabad, Zydus Cadila, 336, 18 Months](611)" classname="tests.AddFurnitureLeadTest" time="0.0">
    <skipped message="Cannot invoke &quot;com.microsoft.playwright.Page.locator(String)&quot; because &quot;this.page&quot; is null"/>
  </testcase>
  <testcase name="addLeadForAdditionalFurnitureLeadTest[Lofy Home Store, Pooja, Choksi, +95, Walkin, Instagram, Wardrobes, Hinged, Asking for custom designs #390, CP, Tushar Bhai, Warm, 15-25 Lakhs, Hospitality, In 1 Year +, Self-Finance, 02021992, Vadodara, Tata Consultancy, 969, 9 Months](612)" classname="tests.AddFurnitureLeadTest" time="0.0">
    <skipped message="Cannot invoke &quot;com.microsoft.playwright.Page.locator(String)&quot; because &quot;this.page&quot; is null"/>
  </testcase>
  <testcase name="addLeadForAdditionalFurnitureLeadTest[Haworth, Anjali, Patel, +32, Walkin, Instagram, Wardrobes, Walk-in, Wants matching dining set #87, CP, Tushar Bhai, Warm, 15-25 Lakhs, Retail, Immediate, Mortgage, 06041990, Surat, Arvind Mills, 208, 24 Months](613)" classname="tests.AddFurnitureLeadTest" time="0.0">
    <skipped message="Cannot invoke &quot;com.microsoft.playwright.Page.locator(String)&quot; because &quot;this.page&quot; is null"/>
  </testcase>
  <testcase name="addLeadForAdditionalFurnitureLeadTest[Lofy Interior Solutions, Karan, Soni, +212, Walkin, Instagram, Office, WorkStations, Looking for EMI options #392, CP, Tushar Bhai, Warm, 15-25 Lakhs, Retail, In 3 Months, Self-Finance, 25041999, Surat, Tata Consultancy, 382, 12 Months](614)" classname="tests.AddFurnitureLeadTest" time="0.0">
    <skipped message="Cannot invoke &quot;com.microsoft.playwright.Page.locator(String)&quot; because &quot;this.page&quot; is null"/>
  </testcase>
  <testcase name="addLeadForAdditionalFurnitureLeadTest[Stanley - SLN, Krishna, Parikh, +39, Walkin, Instagram, Office, Conference Table, Need delivery within a week #251, CP, Tushar Bhai, Warm, 15-25 Lakhs, Retail, In 6 Months, Business Loan, 13012001, Junagadh, Arvind Mills, 781, 12 Months](615)" classname="tests.AddFurnitureLeadTest" time="0.0">
    <skipped message="Cannot invoke &quot;com.microsoft.playwright.Page.locator(String)&quot; because &quot;this.page&quot; is null"/>
  </testcase>
  <testcase name="addLeadForAdditionalFurnitureLeadTest[Stanley - SBC, Sonal, Raval, +27, Walkin, Instagram, Office, Cabin Setup, Asking for fabric color options #391, CP, Tushar Bhai, Warm, 15-25 Lakhs, Retail, In 1 Year +, Private Investor, 01041995, Rajkot, Amul, 320, 18 Months](616)" classname="tests.AddFurnitureLeadTest" time="0.0">
    <skipped message="Cannot invoke &quot;com.microsoft.playwright.Page.locator(String)&quot; because &quot;this.page&quot; is null"/>
  </testcase>
  <testcase name="addLeadForAdditionalFurnitureLeadTest[Godrej, Kavya, Choksi, +41, Walkin, Instagram, Outdoor, Patio, Wants matching dining set #46, CP, Tushar Bhai, Warm, 15-25 Lakhs, Commercial, Immediate, Mortgage, 30052001, Jamnagar, Amul, 191, 24 Months](617)" classname="tests.AddFurnitureLeadTest" time="0.0">
    <skipped message="Cannot invoke &quot;com.microsoft.playwright.Page.locator(String)&quot; because &quot;this.page&quot; is null"/>
  </testcase>
  <testcase name="addLeadForAdditionalFurnitureLeadTest[Lofy Home Store, Rina, Doshi, +48, Walkin, Instagram, Outdoor, Swing, Urgent requirement #315, CP, Tushar Bhai, Warm, 15-25 Lakhs, Commercial, In 3 Months, Self-Finance, 19011991, Jamnagar, Zydus Cadila, 986, 18 Months](618)" classname="tests.AddFurnitureLeadTest" time="0.0">
    <skipped message="Cannot invoke &quot;com.microsoft.playwright.Page.locator(String)&quot; because &quot;this.page&quot; is null"/>
  </testcase>
  <testcase name="addLeadForAdditionalFurnitureLeadTest[Haworth, Neha, Shukla, +82, Walkin, Instagram, Outdoor, Garden Seating, Checking modular kitchen options #325, CP, Tushar Bhai, Warm, 15-25 Lakhs, Commercial, In 6 Months, Self-Finance, 23041965, Gandhinagar, Tata Consultancy, 578, 9 Months](619)" classname="tests.AddFurnitureLeadTest" time="0.0">
    <skipped message="Cannot invoke &quot;com.microsoft.playwright.Page.locator(String)&quot; because &quot;this.page&quot; is null"/>
  </testcase>
  <testcase name="addLeadForAdditionalFurnitureLeadTest[Lofy Interior Solutions, Pooja, Kapoor, +47, Walkin, Instagram, Turkey Solution, Full Home Package(Design + Execution + Furniture), Checking modular kitchen options #207, CP, Tushar Bhai, Warm, 15-25 Lakhs, Commercial, In 1 Year +, Private Investor, 25101993, Surat, Arvind Mills, 555, 9 Months](620)" classname="tests.AddFurnitureLeadTest" time="0.0">
    <skipped message="Cannot invoke &quot;com.microsoft.playwright.Page.locator(String)&quot; because &quot;this.page&quot; is null"/>
  </testcase>
  <testcase name="addLeadForAdditionalFurnitureLeadTest[Stanley - SLN, Aarav, Kapoor, +248, Walkin, Instagram, Project Management Consultancy, Project Advisory, Checking modular kitchen options #495, CP, Tushar Bhai, Warm, 15-25 Lakhs, Custom Manufacturing, Immediate, Bank Loan, 15042003, Jamnagar, Adani Group, 956, 12 Months](621)" classname="tests.AddFurnitureLeadTest" time="0.0">
    <skipped message="Cannot invoke &quot;com.microsoft.playwright.Page.locator(String)&quot; because &quot;this.page&quot; is null"/>
  </testcase>
  <testcase name="addLeadForAdditionalFurnitureLeadTest[Stanley - SBC, Rishi, Dave, +39, Walkin, Instagram, Project Management Consultancy, Costing, Enquiring about warranty period #197, CP, Tushar Bhai, Warm, 15-25 Lakhs, Custom Manufacturing, In 3 Months, Self-Finance, 07101982, Jamnagar, Adani Group, 473, 24 Months](622)" classname="tests.AddFurnitureLeadTest" time="0.0">
    <skipped message="Cannot invoke &quot;com.microsoft.playwright.Page.locator(String)&quot; because &quot;this.page&quot; is null"/>
  </testcase>
  <testcase name="addLeadForAdditionalFurnitureLeadTest[Godrej, Sonal, Patel, +58, Walkin, Instagram, Project Management Consultancy, Vendor Management, Interested in modern furniture #20, CP, Tushar Bhai, Warm, 15-25 Lakhs, Custom Manufacturing, In 6 Months, Business Loan, 06091994, Junagadh, Adani Group, 692, 3 Months](623)" classname="tests.AddFurnitureLeadTest" time="0.0">
    <skipped message="Cannot invoke &quot;com.microsoft.playwright.Page.locator(String)&quot; because &quot;this.page&quot; is null"/>
  </testcase>
  <testcase name="addLeadForAdditionalFurnitureLeadTest[Lofy Home Store, Anjali, Shah, +91, Walkin, Instagram, Execution, Carpentry, Payment flexibility needed #103, CP, Tushar Bhai, Warm, 15-25 Lakhs, Custom Manufacturing, In 1 Year +, Bank Loan, 30091986, Vadodara, Amul, 21, 24 Months](624)" classname="tests.AddFurnitureLeadTest" time="0.0">
    <skipped message="Cannot invoke &quot;com.microsoft.playwright.Page.locator(String)&quot; because &quot;this.page&quot; is null"/>
  </testcase>
  <testcase name="addLeadForAdditionalFurnitureLeadTest[Haworth, Mehul, Gandhi, +82, Walkin, Instagram, Execution, Civil, Interested in sofa sets #192, CP, Tushar Bhai, Warm, 26-35 Lakhs, Office Furniture, Immediate, Bank Loan, 16061988, Surat, Adani Group, 752, 24 Months](625)" classname="tests.AddFurnitureLeadTest" time="0.0">
    <skipped message="Cannot invoke &quot;com.microsoft.playwright.Page.locator(String)&quot; because &quot;this.page&quot; is null"/>
  </testcase>
  <testcase name="addLeadForAdditionalFurnitureLeadTest[Lofy Interior Solutions, Rishi, Vyas, +45, Walkin, Instagram, Execution, Electrical, Interested in modern furniture #457, CP, Tushar Bhai, Warm, 26-35 Lakhs, Office Furniture, In 3 Months, Self-Finance, 19051968, Bhavnagar, Amul, 555, 9 Months](626)" classname="tests.AddFurnitureLeadTest" time="0.0">
    <skipped message="Cannot invoke &quot;com.microsoft.playwright.Page.locator(String)&quot; because &quot;this.page&quot; is null"/>
  </testcase>
  <testcase name="addLeadForAdditionalFurnitureLeadTest[Stanley - SLN, Viren, Parikh, +222, Walkin, Instagram, Execution, Finishing only, Looking for office furniture #388, CP, Tushar Bhai, Warm, 26-35 Lakhs, Office Furniture, In 6 Months, Business Loan, 10011969, Ahmedabad, Arvind Mills, 874, 3 Months](627)" classname="tests.AddFurnitureLeadTest" time="0.0">
    <skipped message="Cannot invoke &quot;com.microsoft.playwright.Page.locator(String)&quot; because &quot;this.page&quot; is null"/>
  </testcase>
  <testcase name="addLeadForAdditionalFurnitureLeadTest[Stanley - SBC, Karan, Raval, +44, Walkin, Instagram, Design only, 2D/3D Layouts, Looking for leather finish #272, CP, Tushar Bhai, Warm, 26-35 Lakhs, Office Furniture, In 1 Year +, Bank Loan, 20032003, Ahmedabad, Arvind Mills, 120, 6 Months](628)" classname="tests.AddFurnitureLeadTest" time="0.0">
    <skipped message="Cannot invoke &quot;com.microsoft.playwright.Page.locator(String)&quot; because &quot;this.page&quot; is null"/>
  </testcase>
  <testcase name="addLeadForAdditionalFurnitureLeadTest[Godrej, Priya, Thakkar, +238, Walkin, Instagram, Design only, Material Selection, Asking for custom designs #10, CP, Tushar Bhai, Warm, 26-35 Lakhs, Residential Project, Immediate, Mortgage, 04121979, Bhavnagar, Tata Consultancy, 770, 3 Months](629)" classname="tests.AddFurnitureLeadTest" time="0.0">
    <skipped message="Cannot invoke &quot;com.microsoft.playwright.Page.locator(String)&quot; because &quot;this.page&quot; is null"/>
  </testcase>
  <testcase name="addLeadForAdditionalFurnitureLeadTest[Lofy Home Store, Dhruv, Mehta, +235, Walkin, LinkedIn, Living, Sofa, Prefers compact designs #3, CP, Tushar Bhai, Warm, 26-35 Lakhs, Residential Project, In 3 Months, Business Loan, 23101984, Ahmedabad, Reliance, 349, 24 Months](630)" classname="tests.AddFurnitureLeadTest" time="0.0">
    <skipped message="Cannot invoke &quot;com.microsoft.playwright.Page.locator(String)&quot; because &quot;this.page&quot; is null"/>
  </testcase>
  <testcase name="addLeadForAdditionalFurnitureLeadTest[Haworth, Jigar, Doshi, +48, Walkin, LinkedIn, Living, Recliner, Visited showroom last week #376, CP, Tushar Bhai, Warm, 26-35 Lakhs, Residential Project, In 6 Months, Private Investor, 19021977, Vadodara, Arvind Mills, 461, 18 Months](631)" classname="tests.AddFurnitureLeadTest" time="0.0">
    <skipped message="Cannot invoke &quot;com.microsoft.playwright.Page.locator(String)&quot; because &quot;this.page&quot; is null"/>
  </testcase>
  <testcase name="addLeadForAdditionalFurnitureLeadTest[Lofy Interior Solutions, Pooja, Soni, +1, Walkin, LinkedIn, Living, Coffee Table, Repeat customer inquiry #116, CP, Tushar Bhai, Warm, 26-35 Lakhs, Residential Project, In 1 Year +, Private Investor, 14091992, Gandhinagar, Amul, 139, 9 Months](632)" classname="tests.AddFurnitureLeadTest" time="0.0">
    <skipped message="Cannot invoke &quot;com.microsoft.playwright.Page.locator(String)&quot; because &quot;this.page&quot; is null"/>
  </testcase>
  <testcase name="addLeadForAdditionalFurnitureLeadTest[Stanley - SLN, Neha, Mehta, +243, Walkin, LinkedIn, Living, TV Unit, Looking for space-saving solutions #450, CP, Tushar Bhai, Warm, 26-35 Lakhs, Hospitality, Immediate, Business Loan, 19111965, Ahmedabad, Tata Consultancy, 542, 9 Months](633)" classname="tests.AddFurnitureLeadTest" time="0.0">
    <skipped message="Cannot invoke &quot;com.microsoft.playwright.Page.locator(String)&quot; because &quot;this.page&quot; is null"/>
  </testcase>
  <testcase name="addLeadForAdditionalFurnitureLeadTest[Stanley - SBC, Aarav, Joshi, +255, Walkin, LinkedIn, Dining, Dining Table, Wants kids&apos; room furniture #160, CP, Tushar Bhai, Warm, 26-35 Lakhs, Hospitality, In 3 Months, Bank Loan, 29121994, Bhavnagar, Reliance, 220, 9 Months](634)" classname="tests.AddFurnitureLeadTest" time="0.0">
    <skipped message="Cannot invoke &quot;com.microsoft.playwright.Page.locator(String)&quot; because &quot;this.page&quot; is null"/>
  </testcase>
  <testcase name="addLeadForAdditionalFurnitureLeadTest[Godrej, Pooja, Joshi, +211, Walkin, LinkedIn, Dining, Chairs, Urgent requirement #53, CP, Tushar Bhai, Warm, 26-35 Lakhs, Hospitality, In 6 Months, Self-Finance, 05061982, Bhavnagar, Tata Consultancy, 829, 3 Months](635)" classname="tests.AddFurnitureLeadTest" time="0.0">
    <skipped message="Cannot invoke &quot;com.microsoft.playwright.Page.locator(String)&quot; because &quot;this.page&quot; is null"/>
  </testcase>
  <testcase name="addLeadForAdditionalFurnitureLeadTest[Lofy Home Store, Rohit, Soni, +239, Walkin, LinkedIn, Dining, Bench, Interested in outdoor furniture #258, CP, Tushar Bhai, Warm, 26-35 Lakhs, Hospitality, In 1 Year +, Self-Finance, 31051976, Gandhinagar, Tata Consultancy, 956, 6 Months](636)" classname="tests.AddFurnitureLeadTest" time="0.0">
    <skipped message="Cannot invoke &quot;com.microsoft.playwright.Page.locator(String)&quot; because &quot;this.page&quot; is null"/>
  </testcase>
  <testcase name="addLeadForAdditionalFurnitureLeadTest[Haworth, Dhruv, Modi, +234, Walkin, LinkedIn, BedRoom, Bed, Looking for EMI options #157, CP, Tushar Bhai, Warm, 26-35 Lakhs, Retail, Immediate, Self-Finance, 15092003, Rajkot, Zydus Cadila, 259, 18 Months](637)" classname="tests.AddFurnitureLeadTest" time="0.0">
    <skipped message="Cannot invoke &quot;com.microsoft.playwright.Page.locator(String)&quot; because &quot;this.page&quot; is null"/>
  </testcase>
  <testcase name="addLeadForAdditionalFurnitureLeadTest[Lofy Interior Solutions, Priya, Mehta, +230, Walkin, LinkedIn, BedRoom, Side Table, Need delivery within a week #34, CP, Tushar Bhai, Warm, 26-35 Lakhs, Retail, In 3 Months, Mortgage, 25011974, Gandhinagar, Zydus Cadila, 259, 12 Months](638)" classname="tests.AddFurnitureLeadTest" time="0.0">
    <skipped message="Cannot invoke &quot;com.microsoft.playwright.Page.locator(String)&quot; because &quot;this.page&quot; is null"/>
  </testcase>
  <testcase name="addLeadForAdditionalFurnitureLeadTest[Stanley - SLN, Mehul, Modi, +216, Walkin, LinkedIn, BedRoom, Dressing, Looking for leather finish #24, CP, Tushar Bhai, Warm, 26-35 Lakhs, Retail, In 6 Months, Bank Loan, 14121992, Junagadh, Zydus Cadila, 759, 6 Months](639)" classname="tests.AddFurnitureLeadTest" time="0.0">
    <skipped message="Cannot invoke &quot;com.microsoft.playwright.Page.locator(String)&quot; because &quot;this.page&quot; is null"/>
  </testcase>
  <testcase name="addLeadForAdditionalFurnitureLeadTest[Stanley - SBC, Pooja, Patel, +20, Walkin, LinkedIn, BedRoom, Mattress, Requesting bulk order discount #486, CP, Tushar Bhai, Warm, 26-35 Lakhs, Retail, In 1 Year +, Self-Finance, 01031968, Jamnagar, Zydus Cadila, 36, 6 Months](640)" classname="tests.AddFurnitureLeadTest" time="0.0">
    <skipped message="Cannot invoke &quot;com.microsoft.playwright.Page.locator(String)&quot; because &quot;this.page&quot; is null"/>
  </testcase>
  <testcase name="addLeadForAdditionalFurnitureLeadTest[Godrej, Priya, Thakkar, +34, Walkin, LinkedIn, Study, Study Table, Requesting bulk order discount #234, CP, Tushar Bhai, Warm, 26-35 Lakhs, Commercial, Immediate, Bank Loan, 16031990, Bhavnagar, Adani Group, 599, 12 Months](641)" classname="tests.AddFurnitureLeadTest" time="0.0">
    <skipped message="Cannot invoke &quot;com.microsoft.playwright.Page.locator(String)&quot; because &quot;this.page&quot; is null"/>
  </testcase>
  <testcase name="addLeadForAdditionalFurnitureLeadTest[Lofy Home Store, Krishna, Gandhi, +254, Walkin, LinkedIn, Study, Chairs, Interested in sofa sets #267, CP, Tushar Bhai, Warm, 26-35 Lakhs, Commercial, In 3 Months, Business Loan, 16111966, Bhavnagar, Amul, 747, 3 Months](642)" classname="tests.AddFurnitureLeadTest" time="0.0">
    <skipped message="Cannot invoke &quot;com.microsoft.playwright.Page.locator(String)&quot; because &quot;this.page&quot; is null"/>
  </testcase>
  <testcase name="addLeadForAdditionalFurnitureLeadTest[Haworth, Kavya, Joshi, +244, Walkin, LinkedIn, Study, Library Unit, Customer referred by friend #269, CP, Tushar Bhai, Warm, 26-35 Lakhs, Commercial, In 6 Months, Bank Loan, 11011972, Rajkot, Adani Group, 325, 24 Months](643)" classname="tests.AddFurnitureLeadTest" time="0.0">
    <skipped message="Cannot invoke &quot;com.microsoft.playwright.Page.locator(String)&quot; because &quot;this.page&quot; is null"/>
  </testcase>
  <testcase name="addLeadForAdditionalFurnitureLeadTest[Lofy Interior Solutions, Aarav, Parikh, +31, Walkin, LinkedIn, Kitchen, Modular, Looking for office furniture #223, CP, Tushar Bhai, Warm, 26-35 Lakhs, Commercial, In 1 Year +, Business Loan, 09021984, Surat, Torrent Power, 500, 6 Months](644)" classname="tests.AddFurnitureLeadTest" time="0.0">
    <skipped message="Cannot invoke &quot;com.microsoft.playwright.Page.locator(String)&quot; because &quot;this.page&quot; is null"/>
  </testcase>
  <testcase name="addLeadForAdditionalFurnitureLeadTest[Stanley - SLN, Mehul, Joshi, +94, Walkin, LinkedIn, Kitchen, Semi-Modular, Requesting catalog #352, CP, Tushar Bhai, Warm, 26-35 Lakhs, Custom Manufacturing, Immediate, Business Loan, 27121995, Gandhinagar, Zydus Cadila, 480, 9 Months](645)" classname="tests.AddFurnitureLeadTest" time="0.0">
    <skipped message="Cannot invoke &quot;com.microsoft.playwright.Page.locator(String)&quot; because &quot;this.page&quot; is null"/>
  </testcase>
  <testcase name="addLeadForAdditionalFurnitureLeadTest[Stanley - SBC, Karan, Soni, +257, Walkin, LinkedIn, Kitchen, Countertop, Urgent requirement #176, CP, Tushar Bhai, Warm, 26-35 Lakhs, Custom Manufacturing, In 3 Months, Business Loan, 22121989, Junagadh, Zydus Cadila, 642, 3 Months](646)" classname="tests.AddFurnitureLeadTest" time="0.0">
    <skipped message="Cannot invoke &quot;com.microsoft.playwright.Page.locator(String)&quot; because &quot;this.page&quot; is null"/>
  </testcase>
  <testcase name="addLeadForAdditionalFurnitureLeadTest[Godrej, Priya, Bhatt, +231, Walkin, LinkedIn, Kitchen, Appliances, Requesting catalog #251, CP, Tushar Bhai, Warm, 26-35 Lakhs, Custom Manufacturing, In 6 Months, Business Loan, 30121985, Bhavnagar, Torrent Power, 23, 24 Months](647)" classname="tests.AddFurnitureLeadTest" time="0.0">
    <skipped message="Cannot invoke &quot;com.microsoft.playwright.Page.locator(String)&quot; because &quot;this.page&quot; is null"/>
  </testcase>
  <testcase name="addLeadForAdditionalFurnitureLeadTest[Lofy Home Store, Neha, Shah, +47, Walkin, LinkedIn, Wardrobes, Sliding, Wants kids&apos; room furniture #385, CP, Tushar Bhai, Warm, 26-35 Lakhs, Custom Manufacturing, In 1 Year +, Mortgage, 12031969, Jamnagar, Tata Consultancy, 544, 9 Months](648)" classname="tests.AddFurnitureLeadTest" time="0.0">
    <skipped message="Cannot invoke &quot;com.microsoft.playwright.Page.locator(String)&quot; because &quot;this.page&quot; is null"/>
  </testcase>
  <testcase name="addLeadForAdditionalFurnitureLeadTest[Haworth, Bhavna, Joshi, +228, Walkin, LinkedIn, Wardrobes, Hinged, Asking for custom designs #85, CP, Tushar Bhai, Warm, 36-50 Lakhs, Office Furniture, Immediate, Business Loan, 08111975, Surat, Zydus Cadila, 703, 6 Months](649)" classname="tests.AddFurnitureLeadTest" time="0.0">
    <skipped message="Cannot invoke &quot;com.microsoft.playwright.Page.locator(String)&quot; because &quot;this.page&quot; is null"/>
  </testcase>
  <testcase name="addLeadForAdditionalFurnitureLeadTest[Lofy Interior Solutions, Mehul, Parikh, +56, Walkin, LinkedIn, Wardrobes, Walk-in, Interested in seasonal discount #471, CP, Tushar Bhai, Warm, 36-50 Lakhs, Office Furniture, In 3 Months, Bank Loan, 06021981, Rajkot, Arvind Mills, 961, 9 Months](650)" classname="tests.AddFurnitureLeadTest" time="0.0">
    <skipped message="Cannot invoke &quot;com.microsoft.playwright.Page.locator(String)&quot; because &quot;this.page&quot; is null"/>
  </testcase>
  <testcase name="addLeadForAdditionalFurnitureLeadTest[Stanley - SLN, Krishna, Dave, +56, Walkin, LinkedIn, Office, WorkStations, Asking for fabric color options #207, CP, Tushar Bhai, Warm, 36-50 Lakhs, Office Furniture, In 6 Months, Business Loan, 15011985, Bhavnagar, Torrent Power, 195, 12 Months](651)" classname="tests.AddFurnitureLeadTest" time="0.0">
    <skipped message="Cannot invoke &quot;com.microsoft.playwright.Page.locator(String)&quot; because &quot;this.page&quot; is null"/>
  </testcase>
  <testcase name="addLeadForAdditionalFurnitureLeadTest[Stanley - SBC, Bhavna, Trivedi, +90, Walkin, LinkedIn, Office, Conference Table, Interested in modern furniture #117, CP, Tushar Bhai, Warm, 36-50 Lakhs, Office Furniture, In 1 Year +, Self-Finance, 26071965, Rajkot, Torrent Power, 436, 18 Months](652)" classname="tests.AddFurnitureLeadTest" time="0.0">
    <skipped message="Cannot invoke &quot;com.microsoft.playwright.Page.locator(String)&quot; because &quot;this.page&quot; is null"/>
  </testcase>
  <testcase name="addLeadForAdditionalFurnitureLeadTest[Godrej, Hetal, Raval, +239, Walkin, LinkedIn, Office, Cabin Setup, Repeat customer inquiry #373, CP, Tushar Bhai, Warm, 36-50 Lakhs, Residential Project, Immediate, Business Loan, 02031983, Jamnagar, Amul, 858, 18 Months](653)" classname="tests.AddFurnitureLeadTest" time="0.0">
    <skipped message="Cannot invoke &quot;com.microsoft.playwright.Page.locator(String)&quot; because &quot;this.page&quot; is null"/>
  </testcase>
  <testcase name="addLeadForAdditionalFurnitureLeadTest[Lofy Home Store, Sonal, Trivedi, +30, Walkin, LinkedIn, Outdoor, Patio, Urgent requirement #109, CP, Tushar Bhai, Warm, 36-50 Lakhs, Residential Project, In 3 Months, Bank Loan, 12071998, Gandhinagar, Reliance, 216, 9 Months](654)" classname="tests.AddFurnitureLeadTest" time="0.0">
    <skipped message="Cannot invoke &quot;com.microsoft.playwright.Page.locator(String)&quot; because &quot;this.page&quot; is null"/>
  </testcase>
  <testcase name="addLeadForAdditionalFurnitureLeadTest[Haworth, Kavya, Modi, +98, Walkin, LinkedIn, Outdoor, Swing, Interested in sofa sets #12, CP, Tushar Bhai, Warm, 36-50 Lakhs, Residential Project, In 6 Months, Self-Finance, 20091983, Junagadh, Arvind Mills, 242, 3 Months](655)" classname="tests.AddFurnitureLeadTest" time="0.0">
    <skipped message="Cannot invoke &quot;com.microsoft.playwright.Page.locator(String)&quot; because &quot;this.page&quot; is null"/>
  </testcase>
  <testcase name="addLeadForAdditionalFurnitureLeadTest[Lofy Interior Solutions, Viren, Gandhi, +253, Walkin, LinkedIn, Outdoor, Garden Seating, Looking for EMI options #259, CP, Tushar Bhai, Warm, 36-50 Lakhs, Residential Project, In 1 Year +, Business Loan, 30071966, Surat, Adani Group, 448, 24 Months](656)" classname="tests.AddFurnitureLeadTest" time="0.0">
    <skipped message="Cannot invoke &quot;com.microsoft.playwright.Page.locator(String)&quot; because &quot;this.page&quot; is null"/>
  </testcase>
  <testcase name="addLeadForAdditionalFurnitureLeadTest[Stanley - SLN, Rina, Shah, +45, Walkin, LinkedIn, Turkey Solution, Full Home Package(Design + Execution + Furniture), Need delivery within a week #64, CP, Tushar Bhai, Warm, 36-50 Lakhs, Hospitality, Immediate, Business Loan, 06041969, Rajkot, Torrent Power, 122, 18 Months](657)" classname="tests.AddFurnitureLeadTest" time="0.0">
    <skipped message="Cannot invoke &quot;com.microsoft.playwright.Page.locator(String)&quot; because &quot;this.page&quot; is null"/>
  </testcase>
  <testcase name="addLeadForAdditionalFurnitureLeadTest[Stanley - SBC, Rishi, Shah, +220, Walkin, LinkedIn, Project Management Consultancy, Project Advisory, Wants kids&apos; room furniture #365, CP, Tushar Bhai, Warm, 36-50 Lakhs, Hospitality, In 3 Months, Business Loan, 26121968, Surat, Amul, 114, 18 Months](658)" classname="tests.AddFurnitureLeadTest" time="0.0">
    <skipped message="Cannot invoke &quot;com.microsoft.playwright.Page.locator(String)&quot; because &quot;this.page&quot; is null"/>
  </testcase>
  <testcase name="addLeadForAdditionalFurnitureLeadTest[Godrej, Aarav, Bhatt, +216, Walkin, LinkedIn, Project Management Consultancy, Costing, Visited showroom last week #406, CP, Tushar Bhai, Warm, 36-50 Lakhs, Hospitality, In 6 Months, Bank Loan, 22121966, Ahmedabad, Arvind Mills, 871, 9 Months](659)" classname="tests.AddFurnitureLeadTest" time="0.0">
    <skipped message="Cannot invoke &quot;com.microsoft.playwright.Page.locator(String)&quot; because &quot;this.page&quot; is null"/>
  </testcase>
  <testcase name="addLeadForAdditionalFurnitureLeadTest[Lofy Home Store, Pooja, Soni, +233, Walkin, LinkedIn, Project Management Consultancy, Vendor Management, Looking for budget-friendly options #193, CP, Tushar Bhai, Warm, 36-50 Lakhs, Hospitality, In 1 Year +, Private Investor, 03021993, Vadodara, Amul, 668, 12 Months](660)" classname="tests.AddFurnitureLeadTest" time="0.0">
    <skipped message="Cannot invoke &quot;com.microsoft.playwright.Page.locator(String)&quot; because &quot;this.page&quot; is null"/>
  </testcase>
  <testcase name="addLeadForAdditionalFurnitureLeadTest[Haworth, Anjali, Shah, +236, Walkin, LinkedIn, Execution, Carpentry, Requesting catalog #328, CP, Tushar Bhai, Warm, 36-50 Lakhs, Retail, Immediate, Self-Finance, 30071999, Vadodara, Zydus Cadila, 235, 12 Months](661)" classname="tests.AddFurnitureLeadTest" time="0.0">
    <skipped message="Cannot invoke &quot;com.microsoft.playwright.Page.locator(String)&quot; because &quot;this.page&quot; is null"/>
  </testcase>
  <testcase name="addLeadForAdditionalFurnitureLeadTest[Lofy Interior Solutions, Pooja, Vyas, +39, Walkin, LinkedIn, Execution, Civil, First-time buyer #395, CP, Tushar Bhai, Warm, 36-50 Lakhs, Retail, In 3 Months, Bank Loan, 03081995, Bhavnagar, Tata Consultancy, 209, 24 Months](662)" classname="tests.AddFurnitureLeadTest" time="0.0">
    <skipped message="Cannot invoke &quot;com.microsoft.playwright.Page.locator(String)&quot; because &quot;this.page&quot; is null"/>
  </testcase>
  <testcase name="addLeadForAdditionalFurnitureLeadTest[Stanley - SLN, Bhavna, Desai, +224, Walkin, LinkedIn, Execution, Electrical, Payment flexibility needed #320, CP, Tushar Bhai, Warm, 36-50 Lakhs, Retail, In 6 Months, Bank Loan, 04051991, Gandhinagar, Amul, 365, 12 Months](663)" classname="tests.AddFurnitureLeadTest" time="0.0">
    <skipped message="Cannot invoke &quot;com.microsoft.playwright.Page.locator(String)&quot; because &quot;this.page&quot; is null"/>
  </testcase>
  <testcase name="addLeadForAdditionalFurnitureLeadTest[Stanley - SBC, Jigar, Kapoor, +84, Walkin, LinkedIn, Execution, Finishing only, Looking for budget-friendly options #305, CP, Tushar Bhai, Warm, 36-50 Lakhs, Retail, In 1 Year +, Self-Finance, 27011983, Rajkot, Adani Group, 221, 6 Months](664)" classname="tests.AddFurnitureLeadTest" time="0.0">
    <skipped message="Cannot invoke &quot;com.microsoft.playwright.Page.locator(String)&quot; because &quot;this.page&quot; is null"/>
  </testcase>
  <testcase name="addLeadForAdditionalFurnitureLeadTest[Godrej, Nirav, Doshi, +39, Walkin, LinkedIn, Design only, 2D/3D Layouts, Looking for budget-friendly options #339, CP, Tushar Bhai, Warm, 36-50 Lakhs, Commercial, Immediate, Business Loan, 24021993, Surat, Zydus Cadila, 79, 3 Months](665)" classname="tests.AddFurnitureLeadTest" time="0.0">
    <skipped message="Cannot invoke &quot;com.microsoft.playwright.Page.locator(String)&quot; because &quot;this.page&quot; is null"/>
  </testcase>
  <testcase name="addLeadForAdditionalFurnitureLeadTest[Lofy Home Store, Priya, Soni, +84, Walkin, LinkedIn, Design only, Material Selection, Wants luxury and premium finish #335, CP, Tushar Bhai, Warm, 36-50 Lakhs, Commercial, In 3 Months, Self-Finance, 24051993, Vadodara, Arvind Mills, 519, 24 Months](666)" classname="tests.AddFurnitureLeadTest" time="0.0">
    <skipped message="Cannot invoke &quot;com.microsoft.playwright.Page.locator(String)&quot; because &quot;this.page&quot; is null"/>
  </testcase>
  <testcase name="addLeadForAdditionalFurnitureLeadTest[Haworth, Pooja, Bhatt, +91, Walkin, SMS, Living, Sofa, Looking for leather finish #11, CP, Tushar Bhai, Warm, 36-50 Lakhs, Commercial, In 6 Months, Business Loan, 04031995, Ahmedabad, Torrent Power, 646, 18 Months](667)" classname="tests.AddFurnitureLeadTest" time="0.0">
    <skipped message="Cannot invoke &quot;com.microsoft.playwright.Page.locator(String)&quot; because &quot;this.page&quot; is null"/>
  </testcase>
  <testcase name="addLeadForAdditionalFurnitureLeadTest[Lofy Interior Solutions, Rina, Trivedi, +258, Walkin, SMS, Living, Recliner, Looking for budget-friendly options #354, CP, Tushar Bhai, Warm, 36-50 Lakhs, Commercial, In 1 Year +, Bank Loan, 13081971, Gandhinagar, Adani Group, 74, 24 Months](668)" classname="tests.AddFurnitureLeadTest" time="0.0">
    <skipped message="Cannot invoke &quot;com.microsoft.playwright.Page.locator(String)&quot; because &quot;this.page&quot; is null"/>
  </testcase>
  <testcase name="addLeadForAdditionalFurnitureLeadTest[Stanley - SLN, Rina, Choksi, +226, Walkin, SMS, Living, Coffee Table, Wants luxury and premium finish #214, CP, Tushar Bhai, Warm, 36-50 Lakhs, Custom Manufacturing, Immediate, Private Investor, 25111968, Junagadh, Arvind Mills, 917, 3 Months](669)" classname="tests.AddFurnitureLeadTest" time="0.0">
    <skipped message="Cannot invoke &quot;com.microsoft.playwright.Page.locator(String)&quot; because &quot;this.page&quot; is null"/>
  </testcase>
  <testcase name="addLeadForAdditionalFurnitureLeadTest[Stanley - SBC, Aarav, Bhatt, +98, Walkin, SMS, Living, TV Unit, Prefers eco-friendly material #195, CP, Tushar Bhai, Warm, 36-50 Lakhs, Custom Manufacturing, In 3 Months, Private Investor, 23071985, Vadodara, Tata Consultancy, 224, 3 Months](670)" classname="tests.AddFurnitureLeadTest" time="0.0">
    <skipped message="Cannot invoke &quot;com.microsoft.playwright.Page.locator(String)&quot; because &quot;this.page&quot; is null"/>
  </testcase>
  <testcase name="addLeadForAdditionalFurnitureLeadTest[Godrej, Mina, Shah, +251, Walkin, SMS, Dining, Dining Table, Wants luxury and premium finish #281, CP, Tushar Bhai, Warm, 36-50 Lakhs, Custom Manufacturing, In 6 Months, Bank Loan, 01091999, Rajkot, Tata Consultancy, 538, 3 Months](671)" classname="tests.AddFurnitureLeadTest" time="0.0">
    <skipped message="Cannot invoke &quot;com.microsoft.playwright.Page.locator(String)&quot; because &quot;this.page&quot; is null"/>
  </testcase>
  <testcase name="addLeadForAdditionalFurnitureLeadTest[Lofy Home Store, Rishi, Choksi, +255, Walkin, SMS, Dining, Chairs, First-time buyer #243, CP, Tushar Bhai, Warm, 36-50 Lakhs, Custom Manufacturing, In 1 Year +, Business Loan, 25071998, Gandhinagar, Zydus Cadila, 114, 18 Months](672)" classname="tests.AddFurnitureLeadTest" time="0.0">
    <skipped message="Cannot invoke &quot;com.microsoft.playwright.Page.locator(String)&quot; because &quot;this.page&quot; is null"/>
  </testcase>
  <testcase name="addLeadForAdditionalFurnitureLeadTest[Haworth, Nirav, Kapoor, +235, Walkin, SMS, Dining, Bench, Looking for space-saving solutions #79, CP, Tushar Bhai, Warm, 51-70 Lakhs, Office Furniture, Immediate, Mortgage, 26122000, Bhavnagar, Amul, 977, 9 Months](673)" classname="tests.AddFurnitureLeadTest" time="0.0">
    <skipped message="Cannot invoke &quot;com.microsoft.playwright.Page.locator(String)&quot; because &quot;this.page&quot; is null"/>
  </testcase>
  <testcase name="addLeadForAdditionalFurnitureLeadTest[Lofy Interior Solutions, Mina, Desai, +48, Walkin, SMS, BedRoom, Bed, Asking for custom designs #356, CP, Tushar Bhai, Warm, 51-70 Lakhs, Office Furniture, In 3 Months, Bank Loan, 03061965, Gandhinagar, Reliance, 12, 6 Months](674)" classname="tests.AddFurnitureLeadTest" time="0.0">
    <skipped message="Cannot invoke &quot;com.microsoft.playwright.Page.locator(String)&quot; because &quot;this.page&quot; is null"/>
  </testcase>
  <testcase name="addLeadForAdditionalFurnitureLeadTest[Stanley - SLN, Jigar, Shah, +46, Walkin, SMS, BedRoom, Side Table, Prefers compact designs #323, CP, Tushar Bhai, Warm, 51-70 Lakhs, Office Furniture, In 6 Months, Self-Finance, 25121981, Bhavnagar, Zydus Cadila, 336, 12 Months](675)" classname="tests.AddFurnitureLeadTest" time="0.0">
    <skipped message="Cannot invoke &quot;com.microsoft.playwright.Page.locator(String)&quot; because &quot;this.page&quot; is null"/>
  </testcase>
  <testcase name="addLeadForAdditionalFurnitureLeadTest[Stanley - SBC, Mina, Kapoor, +252, Walkin, SMS, BedRoom, Dressing, Interested in modern furniture #155, CP, Tushar Bhai, Warm, 51-70 Lakhs, Office Furniture, In 1 Year +, Mortgage, 16041983, Rajkot, Amul, 564, 9 Months](676)" classname="tests.AddFurnitureLeadTest" time="0.0">
    <skipped message="Cannot invoke &quot;com.microsoft.playwright.Page.locator(String)&quot; because &quot;this.page&quot; is null"/>
  </testcase>
  <testcase name="addLeadForAdditionalFurnitureLeadTest[Godrej, Rina, Dave, +216, Walkin, SMS, BedRoom, Mattress, Checking modular kitchen options #339, CP, Tushar Bhai, Warm, 51-70 Lakhs, Residential Project, Immediate, Bank Loan, 10121973, Vadodara, Torrent Power, 860, 12 Months](677)" classname="tests.AddFurnitureLeadTest" time="0.0">
    <skipped message="Cannot invoke &quot;com.microsoft.playwright.Page.locator(String)&quot; because &quot;this.page&quot; is null"/>
  </testcase>
  <testcase name="addLeadForAdditionalFurnitureLeadTest[Lofy Home Store, Krishna, Shah, +49, Walkin, SMS, Study, Study Table, Wants luxury and premium finish #340, CP, Tushar Bhai, Warm, 51-70 Lakhs, Residential Project, In 3 Months, Bank Loan, 05101994, Rajkot, Tata Consultancy, 916, 12 Months](678)" classname="tests.AddFurnitureLeadTest" time="0.0">
    <skipped message="Cannot invoke &quot;com.microsoft.playwright.Page.locator(String)&quot; because &quot;this.page&quot; is null"/>
  </testcase>
  <testcase name="addLeadForAdditionalFurnitureLeadTest[Haworth, Sonal, Gandhi, +212, Walkin, SMS, Study, Chairs, Request for free installation #139, CP, Tushar Bhai, Warm, 51-70 Lakhs, Residential Project, In 6 Months, Mortgage, 25031970, Ahmedabad, Zydus Cadila, 714, 9 Months](679)" classname="tests.AddFurnitureLeadTest" time="0.0">
    <skipped message="Cannot invoke &quot;com.microsoft.playwright.Page.locator(String)&quot; because &quot;this.page&quot; is null"/>
  </testcase>
  <testcase name="addLeadForAdditionalFurnitureLeadTest[Lofy Interior Solutions, Rina, Vyas, +36, Walkin, SMS, Study, Library Unit, Customer referred by friend #311, CP, Tushar Bhai, Warm, 51-70 Lakhs, Residential Project, In 1 Year +, Business Loan, 28041980, Bhavnagar, Zydus Cadila, 712, 9 Months](680)" classname="tests.AddFurnitureLeadTest" time="0.0">
    <skipped message="Cannot invoke &quot;com.microsoft.playwright.Page.locator(String)&quot; because &quot;this.page&quot; is null"/>
  </testcase>
  <testcase name="addLeadForAdditionalFurnitureLeadTest[Stanley - SLN, Karan, Trivedi, +211, Walkin, SMS, Kitchen, Modular, Looking for space-saving solutions #71, CP, Tushar Bhai, Warm, 51-70 Lakhs, Hospitality, Immediate, Bank Loan, 30111994, Junagadh, Amul, 516, 18 Months](681)" classname="tests.AddFurnitureLeadTest" time="0.0">
    <skipped message="Cannot invoke &quot;com.microsoft.playwright.Page.locator(String)&quot; because &quot;this.page&quot; is null"/>
  </testcase>
  <testcase name="addLeadForAdditionalFurnitureLeadTest[Stanley - SBC, Rishi, Soni, +253, Walkin, SMS, Kitchen, Semi-Modular, Checking modular kitchen options #426, CP, Tushar Bhai, Warm, 51-70 Lakhs, Hospitality, In 3 Months, Business Loan, 21011979, Surat, Torrent Power, 205, 24 Months](682)" classname="tests.AddFurnitureLeadTest" time="0.0">
    <skipped message="Cannot invoke &quot;com.microsoft.playwright.Page.locator(String)&quot; because &quot;this.page&quot; is null"/>
  </testcase>
  <testcase name="addLeadForAdditionalFurnitureLeadTest[Godrej, Dhruv, Shukla, +44, Walkin, SMS, Kitchen, Countertop, Requesting catalog #54, CP, Tushar Bhai, Warm, 51-70 Lakhs, Hospitality, In 6 Months, Mortgage, 23111976, Vadodara, Torrent Power, 714, 3 Months](683)" classname="tests.AddFurnitureLeadTest" time="0.0">
    <skipped message="Cannot invoke &quot;com.microsoft.playwright.Page.locator(String)&quot; because &quot;this.page&quot; is null"/>
  </testcase>
  <testcase name="addLeadForAdditionalFurnitureLeadTest[Lofy Home Store, Pooja, Doshi, +54, Walkin, SMS, Kitchen, Appliances, Request for free installation #369, CP, Tushar Bhai, Warm, 51-70 Lakhs, Hospitality, In 1 Year +, Self-Finance, 02102002, Surat, Zydus Cadila, 213, 18 Months](684)" classname="tests.AddFurnitureLeadTest" time="0.0">
    <skipped message="Cannot invoke &quot;com.microsoft.playwright.Page.locator(String)&quot; because &quot;this.page&quot; is null"/>
  </testcase>
  <testcase name="addLeadForAdditionalFurnitureLeadTest[Haworth, Pooja, Vyas, +216, Walkin, SMS, Wardrobes, Sliding, Customer referred by friend #61, CP, Tushar Bhai, Warm, 51-70 Lakhs, Retail, Immediate, Private Investor, 13121972, Vadodara, Torrent Power, 882, 6 Months](685)" classname="tests.AddFurnitureLeadTest" time="0.0">
    <skipped message="Cannot invoke &quot;com.microsoft.playwright.Page.locator(String)&quot; because &quot;this.page&quot; is null"/>
  </testcase>
  <testcase name="addLeadForAdditionalFurnitureLeadTest[Lofy Interior Solutions, Krishna, Patel, +65, Walkin, SMS, Wardrobes, Hinged, Requesting bulk order discount #59, CP, Tushar Bhai, Warm, 51-70 Lakhs, Retail, In 3 Months, Self-Finance, 17081974, Rajkot, Torrent Power, 201, 12 Months](686)" classname="tests.AddFurnitureLeadTest" time="0.0">
    <skipped message="Cannot invoke &quot;com.microsoft.playwright.Page.locator(String)&quot; because &quot;this.page&quot; is null"/>
  </testcase>
  <testcase name="addLeadForAdditionalFurnitureLeadTest[Stanley - SLN, Sonal, Soni, +248, Walkin, SMS, Wardrobes, Walk-in, Asking for fabric color options #55, CP, Tushar Bhai, Warm, 51-70 Lakhs, Retail, In 6 Months, Mortgage, 17051978, Bhavnagar, Reliance, 670, 9 Months](687)" classname="tests.AddFurnitureLeadTest" time="0.0">
    <skipped message="Cannot invoke &quot;com.microsoft.playwright.Page.locator(String)&quot; because &quot;this.page&quot; is null"/>
  </testcase>
  <testcase name="addLeadForAdditionalFurnitureLeadTest[Stanley - SBC, Viren, Patel, +232, Walkin, SMS, Office, WorkStations, Enquiring about warranty period #102, CP, Tushar Bhai, Warm, 51-70 Lakhs, Retail, In 1 Year +, Self-Finance, 14041988, Junagadh, Amul, 110, 12 Months](688)" classname="tests.AddFurnitureLeadTest" time="0.0">
    <skipped message="Cannot invoke &quot;com.microsoft.playwright.Page.locator(String)&quot; because &quot;this.page&quot; is null"/>
  </testcase>
  <testcase name="addLeadForAdditionalFurnitureLeadTest[Godrej, Bhavna, Patel, +47, Walkin, SMS, Office, Conference Table, Customer referred by friend #103, CP, Tushar Bhai, Warm, 51-70 Lakhs, Commercial, Immediate, Self-Finance, 19101998, Surat, Torrent Power, 278, 3 Months](689)" classname="tests.AddFurnitureLeadTest" time="0.0">
    <skipped message="Cannot invoke &quot;com.microsoft.playwright.Page.locator(String)&quot; because &quot;this.page&quot; is null"/>
  </testcase>
  <testcase name="addLeadForAdditionalFurnitureLeadTest[Lofy Home Store, Aarav, Shah, +53, Walkin, SMS, Office, Cabin Setup, Wants matching dining set #135, CP, Tushar Bhai, Warm, 51-70 Lakhs, Commercial, In 3 Months, Bank Loan, 21091975, Rajkot, Torrent Power, 422, 6 Months](690)" classname="tests.AddFurnitureLeadTest" time="0.0">
    <skipped message="Cannot invoke &quot;com.microsoft.playwright.Page.locator(String)&quot; because &quot;this.page&quot; is null"/>
  </testcase>
  <testcase name="addLeadForAdditionalFurnitureLeadTest[Haworth, Neha, Raval, +257, Walkin, SMS, Outdoor, Patio, Looking for leather finish #268, CP, Tushar Bhai, Warm, 51-70 Lakhs, Commercial, In 6 Months, Business Loan, 15011981, Jamnagar, Torrent Power, 583, 24 Months](691)" classname="tests.AddFurnitureLeadTest" time="0.0">
    <skipped message="Cannot invoke &quot;com.microsoft.playwright.Page.locator(String)&quot; because &quot;this.page&quot; is null"/>
  </testcase>
  <testcase name="addLeadForAdditionalFurnitureLeadTest[Lofy Interior Solutions, Mina, Choksi, +95, Walkin, SMS, Outdoor, Swing, Asking for custom designs #184, CP, Tushar Bhai, Warm, 51-70 Lakhs, Commercial, In 1 Year +, Self-Finance, 10121982, Vadodara, Tata Consultancy, 79, 24 Months](692)" classname="tests.AddFurnitureLeadTest" time="0.0">
    <skipped message="Cannot invoke &quot;com.microsoft.playwright.Page.locator(String)&quot; because &quot;this.page&quot; is null"/>
  </testcase>
  <testcase name="addLeadForAdditionalFurnitureLeadTest[Stanley - SLN, Mina, Raval, +239, Walkin, SMS, Outdoor, Garden Seating, Looking for space-saving solutions #210, CP, Tushar Bhai, Warm, 51-70 Lakhs, Custom Manufacturing, Immediate, Self-Finance, 12031978, Rajkot, Tata Consultancy, 447, 9 Months](693)" classname="tests.AddFurnitureLeadTest" time="0.0">
    <skipped message="Cannot invoke &quot;com.microsoft.playwright.Page.locator(String)&quot; because &quot;this.page&quot; is null"/>
  </testcase>
  <testcase name="addLeadForAdditionalFurnitureLeadTest[Stanley - SBC, Hetal, Parikh, +86, Walkin, SMS, Turkey Solution, Full Home Package(Design + Execution + Furniture), Requesting bulk order discount #83, CP, Tushar Bhai, Warm, 51-70 Lakhs, Custom Manufacturing, In 3 Months, Business Loan, 23081987, Bhavnagar, Zydus Cadila, 694, 3 Months](694)" classname="tests.AddFurnitureLeadTest" time="0.0">
    <skipped message="Cannot invoke &quot;com.microsoft.playwright.Page.locator(String)&quot; because &quot;this.page&quot; is null"/>
  </testcase>
  <testcase name="addLeadForAdditionalFurnitureLeadTest[Godrej, Mina, Soni, +261, Walkin, SMS, Project Management Consultancy, Project Advisory, Looking for budget-friendly options #281, CP, Tushar Bhai, Warm, 51-70 Lakhs, Custom Manufacturing, In 6 Months, Bank Loan, 19101980, Jamnagar, Torrent Power, 688, 3 Months](695)" classname="tests.AddFurnitureLeadTest" time="0.0">
    <skipped message="Cannot invoke &quot;com.microsoft.playwright.Page.locator(String)&quot; because &quot;this.page&quot; is null"/>
  </testcase>
  <testcase name="addLeadForAdditionalFurnitureLeadTest[Lofy Home Store, Karan, Soni, +211, Walkin, SMS, Project Management Consultancy, Costing, Enquiring about warranty period #467, CP, Tushar Bhai, Warm, 51-70 Lakhs, Custom Manufacturing, In 1 Year +, Self-Finance, 14061976, Bhavnagar, Reliance, 182, 9 Months](696)" classname="tests.AddFurnitureLeadTest" time="0.0">
    <skipped message="Cannot invoke &quot;com.microsoft.playwright.Page.locator(String)&quot; because &quot;this.page&quot; is null"/>
  </testcase>
  <testcase name="addLeadForAdditionalFurnitureLeadTest[Haworth, Anjali, Parikh, +56, Walkin, SMS, Project Management Consultancy, Vendor Management, Asking for custom designs #353, CP, Tushar Bhai, Warm, 71+ Lakhs, Office Furniture, Immediate, Self-Finance, 21031991, Ahmedabad, Arvind Mills, 922, 18 Months](697)" classname="tests.AddFurnitureLeadTest" time="0.0">
    <skipped message="Cannot invoke &quot;com.microsoft.playwright.Page.locator(String)&quot; because &quot;this.page&quot; is null"/>
  </testcase>
  <testcase name="addLeadForAdditionalFurnitureLeadTest[Lofy Interior Solutions, Hetal, Patel, +233, Walkin, SMS, Execution, Carpentry, Interested in seasonal discount #247, CP, Tushar Bhai, Warm, 71+ Lakhs, Office Furniture, In 3 Months, Private Investor, 26081992, Bhavnagar, Amul, 12, 6 Months](698)" classname="tests.AddFurnitureLeadTest" time="0.0">
    <skipped message="Cannot invoke &quot;com.microsoft.playwright.Page.locator(String)&quot; because &quot;this.page&quot; is null"/>
  </testcase>
  <testcase name="addLeadForAdditionalFurnitureLeadTest[Stanley - SLN, Krishna, Modi, +240, Walkin, SMS, Execution, Civil, Looking for office furniture #121, CP, Tushar Bhai, Warm, 71+ Lakhs, Office Furniture, In 6 Months, Business Loan, 18081970, Rajkot, Zydus Cadila, 67, 3 Months](699)" classname="tests.AddFurnitureLeadTest" time="0.0">
    <skipped message="Cannot invoke &quot;com.microsoft.playwright.Page.locator(String)&quot; because &quot;this.page&quot; is null"/>
  </testcase>
  <testcase name="addLeadForAdditionalFurnitureLeadTest[Stanley - SBC, Rohit, Choksi, +240, Walkin, SMS, Execution, Electrical, Interested in modern furniture #7, CP, Tushar Bhai, Warm, 71+ Lakhs, Office Furniture, In 1 Year +, Private Investor, 11071976, Ahmedabad, Torrent Power, 305, 6 Months](700)" classname="tests.AddFurnitureLeadTest" time="0.0">
    <skipped message="Cannot invoke &quot;com.microsoft.playwright.Page.locator(String)&quot; because &quot;this.page&quot; is null"/>
  </testcase>
  <testcase name="addLeadForAdditionalFurnitureLeadTest[Godrej, Dhruv, Bhatt, +40, Walkin, SMS, Execution, Finishing only, Prefers compact designs #46, CP, Tushar Bhai, Warm, 71+ Lakhs, Residential Project, Immediate, Private Investor, 04061968, Bhavnagar, Tata Consultancy, 532, 9 Months](701)" classname="tests.AddFurnitureLeadTest" time="0.0">
    <skipped message="Cannot invoke &quot;com.microsoft.playwright.Page.locator(String)&quot; because &quot;this.page&quot; is null"/>
  </testcase>
  <testcase name="addLeadForAdditionalFurnitureLeadTest[Lofy Home Store, Krishna, Joshi, +218, Walkin, SMS, Design only, 2D/3D Layouts, Interested in seasonal discount #57, CP, Tushar Bhai, Warm, 71+ Lakhs, Residential Project, In 3 Months, Business Loan, 16032000, Vadodara, Adani Group, 360, 18 Months](702)" classname="tests.AddFurnitureLeadTest" time="0.0">
    <skipped message="Cannot invoke &quot;com.microsoft.playwright.Page.locator(String)&quot; because &quot;this.page&quot; is null"/>
  </testcase>
  <testcase name="addLeadForAdditionalFurnitureLeadTest[Haworth, Aarav, Joshi, +221, Walkin, SMS, Design only, Material Selection, Looking for leather finish #294, CP, Tushar Bhai, Warm, 71+ Lakhs, Residential Project, In 6 Months, Business Loan, 20091967, Jamnagar, Amul, 478, 6 Months](703)" classname="tests.AddFurnitureLeadTest" time="0.0">
    <skipped message="Cannot invoke &quot;com.microsoft.playwright.Page.locator(String)&quot; because &quot;this.page&quot; is null"/>
  </testcase>
  <testcase name="addLeadForAdditionalFurnitureLeadTest[Lofy Interior Solutions, Anjali, Bhatt, +243, Walkin, YouTube, Living, Sofa, Prefers compact designs #253, CP, Tushar Bhai, Warm, 71+ Lakhs, Residential Project, In 1 Year +, Bank Loan, 30041992, Ahmedabad, Amul, 965, 9 Months](704)" classname="tests.AddFurnitureLeadTest" time="0.0">
    <skipped message="Cannot invoke &quot;com.microsoft.playwright.Page.locator(String)&quot; because &quot;this.page&quot; is null"/>
  </testcase>
  <testcase name="addLeadForAdditionalFurnitureLeadTest[Stanley - SLN, Mina, Patel, +91, Walkin, YouTube, Living, Recliner, Urgent requirement #487, CP, Tushar Bhai, Warm, 71+ Lakhs, Hospitality, Immediate, Business Loan, 20082002, Jamnagar, Torrent Power, 227, 18 Months](705)" classname="tests.AddFurnitureLeadTest" time="0.0">
    <skipped message="Cannot invoke &quot;com.microsoft.playwright.Page.locator(String)&quot; because &quot;this.page&quot; is null"/>
  </testcase>
  <testcase name="addLeadForAdditionalFurnitureLeadTest[Stanley - SBC, Viren, Bhatt, +229, Walkin, YouTube, Living, Coffee Table, Prefers wooden furniture #400, CP, Tushar Bhai, Warm, 71+ Lakhs, Hospitality, In 3 Months, Self-Finance, 24091995, Jamnagar, Tata Consultancy, 319, 3 Months](706)" classname="tests.AddFurnitureLeadTest" time="0.0">
    <skipped message="Cannot invoke &quot;com.microsoft.playwright.Page.locator(String)&quot; because &quot;this.page&quot; is null"/>
  </testcase>
  <testcase name="addLeadForAdditionalFurnitureLeadTest[Godrej, Rohit, Shukla, +240, Walkin, YouTube, Living, TV Unit, Request for free installation #39, CP, Tushar Bhai, Warm, 71+ Lakhs, Hospitality, In 6 Months, Mortgage, 24072003, Gandhinagar, Adani Group, 745, 12 Months](707)" classname="tests.AddFurnitureLeadTest" time="0.0">
    <skipped message="Cannot invoke &quot;com.microsoft.playwright.Page.locator(String)&quot; because &quot;this.page&quot; is null"/>
  </testcase>
  <testcase name="addLeadForAdditionalFurnitureLeadTest[Lofy Home Store, Kavya, Thakkar, +46, Walkin, YouTube, Dining, Dining Table, Interested in sofa sets #371, CP, Tushar Bhai, Warm, 71+ Lakhs, Hospitality, In 1 Year +, Private Investor, 08091966, Vadodara, Torrent Power, 266, 18 Months](708)" classname="tests.AddFurnitureLeadTest" time="0.0">
    <skipped message="Cannot invoke &quot;com.microsoft.playwright.Page.locator(String)&quot; because &quot;this.page&quot; is null"/>
  </testcase>
  <testcase name="addLeadForAdditionalFurnitureLeadTest[Haworth, Hetal, Doshi, +33, Walkin, YouTube, Dining, Chairs, Wants luxury and premium finish #464, CP, Tushar Bhai, Warm, 71+ Lakhs, Retail, Immediate, Bank Loan, 25051970, Bhavnagar, Torrent Power, 449, 6 Months](709)" classname="tests.AddFurnitureLeadTest" time="0.0">
    <skipped message="Cannot invoke &quot;com.microsoft.playwright.Page.locator(String)&quot; because &quot;this.page&quot; is null"/>
  </testcase>
  <testcase name="addLeadForAdditionalFurnitureLeadTest[Lofy Interior Solutions, Jigar, Desai, +49, Walkin, YouTube, Dining, Bench, First-time buyer #330, CP, Tushar Bhai, Warm, 71+ Lakhs, Retail, In 3 Months, Bank Loan, 08041975, Vadodara, Zydus Cadila, 441, 24 Months](710)" classname="tests.AddFurnitureLeadTest" time="0.0">
    <skipped message="Cannot invoke &quot;com.microsoft.playwright.Page.locator(String)&quot; because &quot;this.page&quot; is null"/>
  </testcase>
  <testcase name="addLeadForAdditionalFurnitureLeadTest[Stanley - SLN, Bhavna, Thakkar, +51, Walkin, YouTube, BedRoom, Bed, Repeat customer inquiry #234, CP, Tushar Bhai, Warm, 71+ Lakhs, Retail, In 6 Months, Bank Loan, 16021986, Surat, Arvind Mills, 742, 18 Months](711)" classname="tests.AddFurnitureLeadTest" time="0.0">
    <skipped message="Cannot invoke &quot;com.microsoft.playwright.Page.locator(String)&quot; because &quot;this.page&quot; is null"/>
  </testcase>
  <testcase name="addLeadForAdditionalFurnitureLeadTest[Stanley - SBC, Aarav, Mehta, +261, Walkin, YouTube, BedRoom, Side Table, Requesting bulk order discount #136, CP, Tushar Bhai, Warm, 71+ Lakhs, Retail, In 1 Year +, Private Investor, 19011979, Rajkot, Reliance, 568, 9 Months](712)" classname="tests.AddFurnitureLeadTest" time="0.0">
    <skipped message="Cannot invoke &quot;com.microsoft.playwright.Page.locator(String)&quot; because &quot;this.page&quot; is null"/>
  </testcase>
  <testcase name="addLeadForAdditionalFurnitureLeadTest[Godrej, Pooja, Modi, +236, Walkin, YouTube, BedRoom, Dressing, Prefers eco-friendly material #26, CP, Tushar Bhai, Warm, 71+ Lakhs, Commercial, Immediate, Business Loan, 21071977, Jamnagar, Zydus Cadila, 66, 3 Months](713)" classname="tests.AddFurnitureLeadTest" time="0.0">
    <skipped message="Cannot invoke &quot;com.microsoft.playwright.Page.locator(String)&quot; because &quot;this.page&quot; is null"/>
  </testcase>
  <testcase name="addLeadForAdditionalFurnitureLeadTest[Lofy Home Store, Pooja, Raval, +39, Walkin, YouTube, BedRoom, Mattress, Wants luxury and premium finish #417, CP, Tushar Bhai, Warm, 71+ Lakhs, Commercial, In 3 Months, Private Investor, 07012000, Rajkot, Zydus Cadila, 870, 3 Months](714)" classname="tests.AddFurnitureLeadTest" time="0.0">
    <skipped message="Cannot invoke &quot;com.microsoft.playwright.Page.locator(String)&quot; because &quot;this.page&quot; is null"/>
  </testcase>
  <testcase name="addLeadForAdditionalFurnitureLeadTest[Haworth, Rishi, Chaudhary, +251, Walkin, YouTube, Study, Study Table, Need delivery within a week #448, CP, Tushar Bhai, Warm, 71+ Lakhs, Commercial, In 6 Months, Private Investor, 23041983, Surat, Arvind Mills, 109, 18 Months](715)" classname="tests.AddFurnitureLeadTest" time="0.0">
    <skipped message="Cannot invoke &quot;com.microsoft.playwright.Page.locator(String)&quot; because &quot;this.page&quot; is null"/>
  </testcase>
  <testcase name="addLeadForAdditionalFurnitureLeadTest[Lofy Interior Solutions, Rina, Bhatt, +250, Walkin, YouTube, Study, Chairs, Looking for budget-friendly options #437, CP, Tushar Bhai, Warm, 71+ Lakhs, Commercial, In 1 Year +, Bank Loan, 12021988, Rajkot, Tata Consultancy, 336, 12 Months](716)" classname="tests.AddFurnitureLeadTest" time="0.0">
    <skipped message="Cannot invoke &quot;com.microsoft.playwright.Page.locator(String)&quot; because &quot;this.page&quot; is null"/>
  </testcase>
  <testcase name="addLeadForAdditionalFurnitureLeadTest[Stanley - SLN, Dhruv, Doshi, +238, Walkin, YouTube, Study, Library Unit, Requesting bulk order discount #185, CP, Tushar Bhai, Warm, 71+ Lakhs, Custom Manufacturing, Immediate, Private Investor, 31082001, Surat, Torrent Power, 281, 12 Months](717)" classname="tests.AddFurnitureLeadTest" time="0.0">
    <skipped message="Cannot invoke &quot;com.microsoft.playwright.Page.locator(String)&quot; because &quot;this.page&quot; is null"/>
  </testcase>
  <testcase name="addLeadForAdditionalFurnitureLeadTest[Stanley - SBC, Rohit, Vyas, +252, Walkin, YouTube, Kitchen, Modular, Asking for fabric color options #347, CP, Tushar Bhai, Warm, 71+ Lakhs, Custom Manufacturing, In 3 Months, Bank Loan, 19051985, Rajkot, Tata Consultancy, 584, 9 Months](718)" classname="tests.AddFurnitureLeadTest" time="0.0">
    <skipped message="Cannot invoke &quot;com.microsoft.playwright.Page.locator(String)&quot; because &quot;this.page&quot; is null"/>
  </testcase>
  <testcase name="addLeadForAdditionalFurnitureLeadTest[Godrej, Dhruv, Dave, +244, Walkin, YouTube, Kitchen, Semi-Modular, Looking for office furniture #219, CP, Tushar Bhai, Warm, 71+ Lakhs, Custom Manufacturing, In 6 Months, Private Investor, 09011980, Rajkot, Torrent Power, 97, 9 Months](719)" classname="tests.AddFurnitureLeadTest" time="0.0">
    <skipped message="Cannot invoke &quot;com.microsoft.playwright.Page.locator(String)&quot; because &quot;this.page&quot; is null"/>
  </testcase>
  <testcase name="addLeadForAdditionalFurnitureLeadTest[Lofy Home Store, Pooja, Trivedi, +254, Walkin, YouTube, Kitchen, Countertop, Interested in sofa sets #60, CP, Tushar Bhai, Warm, 71+ Lakhs, Custom Manufacturing, In 1 Year +, Private Investor, 04121978, Vadodara, Reliance, 615, 3 Months](720)" classname="tests.AddFurnitureLeadTest" time="0.0">
    <skipped message="Cannot invoke &quot;com.microsoft.playwright.Page.locator(String)&quot; because &quot;this.page&quot; is null"/>
  </testcase>
  <testcase name="addLeadForAdditionalFurnitureLeadTest[Haworth, Dhruv, Patel, +242, Walkin, YouTube, Kitchen, Appliances, Wants luxury and premium finish #436, CP, Tushar Bhai, Hot, 15-25 Lakhs, Office Furniture, Immediate, Self-Finance, 17082000, Rajkot, Reliance, 224, 18 Months](721)" classname="tests.AddFurnitureLeadTest" time="0.0">
    <skipped message="Cannot invoke &quot;com.microsoft.playwright.Page.locator(String)&quot; because &quot;this.page&quot; is null"/>
  </testcase>
  <testcase name="addLeadForAdditionalFurnitureLeadTest[Lofy Interior Solutions, Rohit, Shah, +27, Walkin, YouTube, Wardrobes, Sliding, Wants matching dining set #456, CP, Tushar Bhai, Hot, 15-25 Lakhs, Office Furniture, In 3 Months, Self-Finance, 12041965, Bhavnagar, Torrent Power, 49, 9 Months](722)" classname="tests.AddFurnitureLeadTest" time="0.0">
    <skipped message="Cannot invoke &quot;com.microsoft.playwright.Page.locator(String)&quot; because &quot;this.page&quot; is null"/>
  </testcase>
  <testcase name="addLeadForAdditionalFurnitureLeadTest[Stanley - SLN, Anjali, Raval, +252, Walkin, YouTube, Wardrobes, Hinged, Looking for budget-friendly options #5, CP, Tushar Bhai, Hot, 15-25 Lakhs, Office Furniture, In 6 Months, Mortgage, 06061991, Bhavnagar, Reliance, 955, 24 Months](723)" classname="tests.AddFurnitureLeadTest" time="0.0">
    <skipped message="Cannot invoke &quot;com.microsoft.playwright.Page.locator(String)&quot; because &quot;this.page&quot; is null"/>
  </testcase>
  <testcase name="addLeadForAdditionalFurnitureLeadTest[Stanley - SBC, Kavya, Doshi, +57, Walkin, YouTube, Wardrobes, Walk-in, Checking stock availability #71, CP, Tushar Bhai, Hot, 15-25 Lakhs, Office Furniture, In 1 Year +, Private Investor, 13111991, Rajkot, Arvind Mills, 877, 3 Months](724)" classname="tests.AddFurnitureLeadTest" time="0.0">
    <skipped message="Cannot invoke &quot;com.microsoft.playwright.Page.locator(String)&quot; because &quot;this.page&quot; is null"/>
  </testcase>
  <testcase name="addLeadForAdditionalFurnitureLeadTest[Godrej, Hetal, Modi, +251, Walkin, YouTube, Office, WorkStations, Prefers compact designs #332, CP, Tushar Bhai, Hot, 15-25 Lakhs, Residential Project, Immediate, Private Investor, 11051999, Bhavnagar, Amul, 610, 12 Months](725)" classname="tests.AddFurnitureLeadTest" time="0.0">
    <skipped message="Cannot invoke &quot;com.microsoft.playwright.Page.locator(String)&quot; because &quot;this.page&quot; is null"/>
  </testcase>
  <testcase name="addLeadForAdditionalFurnitureLeadTest[Lofy Home Store, Bhavna, Chaudhary, +250, Walkin, YouTube, Office, Conference Table, Need delivery within a week #169, CP, Tushar Bhai, Hot, 15-25 Lakhs, Residential Project, In 3 Months, Self-Finance, 31051989, Jamnagar, Torrent Power, 837, 3 Months](726)" classname="tests.AddFurnitureLeadTest" time="0.0">
    <skipped message="Cannot invoke &quot;com.microsoft.playwright.Page.locator(String)&quot; because &quot;this.page&quot; is null"/>
  </testcase>
  <testcase name="addLeadForAdditionalFurnitureLeadTest[Haworth, Sonal, Kapoor, +86, Walkin, YouTube, Office, Cabin Setup, Wants kids&apos; room furniture #458, CP, Tushar Bhai, Hot, 15-25 Lakhs, Residential Project, In 6 Months, Bank Loan, 03061984, Rajkot, Torrent Power, 974, 6 Months](727)" classname="tests.AddFurnitureLeadTest" time="0.0">
    <skipped message="Cannot invoke &quot;com.microsoft.playwright.Page.locator(String)&quot; because &quot;this.page&quot; is null"/>
  </testcase>
  <testcase name="addLeadForAdditionalFurnitureLeadTest[Lofy Interior Solutions, Kavya, Modi, +257, Walkin, YouTube, Outdoor, Patio, Prefers eco-friendly material #490, CP, Tushar Bhai, Hot, 15-25 Lakhs, Residential Project, In 1 Year +, Self-Finance, 19041994, Ahmedabad, Zydus Cadila, 92, 24 Months](728)" classname="tests.AddFurnitureLeadTest" time="0.0">
    <skipped message="Cannot invoke &quot;com.microsoft.playwright.Page.locator(String)&quot; because &quot;this.page&quot; is null"/>
  </testcase>
  <testcase name="addLeadForAdditionalFurnitureLeadTest[Stanley - SLN, Mina, Parikh, +228, Walkin, YouTube, Outdoor, Swing, Customer referred by friend #138, CP, Tushar Bhai, Hot, 15-25 Lakhs, Hospitality, Immediate, Self-Finance, 17121972, Gandhinagar, Zydus Cadila, 289, 24 Months](729)" classname="tests.AddFurnitureLeadTest" time="0.0">
    <skipped message="Cannot invoke &quot;com.microsoft.playwright.Page.locator(String)&quot; because &quot;this.page&quot; is null"/>
  </testcase>
  <testcase name="addLeadForAdditionalFurnitureLeadTest[Stanley - SBC, Hetal, Bhatt, +33, Walkin, YouTube, Outdoor, Garden Seating, Requesting catalog #376, CP, Tushar Bhai, Hot, 15-25 Lakhs, Hospitality, In 3 Months, Business Loan, 18121997, Rajkot, Tata Consultancy, 482, 12 Months](730)" classname="tests.AddFurnitureLeadTest" time="0.0">
    <skipped message="Cannot invoke &quot;com.microsoft.playwright.Page.locator(String)&quot; because &quot;this.page&quot; is null"/>
  </testcase>
  <testcase name="addLeadForAdditionalFurnitureLeadTest[Godrej, Rishi, Shukla, +222, Walkin, YouTube, Turkey Solution, Full Home Package(Design + Execution + Furniture), Prefers wooden furniture #191, CP, Tushar Bhai, Hot, 15-25 Lakhs, Hospitality, In 6 Months, Business Loan, 20051969, Bhavnagar, Adani Group, 25, 18 Months](731)" classname="tests.AddFurnitureLeadTest" time="0.0">
    <skipped message="Cannot invoke &quot;com.microsoft.playwright.Page.locator(String)&quot; because &quot;this.page&quot; is null"/>
  </testcase>
  <testcase name="addLeadForAdditionalFurnitureLeadTest[Lofy Home Store, Anjali, Raval, +57, Walkin, YouTube, Project Management Consultancy, Project Advisory, Looking for leather finish #176, CP, Tushar Bhai, Hot, 15-25 Lakhs, Hospitality, In 1 Year +, Bank Loan, 04101977, Ahmedabad, Amul, 145, 6 Months](732)" classname="tests.AddFurnitureLeadTest" time="0.0">
    <skipped message="Cannot invoke &quot;com.microsoft.playwright.Page.locator(String)&quot; because &quot;this.page&quot; is null"/>
  </testcase>
  <testcase name="addLeadForAdditionalFurnitureLeadTest[Haworth, Mehul, Bhatt, +48, Walkin, YouTube, Project Management Consultancy, Costing, Need delivery within a week #59, CP, Tushar Bhai, Hot, 15-25 Lakhs, Retail, Immediate, Business Loan, 01031991, Rajkot, Amul, 894, 6 Months](733)" classname="tests.AddFurnitureLeadTest" time="0.0">
    <skipped message="Cannot invoke &quot;com.microsoft.playwright.Page.locator(String)&quot; because &quot;this.page&quot; is null"/>
  </testcase>
  <testcase name="addLeadForAdditionalFurnitureLeadTest[Lofy Interior Solutions, Nirav, Shah, +262, Walkin, YouTube, Project Management Consultancy, Vendor Management, Interested in outdoor furniture #205, CP, Tushar Bhai, Hot, 15-25 Lakhs, Retail, In 3 Months, Business Loan, 03091990, Bhavnagar, Tata Consultancy, 452, 12 Months](734)" classname="tests.AddFurnitureLeadTest" time="0.0">
    <skipped message="Cannot invoke &quot;com.microsoft.playwright.Page.locator(String)&quot; because &quot;this.page&quot; is null"/>
  </testcase>
  <testcase name="addLeadForAdditionalFurnitureLeadTest[Stanley - SLN, Mehul, Chaudhary, +95, Walkin, YouTube, Execution, Carpentry, Prefers eco-friendly material #140, CP, Tushar Bhai, Hot, 15-25 Lakhs, Retail, In 6 Months, Bank Loan, 11051995, Surat, Adani Group, 552, 6 Months](735)" classname="tests.AddFurnitureLeadTest" time="0.0">
    <skipped message="Cannot invoke &quot;com.microsoft.playwright.Page.locator(String)&quot; because &quot;this.page&quot; is null"/>
  </testcase>
  <testcase name="addLeadForAdditionalFurnitureLeadTest[Stanley - SBC, Mina, Patel, +212, Walkin, YouTube, Execution, Civil, Looking for leather finish #198, CP, Tushar Bhai, Hot, 15-25 Lakhs, Retail, In 1 Year +, Business Loan, 11021966, Junagadh, Tata Consultancy, 244, 3 Months](736)" classname="tests.AddFurnitureLeadTest" time="0.0">
    <skipped message="Cannot invoke &quot;com.microsoft.playwright.Page.locator(String)&quot; because &quot;this.page&quot; is null"/>
  </testcase>
  <testcase name="addLeadForAdditionalFurnitureLeadTest[Godrej, Jigar, Vyas, +62, Walkin, YouTube, Execution, Electrical, Looking for space-saving solutions #436, CP, Tushar Bhai, Hot, 15-25 Lakhs, Commercial, Immediate, Bank Loan, 24091995, Surat, Adani Group, 301, 3 Months](737)" classname="tests.AddFurnitureLeadTest" time="0.0">
    <skipped message="Cannot invoke &quot;com.microsoft.playwright.Page.locator(String)&quot; because &quot;this.page&quot; is null"/>
  </testcase>
  <testcase name="addLeadForAdditionalFurnitureLeadTest[Lofy Home Store, Rina, Kapoor, +66, Walkin, YouTube, Execution, Finishing only, Enquiring about warranty period #410, CP, Tushar Bhai, Hot, 15-25 Lakhs, Commercial, In 3 Months, Mortgage, 18061994, Rajkot, Torrent Power, 145, 3 Months](738)" classname="tests.AddFurnitureLeadTest" time="0.0">
    <skipped message="Cannot invoke &quot;com.microsoft.playwright.Page.locator(String)&quot; because &quot;this.page&quot; is null"/>
  </testcase>
  <testcase name="addLeadForAdditionalFurnitureLeadTest[Haworth, Dhruv, Modi, +48, Walkin, YouTube, Design only, 2D/3D Layouts, Checking modular kitchen options #333, CP, Tushar Bhai, Hot, 15-25 Lakhs, Commercial, In 6 Months, Bank Loan, 21051971, Bhavnagar, Amul, 803, 6 Months](739)" classname="tests.AddFurnitureLeadTest" time="0.0">
    <skipped message="Cannot invoke &quot;com.microsoft.playwright.Page.locator(String)&quot; because &quot;this.page&quot; is null"/>
  </testcase>
  <testcase name="addLeadForAdditionalFurnitureLeadTest[Lofy Interior Solutions, Kavya, Doshi, +84, Walkin, YouTube, Design only, Material Selection, Requesting catalog #409, CP, Tushar Bhai, Hot, 15-25 Lakhs, Commercial, In 1 Year +, Mortgage, 25121988, Gandhinagar, Amul, 254, 12 Months](740)" classname="tests.AddFurnitureLeadTest" time="0.0">
    <skipped message="Cannot invoke &quot;com.microsoft.playwright.Page.locator(String)&quot; because &quot;this.page&quot; is null"/>
  </testcase>
  <testcase name="addLeadForAdditionalFurnitureLeadTest[Stanley - SLN, Viren, Gandhi, +248, Walkin, IVRS, Living, Sofa, Need delivery within a week #58, CP, Tushar Bhai, Hot, 15-25 Lakhs, Custom Manufacturing, Immediate, Business Loan, 17011981, Bhavnagar, Zydus Cadila, 357, 24 Months](741)" classname="tests.AddFurnitureLeadTest" time="0.0">
    <skipped message="Cannot invoke &quot;com.microsoft.playwright.Page.locator(String)&quot; because &quot;this.page&quot; is null"/>
  </testcase>
  <testcase name="addLeadForAdditionalFurnitureLeadTest[Stanley - SBC, Sonal, Choksi, +51, Walkin, IVRS, Living, Recliner, Urgent requirement #357, CP, Tushar Bhai, Hot, 15-25 Lakhs, Custom Manufacturing, In 3 Months, Bank Loan, 27021999, Ahmedabad, Torrent Power, 140, 24 Months](742)" classname="tests.AddFurnitureLeadTest" time="0.0">
    <skipped message="Cannot invoke &quot;com.microsoft.playwright.Page.locator(String)&quot; because &quot;this.page&quot; is null"/>
  </testcase>
  <testcase name="addLeadForAdditionalFurnitureLeadTest[Godrej, Mehul, Choksi, +243, Walkin, IVRS, Living, Coffee Table, Interested in sofa sets #31, CP, Tushar Bhai, Hot, 15-25 Lakhs, Custom Manufacturing, In 6 Months, Mortgage, 27071966, Junagadh, Arvind Mills, 399, 3 Months](743)" classname="tests.AddFurnitureLeadTest" time="0.0">
    <skipped message="Cannot invoke &quot;com.microsoft.playwright.Page.locator(String)&quot; because &quot;this.page&quot; is null"/>
  </testcase>
  <testcase name="addLeadForAdditionalFurnitureLeadTest[Lofy Home Store, Viren, Shukla, +51, Walkin, IVRS, Living, TV Unit, Checking stock availability #82, CP, Tushar Bhai, Hot, 15-25 Lakhs, Custom Manufacturing, In 1 Year +, Business Loan, 09112002, Junagadh, Tata Consultancy, 657, 24 Months](744)" classname="tests.AddFurnitureLeadTest" time="0.0">
    <skipped message="Cannot invoke &quot;com.microsoft.playwright.Page.locator(String)&quot; because &quot;this.page&quot; is null"/>
  </testcase>
  <testcase name="addLeadForAdditionalFurnitureLeadTest[Haworth, Pooja, Shah, +229, Walkin, IVRS, Dining, Dining Table, Wants luxury and premium finish #214, CP, Tushar Bhai, Hot, 26-35 Lakhs, Office Furniture, Immediate, Self-Finance, 27091983, Surat, Reliance, 14, 24 Months](745)" classname="tests.AddFurnitureLeadTest" time="0.0">
    <skipped message="Cannot invoke &quot;com.microsoft.playwright.Page.locator(String)&quot; because &quot;this.page&quot; is null"/>
  </testcase>
  <testcase name="addLeadForAdditionalFurnitureLeadTest[Lofy Interior Solutions, Rishi, Shukla, +90, Walkin, IVRS, Dining, Chairs, Interested in seasonal discount #303, CP, Tushar Bhai, Hot, 26-35 Lakhs, Office Furniture, In 3 Months, Mortgage, 30111965, Jamnagar, Zydus Cadila, 491, 18 Months](746)" classname="tests.AddFurnitureLeadTest" time="0.0">
    <skipped message="Cannot invoke &quot;com.microsoft.playwright.Page.locator(String)&quot; because &quot;this.page&quot; is null"/>
  </testcase>
  <testcase name="addLeadForAdditionalFurnitureLeadTest[Stanley - SLN, Sonal, Patel, +40, Walkin, IVRS, Dining, Bench, Enquiring about warranty period #411, CP, Tushar Bhai, Hot, 26-35 Lakhs, Office Furniture, In 6 Months, Private Investor, 11101991, Gandhinagar, Reliance, 935, 9 Months](747)" classname="tests.AddFurnitureLeadTest" time="0.0">
    <skipped message="Cannot invoke &quot;com.microsoft.playwright.Page.locator(String)&quot; because &quot;this.page&quot; is null"/>
  </testcase>
  <testcase name="addLeadForAdditionalFurnitureLeadTest[Stanley - SBC, Jigar, Mehta, +228, Walkin, IVRS, BedRoom, Bed, Looking for EMI options #348, CP, Tushar Bhai, Hot, 26-35 Lakhs, Office Furniture, In 1 Year +, Private Investor, 04041979, Surat, Adani Group, 925, 12 Months](748)" classname="tests.AddFurnitureLeadTest" time="0.0">
    <skipped message="Cannot invoke &quot;com.microsoft.playwright.Page.locator(String)&quot; because &quot;this.page&quot; is null"/>
  </testcase>
  <testcase name="addLeadForAdditionalFurnitureLeadTest[Godrej, Bhavna, Trivedi, +244, Walkin, IVRS, BedRoom, Side Table, Prefers eco-friendly material #93, CP, Tushar Bhai, Hot, 26-35 Lakhs, Residential Project, Immediate, Mortgage, 10021970, Rajkot, Torrent Power, 439, 3 Months](749)" classname="tests.AddFurnitureLeadTest" time="0.0">
    <skipped message="Cannot invoke &quot;com.microsoft.playwright.Page.locator(String)&quot; because &quot;this.page&quot; is null"/>
  </testcase>
  <testcase name="addLeadForAdditionalFurnitureLeadTest[Lofy Home Store, Kavya, Desai, +32, Walkin, IVRS, BedRoom, Dressing, Customer referred by friend #195, CP, Tushar Bhai, Hot, 26-35 Lakhs, Residential Project, In 3 Months, Bank Loan, 07031983, Rajkot, Adani Group, 69, 12 Months](750)" classname="tests.AddFurnitureLeadTest" time="0.0">
    <skipped message="Cannot invoke &quot;com.microsoft.playwright.Page.locator(String)&quot; because &quot;this.page&quot; is null"/>
  </testcase>
  <testcase name="addLeadForAdditionalFurnitureLeadTest[Haworth, Aarav, Doshi, +246, Walkin, IVRS, BedRoom, Mattress, Wants matching dining set #184, CP, Tushar Bhai, Hot, 26-35 Lakhs, Residential Project, In 6 Months, Private Investor, 15041970, Ahmedabad, Amul, 464, 12 Months](751)" classname="tests.AddFurnitureLeadTest" time="0.0">
    <skipped message="Cannot invoke &quot;com.microsoft.playwright.Page.locator(String)&quot; because &quot;this.page&quot; is null"/>
  </testcase>
  <testcase name="addLeadForAdditionalFurnitureLeadTest[Lofy Interior Solutions, Pooja, Parikh, +238, Walkin, IVRS, Study, Study Table, Customer referred by friend #15, CP, Tushar Bhai, Hot, 26-35 Lakhs, Residential Project, In 1 Year +, Private Investor, 13051997, Jamnagar, Amul, 441, 9 Months](752)" classname="tests.AddFurnitureLeadTest" time="0.0">
    <skipped message="Cannot invoke &quot;com.microsoft.playwright.Page.locator(String)&quot; because &quot;this.page&quot; is null"/>
  </testcase>
  <testcase name="addLeadForAdditionalFurnitureLeadTest[Stanley - SLN, Rohit, Shukla, +43, Walkin, IVRS, Study, Chairs, Checking stock availability #351, CP, Tushar Bhai, Hot, 26-35 Lakhs, Hospitality, Immediate, Business Loan, 13071984, Gandhinagar, Reliance, 910, 9 Months](753)" classname="tests.AddFurnitureLeadTest" time="0.0">
    <skipped message="Cannot invoke &quot;com.microsoft.playwright.Page.locator(String)&quot; because &quot;this.page&quot; is null"/>
  </testcase>
  <testcase name="addLeadForAdditionalFurnitureLeadTest[Stanley - SBC, Priya, Shah, +65, Walkin, IVRS, Study, Library Unit, Requesting catalog #430, CP, Tushar Bhai, Hot, 26-35 Lakhs, Hospitality, In 3 Months, Self-Finance, 05061992, Vadodara, Amul, 66, 6 Months](754)" classname="tests.AddFurnitureLeadTest" time="0.0">
    <skipped message="Cannot invoke &quot;com.microsoft.playwright.Page.locator(String)&quot; because &quot;this.page&quot; is null"/>
  </testcase>
  <testcase name="addLeadForAdditionalFurnitureLeadTest[Godrej, Karan, Vyas, +220, Walkin, IVRS, Kitchen, Modular, Interested in sofa sets #499, CP, Tushar Bhai, Hot, 26-35 Lakhs, Hospitality, In 6 Months, Self-Finance, 15091980, Junagadh, Adani Group, 205, 18 Months](755)" classname="tests.AddFurnitureLeadTest" time="0.0">
    <skipped message="Cannot invoke &quot;com.microsoft.playwright.Page.locator(String)&quot; because &quot;this.page&quot; is null"/>
  </testcase>
  <testcase name="addLeadForAdditionalFurnitureLeadTest[Lofy Home Store, Priya, Mehta, +220, Walkin, IVRS, Kitchen, Semi-Modular, Requesting catalog #67, CP, Tushar Bhai, Hot, 26-35 Lakhs, Hospitality, In 1 Year +, Mortgage, 22071991, Junagadh, Amul, 977, 24 Months](756)" classname="tests.AddFurnitureLeadTest" time="0.0">
    <skipped message="Cannot invoke &quot;com.microsoft.playwright.Page.locator(String)&quot; because &quot;this.page&quot; is null"/>
  </testcase>
  <testcase name="addLeadForAdditionalFurnitureLeadTest[Haworth, Nirav, Vyas, +241, Walkin, IVRS, Kitchen, Countertop, Enquiring about warranty period #472, CP, Tushar Bhai, Hot, 26-35 Lakhs, Retail, Immediate, Mortgage, 15031996, Vadodara, Adani Group, 802, 18 Months](757)" classname="tests.AddFurnitureLeadTest" time="0.0">
    <skipped message="Cannot invoke &quot;com.microsoft.playwright.Page.locator(String)&quot; because &quot;this.page&quot; is null"/>
  </testcase>
  <testcase name="addLeadForAdditionalFurnitureLeadTest[Lofy Interior Solutions, Bhavna, Gandhi, +240, Walkin, IVRS, Kitchen, Appliances, Enquiring about warranty period #58, CP, Tushar Bhai, Hot, 26-35 Lakhs, Retail, In 3 Months, Mortgage, 06071983, Surat, Zydus Cadila, 253, 3 Months](758)" classname="tests.AddFurnitureLeadTest" time="0.0">
    <skipped message="Cannot invoke &quot;com.microsoft.playwright.Page.locator(String)&quot; because &quot;this.page&quot; is null"/>
  </testcase>
  <testcase name="addLeadForAdditionalFurnitureLeadTest[Stanley - SLN, Viren, Shukla, +216, Walkin, IVRS, Wardrobes, Sliding, Requesting catalog #211, CP, Tushar Bhai, Hot, 26-35 Lakhs, Retail, In 6 Months, Mortgage, 25111971, Junagadh, Torrent Power, 231, 12 Months](759)" classname="tests.AddFurnitureLeadTest" time="0.0">
    <skipped message="Cannot invoke &quot;com.microsoft.playwright.Page.locator(String)&quot; because &quot;this.page&quot; is null"/>
  </testcase>
  <testcase name="addLeadForAdditionalFurnitureLeadTest[Stanley - SBC, Hetal, Vyas, +240, Walkin, IVRS, Wardrobes, Hinged, Prefers eco-friendly material #24, CP, Tushar Bhai, Hot, 26-35 Lakhs, Retail, In 1 Year +, Mortgage, 13121971, Surat, Reliance, 260, 18 Months](760)" classname="tests.AddFurnitureLeadTest" time="0.0">
    <skipped message="Cannot invoke &quot;com.microsoft.playwright.Page.locator(String)&quot; because &quot;this.page&quot; is null"/>
  </testcase>
  <testcase name="addLeadForAdditionalFurnitureLeadTest[Godrej, Jigar, Kapoor, +249, Walkin, IVRS, Wardrobes, Walk-in, Prefers wooden furniture #134, CP, Tushar Bhai, Hot, 26-35 Lakhs, Commercial, Immediate, Self-Finance, 15111973, Surat, Tata Consultancy, 443, 3 Months](761)" classname="tests.AddFurnitureLeadTest" time="0.0">
    <skipped message="Cannot invoke &quot;com.microsoft.playwright.Page.locator(String)&quot; because &quot;this.page&quot; is null"/>
  </testcase>
  <testcase name="addLeadForAdditionalFurnitureLeadTest[Lofy Home Store, Bhavna, Trivedi, +41, Walkin, IVRS, Office, WorkStations, Visited showroom last week #161, CP, Tushar Bhai, Hot, 26-35 Lakhs, Commercial, In 3 Months, Self-Finance, 06031996, Rajkot, Torrent Power, 679, 6 Months](762)" classname="tests.AddFurnitureLeadTest" time="0.0">
    <skipped message="Cannot invoke &quot;com.microsoft.playwright.Page.locator(String)&quot; because &quot;this.page&quot; is null"/>
  </testcase>
  <testcase name="addLeadForAdditionalFurnitureLeadTest[Haworth, Anjali, Mehta, +94, Walkin, IVRS, Office, Conference Table, Interested in modern furniture #361, CP, Tushar Bhai, Hot, 26-35 Lakhs, Commercial, In 6 Months, Mortgage, 27091997, Ahmedabad, Tata Consultancy, 488, 24 Months](763)" classname="tests.AddFurnitureLeadTest" time="0.0">
    <skipped message="Cannot invoke &quot;com.microsoft.playwright.Page.locator(String)&quot; because &quot;this.page&quot; is null"/>
  </testcase>
  <testcase name="addLeadForAdditionalFurnitureLeadTest[Lofy Interior Solutions, Aarav, Modi, +48, Walkin, IVRS, Office, Cabin Setup, Checking stock availability #348, CP, Tushar Bhai, Hot, 26-35 Lakhs, Commercial, In 1 Year +, Self-Finance, 27071998, Surat, Torrent Power, 343, 9 Months](764)" classname="tests.AddFurnitureLeadTest" time="0.0">
    <skipped message="Cannot invoke &quot;com.microsoft.playwright.Page.locator(String)&quot; because &quot;this.page&quot; is null"/>
  </testcase>
  <testcase name="addLeadForAdditionalFurnitureLeadTest[Stanley - SLN, Mina, Choksi, +235, Walkin, IVRS, Outdoor, Patio, Request for free installation #393, CP, Tushar Bhai, Hot, 26-35 Lakhs, Custom Manufacturing, Immediate, Mortgage, 02081967, Vadodara, Torrent Power, 947, 9 Months](765)" classname="tests.AddFurnitureLeadTest" time="0.0">
    <skipped message="Cannot invoke &quot;com.microsoft.playwright.Page.locator(String)&quot; because &quot;this.page&quot; is null"/>
  </testcase>
  <testcase name="addLeadForAdditionalFurnitureLeadTest[Stanley - SBC, Nirav, Shah, +31, Walkin, IVRS, Outdoor, Swing, Interested in sofa sets #296, CP, Tushar Bhai, Hot, 26-35 Lakhs, Custom Manufacturing, In 3 Months, Mortgage, 12111976, Rajkot, Amul, 922, 18 Months](766)" classname="tests.AddFurnitureLeadTest" time="0.0">
    <skipped message="Cannot invoke &quot;com.microsoft.playwright.Page.locator(String)&quot; because &quot;this.page&quot; is null"/>
  </testcase>
  <testcase name="addLeadForAdditionalFurnitureLeadTest[Godrej, Aarav, Bhatt, +47, Walkin, IVRS, Outdoor, Garden Seating, Interested in sofa sets #290, CP, Tushar Bhai, Hot, 26-35 Lakhs, Custom Manufacturing, In 6 Months, Private Investor, 14081991, Gandhinagar, Amul, 139, 24 Months](767)" classname="tests.AddFurnitureLeadTest" time="0.0">
    <skipped message="Cannot invoke &quot;com.microsoft.playwright.Page.locator(String)&quot; because &quot;this.page&quot; is null"/>
  </testcase>
  <testcase name="addLeadForAdditionalFurnitureLeadTest[Lofy Home Store, Mina, Joshi, +230, Walkin, IVRS, Turkey Solution, Full Home Package(Design + Execution + Furniture), Repeat customer inquiry #490, CP, Tushar Bhai, Hot, 26-35 Lakhs, Custom Manufacturing, In 1 Year +, Private Investor, 25021969, Vadodara, Zydus Cadila, 731, 24 Months](768)" classname="tests.AddFurnitureLeadTest" time="0.0">
    <skipped message="Cannot invoke &quot;com.microsoft.playwright.Page.locator(String)&quot; because &quot;this.page&quot; is null"/>
  </testcase>
  <testcase name="addLeadForAdditionalFurnitureLeadTest[Haworth, Krishna, Kapoor, +91, Walkin, IVRS, Project Management Consultancy, Project Advisory, Prefers compact designs #448, CP, Tushar Bhai, Hot, 36-50 Lakhs, Office Furniture, Immediate, Private Investor, 04051996, Ahmedabad, Torrent Power, 733, 24 Months](769)" classname="tests.AddFurnitureLeadTest" time="0.0">
    <skipped message="Cannot invoke &quot;com.microsoft.playwright.Page.locator(String)&quot; because &quot;this.page&quot; is null"/>
  </testcase>
  <testcase name="addLeadForAdditionalFurnitureLeadTest[Lofy Interior Solutions, Pooja, Raval, +248, Walkin, IVRS, Project Management Consultancy, Costing, Looking for office furniture #266, CP, Tushar Bhai, Hot, 36-50 Lakhs, Office Furniture, In 3 Months, Private Investor, 02121978, Jamnagar, Arvind Mills, 750, 9 Months](770)" classname="tests.AddFurnitureLeadTest" time="0.0">
    <skipped message="Cannot invoke &quot;com.microsoft.playwright.Page.locator(String)&quot; because &quot;this.page&quot; is null"/>
  </testcase>
  <testcase name="addLeadForAdditionalFurnitureLeadTest[Stanley - SLN, Priya, Patel, +218, Walkin, IVRS, Project Management Consultancy, Vendor Management, Request for free installation #353, CP, Tushar Bhai, Hot, 36-50 Lakhs, Office Furniture, In 6 Months, Self-Finance, 23062003, Surat, Torrent Power, 665, 18 Months](771)" classname="tests.AddFurnitureLeadTest" time="0.0">
    <skipped message="Cannot invoke &quot;com.microsoft.playwright.Page.locator(String)&quot; because &quot;this.page&quot; is null"/>
  </testcase>
  <testcase name="addLeadForAdditionalFurnitureLeadTest[Stanley - SBC, Nirav, Shah, +94, Walkin, IVRS, Execution, Carpentry, Looking for space-saving solutions #317, CP, Tushar Bhai, Hot, 36-50 Lakhs, Office Furniture, In 1 Year +, Self-Finance, 19091996, Jamnagar, Amul, 405, 6 Months](772)" classname="tests.AddFurnitureLeadTest" time="0.0">
    <skipped message="Cannot invoke &quot;com.microsoft.playwright.Page.locator(String)&quot; because &quot;this.page&quot; is null"/>
  </testcase>
  <testcase name="addLeadForAdditionalFurnitureLeadTest[Godrej, Krishna, Patel, +235, Walkin, IVRS, Execution, Civil, Wants luxury and premium finish #222, CP, Tushar Bhai, Hot, 36-50 Lakhs, Residential Project, Immediate, Bank Loan, 10061976, Vadodara, Tata Consultancy, 995, 9 Months](773)" classname="tests.AddFurnitureLeadTest" time="0.0">
    <skipped message="Cannot invoke &quot;com.microsoft.playwright.Page.locator(String)&quot; because &quot;this.page&quot; is null"/>
  </testcase>
  <testcase name="addLeadForAdditionalFurnitureLeadTest[Lofy Home Store, Viren, Dave, +242, Walkin, IVRS, Execution, Electrical, Prefers compact designs #373, CP, Tushar Bhai, Hot, 36-50 Lakhs, Residential Project, In 3 Months, Mortgage, 03021997, Rajkot, Amul, 192, 24 Months](774)" classname="tests.AddFurnitureLeadTest" time="0.0">
    <skipped message="Cannot invoke &quot;com.microsoft.playwright.Page.locator(String)&quot; because &quot;this.page&quot; is null"/>
  </testcase>
  <testcase name="addLeadForAdditionalFurnitureLeadTest[Haworth, Neha, Modi, +20, Walkin, IVRS, Execution, Finishing only, Repeat customer inquiry #247, CP, Tushar Bhai, Hot, 36-50 Lakhs, Residential Project, In 6 Months, Mortgage, 11121990, Vadodara, Zydus Cadila, 518, 24 Months](775)" classname="tests.AddFurnitureLeadTest" time="0.0">
    <skipped message="Cannot invoke &quot;com.microsoft.playwright.Page.locator(String)&quot; because &quot;this.page&quot; is null"/>
  </testcase>
  <testcase name="addLeadForAdditionalFurnitureLeadTest[Lofy Interior Solutions, Mehul, Dave, +256, Walkin, IVRS, Design only, 2D/3D Layouts, Wants kids&apos; room furniture #340, CP, Tushar Bhai, Hot, 36-50 Lakhs, Residential Project, In 1 Year +, Private Investor, 18051985, Ahmedabad, Reliance, 299, 18 Months](776)" classname="tests.AddFurnitureLeadTest" time="0.0">
    <skipped message="Cannot invoke &quot;com.microsoft.playwright.Page.locator(String)&quot; because &quot;this.page&quot; is null"/>
  </testcase>
  <testcase name="addLeadForAdditionalFurnitureLeadTest[Stanley - SLN, Krishna, Shukla, +244, Walkin, IVRS, Design only, Material Selection, Prefers compact designs #329, CP, Tushar Bhai, Hot, 36-50 Lakhs, Hospitality, Immediate, Mortgage, 09031972, Ahmedabad, Tata Consultancy, 17, 18 Months](777)" classname="tests.AddFurnitureLeadTest" time="0.0">
    <skipped message="Cannot invoke &quot;com.microsoft.playwright.Page.locator(String)&quot; because &quot;this.page&quot; is null"/>
  </testcase>
  <testcase name="addLeadForAdditionalFurnitureLeadTest[Stanley - SBC, Krishna, Soni, +258, Walkin, Google, Living, Sofa, Interested in outdoor furniture #77, CP, Tushar Bhai, Hot, 36-50 Lakhs, Hospitality, In 3 Months, Business Loan, 16011993, Vadodara, Reliance, 969, 12 Months](778)" classname="tests.AddFurnitureLeadTest" time="0.0">
    <skipped message="Cannot invoke &quot;com.microsoft.playwright.Page.locator(String)&quot; because &quot;this.page&quot; is null"/>
  </testcase>
  <testcase name="addLeadForAdditionalFurnitureLeadTest[Godrej, Hetal, Doshi, +230, Walkin, Google, Living, Recliner, Looking for leather finish #424, CP, Tushar Bhai, Hot, 36-50 Lakhs, Hospitality, In 6 Months, Mortgage, 18101988, Ahmedabad, Tata Consultancy, 918, 9 Months](779)" classname="tests.AddFurnitureLeadTest" time="0.0">
    <skipped message="Cannot invoke &quot;com.microsoft.playwright.Page.locator(String)&quot; because &quot;this.page&quot; is null"/>
  </testcase>
  <testcase name="addLeadForAdditionalFurnitureLeadTest[Lofy Home Store, Karan, Choksi, +244, Walkin, Google, Living, Coffee Table, Payment flexibility needed #457, CP, Tushar Bhai, Hot, 36-50 Lakhs, Hospitality, In 1 Year +, Mortgage, 18051996, Ahmedabad, Amul, 914, 3 Months](780)" classname="tests.AddFurnitureLeadTest" time="0.0">
    <skipped message="Cannot invoke &quot;com.microsoft.playwright.Page.locator(String)&quot; because &quot;this.page&quot; is null"/>
  </testcase>
  <testcase name="addLeadForAdditionalFurnitureLeadTest[Haworth, Aarav, Vyas, +32, Walkin, Google, Living, TV Unit, Customer referred by friend #28, CP, Tushar Bhai, Hot, 36-50 Lakhs, Retail, Immediate, Bank Loan, 20061975, Rajkot, Adani Group, 505, 12 Months](781)" classname="tests.AddFurnitureLeadTest" time="0.0">
    <skipped message="Cannot invoke &quot;com.microsoft.playwright.Page.locator(String)&quot; because &quot;this.page&quot; is null"/>
  </testcase>
  <testcase name="addLeadForAdditionalFurnitureLeadTest[Lofy Interior Solutions, Karan, Kapoor, +237, Walkin, Google, Dining, Dining Table, Interested in modern furniture #330, CP, Tushar Bhai, Hot, 36-50 Lakhs, Retail, In 3 Months, Bank Loan, 22061972, Rajkot, Zydus Cadila, 818, 12 Months](782)" classname="tests.AddFurnitureLeadTest" time="0.0">
    <skipped message="Cannot invoke &quot;com.microsoft.playwright.Page.locator(String)&quot; because &quot;this.page&quot; is null"/>
  </testcase>
  <testcase name="addLeadForAdditionalFurnitureLeadTest[Stanley - SLN, Kavya, Thakkar, +257, Walkin, Google, Dining, Chairs, Interested in seasonal discount #81, CP, Tushar Bhai, Hot, 36-50 Lakhs, Retail, In 6 Months, Business Loan, 15121976, Vadodara, Torrent Power, 962, 6 Months](783)" classname="tests.AddFurnitureLeadTest" time="0.0">
    <skipped message="Cannot invoke &quot;com.microsoft.playwright.Page.locator(String)&quot; because &quot;this.page&quot; is null"/>
  </testcase>
  <testcase name="addLeadForAdditionalFurnitureLeadTest[Stanley - SBC, Rishi, Soni, +243, Walkin, Google, Dining, Bench, Request for free installation #435, CP, Tushar Bhai, Hot, 36-50 Lakhs, Retail, In 1 Year +, Private Investor, 18021987, Rajkot, Amul, 185, 24 Months](784)" classname="tests.AddFurnitureLeadTest" time="0.0">
    <skipped message="Cannot invoke &quot;com.microsoft.playwright.Page.locator(String)&quot; because &quot;this.page&quot; is null"/>
  </testcase>
  <testcase name="addLeadForAdditionalFurnitureLeadTest[Godrej, Karan, Mehta, +20, Walkin, Google, BedRoom, Bed, Enquiring about warranty period #437, CP, Tushar Bhai, Hot, 36-50 Lakhs, Commercial, Immediate, Business Loan, 06071988, Jamnagar, Reliance, 369, 12 Months](785)" classname="tests.AddFurnitureLeadTest" time="0.0">
    <skipped message="Cannot invoke &quot;com.microsoft.playwright.Page.locator(String)&quot; because &quot;this.page&quot; is null"/>
  </testcase>
  <testcase name="addLeadForAdditionalFurnitureLeadTest[Lofy Home Store, Mehul, Mehta, +222, Walkin, Google, BedRoom, Side Table, Enquiring about warranty period #446, CP, Tushar Bhai, Hot, 36-50 Lakhs, Commercial, In 3 Months, Mortgage, 08031985, Gandhinagar, Tata Consultancy, 440, 12 Months](786)" classname="tests.AddFurnitureLeadTest" time="0.0">
    <skipped message="Cannot invoke &quot;com.microsoft.playwright.Page.locator(String)&quot; because &quot;this.page&quot; is null"/>
  </testcase>
  <testcase name="addLeadForAdditionalFurnitureLeadTest[Haworth, Rohit, Bhatt, +258, Walkin, Google, BedRoom, Dressing, Need delivery within a week #39, CP, Tushar Bhai, Hot, 36-50 Lakhs, Commercial, In 6 Months, Self-Finance, 22121988, Jamnagar, Amul, 855, 9 Months](787)" classname="tests.AddFurnitureLeadTest" time="0.0">
    <skipped message="Cannot invoke &quot;com.microsoft.playwright.Page.locator(String)&quot; because &quot;this.page&quot; is null"/>
  </testcase>
  <testcase name="addLeadForAdditionalFurnitureLeadTest[Lofy Interior Solutions, Rohit, Gandhi, +234, Walkin, Google, BedRoom, Mattress, Wants matching dining set #252, CP, Tushar Bhai, Hot, 36-50 Lakhs, Commercial, In 1 Year +, Self-Finance, 07091969, Bhavnagar, Arvind Mills, 660, 12 Months](788)" classname="tests.AddFurnitureLeadTest" time="0.0">
    <skipped message="Cannot invoke &quot;com.microsoft.playwright.Page.locator(String)&quot; because &quot;this.page&quot; is null"/>
  </testcase>
  <testcase name="addLeadForAdditionalFurnitureLeadTest[Stanley - SLN, Priya, Gandhi, +33, Walkin, Google, Study, Study Table, Looking for office furniture #124, CP, Tushar Bhai, Hot, 36-50 Lakhs, Custom Manufacturing, Immediate, Private Investor, 12021981, Junagadh, Reliance, 763, 9 Months](789)" classname="tests.AddFurnitureLeadTest" time="0.0">
    <skipped message="Cannot invoke &quot;com.microsoft.playwright.Page.locator(String)&quot; because &quot;this.page&quot; is null"/>
  </testcase>
  <testcase name="addLeadForAdditionalFurnitureLeadTest[Stanley - SBC, Pooja, Joshi, +57, Walkin, Google, Study, Chairs, Looking for office furniture #497, CP, Tushar Bhai, Hot, 36-50 Lakhs, Custom Manufacturing, In 3 Months, Bank Loan, 05101966, Vadodara, Adani Group, 351, 3 Months](790)" classname="tests.AddFurnitureLeadTest" time="0.0">
    <skipped message="Cannot invoke &quot;com.microsoft.playwright.Page.locator(String)&quot; because &quot;this.page&quot; is null"/>
  </testcase>
  <testcase name="addLeadForAdditionalFurnitureLeadTest[Godrej, Mehul, Bhatt, +231, Walkin, Google, Study, Library Unit, First-time buyer #26, CP, Tushar Bhai, Hot, 36-50 Lakhs, Custom Manufacturing, In 6 Months, Bank Loan, 27081971, Rajkot, Zydus Cadila, 185, 3 Months](791)" classname="tests.AddFurnitureLeadTest" time="0.0">
    <skipped message="Cannot invoke &quot;com.microsoft.playwright.Page.locator(String)&quot; because &quot;this.page&quot; is null"/>
  </testcase>
  <testcase name="addLeadForAdditionalFurnitureLeadTest[Lofy Home Store, Rina, Doshi, +53, Walkin, Google, Kitchen, Modular, Request for free installation #115, CP, Tushar Bhai, Hot, 36-50 Lakhs, Custom Manufacturing, In 1 Year +, Bank Loan, 12121996, Jamnagar, Adani Group, 642, 24 Months](792)" classname="tests.AddFurnitureLeadTest" time="0.0">
    <skipped message="Cannot invoke &quot;com.microsoft.playwright.Page.locator(String)&quot; because &quot;this.page&quot; is null"/>
  </testcase>
  <testcase name="addLeadForAdditionalFurnitureLeadTest[Haworth, Dhruv, Joshi, +238, Walkin, Google, Kitchen, Semi-Modular, Payment flexibility needed #330, CP, Tushar Bhai, Hot, 51-70 Lakhs, Office Furniture, Immediate, Business Loan, 07012002, Bhavnagar, Amul, 148, 6 Months](793)" classname="tests.AddFurnitureLeadTest" time="0.0">
    <skipped message="Cannot invoke &quot;com.microsoft.playwright.Page.locator(String)&quot; because &quot;this.page&quot; is null"/>
  </testcase>
  <testcase name="addLeadForAdditionalFurnitureLeadTest[Lofy Interior Solutions, Rina, Patel, +98, Walkin, Google, Kitchen, Countertop, Interested in outdoor furniture #207, CP, Tushar Bhai, Hot, 51-70 Lakhs, Office Furniture, In 3 Months, Business Loan, 06111975, Rajkot, Arvind Mills, 608, 12 Months](794)" classname="tests.AddFurnitureLeadTest" time="0.0">
    <skipped message="Cannot invoke &quot;com.microsoft.playwright.Page.locator(String)&quot; because &quot;this.page&quot; is null"/>
  </testcase>
  <testcase name="addLeadForAdditionalFurnitureLeadTest[Stanley - SLN, Karan, Modi, +231, Walkin, Google, Kitchen, Appliances, Looking for leather finish #121, CP, Tushar Bhai, Hot, 51-70 Lakhs, Office Furniture, In 6 Months, Private Investor, 15021982, Gandhinagar, Amul, 862, 6 Months](795)" classname="tests.AddFurnitureLeadTest" time="0.0">
    <skipped message="Cannot invoke &quot;com.microsoft.playwright.Page.locator(String)&quot; because &quot;this.page&quot; is null"/>
  </testcase>
  <testcase name="addLeadForAdditionalFurnitureLeadTest[Stanley - SBC, Jigar, Thakkar, +81, Walkin, Google, Wardrobes, Sliding, Prefers wooden furniture #236, CP, Tushar Bhai, Hot, 51-70 Lakhs, Office Furniture, In 1 Year +, Self-Finance, 08061991, Bhavnagar, Zydus Cadila, 731, 6 Months](796)" classname="tests.AddFurnitureLeadTest" time="0.0">
    <skipped message="Cannot invoke &quot;com.microsoft.playwright.Page.locator(String)&quot; because &quot;this.page&quot; is null"/>
  </testcase>
  <testcase name="addLeadForAdditionalFurnitureLeadTest[Godrej, Anjali, Mehta, +86, Walkin, Google, Wardrobes, Hinged, Prefers eco-friendly material #411, CP, Tushar Bhai, Hot, 51-70 Lakhs, Residential Project, Immediate, Bank Loan, 01031987, Rajkot, Amul, 113, 3 Months](797)" classname="tests.AddFurnitureLeadTest" time="0.0">
    <skipped message="Cannot invoke &quot;com.microsoft.playwright.Page.locator(String)&quot; because &quot;this.page&quot; is null"/>
  </testcase>
  <testcase name="addLeadForAdditionalFurnitureLeadTest[Lofy Home Store, Neha, Choksi, +57, Walkin, Google, Wardrobes, Walk-in, Looking for EMI options #230, CP, Tushar Bhai, Hot, 51-70 Lakhs, Residential Project, In 3 Months, Business Loan, 30121989, Junagadh, Reliance, 455, 24 Months](798)" classname="tests.AddFurnitureLeadTest" time="0.0">
    <skipped message="Cannot invoke &quot;com.microsoft.playwright.Page.locator(String)&quot; because &quot;this.page&quot; is null"/>
  </testcase>
  <testcase name="addLeadForAdditionalFurnitureLeadTest[Haworth, Nirav, Bhatt, +231, Walkin, Google, Office, WorkStations, Prefers wooden furniture #439, CP, Tushar Bhai, Hot, 51-70 Lakhs, Residential Project, In 6 Months, Self-Finance, 31071976, Surat, Arvind Mills, 831, 6 Months](799)" classname="tests.AddFurnitureLeadTest" time="0.0">
    <skipped message="Cannot invoke &quot;com.microsoft.playwright.Page.locator(String)&quot; because &quot;this.page&quot; is null"/>
  </testcase>
  <testcase name="addLeadForAdditionalFurnitureLeadTest[Lofy Interior Solutions, Rina, Dave, +81, Walkin, Google, Office, Conference Table, Enquiring about warranty period #229, CP, Tushar Bhai, Hot, 51-70 Lakhs, Residential Project, In 1 Year +, Bank Loan, 06081996, Vadodara, Zydus Cadila, 485, 12 Months](800)" classname="tests.AddFurnitureLeadTest" time="0.0">
    <skipped message="Cannot invoke &quot;com.microsoft.playwright.Page.locator(String)&quot; because &quot;this.page&quot; is null"/>
  </testcase>
  <testcase name="addLeadForAdditionalFurnitureLeadTest[Stanley - SLN, Sonal, Shah, +243, Walkin, Google, Office, Cabin Setup, Looking for office furniture #61, CP, Tushar Bhai, Hot, 51-70 Lakhs, Hospitality, Immediate, Business Loan, 09041985, Rajkot, Arvind Mills, 954, 12 Months](801)" classname="tests.AddFurnitureLeadTest" time="0.0">
    <skipped message="Cannot invoke &quot;com.microsoft.playwright.Page.locator(String)&quot; because &quot;this.page&quot; is null"/>
  </testcase>
  <testcase name="addLeadForAdditionalFurnitureLeadTest[Stanley - SBC, Bhavna, Dave, +218, Walkin, Google, Outdoor, Patio, Enquiring about warranty period #382, CP, Tushar Bhai, Hot, 51-70 Lakhs, Hospitality, In 3 Months, Private Investor, 09041990, Surat, Torrent Power, 546, 9 Months](802)" classname="tests.AddFurnitureLeadTest" time="0.0">
    <skipped message="Cannot invoke &quot;com.microsoft.playwright.Page.locator(String)&quot; because &quot;this.page&quot; is null"/>
  </testcase>
  <testcase name="addLeadForAdditionalFurnitureLeadTest[Godrej, Priya, Trivedi, +48, Walkin, Google, Outdoor, Swing, Visited showroom last week #10, CP, Tushar Bhai, Hot, 51-70 Lakhs, Hospitality, In 6 Months, Bank Loan, 31051965, Jamnagar, Amul, 670, 6 Months](803)" classname="tests.AddFurnitureLeadTest" time="0.0">
    <skipped message="Cannot invoke &quot;com.microsoft.playwright.Page.locator(String)&quot; because &quot;this.page&quot; is null"/>
  </testcase>
  <testcase name="addLeadForAdditionalFurnitureLeadTest[Lofy Home Store, Mehul, Modi, +82, Walkin, Google, Outdoor, Garden Seating, Wants luxury and premium finish #207, CP, Tushar Bhai, Hot, 51-70 Lakhs, Hospitality, In 1 Year +, Mortgage, 20031992, Rajkot, Zydus Cadila, 1000, 12 Months](804)" classname="tests.AddFurnitureLeadTest" time="0.0">
    <skipped message="Cannot invoke &quot;com.microsoft.playwright.Page.locator(String)&quot; because &quot;this.page&quot; is null"/>
  </testcase>
  <testcase name="addLeadForAdditionalFurnitureLeadTest[Haworth, Pooja, Mehta, +225, Walkin, Google, Turkey Solution, Full Home Package(Design + Execution + Furniture), Checking modular kitchen options #19, CP, Tushar Bhai, Hot, 51-70 Lakhs, Retail, Immediate, Mortgage, 05021970, Vadodara, Arvind Mills, 470, 6 Months](805)" classname="tests.AddFurnitureLeadTest" time="0.0">
    <skipped message="Cannot invoke &quot;com.microsoft.playwright.Page.locator(String)&quot; because &quot;this.page&quot; is null"/>
  </testcase>
  <testcase name="addLeadForAdditionalFurnitureLeadTest[Lofy Interior Solutions, Jigar, Modi, +231, Walkin, Google, Project Management Consultancy, Project Advisory, Payment flexibility needed #282, CP, Tushar Bhai, Hot, 51-70 Lakhs, Retail, In 3 Months, Self-Finance, 30111980, Rajkot, Torrent Power, 741, 6 Months](806)" classname="tests.AddFurnitureLeadTest" time="0.0">
    <skipped message="Cannot invoke &quot;com.microsoft.playwright.Page.locator(String)&quot; because &quot;this.page&quot; is null"/>
  </testcase>
  <testcase name="addLeadForAdditionalFurnitureLeadTest[Stanley - SLN, Mehul, Gandhi, +238, Walkin, Google, Project Management Consultancy, Costing, Interested in modern furniture #423, CP, Tushar Bhai, Hot, 51-70 Lakhs, Retail, In 6 Months, Business Loan, 08101989, Rajkot, Torrent Power, 468, 9 Months](807)" classname="tests.AddFurnitureLeadTest" time="0.0">
    <skipped message="Cannot invoke &quot;com.microsoft.playwright.Page.locator(String)&quot; because &quot;this.page&quot; is null"/>
  </testcase>
  <testcase name="addLeadForAdditionalFurnitureLeadTest[Stanley - SBC, Jigar, Bhatt, +241, Walkin, Google, Project Management Consultancy, Vendor Management, Prefers wooden furniture #406, CP, Tushar Bhai, Hot, 51-70 Lakhs, Retail, In 1 Year +, Private Investor, 08092002, Vadodara, Tata Consultancy, 747, 6 Months](808)" classname="tests.AddFurnitureLeadTest" time="0.0">
    <skipped message="Cannot invoke &quot;com.microsoft.playwright.Page.locator(String)&quot; because &quot;this.page&quot; is null"/>
  </testcase>
  <testcase name="addLeadForAdditionalFurnitureLeadTest[Godrej, Nirav, Parikh, +43, Walkin, Google, Execution, Carpentry, Customer referred by friend #494, CP, Tushar Bhai, Hot, 51-70 Lakhs, Commercial, Immediate, Mortgage, 27031975, Junagadh, Reliance, 387, 3 Months](809)" classname="tests.AddFurnitureLeadTest" time="0.0">
    <skipped message="Cannot invoke &quot;com.microsoft.playwright.Page.locator(String)&quot; because &quot;this.page&quot; is null"/>
  </testcase>
  <testcase name="addLeadForAdditionalFurnitureLeadTest[Lofy Home Store, Aarav, Soni, +32, Walkin, Google, Execution, Civil, Customer referred by friend #327, CP, Tushar Bhai, Hot, 51-70 Lakhs, Commercial, In 3 Months, Business Loan, 17101989, Ahmedabad, Tata Consultancy, 344, 24 Months](810)" classname="tests.AddFurnitureLeadTest" time="0.0">
    <skipped message="Cannot invoke &quot;com.microsoft.playwright.Page.locator(String)&quot; because &quot;this.page&quot; is null"/>
  </testcase>
  <testcase name="addLeadForAdditionalFurnitureLeadTest[Haworth, Priya, Gandhi, +61, Walkin, Google, Execution, Electrical, Requesting bulk order discount #456, CP, Tushar Bhai, Hot, 51-70 Lakhs, Commercial, In 6 Months, Mortgage, 07041987, Junagadh, Zydus Cadila, 546, 12 Months](811)" classname="tests.AddFurnitureLeadTest" time="0.0">
    <skipped message="Cannot invoke &quot;com.microsoft.playwright.Page.locator(String)&quot; because &quot;this.page&quot; is null"/>
  </testcase>
  <testcase name="addLeadForAdditionalFurnitureLeadTest[Lofy Interior Solutions, Nirav, Dave, +221, Walkin, Google, Execution, Finishing only, Request for free installation #288, CP, Tushar Bhai, Hot, 51-70 Lakhs, Commercial, In 1 Year +, Self-Finance, 26091990, Vadodara, Torrent Power, 42, 9 Months](812)" classname="tests.AddFurnitureLeadTest" time="0.0">
    <skipped message="Cannot invoke &quot;com.microsoft.playwright.Page.locator(String)&quot; because &quot;this.page&quot; is null"/>
  </testcase>
  <testcase name="addLeadForAdditionalFurnitureLeadTest[Stanley - SLN, Nirav, Mehta, +230, Walkin, Google, Design only, 2D/3D Layouts, Asking for custom designs #336, CP, Tushar Bhai, Hot, 51-70 Lakhs, Custom Manufacturing, Immediate, Business Loan, 12041966, Bhavnagar, Torrent Power, 995, 6 Months](813)" classname="tests.AddFurnitureLeadTest" time="0.0">
    <skipped message="Cannot invoke &quot;com.microsoft.playwright.Page.locator(String)&quot; because &quot;this.page&quot; is null"/>
  </testcase>
  <testcase name="addLeadForAdditionalFurnitureLeadTest[Stanley - SBC, Hetal, Soni, +47, Walkin, Google, Design only, Material Selection, Prefers compact designs #234, CP, Tushar Bhai, Hot, 51-70 Lakhs, Custom Manufacturing, In 3 Months, Self-Finance, 24011969, Rajkot, Adani Group, 937, 12 Months](814)" classname="tests.AddFurnitureLeadTest" time="0.0">
    <skipped message="Cannot invoke &quot;com.microsoft.playwright.Page.locator(String)&quot; because &quot;this.page&quot; is null"/>
  </testcase>
  <testcase name="addLeadForAdditionalFurnitureLeadTest[Godrej, Anjali, Patel, +51, Walkin, Email, Living, Sofa, Looking for office furniture #187, CP, Tushar Bhai, Hot, 51-70 Lakhs, Custom Manufacturing, In 6 Months, Mortgage, 12081974, Bhavnagar, Adani Group, 988, 24 Months](815)" classname="tests.AddFurnitureLeadTest" time="0.0">
    <skipped message="Cannot invoke &quot;com.microsoft.playwright.Page.locator(String)&quot; because &quot;this.page&quot; is null"/>
  </testcase>
  <testcase name="addLeadForAdditionalFurnitureLeadTest[Lofy Home Store, Hetal, Shukla, +230, Walkin, Email, Living, Recliner, Looking for leather finish #28, CP, Tushar Bhai, Hot, 51-70 Lakhs, Custom Manufacturing, In 1 Year +, Business Loan, 16121967, Rajkot, Arvind Mills, 406, 6 Months](816)" classname="tests.AddFurnitureLeadTest" time="0.0">
    <skipped message="Cannot invoke &quot;com.microsoft.playwright.Page.locator(String)&quot; because &quot;this.page&quot; is null"/>
  </testcase>
  <testcase name="addLeadForAdditionalFurnitureLeadTest[Haworth, Karan, Modi, +56, Walkin, Email, Living, Coffee Table, Looking for leather finish #115, CP, Tushar Bhai, Hot, 71+ Lakhs, Office Furniture, Immediate, Private Investor, 19111991, Surat, Torrent Power, 239, 3 Months](817)" classname="tests.AddFurnitureLeadTest" time="0.0">
    <skipped message="Cannot invoke &quot;com.microsoft.playwright.Page.locator(String)&quot; because &quot;this.page&quot; is null"/>
  </testcase>
  <testcase name="addLeadForAdditionalFurnitureLeadTest[Lofy Interior Solutions, Rishi, Modi, +82, Walkin, Email, Living, TV Unit, Checking stock availability #233, CP, Tushar Bhai, Hot, 71+ Lakhs, Office Furniture, In 3 Months, Business Loan, 15121968, Rajkot, Tata Consultancy, 164, 3 Months](818)" classname="tests.AddFurnitureLeadTest" time="0.0">
    <skipped message="Cannot invoke &quot;com.microsoft.playwright.Page.locator(String)&quot; because &quot;this.page&quot; is null"/>
  </testcase>
  <testcase name="addLeadForAdditionalFurnitureLeadTest[Stanley - SLN, Mehul, Mehta, +40, Walkin, Email, Dining, Dining Table, Looking for office furniture #287, CP, Tushar Bhai, Hot, 71+ Lakhs, Office Furniture, In 6 Months, Self-Finance, 04081966, Vadodara, Torrent Power, 449, 6 Months](819)" classname="tests.AddFurnitureLeadTest" time="0.0">
    <skipped message="Cannot invoke &quot;com.microsoft.playwright.Page.locator(String)&quot; because &quot;this.page&quot; is null"/>
  </testcase>
  <testcase name="addLeadForAdditionalFurnitureLeadTest[Stanley - SBC, Bhavna, Shah, +30, Walkin, Email, Dining, Chairs, Wants matching dining set #318, CP, Tushar Bhai, Hot, 71+ Lakhs, Office Furniture, In 1 Year +, Bank Loan, 18061976, Vadodara, Tata Consultancy, 488, 9 Months](820)" classname="tests.AddFurnitureLeadTest" time="0.0">
    <skipped message="Cannot invoke &quot;com.microsoft.playwright.Page.locator(String)&quot; because &quot;this.page&quot; is null"/>
  </testcase>
  <testcase name="addLeadForAdditionalFurnitureLeadTest[Godrej, Viren, Bhatt, +53, Walkin, Email, Dining, Bench, Customer referred by friend #243, CP, Tushar Bhai, Hot, 71+ Lakhs, Residential Project, Immediate, Business Loan, 12011989, Vadodara, Arvind Mills, 234, 18 Months](821)" classname="tests.AddFurnitureLeadTest" time="0.0">
    <skipped message="Cannot invoke &quot;com.microsoft.playwright.Page.locator(String)&quot; because &quot;this.page&quot; is null"/>
  </testcase>
  <testcase name="addLeadForAdditionalFurnitureLeadTest[Lofy Home Store, Nirav, Vyas, +218, Walkin, Email, BedRoom, Bed, Looking for space-saving solutions #337, CP, Tushar Bhai, Hot, 71+ Lakhs, Residential Project, In 3 Months, Private Investor, 04041969, Gandhinagar, Tata Consultancy, 771, 18 Months](822)" classname="tests.AddFurnitureLeadTest" time="0.0">
    <skipped message="Cannot invoke &quot;com.microsoft.playwright.Page.locator(String)&quot; because &quot;this.page&quot; is null"/>
  </testcase>
  <testcase name="addLeadForAdditionalFurnitureLeadTest[Haworth, Priya, Trivedi, +84, Walkin, Email, BedRoom, Side Table, Wants kids&apos; room furniture #367, CP, Tushar Bhai, Hot, 71+ Lakhs, Residential Project, In 6 Months, Self-Finance, 26101979, Ahmedabad, Adani Group, 160, 18 Months](823)" classname="tests.AddFurnitureLeadTest" time="0.0">
    <skipped message="Cannot invoke &quot;com.microsoft.playwright.Page.locator(String)&quot; because &quot;this.page&quot; is null"/>
  </testcase>
  <testcase name="addLeadForAdditionalFurnitureLeadTest[Lofy Interior Solutions, Aarav, Doshi, +86, Walkin, Email, BedRoom, Dressing, Prefers eco-friendly material #59, CP, Tushar Bhai, Hot, 71+ Lakhs, Residential Project, In 1 Year +, Business Loan, 07121973, Gandhinagar, Amul, 495, 6 Months](824)" classname="tests.AddFurnitureLeadTest" time="0.0">
    <skipped message="Cannot invoke &quot;com.microsoft.playwright.Page.locator(String)&quot; because &quot;this.page&quot; is null"/>
  </testcase>
  <testcase name="addLeadForAdditionalFurnitureLeadTest[Stanley - SLN, Krishna, Choksi, +93, Walkin, Email, BedRoom, Mattress, Wants luxury and premium finish #389, CP, Tushar Bhai, Hot, 71+ Lakhs, Hospitality, Immediate, Bank Loan, 22041976, Jamnagar, Torrent Power, 747, 18 Months](825)" classname="tests.AddFurnitureLeadTest" time="0.0">
    <skipped message="Cannot invoke &quot;com.microsoft.playwright.Page.locator(String)&quot; because &quot;this.page&quot; is null"/>
  </testcase>
  <testcase name="addLeadForAdditionalFurnitureLeadTest[Stanley - SBC, Rina, Thakkar, +252, Walkin, Email, Study, Study Table, Prefers compact designs #114, CP, Tushar Bhai, Hot, 71+ Lakhs, Hospitality, In 3 Months, Business Loan, 12051995, Surat, Torrent Power, 490, 9 Months](826)" classname="tests.AddFurnitureLeadTest" time="0.0">
    <skipped message="Cannot invoke &quot;com.microsoft.playwright.Page.locator(String)&quot; because &quot;this.page&quot; is null"/>
  </testcase>
  <testcase name="addLeadForAdditionalFurnitureLeadTest[Godrej, Rohit, Parikh, +47, Walkin, Email, Study, Chairs, Interested in modern furniture #175, CP, Tushar Bhai, Hot, 71+ Lakhs, Hospitality, In 6 Months, Private Investor, 15041965, Ahmedabad, Torrent Power, 246, 18 Months](827)" classname="tests.AddFurnitureLeadTest" time="0.0">
    <skipped message="Cannot invoke &quot;com.microsoft.playwright.Page.locator(String)&quot; because &quot;this.page&quot; is null"/>
  </testcase>
  <testcase name="addLeadForAdditionalFurnitureLeadTest[Lofy Home Store, Aarav, Patel, +66, Walkin, Email, Study, Library Unit, Wants kids&apos; room furniture #425, CP, Tushar Bhai, Hot, 71+ Lakhs, Hospitality, In 1 Year +, Private Investor, 01051986, Gandhinagar, Amul, 393, 6 Months](828)" classname="tests.AddFurnitureLeadTest" time="0.0">
    <skipped message="Cannot invoke &quot;com.microsoft.playwright.Page.locator(String)&quot; because &quot;this.page&quot; is null"/>
  </testcase>
  <testcase name="addLeadForAdditionalFurnitureLeadTest[Haworth, Mehul, Gandhi, +44, Walkin, Email, Kitchen, Modular, Visited showroom last week #494, CP, Tushar Bhai, Hot, 71+ Lakhs, Retail, Immediate, Bank Loan, 15111971, Ahmedabad, Amul, 351, 6 Months](829)" classname="tests.AddFurnitureLeadTest" time="0.0">
    <skipped message="Cannot invoke &quot;com.microsoft.playwright.Page.locator(String)&quot; because &quot;this.page&quot; is null"/>
  </testcase>
  <testcase name="addLeadForAdditionalFurnitureLeadTest[Lofy Interior Solutions, Kavya, Modi, +228, Walkin, Email, Kitchen, Semi-Modular, Asking for fabric color options #150, CP, Tushar Bhai, Hot, 71+ Lakhs, Retail, In 3 Months, Mortgage, 23011976, Junagadh, Amul, 231, 9 Months](830)" classname="tests.AddFurnitureLeadTest" time="0.0">
    <skipped message="Cannot invoke &quot;com.microsoft.playwright.Page.locator(String)&quot; because &quot;this.page&quot; is null"/>
  </testcase>
  <testcase name="addLeadForAdditionalFurnitureLeadTest[Stanley - SLN, Mehul, Gandhi, +54, Walkin, Email, Kitchen, Countertop, Payment flexibility needed #268, CP, Tushar Bhai, Hot, 71+ Lakhs, Retail, In 6 Months, Bank Loan, 09031976, Ahmedabad, Tata Consultancy, 556, 3 Months](831)" classname="tests.AddFurnitureLeadTest" time="0.0">
    <skipped message="Cannot invoke &quot;com.microsoft.playwright.Page.locator(String)&quot; because &quot;this.page&quot; is null"/>
  </testcase>
  <testcase name="addLeadForAdditionalFurnitureLeadTest[Stanley - SBC, Anjali, Modi, +94, Walkin, Email, Kitchen, Appliances, Wants kids&apos; room furniture #360, CP, Tushar Bhai, Hot, 71+ Lakhs, Retail, In 1 Year +, Self-Finance, 18071997, Surat, Tata Consultancy, 905, 9 Months](832)" classname="tests.AddFurnitureLeadTest" time="0.0">
    <skipped message="Cannot invoke &quot;com.microsoft.playwright.Page.locator(String)&quot; because &quot;this.page&quot; is null"/>
  </testcase>
  <testcase name="addLeadForAdditionalFurnitureLeadTest[Godrej, Bhavna, Doshi, +256, Walkin, Email, Wardrobes, Sliding, Wants luxury and premium finish #24, CP, Tushar Bhai, Hot, 71+ Lakhs, Commercial, Immediate, Self-Finance, 23041984, Bhavnagar, Tata Consultancy, 951, 12 Months](833)" classname="tests.AddFurnitureLeadTest" time="0.0">
    <skipped message="Cannot invoke &quot;com.microsoft.playwright.Page.locator(String)&quot; because &quot;this.page&quot; is null"/>
  </testcase>
  <testcase name="addLeadForAdditionalFurnitureLeadTest[Lofy Home Store, Rina, Vyas, +248, Walkin, Email, Wardrobes, Hinged, Requesting catalog #85, CP, Tushar Bhai, Hot, 71+ Lakhs, Commercial, In 3 Months, Business Loan, 19122000, Junagadh, Reliance, 814, 18 Months](834)" classname="tests.AddFurnitureLeadTest" time="0.0">
    <skipped message="Cannot invoke &quot;com.microsoft.playwright.Page.locator(String)&quot; because &quot;this.page&quot; is null"/>
  </testcase>
  <testcase name="addLeadForAdditionalFurnitureLeadTest[Haworth, Bhavna, Choksi, +223, Walkin, Email, Wardrobes, Walk-in, Enquiring about warranty period #72, CP, Tushar Bhai, Hot, 71+ Lakhs, Commercial, In 6 Months, Mortgage, 25101994, Gandhinagar, Torrent Power, 441, 3 Months](835)" classname="tests.AddFurnitureLeadTest" time="0.0">
    <skipped message="Cannot invoke &quot;com.microsoft.playwright.Page.locator(String)&quot; because &quot;this.page&quot; is null"/>
  </testcase>
  <testcase name="addLeadForAdditionalFurnitureLeadTest[Lofy Interior Solutions, Bhavna, Bhatt, +220, Walkin, Email, Office, WorkStations, Looking for leather finish #368, CP, Tushar Bhai, Hot, 71+ Lakhs, Commercial, In 1 Year +, Self-Finance, 18032001, Vadodara, Amul, 694, 6 Months](836)" classname="tests.AddFurnitureLeadTest" time="0.0">
    <skipped message="Cannot invoke &quot;com.microsoft.playwright.Page.locator(String)&quot; because &quot;this.page&quot; is null"/>
  </testcase>
  <testcase name="addLeadForAdditionalFurnitureLeadTest[Stanley - SLN, Hetal, Raval, +47, Walkin, Email, Office, Conference Table, Interested in sofa sets #370, CP, Tushar Bhai, Hot, 71+ Lakhs, Custom Manufacturing, Immediate, Business Loan, 11041965, Surat, Zydus Cadila, 605, 9 Months](837)" classname="tests.AddFurnitureLeadTest" time="0.0">
    <skipped message="Cannot invoke &quot;com.microsoft.playwright.Page.locator(String)&quot; because &quot;this.page&quot; is null"/>
  </testcase>
  <testcase name="addLeadForAdditionalFurnitureLeadTest[Stanley - SBC, Pooja, Shukla, +63, Walkin, Email, Office, Cabin Setup, Checking modular kitchen options #55, CP, Tushar Bhai, Hot, 71+ Lakhs, Custom Manufacturing, In 3 Months, Bank Loan, 17022002, Vadodara, Zydus Cadila, 586, 12 Months](838)" classname="tests.AddFurnitureLeadTest" time="0.0">
    <skipped message="Cannot invoke &quot;com.microsoft.playwright.Page.locator(String)&quot; because &quot;this.page&quot; is null"/>
  </testcase>
  <testcase name="addLeadForAdditionalFurnitureLeadTest[Godrej, Rishi, Mehta, +216, Walkin, Email, Outdoor, Patio, First-time buyer #313, CP, Tushar Bhai, Hot, 71+ Lakhs, Custom Manufacturing, In 6 Months, Self-Finance, 05041979, Bhavnagar, Tata Consultancy, 687, 12 Months](839)" classname="tests.AddFurnitureLeadTest" time="0.0">
    <skipped message="Cannot invoke &quot;com.microsoft.playwright.Page.locator(String)&quot; because &quot;this.page&quot; is null"/>
  </testcase>
  <testcase name="addLeadForAdditionalFurnitureLeadTest[Lofy Home Store, Krishna, Modi, +66, Walkin, Email, Outdoor, Swing, Asking for custom designs #97, CP, Tushar Bhai, Hot, 71+ Lakhs, Custom Manufacturing, In 1 Year +, Mortgage, 18011976, Vadodara, Amul, 684, 12 Months](840)" classname="tests.AddFurnitureLeadTest" time="0.0">
    <skipped message="Cannot invoke &quot;com.microsoft.playwright.Page.locator(String)&quot; because &quot;this.page&quot; is null"/>
  </testcase>
  <testcase name="addLeadForAdditionalFurnitureLeadTest[Haworth, Kavya, Doshi, +244, Walkin, Email, Outdoor, Garden Seating, Wants luxury and premium finish #477, CP, Tushar Bhai, Cold, 15-25 Lakhs, Office Furniture, Immediate, Bank Loan, 30071996, Jamnagar, Amul, 635, 9 Months](841)" classname="tests.AddFurnitureLeadTest" time="0.0">
    <skipped message="Cannot invoke &quot;com.microsoft.playwright.Page.locator(String)&quot; because &quot;this.page&quot; is null"/>
  </testcase>
  <testcase name="addLeadForAdditionalFurnitureLeadTest[Lofy Interior Solutions, Priya, Choksi, +253, Walkin, Email, Turkey Solution, Full Home Package(Design + Execution + Furniture), Checking stock availability #202, CP, Tushar Bhai, Cold, 15-25 Lakhs, Office Furniture, In 3 Months, Business Loan, 10121981, Jamnagar, Reliance, 333, 9 Months](842)" classname="tests.AddFurnitureLeadTest" time="0.0">
    <skipped message="Cannot invoke &quot;com.microsoft.playwright.Page.locator(String)&quot; because &quot;this.page&quot; is null"/>
  </testcase>
  <testcase name="addLeadForAdditionalFurnitureLeadTest[Stanley - SLN, Rishi, Patel, +62, Walkin, Email, Project Management Consultancy, Project Advisory, Asking for custom designs #235, CP, Tushar Bhai, Cold, 15-25 Lakhs, Office Furniture, In 6 Months, Mortgage, 25081965, Vadodara, Zydus Cadila, 604, 3 Months](843)" classname="tests.AddFurnitureLeadTest" time="0.0">
    <skipped message="Cannot invoke &quot;com.microsoft.playwright.Page.locator(String)&quot; because &quot;this.page&quot; is null"/>
  </testcase>
  <testcase name="addLeadForAdditionalFurnitureLeadTest[Stanley - SBC, Bhavna, Shukla, +45, Walkin, Email, Project Management Consultancy, Costing, Looking for leather finish #401, CP, Tushar Bhai, Cold, 15-25 Lakhs, Office Furniture, In 1 Year +, Bank Loan, 25031974, Junagadh, Reliance, 907, 24 Months](844)" classname="tests.AddFurnitureLeadTest" time="0.0">
    <skipped message="Cannot invoke &quot;com.microsoft.playwright.Page.locator(String)&quot; because &quot;this.page&quot; is null"/>
  </testcase>
  <testcase name="addLeadForAdditionalFurnitureLeadTest[Godrej, Sonal, Gandhi, +51, Walkin, Email, Project Management Consultancy, Vendor Management, Asking for custom designs #367, CP, Tushar Bhai, Cold, 15-25 Lakhs, Residential Project, Immediate, Private Investor, 11091987, Gandhinagar, Torrent Power, 36, 12 Months](845)" classname="tests.AddFurnitureLeadTest" time="0.0">
    <skipped message="Cannot invoke &quot;com.microsoft.playwright.Page.locator(String)&quot; because &quot;this.page&quot; is null"/>
  </testcase>
  <testcase name="addLeadForAdditionalFurnitureLeadTest[Lofy Home Store, Bhavna, Joshi, +234, Walkin, Email, Execution, Carpentry, Looking for office furniture #56, CP, Tushar Bhai, Cold, 15-25 Lakhs, Residential Project, In 3 Months, Bank Loan, 20101971, Ahmedabad, Reliance, 442, 9 Months](846)" classname="tests.AddFurnitureLeadTest" time="0.0">
    <skipped message="Cannot invoke &quot;com.microsoft.playwright.Page.locator(String)&quot; because &quot;this.page&quot; is null"/>
  </testcase>
  <testcase name="addLeadForAdditionalFurnitureLeadTest[Haworth, Kavya, Shah, +45, Walkin, Email, Execution, Civil, Wants matching dining set #213, CP, Tushar Bhai, Cold, 15-25 Lakhs, Residential Project, In 6 Months, Self-Finance, 03101985, Gandhinagar, Reliance, 496, 3 Months](847)" classname="tests.AddFurnitureLeadTest" time="0.0">
    <skipped message="Cannot invoke &quot;com.microsoft.playwright.Page.locator(String)&quot; because &quot;this.page&quot; is null"/>
  </testcase>
  <testcase name="addLeadForAdditionalFurnitureLeadTest[Lofy Interior Solutions, Rina, Doshi, +248, Walkin, Email, Execution, Electrical, Looking for budget-friendly options #475, CP, Tushar Bhai, Cold, 15-25 Lakhs, Residential Project, In 1 Year +, Business Loan, 23061984, Ahmedabad, Torrent Power, 319, 24 Months](848)" classname="tests.AddFurnitureLeadTest" time="0.0">
    <skipped message="Cannot invoke &quot;com.microsoft.playwright.Page.locator(String)&quot; because &quot;this.page&quot; is null"/>
  </testcase>
  <testcase name="addLeadForAdditionalFurnitureLeadTest[Stanley - SLN, Rishi, Joshi, +47, Walkin, Email, Execution, Finishing only, Visited showroom last week #429, CP, Tushar Bhai, Cold, 15-25 Lakhs, Hospitality, Immediate, Self-Finance, 18111991, Bhavnagar, Reliance, 732, 24 Months](849)" classname="tests.AddFurnitureLeadTest" time="0.0">
    <skipped message="Cannot invoke &quot;com.microsoft.playwright.Page.locator(String)&quot; because &quot;this.page&quot; is null"/>
  </testcase>
  <testcase name="addLeadForAdditionalFurnitureLeadTest[Stanley - SBC, Mina, Patel, +228, Walkin, Email, Design only, 2D/3D Layouts, Prefers compact designs #302, CP, Tushar Bhai, Cold, 15-25 Lakhs, Hospitality, In 3 Months, Private Investor, 07121983, Ahmedabad, Zydus Cadila, 456, 3 Months](850)" classname="tests.AddFurnitureLeadTest" time="0.0">
    <skipped message="Cannot invoke &quot;com.microsoft.playwright.Page.locator(String)&quot; because &quot;this.page&quot; is null"/>
  </testcase>
  <testcase name="addLeadForAdditionalFurnitureLeadTest[Godrej, Rishi, Bhatt, +260, Walkin, Email, Design only, Material Selection, Wants luxury and premium finish #396, CP, Tushar Bhai, Cold, 15-25 Lakhs, Hospitality, In 6 Months, Bank Loan, 29051973, Gandhinagar, Amul, 391, 24 Months](851)" classname="tests.AddFurnitureLeadTest" time="0.0">
    <skipped message="Cannot invoke &quot;com.microsoft.playwright.Page.locator(String)&quot; because &quot;this.page&quot; is null"/>
  </testcase>
  <testcase name="addLeadForAdditionalFurnitureLeadTest[Lofy Home Store, Anjali, Patel, +238, Walkin, WhatsApp, Living, Sofa, Requesting catalog #231, CP, Tushar Bhai, Cold, 15-25 Lakhs, Hospitality, In 1 Year +, Bank Loan, 11121985, Jamnagar, Adani Group, 72, 12 Months](852)" classname="tests.AddFurnitureLeadTest" time="0.0">
    <skipped message="Cannot invoke &quot;com.microsoft.playwright.Page.locator(String)&quot; because &quot;this.page&quot; is null"/>
  </testcase>
  <testcase name="addLeadForAdditionalFurnitureLeadTest[Haworth, Dhruv, Desai, +63, Walkin, WhatsApp, Living, Recliner, Prefers eco-friendly material #338, CP, Tushar Bhai, Cold, 15-25 Lakhs, Retail, Immediate, Private Investor, 12121998, Rajkot, Amul, 798, 18 Months](853)" classname="tests.AddFurnitureLeadTest" time="0.0">
    <skipped message="Cannot invoke &quot;com.microsoft.playwright.Page.locator(String)&quot; because &quot;this.page&quot; is null"/>
  </testcase>
  <testcase name="addLeadForAdditionalFurnitureLeadTest[Lofy Interior Solutions, Rishi, Desai, +226, Walkin, WhatsApp, Living, Coffee Table, Looking for EMI options #490, CP, Tushar Bhai, Cold, 15-25 Lakhs, Retail, In 3 Months, Self-Finance, 28071969, Junagadh, Adani Group, 605, 9 Months](854)" classname="tests.AddFurnitureLeadTest" time="0.0">
    <skipped message="Cannot invoke &quot;com.microsoft.playwright.Page.locator(String)&quot; because &quot;this.page&quot; is null"/>
  </testcase>
  <testcase name="addLeadForAdditionalFurnitureLeadTest[Stanley - SLN, Rohit, Soni, +242, Walkin, WhatsApp, Living, TV Unit, Request for free installation #69, CP, Tushar Bhai, Cold, 15-25 Lakhs, Retail, In 6 Months, Business Loan, 08111973, Bhavnagar, Reliance, 274, 3 Months](855)" classname="tests.AddFurnitureLeadTest" time="0.0">
    <skipped message="Cannot invoke &quot;com.microsoft.playwright.Page.locator(String)&quot; because &quot;this.page&quot; is null"/>
  </testcase>
  <testcase name="addLeadForAdditionalFurnitureLeadTest[Stanley - SBC, Aarav, Dave, +240, Walkin, WhatsApp, Dining, Dining Table, Enquiring about warranty period #3, CP, Tushar Bhai, Cold, 15-25 Lakhs, Retail, In 1 Year +, Mortgage, 15071975, Vadodara, Arvind Mills, 368, 3 Months](856)" classname="tests.AddFurnitureLeadTest" time="0.0">
    <skipped message="Cannot invoke &quot;com.microsoft.playwright.Page.locator(String)&quot; because &quot;this.page&quot; is null"/>
  </testcase>
  <testcase name="addLeadForAdditionalFurnitureLeadTest[Godrej, Priya, Shah, +243, Walkin, WhatsApp, Dining, Chairs, Request for free installation #377, CP, Tushar Bhai, Cold, 15-25 Lakhs, Commercial, Immediate, Business Loan, 27101980, Junagadh, Reliance, 239, 24 Months](857)" classname="tests.AddFurnitureLeadTest" time="0.0">
    <skipped message="Cannot invoke &quot;com.microsoft.playwright.Page.locator(String)&quot; because &quot;this.page&quot; is null"/>
  </testcase>
  <testcase name="addLeadForAdditionalFurnitureLeadTest[Lofy Home Store, Karan, Patel, +92, Walkin, WhatsApp, Dining, Bench, Looking for budget-friendly options #284, CP, Tushar Bhai, Cold, 15-25 Lakhs, Commercial, In 3 Months, Bank Loan, 20012001, Rajkot, Torrent Power, 933, 18 Months](858)" classname="tests.AddFurnitureLeadTest" time="0.0">
    <skipped message="Cannot invoke &quot;com.microsoft.playwright.Page.locator(String)&quot; because &quot;this.page&quot; is null"/>
  </testcase>
  <testcase name="addLeadForAdditionalFurnitureLeadTest[Haworth, Priya, Chaudhary, +257, Walkin, WhatsApp, BedRoom, Bed, Interested in seasonal discount #222, CP, Tushar Bhai, Cold, 15-25 Lakhs, Commercial, In 6 Months, Business Loan, 01061967, Vadodara, Tata Consultancy, 368, 24 Months](859)" classname="tests.AddFurnitureLeadTest" time="0.0">
    <skipped message="Cannot invoke &quot;com.microsoft.playwright.Page.locator(String)&quot; because &quot;this.page&quot; is null"/>
  </testcase>
  <testcase name="addLeadForAdditionalFurnitureLeadTest[Lofy Interior Solutions, Bhavna, Doshi, +244, Walkin, WhatsApp, BedRoom, Side Table, Looking for leather finish #300, CP, Tushar Bhai, Cold, 15-25 Lakhs, Commercial, In 1 Year +, Bank Loan, 27111993, Gandhinagar, Zydus Cadila, 797, 24 Months](860)" classname="tests.AddFurnitureLeadTest" time="0.0">
    <skipped message="Cannot invoke &quot;com.microsoft.playwright.Page.locator(String)&quot; because &quot;this.page&quot; is null"/>
  </testcase>
  <testcase name="addLeadForAdditionalFurnitureLeadTest[Stanley - SLN, Krishna, Doshi, +235, Walkin, WhatsApp, BedRoom, Dressing, Enquiring about warranty period #474, CP, Tushar Bhai, Cold, 15-25 Lakhs, Custom Manufacturing, Immediate, Business Loan, 04041996, Gandhinagar, Reliance, 955, 24 Months](861)" classname="tests.AddFurnitureLeadTest" time="0.0">
    <skipped message="Cannot invoke &quot;com.microsoft.playwright.Page.locator(String)&quot; because &quot;this.page&quot; is null"/>
  </testcase>
  <testcase name="addLeadForAdditionalFurnitureLeadTest[Stanley - SBC, Sonal, Mehta, +33, Walkin, WhatsApp, BedRoom, Mattress, Request for free installation #400, CP, Tushar Bhai, Cold, 15-25 Lakhs, Custom Manufacturing, In 3 Months, Self-Finance, 05121998, Ahmedabad, Arvind Mills, 789, 24 Months](862)" classname="tests.AddFurnitureLeadTest" time="0.0">
    <skipped message="Cannot invoke &quot;com.microsoft.playwright.Page.locator(String)&quot; because &quot;this.page&quot; is null"/>
  </testcase>
  <testcase name="addLeadForAdditionalFurnitureLeadTest[Godrej, Nirav, Raval, +235, Walkin, WhatsApp, Study, Study Table, Interested in seasonal discount #467, CP, Tushar Bhai, Cold, 15-25 Lakhs, Custom Manufacturing, In 6 Months, Bank Loan, 12071965, Rajkot, Tata Consultancy, 50, 6 Months](863)" classname="tests.AddFurnitureLeadTest" time="0.0">
    <skipped message="Cannot invoke &quot;com.microsoft.playwright.Page.locator(String)&quot; because &quot;this.page&quot; is null"/>
  </testcase>
  <testcase name="addLeadForAdditionalFurnitureLeadTest[Lofy Home Store, Rina, Bhatt, +242, Walkin, WhatsApp, Study, Chairs, Need delivery within a week #355, CP, Tushar Bhai, Cold, 15-25 Lakhs, Custom Manufacturing, In 1 Year +, Bank Loan, 07121982, Ahmedabad, Torrent Power, 475, 24 Months](864)" classname="tests.AddFurnitureLeadTest" time="0.0">
    <skipped message="Cannot invoke &quot;com.microsoft.playwright.Page.locator(String)&quot; because &quot;this.page&quot; is null"/>
  </testcase>
  <testcase name="addLeadForAdditionalFurnitureLeadTest[Haworth, Aarav, Trivedi, +229, Walkin, WhatsApp, Study, Library Unit, Looking for EMI options #89, CP, Tushar Bhai, Cold, 26-35 Lakhs, Office Furniture, Immediate, Mortgage, 10021978, Gandhinagar, Torrent Power, 457, 9 Months](865)" classname="tests.AddFurnitureLeadTest" time="0.0">
    <skipped message="Cannot invoke &quot;com.microsoft.playwright.Page.locator(String)&quot; because &quot;this.page&quot; is null"/>
  </testcase>
  <testcase name="addLeadForAdditionalFurnitureLeadTest[Lofy Interior Solutions, Neha, Shah, +20, Walkin, WhatsApp, Kitchen, Modular, Interested in sofa sets #418, CP, Tushar Bhai, Cold, 26-35 Lakhs, Office Furniture, In 3 Months, Business Loan, 26081975, Vadodara, Arvind Mills, 835, 12 Months](866)" classname="tests.AddFurnitureLeadTest" time="0.0">
    <skipped message="Cannot invoke &quot;com.microsoft.playwright.Page.locator(String)&quot; because &quot;this.page&quot; is null"/>
  </testcase>
  <testcase name="addLeadForAdditionalFurnitureLeadTest[Stanley - SLN, Rishi, Raval, +1, Walkin, WhatsApp, Kitchen, Semi-Modular, Urgent requirement #54, CP, Tushar Bhai, Cold, 26-35 Lakhs, Office Furniture, In 6 Months, Business Loan, 25031981, Junagadh, Reliance, 703, 3 Months](867)" classname="tests.AddFurnitureLeadTest" time="0.0">
    <skipped message="Cannot invoke &quot;com.microsoft.playwright.Page.locator(String)&quot; because &quot;this.page&quot; is null"/>
  </testcase>
  <testcase name="addLeadForAdditionalFurnitureLeadTest[Stanley - SBC, Rina, Shah, +36, Walkin, WhatsApp, Kitchen, Countertop, Interested in outdoor furniture #337, CP, Tushar Bhai, Cold, 26-35 Lakhs, Office Furniture, In 1 Year +, Private Investor, 05021990, Vadodara, Zydus Cadila, 428, 9 Months](868)" classname="tests.AddFurnitureLeadTest" time="0.0">
    <skipped message="Cannot invoke &quot;com.microsoft.playwright.Page.locator(String)&quot; because &quot;this.page&quot; is null"/>
  </testcase>
  <testcase name="addLeadForAdditionalFurnitureLeadTest[Godrej, Mehul, Mehta, +95, Walkin, WhatsApp, Kitchen, Appliances, Customer referred by friend #311, CP, Tushar Bhai, Cold, 26-35 Lakhs, Residential Project, Immediate, Bank Loan, 02061968, Junagadh, Tata Consultancy, 131, 9 Months](869)" classname="tests.AddFurnitureLeadTest" time="0.0">
    <skipped message="Cannot invoke &quot;com.microsoft.playwright.Page.locator(String)&quot; because &quot;this.page&quot; is null"/>
  </testcase>
  <testcase name="addLeadForAdditionalFurnitureLeadTest[Lofy Home Store, Mina, Bhatt, +33, Walkin, WhatsApp, Wardrobes, Sliding, Requesting catalog #165, CP, Tushar Bhai, Cold, 26-35 Lakhs, Residential Project, In 3 Months, Business Loan, 04061973, Vadodara, Reliance, 385, 6 Months](870)" classname="tests.AddFurnitureLeadTest" time="0.0">
    <skipped message="Cannot invoke &quot;com.microsoft.playwright.Page.locator(String)&quot; because &quot;this.page&quot; is null"/>
  </testcase>
  <testcase name="addLeadForAdditionalFurnitureLeadTest[Haworth, Aarav, Thakkar, +230, Walkin, WhatsApp, Wardrobes, Hinged, Request for free installation #452, CP, Tushar Bhai, Cold, 26-35 Lakhs, Residential Project, In 6 Months, Mortgage, 16041997, Gandhinagar, Arvind Mills, 872, 12 Months](871)" classname="tests.AddFurnitureLeadTest" time="0.0">
    <skipped message="Cannot invoke &quot;com.microsoft.playwright.Page.locator(String)&quot; because &quot;this.page&quot; is null"/>
  </testcase>
  <testcase name="addLeadForAdditionalFurnitureLeadTest[Lofy Interior Solutions, Hetal, Desai, +221, Walkin, WhatsApp, Wardrobes, Walk-in, Interested in outdoor furniture #215, CP, Tushar Bhai, Cold, 26-35 Lakhs, Residential Project, In 1 Year +, Mortgage, 18041972, Gandhinagar, Torrent Power, 348, 9 Months](872)" classname="tests.AddFurnitureLeadTest" time="0.0">
    <skipped message="Cannot invoke &quot;com.microsoft.playwright.Page.locator(String)&quot; because &quot;this.page&quot; is null"/>
  </testcase>
  <testcase name="addLeadForAdditionalFurnitureLeadTest[Stanley - SLN, Jigar, Mehta, +47, Walkin, WhatsApp, Office, WorkStations, Customer referred by friend #469, CP, Tushar Bhai, Cold, 26-35 Lakhs, Hospitality, Immediate, Private Investor, 17011998, Rajkot, Adani Group, 486, 6 Months](873)" classname="tests.AddFurnitureLeadTest" time="0.0">
    <skipped message="Cannot invoke &quot;com.microsoft.playwright.Page.locator(String)&quot; because &quot;this.page&quot; is null"/>
  </testcase>
  <testcase name="addLeadForAdditionalFurnitureLeadTest[Stanley - SBC, Priya, Thakkar, +213, Walkin, WhatsApp, Office, Conference Table, Looking for space-saving solutions #391, CP, Tushar Bhai, Cold, 26-35 Lakhs, Hospitality, In 3 Months, Bank Loan, 14101967, Jamnagar, Torrent Power, 182, 9 Months](874)" classname="tests.AddFurnitureLeadTest" time="0.0">
    <skipped message="Cannot invoke &quot;com.microsoft.playwright.Page.locator(String)&quot; because &quot;this.page&quot; is null"/>
  </testcase>
  <testcase name="addLeadForAdditionalFurnitureLeadTest[Godrej, Aarav, Gandhi, +213, Walkin, WhatsApp, Office, Cabin Setup, Repeat customer inquiry #141, CP, Tushar Bhai, Cold, 26-35 Lakhs, Hospitality, In 6 Months, Private Investor, 03031965, Ahmedabad, Zydus Cadila, 538, 3 Months](875)" classname="tests.AddFurnitureLeadTest" time="0.0">
    <skipped message="Cannot invoke &quot;com.microsoft.playwright.Page.locator(String)&quot; because &quot;this.page&quot; is null"/>
  </testcase>
  <testcase name="addLeadForAdditionalFurnitureLeadTest[Lofy Home Store, Bhavna, Bhatt, +257, Walkin, WhatsApp, Outdoor, Patio, Interested in outdoor furniture #494, CP, Tushar Bhai, Cold, 26-35 Lakhs, Hospitality, In 1 Year +, Private Investor, 27111992, Jamnagar, Arvind Mills, 20, 12 Months](876)" classname="tests.AddFurnitureLeadTest" time="0.0">
    <skipped message="Cannot invoke &quot;com.microsoft.playwright.Page.locator(String)&quot; because &quot;this.page&quot; is null"/>
  </testcase>
  <testcase name="addLeadForAdditionalFurnitureLeadTest[Haworth, Mehul, Doshi, +95, Walkin, WhatsApp, Outdoor, Swing, Looking for office furniture #497, CP, Tushar Bhai, Cold, 26-35 Lakhs, Retail, Immediate, Bank Loan, 22081981, Jamnagar, Amul, 690, 9 Months](877)" classname="tests.AddFurnitureLeadTest" time="0.0">
    <skipped message="Cannot invoke &quot;com.microsoft.playwright.Page.locator(String)&quot; because &quot;this.page&quot; is null"/>
  </testcase>
  <testcase name="addLeadForAdditionalFurnitureLeadTest[Lofy Interior Solutions, Priya, Joshi, +238, Walkin, WhatsApp, Outdoor, Garden Seating, Requesting bulk order discount #232, CP, Tushar Bhai, Cold, 26-35 Lakhs, Retail, In 3 Months, Self-Finance, 11021976, Jamnagar, Amul, 513, 24 Months](878)" classname="tests.AddFurnitureLeadTest" time="0.0">
    <skipped message="Cannot invoke &quot;com.microsoft.playwright.Page.locator(String)&quot; because &quot;this.page&quot; is null"/>
  </testcase>
  <testcase name="addLeadForAdditionalFurnitureLeadTest[Stanley - SLN, Aarav, Kapoor, +46, Walkin, WhatsApp, Turkey Solution, Full Home Package(Design + Execution + Furniture), Asking for fabric color options #69, CP, Tushar Bhai, Cold, 26-35 Lakhs, Retail, In 6 Months, Bank Loan, 28101983, Vadodara, Zydus Cadila, 445, 6 Months](879)" classname="tests.AddFurnitureLeadTest" time="0.0">
    <skipped message="Cannot invoke &quot;com.microsoft.playwright.Page.locator(String)&quot; because &quot;this.page&quot; is null"/>
  </testcase>
  <testcase name="addLeadForAdditionalFurnitureLeadTest[Stanley - SBC, Hetal, Raval, +1, Walkin, WhatsApp, Project Management Consultancy, Project Advisory, Urgent requirement #212, CP, Tushar Bhai, Cold, 26-35 Lakhs, Retail, In 1 Year +, Private Investor, 20081992, Ahmedabad, Zydus Cadila, 314, 9 Months](880)" classname="tests.AddFurnitureLeadTest" time="0.0">
    <skipped message="Cannot invoke &quot;com.microsoft.playwright.Page.locator(String)&quot; because &quot;this.page&quot; is null"/>
  </testcase>
  <testcase name="addLeadForAdditionalFurnitureLeadTest[Godrej, Dhruv, Desai, +229, Walkin, WhatsApp, Project Management Consultancy, Costing, Customer referred by friend #359, CP, Tushar Bhai, Cold, 26-35 Lakhs, Commercial, Immediate, Mortgage, 11111994, Junagadh, Zydus Cadila, 183, 18 Months](881)" classname="tests.AddFurnitureLeadTest" time="0.0">
    <skipped message="Cannot invoke &quot;com.microsoft.playwright.Page.locator(String)&quot; because &quot;this.page&quot; is null"/>
  </testcase>
  <testcase name="addLeadForAdditionalFurnitureLeadTest[Lofy Home Store, Rohit, Joshi, +213, Walkin, WhatsApp, Project Management Consultancy, Vendor Management, Requesting catalog #384, CP, Tushar Bhai, Cold, 26-35 Lakhs, Commercial, In 3 Months, Business Loan, 20051999, Surat, Torrent Power, 71, 3 Months](882)" classname="tests.AddFurnitureLeadTest" time="0.0">
    <skipped message="Cannot invoke &quot;com.microsoft.playwright.Page.locator(String)&quot; because &quot;this.page&quot; is null"/>
  </testcase>
  <testcase name="addLeadForAdditionalFurnitureLeadTest[Haworth, Nirav, Shah, +228, Walkin, WhatsApp, Execution, Carpentry, Request for free installation #154, CP, Tushar Bhai, Cold, 26-35 Lakhs, Commercial, In 6 Months, Self-Finance, 29121980, Ahmedabad, Reliance, 925, 12 Months](883)" classname="tests.AddFurnitureLeadTest" time="0.0">
    <skipped message="Cannot invoke &quot;com.microsoft.playwright.Page.locator(String)&quot; because &quot;this.page&quot; is null"/>
  </testcase>
  <testcase name="addLeadForAdditionalFurnitureLeadTest[Lofy Interior Solutions, Hetal, Mehta, +81, Walkin, WhatsApp, Execution, Civil, Looking for leather finish #360, CP, Tushar Bhai, Cold, 26-35 Lakhs, Commercial, In 1 Year +, Mortgage, 06122001, Jamnagar, Adani Group, 748, 6 Months](884)" classname="tests.AddFurnitureLeadTest" time="0.0">
    <skipped message="Cannot invoke &quot;com.microsoft.playwright.Page.locator(String)&quot; because &quot;this.page&quot; is null"/>
  </testcase>
  <testcase name="addLeadForAdditionalFurnitureLeadTest[Stanley - SLN, Rohit, Desai, +44, Walkin, WhatsApp, Execution, Electrical, Payment flexibility needed #441, CP, Tushar Bhai, Cold, 26-35 Lakhs, Custom Manufacturing, Immediate, Mortgage, 04021991, Bhavnagar, Torrent Power, 158, 24 Months](885)" classname="tests.AddFurnitureLeadTest" time="0.0">
    <skipped message="Cannot invoke &quot;com.microsoft.playwright.Page.locator(String)&quot; because &quot;this.page&quot; is null"/>
  </testcase>
  <testcase name="addLeadForAdditionalFurnitureLeadTest[Stanley - SBC, Rohit, Thakkar, +254, Walkin, WhatsApp, Execution, Finishing only, Looking for office furniture #365, CP, Tushar Bhai, Cold, 26-35 Lakhs, Custom Manufacturing, In 3 Months, Mortgage, 12102002, Junagadh, Arvind Mills, 102, 9 Months](886)" classname="tests.AddFurnitureLeadTest" time="0.0">
    <skipped message="Cannot invoke &quot;com.microsoft.playwright.Page.locator(String)&quot; because &quot;this.page&quot; is null"/>
  </testcase>
  <testcase name="addLeadForAdditionalFurnitureLeadTest[Godrej, Dhruv, Soni, +20, Walkin, WhatsApp, Design only, 2D/3D Layouts, Interested in sofa sets #479, CP, Tushar Bhai, Cold, 26-35 Lakhs, Custom Manufacturing, In 6 Months, Private Investor, 22021979, Surat, Torrent Power, 242, 18 Months](887)" classname="tests.AddFurnitureLeadTest" time="0.0">
    <skipped message="Cannot invoke &quot;com.microsoft.playwright.Page.locator(String)&quot; because &quot;this.page&quot; is null"/>
  </testcase>
  <testcase name="addLeadForAdditionalFurnitureLeadTest[Lofy Home Store, Jigar, Joshi, +34, Walkin, WhatsApp, Design only, Material Selection, Payment flexibility needed #324, CP, Tushar Bhai, Cold, 26-35 Lakhs, Custom Manufacturing, In 1 Year +, Bank Loan, 25091978, Junagadh, Tata Consultancy, 373, 3 Months](888)" classname="tests.AddFurnitureLeadTest" time="0.0">
    <skipped message="Cannot invoke &quot;com.microsoft.playwright.Page.locator(String)&quot; because &quot;this.page&quot; is null"/>
  </testcase>
  <testcase name="addLeadForAdditionalFurnitureLeadTest[Haworth, Bhavna, Joshi, +30, Walkin, Direct-Walkin, Living, Sofa, Asking for custom designs #103, CP, Tushar Bhai, Cold, 36-50 Lakhs, Office Furniture, Immediate, Private Investor, 01111983, Gandhinagar, Arvind Mills, 872, 18 Months](889)" classname="tests.AddFurnitureLeadTest" time="0.0">
    <skipped message="Cannot invoke &quot;com.microsoft.playwright.Page.locator(String)&quot; because &quot;this.page&quot; is null"/>
  </testcase>
  <testcase name="addLeadForAdditionalFurnitureLeadTest[Lofy Interior Solutions, Mehul, Dave, +256, Walkin, Direct-Walkin, Living, Recliner, Asking for custom designs #320, CP, Tushar Bhai, Cold, 36-50 Lakhs, Office Furniture, In 3 Months, Self-Finance, 04051985, Junagadh, Adani Group, 753, 24 Months](890)" classname="tests.AddFurnitureLeadTest" time="0.0">
    <skipped message="Cannot invoke &quot;com.microsoft.playwright.Page.locator(String)&quot; because &quot;this.page&quot; is null"/>
  </testcase>
  <testcase name="addLeadForAdditionalFurnitureLeadTest[Stanley - SLN, Karan, Mehta, +31, Walkin, Direct-Walkin, Living, Coffee Table, Looking for space-saving solutions #149, CP, Tushar Bhai, Cold, 36-50 Lakhs, Office Furniture, In 6 Months, Mortgage, 08111985, Surat, Arvind Mills, 351, 24 Months](891)" classname="tests.AddFurnitureLeadTest" time="0.0">
    <skipped message="Cannot invoke &quot;com.microsoft.playwright.Page.locator(String)&quot; because &quot;this.page&quot; is null"/>
  </testcase>
  <testcase name="addLeadForAdditionalFurnitureLeadTest[Stanley - SBC, Rohit, Shah, +61, Walkin, Direct-Walkin, Living, TV Unit, Prefers compact designs #177, CP, Tushar Bhai, Cold, 36-50 Lakhs, Office Furniture, In 1 Year +, Business Loan, 24072002, Bhavnagar, Adani Group, 435, 12 Months](892)" classname="tests.AddFurnitureLeadTest" time="0.0">
    <skipped message="Cannot invoke &quot;com.microsoft.playwright.Page.locator(String)&quot; because &quot;this.page&quot; is null"/>
  </testcase>
  <testcase name="addLeadForAdditionalFurnitureLeadTest[Godrej, Krishna, Doshi, +33, Walkin, Direct-Walkin, Dining, Dining Table, Interested in seasonal discount #345, CP, Tushar Bhai, Cold, 36-50 Lakhs, Residential Project, Immediate, Mortgage, 16031980, Gandhinagar, Zydus Cadila, 662, 3 Months](893)" classname="tests.AddFurnitureLeadTest" time="0.0">
    <skipped message="Cannot invoke &quot;com.microsoft.playwright.Page.locator(String)&quot; because &quot;this.page&quot; is null"/>
  </testcase>
  <testcase name="addLeadForAdditionalFurnitureLeadTest[Lofy Home Store, Sonal, Shukla, +84, Walkin, Direct-Walkin, Dining, Chairs, Urgent requirement #364, CP, Tushar Bhai, Cold, 36-50 Lakhs, Residential Project, In 3 Months, Business Loan, 17051997, Junagadh, Zydus Cadila, 128, 3 Months](894)" classname="tests.AddFurnitureLeadTest" time="0.0">
    <skipped message="Cannot invoke &quot;com.microsoft.playwright.Page.locator(String)&quot; because &quot;this.page&quot; is null"/>
  </testcase>
  <testcase name="addLeadForAdditionalFurnitureLeadTest[Haworth, Rina, Chaudhary, +243, Walkin, Direct-Walkin, Dining, Bench, Visited showroom last week #500, CP, Tushar Bhai, Cold, 36-50 Lakhs, Residential Project, In 6 Months, Business Loan, 14111975, Gandhinagar, Zydus Cadila, 137, 9 Months](895)" classname="tests.AddFurnitureLeadTest" time="0.0">
    <skipped message="Cannot invoke &quot;com.microsoft.playwright.Page.locator(String)&quot; because &quot;this.page&quot; is null"/>
  </testcase>
  <testcase name="addLeadForAdditionalFurnitureLeadTest[Lofy Interior Solutions, Aarav, Gandhi, +246, Walkin, Direct-Walkin, BedRoom, Bed, Need delivery within a week #258, CP, Tushar Bhai, Cold, 36-50 Lakhs, Residential Project, In 1 Year +, Mortgage, 26101972, Vadodara, Reliance, 838, 18 Months](896)" classname="tests.AddFurnitureLeadTest" time="0.0">
    <skipped message="Cannot invoke &quot;com.microsoft.playwright.Page.locator(String)&quot; because &quot;this.page&quot; is null"/>
  </testcase>
  <testcase name="addLeadForAdditionalFurnitureLeadTest[Stanley - SLN, Jigar, Joshi, +86, Walkin, Direct-Walkin, BedRoom, Side Table, Payment flexibility needed #356, CP, Tushar Bhai, Cold, 36-50 Lakhs, Hospitality, Immediate, Bank Loan, 26121982, Gandhinagar, Reliance, 470, 3 Months](897)" classname="tests.AddFurnitureLeadTest" time="0.0">
    <skipped message="Cannot invoke &quot;com.microsoft.playwright.Page.locator(String)&quot; because &quot;this.page&quot; is null"/>
  </testcase>
  <testcase name="addLeadForAdditionalFurnitureLeadTest[Stanley - SBC, Pooja, Desai, +236, Walkin, Direct-Walkin, BedRoom, Dressing, Visited showroom last week #166, CP, Tushar Bhai, Cold, 36-50 Lakhs, Hospitality, In 3 Months, Self-Finance, 23021995, Surat, Tata Consultancy, 150, 3 Months](898)" classname="tests.AddFurnitureLeadTest" time="0.0">
    <skipped message="Cannot invoke &quot;com.microsoft.playwright.Page.locator(String)&quot; because &quot;this.page&quot; is null"/>
  </testcase>
  <testcase name="addLeadForAdditionalFurnitureLeadTest[Godrej, Anjali, Gandhi, +86, Walkin, Direct-Walkin, BedRoom, Mattress, Looking for space-saving solutions #60, CP, Tushar Bhai, Cold, 36-50 Lakhs, Hospitality, In 6 Months, Mortgage, 21031976, Surat, Amul, 916, 3 Months](899)" classname="tests.AddFurnitureLeadTest" time="0.0">
    <skipped message="Cannot invoke &quot;com.microsoft.playwright.Page.locator(String)&quot; because &quot;this.page&quot; is null"/>
  </testcase>
  <testcase name="addLeadForAdditionalFurnitureLeadTest[Lofy Home Store, Bhavna, Shukla, +241, Walkin, Direct-Walkin, Study, Study Table, Wants matching dining set #181, CP, Tushar Bhai, Cold, 36-50 Lakhs, Hospitality, In 1 Year +, Self-Finance, 28121972, Bhavnagar, Arvind Mills, 581, 6 Months](900)" classname="tests.AddFurnitureLeadTest" time="0.0">
    <skipped message="Cannot invoke &quot;com.microsoft.playwright.Page.locator(String)&quot; because &quot;this.page&quot; is null"/>
  </testcase>
  <testcase name="addLeadForAdditionalFurnitureLeadTest[Haworth, Rina, Joshi, +256, Walkin, Direct-Walkin, Study, Chairs, Payment flexibility needed #246, CP, Tushar Bhai, Cold, 36-50 Lakhs, Retail, Immediate, Bank Loan, 03061976, Ahmedabad, Adani Group, 223, 24 Months](901)" classname="tests.AddFurnitureLeadTest" time="0.0">
    <skipped message="Cannot invoke &quot;com.microsoft.playwright.Page.locator(String)&quot; because &quot;this.page&quot; is null"/>
  </testcase>
  <testcase name="addLeadForAdditionalFurnitureLeadTest[Lofy Interior Solutions, Pooja, Patel, +233, Walkin, Direct-Walkin, Study, Library Unit, Looking for EMI options #293, CP, Tushar Bhai, Cold, 36-50 Lakhs, Retail, In 3 Months, Private Investor, 23011975, Bhavnagar, Reliance, 902, 9 Months](902)" classname="tests.AddFurnitureLeadTest" time="0.0">
    <skipped message="Cannot invoke &quot;com.microsoft.playwright.Page.locator(String)&quot; because &quot;this.page&quot; is null"/>
  </testcase>
  <testcase name="addLeadForAdditionalFurnitureLeadTest[Stanley - SLN, Rishi, Modi, +252, Walkin, Direct-Walkin, Kitchen, Modular, Prefers compact designs #364, CP, Tushar Bhai, Cold, 36-50 Lakhs, Retail, In 6 Months, Private Investor, 23052000, Jamnagar, Arvind Mills, 221, 6 Months](903)" classname="tests.AddFurnitureLeadTest" time="0.0">
    <skipped message="Cannot invoke &quot;com.microsoft.playwright.Page.locator(String)&quot; because &quot;this.page&quot; is null"/>
  </testcase>
  <testcase name="addLeadForAdditionalFurnitureLeadTest[Stanley - SBC, Sonal, Raval, +237, Walkin, Direct-Walkin, Kitchen, Semi-Modular, Checking modular kitchen options #346, CP, Tushar Bhai, Cold, 36-50 Lakhs, Retail, In 1 Year +, Private Investor, 01061988, Jamnagar, Amul, 545, 6 Months](904)" classname="tests.AddFurnitureLeadTest" time="0.0">
    <skipped message="Cannot invoke &quot;com.microsoft.playwright.Page.locator(String)&quot; because &quot;this.page&quot; is null"/>
  </testcase>
  <testcase name="addLeadForAdditionalFurnitureLeadTest[Godrej, Dhruv, Vyas, +222, Walkin, Direct-Walkin, Kitchen, Countertop, Interested in sofa sets #458, CP, Tushar Bhai, Cold, 36-50 Lakhs, Commercial, Immediate, Mortgage, 18041989, Junagadh, Arvind Mills, 888, 3 Months](905)" classname="tests.AddFurnitureLeadTest" time="0.0">
    <skipped message="Cannot invoke &quot;com.microsoft.playwright.Page.locator(String)&quot; because &quot;this.page&quot; is null"/>
  </testcase>
  <testcase name="addLeadForAdditionalFurnitureLeadTest[Lofy Home Store, Mina, Shukla, +86, Walkin, Direct-Walkin, Kitchen, Appliances, Looking for leather finish #274, CP, Tushar Bhai, Cold, 36-50 Lakhs, Commercial, In 3 Months, Mortgage, 29071971, Junagadh, Reliance, 275, 18 Months](906)" classname="tests.AddFurnitureLeadTest" time="0.0">
    <skipped message="Cannot invoke &quot;com.microsoft.playwright.Page.locator(String)&quot; because &quot;this.page&quot; is null"/>
  </testcase>
  <testcase name="addLeadForAdditionalFurnitureLeadTest[Haworth, Viren, Kapoor, +238, Walkin, Direct-Walkin, Wardrobes, Sliding, Requesting bulk order discount #450, CP, Tushar Bhai, Cold, 36-50 Lakhs, Commercial, In 6 Months, Private Investor, 11061994, Rajkot, Zydus Cadila, 697, 6 Months](907)" classname="tests.AddFurnitureLeadTest" time="0.0">
    <skipped message="Cannot invoke &quot;com.microsoft.playwright.Page.locator(String)&quot; because &quot;this.page&quot; is null"/>
  </testcase>
  <testcase name="addLeadForAdditionalFurnitureLeadTest[Lofy Interior Solutions, Pooja, Choksi, +60, Walkin, Direct-Walkin, Wardrobes, Hinged, Checking stock availability #217, CP, Tushar Bhai, Cold, 36-50 Lakhs, Commercial, In 1 Year +, Self-Finance, 02101976, Vadodara, Zydus Cadila, 401, 18 Months](908)" classname="tests.AddFurnitureLeadTest" time="0.0">
    <skipped message="Cannot invoke &quot;com.microsoft.playwright.Page.locator(String)&quot; because &quot;this.page&quot; is null"/>
  </testcase>
  <testcase name="addLeadForAdditionalFurnitureLeadTest[Stanley - SLN, Sonal, Mehta, +261, Walkin, Direct-Walkin, Wardrobes, Walk-in, Asking for fabric color options #7, CP, Tushar Bhai, Cold, 36-50 Lakhs, Custom Manufacturing, Immediate, Bank Loan, 23071986, Junagadh, Torrent Power, 903, 6 Months](909)" classname="tests.AddFurnitureLeadTest" time="0.0">
    <skipped message="Cannot invoke &quot;com.microsoft.playwright.Page.locator(String)&quot; because &quot;this.page&quot; is null"/>
  </testcase>
  <testcase name="addLeadForAdditionalFurnitureLeadTest[Stanley - SBC, Nirav, Trivedi, +229, Walkin, Direct-Walkin, Office, WorkStations, Request for free installation #55, CP, Tushar Bhai, Cold, 36-50 Lakhs, Custom Manufacturing, In 3 Months, Business Loan, 23081986, Junagadh, Reliance, 905, 24 Months](910)" classname="tests.AddFurnitureLeadTest" time="0.0">
    <skipped message="Cannot invoke &quot;com.microsoft.playwright.Page.locator(String)&quot; because &quot;this.page&quot; is null"/>
  </testcase>
  <testcase name="addLeadForAdditionalFurnitureLeadTest[Godrej, Mehul, Parikh, +221, Walkin, Direct-Walkin, Office, Conference Table, Interested in modern furniture #196, CP, Tushar Bhai, Cold, 36-50 Lakhs, Custom Manufacturing, In 6 Months, Self-Finance, 13081966, Junagadh, Arvind Mills, 883, 18 Months](911)" classname="tests.AddFurnitureLeadTest" time="0.0">
    <skipped message="Cannot invoke &quot;com.microsoft.playwright.Page.locator(String)&quot; because &quot;this.page&quot; is null"/>
  </testcase>
  <testcase name="addLeadForAdditionalFurnitureLeadTest[Lofy Home Store, Sonal, Desai, +237, Walkin, Direct-Walkin, Office, Cabin Setup, Urgent requirement #28, CP, Tushar Bhai, Cold, 36-50 Lakhs, Custom Manufacturing, In 1 Year +, Business Loan, 07101971, Bhavnagar, Torrent Power, 574, 18 Months](912)" classname="tests.AddFurnitureLeadTest" time="0.0">
    <skipped message="Cannot invoke &quot;com.microsoft.playwright.Page.locator(String)&quot; because &quot;this.page&quot; is null"/>
  </testcase>
  <testcase name="addLeadForAdditionalFurnitureLeadTest[Haworth, Mehul, Thakkar, +63, Walkin, Direct-Walkin, Outdoor, Patio, Prefers compact designs #29, CP, Tushar Bhai, Cold, 51-70 Lakhs, Office Furniture, Immediate, Private Investor, 28061977, Surat, Reliance, 716, 6 Months](913)" classname="tests.AddFurnitureLeadTest" time="0.0">
    <skipped message="Cannot invoke &quot;com.microsoft.playwright.Page.locator(String)&quot; because &quot;this.page&quot; is null"/>
  </testcase>
  <testcase name="addLeadForAdditionalFurnitureLeadTest[Lofy Interior Solutions, Dhruv, Desai, +93, Walkin, Direct-Walkin, Outdoor, Swing, Asking for custom designs #137, CP, Tushar Bhai, Cold, 51-70 Lakhs, Office Furniture, In 3 Months, Bank Loan, 14031985, Vadodara, Amul, 498, 12 Months](914)" classname="tests.AddFurnitureLeadTest" time="0.0">
    <skipped message="Cannot invoke &quot;com.microsoft.playwright.Page.locator(String)&quot; because &quot;this.page&quot; is null"/>
  </testcase>
  <testcase name="addLeadForAdditionalFurnitureLeadTest[Stanley - SLN, Priya, Soni, +226, Walkin, Direct-Walkin, Outdoor, Garden Seating, Wants matching dining set #403, CP, Tushar Bhai, Cold, 51-70 Lakhs, Office Furniture, In 6 Months, Self-Finance, 09082000, Gandhinagar, Zydus Cadila, 952, 18 Months](915)" classname="tests.AddFurnitureLeadTest" time="0.0">
    <skipped message="Cannot invoke &quot;com.microsoft.playwright.Page.locator(String)&quot; because &quot;this.page&quot; is null"/>
  </testcase>
  <testcase name="addLeadForAdditionalFurnitureLeadTest[Stanley - SBC, Bhavna, Doshi, +238, Walkin, Direct-Walkin, Turkey Solution, Full Home Package(Design + Execution + Furniture), Need delivery within a week #147, CP, Tushar Bhai, Cold, 51-70 Lakhs, Office Furniture, In 1 Year +, Bank Loan, 01052000, Jamnagar, Tata Consultancy, 841, 24 Months](916)" classname="tests.AddFurnitureLeadTest" time="0.0">
    <skipped message="Cannot invoke &quot;com.microsoft.playwright.Page.locator(String)&quot; because &quot;this.page&quot; is null"/>
  </testcase>
  <testcase name="addLeadForAdditionalFurnitureLeadTest[Godrej, Karan, Chaudhary, +66, Walkin, Direct-Walkin, Project Management Consultancy, Project Advisory, Prefers compact designs #129, CP, Tushar Bhai, Cold, 51-70 Lakhs, Residential Project, Immediate, Mortgage, 21071995, Rajkot, Amul, 771, 24 Months](917)" classname="tests.AddFurnitureLeadTest" time="0.0">
    <skipped message="Cannot invoke &quot;com.microsoft.playwright.Page.locator(String)&quot; because &quot;this.page&quot; is null"/>
  </testcase>
  <testcase name="addLeadForAdditionalFurnitureLeadTest[Lofy Home Store, Mina, Parikh, +91, Walkin, Direct-Walkin, Project Management Consultancy, Costing, Urgent requirement #430, CP, Tushar Bhai, Cold, 51-70 Lakhs, Residential Project, In 3 Months, Bank Loan, 14091989, Junagadh, Zydus Cadila, 718, 24 Months](918)" classname="tests.AddFurnitureLeadTest" time="0.0">
    <skipped message="Cannot invoke &quot;com.microsoft.playwright.Page.locator(String)&quot; because &quot;this.page&quot; is null"/>
  </testcase>
  <testcase name="addLeadForAdditionalFurnitureLeadTest[Haworth, Karan, Trivedi, +36, Walkin, Direct-Walkin, Project Management Consultancy, Vendor Management, Looking for budget-friendly options #354, CP, Tushar Bhai, Cold, 51-70 Lakhs, Residential Project, In 6 Months, Private Investor, 17121976, Surat, Adani Group, 641, 9 Months](919)" classname="tests.AddFurnitureLeadTest" time="0.0">
    <skipped message="Cannot invoke &quot;com.microsoft.playwright.Page.locator(String)&quot; because &quot;this.page&quot; is null"/>
  </testcase>
  <testcase name="addLeadForAdditionalFurnitureLeadTest[Lofy Interior Solutions, Pooja, Raval, +245, Walkin, Direct-Walkin, Execution, Carpentry, Asking for fabric color options #152, CP, Tushar Bhai, Cold, 51-70 Lakhs, Residential Project, In 1 Year +, Mortgage, 30051999, Ahmedabad, Adani Group, 155, 24 Months](920)" classname="tests.AddFurnitureLeadTest" time="0.0">
    <skipped message="Cannot invoke &quot;com.microsoft.playwright.Page.locator(String)&quot; because &quot;this.page&quot; is null"/>
  </testcase>
  <testcase name="addLeadForAdditionalFurnitureLeadTest[Stanley - SLN, Dhruv, Choksi, +57, Walkin, Direct-Walkin, Execution, Civil, Asking for custom designs #386, CP, Tushar Bhai, Cold, 51-70 Lakhs, Hospitality, Immediate, Business Loan, 13102002, Jamnagar, Zydus Cadila, 209, 18 Months](921)" classname="tests.AddFurnitureLeadTest" time="0.0">
    <skipped message="Cannot invoke &quot;com.microsoft.playwright.Page.locator(String)&quot; because &quot;this.page&quot; is null"/>
  </testcase>
  <testcase name="addLeadForAdditionalFurnitureLeadTest[Stanley - SBC, Dhruv, Chaudhary, +7, Walkin, Direct-Walkin, Execution, Electrical, Payment flexibility needed #17, CP, Tushar Bhai, Cold, 51-70 Lakhs, Hospitality, In 3 Months, Business Loan, 09081998, Ahmedabad, Tata Consultancy, 406, 6 Months](922)" classname="tests.AddFurnitureLeadTest" time="0.0">
    <skipped message="Cannot invoke &quot;com.microsoft.playwright.Page.locator(String)&quot; because &quot;this.page&quot; is null"/>
  </testcase>
  <testcase name="addLeadForAdditionalFurnitureLeadTest[Godrej, Aarav, Soni, +55, Walkin, Direct-Walkin, Execution, Finishing only, Wants kids&apos; room furniture #417, CP, Tushar Bhai, Cold, 51-70 Lakhs, Hospitality, In 6 Months, Self-Finance, 25091989, Vadodara, Arvind Mills, 474, 12 Months](923)" classname="tests.AddFurnitureLeadTest" time="0.0">
    <skipped message="Cannot invoke &quot;com.microsoft.playwright.Page.locator(String)&quot; because &quot;this.page&quot; is null"/>
  </testcase>
  <testcase name="addLeadForAdditionalFurnitureLeadTest[Lofy Home Store, Hetal, Shah, +231, Walkin, Direct-Walkin, Design only, 2D/3D Layouts, Prefers eco-friendly material #53, CP, Tushar Bhai, Cold, 51-70 Lakhs, Hospitality, In 1 Year +, Business Loan, 25081989, Gandhinagar, Torrent Power, 525, 9 Months](924)" classname="tests.AddFurnitureLeadTest" time="0.0">
    <skipped message="Cannot invoke &quot;com.microsoft.playwright.Page.locator(String)&quot; because &quot;this.page&quot; is null"/>
  </testcase>
  <testcase name="addLeadForAdditionalFurnitureLeadTest[Haworth, Anjali, Vyas, +91, Walkin, Direct-Walkin, Design only, Material Selection, Customer referred by friend #445, CP, Tushar Bhai, Cold, 51-70 Lakhs, Retail, Immediate, Mortgage, 04061978, Jamnagar, Arvind Mills, 308, 24 Months](925)" classname="tests.AddFurnitureLeadTest" time="0.0">
    <skipped message="Cannot invoke &quot;com.microsoft.playwright.Page.locator(String)&quot; because &quot;this.page&quot; is null"/>
  </testcase>
  <testcase name="addLeadForAdditionalFurnitureLeadTest[Lofy Interior Solutions, Neha, Desai, +62, Print Media, News Paper, Living, Sofa, Prefers compact designs #379, CP, Tushar Bhai, Cold, 51-70 Lakhs, Retail, In 3 Months, Self-Finance, 30041990, Vadodara, Zydus Cadila, 871, 6 Months](926)" classname="tests.AddFurnitureLeadTest" time="0.0">
    <skipped message="Cannot invoke &quot;com.microsoft.playwright.Page.locator(String)&quot; because &quot;this.page&quot; is null"/>
  </testcase>
  <testcase name="addLeadForAdditionalFurnitureLeadTest[Stanley - SLN, Pooja, Thakkar, +82, Print Media, News Paper, Living, Recliner, Payment flexibility needed #443, CP, Tushar Bhai, Cold, 51-70 Lakhs, Retail, In 6 Months, Business Loan, 01071991, Vadodara, Amul, 412, 9 Months](927)" classname="tests.AddFurnitureLeadTest" time="0.0">
    <skipped message="Cannot invoke &quot;com.microsoft.playwright.Page.locator(String)&quot; because &quot;this.page&quot; is null"/>
  </testcase>
  <testcase name="addLeadForAdditionalFurnitureLeadTest[Stanley - SBC, Pooja, Chaudhary, +238, Print Media, News Paper, Living, Coffee Table, Repeat customer inquiry #381, CP, Tushar Bhai, Cold, 51-70 Lakhs, Retail, In 1 Year +, Business Loan, 26111972, Surat, Reliance, 508, 3 Months](928)" classname="tests.AddFurnitureLeadTest" time="0.0">
    <skipped message="Cannot invoke &quot;com.microsoft.playwright.Page.locator(String)&quot; because &quot;this.page&quot; is null"/>
  </testcase>
  <testcase name="addLeadForAdditionalFurnitureLeadTest[Godrej, Mehul, Chaudhary, +65, Print Media, News Paper, Living, TV Unit, Visited showroom last week #288, CP, Tushar Bhai, Cold, 51-70 Lakhs, Commercial, Immediate, Private Investor, 21021984, Bhavnagar, Reliance, 276, 9 Months](929)" classname="tests.AddFurnitureLeadTest" time="0.0">
    <skipped message="Cannot invoke &quot;com.microsoft.playwright.Page.locator(String)&quot; because &quot;this.page&quot; is null"/>
  </testcase>
  <testcase name="addLeadForAdditionalFurnitureLeadTest[Lofy Home Store, Priya, Choksi, +233, Print Media, News Paper, Dining, Dining Table, Interested in outdoor furniture #122, CP, Tushar Bhai, Cold, 51-70 Lakhs, Commercial, In 3 Months, Private Investor, 14011972, Jamnagar, Tata Consultancy, 946, 12 Months](930)" classname="tests.AddFurnitureLeadTest" time="0.0">
    <skipped message="Cannot invoke &quot;com.microsoft.playwright.Page.locator(String)&quot; because &quot;this.page&quot; is null"/>
  </testcase>
  <testcase name="addLeadForAdditionalFurnitureLeadTest[Haworth, Karan, Choksi, +230, Print Media, News Paper, Dining, Chairs, Request for free installation #402, CP, Tushar Bhai, Cold, 51-70 Lakhs, Commercial, In 6 Months, Bank Loan, 12101972, Bhavnagar, Zydus Cadila, 444, 9 Months](931)" classname="tests.AddFurnitureLeadTest" time="0.0">
    <skipped message="Cannot invoke &quot;com.microsoft.playwright.Page.locator(String)&quot; because &quot;this.page&quot; is null"/>
  </testcase>
  <testcase name="addLeadForAdditionalFurnitureLeadTest[Lofy Interior Solutions, Pooja, Shukla, +57, Print Media, News Paper, Dining, Bench, Asking for fabric color options #409, CP, Tushar Bhai, Cold, 51-70 Lakhs, Commercial, In 1 Year +, Business Loan, 08041988, Rajkot, Tata Consultancy, 639, 18 Months](932)" classname="tests.AddFurnitureLeadTest" time="0.0">
    <skipped message="Cannot invoke &quot;com.microsoft.playwright.Page.locator(String)&quot; because &quot;this.page&quot; is null"/>
  </testcase>
  <testcase name="addLeadForAdditionalFurnitureLeadTest[Stanley - SLN, Krishna, Patel, +221, Print Media, News Paper, BedRoom, Bed, Looking for space-saving solutions #148, CP, Tushar Bhai, Cold, 51-70 Lakhs, Custom Manufacturing, Immediate, Business Loan, 02112000, Rajkot, Reliance, 73, 6 Months](933)" classname="tests.AddFurnitureLeadTest" time="0.0">
    <skipped message="Cannot invoke &quot;com.microsoft.playwright.Page.locator(String)&quot; because &quot;this.page&quot; is null"/>
  </testcase>
  <testcase name="addLeadForAdditionalFurnitureLeadTest[Stanley - SBC, Nirav, Chaudhary, +60, Print Media, News Paper, BedRoom, Side Table, Looking for space-saving solutions #341, CP, Tushar Bhai, Cold, 51-70 Lakhs, Custom Manufacturing, In 3 Months, Private Investor, 01062000, Surat, Zydus Cadila, 816, 3 Months](934)" classname="tests.AddFurnitureLeadTest" time="0.0">
    <skipped message="Cannot invoke &quot;com.microsoft.playwright.Page.locator(String)&quot; because &quot;this.page&quot; is null"/>
  </testcase>
  <testcase name="addLeadForAdditionalFurnitureLeadTest[Godrej, Karan, Mehta, +65, Print Media, News Paper, BedRoom, Dressing, Looking for budget-friendly options #475, CP, Tushar Bhai, Cold, 51-70 Lakhs, Custom Manufacturing, In 6 Months, Business Loan, 11061991, Gandhinagar, Torrent Power, 323, 12 Months](935)" classname="tests.AddFurnitureLeadTest" time="0.0">
    <skipped message="Cannot invoke &quot;com.microsoft.playwright.Page.locator(String)&quot; because &quot;this.page&quot; is null"/>
  </testcase>
  <testcase name="addLeadForAdditionalFurnitureLeadTest[Lofy Home Store, Rishi, Trivedi, +49, Print Media, News Paper, BedRoom, Mattress, Interested in outdoor furniture #199, CP, Tushar Bhai, Cold, 51-70 Lakhs, Custom Manufacturing, In 1 Year +, Business Loan, 31121991, Gandhinagar, Zydus Cadila, 159, 6 Months](936)" classname="tests.AddFurnitureLeadTest" time="0.0">
    <skipped message="Cannot invoke &quot;com.microsoft.playwright.Page.locator(String)&quot; because &quot;this.page&quot; is null"/>
  </testcase>
  <testcase name="addLeadForAdditionalFurnitureLeadTest[Haworth, Karan, Soni, +61, Print Media, News Paper, Study, Study Table, Checking modular kitchen options #490, CP, Tushar Bhai, Cold, 71+ Lakhs, Office Furniture, Immediate, Mortgage, 24101974, Bhavnagar, Tata Consultancy, 206, 18 Months](937)" classname="tests.AddFurnitureLeadTest" time="0.0">
    <skipped message="Cannot invoke &quot;com.microsoft.playwright.Page.locator(String)&quot; because &quot;this.page&quot; is null"/>
  </testcase>
  <testcase name="addLeadForAdditionalFurnitureLeadTest[Lofy Interior Solutions, Neha, Desai, +63, Print Media, News Paper, Study, Chairs, Asking for fabric color options #500, CP, Tushar Bhai, Cold, 71+ Lakhs, Office Furniture, In 3 Months, Self-Finance, 05051987, Junagadh, Reliance, 951, 6 Months](938)" classname="tests.AddFurnitureLeadTest" time="0.0">
    <skipped message="Cannot invoke &quot;com.microsoft.playwright.Page.locator(String)&quot; because &quot;this.page&quot; is null"/>
  </testcase>
  <testcase name="addLeadForAdditionalFurnitureLeadTest[Stanley - SLN, Bhavna, Joshi, +253, Print Media, News Paper, Study, Library Unit, Prefers compact designs #161, CP, Tushar Bhai, Cold, 71+ Lakhs, Office Furniture, In 6 Months, Bank Loan, 24091991, Jamnagar, Torrent Power, 142, 24 Months](939)" classname="tests.AddFurnitureLeadTest" time="0.0">
    <skipped message="Cannot invoke &quot;com.microsoft.playwright.Page.locator(String)&quot; because &quot;this.page&quot; is null"/>
  </testcase>
  <testcase name="addLeadForAdditionalFurnitureLeadTest[Stanley - SBC, Rishi, Joshi, +232, Print Media, News Paper, Kitchen, Modular, Payment flexibility needed #28, CP, Tushar Bhai, Cold, 71+ Lakhs, Office Furniture, In 1 Year +, Business Loan, 01041991, Vadodara, Reliance, 541, 12 Months](940)" classname="tests.AddFurnitureLeadTest" time="0.0">
    <skipped message="Cannot invoke &quot;com.microsoft.playwright.Page.locator(String)&quot; because &quot;this.page&quot; is null"/>
  </testcase>
  <testcase name="addLeadForAdditionalFurnitureLeadTest[Godrej, Anjali, Modi, +52, Print Media, News Paper, Kitchen, Semi-Modular, Interested in modern furniture #381, CP, Tushar Bhai, Cold, 71+ Lakhs, Residential Project, Immediate, Mortgage, 25091997, Gandhinagar, Adani Group, 480, 18 Months](941)" classname="tests.AddFurnitureLeadTest" time="0.0">
    <skipped message="Cannot invoke &quot;com.microsoft.playwright.Page.locator(String)&quot; because &quot;this.page&quot; is null"/>
  </testcase>
  <testcase name="addLeadForAdditionalFurnitureLeadTest[Lofy Home Store, Pooja, Gandhi, +47, Print Media, News Paper, Kitchen, Countertop, First-time buyer #104, CP, Tushar Bhai, Cold, 71+ Lakhs, Residential Project, In 3 Months, Mortgage, 13032003, Surat, Adani Group, 448, 24 Months](942)" classname="tests.AddFurnitureLeadTest" time="0.0">
    <skipped message="Cannot invoke &quot;com.microsoft.playwright.Page.locator(String)&quot; because &quot;this.page&quot; is null"/>
  </testcase>
  <testcase name="addLeadForAdditionalFurnitureLeadTest[Haworth, Mina, Patel, +239, Print Media, News Paper, Kitchen, Appliances, Customer referred by friend #445, CP, Tushar Bhai, Cold, 71+ Lakhs, Residential Project, In 6 Months, Self-Finance, 29061996, Bhavnagar, Adani Group, 216, 18 Months](943)" classname="tests.AddFurnitureLeadTest" time="0.0">
    <skipped message="Cannot invoke &quot;com.microsoft.playwright.Page.locator(String)&quot; because &quot;this.page&quot; is null"/>
  </testcase>
  <testcase name="addLeadForAdditionalFurnitureLeadTest[Lofy Interior Solutions, Neha, Choksi, +30, Print Media, News Paper, Wardrobes, Sliding, Wants matching dining set #441, CP, Tushar Bhai, Cold, 71+ Lakhs, Residential Project, In 1 Year +, Business Loan, 04031980, Surat, Reliance, 14, 24 Months](944)" classname="tests.AddFurnitureLeadTest" time="0.0">
    <skipped message="Cannot invoke &quot;com.microsoft.playwright.Page.locator(String)&quot; because &quot;this.page&quot; is null"/>
  </testcase>
  <testcase name="addLeadForAdditionalFurnitureLeadTest[Stanley - SLN, Rishi, Choksi, +255, Print Media, News Paper, Wardrobes, Hinged, Checking stock availability #227, CP, Tushar Bhai, Cold, 71+ Lakhs, Hospitality, Immediate, Private Investor, 29121966, Gandhinagar, Zydus Cadila, 767, 6 Months](945)" classname="tests.AddFurnitureLeadTest" time="0.0">
    <skipped message="Cannot invoke &quot;com.microsoft.playwright.Page.locator(String)&quot; because &quot;this.page&quot; is null"/>
  </testcase>
  <testcase name="addLeadForAdditionalFurnitureLeadTest[Stanley - SBC, Jigar, Dave, +1, Print Media, News Paper, Wardrobes, Walk-in, Looking for leather finish #116, CP, Tushar Bhai, Cold, 71+ Lakhs, Hospitality, In 3 Months, Private Investor, 04091969, Jamnagar, Tata Consultancy, 41, 18 Months](946)" classname="tests.AddFurnitureLeadTest" time="0.0">
    <skipped message="Cannot invoke &quot;com.microsoft.playwright.Page.locator(String)&quot; because &quot;this.page&quot; is null"/>
  </testcase>
  <testcase name="addLeadForAdditionalFurnitureLeadTest[Godrej, Rohit, Thakkar, +250, Print Media, News Paper, Office, WorkStations, Interested in seasonal discount #325, CP, Tushar Bhai, Cold, 71+ Lakhs, Hospitality, In 6 Months, Self-Finance, 23101969, Jamnagar, Torrent Power, 775, 9 Months](947)" classname="tests.AddFurnitureLeadTest" time="0.0">
    <skipped message="Cannot invoke &quot;com.microsoft.playwright.Page.locator(String)&quot; because &quot;this.page&quot; is null"/>
  </testcase>
  <testcase name="addLeadForAdditionalFurnitureLeadTest[Lofy Home Store, Mehul, Mehta, +261, Print Media, News Paper, Office, Conference Table, Looking for space-saving solutions #364, CP, Tushar Bhai, Cold, 71+ Lakhs, Hospitality, In 1 Year +, Mortgage, 16071984, Junagadh, Arvind Mills, 593, 3 Months](948)" classname="tests.AddFurnitureLeadTest" time="0.0">
    <skipped message="Cannot invoke &quot;com.microsoft.playwright.Page.locator(String)&quot; because &quot;this.page&quot; is null"/>
  </testcase>
  <testcase name="addLeadForAdditionalFurnitureLeadTest[Haworth, Pooja, Patel, +58, Print Media, News Paper, Office, Cabin Setup, Visited showroom last week #189, CP, Tushar Bhai, Cold, 71+ Lakhs, Retail, Immediate, Mortgage, 15091981, Ahmedabad, Adani Group, 795, 18 Months](949)" classname="tests.AddFurnitureLeadTest" time="0.0">
    <skipped message="Cannot invoke &quot;com.microsoft.playwright.Page.locator(String)&quot; because &quot;this.page&quot; is null"/>
  </testcase>
  <testcase name="addLeadForAdditionalFurnitureLeadTest[Lofy Interior Solutions, Neha, Patel, +212, Print Media, News Paper, Outdoor, Patio, Wants matching dining set #302, CP, Tushar Bhai, Cold, 71+ Lakhs, Retail, In 3 Months, Private Investor, 20091978, Surat, Adani Group, 288, 6 Months](950)" classname="tests.AddFurnitureLeadTest" time="0.0">
    <skipped message="Cannot invoke &quot;com.microsoft.playwright.Page.locator(String)&quot; because &quot;this.page&quot; is null"/>
  </testcase>
  <testcase name="addLeadForAdditionalFurnitureLeadTest[Stanley - SLN, Aarav, Patel, +251, Print Media, News Paper, Outdoor, Swing, Payment flexibility needed #379, CP, Tushar Bhai, Cold, 71+ Lakhs, Retail, In 6 Months, Self-Finance, 07091984, Vadodara, Reliance, 98, 18 Months](951)" classname="tests.AddFurnitureLeadTest" time="0.0">
    <skipped message="Cannot invoke &quot;com.microsoft.playwright.Page.locator(String)&quot; because &quot;this.page&quot; is null"/>
  </testcase>
  <testcase name="addLeadForAdditionalFurnitureLeadTest[Stanley - SBC, Rishi, Doshi, +232, Print Media, News Paper, Outdoor, Garden Seating, Customer referred by friend #101, CP, Tushar Bhai, Cold, 71+ Lakhs, Retail, In 1 Year +, Self-Finance, 25111969, Jamnagar, Amul, 37, 18 Months](952)" classname="tests.AddFurnitureLeadTest" time="0.0">
    <skipped message="Cannot invoke &quot;com.microsoft.playwright.Page.locator(String)&quot; because &quot;this.page&quot; is null"/>
  </testcase>
  <testcase name="addLeadForAdditionalFurnitureLeadTest[Godrej, Rishi, Shah, +238, Print Media, News Paper, Turkey Solution, Full Home Package(Design + Execution + Furniture), Wants matching dining set #372, CP, Tushar Bhai, Cold, 71+ Lakhs, Commercial, Immediate, Mortgage, 04041994, Junagadh, Adani Group, 559, 24 Months](953)" classname="tests.AddFurnitureLeadTest" time="0.0">
    <skipped message="Cannot invoke &quot;com.microsoft.playwright.Page.locator(String)&quot; because &quot;this.page&quot; is null"/>
  </testcase>
  <testcase name="addLeadForAdditionalFurnitureLeadTest[Lofy Home Store, Karan, Choksi, +20, Print Media, News Paper, Project Management Consultancy, Project Advisory, Asking for custom designs #151, CP, Tushar Bhai, Cold, 71+ Lakhs, Commercial, In 3 Months, Mortgage, 30091968, Rajkot, Arvind Mills, 306, 18 Months](954)" classname="tests.AddFurnitureLeadTest" time="0.0">
    <skipped message="Cannot invoke &quot;com.microsoft.playwright.Page.locator(String)&quot; because &quot;this.page&quot; is null"/>
  </testcase>
  <testcase name="addLeadForAdditionalFurnitureLeadTest[Haworth, Anjali, Bhatt, +82, Print Media, News Paper, Project Management Consultancy, Costing, Prefers eco-friendly material #91, CP, Tushar Bhai, Cold, 71+ Lakhs, Commercial, In 6 Months, Business Loan, 15121973, Vadodara, Amul, 99, 6 Months](955)" classname="tests.AddFurnitureLeadTest" time="0.0">
    <skipped message="Cannot invoke &quot;com.microsoft.playwright.Page.locator(String)&quot; because &quot;this.page&quot; is null"/>
  </testcase>
  <testcase name="addLeadForAdditionalFurnitureLeadTest[Lofy Interior Solutions, Krishna, Trivedi, +260, Print Media, News Paper, Project Management Consultancy, Vendor Management, Prefers compact designs #39, CP, Tushar Bhai, Cold, 71+ Lakhs, Commercial, In 1 Year +, Bank Loan, 23051984, Rajkot, Amul, 804, 6 Months](956)" classname="tests.AddFurnitureLeadTest" time="0.0">
    <skipped message="Cannot invoke &quot;com.microsoft.playwright.Page.locator(String)&quot; because &quot;this.page&quot; is null"/>
  </testcase>
  <testcase name="addLeadForAdditionalFurnitureLeadTest[Stanley - SLN, Karan, Trivedi, +53, Print Media, News Paper, Execution, Carpentry, Need delivery within a week #493, CP, Tushar Bhai, Cold, 71+ Lakhs, Custom Manufacturing, Immediate, Self-Finance, 30042000, Ahmedabad, Arvind Mills, 906, 24 Months](957)" classname="tests.AddFurnitureLeadTest" time="0.0">
    <skipped message="Cannot invoke &quot;com.microsoft.playwright.Page.locator(String)&quot; because &quot;this.page&quot; is null"/>
  </testcase>
  <testcase name="addLeadForAdditionalFurnitureLeadTest[Stanley - SBC, Rina, Trivedi, +41, Print Media, News Paper, Execution, Civil, Need delivery within a week #377, CP, Tushar Bhai, Cold, 71+ Lakhs, Custom Manufacturing, In 3 Months, Bank Loan, 14021974, Surat, Amul, 738, 18 Months](958)" classname="tests.AddFurnitureLeadTest" time="0.0">
    <skipped message="Cannot invoke &quot;com.microsoft.playwright.Page.locator(String)&quot; because &quot;this.page&quot; is null"/>
  </testcase>
  <testcase name="addLeadForAdditionalFurnitureLeadTest[Godrej, Priya, Modi, +55, Print Media, News Paper, Execution, Electrical, Request for free installation #62, CP, Tushar Bhai, Cold, 71+ Lakhs, Custom Manufacturing, In 6 Months, Self-Finance, 12041974, Gandhinagar, Arvind Mills, 252, 18 Months](959)" classname="tests.AddFurnitureLeadTest" time="0.0">
    <skipped message="Cannot invoke &quot;com.microsoft.playwright.Page.locator(String)&quot; because &quot;this.page&quot; is null"/>
  </testcase>
  <testcase name="addLeadForAdditionalFurnitureLeadTest[Lofy Home Store, Rohit, Trivedi, +98, Print Media, News Paper, Execution, Finishing only, Interested in outdoor furniture #21, CP, Tushar Bhai, Cold, 71+ Lakhs, Custom Manufacturing, In 1 Year +, Private Investor, 25091992, Vadodara, Tata Consultancy, 266, 24 Months](960)" classname="tests.AddFurnitureLeadTest" time="0.0">
    <skipped message="Cannot invoke &quot;com.microsoft.playwright.Page.locator(String)&quot; because &quot;this.page&quot; is null"/>
  </testcase>
  <testcase name="addLeadForAdditionalFurnitureLeadTest[Haworth, Krishna, Patel, +218, Print Media, News Paper, Design only, 2D/3D Layouts, Checking modular kitchen options #143, CP, Tushar Bhai, Warm, 15-25 Lakhs, Office Furniture, Immediate, Self-Finance, 05031979, Jamnagar, Tata Consultancy, 82, 6 Months](961)" classname="tests.AddFurnitureLeadTest" time="0.0">
    <skipped message="Cannot invoke &quot;com.microsoft.playwright.Page.locator(String)&quot; because &quot;this.page&quot; is null"/>
  </testcase>
  <testcase name="addLeadForAdditionalFurnitureLeadTest[Lofy Interior Solutions, Dhruv, Trivedi, +220, Print Media, News Paper, Design only, Material Selection, Payment flexibility needed #136, CP, Tushar Bhai, Warm, 15-25 Lakhs, Office Furniture, In 3 Months, Self-Finance, 24051972, Bhavnagar, Torrent Power, 432, 9 Months](962)" classname="tests.AddFurnitureLeadTest" time="0.0">
    <skipped message="Cannot invoke &quot;com.microsoft.playwright.Page.locator(String)&quot; because &quot;this.page&quot; is null"/>
  </testcase>
  <testcase name="addLeadForAdditionalFurnitureLeadTest[Stanley - SLN, Jigar, Trivedi, +63, Print Media, Hoardings, Living, Sofa, Urgent requirement #83, CP, Tushar Bhai, Warm, 15-25 Lakhs, Office Furniture, In 6 Months, Private Investor, 26071999, Ahmedabad, Amul, 583, 12 Months](963)" classname="tests.AddFurnitureLeadTest" time="0.0">
    <skipped message="Cannot invoke &quot;com.microsoft.playwright.Page.locator(String)&quot; because &quot;this.page&quot; is null"/>
  </testcase>
  <testcase name="addLeadForAdditionalFurnitureLeadTest[Stanley - SBC, Karan, Shukla, +257, Print Media, Hoardings, Living, Recliner, Looking for EMI options #434, CP, Tushar Bhai, Warm, 15-25 Lakhs, Office Furniture, In 1 Year +, Mortgage, 30111999, Gandhinagar, Adani Group, 435, 9 Months](964)" classname="tests.AddFurnitureLeadTest" time="0.0">
    <skipped message="Cannot invoke &quot;com.microsoft.playwright.Page.locator(String)&quot; because &quot;this.page&quot; is null"/>
  </testcase>
  <testcase name="addLeadForAdditionalFurnitureLeadTest[Godrej, Anjali, Joshi, +253, Print Media, Hoardings, Living, Coffee Table, First-time buyer #3, CP, Tushar Bhai, Warm, 15-25 Lakhs, Residential Project, Immediate, Mortgage, 29121968, Gandhinagar, Zydus Cadila, 422, 12 Months](965)" classname="tests.AddFurnitureLeadTest" time="0.0">
    <skipped message="Cannot invoke &quot;com.microsoft.playwright.Page.locator(String)&quot; because &quot;this.page&quot; is null"/>
  </testcase>
  <testcase name="addLeadForAdditionalFurnitureLeadTest[Lofy Home Store, Rohit, Modi, +220, Print Media, Hoardings, Living, TV Unit, Looking for office furniture #239, CP, Tushar Bhai, Warm, 15-25 Lakhs, Residential Project, In 3 Months, Business Loan, 03021995, Bhavnagar, Torrent Power, 33, 3 Months](966)" classname="tests.AddFurnitureLeadTest" time="0.0">
    <skipped message="Cannot invoke &quot;com.microsoft.playwright.Page.locator(String)&quot; because &quot;this.page&quot; is null"/>
  </testcase>
  <testcase name="addLeadForAdditionalFurnitureLeadTest[Haworth, Rohit, Desai, +240, Print Media, Hoardings, Dining, Dining Table, Looking for space-saving solutions #480, CP, Tushar Bhai, Warm, 15-25 Lakhs, Residential Project, In 6 Months, Private Investor, 31051979, Rajkot, Torrent Power, 308, 12 Months](967)" classname="tests.AddFurnitureLeadTest" time="0.0">
    <skipped message="Cannot invoke &quot;com.microsoft.playwright.Page.locator(String)&quot; because &quot;this.page&quot; is null"/>
  </testcase>
  <testcase name="addLeadForAdditionalFurnitureLeadTest[Lofy Interior Solutions, Rohit, Desai, +251, Print Media, Hoardings, Dining, Chairs, Urgent requirement #21, CP, Tushar Bhai, Warm, 15-25 Lakhs, Residential Project, In 1 Year +, Mortgage, 26081994, Rajkot, Arvind Mills, 205, 3 Months](968)" classname="tests.AddFurnitureLeadTest" time="0.0">
    <skipped message="Cannot invoke &quot;com.microsoft.playwright.Page.locator(String)&quot; because &quot;this.page&quot; is null"/>
  </testcase>
  <testcase name="addLeadForAdditionalFurnitureLeadTest[Stanley - SLN, Aarav, Bhatt, +52, Print Media, Hoardings, Dining, Bench, Urgent requirement #476, CP, Tushar Bhai, Warm, 15-25 Lakhs, Hospitality, Immediate, Bank Loan, 18091988, Bhavnagar, Torrent Power, 810, 3 Months](969)" classname="tests.AddFurnitureLeadTest" time="0.0">
    <skipped message="Cannot invoke &quot;com.microsoft.playwright.Page.locator(String)&quot; because &quot;this.page&quot; is null"/>
  </testcase>
  <testcase name="addLeadForAdditionalFurnitureLeadTest[Stanley - SBC, Mehul, Bhatt, +224, Print Media, Hoardings, BedRoom, Bed, Looking for office furniture #306, CP, Tushar Bhai, Warm, 15-25 Lakhs, Hospitality, In 3 Months, Bank Loan, 14061981, Rajkot, Amul, 260, 3 Months](970)" classname="tests.AddFurnitureLeadTest" time="0.0">
    <skipped message="Cannot invoke &quot;com.microsoft.playwright.Page.locator(String)&quot; because &quot;this.page&quot; is null"/>
  </testcase>
  <testcase name="addLeadForAdditionalFurnitureLeadTest[Godrej, Rina, Doshi, +41, Print Media, Hoardings, BedRoom, Side Table, Looking for budget-friendly options #397, CP, Tushar Bhai, Warm, 15-25 Lakhs, Hospitality, In 6 Months, Mortgage, 27091996, Rajkot, Adani Group, 356, 3 Months](971)" classname="tests.AddFurnitureLeadTest" time="0.0">
    <skipped message="Cannot invoke &quot;com.microsoft.playwright.Page.locator(String)&quot; because &quot;this.page&quot; is null"/>
  </testcase>
  <testcase name="addLeadForAdditionalFurnitureLeadTest[Lofy Home Store, Mina, Kapoor, +58, Print Media, Hoardings, BedRoom, Dressing, Interested in seasonal discount #321, CP, Tushar Bhai, Warm, 15-25 Lakhs, Hospitality, In 1 Year +, Private Investor, 30011967, Gandhinagar, Amul, 838, 6 Months](972)" classname="tests.AddFurnitureLeadTest" time="0.0">
    <skipped message="Cannot invoke &quot;com.microsoft.playwright.Page.locator(String)&quot; because &quot;this.page&quot; is null"/>
  </testcase>
  <testcase name="addLeadForAdditionalFurnitureLeadTest[Haworth, Anjali, Doshi, +31, Print Media, Hoardings, BedRoom, Mattress, Customer referred by friend #432, CP, Tushar Bhai, Warm, 15-25 Lakhs, Retail, Immediate, Mortgage, 27052002, Bhavnagar, Adani Group, 965, 24 Months](973)" classname="tests.AddFurnitureLeadTest" time="0.0">
    <skipped message="Cannot invoke &quot;com.microsoft.playwright.Page.locator(String)&quot; because &quot;this.page&quot; is null"/>
  </testcase>
  <testcase name="addLeadForAdditionalFurnitureLeadTest[Lofy Interior Solutions, Nirav, Mehta, +81, Print Media, Hoardings, Study, Study Table, Prefers compact designs #155, CP, Tushar Bhai, Warm, 15-25 Lakhs, Retail, In 3 Months, Mortgage, 28051978, Gandhinagar, Amul, 480, 24 Months](974)" classname="tests.AddFurnitureLeadTest" time="0.0">
    <skipped message="Cannot invoke &quot;com.microsoft.playwright.Page.locator(String)&quot; because &quot;this.page&quot; is null"/>
  </testcase>
  <testcase name="addLeadForAdditionalFurnitureLeadTest[Stanley - SLN, Bhavna, Dave, +91, Print Media, Hoardings, Study, Chairs, Enquiring about warranty period #405, CP, Tushar Bhai, Warm, 15-25 Lakhs, Retail, In 6 Months, Mortgage, 12011987, Surat, Amul, 878, 12 Months](975)" classname="tests.AddFurnitureLeadTest" time="0.0">
    <skipped message="Cannot invoke &quot;com.microsoft.playwright.Page.locator(String)&quot; because &quot;this.page&quot; is null"/>
  </testcase>
  <testcase name="addLeadForAdditionalFurnitureLeadTest[Stanley - SBC, Rishi, Raval, +245, Print Media, Hoardings, Study, Library Unit, Looking for EMI options #282, CP, Tushar Bhai, Warm, 15-25 Lakhs, Retail, In 1 Year +, Bank Loan, 02072002, Vadodara, Amul, 476, 9 Months](976)" classname="tests.AddFurnitureLeadTest" time="0.0">
    <skipped message="Cannot invoke &quot;com.microsoft.playwright.Page.locator(String)&quot; because &quot;this.page&quot; is null"/>
  </testcase>
  <testcase name="addLeadForAdditionalFurnitureLeadTest[Godrej, Nirav, Shah, +262, Print Media, Hoardings, Kitchen, Modular, Wants kids&apos; room furniture #38, CP, Tushar Bhai, Warm, 15-25 Lakhs, Commercial, Immediate, Business Loan, 20071989, Gandhinagar, Reliance, 708, 24 Months](977)" classname="tests.AddFurnitureLeadTest" time="0.0">
    <skipped message="Cannot invoke &quot;com.microsoft.playwright.Page.locator(String)&quot; because &quot;this.page&quot; is null"/>
  </testcase>
  <testcase name="addLeadForAdditionalFurnitureLeadTest[Lofy Home Store, Mehul, Trivedi, +36, Print Media, Hoardings, Kitchen, Semi-Modular, Asking for fabric color options #363, CP, Tushar Bhai, Warm, 15-25 Lakhs, Commercial, In 3 Months, Self-Finance, 01031975, Gandhinagar, Tata Consultancy, 111, 24 Months](978)" classname="tests.AddFurnitureLeadTest" time="0.0">
    <skipped message="Cannot invoke &quot;com.microsoft.playwright.Page.locator(String)&quot; because &quot;this.page&quot; is null"/>
  </testcase>
  <testcase name="addLeadForAdditionalFurnitureLeadTest[Haworth, Dhruv, Chaudhary, +242, Print Media, Hoardings, Kitchen, Countertop, Looking for office furniture #270, CP, Tushar Bhai, Warm, 15-25 Lakhs, Commercial, In 6 Months, Private Investor, 26021993, Gandhinagar, Amul, 499, 3 Months](979)" classname="tests.AddFurnitureLeadTest" time="0.0">
    <skipped message="Cannot invoke &quot;com.microsoft.playwright.Page.locator(String)&quot; because &quot;this.page&quot; is null"/>
  </testcase>
  <testcase name="addLeadForAdditionalFurnitureLeadTest[Lofy Interior Solutions, Nirav, Gandhi, +216, Print Media, Hoardings, Kitchen, Appliances, Repeat customer inquiry #490, CP, Tushar Bhai, Warm, 15-25 Lakhs, Commercial, In 1 Year +, Self-Finance, 06031972, Bhavnagar, Adani Group, 662, 12 Months](980)" classname="tests.AddFurnitureLeadTest" time="0.0">
    <skipped message="Cannot invoke &quot;com.microsoft.playwright.Page.locator(String)&quot; because &quot;this.page&quot; is null"/>
  </testcase>
  <testcase name="addLeadForAdditionalFurnitureLeadTest[Stanley - SLN, Rohit, Raval, +47, Print Media, Hoardings, Wardrobes, Sliding, Need delivery within a week #267, CP, Tushar Bhai, Warm, 15-25 Lakhs, Custom Manufacturing, Immediate, Bank Loan, 15011968, Vadodara, Arvind Mills, 688, 12 Months](981)" classname="tests.AddFurnitureLeadTest" time="0.0">
    <skipped message="Cannot invoke &quot;com.microsoft.playwright.Page.locator(String)&quot; because &quot;this.page&quot; is null"/>
  </testcase>
  <testcase name="addLeadForAdditionalFurnitureLeadTest[Stanley - SBC, Rina, Desai, +95, Print Media, Hoardings, Wardrobes, Hinged, Prefers wooden furniture #403, CP, Tushar Bhai, Warm, 15-25 Lakhs, Custom Manufacturing, In 3 Months, Business Loan, 29061971, Rajkot, Tata Consultancy, 47, 6 Months](982)" classname="tests.AddFurnitureLeadTest" time="0.0">
    <skipped message="Cannot invoke &quot;com.microsoft.playwright.Page.locator(String)&quot; because &quot;this.page&quot; is null"/>
  </testcase>
  <testcase name="addLeadForAdditionalFurnitureLeadTest[Godrej, Jigar, Doshi, +224, Print Media, Hoardings, Wardrobes, Walk-in, Request for free installation #82, CP, Tushar Bhai, Warm, 15-25 Lakhs, Custom Manufacturing, In 6 Months, Bank Loan, 04071983, Vadodara, Amul, 110, 3 Months](983)" classname="tests.AddFurnitureLeadTest" time="0.0">
    <skipped message="Cannot invoke &quot;com.microsoft.playwright.Page.locator(String)&quot; because &quot;this.page&quot; is null"/>
  </testcase>
  <testcase name="addLeadForAdditionalFurnitureLeadTest[Lofy Home Store, Anjali, Dave, +36, Print Media, Hoardings, Office, WorkStations, Checking modular kitchen options #279, CP, Tushar Bhai, Warm, 15-25 Lakhs, Custom Manufacturing, In 1 Year +, Business Loan, 23101991, Surat, Arvind Mills, 372, 18 Months](984)" classname="tests.AddFurnitureLeadTest" time="0.0">
    <skipped message="Cannot invoke &quot;com.microsoft.playwright.Page.locator(String)&quot; because &quot;this.page&quot; is null"/>
  </testcase>
  <testcase name="addLeadForAdditionalFurnitureLeadTest[Haworth, Pooja, Dave, +248, Print Media, Hoardings, Office, Conference Table, Payment flexibility needed #207, CP, Tushar Bhai, Warm, 26-35 Lakhs, Office Furniture, Immediate, Bank Loan, 16091965, Jamnagar, Arvind Mills, 575, 6 Months](985)" classname="tests.AddFurnitureLeadTest" time="0.0">
    <skipped message="Cannot invoke &quot;com.microsoft.playwright.Page.locator(String)&quot; because &quot;this.page&quot; is null"/>
  </testcase>
  <testcase name="addLeadForAdditionalFurnitureLeadTest[Lofy Interior Solutions, Pooja, Joshi, +92, Print Media, Hoardings, Office, Cabin Setup, Prefers wooden furniture #179, CP, Tushar Bhai, Warm, 26-35 Lakhs, Office Furniture, In 3 Months, Private Investor, 29091995, Ahmedabad, Tata Consultancy, 661, 6 Months](986)" classname="tests.AddFurnitureLeadTest" time="0.0">
    <skipped message="Cannot invoke &quot;com.microsoft.playwright.Page.locator(String)&quot; because &quot;this.page&quot; is null"/>
  </testcase>
  <testcase name="addLeadForAdditionalFurnitureLeadTest[Stanley - SLN, Karan, Patel, +66, Print Media, Hoardings, Outdoor, Patio, Repeat customer inquiry #453, CP, Tushar Bhai, Warm, 26-35 Lakhs, Office Furniture, In 6 Months, Private Investor, 20061970, Rajkot, Torrent Power, 27, 9 Months](987)" classname="tests.AddFurnitureLeadTest" time="0.0">
    <skipped message="Cannot invoke &quot;com.microsoft.playwright.Page.locator(String)&quot; because &quot;this.page&quot; is null"/>
  </testcase>
  <testcase name="addLeadForAdditionalFurnitureLeadTest[Stanley - SBC, Neha, Modi, +61, Print Media, Hoardings, Outdoor, Swing, Asking for custom designs #340, CP, Tushar Bhai, Warm, 26-35 Lakhs, Office Furniture, In 1 Year +, Bank Loan, 13011967, Ahmedabad, Adani Group, 536, 9 Months](988)" classname="tests.AddFurnitureLeadTest" time="0.0">
    <skipped message="Cannot invoke &quot;com.microsoft.playwright.Page.locator(String)&quot; because &quot;this.page&quot; is null"/>
  </testcase>
  <testcase name="addLeadForAdditionalFurnitureLeadTest[Godrej, Viren, Desai, +213, Print Media, Hoardings, Outdoor, Garden Seating, Looking for office furniture #170, CP, Tushar Bhai, Warm, 26-35 Lakhs, Residential Project, Immediate, Bank Loan, 16051992, Gandhinagar, Tata Consultancy, 869, 12 Months](989)" classname="tests.AddFurnitureLeadTest" time="0.0">
    <skipped message="Cannot invoke &quot;com.microsoft.playwright.Page.locator(String)&quot; because &quot;this.page&quot; is null"/>
  </testcase>
  <testcase name="addLeadForAdditionalFurnitureLeadTest[Lofy Home Store, Bhavna, Soni, +257, Print Media, Hoardings, Turkey Solution, Full Home Package(Design + Execution + Furniture), Wants kids&apos; room furniture #151, CP, Tushar Bhai, Warm, 26-35 Lakhs, Residential Project, In 3 Months, Self-Finance, 02031977, Bhavnagar, Reliance, 898, 3 Months](990)" classname="tests.AddFurnitureLeadTest" time="0.0">
    <skipped message="Cannot invoke &quot;com.microsoft.playwright.Page.locator(String)&quot; because &quot;this.page&quot; is null"/>
  </testcase>
  <testcase name="addLeadForAdditionalFurnitureLeadTest[Haworth, Mehul, Doshi, +249, Print Media, Hoardings, Project Management Consultancy, Project Advisory, Asking for custom designs #487, CP, Tushar Bhai, Warm, 26-35 Lakhs, Residential Project, In 6 Months, Business Loan, 26011994, Bhavnagar, Torrent Power, 663, 6 Months](991)" classname="tests.AddFurnitureLeadTest" time="0.0">
    <skipped message="Cannot invoke &quot;com.microsoft.playwright.Page.locator(String)&quot; because &quot;this.page&quot; is null"/>
  </testcase>
  <testcase name="addLeadForAdditionalFurnitureLeadTest[Lofy Interior Solutions, Mina, Raval, +63, Print Media, Hoardings, Project Management Consultancy, Costing, Wants matching dining set #317, CP, Tushar Bhai, Warm, 26-35 Lakhs, Residential Project, In 1 Year +, Business Loan, 05061968, Bhavnagar, Reliance, 464, 12 Months](992)" classname="tests.AddFurnitureLeadTest" time="0.0">
    <skipped message="Cannot invoke &quot;com.microsoft.playwright.Page.locator(String)&quot; because &quot;this.page&quot; is null"/>
  </testcase>
  <testcase name="addLeadForAdditionalFurnitureLeadTest[Stanley - SLN, Neha, Vyas, +66, Print Media, Hoardings, Project Management Consultancy, Vendor Management, Request for free installation #244, CP, Tushar Bhai, Warm, 26-35 Lakhs, Hospitality, Immediate, Private Investor, 26061995, Rajkot, Arvind Mills, 98, 12 Months](993)" classname="tests.AddFurnitureLeadTest" time="0.0">
    <skipped message="Cannot invoke &quot;com.microsoft.playwright.Page.locator(String)&quot; because &quot;this.page&quot; is null"/>
  </testcase>
  <testcase name="addLeadForAdditionalFurnitureLeadTest[Stanley - SBC, Krishna, Kapoor, +262, Print Media, Hoardings, Execution, Carpentry, Payment flexibility needed #422, CP, Tushar Bhai, Warm, 26-35 Lakhs, Hospitality, In 3 Months, Bank Loan, 25081985, Gandhinagar, Tata Consultancy, 823, 9 Months](994)" classname="tests.AddFurnitureLeadTest" time="0.0">
    <skipped message="Cannot invoke &quot;com.microsoft.playwright.Page.locator(String)&quot; because &quot;this.page&quot; is null"/>
  </testcase>
  <testcase name="addLeadForAdditionalFurnitureLeadTest[Godrej, Hetal, Patel, +216, Print Media, Hoardings, Execution, Civil, Wants matching dining set #333, CP, Tushar Bhai, Warm, 26-35 Lakhs, Hospitality, In 6 Months, Mortgage, 24021985, Bhavnagar, Zydus Cadila, 16, 18 Months](995)" classname="tests.AddFurnitureLeadTest" time="0.0">
    <skipped message="Cannot invoke &quot;com.microsoft.playwright.Page.locator(String)&quot; because &quot;this.page&quot; is null"/>
  </testcase>
  <testcase name="addLeadForAdditionalFurnitureLeadTest[Lofy Home Store, Sonal, Trivedi, +43, Print Media, Hoardings, Execution, Electrical, Interested in modern furniture #59, CP, Tushar Bhai, Warm, 26-35 Lakhs, Hospitality, In 1 Year +, Private Investor, 21101993, Surat, Torrent Power, 808, 24 Months](996)" classname="tests.AddFurnitureLeadTest" time="0.0">
    <skipped message="Cannot invoke &quot;com.microsoft.playwright.Page.locator(String)&quot; because &quot;this.page&quot; is null"/>
  </testcase>
  <testcase name="addLeadForAdditionalFurnitureLeadTest[Haworth, Pooja, Mehta, +90, Print Media, Hoardings, Execution, Finishing only, Prefers compact designs #178, CP, Tushar Bhai, Warm, 26-35 Lakhs, Retail, Immediate, Bank Loan, 09011971, Jamnagar, Tata Consultancy, 152, 24 Months](997)" classname="tests.AddFurnitureLeadTest" time="0.0">
    <skipped message="Cannot invoke &quot;com.microsoft.playwright.Page.locator(String)&quot; because &quot;this.page&quot; is null"/>
  </testcase>
  <testcase name="addLeadForAdditionalFurnitureLeadTest[Lofy Interior Solutions, Bhavna, Dave, +66, Print Media, Hoardings, Design only, 2D/3D Layouts, Prefers eco-friendly material #124, CP, Tushar Bhai, Warm, 26-35 Lakhs, Retail, In 3 Months, Bank Loan, 30031979, Gandhinagar, Reliance, 959, 6 Months](998)" classname="tests.AddFurnitureLeadTest" time="0.0">
    <skipped message="Cannot invoke &quot;com.microsoft.playwright.Page.locator(String)&quot; because &quot;this.page&quot; is null"/>
  </testcase>
  <testcase name="addLeadForAdditionalFurnitureLeadTest[Stanley - SLN, Hetal, Modi, +40, Print Media, Hoardings, Design only, Material Selection, Requesting catalog #329, CP, Tushar Bhai, Warm, 26-35 Lakhs, Retail, In 6 Months, Mortgage, 29101985, Vadodara, Zydus Cadila, 830, 24 Months](999)" classname="tests.AddFurnitureLeadTest" time="0.0">
    <skipped message="Cannot invoke &quot;com.microsoft.playwright.Page.locator(String)&quot; because &quot;this.page&quot; is null"/>
  </testcase>
  <testcase name="addLeadForAdditionalFurnitureLeadTest[Stanley - SBC, Neha, Soni, +226, Print Media, Leaflets, Living, Sofa, Customer referred by friend #471, CP, Tushar Bhai, Warm, 26-35 Lakhs, Retail, In 1 Year +, Bank Loan, 16081971, Gandhinagar, Reliance, 164, 3 Months](1000)" classname="tests.AddFurnitureLeadTest" time="0.0">
    <skipped message="Cannot invoke &quot;com.microsoft.playwright.Page.locator(String)&quot; because &quot;this.page&quot; is null"/>
  </testcase>
  <testcase name="addLeadForAdditionalFurnitureLeadTest[Godrej, Mehul, Raval, +27, Print Media, Leaflets, Living, Recliner, Customer referred by friend #125, CP, Tushar Bhai, Warm, 26-35 Lakhs, Commercial, Immediate, Self-Finance, 19101975, Vadodara, Reliance, 518, 3 Months](1001)" classname="tests.AddFurnitureLeadTest" time="0.0">
    <skipped message="Cannot invoke &quot;com.microsoft.playwright.Page.locator(String)&quot; because &quot;this.page&quot; is null"/>
  </testcase>
  <testcase name="addLeadForAdditionalFurnitureLeadTest[Lofy Home Store, Viren, Gandhi, +240, Print Media, Leaflets, Living, Coffee Table, Looking for budget-friendly options #350, CP, Tushar Bhai, Warm, 26-35 Lakhs, Commercial, In 3 Months, Private Investor, 17051986, Ahmedabad, Zydus Cadila, 996, 9 Months](1002)" classname="tests.AddFurnitureLeadTest" time="0.0">
    <skipped message="Cannot invoke &quot;com.microsoft.playwright.Page.locator(String)&quot; because &quot;this.page&quot; is null"/>
  </testcase>
  <testcase name="addLeadForAdditionalFurnitureLeadTest[Haworth, Viren, Raval, +246, Print Media, Leaflets, Living, TV Unit, Requesting catalog #165, CP, Tushar Bhai, Warm, 26-35 Lakhs, Commercial, In 6 Months, Self-Finance, 29011973, Gandhinagar, Amul, 641, 24 Months](1003)" classname="tests.AddFurnitureLeadTest" time="0.0">
    <skipped message="Cannot invoke &quot;com.microsoft.playwright.Page.locator(String)&quot; because &quot;this.page&quot; is null"/>
  </testcase>
  <testcase name="addLeadForAdditionalFurnitureLeadTest[Lofy Interior Solutions, Anjali, Mehta, +216, Print Media, Leaflets, Dining, Dining Table, Interested in outdoor furniture #469, CP, Tushar Bhai, Warm, 26-35 Lakhs, Commercial, In 1 Year +, Self-Finance, 06011975, Rajkot, Arvind Mills, 71, 6 Months](1004)" classname="tests.AddFurnitureLeadTest" time="0.0">
    <skipped message="Cannot invoke &quot;com.microsoft.playwright.Page.locator(String)&quot; because &quot;this.page&quot; is null"/>
  </testcase>
  <testcase name="addLeadForAdditionalFurnitureLeadTest[Stanley - SLN, Rishi, Bhatt, +221, Print Media, Leaflets, Dining, Chairs, Asking for fabric color options #484, CP, Tushar Bhai, Warm, 26-35 Lakhs, Custom Manufacturing, Immediate, Self-Finance, 19051990, Vadodara, Arvind Mills, 903, 3 Months](1005)" classname="tests.AddFurnitureLeadTest" time="0.0">
    <skipped message="Cannot invoke &quot;com.microsoft.playwright.Page.locator(String)&quot; because &quot;this.page&quot; is null"/>
  </testcase>
  <testcase name="addLeadForAdditionalFurnitureLeadTest[Stanley - SBC, Mehul, Dave, +39, Print Media, Leaflets, Dining, Bench, Wants luxury and premium finish #198, CP, Tushar Bhai, Warm, 26-35 Lakhs, Custom Manufacturing, In 3 Months, Bank Loan, 31071969, Rajkot, Adani Group, 831, 9 Months](1006)" classname="tests.AddFurnitureLeadTest" time="0.0">
    <skipped message="Cannot invoke &quot;com.microsoft.playwright.Page.locator(String)&quot; because &quot;this.page&quot; is null"/>
  </testcase>
  <testcase name="addLeadForAdditionalFurnitureLeadTest[Godrej, Anjali, Joshi, +236, Print Media, Leaflets, BedRoom, Bed, First-time buyer #277, CP, Tushar Bhai, Warm, 26-35 Lakhs, Custom Manufacturing, In 6 Months, Self-Finance, 12021966, Vadodara, Adani Group, 910, 6 Months](1007)" classname="tests.AddFurnitureLeadTest" time="0.0">
    <skipped message="Cannot invoke &quot;com.microsoft.playwright.Page.locator(String)&quot; because &quot;this.page&quot; is null"/>
  </testcase>
  <testcase name="addLeadForAdditionalFurnitureLeadTest[Lofy Home Store, Krishna, Raval, +213, Print Media, Leaflets, BedRoom, Side Table, Interested in sofa sets #145, CP, Tushar Bhai, Warm, 26-35 Lakhs, Custom Manufacturing, In 1 Year +, Self-Finance, 24101998, Gandhinagar, Reliance, 943, 18 Months](1008)" classname="tests.AddFurnitureLeadTest" time="0.0">
    <skipped message="Cannot invoke &quot;com.microsoft.playwright.Page.locator(String)&quot; because &quot;this.page&quot; is null"/>
  </testcase>
  <testcase name="addLeadForAdditionalFurnitureLeadTest[Haworth, Jigar, Desai, +66, Print Media, Leaflets, BedRoom, Dressing, Interested in modern furniture #467, CP, Tushar Bhai, Warm, 36-50 Lakhs, Office Furniture, Immediate, Self-Finance, 26071977, Rajkot, Amul, 532, 12 Months](1009)" classname="tests.AddFurnitureLeadTest" time="0.0">
    <skipped message="Cannot invoke &quot;com.microsoft.playwright.Page.locator(String)&quot; because &quot;this.page&quot; is null"/>
  </testcase>
  <testcase name="addLeadForAdditionalFurnitureLeadTest[Lofy Interior Solutions, Krishna, Vyas, +233, Print Media, Leaflets, BedRoom, Mattress, Request for free installation #421, CP, Tushar Bhai, Warm, 36-50 Lakhs, Office Furniture, In 3 Months, Bank Loan, 09071989, Ahmedabad, Adani Group, 909, 3 Months](1010)" classname="tests.AddFurnitureLeadTest" time="0.0">
    <skipped message="Cannot invoke &quot;com.microsoft.playwright.Page.locator(String)&quot; because &quot;this.page&quot; is null"/>
  </testcase>
  <testcase name="addLeadForAdditionalFurnitureLeadTest[Stanley - SLN, Priya, Patel, +52, Print Media, Leaflets, Study, Study Table, Wants matching dining set #192, CP, Tushar Bhai, Warm, 36-50 Lakhs, Office Furniture, In 6 Months, Private Investor, 03061970, Vadodara, Zydus Cadila, 978, 6 Months](1011)" classname="tests.AddFurnitureLeadTest" time="0.0">
    <skipped message="Cannot invoke &quot;com.microsoft.playwright.Page.locator(String)&quot; because &quot;this.page&quot; is null"/>
  </testcase>
  <testcase name="addLeadForAdditionalFurnitureLeadTest[Stanley - SBC, Rishi, Doshi, +222, Print Media, Leaflets, Study, Chairs, Request for free installation #412, CP, Tushar Bhai, Warm, 36-50 Lakhs, Office Furniture, In 1 Year +, Self-Finance, 29091981, Vadodara, Adani Group, 743, 12 Months](1012)" classname="tests.AddFurnitureLeadTest" time="0.0">
    <skipped message="Cannot invoke &quot;com.microsoft.playwright.Page.locator(String)&quot; because &quot;this.page&quot; is null"/>
  </testcase>
  <testcase name="addLeadForAdditionalFurnitureLeadTest[Godrej, Kavya, Trivedi, +36, Print Media, Leaflets, Study, Library Unit, Request for free installation #229, CP, Tushar Bhai, Warm, 36-50 Lakhs, Residential Project, Immediate, Private Investor, 14112002, Ahmedabad, Amul, 301, 18 Months](1013)" classname="tests.AddFurnitureLeadTest" time="0.0">
    <skipped message="Cannot invoke &quot;com.microsoft.playwright.Page.locator(String)&quot; because &quot;this.page&quot; is null"/>
  </testcase>
  <testcase name="addLeadForAdditionalFurnitureLeadTest[Lofy Home Store, Krishna, Kapoor, +63, Print Media, Leaflets, Kitchen, Modular, Enquiring about warranty period #23, CP, Tushar Bhai, Warm, 36-50 Lakhs, Residential Project, In 3 Months, Business Loan, 30101979, Vadodara, Torrent Power, 471, 3 Months](1014)" classname="tests.AddFurnitureLeadTest" time="0.0">
    <skipped message="Cannot invoke &quot;com.microsoft.playwright.Page.locator(String)&quot; because &quot;this.page&quot; is null"/>
  </testcase>
  <testcase name="addLeadForAdditionalFurnitureLeadTest[Haworth, Bhavna, Gandhi, +248, Print Media, Leaflets, Kitchen, Semi-Modular, Requesting bulk order discount #460, CP, Tushar Bhai, Warm, 36-50 Lakhs, Residential Project, In 6 Months, Business Loan, 29091964, Bhavnagar, Zydus Cadila, 191, 9 Months](1015)" classname="tests.AddFurnitureLeadTest" time="0.0">
    <skipped message="Cannot invoke &quot;com.microsoft.playwright.Page.locator(String)&quot; because &quot;this.page&quot; is null"/>
  </testcase>
  <testcase name="addLeadForAdditionalFurnitureLeadTest[Lofy Interior Solutions, Nirav, Raval, +43, Print Media, Leaflets, Kitchen, Countertop, Visited showroom last week #99, CP, Tushar Bhai, Warm, 36-50 Lakhs, Residential Project, In 1 Year +, Mortgage, 27121990, Surat, Amul, 33, 6 Months](1016)" classname="tests.AddFurnitureLeadTest" time="0.0">
    <skipped message="Cannot invoke &quot;com.microsoft.playwright.Page.locator(String)&quot; because &quot;this.page&quot; is null"/>
  </testcase>
  <testcase name="addLeadForAdditionalFurnitureLeadTest[Stanley - SLN, Aarav, Joshi, +1, Print Media, Leaflets, Kitchen, Appliances, Looking for office furniture #264, CP, Tushar Bhai, Warm, 36-50 Lakhs, Hospitality, Immediate, Bank Loan, 06041995, Gandhinagar, Adani Group, 664, 24 Months](1017)" classname="tests.AddFurnitureLeadTest" time="0.0">
    <skipped message="Cannot invoke &quot;com.microsoft.playwright.Page.locator(String)&quot; because &quot;this.page&quot; is null"/>
  </testcase>
  <testcase name="addLeadForAdditionalFurnitureLeadTest[Stanley - SBC, Neha, Doshi, +249, Print Media, Leaflets, Wardrobes, Sliding, Prefers wooden furniture #486, CP, Tushar Bhai, Warm, 36-50 Lakhs, Hospitality, In 3 Months, Mortgage, 04081994, Jamnagar, Adani Group, 644, 12 Months](1018)" classname="tests.AddFurnitureLeadTest" time="0.0">
    <skipped message="Cannot invoke &quot;com.microsoft.playwright.Page.locator(String)&quot; because &quot;this.page&quot; is null"/>
  </testcase>
  <testcase name="addLeadForAdditionalFurnitureLeadTest[Godrej, Dhruv, Parikh, +93, Print Media, Leaflets, Wardrobes, Hinged, Wants luxury and premium finish #86, CP, Tushar Bhai, Warm, 36-50 Lakhs, Hospitality, In 6 Months, Self-Finance, 12121964, Gandhinagar, Zydus Cadila, 112, 24 Months](1019)" classname="tests.AddFurnitureLeadTest" time="0.0">
    <skipped message="Cannot invoke &quot;com.microsoft.playwright.Page.locator(String)&quot; because &quot;this.page&quot; is null"/>
  </testcase>
  <testcase name="addLeadForAdditionalFurnitureLeadTest[Lofy Home Store, Jigar, Trivedi, +224, Print Media, Leaflets, Wardrobes, Walk-in, Wants matching dining set #276, CP, Tushar Bhai, Warm, 36-50 Lakhs, Hospitality, In 1 Year +, Mortgage, 05041997, Gandhinagar, Torrent Power, 101, 6 Months](1020)" classname="tests.AddFurnitureLeadTest" time="0.0">
    <skipped message="Cannot invoke &quot;com.microsoft.playwright.Page.locator(String)&quot; because &quot;this.page&quot; is null"/>
  </testcase>
  <testcase name="addLeadForAdditionalFurnitureLeadTest[Haworth, Bhavna, Dave, +92, Print Media, Leaflets, Office, WorkStations, Payment flexibility needed #4, CP, Tushar Bhai, Warm, 36-50 Lakhs, Retail, Immediate, Mortgage, 15031984, Surat, Tata Consultancy, 255, 6 Months](1021)" classname="tests.AddFurnitureLeadTest" time="0.0">
    <skipped message="Cannot invoke &quot;com.microsoft.playwright.Page.locator(String)&quot; because &quot;this.page&quot; is null"/>
  </testcase>
  <testcase name="addLeadForAdditionalFurnitureLeadTest[Lofy Interior Solutions, Priya, Patel, +91, Print Media, Leaflets, Office, Conference Table, Visited showroom last week #34, CP, Tushar Bhai, Warm, 36-50 Lakhs, Retail, In 3 Months, Mortgage, 02121984, Gandhinagar, Adani Group, 369, 24 Months](1022)" classname="tests.AddFurnitureLeadTest" time="0.0">
    <skipped message="Cannot invoke &quot;com.microsoft.playwright.Page.locator(String)&quot; because &quot;this.page&quot; is null"/>
  </testcase>
  <testcase name="addLeadForAdditionalFurnitureLeadTest[Stanley - SLN, Anjali, Mehta, +91, Print Media, Leaflets, Office, Cabin Setup, Asking for custom designs #344, CP, Tushar Bhai, Warm, 36-50 Lakhs, Retail, In 6 Months, Private Investor, 06111982, Jamnagar, Adani Group, 32, 12 Months](1023)" classname="tests.AddFurnitureLeadTest" time="0.0">
    <skipped message="Cannot invoke &quot;com.microsoft.playwright.Page.locator(String)&quot; because &quot;this.page&quot; is null"/>
  </testcase>
  <testcase name="addLeadForAdditionalFurnitureLeadTest[Stanley - SBC, Aarav, Trivedi, +258, Print Media, Leaflets, Outdoor, Patio, Visited showroom last week #397, CP, Tushar Bhai, Warm, 36-50 Lakhs, Retail, In 1 Year +, Bank Loan, 03051978, Jamnagar, Tata Consultancy, 76, 3 Months](1024)" classname="tests.AddFurnitureLeadTest" time="0.0">
    <skipped message="Cannot invoke &quot;com.microsoft.playwright.Page.locator(String)&quot; because &quot;this.page&quot; is null"/>
  </testcase>
  <testcase name="addLeadForAdditionalFurnitureLeadTest[Godrej, Jigar, Soni, +63, Print Media, Leaflets, Outdoor, Swing, Asking for custom designs #443, CP, Tushar Bhai, Warm, 36-50 Lakhs, Commercial, Immediate, Bank Loan, 24091989, Rajkot, Tata Consultancy, 132, 12 Months](1025)" classname="tests.AddFurnitureLeadTest" time="0.0">
    <skipped message="Cannot invoke &quot;com.microsoft.playwright.Page.locator(String)&quot; because &quot;this.page&quot; is null"/>
  </testcase>
  <testcase name="addLeadForAdditionalFurnitureLeadTest[Lofy Home Store, Aarav, Vyas, +81, Print Media, Leaflets, Outdoor, Garden Seating, Prefers compact designs #218, CP, Tushar Bhai, Warm, 36-50 Lakhs, Commercial, In 3 Months, Bank Loan, 27101988, Vadodara, Reliance, 894, 18 Months](1026)" classname="tests.AddFurnitureLeadTest" time="0.0">
    <skipped message="Cannot invoke &quot;com.microsoft.playwright.Page.locator(String)&quot; because &quot;this.page&quot; is null"/>
  </testcase>
  <testcase name="addLeadForAdditionalFurnitureLeadTest[Haworth, Neha, Vyas, +44, Print Media, Leaflets, Turkey Solution, Full Home Package(Design + Execution + Furniture), Looking for leather finish #54, CP, Tushar Bhai, Warm, 36-50 Lakhs, Commercial, In 6 Months, Bank Loan, 01121975, Jamnagar, Reliance, 23, 18 Months](1027)" classname="tests.AddFurnitureLeadTest" time="0.0">
    <skipped message="Cannot invoke &quot;com.microsoft.playwright.Page.locator(String)&quot; because &quot;this.page&quot; is null"/>
  </testcase>
  <testcase name="addLeadForAdditionalFurnitureLeadTest[Lofy Interior Solutions, Pooja, Trivedi, +239, Print Media, Leaflets, Project Management Consultancy, Project Advisory, Asking for custom designs #276, CP, Tushar Bhai, Warm, 36-50 Lakhs, Commercial, In 1 Year +, Business Loan, 19021993, Ahmedabad, Tata Consultancy, 958, 6 Months](1028)" classname="tests.AddFurnitureLeadTest" time="0.0">
    <skipped message="Cannot invoke &quot;com.microsoft.playwright.Page.locator(String)&quot; because &quot;this.page&quot; is null"/>
  </testcase>
  <testcase name="addLeadForAdditionalFurnitureLeadTest[Stanley - SLN, Krishna, Patel, +240, Print Media, Leaflets, Project Management Consultancy, Costing, Looking for leather finish #360, CP, Tushar Bhai, Warm, 36-50 Lakhs, Custom Manufacturing, Immediate, Bank Loan, 24041999, Jamnagar, Zydus Cadila, 971, 9 Months](1029)" classname="tests.AddFurnitureLeadTest" time="0.0">
    <skipped message="Cannot invoke &quot;com.microsoft.playwright.Page.locator(String)&quot; because &quot;this.page&quot; is null"/>
  </testcase>
  <testcase name="addLeadForAdditionalFurnitureLeadTest[Stanley - SBC, Rina, Desai, +229, Print Media, Leaflets, Project Management Consultancy, Vendor Management, Requesting catalog #500, CP, Tushar Bhai, Warm, 36-50 Lakhs, Custom Manufacturing, In 3 Months, Bank Loan, 08061974, Ahmedabad, Adani Group, 309, 3 Months](1030)" classname="tests.AddFurnitureLeadTest" time="0.0">
    <skipped message="Cannot invoke &quot;com.microsoft.playwright.Page.locator(String)&quot; because &quot;this.page&quot; is null"/>
  </testcase>
  <testcase name="addLeadForAdditionalFurnitureLeadTest[Godrej, Sonal, Joshi, +84, Print Media, Leaflets, Execution, Carpentry, Interested in sofa sets #397, CP, Tushar Bhai, Warm, 36-50 Lakhs, Custom Manufacturing, In 6 Months, Business Loan, 22121997, Ahmedabad, Torrent Power, 853, 9 Months](1031)" classname="tests.AddFurnitureLeadTest" time="0.0">
    <skipped message="Cannot invoke &quot;com.microsoft.playwright.Page.locator(String)&quot; because &quot;this.page&quot; is null"/>
  </testcase>
  <testcase name="addLeadForAdditionalFurnitureLeadTest[Lofy Home Store, Viren, Kapoor, +221, Print Media, Leaflets, Execution, Civil, Checking modular kitchen options #332, CP, Tushar Bhai, Warm, 36-50 Lakhs, Custom Manufacturing, In 1 Year +, Business Loan, 04091985, Jamnagar, Arvind Mills, 239, 18 Months](1032)" classname="tests.AddFurnitureLeadTest" time="0.0">
    <skipped message="Cannot invoke &quot;com.microsoft.playwright.Page.locator(String)&quot; because &quot;this.page&quot; is null"/>
  </testcase>
  <testcase name="addLeadForAdditionalFurnitureLeadTest[Haworth, Kavya, Chaudhary, +251, Print Media, Leaflets, Execution, Electrical, Looking for leather finish #482, CP, Tushar Bhai, Warm, 51-70 Lakhs, Office Furniture, Immediate, Private Investor, 08011965, Rajkot, Adani Group, 969, 12 Months](1033)" classname="tests.AddFurnitureLeadTest" time="0.0">
    <skipped message="Cannot invoke &quot;com.microsoft.playwright.Page.locator(String)&quot; because &quot;this.page&quot; is null"/>
  </testcase>
  <testcase name="addLeadForAdditionalFurnitureLeadTest[Lofy Interior Solutions, Bhavna, Raval, +64, Print Media, Leaflets, Execution, Finishing only, Prefers wooden furniture #383, CP, Tushar Bhai, Warm, 51-70 Lakhs, Office Furniture, In 3 Months, Private Investor, 13041976, Jamnagar, Arvind Mills, 818, 24 Months](1034)" classname="tests.AddFurnitureLeadTest" time="0.0">
    <skipped message="Cannot invoke &quot;com.microsoft.playwright.Page.locator(String)&quot; because &quot;this.page&quot; is null"/>
  </testcase>
  <testcase name="addLeadForAdditionalFurnitureLeadTest[Stanley - SLN, Rina, Raval, +223, Print Media, Leaflets, Design only, 2D/3D Layouts, Prefers compact designs #79, CP, Tushar Bhai, Warm, 51-70 Lakhs, Office Furniture, In 6 Months, Private Investor, 01051989, Gandhinagar, Tata Consultancy, 542, 3 Months](1035)" classname="tests.AddFurnitureLeadTest" time="0.0">
    <skipped message="Cannot invoke &quot;com.microsoft.playwright.Page.locator(String)&quot; because &quot;this.page&quot; is null"/>
  </testcase>
  <testcase name="addLeadForAdditionalFurnitureLeadTest[Stanley - SBC, Viren, Joshi, +226, Print Media, Leaflets, Design only, Material Selection, Interested in modern furniture #236, CP, Tushar Bhai, Warm, 51-70 Lakhs, Office Furniture, In 1 Year +, Bank Loan, 01091965, Gandhinagar, Adani Group, 900, 6 Months](1036)" classname="tests.AddFurnitureLeadTest" time="0.0">
    <skipped message="Cannot invoke &quot;com.microsoft.playwright.Page.locator(String)&quot; because &quot;this.page&quot; is null"/>
  </testcase>
  <testcase name="addLeadForAdditionalFurnitureLeadTest[Godrej, Viren, Raval, +220, Channel sales, Channel Partner Event, Living, Sofa, Looking for space-saving solutions #170, CP, Tushar Bhai, Warm, 51-70 Lakhs, Residential Project, Immediate, Self-Finance, 20011993, Gandhinagar, Torrent Power, 564, 3 Months](1037)" classname="tests.AddFurnitureLeadTest" time="0.0">
    <skipped message="Cannot invoke &quot;com.microsoft.playwright.Page.locator(String)&quot; because &quot;this.page&quot; is null"/>
  </testcase>
  <testcase name="addLeadForAdditionalFurnitureLeadTest[Lofy Home Store, Krishna, Modi, +258, Channel sales, Channel Partner Event, Living, Recliner, Looking for budget-friendly options #45, CP, Tushar Bhai, Warm, 51-70 Lakhs, Residential Project, In 3 Months, Mortgage, 01121986, Junagadh, Reliance, 855, 9 Months](1038)" classname="tests.AddFurnitureLeadTest" time="0.0">
    <skipped message="Cannot invoke &quot;com.microsoft.playwright.Page.locator(String)&quot; because &quot;this.page&quot; is null"/>
  </testcase>
  <testcase name="addLeadForAdditionalFurnitureLeadTest[Haworth, Bhavna, Patel, +30, Channel sales, Channel Partner Event, Living, Coffee Table, Prefers wooden furniture #28, CP, Tushar Bhai, Warm, 51-70 Lakhs, Residential Project, In 6 Months, Business Loan, 21101987, Vadodara, Torrent Power, 228, 9 Months](1039)" classname="tests.AddFurnitureLeadTest" time="0.0">
    <skipped message="Cannot invoke &quot;com.microsoft.playwright.Page.locator(String)&quot; because &quot;this.page&quot; is null"/>
  </testcase>
  <testcase name="addLeadForAdditionalFurnitureLeadTest[Lofy Interior Solutions, Rishi, Joshi, +238, Channel sales, Channel Partner Event, Living, TV Unit, Need delivery within a week #407, CP, Tushar Bhai, Warm, 51-70 Lakhs, Residential Project, In 1 Year +, Private Investor, 25101988, Junagadh, Arvind Mills, 161, 9 Months](1040)" classname="tests.AddFurnitureLeadTest" time="0.0">
    <skipped message="Cannot invoke &quot;com.microsoft.playwright.Page.locator(String)&quot; because &quot;this.page&quot; is null"/>
  </testcase>
  <testcase name="addLeadForAdditionalFurnitureLeadTest[Stanley - SLN, Mina, Joshi, +63, Channel sales, Channel Partner Event, Dining, Dining Table, First-time buyer #286, CP, Tushar Bhai, Warm, 51-70 Lakhs, Hospitality, Immediate, Bank Loan, 05111964, Rajkot, Arvind Mills, 486, 18 Months](1041)" classname="tests.AddFurnitureLeadTest" time="0.0">
    <skipped message="Cannot invoke &quot;com.microsoft.playwright.Page.locator(String)&quot; because &quot;this.page&quot; is null"/>
  </testcase>
  <testcase name="addLeadForAdditionalFurnitureLeadTest[Stanley - SBC, Aarav, Thakkar, +252, Channel sales, Channel Partner Event, Dining, Chairs, Prefers wooden furniture #295, CP, Tushar Bhai, Warm, 51-70 Lakhs, Hospitality, In 3 Months, Private Investor, 08041978, Gandhinagar, Arvind Mills, 942, 9 Months](1042)" classname="tests.AddFurnitureLeadTest" time="0.0">
    <skipped message="Cannot invoke &quot;com.microsoft.playwright.Page.locator(String)&quot; because &quot;this.page&quot; is null"/>
  </testcase>
  <testcase name="addLeadForAdditionalFurnitureLeadTest[Godrej, Rina, Trivedi, +252, Channel sales, Channel Partner Event, Dining, Bench, Looking for leather finish #117, CP, Tushar Bhai, Warm, 51-70 Lakhs, Hospitality, In 6 Months, Business Loan, 16032001, Ahmedabad, Torrent Power, 460, 3 Months](1043)" classname="tests.AddFurnitureLeadTest" time="0.0">
    <skipped message="Cannot invoke &quot;com.microsoft.playwright.Page.locator(String)&quot; because &quot;this.page&quot; is null"/>
  </testcase>
  <testcase name="addLeadForAdditionalFurnitureLeadTest[Lofy Home Store, Jigar, Desai, +93, Channel sales, Channel Partner Event, BedRoom, Bed, Interested in seasonal discount #133, CP, Tushar Bhai, Warm, 51-70 Lakhs, Hospitality, In 1 Year +, Bank Loan, 09101995, Rajkot, Reliance, 788, 6 Months](1044)" classname="tests.AddFurnitureLeadTest" time="0.0">
    <skipped message="Cannot invoke &quot;com.microsoft.playwright.Page.locator(String)&quot; because &quot;this.page&quot; is null"/>
  </testcase>
  <testcase name="addLeadForAdditionalFurnitureLeadTest[Haworth, Aarav, Doshi, +7, Channel sales, Channel Partner Event, BedRoom, Side Table, Checking modular kitchen options #199, CP, Tushar Bhai, Warm, 51-70 Lakhs, Retail, Immediate, Self-Finance, 05051989, Bhavnagar, Torrent Power, 360, 24 Months](1045)" classname="tests.AddFurnitureLeadTest" time="0.0">
    <skipped message="Cannot invoke &quot;com.microsoft.playwright.Page.locator(String)&quot; because &quot;this.page&quot; is null"/>
  </testcase>
  <testcase name="addLeadForAdditionalFurnitureLeadTest[Lofy Interior Solutions, Karan, Doshi, +60, Channel sales, Channel Partner Event, BedRoom, Dressing, Prefers eco-friendly material #323, CP, Tushar Bhai, Warm, 51-70 Lakhs, Retail, In 3 Months, Business Loan, 12051999, Junagadh, Tata Consultancy, 560, 12 Months](1046)" classname="tests.AddFurnitureLeadTest" time="0.0">
    <skipped message="Cannot invoke &quot;com.microsoft.playwright.Page.locator(String)&quot; because &quot;this.page&quot; is null"/>
  </testcase>
  <testcase name="addLeadForAdditionalFurnitureLeadTest[Stanley - SLN, Pooja, Shukla, +212, Channel sales, Channel Partner Event, BedRoom, Mattress, Interested in outdoor furniture #222, CP, Tushar Bhai, Warm, 51-70 Lakhs, Retail, In 6 Months, Self-Finance, 04011965, Vadodara, Amul, 56, 3 Months](1047)" classname="tests.AddFurnitureLeadTest" time="0.0">
    <skipped message="Cannot invoke &quot;com.microsoft.playwright.Page.locator(String)&quot; because &quot;this.page&quot; is null"/>
  </testcase>
  <testcase name="addLeadForAdditionalFurnitureLeadTest[Stanley - SBC, Krishna, Shah, +256, Channel sales, Channel Partner Event, Study, Study Table, Looking for office furniture #9, CP, Tushar Bhai, Warm, 51-70 Lakhs, Retail, In 1 Year +, Bank Loan, 19041982, Bhavnagar, Arvind Mills, 489, 6 Months](1048)" classname="tests.AddFurnitureLeadTest" time="0.0">
    <skipped message="Cannot invoke &quot;com.microsoft.playwright.Page.locator(String)&quot; because &quot;this.page&quot; is null"/>
  </testcase>
  <testcase name="addLeadForAdditionalFurnitureLeadTest[Godrej, Anjali, Shukla, +95, Channel sales, Channel Partner Event, Study, Chairs, Interested in outdoor furniture #345, CP, Tushar Bhai, Warm, 51-70 Lakhs, Commercial, Immediate, Self-Finance, 13121999, Vadodara, Adani Group, 958, 18 Months](1049)" classname="tests.AddFurnitureLeadTest" time="0.0">
    <skipped message="Cannot invoke &quot;com.microsoft.playwright.Page.locator(String)&quot; because &quot;this.page&quot; is null"/>
  </testcase>
  <testcase name="addLeadForAdditionalFurnitureLeadTest[Lofy Home Store, Hetal, Raval, +43, Channel sales, Channel Partner Event, Study, Library Unit, Wants luxury and premium finish #274, CP, Tushar Bhai, Warm, 51-70 Lakhs, Commercial, In 3 Months, Mortgage, 18111969, Rajkot, Zydus Cadila, 805, 18 Months](1050)" classname="tests.AddFurnitureLeadTest" time="0.0">
    <skipped message="Cannot invoke &quot;com.microsoft.playwright.Page.locator(String)&quot; because &quot;this.page&quot; is null"/>
  </testcase>
  <testcase name="addLeadForAdditionalFurnitureLeadTest[Haworth, Aarav, Soni, +39, Channel sales, Channel Partner Event, Kitchen, Modular, Interested in modern furniture #329, CP, Tushar Bhai, Warm, 51-70 Lakhs, Commercial, In 6 Months, Business Loan, 28051974, Bhavnagar, Reliance, 193, 3 Months](1051)" classname="tests.AddFurnitureLeadTest" time="0.0">
    <skipped message="Cannot invoke &quot;com.microsoft.playwright.Page.locator(String)&quot; because &quot;this.page&quot; is null"/>
  </testcase>
  <testcase name="addLeadForAdditionalFurnitureLeadTest[Lofy Interior Solutions, Rohit, Desai, +48, Channel sales, Channel Partner Event, Kitchen, Semi-Modular, Interested in sofa sets #317, CP, Tushar Bhai, Warm, 51-70 Lakhs, Commercial, In 1 Year +, Bank Loan, 26041978, Bhavnagar, Amul, 412, 24 Months](1052)" classname="tests.AddFurnitureLeadTest" time="0.0">
    <skipped message="Cannot invoke &quot;com.microsoft.playwright.Page.locator(String)&quot; because &quot;this.page&quot; is null"/>
  </testcase>
  <testcase name="addLeadForAdditionalFurnitureLeadTest[Stanley - SLN, Sonal, Shah, +94, Channel sales, Channel Partner Event, Kitchen, Countertop, Prefers wooden furniture #388, CP, Tushar Bhai, Warm, 51-70 Lakhs, Custom Manufacturing, Immediate, Business Loan, 26121999, Rajkot, Adani Group, 921, 24 Months](1053)" classname="tests.AddFurnitureLeadTest" time="0.0">
    <skipped message="Cannot invoke &quot;com.microsoft.playwright.Page.locator(String)&quot; because &quot;this.page&quot; is null"/>
  </testcase>
  <testcase name="addLeadForAdditionalFurnitureLeadTest[Stanley - SBC, Mehul, Mehta, +57, Channel sales, Channel Partner Event, Kitchen, Appliances, Interested in sofa sets #300, CP, Tushar Bhai, Warm, 51-70 Lakhs, Custom Manufacturing, In 3 Months, Private Investor, 27021989, Gandhinagar, Amul, 245, 9 Months](1054)" classname="tests.AddFurnitureLeadTest" time="0.0">
    <skipped message="Cannot invoke &quot;com.microsoft.playwright.Page.locator(String)&quot; because &quot;this.page&quot; is null"/>
  </testcase>
  <testcase name="addLeadForAdditionalFurnitureLeadTest[Godrej, Dhruv, Parikh, +230, Channel sales, Channel Partner Event, Wardrobes, Sliding, Looking for budget-friendly options #359, CP, Tushar Bhai, Warm, 51-70 Lakhs, Custom Manufacturing, In 6 Months, Private Investor, 12041990, Jamnagar, Torrent Power, 720, 6 Months](1055)" classname="tests.AddFurnitureLeadTest" time="0.0">
    <skipped message="Cannot invoke &quot;com.microsoft.playwright.Page.locator(String)&quot; because &quot;this.page&quot; is null"/>
  </testcase>
  <testcase name="addLeadForAdditionalFurnitureLeadTest[Lofy Home Store, Priya, Trivedi, +260, Channel sales, Channel Partner Event, Wardrobes, Hinged, Checking stock availability #38, CP, Tushar Bhai, Warm, 51-70 Lakhs, Custom Manufacturing, In 1 Year +, Private Investor, 19091966, Jamnagar, Amul, 153, 24 Months](1056)" classname="tests.AddFurnitureLeadTest" time="0.0">
    <skipped message="Cannot invoke &quot;com.microsoft.playwright.Page.locator(String)&quot; because &quot;this.page&quot; is null"/>
  </testcase>
  <testcase name="addLeadForAdditionalFurnitureLeadTest[Haworth, Mina, Shah, +34, Channel sales, Channel Partner Event, Wardrobes, Walk-in, Wants kids&apos; room furniture #476, CP, Tushar Bhai, Warm, 71+ Lakhs, Office Furniture, Immediate, Private Investor, 21081984, Surat, Torrent Power, 925, 12 Months](1057)" classname="tests.AddFurnitureLeadTest" time="0.0">
    <skipped message="Cannot invoke &quot;com.microsoft.playwright.Page.locator(String)&quot; because &quot;this.page&quot; is null"/>
  </testcase>
  <testcase name="addLeadForAdditionalFurnitureLeadTest[Lofy Interior Solutions, Rohit, Vyas, +261, Channel sales, Channel Partner Event, Office, WorkStations, Request for free installation #55, CP, Tushar Bhai, Warm, 71+ Lakhs, Office Furniture, In 3 Months, Mortgage, 07071984, Bhavnagar, Zydus Cadila, 171, 18 Months](1058)" classname="tests.AddFurnitureLeadTest" time="0.0">
    <skipped message="Cannot invoke &quot;com.microsoft.playwright.Page.locator(String)&quot; because &quot;this.page&quot; is null"/>
  </testcase>
  <testcase name="addLeadForAdditionalFurnitureLeadTest[Stanley - SLN, Sonal, Bhatt, +94, Channel sales, Channel Partner Event, Office, Conference Table, Requesting bulk order discount #403, CP, Tushar Bhai, Warm, 71+ Lakhs, Office Furniture, In 6 Months, Business Loan, 30101992, Vadodara, Tata Consultancy, 272, 6 Months](1059)" classname="tests.AddFurnitureLeadTest" time="0.0">
    <skipped message="Cannot invoke &quot;com.microsoft.playwright.Page.locator(String)&quot; because &quot;this.page&quot; is null"/>
  </testcase>
  <testcase name="addLeadForAdditionalFurnitureLeadTest[Stanley - SBC, Karan, Chaudhary, +52, Channel sales, Channel Partner Event, Office, Cabin Setup, Prefers compact designs #155, CP, Tushar Bhai, Warm, 71+ Lakhs, Office Furniture, In 1 Year +, Self-Finance, 23111996, Ahmedabad, Torrent Power, 558, 24 Months](1060)" classname="tests.AddFurnitureLeadTest" time="0.0">
    <skipped message="Cannot invoke &quot;com.microsoft.playwright.Page.locator(String)&quot; because &quot;this.page&quot; is null"/>
  </testcase>
  <testcase name="addLeadForAdditionalFurnitureLeadTest[Godrej, Kavya, Thakkar, +53, Channel sales, Channel Partner Event, Outdoor, Patio, Customer referred by friend #45, CP, Tushar Bhai, Warm, 71+ Lakhs, Residential Project, Immediate, Private Investor, 19041986, Jamnagar, Amul, 734, 24 Months](1061)" classname="tests.AddFurnitureLeadTest" time="0.0">
    <skipped message="Cannot invoke &quot;com.microsoft.playwright.Page.locator(String)&quot; because &quot;this.page&quot; is null"/>
  </testcase>
  <testcase name="addLeadForAdditionalFurnitureLeadTest[Lofy Home Store, Dhruv, Mehta, +241, Channel sales, Channel Partner Event, Outdoor, Swing, Requesting bulk order discount #392, CP, Tushar Bhai, Warm, 71+ Lakhs, Residential Project, In 3 Months, Private Investor, 12042001, Vadodara, Arvind Mills, 251, 12 Months](1062)" classname="tests.AddFurnitureLeadTest" time="0.0">
    <skipped message="Cannot invoke &quot;com.microsoft.playwright.Page.locator(String)&quot; because &quot;this.page&quot; is null"/>
  </testcase>
  <testcase name="addLeadForAdditionalFurnitureLeadTest[Haworth, Dhruv, Choksi, +61, Channel sales, Channel Partner Event, Outdoor, Garden Seating, Interested in seasonal discount #225, CP, Tushar Bhai, Warm, 71+ Lakhs, Residential Project, In 6 Months, Private Investor, 09101980, Gandhinagar, Zydus Cadila, 515, 12 Months](1063)" classname="tests.AddFurnitureLeadTest" time="0.0">
    <skipped message="Cannot invoke &quot;com.microsoft.playwright.Page.locator(String)&quot; because &quot;this.page&quot; is null"/>
  </testcase>
  <testcase name="addLeadForAdditionalFurnitureLeadTest[Lofy Interior Solutions, Kavya, Chaudhary, +54, Channel sales, Channel Partner Event, Turkey Solution, Full Home Package(Design + Execution + Furniture), Interested in outdoor furniture #203, CP, Tushar Bhai, Warm, 71+ Lakhs, Residential Project, In 1 Year +, Mortgage, 08071970, Junagadh, Amul, 416, 9 Months](1064)" classname="tests.AddFurnitureLeadTest" time="0.0">
    <skipped message="Cannot invoke &quot;com.microsoft.playwright.Page.locator(String)&quot; because &quot;this.page&quot; is null"/>
  </testcase>
  <testcase name="addLeadForAdditionalFurnitureLeadTest[Stanley - SLN, Sonal, Kapoor, +254, Channel sales, Channel Partner Event, Project Management Consultancy, Project Advisory, Looking for leather finish #339, CP, Tushar Bhai, Warm, 71+ Lakhs, Hospitality, Immediate, Bank Loan, 06062003, Rajkot, Zydus Cadila, 745, 12 Months](1065)" classname="tests.AddFurnitureLeadTest" time="0.0">
    <skipped message="Cannot invoke &quot;com.microsoft.playwright.Page.locator(String)&quot; because &quot;this.page&quot; is null"/>
  </testcase>
  <testcase name="addLeadForAdditionalFurnitureLeadTest[Stanley - SBC, Mina, Shah, +27, Channel sales, Channel Partner Event, Project Management Consultancy, Costing, Interested in modern furniture #243, CP, Tushar Bhai, Warm, 71+ Lakhs, Hospitality, In 3 Months, Self-Finance, 10051966, Ahmedabad, Zydus Cadila, 83, 6 Months](1066)" classname="tests.AddFurnitureLeadTest" time="0.0">
    <skipped message="Cannot invoke &quot;com.microsoft.playwright.Page.locator(String)&quot; because &quot;this.page&quot; is null"/>
  </testcase>
  <testcase name="addLeadForAdditionalFurnitureLeadTest[Godrej, Nirav, Vyas, +245, Channel sales, Channel Partner Event, Project Management Consultancy, Vendor Management, Need delivery within a week #274, CP, Tushar Bhai, Warm, 71+ Lakhs, Hospitality, In 6 Months, Mortgage, 02071970, Bhavnagar, Tata Consultancy, 136, 6 Months](1067)" classname="tests.AddFurnitureLeadTest" time="0.0">
    <skipped message="Cannot invoke &quot;com.microsoft.playwright.Page.locator(String)&quot; because &quot;this.page&quot; is null"/>
  </testcase>
  <testcase name="addLeadForAdditionalFurnitureLeadTest[Lofy Home Store, Nirav, Raval, +1, Channel sales, Channel Partner Event, Execution, Carpentry, Repeat customer inquiry #70, CP, Tushar Bhai, Warm, 71+ Lakhs, Hospitality, In 1 Year +, Mortgage, 05111965, Bhavnagar, Torrent Power, 249, 24 Months](1068)" classname="tests.AddFurnitureLeadTest" time="0.0">
    <skipped message="Cannot invoke &quot;com.microsoft.playwright.Page.locator(String)&quot; because &quot;this.page&quot; is null"/>
  </testcase>
  <testcase name="addLeadForAdditionalFurnitureLeadTest[Haworth, Rohit, Trivedi, +81, Channel sales, Channel Partner Event, Execution, Civil, Interested in sofa sets #201, CP, Tushar Bhai, Warm, 71+ Lakhs, Retail, Immediate, Bank Loan, 01051999, Gandhinagar, Arvind Mills, 462, 18 Months](1069)" classname="tests.AddFurnitureLeadTest" time="0.0">
    <skipped message="Cannot invoke &quot;com.microsoft.playwright.Page.locator(String)&quot; because &quot;this.page&quot; is null"/>
  </testcase>
  <testcase name="addLeadForAdditionalFurnitureLeadTest[Lofy Interior Solutions, Krishna, Choksi, +43, Channel sales, Channel Partner Event, Execution, Electrical, Asking for fabric color options #409, CP, Tushar Bhai, Warm, 71+ Lakhs, Retail, In 3 Months, Self-Finance, 30101989, Junagadh, Zydus Cadila, 465, 24 Months](1070)" classname="tests.AddFurnitureLeadTest" time="0.0">
    <skipped message="Cannot invoke &quot;com.microsoft.playwright.Page.locator(String)&quot; because &quot;this.page&quot; is null"/>
  </testcase>
  <testcase name="addLeadForAdditionalFurnitureLeadTest[Stanley - SLN, Karan, Thakkar, +92, Channel sales, Channel Partner Event, Execution, Finishing only, Checking stock availability #280, CP, Tushar Bhai, Warm, 71+ Lakhs, Retail, In 6 Months, Bank Loan, 26091979, Rajkot, Torrent Power, 477, 18 Months](1071)" classname="tests.AddFurnitureLeadTest" time="0.0">
    <skipped message="Cannot invoke &quot;com.microsoft.playwright.Page.locator(String)&quot; because &quot;this.page&quot; is null"/>
  </testcase>
  <testcase name="addLeadForAdditionalFurnitureLeadTest[Stanley - SBC, Aarav, Gandhi, +44, Channel sales, Channel Partner Event, Design only, 2D/3D Layouts, Requesting bulk order discount #492, CP, Tushar Bhai, Warm, 71+ Lakhs, Retail, In 1 Year +, Mortgage, 16022003, Rajkot, Tata Consultancy, 518, 9 Months](1072)" classname="tests.AddFurnitureLeadTest" time="0.0">
    <skipped message="Cannot invoke &quot;com.microsoft.playwright.Page.locator(String)&quot; because &quot;this.page&quot; is null"/>
  </testcase>
  <testcase name="addLeadForAdditionalFurnitureLeadTest[Godrej, Bhavna, Modi, +232, Channel sales, Channel Partner Event, Design only, Material Selection, Visited showroom last week #74, CP, Tushar Bhai, Warm, 71+ Lakhs, Commercial, Immediate, Bank Loan, 01041996, Rajkot, Zydus Cadila, 55, 6 Months](1073)" classname="tests.AddFurnitureLeadTest" time="0.0">
    <skipped message="Cannot invoke &quot;com.microsoft.playwright.Page.locator(String)&quot; because &quot;this.page&quot; is null"/>
  </testcase>
  <testcase name="addLeadForAdditionalFurnitureLeadTest[Lofy Home Store, Nirav, Patel, +216, Channel sales, ACP, Living, Sofa, Requesting bulk order discount #347, CP, Tushar Bhai, Warm, 71+ Lakhs, Commercial, In 3 Months, Business Loan, 17011996, Junagadh, Zydus Cadila, 402, 3 Months](1074)" classname="tests.AddFurnitureLeadTest" time="0.0">
    <skipped message="Cannot invoke &quot;com.microsoft.playwright.Page.locator(String)&quot; because &quot;this.page&quot; is null"/>
  </testcase>
  <testcase name="addLeadForAdditionalFurnitureLeadTest[Haworth, Kavya, Bhatt, +44, Channel sales, ACP, Living, Recliner, Requesting catalog #469, CP, Tushar Bhai, Warm, 71+ Lakhs, Commercial, In 6 Months, Bank Loan, 17071995, Rajkot, Reliance, 358, 6 Months](1075)" classname="tests.AddFurnitureLeadTest" time="0.0">
    <skipped message="Cannot invoke &quot;com.microsoft.playwright.Page.locator(String)&quot; because &quot;this.page&quot; is null"/>
  </testcase>
  <testcase name="addLeadForAdditionalFurnitureLeadTest[Lofy Interior Solutions, Rina, Raval, +228, Channel sales, ACP, Living, Coffee Table, Asking for fabric color options #444, CP, Tushar Bhai, Warm, 71+ Lakhs, Commercial, In 1 Year +, Bank Loan, 14071979, Gandhinagar, Zydus Cadila, 271, 12 Months](1076)" classname="tests.AddFurnitureLeadTest" time="0.0">
    <skipped message="Cannot invoke &quot;com.microsoft.playwright.Page.locator(String)&quot; because &quot;this.page&quot; is null"/>
  </testcase>
  <testcase name="addLeadForAdditionalFurnitureLeadTest[Stanley - SLN, Dhruv, Shukla, +256, Channel sales, ACP, Living, TV Unit, Interested in sofa sets #332, CP, Tushar Bhai, Warm, 71+ Lakhs, Custom Manufacturing, Immediate, Self-Finance, 09071993, Jamnagar, Adani Group, 681, 12 Months](1077)" classname="tests.AddFurnitureLeadTest" time="0.0">
    <skipped message="Cannot invoke &quot;com.microsoft.playwright.Page.locator(String)&quot; because &quot;this.page&quot; is null"/>
  </testcase>
  <testcase name="addLeadForAdditionalFurnitureLeadTest[Stanley - SBC, Hetal, Soni, +248, Channel sales, ACP, Dining, Dining Table, Wants kids&apos; room furniture #491, CP, Tushar Bhai, Warm, 71+ Lakhs, Custom Manufacturing, In 3 Months, Private Investor, 03071965, Bhavnagar, Torrent Power, 636, 3 Months](1078)" classname="tests.AddFurnitureLeadTest" time="0.0">
    <skipped message="Cannot invoke &quot;com.microsoft.playwright.Page.locator(String)&quot; because &quot;this.page&quot; is null"/>
  </testcase>
  <testcase name="addLeadForAdditionalFurnitureLeadTest[Godrej, Viren, Raval, +47, Channel sales, ACP, Dining, Chairs, Interested in modern furniture #284, CP, Tushar Bhai, Warm, 71+ Lakhs, Custom Manufacturing, In 6 Months, Self-Finance, 24111966, Vadodara, Adani Group, 37, 18 Months](1079)" classname="tests.AddFurnitureLeadTest" time="0.0">
    <skipped message="Cannot invoke &quot;com.microsoft.playwright.Page.locator(String)&quot; because &quot;this.page&quot; is null"/>
  </testcase>
  <testcase name="addLeadForAdditionalFurnitureLeadTest[Lofy Home Store, Pooja, Gandhi, +62, Channel sales, ACP, Dining, Bench, Checking stock availability #285, CP, Tushar Bhai, Warm, 71+ Lakhs, Custom Manufacturing, In 1 Year +, Business Loan, 01041978, Jamnagar, Tata Consultancy, 461, 9 Months](1080)" classname="tests.AddFurnitureLeadTest" time="0.0">
    <skipped message="Cannot invoke &quot;com.microsoft.playwright.Page.locator(String)&quot; because &quot;this.page&quot; is null"/>
  </testcase>
  <testcase name="addLeadForAdditionalFurnitureLeadTest[Haworth, Priya, Kapoor, +54, Channel sales, ACP, BedRoom, Bed, Urgent requirement #64, CP, Tushar Bhai, Hot, 15-25 Lakhs, Office Furniture, Immediate, Self-Finance, 05121969, Ahmedabad, Adani Group, 319, 9 Months](1081)" classname="tests.AddFurnitureLeadTest" time="0.0">
    <skipped message="Cannot invoke &quot;com.microsoft.playwright.Page.locator(String)&quot; because &quot;this.page&quot; is null"/>
  </testcase>
  <testcase name="addLeadForAdditionalFurnitureLeadTest[Lofy Interior Solutions, Neha, Thakkar, +48, Channel sales, ACP, BedRoom, Side Table, Looking for budget-friendly options #3, CP, Tushar Bhai, Hot, 15-25 Lakhs, Office Furniture, In 3 Months, Private Investor, 08111968, Rajkot, Torrent Power, 613, 3 Months](1082)" classname="tests.AddFurnitureLeadTest" time="0.0">
    <skipped message="Cannot invoke &quot;com.microsoft.playwright.Page.locator(String)&quot; because &quot;this.page&quot; is null"/>
  </testcase>
  <testcase name="addLeadForAdditionalFurnitureLeadTest[Stanley - SLN, Sonal, Joshi, +246, Channel sales, ACP, BedRoom, Dressing, Looking for EMI options #306, CP, Tushar Bhai, Hot, 15-25 Lakhs, Office Furniture, In 6 Months, Self-Finance, 10041996, Ahmedabad, Tata Consultancy, 836, 9 Months](1083)" classname="tests.AddFurnitureLeadTest" time="0.0">
    <skipped message="Cannot invoke &quot;com.microsoft.playwright.Page.locator(String)&quot; because &quot;this.page&quot; is null"/>
  </testcase>
  <testcase name="addLeadForAdditionalFurnitureLeadTest[Stanley - SBC, Kavya, Soni, +216, Channel sales, ACP, BedRoom, Mattress, Interested in outdoor furniture #276, CP, Tushar Bhai, Hot, 15-25 Lakhs, Office Furniture, In 1 Year +, Private Investor, 02051997, Vadodara, Tata Consultancy, 335, 6 Months](1084)" classname="tests.AddFurnitureLeadTest" time="0.0">
    <skipped message="Cannot invoke &quot;com.microsoft.playwright.Page.locator(String)&quot; because &quot;this.page&quot; is null"/>
  </testcase>
  <testcase name="addLeadForAdditionalFurnitureLeadTest[Godrej, Priya, Raval, +232, Channel sales, ACP, Study, Study Table, Payment flexibility needed #485, CP, Tushar Bhai, Hot, 15-25 Lakhs, Residential Project, Immediate, Bank Loan, 11081989, Gandhinagar, Zydus Cadila, 667, 24 Months](1085)" classname="tests.AddFurnitureLeadTest" time="0.0">
    <skipped message="Cannot invoke &quot;com.microsoft.playwright.Page.locator(String)&quot; because &quot;this.page&quot; is null"/>
  </testcase>
  <testcase name="addLeadForAdditionalFurnitureLeadTest[Lofy Home Store, Kavya, Kapoor, +52, Channel sales, ACP, Study, Chairs, Prefers wooden furniture #157, CP, Tushar Bhai, Hot, 15-25 Lakhs, Residential Project, In 3 Months, Bank Loan, 20121976, Ahmedabad, Reliance, 794, 18 Months](1086)" classname="tests.AddFurnitureLeadTest" time="0.0">
    <skipped message="Cannot invoke &quot;com.microsoft.playwright.Page.locator(String)&quot; because &quot;this.page&quot; is null"/>
  </testcase>
  <testcase name="addLeadForAdditionalFurnitureLeadTest[Haworth, Kavya, Shah, +47, Channel sales, ACP, Study, Library Unit, Asking for custom designs #384, CP, Tushar Bhai, Hot, 15-25 Lakhs, Residential Project, In 6 Months, Mortgage, 12071970, Jamnagar, Tata Consultancy, 239, 24 Months](1087)" classname="tests.AddFurnitureLeadTest" time="0.0">
    <skipped message="Cannot invoke &quot;com.microsoft.playwright.Page.locator(String)&quot; because &quot;this.page&quot; is null"/>
  </testcase>
  <testcase name="addLeadForAdditionalFurnitureLeadTest[Lofy Interior Solutions, Rohit, Kapoor, +226, Channel sales, ACP, Kitchen, Modular, Interested in sofa sets #463, CP, Tushar Bhai, Hot, 15-25 Lakhs, Residential Project, In 1 Year +, Private Investor, 19011967, Jamnagar, Reliance, 128, 18 Months](1088)" classname="tests.AddFurnitureLeadTest" time="0.0">
    <skipped message="Cannot invoke &quot;com.microsoft.playwright.Page.locator(String)&quot; because &quot;this.page&quot; is null"/>
  </testcase>
  <testcase name="addLeadForAdditionalFurnitureLeadTest[Stanley - SLN, Bhavna, Joshi, +98, Channel sales, ACP, Kitchen, Semi-Modular, Interested in sofa sets #177, CP, Tushar Bhai, Hot, 15-25 Lakhs, Hospitality, Immediate, Private Investor, 09082002, Jamnagar, Arvind Mills, 829, 3 Months](1089)" classname="tests.AddFurnitureLeadTest" time="0.0">
    <skipped message="Cannot invoke &quot;com.microsoft.playwright.Page.locator(String)&quot; because &quot;this.page&quot; is null"/>
  </testcase>
  <testcase name="addLeadForAdditionalFurnitureLeadTest[Stanley - SBC, Pooja, Trivedi, +47, Channel sales, ACP, Kitchen, Countertop, Asking for custom designs #212, CP, Tushar Bhai, Hot, 15-25 Lakhs, Hospitality, In 3 Months, Business Loan, 15022001, Surat, Tata Consultancy, 504, 9 Months](1090)" classname="tests.AddFurnitureLeadTest" time="0.0">
    <skipped message="Cannot invoke &quot;com.microsoft.playwright.Page.locator(String)&quot; because &quot;this.page&quot; is null"/>
  </testcase>
  <testcase name="addLeadForAdditionalFurnitureLeadTest[Godrej, Rishi, Patel, +216, Channel sales, ACP, Kitchen, Appliances, Requesting catalog #331, CP, Tushar Bhai, Hot, 15-25 Lakhs, Hospitality, In 6 Months, Self-Finance, 25081993, Rajkot, Arvind Mills, 956, 9 Months](1091)" classname="tests.AddFurnitureLeadTest" time="0.0">
    <skipped message="Cannot invoke &quot;com.microsoft.playwright.Page.locator(String)&quot; because &quot;this.page&quot; is null"/>
  </testcase>
  <testcase name="addLeadForAdditionalFurnitureLeadTest[Lofy Home Store, Neha, Trivedi, +233, Channel sales, ACP, Wardrobes, Sliding, Checking stock availability #263, CP, Tushar Bhai, Hot, 15-25 Lakhs, Hospitality, In 1 Year +, Mortgage, 15081983, Ahmedabad, Tata Consultancy, 574, 24 Months](1092)" classname="tests.AddFurnitureLeadTest" time="0.0">
    <skipped message="Cannot invoke &quot;com.microsoft.playwright.Page.locator(String)&quot; because &quot;this.page&quot; is null"/>
  </testcase>
  <testcase name="addLeadForAdditionalFurnitureLeadTest[Haworth, Kavya, Mehta, +232, Channel sales, ACP, Wardrobes, Hinged, Urgent requirement #83, CP, Tushar Bhai, Hot, 15-25 Lakhs, Retail, Immediate, Private Investor, 25011977, Gandhinagar, Torrent Power, 499, 3 Months](1093)" classname="tests.AddFurnitureLeadTest" time="0.0">
    <skipped message="Cannot invoke &quot;com.microsoft.playwright.Page.locator(String)&quot; because &quot;this.page&quot; is null"/>
  </testcase>
  <testcase name="addLeadForAdditionalFurnitureLeadTest[Lofy Interior Solutions, Pooja, Trivedi, +225, Channel sales, ACP, Wardrobes, Walk-in, Need delivery within a week #114, CP, Tushar Bhai, Hot, 15-25 Lakhs, Retail, In 3 Months, Business Loan, 03101991, Junagadh, Adani Group, 808, 6 Months](1094)" classname="tests.AddFurnitureLeadTest" time="0.0">
    <skipped message="Cannot invoke &quot;com.microsoft.playwright.Page.locator(String)&quot; because &quot;this.page&quot; is null"/>
  </testcase>
  <testcase name="addLeadForAdditionalFurnitureLeadTest[Stanley - SLN, Rohit, Choksi, +39, Channel sales, ACP, Office, WorkStations, Customer referred by friend #428, CP, Tushar Bhai, Hot, 15-25 Lakhs, Retail, In 6 Months, Bank Loan, 10101987, Jamnagar, Adani Group, 939, 3 Months](1095)" classname="tests.AddFurnitureLeadTest" time="0.0">
    <skipped message="Cannot invoke &quot;com.microsoft.playwright.Page.locator(String)&quot; because &quot;this.page&quot; is null"/>
  </testcase>
  <testcase name="addLeadForAdditionalFurnitureLeadTest[Stanley - SBC, Rishi, Patel, +60, Channel sales, ACP, Office, Conference Table, First-time buyer #100, CP, Tushar Bhai, Hot, 15-25 Lakhs, Retail, In 1 Year +, Self-Finance, 29031989, Vadodara, Amul, 336, 9 Months](1096)" classname="tests.AddFurnitureLeadTest" time="0.0">
    <skipped message="Cannot invoke &quot;com.microsoft.playwright.Page.locator(String)&quot; because &quot;this.page&quot; is null"/>
  </testcase>
  <testcase name="addLeadForAdditionalFurnitureLeadTest[Godrej, Rishi, Bhatt, +81, Channel sales, ACP, Office, Cabin Setup, Wants luxury and premium finish #93, CP, Tushar Bhai, Hot, 15-25 Lakhs, Commercial, Immediate, Bank Loan, 19031996, Gandhinagar, Reliance, 271, 6 Months](1097)" classname="tests.AddFurnitureLeadTest" time="0.0">
    <skipped message="Cannot invoke &quot;com.microsoft.playwright.Page.locator(String)&quot; because &quot;this.page&quot; is null"/>
  </testcase>
  <testcase name="addLeadForAdditionalFurnitureLeadTest[Lofy Home Store, Rishi, Chaudhary, +82, Channel sales, ACP, Outdoor, Patio, Prefers compact designs #410, CP, Tushar Bhai, Hot, 15-25 Lakhs, Commercial, In 3 Months, Private Investor, 15022003, Gandhinagar, Adani Group, 32, 6 Months](1098)" classname="tests.AddFurnitureLeadTest" time="0.0">
    <skipped message="Cannot invoke &quot;com.microsoft.playwright.Page.locator(String)&quot; because &quot;this.page&quot; is null"/>
  </testcase>
  <testcase name="addLeadForAdditionalFurnitureLeadTest[Haworth, Aarav, Trivedi, +228, Channel sales, ACP, Outdoor, Swing, Looking for EMI options #437, CP, Tushar Bhai, Hot, 15-25 Lakhs, Commercial, In 6 Months, Bank Loan, 15041975, Junagadh, Torrent Power, 286, 6 Months](1099)" classname="tests.AddFurnitureLeadTest" time="0.0">
    <skipped message="Cannot invoke &quot;com.microsoft.playwright.Page.locator(String)&quot; because &quot;this.page&quot; is null"/>
  </testcase>
  <testcase name="addLeadForAdditionalFurnitureLeadTest[Lofy Interior Solutions, Dhruv, Modi, +235, Channel sales, ACP, Outdoor, Garden Seating, Looking for budget-friendly options #436, CP, Tushar Bhai, Hot, 15-25 Lakhs, Commercial, In 1 Year +, Private Investor, 09121972, Gandhinagar, Torrent Power, 387, 12 Months](1100)" classname="tests.AddFurnitureLeadTest" time="0.0">
    <skipped message="Cannot invoke &quot;com.microsoft.playwright.Page.locator(String)&quot; because &quot;this.page&quot; is null"/>
  </testcase>
  <testcase name="addLeadForAdditionalFurnitureLeadTest[Stanley - SLN, Bhavna, Mehta, +44, Channel sales, ACP, Turkey Solution, Full Home Package(Design + Execution + Furniture), Wants matching dining set #478, CP, Tushar Bhai, Hot, 15-25 Lakhs, Custom Manufacturing, Immediate, Private Investor, 30032002, Surat, Arvind Mills, 780, 24 Months](1101)" classname="tests.AddFurnitureLeadTest" time="0.0">
    <skipped message="Cannot invoke &quot;com.microsoft.playwright.Page.locator(String)&quot; because &quot;this.page&quot; is null"/>
  </testcase>
  <testcase name="addLeadForAdditionalFurnitureLeadTest[Stanley - SBC, Jigar, Bhatt, +239, Channel sales, ACP, Project Management Consultancy, Project Advisory, Payment flexibility needed #237, CP, Tushar Bhai, Hot, 15-25 Lakhs, Custom Manufacturing, In 3 Months, Mortgage, 01111988, Rajkot, Amul, 629, 18 Months](1102)" classname="tests.AddFurnitureLeadTest" time="0.0">
    <skipped message="Cannot invoke &quot;com.microsoft.playwright.Page.locator(String)&quot; because &quot;this.page&quot; is null"/>
  </testcase>
  <testcase name="addLeadForAdditionalFurnitureLeadTest[Godrej, Mina, Bhatt, +31, Channel sales, ACP, Project Management Consultancy, Costing, Visited showroom last week #282, CP, Tushar Bhai, Hot, 15-25 Lakhs, Custom Manufacturing, In 6 Months, Mortgage, 17121979, Surat, Tata Consultancy, 243, 24 Months](1103)" classname="tests.AddFurnitureLeadTest" time="0.0">
    <skipped message="Cannot invoke &quot;com.microsoft.playwright.Page.locator(String)&quot; because &quot;this.page&quot; is null"/>
  </testcase>
  <testcase name="addLeadForAdditionalFurnitureLeadTest[Lofy Home Store, Krishna, Modi, +58, Channel sales, ACP, Project Management Consultancy, Vendor Management, Prefers wooden furniture #149, CP, Tushar Bhai, Hot, 15-25 Lakhs, Custom Manufacturing, In 1 Year +, Private Investor, 03061977, Vadodara, Reliance, 640, 9 Months](1104)" classname="tests.AddFurnitureLeadTest" time="0.0">
    <skipped message="Cannot invoke &quot;com.microsoft.playwright.Page.locator(String)&quot; because &quot;this.page&quot; is null"/>
  </testcase>
  <testcase name="addLeadForAdditionalFurnitureLeadTest[Haworth, Karan, Bhatt, +253, Channel sales, ACP, Execution, Carpentry, Prefers compact designs #35, CP, Tushar Bhai, Hot, 26-35 Lakhs, Office Furniture, Immediate, Bank Loan, 10071972, Gandhinagar, Zydus Cadila, 976, 12 Months](1105)" classname="tests.AddFurnitureLeadTest" time="0.0">
    <skipped message="Cannot invoke &quot;com.microsoft.playwright.Page.locator(String)&quot; because &quot;this.page&quot; is null"/>
  </testcase>
  <testcase name="addLeadForAdditionalFurnitureLeadTest[Lofy Interior Solutions, Krishna, Kapoor, +30, Channel sales, ACP, Execution, Civil, First-time buyer #51, CP, Tushar Bhai, Hot, 26-35 Lakhs, Office Furniture, In 3 Months, Private Investor, 30121980, Junagadh, Zydus Cadila, 735, 24 Months](1106)" classname="tests.AddFurnitureLeadTest" time="0.0">
    <skipped message="Cannot invoke &quot;com.microsoft.playwright.Page.locator(String)&quot; because &quot;this.page&quot; is null"/>
  </testcase>
  <testcase name="addLeadForAdditionalFurnitureLeadTest[Stanley - SLN, Mina, Doshi, +95, Channel sales, ACP, Execution, Electrical, Asking for custom designs #372, CP, Tushar Bhai, Hot, 26-35 Lakhs, Office Furniture, In 6 Months, Business Loan, 27031999, Jamnagar, Zydus Cadila, 713, 24 Months](1107)" classname="tests.AddFurnitureLeadTest" time="0.0">
    <skipped message="Cannot invoke &quot;com.microsoft.playwright.Page.locator(String)&quot; because &quot;this.page&quot; is null"/>
  </testcase>
  <testcase name="addLeadForAdditionalFurnitureLeadTest[Stanley - SBC, Krishna, Desai, +45, Channel sales, ACP, Execution, Finishing only, Looking for EMI options #250, CP, Tushar Bhai, Hot, 26-35 Lakhs, Office Furniture, In 1 Year +, Private Investor, 14081976, Ahmedabad, Arvind Mills, 317, 9 Months](1108)" classname="tests.AddFurnitureLeadTest" time="0.0">
    <skipped message="Cannot invoke &quot;com.microsoft.playwright.Page.locator(String)&quot; because &quot;this.page&quot; is null"/>
  </testcase>
  <testcase name="addLeadForAdditionalFurnitureLeadTest[Godrej, Dhruv, Gandhi, +245, Channel sales, ACP, Design only, 2D/3D Layouts, Looking for office furniture #183, CP, Tushar Bhai, Hot, 26-35 Lakhs, Residential Project, Immediate, Bank Loan, 28111980, Surat, Tata Consultancy, 296, 6 Months](1109)" classname="tests.AddFurnitureLeadTest" time="0.0">
    <skipped message="Cannot invoke &quot;com.microsoft.playwright.Page.locator(String)&quot; because &quot;this.page&quot; is null"/>
  </testcase>
  <testcase name="addLeadForAdditionalFurnitureLeadTest[Lofy Home Store, Neha, Shukla, +261, Channel sales, ACP, Design only, Material Selection, Urgent requirement #344, CP, Tushar Bhai, Hot, 26-35 Lakhs, Residential Project, In 3 Months, Bank Loan, 24091976, Rajkot, Torrent Power, 654, 9 Months](1110)" classname="tests.AddFurnitureLeadTest" time="0.0">
    <skipped message="Cannot invoke &quot;com.microsoft.playwright.Page.locator(String)&quot; because &quot;this.page&quot; is null"/>
  </testcase>
  <testcase name="addLeadForBasicFurnitureLead[Haworth, Priya, Desai, +81, Event, GIHED, Living, Sofa, Interested in sofa sets #337](1)" classname="tests.AddFurnitureLeadTest" time="0.0">
    <skipped message="Cannot invoke &quot;com.microsoft.playwright.Page.locator(String)&quot; because &quot;this.page&quot; is null"/>
  </testcase>
  <testcase name="addLeadForBasicFurnitureLead[Lofy Interior Solutions, Krishna, Patel, +47, Event, GIHED, Living, Recliner, Interested in sofa sets #90](2)" classname="tests.AddFurnitureLeadTest" time="0.0">
    <skipped message="Cannot invoke &quot;com.microsoft.playwright.Page.locator(String)&quot; because &quot;this.page&quot; is null"/>
  </testcase>
  <testcase name="addLeadForBasicFurnitureLead[Stanley - SLN, Kavya, Desai, +239, Event, GIHED, Living, Coffee Table, Wants luxury and premium finish #7](3)" classname="tests.AddFurnitureLeadTest" time="0.0">
    <skipped message="Cannot invoke &quot;com.microsoft.playwright.Page.locator(String)&quot; because &quot;this.page&quot; is null"/>
  </testcase>
  <testcase name="addLeadForBasicFurnitureLead[Stanley - SBC, Hetal, Dave, +223, Event, GIHED, Living, TV Unit, Looking for space-saving solutions #71](4)" classname="tests.AddFurnitureLeadTest" time="0.0">
    <skipped message="Cannot invoke &quot;com.microsoft.playwright.Page.locator(String)&quot; because &quot;this.page&quot; is null"/>
  </testcase>
  <testcase name="addLeadForBasicFurnitureLead[Godrej, Aarav, Parikh, +40, Event, GIHED, Dining, Dining Table, Looking for space-saving solutions #6](5)" classname="tests.AddFurnitureLeadTest" time="0.0">
    <skipped message="Cannot invoke &quot;com.microsoft.playwright.Page.locator(String)&quot; because &quot;this.page&quot; is null"/>
  </testcase>
  <testcase name="addLeadForBasicFurnitureLead[Lofy Home Store, Anjali, Raval, +234, Event, GIHED, Dining, Chairs, Need delivery within a week #255](6)" classname="tests.AddFurnitureLeadTest" time="0.0">
    <skipped message="Cannot invoke &quot;com.microsoft.playwright.Page.locator(String)&quot; because &quot;this.page&quot; is null"/>
  </testcase>
  <testcase name="addLeadForBasicFurnitureLead[Haworth, Jigar, Trivedi, +56, Event, GIHED, Dining, Bench, Wants kids&apos; room furniture #268](7)" classname="tests.AddFurnitureLeadTest" time="0.0">
    <skipped message="Cannot invoke &quot;com.microsoft.playwright.Page.locator(String)&quot; because &quot;this.page&quot; is null"/>
  </testcase>
  <testcase name="addLeadForBasicFurnitureLead[Lofy Interior Solutions, Mina, Kapoor, +226, Event, GIHED, BedRoom, Bed, Request for free installation #401](8)" classname="tests.AddFurnitureLeadTest" time="0.0">
    <skipped message="Cannot invoke &quot;com.microsoft.playwright.Page.locator(String)&quot; because &quot;this.page&quot; is null"/>
  </testcase>
  <testcase name="addLeadForBasicFurnitureLead[Stanley - SLN, Pooja, Dave, +1, Event, GIHED, BedRoom, Side Table, Looking for leather finish #370](9)" classname="tests.AddFurnitureLeadTest" time="0.0">
    <skipped message="Cannot invoke &quot;com.microsoft.playwright.Page.locator(String)&quot; because &quot;this.page&quot; is null"/>
  </testcase>
  <testcase name="addLeadForBasicFurnitureLead[Stanley - SBC, Krishna, Desai, +223, Event, GIHED, BedRoom, Dressing, First-time buyer #86](10)" classname="tests.AddFurnitureLeadTest" time="0.0">
    <skipped message="Cannot invoke &quot;com.microsoft.playwright.Page.locator(String)&quot; because &quot;this.page&quot; is null"/>
  </testcase>
  <testcase name="addLeadForBasicFurnitureLead[Godrej, Sonal, Vyas, +49, Event, GIHED, BedRoom, Mattress, Wants kids&apos; room furniture #65](11)" classname="tests.AddFurnitureLeadTest" time="0.0">
    <skipped message="Cannot invoke &quot;com.microsoft.playwright.Page.locator(String)&quot; because &quot;this.page&quot; is null"/>
  </testcase>
  <testcase name="addLeadForBasicFurnitureLead[Lofy Home Store, Krishna, Dave, +94, Event, GIHED, Study, Study Table, Interested in sofa sets #400](12)" classname="tests.AddFurnitureLeadTest" time="0.0">
    <skipped message="Cannot invoke &quot;com.microsoft.playwright.Page.locator(String)&quot; because &quot;this.page&quot; is null"/>
  </testcase>
  <testcase name="addLeadForBasicFurnitureLead[Haworth, Rohit, Joshi, +213, Event, GIHED, Study, Chairs, Checking stock availability #138](13)" classname="tests.AddFurnitureLeadTest" time="0.0">
    <skipped message="Cannot invoke &quot;com.microsoft.playwright.Page.locator(String)&quot; because &quot;this.page&quot; is null"/>
  </testcase>
  <testcase name="addLeadForBasicFurnitureLead[Lofy Interior Solutions, Jigar, Choksi, +95, Event, GIHED, Study, Library Unit, Interested in sofa sets #454](14)" classname="tests.AddFurnitureLeadTest" time="0.0">
    <skipped message="Cannot invoke &quot;com.microsoft.playwright.Page.locator(String)&quot; because &quot;this.page&quot; is null"/>
  </testcase>
  <testcase name="addLeadForBasicFurnitureLead[Stanley - SLN, Neha, Vyas, +31, Event, GIHED, Kitchen, Modular, Wants luxury and premium finish #395](15)" classname="tests.AddFurnitureLeadTest" time="0.0">
    <skipped message="Cannot invoke &quot;com.microsoft.playwright.Page.locator(String)&quot; because &quot;this.page&quot; is null"/>
  </testcase>
  <testcase name="addLeadForBasicFurnitureLead[Stanley - SBC, Anjali, Desai, +45, Event, GIHED, Kitchen, Semi-Modular, Requesting catalog #16](16)" classname="tests.AddFurnitureLeadTest" time="0.0">
    <skipped message="Cannot invoke &quot;com.microsoft.playwright.Page.locator(String)&quot; because &quot;this.page&quot; is null"/>
  </testcase>
  <testcase name="addLeadForBasicFurnitureLead[Godrej, Bhavna, Mehta, +240, Event, GIHED, Kitchen, Countertop, Looking for office furniture #414](17)" classname="tests.AddFurnitureLeadTest" time="0.0">
    <skipped message="Cannot invoke &quot;com.microsoft.playwright.Page.locator(String)&quot; because &quot;this.page&quot; is null"/>
  </testcase>
  <testcase name="addLeadForBasicFurnitureLead[Lofy Home Store, Aarav, Shukla, +250, Event, GIHED, Kitchen, Appliances, Checking modular kitchen options #140](18)" classname="tests.AddFurnitureLeadTest" time="0.0">
    <skipped message="Cannot invoke &quot;com.microsoft.playwright.Page.locator(String)&quot; because &quot;this.page&quot; is null"/>
  </testcase>
  <testcase name="addLeadForBasicFurnitureLead[Haworth, Anjali, Modi, +55, Event, GIHED, Wardrobes, Sliding, Request for free installation #33](19)" classname="tests.AddFurnitureLeadTest" time="0.0">
    <skipped message="Cannot invoke &quot;com.microsoft.playwright.Page.locator(String)&quot; because &quot;this.page&quot; is null"/>
  </testcase>
  <testcase name="addLeadForBasicFurnitureLead[Lofy Interior Solutions, Priya, Patel, +254, Event, GIHED, Wardrobes, Hinged, First-time buyer #365](20)" classname="tests.AddFurnitureLeadTest" time="0.0">
    <skipped message="Cannot invoke &quot;com.microsoft.playwright.Page.locator(String)&quot; because &quot;this.page&quot; is null"/>
  </testcase>
  <testcase name="addLeadForBasicFurnitureLead[Stanley - SLN, Viren, Chaudhary, +84, Event, GIHED, Wardrobes, Walk-in, Looking for EMI options #322](21)" classname="tests.AddFurnitureLeadTest" time="0.0">
    <skipped message="Cannot invoke &quot;com.microsoft.playwright.Page.locator(String)&quot; because &quot;this.page&quot; is null"/>
  </testcase>
  <testcase name="addLeadForBasicFurnitureLead[Stanley - SBC, Jigar, Choksi, +61, Event, GIHED, Office, WorkStations, Prefers wooden furniture #255](22)" classname="tests.AddFurnitureLeadTest" time="0.0">
    <skipped message="Cannot invoke &quot;com.microsoft.playwright.Page.locator(String)&quot; because &quot;this.page&quot; is null"/>
  </testcase>
  <testcase name="addLeadForBasicFurnitureLead[Godrej, Anjali, Gandhi, +81, Event, GIHED, Office, Conference Table, Prefers eco-friendly material #262](23)" classname="tests.AddFurnitureLeadTest" time="0.0">
    <skipped message="Cannot invoke &quot;com.microsoft.playwright.Page.locator(String)&quot; because &quot;this.page&quot; is null"/>
  </testcase>
  <testcase name="addLeadForBasicFurnitureLead[Lofy Home Store, Hetal, Desai, +211, Event, GIHED, Office, Cabin Setup, Wants kids&apos; room furniture #29](24)" classname="tests.AddFurnitureLeadTest" time="0.0">
    <skipped message="Cannot invoke &quot;com.microsoft.playwright.Page.locator(String)&quot; because &quot;this.page&quot; is null"/>
  </testcase>
  <testcase name="addLeadForBasicFurnitureLead[Haworth, Dhruv, Doshi, +98, Event, GIHED, Outdoor, Patio, Enquiring about warranty period #440](25)" classname="tests.AddFurnitureLeadTest" time="0.0">
    <skipped message="Cannot invoke &quot;com.microsoft.playwright.Page.locator(String)&quot; because &quot;this.page&quot; is null"/>
  </testcase>
  <testcase name="addLeadForBasicFurnitureLead[Lofy Interior Solutions, Pooja, Dave, +66, Event, GIHED, Outdoor, Swing, Looking for EMI options #86](26)" classname="tests.AddFurnitureLeadTest" time="0.0">
    <skipped message="Cannot invoke &quot;com.microsoft.playwright.Page.locator(String)&quot; because &quot;this.page&quot; is null"/>
  </testcase>
  <testcase name="addLeadForBasicFurnitureLead[Stanley - SLN, Rina, Gandhi, +251, Event, GIHED, Outdoor, Garden Seating, Wants kids&apos; room furniture #81](27)" classname="tests.AddFurnitureLeadTest" time="0.0">
    <skipped message="Cannot invoke &quot;com.microsoft.playwright.Page.locator(String)&quot; because &quot;this.page&quot; is null"/>
  </testcase>
  <testcase name="addLeadForBasicFurnitureLead[Stanley - SBC, Hetal, Bhatt, +63, Event, GIHED, Turkey Solution, Full Home Package(Design + Execution + Furniture), First-time buyer #396](28)" classname="tests.AddFurnitureLeadTest" time="0.0">
    <skipped message="Cannot invoke &quot;com.microsoft.playwright.Page.locator(String)&quot; because &quot;this.page&quot; is null"/>
  </testcase>
  <testcase name="addLeadForBasicFurnitureLead[Godrej, Pooja, Raval, +213, Event, GIHED, Project Management Consultancy, Project Advisory, Wants luxury and premium finish #458](29)" classname="tests.AddFurnitureLeadTest" time="0.0">
    <skipped message="Cannot invoke &quot;com.microsoft.playwright.Page.locator(String)&quot; because &quot;this.page&quot; is null"/>
  </testcase>
  <testcase name="addLeadForBasicFurnitureLead[Lofy Home Store, Bhavna, Chaudhary, +251, Event, GIHED, Project Management Consultancy, Costing, Looking for EMI options #346](30)" classname="tests.AddFurnitureLeadTest" time="0.0">
    <skipped message="Cannot invoke &quot;com.microsoft.playwright.Page.locator(String)&quot; because &quot;this.page&quot; is null"/>
  </testcase>
  <testcase name="addLeadForBasicFurnitureLead[Haworth, Rina, Doshi, +92, Event, GIHED, Project Management Consultancy, Vendor Management, Interested in sofa sets #60](31)" classname="tests.AddFurnitureLeadTest" time="0.0">
    <skipped message="Cannot invoke &quot;com.microsoft.playwright.Page.locator(String)&quot; because &quot;this.page&quot; is null"/>
  </testcase>
  <testcase name="addLeadForBasicFurnitureLead[Lofy Interior Solutions, Priya, Soni, +30, Event, GIHED, Execution, Carpentry, Repeat customer inquiry #380](32)" classname="tests.AddFurnitureLeadTest" time="0.0">
    <skipped message="Cannot invoke &quot;com.microsoft.playwright.Page.locator(String)&quot; because &quot;this.page&quot; is null"/>
  </testcase>
  <testcase name="addLeadForBasicFurnitureLead[Stanley - SLN, Jigar, Dave, +66, Event, GIHED, Execution, Civil, Request for free installation #2](33)" classname="tests.AddFurnitureLeadTest" time="0.0">
    <skipped message="Cannot invoke &quot;com.microsoft.playwright.Page.locator(String)&quot; because &quot;this.page&quot; is null"/>
  </testcase>
  <testcase name="addLeadForBasicFurnitureLead[Stanley - SBC, Priya, Choksi, +242, Event, GIHED, Execution, Electrical, Looking for budget-friendly options #440](34)" classname="tests.AddFurnitureLeadTest" time="0.0">
    <skipped message="Cannot invoke &quot;com.microsoft.playwright.Page.locator(String)&quot; because &quot;this.page&quot; is null"/>
  </testcase>
  <testcase name="addLeadForBasicFurnitureLead[Godrej, Viren, Modi, +253, Event, GIHED, Execution, Finishing only, Checking stock availability #7](35)" classname="tests.AddFurnitureLeadTest" time="0.0">
    <skipped message="Cannot invoke &quot;com.microsoft.playwright.Page.locator(String)&quot; because &quot;this.page&quot; is null"/>
  </testcase>
  <testcase name="addLeadForBasicFurnitureLead[Lofy Home Store, Rina, Doshi, +252, Event, GIHED, Design only, 2D/3D Layouts, Repeat customer inquiry #24](36)" classname="tests.AddFurnitureLeadTest" time="0.0">
    <skipped message="Cannot invoke &quot;com.microsoft.playwright.Page.locator(String)&quot; because &quot;this.page&quot; is null"/>
  </testcase>
  <testcase name="addLeadForBasicFurnitureLead[Haworth, Rina, Soni, +65, Event, GIHED, Design only, Material Selection, Enquiring about warranty period #187](37)" classname="tests.AddFurnitureLeadTest" time="0.0">
    <skipped message="Cannot invoke &quot;com.microsoft.playwright.Page.locator(String)&quot; because &quot;this.page&quot; is null"/>
  </testcase>
  <testcase name="addLeadForBasicFurnitureLead[Lofy Interior Solutions, Jigar, Joshi, +241, Event, Property Event, Living, Sofa, Interested in outdoor furniture #472](38)" classname="tests.AddFurnitureLeadTest" time="0.0">
    <skipped message="Cannot invoke &quot;com.microsoft.playwright.Page.locator(String)&quot; because &quot;this.page&quot; is null"/>
  </testcase>
  <testcase name="addLeadForBasicFurnitureLead[Stanley - SLN, Sonal, Bhatt, +244, Event, Property Event, Living, Recliner, Urgent requirement #92](39)" classname="tests.AddFurnitureLeadTest" time="0.0">
    <skipped message="Cannot invoke &quot;com.microsoft.playwright.Page.locator(String)&quot; because &quot;this.page&quot; is null"/>
  </testcase>
  <testcase name="addLeadForBasicFurnitureLead[Stanley - SBC, Nirav, Soni, +244, Event, Property Event, Living, Coffee Table, Interested in seasonal discount #492](40)" classname="tests.AddFurnitureLeadTest" time="0.0">
    <skipped message="Cannot invoke &quot;com.microsoft.playwright.Page.locator(String)&quot; because &quot;this.page&quot; is null"/>
  </testcase>
  <testcase name="addLeadForBasicFurnitureLead[Godrej, Kavya, Patel, +60, Event, Property Event, Living, TV Unit, Checking stock availability #19](41)" classname="tests.AddFurnitureLeadTest" time="0.0">
    <skipped message="Cannot invoke &quot;com.microsoft.playwright.Page.locator(String)&quot; because &quot;this.page&quot; is null"/>
  </testcase>
  <testcase name="addLeadForBasicFurnitureLead[Lofy Home Store, Sonal, Raval, +233, Event, Property Event, Dining, Dining Table, Payment flexibility needed #412](42)" classname="tests.AddFurnitureLeadTest" time="0.0">
    <skipped message="Cannot invoke &quot;com.microsoft.playwright.Page.locator(String)&quot; because &quot;this.page&quot; is null"/>
  </testcase>
  <testcase name="addLeadForBasicFurnitureLead[Haworth, Pooja, Bhatt, +32, Event, Property Event, Dining, Chairs, Interested in seasonal discount #366](43)" classname="tests.AddFurnitureLeadTest" time="0.0">
    <skipped message="Cannot invoke &quot;com.microsoft.playwright.Page.locator(String)&quot; because &quot;this.page&quot; is null"/>
  </testcase>
  <testcase name="addLeadForBasicFurnitureLead[Lofy Interior Solutions, Mina, Vyas, +250, Event, Property Event, Dining, Bench, Interested in sofa sets #336](44)" classname="tests.AddFurnitureLeadTest" time="0.0">
    <skipped message="Cannot invoke &quot;com.microsoft.playwright.Page.locator(String)&quot; because &quot;this.page&quot; is null"/>
  </testcase>
  <testcase name="addLeadForBasicFurnitureLead[Stanley - SLN, Anjali, Gandhi, +257, Event, Property Event, BedRoom, Bed, Checking modular kitchen options #115](45)" classname="tests.AddFurnitureLeadTest" time="0.0">
    <skipped message="Cannot invoke &quot;com.microsoft.playwright.Page.locator(String)&quot; because &quot;this.page&quot; is null"/>
  </testcase>
  <testcase name="addLeadForBasicFurnitureLead[Stanley - SBC, Jigar, Mehta, +34, Event, Property Event, BedRoom, Side Table, Looking for office furniture #128](46)" classname="tests.AddFurnitureLeadTest" time="0.0">
    <skipped message="Cannot invoke &quot;com.microsoft.playwright.Page.locator(String)&quot; because &quot;this.page&quot; is null"/>
  </testcase>
  <testcase name="addLeadForBasicFurnitureLead[Godrej, Hetal, Shukla, +246, Event, Property Event, BedRoom, Dressing, Checking modular kitchen options #469](47)" classname="tests.AddFurnitureLeadTest" time="0.0">
    <skipped message="Cannot invoke &quot;com.microsoft.playwright.Page.locator(String)&quot; because &quot;this.page&quot; is null"/>
  </testcase>
  <testcase name="addLeadForBasicFurnitureLead[Lofy Home Store, Mina, Doshi, +64, Event, Property Event, BedRoom, Mattress, Interested in sofa sets #164](48)" classname="tests.AddFurnitureLeadTest" time="0.0">
    <skipped message="Cannot invoke &quot;com.microsoft.playwright.Page.locator(String)&quot; because &quot;this.page&quot; is null"/>
  </testcase>
  <testcase name="addLeadForBasicFurnitureLead[Haworth, Viren, Parikh, +44, Event, Property Event, Study, Study Table, First-time buyer #423](49)" classname="tests.AddFurnitureLeadTest" time="0.0">
    <skipped message="Cannot invoke &quot;com.microsoft.playwright.Page.locator(String)&quot; because &quot;this.page&quot; is null"/>
  </testcase>
  <testcase name="addLeadForBasicFurnitureLead[Lofy Interior Solutions, Krishna, Modi, +252, Event, Property Event, Study, Chairs, Prefers wooden furniture #293](50)" classname="tests.AddFurnitureLeadTest" time="0.0">
    <skipped message="Cannot invoke &quot;com.microsoft.playwright.Page.locator(String)&quot; because &quot;this.page&quot; is null"/>
  </testcase>
  <testcase name="addLeadForBasicFurnitureLead[Stanley - SLN, Hetal, Thakkar, +84, Event, Property Event, Study, Library Unit, Wants kids&apos; room furniture #62](51)" classname="tests.AddFurnitureLeadTest" time="0.0">
    <skipped message="Cannot invoke &quot;com.microsoft.playwright.Page.locator(String)&quot; because &quot;this.page&quot; is null"/>
  </testcase>
  <testcase name="addLeadForBasicFurnitureLead[Stanley - SBC, Rohit, Gandhi, +228, Event, Property Event, Kitchen, Modular, Request for free installation #345](52)" classname="tests.AddFurnitureLeadTest" time="0.0">
    <skipped message="Cannot invoke &quot;com.microsoft.playwright.Page.locator(String)&quot; because &quot;this.page&quot; is null"/>
  </testcase>
  <testcase name="addLeadForBasicFurnitureLead[Godrej, Viren, Trivedi, +65, Event, Property Event, Kitchen, Semi-Modular, Requesting catalog #27](53)" classname="tests.AddFurnitureLeadTest" time="0.0">
    <skipped message="Cannot invoke &quot;com.microsoft.playwright.Page.locator(String)&quot; because &quot;this.page&quot; is null"/>
  </testcase>
  <testcase name="addLeadForBasicFurnitureLead[Lofy Home Store, Rishi, Parikh, +53, Event, Property Event, Kitchen, Countertop, Need delivery within a week #115](54)" classname="tests.AddFurnitureLeadTest" time="0.0">
    <skipped message="Cannot invoke &quot;com.microsoft.playwright.Page.locator(String)&quot; because &quot;this.page&quot; is null"/>
  </testcase>
  <testcase name="addLeadForBasicFurnitureLead[Haworth, Anjali, Joshi, +43, Event, Property Event, Kitchen, Appliances, Asking for fabric color options #265](55)" classname="tests.AddFurnitureLeadTest" time="0.0">
    <skipped message="Cannot invoke &quot;com.microsoft.playwright.Page.locator(String)&quot; because &quot;this.page&quot; is null"/>
  </testcase>
  <testcase name="addLeadForBasicFurnitureLead[Lofy Interior Solutions, Krishna, Kapoor, +251, Event, Property Event, Wardrobes, Sliding, Looking for budget-friendly options #489](56)" classname="tests.AddFurnitureLeadTest" time="0.0">
    <skipped message="Cannot invoke &quot;com.microsoft.playwright.Page.locator(String)&quot; because &quot;this.page&quot; is null"/>
  </testcase>
  <testcase name="addLeadForBasicFurnitureLead[Stanley - SLN, Rina, Kapoor, +56, Event, Property Event, Wardrobes, Hinged, Interested in outdoor furniture #36](57)" classname="tests.AddFurnitureLeadTest" time="0.0">
    <skipped message="Cannot invoke &quot;com.microsoft.playwright.Page.locator(String)&quot; because &quot;this.page&quot; is null"/>
  </testcase>
  <testcase name="addLeadForBasicFurnitureLead[Stanley - SBC, Kavya, Thakkar, +51, Event, Property Event, Wardrobes, Walk-in, Requesting catalog #239](58)" classname="tests.AddFurnitureLeadTest" time="0.0">
    <skipped message="Cannot invoke &quot;com.microsoft.playwright.Page.locator(String)&quot; because &quot;this.page&quot; is null"/>
  </testcase>
  <testcase name="addLeadForBasicFurnitureLead[Godrej, Hetal, Desai, +92, Event, Property Event, Office, WorkStations, Checking stock availability #145](59)" classname="tests.AddFurnitureLeadTest" time="0.0">
    <skipped message="Cannot invoke &quot;com.microsoft.playwright.Page.locator(String)&quot; because &quot;this.page&quot; is null"/>
  </testcase>
  <testcase name="addLeadForBasicFurnitureLead[Lofy Home Store, Pooja, Vyas, +44, Event, Property Event, Office, Conference Table, Wants matching dining set #433](60)" classname="tests.AddFurnitureLeadTest" time="0.0">
    <skipped message="Cannot invoke &quot;com.microsoft.playwright.Page.locator(String)&quot; because &quot;this.page&quot; is null"/>
  </testcase>
  <testcase name="addLeadForBasicFurnitureLead[Haworth, Viren, Shukla, +90, Event, Property Event, Office, Cabin Setup, Requesting bulk order discount #168](61)" classname="tests.AddFurnitureLeadTest" time="0.0">
    <skipped message="Cannot invoke &quot;com.microsoft.playwright.Page.locator(String)&quot; because &quot;this.page&quot; is null"/>
  </testcase>
  <testcase name="addLeadForBasicFurnitureLead[Lofy Interior Solutions, Nirav, Shah, +62, Event, Property Event, Outdoor, Patio, Prefers wooden furniture #284](62)" classname="tests.AddFurnitureLeadTest" time="0.0">
    <skipped message="Cannot invoke &quot;com.microsoft.playwright.Page.locator(String)&quot; because &quot;this.page&quot; is null"/>
  </testcase>
  <testcase name="addLeadForBasicFurnitureLead[Stanley - SLN, Karan, Bhatt, +232, Event, Property Event, Outdoor, Swing, Prefers eco-friendly material #5](63)" classname="tests.AddFurnitureLeadTest" time="0.0">
    <skipped message="Cannot invoke &quot;com.microsoft.playwright.Page.locator(String)&quot; because &quot;this.page&quot; is null"/>
  </testcase>
  <testcase name="addLeadForBasicFurnitureLead[Stanley - SBC, Rina, Shukla, +238, Event, Property Event, Outdoor, Garden Seating, Wants kids&apos; room furniture #103](64)" classname="tests.AddFurnitureLeadTest" time="0.0">
    <skipped message="Cannot invoke &quot;com.microsoft.playwright.Page.locator(String)&quot; because &quot;this.page&quot; is null"/>
  </testcase>
  <testcase name="addLeadForBasicFurnitureLead[Godrej, Priya, Dave, +254, Event, Property Event, Turkey Solution, Full Home Package(Design + Execution + Furniture), Requesting bulk order discount #289](65)" classname="tests.AddFurnitureLeadTest" time="0.0">
    <skipped message="Cannot invoke &quot;com.microsoft.playwright.Page.locator(String)&quot; because &quot;this.page&quot; is null"/>
  </testcase>
  <testcase name="addLeadForBasicFurnitureLead[Lofy Home Store, Nirav, Soni, +52, Event, Property Event, Project Management Consultancy, Project Advisory, Asking for fabric color options #156](66)" classname="tests.AddFurnitureLeadTest" time="0.0">
    <skipped message="Cannot invoke &quot;com.microsoft.playwright.Page.locator(String)&quot; because &quot;this.page&quot; is null"/>
  </testcase>
  <testcase name="addLeadForBasicFurnitureLead[Haworth, Mina, Patel, 91, Event, Property Event, Project Management Consultancy, Costing, Interested in sofa sets #319](67)" classname="tests.AddFurnitureLeadTest" time="0.0">
    <skipped message="Cannot invoke &quot;com.microsoft.playwright.Page.locator(String)&quot; because &quot;this.page&quot; is null"/>
  </testcase>
  <testcase name="addLeadForBasicFurnitureLead[Lofy Interior Solutions, Karan, Mehta, +239, Event, Property Event, Project Management Consultancy, Vendor Management, Repeat customer inquiry #238](68)" classname="tests.AddFurnitureLeadTest" time="0.0">
    <skipped message="Cannot invoke &quot;com.microsoft.playwright.Page.locator(String)&quot; because &quot;this.page&quot; is null"/>
  </testcase>
  <testcase name="addLeadForBasicFurnitureLead[Stanley - SLN, Kavya, Shah, +90, Event, Property Event, Execution, Carpentry, Wants kids&apos; room furniture #303](69)" classname="tests.AddFurnitureLeadTest" time="0.0">
    <skipped message="Cannot invoke &quot;com.microsoft.playwright.Page.locator(String)&quot; because &quot;this.page&quot; is null"/>
  </testcase>
  <testcase name="addLeadForBasicFurnitureLead[Stanley - SBC, Sonal, Raval, +253, Event, Property Event, Execution, Civil, Enquiring about warranty period #396](70)" classname="tests.AddFurnitureLeadTest" time="0.0">
    <skipped message="Cannot invoke &quot;com.microsoft.playwright.Page.locator(String)&quot; because &quot;this.page&quot; is null"/>
  </testcase>
  <testcase name="addLeadForBasicFurnitureLead[Godrej, Krishna, Parikh, +236, Event, Property Event, Execution, Electrical, Wants matching dining set #101](71)" classname="tests.AddFurnitureLeadTest" time="0.0">
    <skipped message="Cannot invoke &quot;com.microsoft.playwright.Page.locator(String)&quot; because &quot;this.page&quot; is null"/>
  </testcase>
  <testcase name="addLeadForBasicFurnitureLead[Lofy Home Store, Pooja, Chaudhary, +63, Event, Property Event, Execution, Finishing only, Interested in sofa sets #462](72)" classname="tests.AddFurnitureLeadTest" time="0.0">
    <skipped message="Cannot invoke &quot;com.microsoft.playwright.Page.locator(String)&quot; because &quot;this.page&quot; is null"/>
  </testcase>
  <testcase name="addLeadForBasicFurnitureLead[Haworth, Aarav, Mehta, +94, Event, Property Event, Design only, 2D/3D Layouts, Payment flexibility needed #390](73)" classname="tests.AddFurnitureLeadTest" time="0.0">
    <skipped message="Cannot invoke &quot;com.microsoft.playwright.Page.locator(String)&quot; because &quot;this.page&quot; is null"/>
  </testcase>
  <testcase name="addLeadForBasicFurnitureLead[Lofy Interior Solutions, Neha, Choksi, +240, Event, Property Event, Design only, Material Selection, Asking for fabric color options #126](74)" classname="tests.AddFurnitureLeadTest" time="0.0">
    <skipped message="Cannot invoke &quot;com.microsoft.playwright.Page.locator(String)&quot; because &quot;this.page&quot; is null"/>
  </testcase>
  <testcase name="addLeadForBasicFurnitureLead[Stanley - SLN, Sonal, Raval, +60, Event, Investor Meet, Living, Sofa, Urgent requirement #4](75)" classname="tests.AddFurnitureLeadTest" time="0.0">
    <skipped message="Cannot invoke &quot;com.microsoft.playwright.Page.locator(String)&quot; because &quot;this.page&quot; is null"/>
  </testcase>
  <testcase name="addLeadForBasicFurnitureLead[Stanley - SBC, Mehul, Vyas, +261, Event, Investor Meet, Living, Recliner, Interested in seasonal discount #210](76)" classname="tests.AddFurnitureLeadTest" time="0.0">
    <skipped message="Cannot invoke &quot;com.microsoft.playwright.Page.locator(String)&quot; because &quot;this.page&quot; is null"/>
  </testcase>
  <testcase name="addLeadForBasicFurnitureLead[Godrej, Krishna, Choksi, +34, Event, Investor Meet, Living, Coffee Table, Interested in modern furniture #120](77)" classname="tests.AddFurnitureLeadTest" time="0.0">
    <skipped message="Cannot invoke &quot;com.microsoft.playwright.Page.locator(String)&quot; because &quot;this.page&quot; is null"/>
  </testcase>
  <testcase name="addLeadForBasicFurnitureLead[Lofy Home Store, Sonal, Shukla, +93, Event, Investor Meet, Living, TV Unit, Payment flexibility needed #178](78)" classname="tests.AddFurnitureLeadTest" time="0.0">
    <skipped message="Cannot invoke &quot;com.microsoft.playwright.Page.locator(String)&quot; because &quot;this.page&quot; is null"/>
  </testcase>
  <testcase name="addLeadForBasicFurnitureLead[Haworth, Neha, Patel, +62, Event, Investor Meet, Dining, Dining Table, Visited showroom last week #430](79)" classname="tests.AddFurnitureLeadTest" time="0.0">
    <skipped message="Cannot invoke &quot;com.microsoft.playwright.Page.locator(String)&quot; because &quot;this.page&quot; is null"/>
  </testcase>
  <testcase name="addLeadForBasicFurnitureLead[Lofy Interior Solutions, Rohit, Choksi, +232, Event, Investor Meet, Dining, Chairs, Looking for space-saving solutions #450](80)" classname="tests.AddFurnitureLeadTest" time="0.0">
    <skipped message="Cannot invoke &quot;com.microsoft.playwright.Page.locator(String)&quot; because &quot;this.page&quot; is null"/>
  </testcase>
  <testcase name="addLeadForBasicFurnitureLead[Stanley - SLN, Karan, Bhatt, +46, Event, Investor Meet, Dining, Bench, Interested in modern furniture #487](81)" classname="tests.AddFurnitureLeadTest" time="0.0">
    <skipped message="Cannot invoke &quot;com.microsoft.playwright.Page.locator(String)&quot; because &quot;this.page&quot; is null"/>
  </testcase>
  <testcase name="addLeadForBasicFurnitureLead[Stanley - SBC, Mina, Vyas, +230, Event, Investor Meet, BedRoom, Bed, Looking for office furniture #1](82)" classname="tests.AddFurnitureLeadTest" time="0.0">
    <skipped message="Cannot invoke &quot;com.microsoft.playwright.Page.locator(String)&quot; because &quot;this.page&quot; is null"/>
  </testcase>
  <testcase name="addLeadForBasicFurnitureLead[Godrej, Mehul, Doshi, +41, Event, Investor Meet, BedRoom, Side Table, Wants matching dining set #337](83)" classname="tests.AddFurnitureLeadTest" time="0.0">
    <skipped message="Cannot invoke &quot;com.microsoft.playwright.Page.locator(String)&quot; because &quot;this.page&quot; is null"/>
  </testcase>
  <testcase name="addLeadForBasicFurnitureLead[Lofy Home Store, Priya, Thakkar, +224, Event, Investor Meet, BedRoom, Dressing, Interested in outdoor furniture #435](84)" classname="tests.AddFurnitureLeadTest" time="0.0">
    <skipped message="Cannot invoke &quot;com.microsoft.playwright.Page.locator(String)&quot; because &quot;this.page&quot; is null"/>
  </testcase>
  <testcase name="addLeadForBasicFurnitureLead[Haworth, Hetal, Kapoor, +221, Event, Investor Meet, BedRoom, Mattress, Interested in sofa sets #373](85)" classname="tests.AddFurnitureLeadTest" time="0.0">
    <skipped message="Cannot invoke &quot;com.microsoft.playwright.Page.locator(String)&quot; because &quot;this.page&quot; is null"/>
  </testcase>
  <testcase name="addLeadForBasicFurnitureLead[Lofy Interior Solutions, Mehul, Gandhi, +32, Event, Investor Meet, Study, Study Table, Requesting bulk order discount #54](86)" classname="tests.AddFurnitureLeadTest" time="0.0">
    <skipped message="Cannot invoke &quot;com.microsoft.playwright.Page.locator(String)&quot; because &quot;this.page&quot; is null"/>
  </testcase>
  <testcase name="addLeadForBasicFurnitureLead[Stanley - SLN, Rishi, Chaudhary, +220, Event, Investor Meet, Study, Chairs, Asking for custom designs #272](87)" classname="tests.AddFurnitureLeadTest" time="0.0">
    <skipped message="Cannot invoke &quot;com.microsoft.playwright.Page.locator(String)&quot; because &quot;this.page&quot; is null"/>
  </testcase>
  <testcase name="addLeadForBasicFurnitureLead[Stanley - SBC, Anjali, Raval, +43, Event, Investor Meet, Study, Library Unit, Repeat customer inquiry #215](88)" classname="tests.AddFurnitureLeadTest" time="0.0">
    <skipped message="Cannot invoke &quot;com.microsoft.playwright.Page.locator(String)&quot; because &quot;this.page&quot; is null"/>
  </testcase>
  <testcase name="addLeadForBasicFurnitureLead[Godrej, Anjali, Choksi, +55, Event, Investor Meet, Kitchen, Modular, Enquiring about warranty period #493](89)" classname="tests.AddFurnitureLeadTest" time="0.0">
    <skipped message="Cannot invoke &quot;com.microsoft.playwright.Page.locator(String)&quot; because &quot;this.page&quot; is null"/>
  </testcase>
  <testcase name="addLeadForBasicFurnitureLead[Lofy Home Store, Bhavna, Soni, +223, Event, Investor Meet, Kitchen, Semi-Modular, Looking for budget-friendly options #498](90)" classname="tests.AddFurnitureLeadTest" time="0.0">
    <skipped message="Cannot invoke &quot;com.microsoft.playwright.Page.locator(String)&quot; because &quot;this.page&quot; is null"/>
  </testcase>
  <testcase name="addLeadForBasicFurnitureLead[Haworth, Rohit, Joshi, +229, Event, Investor Meet, Kitchen, Countertop, Urgent requirement #365](91)" classname="tests.AddFurnitureLeadTest" time="0.0">
    <skipped message="Cannot invoke &quot;com.microsoft.playwright.Page.locator(String)&quot; because &quot;this.page&quot; is null"/>
  </testcase>
  <testcase name="addLeadForBasicFurnitureLead[Lofy Interior Solutions, Krishna, Parikh, +36, Event, Investor Meet, Kitchen, Appliances, First-time buyer #48](92)" classname="tests.AddFurnitureLeadTest" time="0.0">
    <skipped message="Cannot invoke &quot;com.microsoft.playwright.Page.locator(String)&quot; because &quot;this.page&quot; is null"/>
  </testcase>
  <testcase name="addLeadForBasicFurnitureLead[Stanley - SLN, Rohit, Parikh, +240, Event, Investor Meet, Wardrobes, Sliding, Looking for budget-friendly options #472](93)" classname="tests.AddFurnitureLeadTest" time="0.0">
    <skipped message="Cannot invoke &quot;com.microsoft.playwright.Page.locator(String)&quot; because &quot;this.page&quot; is null"/>
  </testcase>
  <testcase name="addLeadForBasicFurnitureLead[Stanley - SBC, Rina, Kapoor, +253, Event, Investor Meet, Wardrobes, Hinged, Repeat customer inquiry #460](94)" classname="tests.AddFurnitureLeadTest" time="0.0">
    <skipped message="Cannot invoke &quot;com.microsoft.playwright.Page.locator(String)&quot; because &quot;this.page&quot; is null"/>
  </testcase>
  <testcase name="addLeadForBasicFurnitureLead[Godrej, Karan, Modi, +62, Event, Investor Meet, Wardrobes, Walk-in, Checking stock availability #267](95)" classname="tests.AddFurnitureLeadTest" time="0.0">
    <skipped message="Cannot invoke &quot;com.microsoft.playwright.Page.locator(String)&quot; because &quot;this.page&quot; is null"/>
  </testcase>
  <testcase name="addLeadForBasicFurnitureLead[Lofy Home Store, Jigar, Choksi, +232, Event, Investor Meet, Office, WorkStations, Checking modular kitchen options #359](96)" classname="tests.AddFurnitureLeadTest" time="0.0">
    <skipped message="Cannot invoke &quot;com.microsoft.playwright.Page.locator(String)&quot; because &quot;this.page&quot; is null"/>
  </testcase>
  <testcase name="addLeadForBasicFurnitureLead[Haworth, Mehul, Doshi, +220, Event, Investor Meet, Office, Conference Table, Requesting catalog #191](97)" classname="tests.AddFurnitureLeadTest" time="0.0">
    <skipped message="Cannot invoke &quot;com.microsoft.playwright.Page.locator(String)&quot; because &quot;this.page&quot; is null"/>
  </testcase>
  <testcase name="addLeadForBasicFurnitureLead[Lofy Interior Solutions, Viren, Raval, +213, Event, Investor Meet, Office, Cabin Setup, Prefers eco-friendly material #499](98)" classname="tests.AddFurnitureLeadTest" time="0.0">
    <skipped message="Cannot invoke &quot;com.microsoft.playwright.Page.locator(String)&quot; because &quot;this.page&quot; is null"/>
  </testcase>
  <testcase name="addLeadForBasicFurnitureLead[Stanley - SLN, Rina, Joshi, +65, Event, Investor Meet, Outdoor, Patio, Interested in sofa sets #44](99)" classname="tests.AddFurnitureLeadTest" time="0.0">
    <skipped message="Cannot invoke &quot;com.microsoft.playwright.Page.locator(String)&quot; because &quot;this.page&quot; is null"/>
  </testcase>
  <testcase name="addLeadForBasicFurnitureLead[Stanley - SBC, Jigar, Chaudhary, +223, Event, Investor Meet, Outdoor, Swing, Looking for EMI options #49](100)" classname="tests.AddFurnitureLeadTest" time="0.0">
    <skipped message="Cannot invoke &quot;com.microsoft.playwright.Page.locator(String)&quot; because &quot;this.page&quot; is null"/>
  </testcase>
  <testcase name="addLeadForBasicFurnitureLead[Godrej, Aarav, Vyas, +55, Event, Investor Meet, Outdoor, Garden Seating, Request for free installation #69](101)" classname="tests.AddFurnitureLeadTest" time="0.0">
    <skipped message="Cannot invoke &quot;com.microsoft.playwright.Page.locator(String)&quot; because &quot;this.page&quot; is null"/>
  </testcase>
  <testcase name="addLeadForBasicFurnitureLead[Lofy Home Store, Karan, Choksi, +33, Event, Investor Meet, Turkey Solution, Full Home Package(Design + Execution + Furniture), Visited showroom last week #420](102)" classname="tests.AddFurnitureLeadTest" time="0.0">
    <skipped message="Cannot invoke &quot;com.microsoft.playwright.Page.locator(String)&quot; because &quot;this.page&quot; is null"/>
  </testcase>
  <testcase name="addLeadForBasicFurnitureLead[Haworth, Rishi, Kapoor, +91, Event, Investor Meet, Project Management Consultancy, Project Advisory, Interested in outdoor furniture #39](103)" classname="tests.AddFurnitureLeadTest" time="0.0">
    <skipped message="Cannot invoke &quot;com.microsoft.playwright.Page.locator(String)&quot; because &quot;this.page&quot; is null"/>
  </testcase>
  <testcase name="addLeadForBasicFurnitureLead[Lofy Interior Solutions, Priya, Kapoor, +244, Event, Investor Meet, Project Management Consultancy, Costing, Looking for EMI options #291](104)" classname="tests.AddFurnitureLeadTest" time="0.0">
    <skipped message="Cannot invoke &quot;com.microsoft.playwright.Page.locator(String)&quot; because &quot;this.page&quot; is null"/>
  </testcase>
  <testcase name="addLeadForBasicFurnitureLead[Stanley - SLN, Viren, Raval, +237, Event, Investor Meet, Project Management Consultancy, Vendor Management, Looking for budget-friendly options #223](105)" classname="tests.AddFurnitureLeadTest" time="0.0">
    <skipped message="Cannot invoke &quot;com.microsoft.playwright.Page.locator(String)&quot; because &quot;this.page&quot; is null"/>
  </testcase>
  <testcase name="addLeadForBasicFurnitureLead[Stanley - SBC, Karan, Vyas, +235, Event, Investor Meet, Execution, Carpentry, Prefers compact designs #494](106)" classname="tests.AddFurnitureLeadTest" time="0.0">
    <skipped message="Cannot invoke &quot;com.microsoft.playwright.Page.locator(String)&quot; because &quot;this.page&quot; is null"/>
  </testcase>
  <testcase name="addLeadForBasicFurnitureLead[Godrej, Bhavna, Raval, +54, Event, Investor Meet, Execution, Civil, Urgent requirement #122](107)" classname="tests.AddFurnitureLeadTest" time="0.0">
    <skipped message="Cannot invoke &quot;com.microsoft.playwright.Page.locator(String)&quot; because &quot;this.page&quot; is null"/>
  </testcase>
  <testcase name="addLeadForBasicFurnitureLead[Lofy Home Store, Mehul, Soni, +34, Event, Investor Meet, Execution, Electrical, Requesting bulk order discount #134](108)" classname="tests.AddFurnitureLeadTest" time="0.0">
    <skipped message="Cannot invoke &quot;com.microsoft.playwright.Page.locator(String)&quot; because &quot;this.page&quot; is null"/>
  </testcase>
  <testcase name="addLeadForBasicFurnitureLead[Haworth, Sonal, Kapoor, +45, Event, Investor Meet, Execution, Finishing only, Checking stock availability #162](109)" classname="tests.AddFurnitureLeadTest" time="0.0">
    <skipped message="Cannot invoke &quot;com.microsoft.playwright.Page.locator(String)&quot; because &quot;this.page&quot; is null"/>
  </testcase>
  <testcase name="addLeadForBasicFurnitureLead[Lofy Interior Solutions, Mehul, Shah, +246, Event, Investor Meet, Design only, 2D/3D Layouts, Interested in seasonal discount #411](110)" classname="tests.AddFurnitureLeadTest" time="0.0">
    <skipped message="Cannot invoke &quot;com.microsoft.playwright.Page.locator(String)&quot; because &quot;this.page&quot; is null"/>
  </testcase>
  <testcase name="addLeadForBasicFurnitureLead[Stanley - SLN, Rishi, Soni, +39, Event, Investor Meet, Design only, Material Selection, Interested in outdoor furniture #359](111)" classname="tests.AddFurnitureLeadTest" time="0.0">
    <skipped message="Cannot invoke &quot;com.microsoft.playwright.Page.locator(String)&quot; because &quot;this.page&quot; is null"/>
  </testcase>
  <testcase name="addLeadForBasicFurnitureLead[Stanley - SBC, Rohit, Bhatt, +244, Event, Channel Partner Event, Living, Sofa, Looking for leather finish #377](112)" classname="tests.AddFurnitureLeadTest" time="0.0">
    <skipped message="Cannot invoke &quot;com.microsoft.playwright.Page.locator(String)&quot; because &quot;this.page&quot; is null"/>
  </testcase>
  <testcase name="addLeadForBasicFurnitureLead[Godrej, Jigar, Bhatt, +65, Event, Channel Partner Event, Living, Recliner, Looking for office furniture #163](113)" classname="tests.AddFurnitureLeadTest" time="0.0">
    <skipped message="Cannot invoke &quot;com.microsoft.playwright.Page.locator(String)&quot; because &quot;this.page&quot; is null"/>
  </testcase>
  <testcase name="addLeadForBasicFurnitureLead[Lofy Home Store, Aarav, Mehta, +262, Event, Channel Partner Event, Living, Coffee Table, Prefers eco-friendly material #140](114)" classname="tests.AddFurnitureLeadTest" time="0.0">
    <skipped message="Cannot invoke &quot;com.microsoft.playwright.Page.locator(String)&quot; because &quot;this.page&quot; is null"/>
  </testcase>
  <testcase name="addLeadForBasicFurnitureLead[Haworth, Kavya, Kapoor, +65, Event, Channel Partner Event, Living, TV Unit, Repeat customer inquiry #39](115)" classname="tests.AddFurnitureLeadTest" time="0.0">
    <skipped message="Cannot invoke &quot;com.microsoft.playwright.Page.locator(String)&quot; because &quot;this.page&quot; is null"/>
  </testcase>
  <testcase name="addLeadForBasicFurnitureLead[Lofy Interior Solutions, Mehul, Shukla, +255, Event, Channel Partner Event, Dining, Dining Table, Asking for custom designs #70](116)" classname="tests.AddFurnitureLeadTest" time="0.0">
    <skipped message="Cannot invoke &quot;com.microsoft.playwright.Page.locator(String)&quot; because &quot;this.page&quot; is null"/>
  </testcase>
  <testcase name="addLeadForBasicFurnitureLead[Stanley - SLN, Mina, Raval, +91, Event, Channel Partner Event, Dining, Chairs, Wants matching dining set #395](117)" classname="tests.AddFurnitureLeadTest" time="0.0">
    <skipped message="Cannot invoke &quot;com.microsoft.playwright.Page.locator(String)&quot; because &quot;this.page&quot; is null"/>
  </testcase>
  <testcase name="addLeadForBasicFurnitureLead[Stanley - SBC, Karan, Modi, +228, Event, Channel Partner Event, Dining, Bench, Looking for EMI options #56](118)" classname="tests.AddFurnitureLeadTest" time="0.0">
    <skipped message="Cannot invoke &quot;com.microsoft.playwright.Page.locator(String)&quot; because &quot;this.page&quot; is null"/>
  </testcase>
  <testcase name="addLeadForBasicFurnitureLead[Godrej, Bhavna, Dave, +238, Event, Channel Partner Event, BedRoom, Bed, Urgent requirement #55](119)" classname="tests.AddFurnitureLeadTest" time="0.0">
    <skipped message="Cannot invoke &quot;com.microsoft.playwright.Page.locator(String)&quot; because &quot;this.page&quot; is null"/>
  </testcase>
  <testcase name="addLeadForBasicFurnitureLead[Lofy Home Store, Rina, Choksi, +65, Event, Channel Partner Event, BedRoom, Side Table, Need delivery within a week #231](120)" classname="tests.AddFurnitureLeadTest" time="0.0">
    <skipped message="Cannot invoke &quot;com.microsoft.playwright.Page.locator(String)&quot; because &quot;this.page&quot; is null"/>
  </testcase>
  <testcase name="addLeadForBasicFurnitureLead[Haworth, Neha, Soni, +95, Event, Channel Partner Event, BedRoom, Dressing, Prefers eco-friendly material #161](121)" classname="tests.AddFurnitureLeadTest" time="0.0">
    <skipped message="Cannot invoke &quot;com.microsoft.playwright.Page.locator(String)&quot; because &quot;this.page&quot; is null"/>
  </testcase>
  <testcase name="addLeadForBasicFurnitureLead[Lofy Interior Solutions, Dhruv, Bhatt, +63, Event, Channel Partner Event, BedRoom, Mattress, Checking modular kitchen options #62](122)" classname="tests.AddFurnitureLeadTest" time="0.0">
    <skipped message="Cannot invoke &quot;com.microsoft.playwright.Page.locator(String)&quot; because &quot;this.page&quot; is null"/>
  </testcase>
  <testcase name="addLeadForBasicFurnitureLead[Stanley - SLN, Rishi, Joshi, +51, Event, Channel Partner Event, Study, Study Table, Payment flexibility needed #184](123)" classname="tests.AddFurnitureLeadTest" time="0.0">
    <skipped message="Cannot invoke &quot;com.microsoft.playwright.Page.locator(String)&quot; because &quot;this.page&quot; is null"/>
  </testcase>
  <testcase name="addLeadForBasicFurnitureLead[Stanley - SBC, Rishi, Modi, +239, Event, Channel Partner Event, Study, Chairs, Wants matching dining set #107](124)" classname="tests.AddFurnitureLeadTest" time="0.0">
    <skipped message="Cannot invoke &quot;com.microsoft.playwright.Page.locator(String)&quot; because &quot;this.page&quot; is null"/>
  </testcase>
  <testcase name="addLeadForBasicFurnitureLead[Godrej, Bhavna, Raval, +253, Event, Channel Partner Event, Study, Library Unit, Prefers eco-friendly material #158](125)" classname="tests.AddFurnitureLeadTest" time="0.0">
    <skipped message="Cannot invoke &quot;com.microsoft.playwright.Page.locator(String)&quot; because &quot;this.page&quot; is null"/>
  </testcase>
  <testcase name="addLeadForBasicFurnitureLead[Lofy Home Store, Krishna, Vyas, +240, Event, Channel Partner Event, Kitchen, Modular, Prefers eco-friendly material #136](126)" classname="tests.AddFurnitureLeadTest" time="0.0">
    <skipped message="Cannot invoke &quot;com.microsoft.playwright.Page.locator(String)&quot; because &quot;this.page&quot; is null"/>
  </testcase>
  <testcase name="addLeadForBasicFurnitureLead[Haworth, Pooja, Raval, +254, Event, Channel Partner Event, Kitchen, Semi-Modular, Checking stock availability #62](127)" classname="tests.AddFurnitureLeadTest" time="0.0">
    <skipped message="Cannot invoke &quot;com.microsoft.playwright.Page.locator(String)&quot; because &quot;this.page&quot; is null"/>
  </testcase>
  <testcase name="addLeadForBasicFurnitureLead[Lofy Interior Solutions, Dhruv, Parikh, +47, Event, Channel Partner Event, Kitchen, Countertop, Prefers wooden furniture #81](128)" classname="tests.AddFurnitureLeadTest" time="0.0">
    <skipped message="Cannot invoke &quot;com.microsoft.playwright.Page.locator(String)&quot; because &quot;this.page&quot; is null"/>
  </testcase>
  <testcase name="addLeadForBasicFurnitureLead[Stanley - SLN, Hetal, Choksi, +43, Event, Channel Partner Event, Kitchen, Appliances, Asking for fabric color options #352](129)" classname="tests.AddFurnitureLeadTest" time="0.0">
    <skipped message="Cannot invoke &quot;com.microsoft.playwright.Page.locator(String)&quot; because &quot;this.page&quot; is null"/>
  </testcase>
  <testcase name="addLeadForBasicFurnitureLead[Stanley - SBC, Nirav, Chaudhary, +82, Event, Channel Partner Event, Wardrobes, Sliding, Requesting bulk order discount #424](130)" classname="tests.AddFurnitureLeadTest" time="0.0">
    <skipped message="Cannot invoke &quot;com.microsoft.playwright.Page.locator(String)&quot; because &quot;this.page&quot; is null"/>
  </testcase>
  <testcase name="addLeadForBasicFurnitureLead[Godrej, Aarav, Shukla, +94, Event, Channel Partner Event, Wardrobes, Hinged, Looking for space-saving solutions #357](131)" classname="tests.AddFurnitureLeadTest" time="0.0">
    <skipped message="Cannot invoke &quot;com.microsoft.playwright.Page.locator(String)&quot; because &quot;this.page&quot; is null"/>
  </testcase>
  <testcase name="addLeadForBasicFurnitureLead[Lofy Home Store, Karan, Trivedi, +251, Event, Channel Partner Event, Wardrobes, Walk-in, Customer referred by friend #21](132)" classname="tests.AddFurnitureLeadTest" time="0.0">
    <skipped message="Cannot invoke &quot;com.microsoft.playwright.Page.locator(String)&quot; because &quot;this.page&quot; is null"/>
  </testcase>
  <testcase name="addLeadForBasicFurnitureLead[Haworth, Pooja, Shukla, +232, Event, Channel Partner Event, Office, WorkStations, Asking for custom designs #428](133)" classname="tests.AddFurnitureLeadTest" time="0.0">
    <skipped message="Cannot invoke &quot;com.microsoft.playwright.Page.locator(String)&quot; because &quot;this.page&quot; is null"/>
  </testcase>
  <testcase name="addLeadForBasicFurnitureLead[Lofy Interior Solutions, Bhavna, Soni, +32, Event, Channel Partner Event, Office, Conference Table, Checking stock availability #168](134)" classname="tests.AddFurnitureLeadTest" time="0.0">
    <skipped message="Cannot invoke &quot;com.microsoft.playwright.Page.locator(String)&quot; because &quot;this.page&quot; is null"/>
  </testcase>
  <testcase name="addLeadForBasicFurnitureLead[Stanley - SLN, Krishna, Dave, +223, Event, Channel Partner Event, Office, Cabin Setup, Urgent requirement #47](135)" classname="tests.AddFurnitureLeadTest" time="0.0">
    <skipped message="Cannot invoke &quot;com.microsoft.playwright.Page.locator(String)&quot; because &quot;this.page&quot; is null"/>
  </testcase>
  <testcase name="addLeadForBasicFurnitureLead[Stanley - SBC, Mina, Soni, +1, Event, Channel Partner Event, Outdoor, Patio, Looking for space-saving solutions #128](136)" classname="tests.AddFurnitureLeadTest" time="0.0">
    <skipped message="Cannot invoke &quot;com.microsoft.playwright.Page.locator(String)&quot; because &quot;this.page&quot; is null"/>
  </testcase>
  <testcase name="addLeadForBasicFurnitureLead[Godrej, Rohit, Patel, +46, Event, Channel Partner Event, Outdoor, Swing, Wants kids&apos; room furniture #203](137)" classname="tests.AddFurnitureLeadTest" time="0.0">
    <skipped message="Cannot invoke &quot;com.microsoft.playwright.Page.locator(String)&quot; because &quot;this.page&quot; is null"/>
  </testcase>
  <testcase name="addLeadForBasicFurnitureLead[Lofy Home Store, Bhavna, Shukla, +225, Event, Channel Partner Event, Outdoor, Garden Seating, Request for free installation #26](138)" classname="tests.AddFurnitureLeadTest" time="0.0">
    <skipped message="Cannot invoke &quot;com.microsoft.playwright.Page.locator(String)&quot; because &quot;this.page&quot; is null"/>
  </testcase>
  <testcase name="addLeadForBasicFurnitureLead[Haworth, Aarav, Kapoor, +7, Event, Channel Partner Event, Turkey Solution, Full Home Package(Design + Execution + Furniture), Prefers compact designs #154](139)" classname="tests.AddFurnitureLeadTest" time="0.0">
    <skipped message="Cannot invoke &quot;com.microsoft.playwright.Page.locator(String)&quot; because &quot;this.page&quot; is null"/>
  </testcase>
  <testcase name="addLeadForBasicFurnitureLead[Lofy Interior Solutions, Priya, Dave, +258, Event, Channel Partner Event, Project Management Consultancy, Project Advisory, First-time buyer #420](140)" classname="tests.AddFurnitureLeadTest" time="0.0">
    <skipped message="Cannot invoke &quot;com.microsoft.playwright.Page.locator(String)&quot; because &quot;this.page&quot; is null"/>
  </testcase>
  <testcase name="addLeadForBasicFurnitureLead[Stanley - SLN, Rina, Bhatt, +30, Event, Channel Partner Event, Project Management Consultancy, Costing, Need delivery within a week #16](141)" classname="tests.AddFurnitureLeadTest" time="0.0">
    <skipped message="Cannot invoke &quot;com.microsoft.playwright.Page.locator(String)&quot; because &quot;this.page&quot; is null"/>
  </testcase>
  <testcase name="addLeadForBasicFurnitureLead[Stanley - SBC, Dhruv, Joshi, +240, Event, Channel Partner Event, Project Management Consultancy, Vendor Management, Interested in outdoor furniture #438](142)" classname="tests.AddFurnitureLeadTest" time="0.0">
    <skipped message="Cannot invoke &quot;com.microsoft.playwright.Page.locator(String)&quot; because &quot;this.page&quot; is null"/>
  </testcase>
  <testcase name="addLeadForBasicFurnitureLead[Godrej, Nirav, Trivedi, +46, Event, Channel Partner Event, Execution, Carpentry, Prefers eco-friendly material #285](143)" classname="tests.AddFurnitureLeadTest" time="0.0">
    <skipped message="Cannot invoke &quot;com.microsoft.playwright.Page.locator(String)&quot; because &quot;this.page&quot; is null"/>
  </testcase>
  <testcase name="addLeadForBasicFurnitureLead[Lofy Home Store, Priya, Choksi, +211, Event, Channel Partner Event, Execution, Civil, Interested in sofa sets #282](144)" classname="tests.AddFurnitureLeadTest" time="0.0">
    <skipped message="Cannot invoke &quot;com.microsoft.playwright.Page.locator(String)&quot; because &quot;this.page&quot; is null"/>
  </testcase>
  <testcase name="addLeadForBasicFurnitureLead[Haworth, Hetal, Shukla, +98, Event, Channel Partner Event, Execution, Electrical, Repeat customer inquiry #49](145)" classname="tests.AddFurnitureLeadTest" time="0.0">
    <skipped message="Cannot invoke &quot;com.microsoft.playwright.Page.locator(String)&quot; because &quot;this.page&quot; is null"/>
  </testcase>
  <testcase name="addLeadForBasicFurnitureLead[Lofy Interior Solutions, Pooja, Raval, +63, Event, Channel Partner Event, Execution, Finishing only, Prefers eco-friendly material #53](146)" classname="tests.AddFurnitureLeadTest" time="0.0">
    <skipped message="Cannot invoke &quot;com.microsoft.playwright.Page.locator(String)&quot; because &quot;this.page&quot; is null"/>
  </testcase>
  <testcase name="addLeadForBasicFurnitureLead[Stanley - SLN, Anjali, Bhatt, +241, Event, Channel Partner Event, Design only, 2D/3D Layouts, Asking for fabric color options #407](147)" classname="tests.AddFurnitureLeadTest" time="0.0">
    <skipped message="Cannot invoke &quot;com.microsoft.playwright.Page.locator(String)&quot; because &quot;this.page&quot; is null"/>
  </testcase>
  <testcase name="addLeadForBasicFurnitureLead[Stanley - SBC, Mehul, Desai, +49, Event, Channel Partner Event, Design only, Material Selection, Urgent requirement #63](148)" classname="tests.AddFurnitureLeadTest" time="0.0">
    <skipped message="Cannot invoke &quot;com.microsoft.playwright.Page.locator(String)&quot; because &quot;this.page&quot; is null"/>
  </testcase>
  <testcase name="addLeadForBasicFurnitureLead[Godrej, Hetal, Kapoor, +51, Digital, Website, Living, Sofa, Interested in modern furniture #32](149)" classname="tests.AddFurnitureLeadTest" time="0.0">
    <skipped message="Cannot invoke &quot;com.microsoft.playwright.Page.locator(String)&quot; because &quot;this.page&quot; is null"/>
  </testcase>
  <testcase name="addLeadForBasicFurnitureLead[Lofy Home Store, Anjali, Choksi, +221, Digital, Website, Living, Recliner, Looking for leather finish #400](150)" classname="tests.AddFurnitureLeadTest" time="0.0">
    <skipped message="Cannot invoke &quot;com.microsoft.playwright.Page.locator(String)&quot; because &quot;this.page&quot; is null"/>
  </testcase>
  <testcase name="addLeadForBasicFurnitureLead[Haworth, Mina, Joshi, +93, Digital, Website, Living, Coffee Table, Repeat customer inquiry #67](151)" classname="tests.AddFurnitureLeadTest" time="0.0">
    <skipped message="Cannot invoke &quot;com.microsoft.playwright.Page.locator(String)&quot; because &quot;this.page&quot; is null"/>
  </testcase>
  <testcase name="addLeadForBasicFurnitureLead[Lofy Interior Solutions, Rishi, Bhatt, +255, Digital, Website, Living, TV Unit, Asking for custom designs #422](152)" classname="tests.AddFurnitureLeadTest" time="0.0">
    <skipped message="Cannot invoke &quot;com.microsoft.playwright.Page.locator(String)&quot; because &quot;this.page&quot; is null"/>
  </testcase>
  <testcase name="addLeadForBasicFurnitureLead[Stanley - SLN, Kavya, Raval, +51, Digital, Website, Dining, Dining Table, Interested in outdoor furniture #191](153)" classname="tests.AddFurnitureLeadTest" time="0.0">
    <skipped message="Cannot invoke &quot;com.microsoft.playwright.Page.locator(String)&quot; because &quot;this.page&quot; is null"/>
  </testcase>
  <testcase name="addLeadForBasicFurnitureLead[Stanley - SBC, Rina, Parikh, +30, Digital, Website, Dining, Chairs, Prefers compact designs #323](154)" classname="tests.AddFurnitureLeadTest" time="0.0">
    <skipped message="Cannot invoke &quot;com.microsoft.playwright.Page.locator(String)&quot; because &quot;this.page&quot; is null"/>
  </testcase>
  <testcase name="addLeadForBasicFurnitureLead[Godrej, Kavya, Doshi, +56, Digital, Website, Dining, Bench, Visited showroom last week #44](155)" classname="tests.AddFurnitureLeadTest" time="0.0">
    <skipped message="Cannot invoke &quot;com.microsoft.playwright.Page.locator(String)&quot; because &quot;this.page&quot; is null"/>
  </testcase>
  <testcase name="addLeadForBasicFurnitureLead[Lofy Home Store, Jigar, Shukla, +90, Digital, Website, BedRoom, Bed, Looking for EMI options #301](156)" classname="tests.AddFurnitureLeadTest" time="0.0">
    <skipped message="Cannot invoke &quot;com.microsoft.playwright.Page.locator(String)&quot; because &quot;this.page&quot; is null"/>
  </testcase>
  <testcase name="addLeadForBasicFurnitureLead[Haworth, Neha, Parikh, +27, Digital, Website, BedRoom, Side Table, First-time buyer #470](157)" classname="tests.AddFurnitureLeadTest" time="0.0">
    <skipped message="Cannot invoke &quot;com.microsoft.playwright.Page.locator(String)&quot; because &quot;this.page&quot; is null"/>
  </testcase>
  <testcase name="addLeadForBasicFurnitureLead[Lofy Interior Solutions, Priya, Thakkar, +93, Digital, Website, BedRoom, Dressing, Looking for leather finish #39](158)" classname="tests.AddFurnitureLeadTest" time="0.0">
    <skipped message="Cannot invoke &quot;com.microsoft.playwright.Page.locator(String)&quot; because &quot;this.page&quot; is null"/>
  </testcase>
  <testcase name="addLeadForBasicFurnitureLead[Stanley - SLN, Rohit, Soni, +34, Digital, Website, BedRoom, Mattress, Interested in modern furniture #34](159)" classname="tests.AddFurnitureLeadTest" time="0.0">
    <skipped message="Cannot invoke &quot;com.microsoft.playwright.Page.locator(String)&quot; because &quot;this.page&quot; is null"/>
  </testcase>
  <testcase name="addLeadForBasicFurnitureLead[Stanley - SBC, Bhavna, Chaudhary, +252, Digital, Website, Study, Study Table, Asking for custom designs #463](160)" classname="tests.AddFurnitureLeadTest" time="0.0">
    <skipped message="Cannot invoke &quot;com.microsoft.playwright.Page.locator(String)&quot; because &quot;this.page&quot; is null"/>
  </testcase>
  <testcase name="addLeadForBasicFurnitureLead[Godrej, Kavya, Joshi, +238, Digital, Website, Study, Chairs, Visited showroom last week #228](161)" classname="tests.AddFurnitureLeadTest" time="0.0">
    <skipped message="Cannot invoke &quot;com.microsoft.playwright.Page.locator(String)&quot; because &quot;this.page&quot; is null"/>
  </testcase>
  <testcase name="addLeadForBasicFurnitureLead[Lofy Home Store, Aarav, Patel, +44, Digital, Website, Study, Library Unit, Asking for fabric color options #66](162)" classname="tests.AddFurnitureLeadTest" time="0.0">
    <skipped message="Cannot invoke &quot;com.microsoft.playwright.Page.locator(String)&quot; because &quot;this.page&quot; is null"/>
  </testcase>
  <testcase name="addLeadForBasicFurnitureLead[Haworth, Rishi, Patel, +244, Digital, Website, Kitchen, Modular, Prefers wooden furniture #464](163)" classname="tests.AddFurnitureLeadTest" time="0.0">
    <skipped message="Cannot invoke &quot;com.microsoft.playwright.Page.locator(String)&quot; because &quot;this.page&quot; is null"/>
  </testcase>
  <testcase name="addLeadForBasicFurnitureLead[Lofy Interior Solutions, Mehul, Chaudhary, +43, Digital, Website, Kitchen, Semi-Modular, Checking stock availability #425](164)" classname="tests.AddFurnitureLeadTest" time="0.0">
    <skipped message="Cannot invoke &quot;com.microsoft.playwright.Page.locator(String)&quot; because &quot;this.page&quot; is null"/>
  </testcase>
  <testcase name="addLeadForBasicFurnitureLead[Stanley - SLN, Bhavna, Raval, +91, Digital, Website, Kitchen, Countertop, Asking for fabric color options #170](165)" classname="tests.AddFurnitureLeadTest" time="0.0">
    <skipped message="Cannot invoke &quot;com.microsoft.playwright.Page.locator(String)&quot; because &quot;this.page&quot; is null"/>
  </testcase>
  <testcase name="addLeadForBasicFurnitureLead[Stanley - SBC, Neha, Chaudhary, +235, Digital, Website, Kitchen, Appliances, Wants luxury and premium finish #22](166)" classname="tests.AddFurnitureLeadTest" time="0.0">
    <skipped message="Cannot invoke &quot;com.microsoft.playwright.Page.locator(String)&quot; because &quot;this.page&quot; is null"/>
  </testcase>
  <testcase name="addLeadForBasicFurnitureLead[Godrej, Karan, Dave, +243, Digital, Website, Wardrobes, Sliding, Prefers eco-friendly material #26](167)" classname="tests.AddFurnitureLeadTest" time="0.0">
    <skipped message="Cannot invoke &quot;com.microsoft.playwright.Page.locator(String)&quot; because &quot;this.page&quot; is null"/>
  </testcase>
  <testcase name="addLeadForBasicFurnitureLead[Lofy Home Store, Hetal, Bhatt, +31, Digital, Website, Wardrobes, Hinged, Need delivery within a week #474](168)" classname="tests.AddFurnitureLeadTest" time="0.0">
    <skipped message="Cannot invoke &quot;com.microsoft.playwright.Page.locator(String)&quot; because &quot;this.page&quot; is null"/>
  </testcase>
  <testcase name="addLeadForBasicFurnitureLead[Haworth, Mehul, Shukla, +236, Digital, Website, Wardrobes, Walk-in, Looking for EMI options #222](169)" classname="tests.AddFurnitureLeadTest" time="0.0">
    <skipped message="Cannot invoke &quot;com.microsoft.playwright.Page.locator(String)&quot; because &quot;this.page&quot; is null"/>
  </testcase>
  <testcase name="addLeadForBasicFurnitureLead[Lofy Interior Solutions, Anjali, Trivedi, +224, Digital, Website, Office, WorkStations, Looking for leather finish #371](170)" classname="tests.AddFurnitureLeadTest" time="0.0">
    <skipped message="Cannot invoke &quot;com.microsoft.playwright.Page.locator(String)&quot; because &quot;this.page&quot; is null"/>
  </testcase>
  <testcase name="addLeadForBasicFurnitureLead[Stanley - SLN, Anjali, Kapoor, +93, Digital, Website, Office, Conference Table, Interested in outdoor furniture #255](171)" classname="tests.AddFurnitureLeadTest" time="0.0">
    <skipped message="Cannot invoke &quot;com.microsoft.playwright.Page.locator(String)&quot; because &quot;this.page&quot; is null"/>
  </testcase>
  <testcase name="addLeadForBasicFurnitureLead[Stanley - SBC, Karan, Shukla, +45, Digital, Website, Office, Cabin Setup, Interested in modern furniture #196](172)" classname="tests.AddFurnitureLeadTest" time="0.0">
    <skipped message="Cannot invoke &quot;com.microsoft.playwright.Page.locator(String)&quot; because &quot;this.page&quot; is null"/>
  </testcase>
  <testcase name="addLeadForBasicFurnitureLead[Godrej, Karan, Trivedi, +90, Digital, Website, Outdoor, Patio, Prefers compact designs #219](173)" classname="tests.AddFurnitureLeadTest" time="0.0">
    <skipped message="Cannot invoke &quot;com.microsoft.playwright.Page.locator(String)&quot; because &quot;this.page&quot; is null"/>
  </testcase>
  <testcase name="addLeadForBasicFurnitureLead[Lofy Home Store, Neha, Shukla, +220, Digital, Website, Outdoor, Swing, Need delivery within a week #182](174)" classname="tests.AddFurnitureLeadTest" time="0.0">
    <skipped message="Cannot invoke &quot;com.microsoft.playwright.Page.locator(String)&quot; because &quot;this.page&quot; is null"/>
  </testcase>
  <testcase name="addLeadForBasicFurnitureLead[Haworth, Sonal, Vyas, +46, Digital, Website, Outdoor, Garden Seating, Asking for custom designs #466](175)" classname="tests.AddFurnitureLeadTest" time="0.0">
    <skipped message="Cannot invoke &quot;com.microsoft.playwright.Page.locator(String)&quot; because &quot;this.page&quot; is null"/>
  </testcase>
  <testcase name="addLeadForBasicFurnitureLead[Lofy Interior Solutions, Mina, Soni, +255, Digital, Website, Turkey Solution, Full Home Package(Design + Execution + Furniture), Need delivery within a week #141](176)" classname="tests.AddFurnitureLeadTest" time="0.0">
    <skipped message="Cannot invoke &quot;com.microsoft.playwright.Page.locator(String)&quot; because &quot;this.page&quot; is null"/>
  </testcase>
  <testcase name="addLeadForBasicFurnitureLead[Stanley - SLN, Pooja, Gandhi, +53, Digital, Website, Project Management Consultancy, Project Advisory, First-time buyer #229](177)" classname="tests.AddFurnitureLeadTest" time="0.0">
    <skipped message="Cannot invoke &quot;com.microsoft.playwright.Page.locator(String)&quot; because &quot;this.page&quot; is null"/>
  </testcase>
  <testcase name="addLeadForBasicFurnitureLead[Stanley - SBC, Sonal, Choksi, +240, Digital, Website, Project Management Consultancy, Costing, Requesting catalog #77](178)" classname="tests.AddFurnitureLeadTest" time="0.0">
    <skipped message="Cannot invoke &quot;com.microsoft.playwright.Page.locator(String)&quot; because &quot;this.page&quot; is null"/>
  </testcase>
  <testcase name="addLeadForBasicFurnitureLead[Godrej, Bhavna, Patel, +82, Digital, Website, Project Management Consultancy, Vendor Management, Looking for budget-friendly options #315](179)" classname="tests.AddFurnitureLeadTest" time="0.0">
    <skipped message="Cannot invoke &quot;com.microsoft.playwright.Page.locator(String)&quot; because &quot;this.page&quot; is null"/>
  </testcase>
  <testcase name="addLeadForBasicFurnitureLead[Lofy Home Store, Sonal, Joshi, +244, Digital, Website, Execution, Carpentry, Customer referred by friend #316](180)" classname="tests.AddFurnitureLeadTest" time="0.0">
    <skipped message="Cannot invoke &quot;com.microsoft.playwright.Page.locator(String)&quot; because &quot;this.page&quot; is null"/>
  </testcase>
  <testcase name="addLeadForBasicFurnitureLead[Haworth, Aarav, Chaudhary, +225, Digital, Website, Execution, Civil, Repeat customer inquiry #332](181)" classname="tests.AddFurnitureLeadTest" time="0.0">
    <skipped message="Cannot invoke &quot;com.microsoft.playwright.Page.locator(String)&quot; because &quot;this.page&quot; is null"/>
  </testcase>
  <testcase name="addLeadForBasicFurnitureLead[Lofy Interior Solutions, Nirav, Dave, +58, Digital, Website, Execution, Electrical, Requesting bulk order discount #256](182)" classname="tests.AddFurnitureLeadTest" time="0.0">
    <skipped message="Cannot invoke &quot;com.microsoft.playwright.Page.locator(String)&quot; because &quot;this.page&quot; is null"/>
  </testcase>
  <testcase name="addLeadForBasicFurnitureLead[Stanley - SLN, Mina, Vyas, +52, Digital, Website, Execution, Finishing only, Checking modular kitchen options #452](183)" classname="tests.AddFurnitureLeadTest" time="0.0">
    <skipped message="Cannot invoke &quot;com.microsoft.playwright.Page.locator(String)&quot; because &quot;this.page&quot; is null"/>
  </testcase>
  <testcase name="addLeadForBasicFurnitureLead[Stanley - SBC, Neha, Thakkar, +235, Digital, Website, Design only, 2D/3D Layouts, Payment flexibility needed #246](184)" classname="tests.AddFurnitureLeadTest" time="0.0">
    <skipped message="Cannot invoke &quot;com.microsoft.playwright.Page.locator(String)&quot; because &quot;this.page&quot; is null"/>
  </testcase>
  <testcase name="addLeadForBasicFurnitureLead[Godrej, Dhruv, Chaudhary, +62, Digital, Website, Design only, Material Selection, Looking for budget-friendly options #45](185)" classname="tests.AddFurnitureLeadTest" time="0.0">
    <skipped message="Cannot invoke &quot;com.microsoft.playwright.Page.locator(String)&quot; because &quot;this.page&quot; is null"/>
  </testcase>
  <testcase name="addLeadForBasicFurnitureLead[Lofy Home Store, Kavya, Desai, +56, Digital, Facebook, Living, Sofa, First-time buyer #197](186)" classname="tests.AddFurnitureLeadTest" time="0.0">
    <skipped message="Cannot invoke &quot;com.microsoft.playwright.Page.locator(String)&quot; because &quot;this.page&quot; is null"/>
  </testcase>
  <testcase name="addLeadForBasicFurnitureLead[Haworth, Jigar, Gandhi, +31, Digital, Facebook, Living, Recliner, Urgent requirement #215](187)" classname="tests.AddFurnitureLeadTest" time="0.0">
    <skipped message="Cannot invoke &quot;com.microsoft.playwright.Page.locator(String)&quot; because &quot;this.page&quot; is null"/>
  </testcase>
  <testcase name="addLeadForBasicFurnitureLead[Lofy Interior Solutions, Neha, Joshi, +248, Digital, Facebook, Living, Coffee Table, Asking for custom designs #330](188)" classname="tests.AddFurnitureLeadTest" time="0.0">
    <skipped message="Cannot invoke &quot;com.microsoft.playwright.Page.locator(String)&quot; because &quot;this.page&quot; is null"/>
  </testcase>
  <testcase name="addLeadForBasicFurnitureLead[Stanley - SLN, Pooja, Desai, +222, Digital, Facebook, Living, TV Unit, Requesting catalog #409](189)" classname="tests.AddFurnitureLeadTest" time="0.0">
    <skipped message="Cannot invoke &quot;com.microsoft.playwright.Page.locator(String)&quot; because &quot;this.page&quot; is null"/>
  </testcase>
  <testcase name="addLeadForBasicFurnitureLead[Stanley - SBC, Neha, Vyas, +260, Digital, Facebook, Dining, Dining Table, Request for free installation #128](190)" classname="tests.AddFurnitureLeadTest" time="0.0">
    <skipped message="Cannot invoke &quot;com.microsoft.playwright.Page.locator(String)&quot; because &quot;this.page&quot; is null"/>
  </testcase>
  <testcase name="addLeadForBasicFurnitureLead[Godrej, Pooja, Gandhi, +220, Digital, Facebook, Dining, Chairs, Visited showroom last week #411](191)" classname="tests.AddFurnitureLeadTest" time="0.0">
    <skipped message="Cannot invoke &quot;com.microsoft.playwright.Page.locator(String)&quot; because &quot;this.page&quot; is null"/>
  </testcase>
  <testcase name="addLeadForBasicFurnitureLead[Lofy Home Store, Rina, Kapoor, +253, Digital, Facebook, Dining, Bench, Payment flexibility needed #407](192)" classname="tests.AddFurnitureLeadTest" time="0.0">
    <skipped message="Cannot invoke &quot;com.microsoft.playwright.Page.locator(String)&quot; because &quot;this.page&quot; is null"/>
  </testcase>
  <testcase name="addLeadForBasicFurnitureLead[Haworth, Mehul, Vyas, +43, Digital, Facebook, BedRoom, Bed, Interested in modern furniture #196](193)" classname="tests.AddFurnitureLeadTest" time="0.0">
    <skipped message="Cannot invoke &quot;com.microsoft.playwright.Page.locator(String)&quot; because &quot;this.page&quot; is null"/>
  </testcase>
  <testcase name="addLeadForBasicFurnitureLead[Lofy Interior Solutions, Anjali, Doshi, +53, Digital, Facebook, BedRoom, Side Table, Asking for fabric color options #366](194)" classname="tests.AddFurnitureLeadTest" time="0.0">
    <skipped message="Cannot invoke &quot;com.microsoft.playwright.Page.locator(String)&quot; because &quot;this.page&quot; is null"/>
  </testcase>
  <testcase name="addLeadForBasicFurnitureLead[Stanley - SLN, Karan, Shukla, +241, Digital, Facebook, BedRoom, Dressing, Wants kids&apos; room furniture #246](195)" classname="tests.AddFurnitureLeadTest" time="0.0">
    <skipped message="Cannot invoke &quot;com.microsoft.playwright.Page.locator(String)&quot; because &quot;this.page&quot; is null"/>
  </testcase>
  <testcase name="addLeadForBasicFurnitureLead[Stanley - SBC, Dhruv, Desai, +45, Digital, Facebook, BedRoom, Mattress, Payment flexibility needed #401](196)" classname="tests.AddFurnitureLeadTest" time="0.0">
    <skipped message="Cannot invoke &quot;com.microsoft.playwright.Page.locator(String)&quot; because &quot;this.page&quot; is null"/>
  </testcase>
  <testcase name="addLeadForBasicFurnitureLead[Godrej, Rina, Chaudhary, +229, Digital, Facebook, Study, Study Table, Enquiring about warranty period #177](197)" classname="tests.AddFurnitureLeadTest" time="0.0">
    <skipped message="Cannot invoke &quot;com.microsoft.playwright.Page.locator(String)&quot; because &quot;this.page&quot; is null"/>
  </testcase>
  <testcase name="addLeadForBasicFurnitureLead[Lofy Home Store, Anjali, Trivedi, +225, Digital, Facebook, Study, Chairs, Interested in seasonal discount #290](198)" classname="tests.AddFurnitureLeadTest" time="0.0">
    <skipped message="Cannot invoke &quot;com.microsoft.playwright.Page.locator(String)&quot; because &quot;this.page&quot; is null"/>
  </testcase>
  <testcase name="addLeadForBasicFurnitureLead[Haworth, Rohit, Mehta, +240, Digital, Facebook, Study, Library Unit, Request for free installation #165](199)" classname="tests.AddFurnitureLeadTest" time="0.0">
    <skipped message="Cannot invoke &quot;com.microsoft.playwright.Page.locator(String)&quot; because &quot;this.page&quot; is null"/>
  </testcase>
  <testcase name="addLeadForBasicFurnitureLead[Lofy Interior Solutions, Sonal, Modi, +51, Digital, Facebook, Kitchen, Modular, Interested in outdoor furniture #139](200)" classname="tests.AddFurnitureLeadTest" time="0.0">
    <skipped message="Cannot invoke &quot;com.microsoft.playwright.Page.locator(String)&quot; because &quot;this.page&quot; is null"/>
  </testcase>
  <testcase name="addLeadForBasicFurnitureLead[Stanley - SLN, Mehul, Kapoor, +65, Digital, Facebook, Kitchen, Semi-Modular, Need delivery within a week #14](201)" classname="tests.AddFurnitureLeadTest" time="0.0">
    <skipped message="Cannot invoke &quot;com.microsoft.playwright.Page.locator(String)&quot; because &quot;this.page&quot; is null"/>
  </testcase>
  <testcase name="addLeadForBasicFurnitureLead[Stanley - SBC, Mehul, Shah, +251, Digital, Facebook, Kitchen, Countertop, Looking for office furniture #306](202)" classname="tests.AddFurnitureLeadTest" time="0.0">
    <skipped message="Cannot invoke &quot;com.microsoft.playwright.Page.locator(String)&quot; because &quot;this.page&quot; is null"/>
  </testcase>
  <testcase name="addLeadForBasicFurnitureLead[Godrej, Kavya, Chaudhary, +236, Digital, Facebook, Kitchen, Appliances, Repeat customer inquiry #16](203)" classname="tests.AddFurnitureLeadTest" time="0.0">
    <skipped message="Cannot invoke &quot;com.microsoft.playwright.Page.locator(String)&quot; because &quot;this.page&quot; is null"/>
  </testcase>
  <testcase name="addLeadForBasicFurnitureLead[Lofy Home Store, Rina, Raval, 62, Digital, Facebook, Wardrobes, Sliding, Requesting catalog #416](204)" classname="tests.AddFurnitureLeadTest" time="0.0">
    <skipped message="Cannot invoke &quot;com.microsoft.playwright.Page.locator(String)&quot; because &quot;this.page&quot; is null"/>
  </testcase>
  <testcase name="addLeadForBasicFurnitureLead[Haworth, Bhavna, Dave, +36, Digital, Facebook, Wardrobes, Hinged, Wants matching dining set #144](205)" classname="tests.AddFurnitureLeadTest" time="0.0">
    <skipped message="Cannot invoke &quot;com.microsoft.playwright.Page.locator(String)&quot; because &quot;this.page&quot; is null"/>
  </testcase>
  <testcase name="addLeadForBasicFurnitureLead[Lofy Interior Solutions, Jigar, Raval, +66, Digital, Facebook, Wardrobes, Walk-in, Looking for budget-friendly options #415](206)" classname="tests.AddFurnitureLeadTest" time="0.0">
    <skipped message="Cannot invoke &quot;com.microsoft.playwright.Page.locator(String)&quot; because &quot;this.page&quot; is null"/>
  </testcase>
  <testcase name="addLeadForBasicFurnitureLead[Stanley - SLN, Mehul, Trivedi, +239, Digital, Facebook, Office, WorkStations, Enquiring about warranty period #272](207)" classname="tests.AddFurnitureLeadTest" time="0.0">
    <skipped message="Cannot invoke &quot;com.microsoft.playwright.Page.locator(String)&quot; because &quot;this.page&quot; is null"/>
  </testcase>
  <testcase name="addLeadForBasicFurnitureLead[Stanley - SBC, Hetal, Trivedi, +49, Digital, Facebook, Office, Conference Table, Wants kids&apos; room furniture #393](208)" classname="tests.AddFurnitureLeadTest" time="0.0">
    <skipped message="Cannot invoke &quot;com.microsoft.playwright.Page.locator(String)&quot; because &quot;this.page&quot; is null"/>
  </testcase>
  <testcase name="addLeadForBasicFurnitureLead[Godrej, Bhavna, Chaudhary, +258, Digital, Facebook, Office, Cabin Setup, Looking for EMI options #120](209)" classname="tests.AddFurnitureLeadTest" time="0.0">
    <skipped message="Cannot invoke &quot;com.microsoft.playwright.Page.locator(String)&quot; because &quot;this.page&quot; is null"/>
  </testcase>
  <testcase name="addLeadForBasicFurnitureLead[Lofy Home Store, Rina, Chaudhary, +58, Digital, Facebook, Outdoor, Patio, Need delivery within a week #52](210)" classname="tests.AddFurnitureLeadTest" time="0.0">
    <skipped message="Cannot invoke &quot;com.microsoft.playwright.Page.locator(String)&quot; because &quot;this.page&quot; is null"/>
  </testcase>
  <testcase name="addLeadForBasicFurnitureLead[Haworth, Rohit, Chaudhary, +221, Digital, Facebook, Outdoor, Swing, Repeat customer inquiry #337](211)" classname="tests.AddFurnitureLeadTest" time="0.0">
    <skipped message="Cannot invoke &quot;com.microsoft.playwright.Page.locator(String)&quot; because &quot;this.page&quot; is null"/>
  </testcase>
  <testcase name="addLeadForBasicFurnitureLead[Lofy Interior Solutions, Bhavna, Raval, +229, Digital, Facebook, Outdoor, Garden Seating, Repeat customer inquiry #137](212)" classname="tests.AddFurnitureLeadTest" time="0.0">
    <skipped message="Cannot invoke &quot;com.microsoft.playwright.Page.locator(String)&quot; because &quot;this.page&quot; is null"/>
  </testcase>
  <testcase name="addLeadForBasicFurnitureLead[Stanley - SLN, Kavya, Kapoor, +57, Digital, Facebook, Turkey Solution, Full Home Package(Design + Execution + Furniture), Payment flexibility needed #418](213)" classname="tests.AddFurnitureLeadTest" time="0.0">
    <skipped message="Cannot invoke &quot;com.microsoft.playwright.Page.locator(String)&quot; because &quot;this.page&quot; is null"/>
  </testcase>
  <testcase name="addLeadForBasicFurnitureLead[Stanley - SBC, Priya, Modi, +244, Digital, Facebook, Project Management Consultancy, Project Advisory, Asking for fabric color options #470](214)" classname="tests.AddFurnitureLeadTest" time="0.0">
    <skipped message="Cannot invoke &quot;com.microsoft.playwright.Page.locator(String)&quot; because &quot;this.page&quot; is null"/>
  </testcase>
  <testcase name="addLeadForBasicFurnitureLead[Godrej, Viren, Soni, +243, Digital, Facebook, Project Management Consultancy, Costing, Interested in sofa sets #29](215)" classname="tests.AddFurnitureLeadTest" time="0.0">
    <skipped message="Cannot invoke &quot;com.microsoft.playwright.Page.locator(String)&quot; because &quot;this.page&quot; is null"/>
  </testcase>
  <testcase name="addLeadForBasicFurnitureLead[Lofy Home Store, Mehul, Trivedi, +1, Digital, Facebook, Project Management Consultancy, Vendor Management, Wants matching dining set #486](216)" classname="tests.AddFurnitureLeadTest" time="0.0">
    <skipped message="Cannot invoke &quot;com.microsoft.playwright.Page.locator(String)&quot; because &quot;this.page&quot; is null"/>
  </testcase>
  <testcase name="addLeadForBasicFurnitureLead[Haworth, Mina, Thakkar, +216, Digital, Facebook, Execution, Carpentry, Repeat customer inquiry #295](217)" classname="tests.AddFurnitureLeadTest" time="0.0">
    <skipped message="Cannot invoke &quot;com.microsoft.playwright.Page.locator(String)&quot; because &quot;this.page&quot; is null"/>
  </testcase>
  <testcase name="addLeadForBasicFurnitureLead[Lofy Interior Solutions, Bhavna, Parikh, +239, Digital, Facebook, Execution, Civil, Checking stock availability #409](218)" classname="tests.AddFurnitureLeadTest" time="0.0">
    <skipped message="Cannot invoke &quot;com.microsoft.playwright.Page.locator(String)&quot; because &quot;this.page&quot; is null"/>
  </testcase>
  <testcase name="addLeadForBasicFurnitureLead[Stanley - SLN, Rishi, Gandhi, +60, Digital, Facebook, Execution, Electrical, Interested in outdoor furniture #182](219)" classname="tests.AddFurnitureLeadTest" time="0.0">
    <skipped message="Cannot invoke &quot;com.microsoft.playwright.Page.locator(String)&quot; because &quot;this.page&quot; is null"/>
  </testcase>
  <testcase name="addLeadForBasicFurnitureLead[Stanley - SBC, Viren, Gandhi, +232, Digital, Facebook, Execution, Finishing only, Interested in seasonal discount #430](220)" classname="tests.AddFurnitureLeadTest" time="0.0">
    <skipped message="Cannot invoke &quot;com.microsoft.playwright.Page.locator(String)&quot; because &quot;this.page&quot; is null"/>
  </testcase>
  <testcase name="addLeadForBasicFurnitureLead[Godrej, Neha, Raval, +94, Digital, Facebook, Design only, 2D/3D Layouts, Checking stock availability #89](221)" classname="tests.AddFurnitureLeadTest" time="0.0">
    <skipped message="Cannot invoke &quot;com.microsoft.playwright.Page.locator(String)&quot; because &quot;this.page&quot; is null"/>
  </testcase>
  <testcase name="addLeadForBasicFurnitureLead[Lofy Home Store, Pooja, Gandhi, +52, Digital, Facebook, Design only, Material Selection, Need delivery within a week #122](222)" classname="tests.AddFurnitureLeadTest" time="0.0">
    <skipped message="Cannot invoke &quot;com.microsoft.playwright.Page.locator(String)&quot; because &quot;this.page&quot; is null"/>
  </testcase>
  <testcase name="addLeadForBasicFurnitureLead[Haworth, Aarav, Shukla, +46, Digital, Instagram, Living, Sofa, Looking for EMI options #163](223)" classname="tests.AddFurnitureLeadTest" time="0.0">
    <skipped message="Cannot invoke &quot;com.microsoft.playwright.Page.locator(String)&quot; because &quot;this.page&quot; is null"/>
  </testcase>
  <testcase name="addLeadForBasicFurnitureLead[Lofy Interior Solutions, Viren, Parikh, +218, Digital, Instagram, Living, Recliner, Asking for fabric color options #378](224)" classname="tests.AddFurnitureLeadTest" time="0.0">
    <skipped message="Cannot invoke &quot;com.microsoft.playwright.Page.locator(String)&quot; because &quot;this.page&quot; is null"/>
  </testcase>
  <testcase name="addLeadForBasicFurnitureLead[Stanley - SLN, Rina, Mehta, +252, Digital, Instagram, Living, Coffee Table, Looking for space-saving solutions #184](225)" classname="tests.AddFurnitureLeadTest" time="0.0">
    <skipped message="Cannot invoke &quot;com.microsoft.playwright.Page.locator(String)&quot; because &quot;this.page&quot; is null"/>
  </testcase>
  <testcase name="addLeadForBasicFurnitureLead[Stanley - SBC, Krishna, Dave, +229, Digital, Instagram, Living, TV Unit, Interested in seasonal discount #303](226)" classname="tests.AddFurnitureLeadTest" time="0.0">
    <skipped message="Cannot invoke &quot;com.microsoft.playwright.Page.locator(String)&quot; because &quot;this.page&quot; is null"/>
  </testcase>
  <testcase name="addLeadForBasicFurnitureLead[Godrej, Viren, Mehta, +65, Digital, Instagram, Dining, Dining Table, Interested in modern furniture #361](227)" classname="tests.AddFurnitureLeadTest" time="0.0">
    <skipped message="Cannot invoke &quot;com.microsoft.playwright.Page.locator(String)&quot; because &quot;this.page&quot; is null"/>
  </testcase>
  <testcase name="addLeadForBasicFurnitureLead[Lofy Home Store, Mina, Shukla, +58, Digital, Instagram, Dining, Chairs, Looking for space-saving solutions #181](228)" classname="tests.AddFurnitureLeadTest" time="0.0">
    <skipped message="Cannot invoke &quot;com.microsoft.playwright.Page.locator(String)&quot; because &quot;this.page&quot; is null"/>
  </testcase>
  <testcase name="addLeadForBasicFurnitureLead[Haworth, Aarav, Bhatt, +94, Digital, Instagram, Dining, Bench, Looking for EMI options #289](229)" classname="tests.AddFurnitureLeadTest" time="0.0">
    <skipped message="Cannot invoke &quot;com.microsoft.playwright.Page.locator(String)&quot; because &quot;this.page&quot; is null"/>
  </testcase>
  <testcase name="addLeadForBasicFurnitureLead[Lofy Interior Solutions, Jigar, Vyas, +222, Digital, Instagram, BedRoom, Bed, Urgent requirement #289](230)" classname="tests.AddFurnitureLeadTest" time="0.0">
    <skipped message="Cannot invoke &quot;com.microsoft.playwright.Page.locator(String)&quot; because &quot;this.page&quot; is null"/>
  </testcase>
  <testcase name="addLeadForBasicFurnitureLead[Stanley - SLN, Rishi, Shah, +39, Digital, Instagram, BedRoom, Side Table, Asking for custom designs #429](231)" classname="tests.AddFurnitureLeadTest" time="0.0">
    <skipped message="Cannot invoke &quot;com.microsoft.playwright.Page.locator(String)&quot; because &quot;this.page&quot; is null"/>
  </testcase>
  <testcase name="addLeadForBasicFurnitureLead[Stanley - SBC, Aarav, Parikh, +239, Digital, Instagram, BedRoom, Dressing, Asking for fabric color options #452](232)" classname="tests.AddFurnitureLeadTest" time="0.0">
    <skipped message="Cannot invoke &quot;com.microsoft.playwright.Page.locator(String)&quot; because &quot;this.page&quot; is null"/>
  </testcase>
  <testcase name="addLeadForBasicFurnitureLead[Godrej, Sonal, Joshi, +60, Digital, Instagram, BedRoom, Mattress, Enquiring about warranty period #278](233)" classname="tests.AddFurnitureLeadTest" time="0.0">
    <skipped message="Cannot invoke &quot;com.microsoft.playwright.Page.locator(String)&quot; because &quot;this.page&quot; is null"/>
  </testcase>
  <testcase name="addLeadForBasicFurnitureLead[Lofy Home Store, Rohit, Raval, +253, Digital, Instagram, Study, Study Table, Requesting bulk order discount #90](234)" classname="tests.AddFurnitureLeadTest" time="0.0">
    <skipped message="Cannot invoke &quot;com.microsoft.playwright.Page.locator(String)&quot; because &quot;this.page&quot; is null"/>
  </testcase>
  <testcase name="addLeadForBasicFurnitureLead[Haworth, Aarav, Patel, +27, Digital, Instagram, Study, Chairs, Enquiring about warranty period #20](235)" classname="tests.AddFurnitureLeadTest" time="0.0">
    <skipped message="Cannot invoke &quot;com.microsoft.playwright.Page.locator(String)&quot; because &quot;this.page&quot; is null"/>
  </testcase>
  <testcase name="addLeadForBasicFurnitureLead[Lofy Interior Solutions, Rina, Doshi, +20, Digital, Instagram, Study, Library Unit, Prefers wooden furniture #29](236)" classname="tests.AddFurnitureLeadTest" time="0.0">
    <skipped message="Cannot invoke &quot;com.microsoft.playwright.Page.locator(String)&quot; because &quot;this.page&quot; is null"/>
  </testcase>
  <testcase name="addLeadForBasicFurnitureLead[Stanley - SLN, Sonal, Vyas, +46, Digital, Instagram, Kitchen, Modular, Repeat customer inquiry #309](237)" classname="tests.AddFurnitureLeadTest" time="0.0">
    <skipped message="Cannot invoke &quot;com.microsoft.playwright.Page.locator(String)&quot; because &quot;this.page&quot; is null"/>
  </testcase>
  <testcase name="addLeadForBasicFurnitureLead[Stanley - SBC, Pooja, Doshi, +44, Digital, Instagram, Kitchen, Semi-Modular, Repeat customer inquiry #11](238)" classname="tests.AddFurnitureLeadTest" time="0.0">
    <skipped message="Cannot invoke &quot;com.microsoft.playwright.Page.locator(String)&quot; because &quot;this.page&quot; is null"/>
  </testcase>
  <testcase name="addLeadForBasicFurnitureLead[Godrej, Jigar, Desai, +260, Digital, Instagram, Kitchen, Countertop, Request for free installation #245](239)" classname="tests.AddFurnitureLeadTest" time="0.0">
    <skipped message="Cannot invoke &quot;com.microsoft.playwright.Page.locator(String)&quot; because &quot;this.page&quot; is null"/>
  </testcase>
  <testcase name="addLeadForBasicFurnitureLead[Lofy Home Store, Dhruv, Mehta, +212, Digital, Instagram, Kitchen, Appliances, Interested in modern furniture #170](240)" classname="tests.AddFurnitureLeadTest" time="0.0">
    <skipped message="Cannot invoke &quot;com.microsoft.playwright.Page.locator(String)&quot; because &quot;this.page&quot; is null"/>
  </testcase>
  <testcase name="addLeadForBasicFurnitureLead[Haworth, Pooja, Parikh, 91, Digital, Instagram, Wardrobes, Sliding, Interested in seasonal discount #315](241)" classname="tests.AddFurnitureLeadTest" time="0.0">
    <skipped message="Cannot invoke &quot;com.microsoft.playwright.Page.locator(String)&quot; because &quot;this.page&quot; is null"/>
  </testcase>
  <testcase name="addLeadForBasicFurnitureLead[Lofy Interior Solutions, Nirav, Parikh, +51, Digital, Instagram, Wardrobes, Hinged, Asking for custom designs #413](242)" classname="tests.AddFurnitureLeadTest" time="0.0">
    <skipped message="Cannot invoke &quot;com.microsoft.playwright.Page.locator(String)&quot; because &quot;this.page&quot; is null"/>
  </testcase>
  <testcase name="addLeadForBasicFurnitureLead[Stanley - SLN, Krishna, Vyas, +244, Digital, Instagram, Wardrobes, Walk-in, Urgent requirement #175](243)" classname="tests.AddFurnitureLeadTest" time="0.0">
    <skipped message="Cannot invoke &quot;com.microsoft.playwright.Page.locator(String)&quot; because &quot;this.page&quot; is null"/>
  </testcase>
  <testcase name="addLeadForBasicFurnitureLead[Stanley - SBC, Viren, Desai, +90, Digital, Instagram, Office, WorkStations, Looking for space-saving solutions #91](244)" classname="tests.AddFurnitureLeadTest" time="0.0">
    <skipped message="Cannot invoke &quot;com.microsoft.playwright.Page.locator(String)&quot; because &quot;this.page&quot; is null"/>
  </testcase>
  <testcase name="addLeadForBasicFurnitureLead[Godrej, Hetal, Dave, +262, Digital, Instagram, Office, Conference Table, Interested in seasonal discount #411](245)" classname="tests.AddFurnitureLeadTest" time="0.0">
    <skipped message="Cannot invoke &quot;com.microsoft.playwright.Page.locator(String)&quot; because &quot;this.page&quot; is null"/>
  </testcase>
  <testcase name="addLeadForBasicFurnitureLead[Lofy Home Store, Mina, Doshi, +245, Digital, Instagram, Office, Cabin Setup, Checking stock availability #445](246)" classname="tests.AddFurnitureLeadTest" time="0.0">
    <skipped message="Cannot invoke &quot;com.microsoft.playwright.Page.locator(String)&quot; because &quot;this.page&quot; is null"/>
  </testcase>
  <testcase name="addLeadForBasicFurnitureLead[Haworth, Rina, Kapoor, +260, Digital, Instagram, Outdoor, Patio, Looking for office furniture #31](247)" classname="tests.AddFurnitureLeadTest" time="0.0">
    <skipped message="Cannot invoke &quot;com.microsoft.playwright.Page.locator(String)&quot; because &quot;this.page&quot; is null"/>
  </testcase>
  <testcase name="addLeadForBasicFurnitureLead[Lofy Interior Solutions, Anjali, Doshi, +257, Digital, Instagram, Outdoor, Swing, Interested in modern furniture #76](248)" classname="tests.AddFurnitureLeadTest" time="0.0">
    <skipped message="Cannot invoke &quot;com.microsoft.playwright.Page.locator(String)&quot; because &quot;this.page&quot; is null"/>
  </testcase>
  <testcase name="addLeadForBasicFurnitureLead[Stanley - SLN, Hetal, Gandhi, +242, Digital, Instagram, Outdoor, Garden Seating, Looking for EMI options #361](249)" classname="tests.AddFurnitureLeadTest" time="0.0">
    <skipped message="Cannot invoke &quot;com.microsoft.playwright.Page.locator(String)&quot; because &quot;this.page&quot; is null"/>
  </testcase>
  <testcase name="addLeadForBasicFurnitureLead[Stanley - SBC, Aarav, Gandhi, +238, Digital, Instagram, Turkey Solution, Full Home Package(Design + Execution + Furniture), Interested in seasonal discount #73](250)" classname="tests.AddFurnitureLeadTest" time="0.0">
    <skipped message="Cannot invoke &quot;com.microsoft.playwright.Page.locator(String)&quot; because &quot;this.page&quot; is null"/>
  </testcase>
  <testcase name="addLeadForBasicFurnitureLead[Godrej, Rina, Shukla, +212, Digital, Instagram, Project Management Consultancy, Project Advisory, Wants matching dining set #57](251)" classname="tests.AddFurnitureLeadTest" time="0.0">
    <skipped message="Cannot invoke &quot;com.microsoft.playwright.Page.locator(String)&quot; because &quot;this.page&quot; is null"/>
  </testcase>
  <testcase name="addLeadForBasicFurnitureLead[Lofy Home Store, Mehul, Bhatt, +252, Digital, Instagram, Project Management Consultancy, Costing, Checking stock availability #270](252)" classname="tests.AddFurnitureLeadTest" time="0.0">
    <skipped message="Cannot invoke &quot;com.microsoft.playwright.Page.locator(String)&quot; because &quot;this.page&quot; is null"/>
  </testcase>
  <testcase name="addLeadForBasicFurnitureLead[Haworth, Hetal, Desai, +222, Digital, Instagram, Project Management Consultancy, Vendor Management, Checking stock availability #187](253)" classname="tests.AddFurnitureLeadTest" time="0.0">
    <skipped message="Cannot invoke &quot;com.microsoft.playwright.Page.locator(String)&quot; because &quot;this.page&quot; is null"/>
  </testcase>
  <testcase name="addLeadForBasicFurnitureLead[Lofy Interior Solutions, Priya, Parikh, +224, Digital, Instagram, Execution, Carpentry, Prefers wooden furniture #192](254)" classname="tests.AddFurnitureLeadTest" time="0.0">
    <skipped message="Cannot invoke &quot;com.microsoft.playwright.Page.locator(String)&quot; because &quot;this.page&quot; is null"/>
  </testcase>
  <testcase name="addLeadForBasicFurnitureLead[Stanley - SLN, Krishna, Parikh, +228, Digital, Instagram, Execution, Civil, Looking for space-saving solutions #483](255)" classname="tests.AddFurnitureLeadTest" time="0.0">
    <skipped message="Cannot invoke &quot;com.microsoft.playwright.Page.locator(String)&quot; because &quot;this.page&quot; is null"/>
  </testcase>
  <testcase name="addLeadForBasicFurnitureLead[Stanley - SBC, Kavya, Bhatt, +53, Digital, Instagram, Execution, Electrical, Prefers compact designs #203](256)" classname="tests.AddFurnitureLeadTest" time="0.0">
    <skipped message="Cannot invoke &quot;com.microsoft.playwright.Page.locator(String)&quot; because &quot;this.page&quot; is null"/>
  </testcase>
  <testcase name="addLeadForBasicFurnitureLead[Godrej, Anjali, Thakkar, +238, Digital, Instagram, Execution, Finishing only, Looking for EMI options #52](257)" classname="tests.AddFurnitureLeadTest" time="0.0">
    <skipped message="Cannot invoke &quot;com.microsoft.playwright.Page.locator(String)&quot; because &quot;this.page&quot; is null"/>
  </testcase>
  <testcase name="addLeadForBasicFurnitureLead[Lofy Home Store, Pooja, Joshi, +224, Digital, Instagram, Design only, 2D/3D Layouts, Looking for office furniture #155](258)" classname="tests.AddFurnitureLeadTest" time="0.0">
    <skipped message="Cannot invoke &quot;com.microsoft.playwright.Page.locator(String)&quot; because &quot;this.page&quot; is null"/>
  </testcase>
  <testcase name="addLeadForBasicFurnitureLead[Haworth, Sonal, Modi, +63, Digital, Instagram, Design only, Material Selection, Looking for office furniture #70](259)" classname="tests.AddFurnitureLeadTest" time="0.0">
    <skipped message="Cannot invoke &quot;com.microsoft.playwright.Page.locator(String)&quot; because &quot;this.page&quot; is null"/>
  </testcase>
  <testcase name="addLeadForBasicFurnitureLead[Lofy Interior Solutions, Viren, Dave, +226, Digital, LinkedIn, Living, Sofa, Need delivery within a week #375](260)" classname="tests.AddFurnitureLeadTest" time="0.0">
    <skipped message="Cannot invoke &quot;com.microsoft.playwright.Page.locator(String)&quot; because &quot;this.page&quot; is null"/>
  </testcase>
  <testcase name="addLeadForBasicFurnitureLead[Stanley - SLN, Rohit, Dave, +229, Digital, LinkedIn, Living, Recliner, Checking modular kitchen options #406](261)" classname="tests.AddFurnitureLeadTest" time="0.0">
    <skipped message="Cannot invoke &quot;com.microsoft.playwright.Page.locator(String)&quot; because &quot;this.page&quot; is null"/>
  </testcase>
  <testcase name="addLeadForBasicFurnitureLead[Stanley - SBC, Sonal, Shukla, +27, Digital, LinkedIn, Living, Coffee Table, Visited showroom last week #492](262)" classname="tests.AddFurnitureLeadTest" time="0.0">
    <skipped message="Cannot invoke &quot;com.microsoft.playwright.Page.locator(String)&quot; because &quot;this.page&quot; is null"/>
  </testcase>
  <testcase name="addLeadForBasicFurnitureLead[Godrej, Nirav, Modi, +92, Digital, LinkedIn, Living, TV Unit, Enquiring about warranty period #333](263)" classname="tests.AddFurnitureLeadTest" time="0.0">
    <skipped message="Cannot invoke &quot;com.microsoft.playwright.Page.locator(String)&quot; because &quot;this.page&quot; is null"/>
  </testcase>
  <testcase name="addLeadForBasicFurnitureLead[Lofy Home Store, Pooja, Bhatt, +58, Digital, LinkedIn, Dining, Dining Table, Looking for office furniture #90](264)" classname="tests.AddFurnitureLeadTest" time="0.0">
    <skipped message="Cannot invoke &quot;com.microsoft.playwright.Page.locator(String)&quot; because &quot;this.page&quot; is null"/>
  </testcase>
  <testcase name="addLeadForBasicFurnitureLead[Haworth, Nirav, Trivedi, +65, Digital, LinkedIn, Dining, Chairs, Looking for space-saving solutions #496](265)" classname="tests.AddFurnitureLeadTest" time="0.0">
    <skipped message="Cannot invoke &quot;com.microsoft.playwright.Page.locator(String)&quot; because &quot;this.page&quot; is null"/>
  </testcase>
  <testcase name="addLeadForBasicFurnitureLead[Lofy Interior Solutions, Mina, Parikh, +246, Digital, LinkedIn, Dining, Bench, Payment flexibility needed #356](266)" classname="tests.AddFurnitureLeadTest" time="0.0">
    <skipped message="Cannot invoke &quot;com.microsoft.playwright.Page.locator(String)&quot; because &quot;this.page&quot; is null"/>
  </testcase>
  <testcase name="addLeadForBasicFurnitureLead[Stanley - SLN, Rohit, Soni, +7, Digital, LinkedIn, BedRoom, Bed, Requesting catalog #476](267)" classname="tests.AddFurnitureLeadTest" time="0.0">
    <skipped message="Cannot invoke &quot;com.microsoft.playwright.Page.locator(String)&quot; because &quot;this.page&quot; is null"/>
  </testcase>
  <testcase name="addLeadForBasicFurnitureLead[Stanley - SBC, Rina, Thakkar, +62, Digital, LinkedIn, BedRoom, Side Table, Customer referred by friend #403](268)" classname="tests.AddFurnitureLeadTest" time="0.0">
    <skipped message="Cannot invoke &quot;com.microsoft.playwright.Page.locator(String)&quot; because &quot;this.page&quot; is null"/>
  </testcase>
  <testcase name="addLeadForBasicFurnitureLead[Godrej, Rishi, Raval, +241, Digital, LinkedIn, BedRoom, Dressing, Wants kids&apos; room furniture #115](269)" classname="tests.AddFurnitureLeadTest" time="0.0">
    <skipped message="Cannot invoke &quot;com.microsoft.playwright.Page.locator(String)&quot; because &quot;this.page&quot; is null"/>
  </testcase>
  <testcase name="addLeadForBasicFurnitureLead[Lofy Home Store, Hetal, Thakkar, +230, Digital, LinkedIn, BedRoom, Mattress, Prefers compact designs #302](270)" classname="tests.AddFurnitureLeadTest" time="0.0">
    <skipped message="Cannot invoke &quot;com.microsoft.playwright.Page.locator(String)&quot; because &quot;this.page&quot; is null"/>
  </testcase>
  <testcase name="addLeadForBasicFurnitureLead[Haworth, Aarav, Doshi, +20, Digital, LinkedIn, Study, Study Table, Looking for leather finish #90](271)" classname="tests.AddFurnitureLeadTest" time="0.0">
    <skipped message="Cannot invoke &quot;com.microsoft.playwright.Page.locator(String)&quot; because &quot;this.page&quot; is null"/>
  </testcase>
  <testcase name="addLeadForBasicFurnitureLead[Lofy Interior Solutions, Jigar, Dave, +60, Digital, LinkedIn, Study, Chairs, Interested in outdoor furniture #158](272)" classname="tests.AddFurnitureLeadTest" time="0.0">
    <skipped message="Cannot invoke &quot;com.microsoft.playwright.Page.locator(String)&quot; because &quot;this.page&quot; is null"/>
  </testcase>
  <testcase name="addLeadForBasicFurnitureLead[Stanley - SLN, Viren, Soni, +63, Digital, LinkedIn, Study, Library Unit, Interested in sofa sets #353](273)" classname="tests.AddFurnitureLeadTest" time="0.0">
    <skipped message="Cannot invoke &quot;com.microsoft.playwright.Page.locator(String)&quot; because &quot;this.page&quot; is null"/>
  </testcase>
  <testcase name="addLeadForBasicFurnitureLead[Stanley - SBC, Hetal, Joshi, +244, Digital, LinkedIn, Kitchen, Modular, Requesting bulk order discount #66](274)" classname="tests.AddFurnitureLeadTest" time="0.0">
    <skipped message="Cannot invoke &quot;com.microsoft.playwright.Page.locator(String)&quot; because &quot;this.page&quot; is null"/>
  </testcase>
  <testcase name="addLeadForBasicFurnitureLead[Godrej, Nirav, Patel, +240, Digital, LinkedIn, Kitchen, Semi-Modular, Need delivery within a week #374](275)" classname="tests.AddFurnitureLeadTest" time="0.0">
    <skipped message="Cannot invoke &quot;com.microsoft.playwright.Page.locator(String)&quot; because &quot;this.page&quot; is null"/>
  </testcase>
  <testcase name="addLeadForBasicFurnitureLead[Lofy Home Store, Karan, Bhatt, +240, Digital, LinkedIn, Kitchen, Countertop, Interested in modern furniture #486](276)" classname="tests.AddFurnitureLeadTest" time="0.0">
    <skipped message="Cannot invoke &quot;com.microsoft.playwright.Page.locator(String)&quot; because &quot;this.page&quot; is null"/>
  </testcase>
  <testcase name="addLeadForBasicFurnitureLead[Haworth, Rishi, Choksi, +260, Digital, LinkedIn, Kitchen, Appliances, Looking for space-saving solutions #486](277)" classname="tests.AddFurnitureLeadTest" time="0.0">
    <skipped message="Cannot invoke &quot;com.microsoft.playwright.Page.locator(String)&quot; because &quot;this.page&quot; is null"/>
  </testcase>
  <testcase name="addLeadForBasicFurnitureLead[Lofy Interior Solutions, Nirav, Soni, +90, Digital, LinkedIn, Wardrobes, Sliding, Looking for EMI options #201](278)" classname="tests.AddFurnitureLeadTest" time="0.0">
    <skipped message="Cannot invoke &quot;com.microsoft.playwright.Page.locator(String)&quot; because &quot;this.page&quot; is null"/>
  </testcase>
  <testcase name="addLeadForBasicFurnitureLead[Stanley - SLN, Rishi, Trivedi, +45, Digital, LinkedIn, Wardrobes, Hinged, Checking stock availability #395](279)" classname="tests.AddFurnitureLeadTest" time="0.0">
    <skipped message="Cannot invoke &quot;com.microsoft.playwright.Page.locator(String)&quot; because &quot;this.page&quot; is null"/>
  </testcase>
  <testcase name="addLeadForBasicFurnitureLead[Stanley - SBC, Bhavna, Kapoor, +45, Digital, LinkedIn, Wardrobes, Walk-in, Looking for EMI options #17](280)" classname="tests.AddFurnitureLeadTest" time="0.0">
    <skipped message="Cannot invoke &quot;com.microsoft.playwright.Page.locator(String)&quot; because &quot;this.page&quot; is null"/>
  </testcase>
  <testcase name="addLeadForBasicFurnitureLead[Godrej, Rohit, Mehta, +58, Digital, LinkedIn, Office, WorkStations, Need delivery within a week #309](281)" classname="tests.AddFurnitureLeadTest" time="0.0">
    <skipped message="Cannot invoke &quot;com.microsoft.playwright.Page.locator(String)&quot; because &quot;this.page&quot; is null"/>
  </testcase>
  <testcase name="addLeadForBasicFurnitureLead[Lofy Home Store, Rohit, Trivedi, +245, Digital, LinkedIn, Office, Conference Table, Looking for office furniture #472](282)" classname="tests.AddFurnitureLeadTest" time="0.0">
    <skipped message="Cannot invoke &quot;com.microsoft.playwright.Page.locator(String)&quot; because &quot;this.page&quot; is null"/>
  </testcase>
  <testcase name="addLeadForBasicFurnitureLead[Haworth, Jigar, Dave, +55, Digital, LinkedIn, Office, Cabin Setup, Asking for fabric color options #496](283)" classname="tests.AddFurnitureLeadTest" time="0.0">
    <skipped message="Cannot invoke &quot;com.microsoft.playwright.Page.locator(String)&quot; because &quot;this.page&quot; is null"/>
  </testcase>
  <testcase name="addLeadForBasicFurnitureLead[Lofy Interior Solutions, Rohit, Kapoor, +211, Digital, LinkedIn, Outdoor, Patio, Customer referred by friend #114](284)" classname="tests.AddFurnitureLeadTest" time="0.0">
    <skipped message="Cannot invoke &quot;com.microsoft.playwright.Page.locator(String)&quot; because &quot;this.page&quot; is null"/>
  </testcase>
  <testcase name="addLeadForBasicFurnitureLead[Stanley - SLN, Karan, Trivedi, +7, Digital, LinkedIn, Outdoor, Swing, Visited showroom last week #290](285)" classname="tests.AddFurnitureLeadTest" time="0.0">
    <skipped message="Cannot invoke &quot;com.microsoft.playwright.Page.locator(String)&quot; because &quot;this.page&quot; is null"/>
  </testcase>
  <testcase name="addLeadForBasicFurnitureLead[Stanley - SBC, Aarav, Thakkar, +31, Digital, LinkedIn, Outdoor, Garden Seating, Wants luxury and premium finish #480](286)" classname="tests.AddFurnitureLeadTest" time="0.0">
    <skipped message="Cannot invoke &quot;com.microsoft.playwright.Page.locator(String)&quot; because &quot;this.page&quot; is null"/>
  </testcase>
  <testcase name="addLeadForBasicFurnitureLead[Godrej, Rishi, Desai, +84, Digital, LinkedIn, Turkey Solution, Full Home Package(Design + Execution + Furniture), Enquiring about warranty period #73](287)" classname="tests.AddFurnitureLeadTest" time="0.0">
    <skipped message="Cannot invoke &quot;com.microsoft.playwright.Page.locator(String)&quot; because &quot;this.page&quot; is null"/>
  </testcase>
  <testcase name="addLeadForBasicFurnitureLead[Lofy Home Store, Sonal, Kapoor, +232, Digital, LinkedIn, Project Management Consultancy, Project Advisory, Looking for office furniture #382](288)" classname="tests.AddFurnitureLeadTest" time="0.0">
    <skipped message="Cannot invoke &quot;com.microsoft.playwright.Page.locator(String)&quot; because &quot;this.page&quot; is null"/>
  </testcase>
  <testcase name="addLeadForBasicFurnitureLead[Haworth, Neha, Doshi, +7, Digital, LinkedIn, Project Management Consultancy, Costing, Prefers wooden furniture #122](289)" classname="tests.AddFurnitureLeadTest" time="0.0">
    <skipped message="Cannot invoke &quot;com.microsoft.playwright.Page.locator(String)&quot; because &quot;this.page&quot; is null"/>
  </testcase>
  <testcase name="addLeadForBasicFurnitureLead[Lofy Interior Solutions, Rishi, Raval, +231, Digital, LinkedIn, Project Management Consultancy, Vendor Management, Wants kids&apos; room furniture #164](290)" classname="tests.AddFurnitureLeadTest" time="0.0">
    <skipped message="Cannot invoke &quot;com.microsoft.playwright.Page.locator(String)&quot; because &quot;this.page&quot; is null"/>
  </testcase>
  <testcase name="addLeadForBasicFurnitureLead[Stanley - SLN, Viren, Parikh, +54, Digital, LinkedIn, Execution, Carpentry, Need delivery within a week #326](291)" classname="tests.AddFurnitureLeadTest" time="0.0">
    <skipped message="Cannot invoke &quot;com.microsoft.playwright.Page.locator(String)&quot; because &quot;this.page&quot; is null"/>
  </testcase>
  <testcase name="addLeadForBasicFurnitureLead[Stanley - SBC, Hetal, Vyas, +231, Digital, LinkedIn, Execution, Civil, Requesting catalog #494](292)" classname="tests.AddFurnitureLeadTest" time="0.0">
    <skipped message="Cannot invoke &quot;com.microsoft.playwright.Page.locator(String)&quot; because &quot;this.page&quot; is null"/>
  </testcase>
  <testcase name="addLeadForBasicFurnitureLead[Godrej, Viren, Trivedi, +34, Digital, LinkedIn, Execution, Electrical, Prefers wooden furniture #421](293)" classname="tests.AddFurnitureLeadTest" time="0.0">
    <skipped message="Cannot invoke &quot;com.microsoft.playwright.Page.locator(String)&quot; because &quot;this.page&quot; is null"/>
  </testcase>
  <testcase name="addLeadForBasicFurnitureLead[Lofy Home Store, Anjali, Soni, +36, Digital, LinkedIn, Execution, Finishing only, Looking for space-saving solutions #344](294)" classname="tests.AddFurnitureLeadTest" time="0.0">
    <skipped message="Cannot invoke &quot;com.microsoft.playwright.Page.locator(String)&quot; because &quot;this.page&quot; is null"/>
  </testcase>
  <testcase name="addLeadForBasicFurnitureLead[Haworth, Jigar, Mehta, +49, Digital, LinkedIn, Design only, 2D/3D Layouts, Visited showroom last week #374](295)" classname="tests.AddFurnitureLeadTest" time="0.0">
    <skipped message="Cannot invoke &quot;com.microsoft.playwright.Page.locator(String)&quot; because &quot;this.page&quot; is null"/>
  </testcase>
  <testcase name="addLeadForBasicFurnitureLead[Lofy Interior Solutions, Hetal, Chaudhary, +63, Digital, LinkedIn, Design only, Material Selection, Requesting catalog #172](296)" classname="tests.AddFurnitureLeadTest" time="0.0">
    <skipped message="Cannot invoke &quot;com.microsoft.playwright.Page.locator(String)&quot; because &quot;this.page&quot; is null"/>
  </testcase>
  <testcase name="addLeadForBasicFurnitureLead[Stanley - SLN, Krishna, Shukla, +222, Digital, SMS, Living, Sofa, Prefers eco-friendly material #6](297)" classname="tests.AddFurnitureLeadTest" time="0.0">
    <skipped message="Cannot invoke &quot;com.microsoft.playwright.Page.locator(String)&quot; because &quot;this.page&quot; is null"/>
  </testcase>
  <testcase name="addLeadForBasicFurnitureLead[Stanley - SBC, Hetal, Soni, +236, Digital, SMS, Living, Recliner, First-time buyer #108](298)" classname="tests.AddFurnitureLeadTest" time="0.0">
    <skipped message="Cannot invoke &quot;com.microsoft.playwright.Page.locator(String)&quot; because &quot;this.page&quot; is null"/>
  </testcase>
  <testcase name="addLeadForBasicFurnitureLead[Godrej, Karan, Gandhi, +225, Digital, SMS, Living, Coffee Table, Repeat customer inquiry #355](299)" classname="tests.AddFurnitureLeadTest" time="0.0">
    <skipped message="Cannot invoke &quot;com.microsoft.playwright.Page.locator(String)&quot; because &quot;this.page&quot; is null"/>
  </testcase>
  <testcase name="addLeadForBasicFurnitureLead[Lofy Home Store, Pooja, Thakkar, +245, Digital, SMS, Living, TV Unit, Prefers wooden furniture #180](300)" classname="tests.AddFurnitureLeadTest" time="0.0">
    <skipped message="Cannot invoke &quot;com.microsoft.playwright.Page.locator(String)&quot; because &quot;this.page&quot; is null"/>
  </testcase>
  <testcase name="addLeadForBasicFurnitureLead[Haworth, Hetal, Soni, +242, Digital, SMS, Dining, Dining Table, First-time buyer #403](301)" classname="tests.AddFurnitureLeadTest" time="0.0">
    <skipped message="Cannot invoke &quot;com.microsoft.playwright.Page.locator(String)&quot; because &quot;this.page&quot; is null"/>
  </testcase>
  <testcase name="addLeadForBasicFurnitureLead[Lofy Interior Solutions, Krishna, Dave, +41, Digital, SMS, Dining, Chairs, Wants luxury and premium finish #369](302)" classname="tests.AddFurnitureLeadTest" time="0.0">
    <skipped message="Cannot invoke &quot;com.microsoft.playwright.Page.locator(String)&quot; because &quot;this.page&quot; is null"/>
  </testcase>
  <testcase name="addLeadForBasicFurnitureLead[Stanley - SLN, Aarav, Chaudhary, +58, Digital, SMS, Dining, Bench, Interested in modern furniture #25](303)" classname="tests.AddFurnitureLeadTest" time="0.0">
    <skipped message="Cannot invoke &quot;com.microsoft.playwright.Page.locator(String)&quot; because &quot;this.page&quot; is null"/>
  </testcase>
  <testcase name="addLeadForBasicFurnitureLead[Stanley - SBC, Neha, Trivedi, +39, Digital, SMS, BedRoom, Bed, Interested in outdoor furniture #225](304)" classname="tests.AddFurnitureLeadTest" time="0.0">
    <skipped message="Cannot invoke &quot;com.microsoft.playwright.Page.locator(String)&quot; because &quot;this.page&quot; is null"/>
  </testcase>
  <testcase name="addLeadForBasicFurnitureLead[Godrej, Pooja, Soni, +53, Digital, SMS, BedRoom, Side Table, Interested in sofa sets #215](305)" classname="tests.AddFurnitureLeadTest" time="0.0">
    <skipped message="Cannot invoke &quot;com.microsoft.playwright.Page.locator(String)&quot; because &quot;this.page&quot; is null"/>
  </testcase>
  <testcase name="addLeadForBasicFurnitureLead[Lofy Home Store, Rina, Thakkar, +1, Digital, SMS, BedRoom, Dressing, Need delivery within a week #453](306)" classname="tests.AddFurnitureLeadTest" time="0.0">
    <skipped message="Cannot invoke &quot;com.microsoft.playwright.Page.locator(String)&quot; because &quot;this.page&quot; is null"/>
  </testcase>
  <testcase name="addLeadForBasicFurnitureLead[Haworth, Priya, Patel, +258, Digital, SMS, BedRoom, Mattress, Checking modular kitchen options #253](307)" classname="tests.AddFurnitureLeadTest" time="0.0">
    <skipped message="Cannot invoke &quot;com.microsoft.playwright.Page.locator(String)&quot; because &quot;this.page&quot; is null"/>
  </testcase>
  <testcase name="addLeadForBasicFurnitureLead[Lofy Interior Solutions, Rina, Kapoor, +30, Digital, SMS, Study, Study Table, Requesting catalog #194](308)" classname="tests.AddFurnitureLeadTest" time="0.0">
    <skipped message="Cannot invoke &quot;com.microsoft.playwright.Page.locator(String)&quot; because &quot;this.page&quot; is null"/>
  </testcase>
  <testcase name="addLeadForBasicFurnitureLead[Stanley - SLN, Karan, Soni, +261, Digital, SMS, Study, Chairs, Wants kids&apos; room furniture #280](309)" classname="tests.AddFurnitureLeadTest" time="0.0">
    <skipped message="Cannot invoke &quot;com.microsoft.playwright.Page.locator(String)&quot; because &quot;this.page&quot; is null"/>
  </testcase>
  <testcase name="addLeadForBasicFurnitureLead[Stanley - SBC, Viren, Mehta, +228, Digital, SMS, Study, Library Unit, Interested in outdoor furniture #52](310)" classname="tests.AddFurnitureLeadTest" time="0.0">
    <skipped message="Cannot invoke &quot;com.microsoft.playwright.Page.locator(String)&quot; because &quot;this.page&quot; is null"/>
  </testcase>
  <testcase name="addLeadForBasicFurnitureLead[Godrej, Priya, Chaudhary, +61, Digital, SMS, Kitchen, Modular, Looking for leather finish #246](311)" classname="tests.AddFurnitureLeadTest" time="0.0">
    <skipped message="Cannot invoke &quot;com.microsoft.playwright.Page.locator(String)&quot; because &quot;this.page&quot; is null"/>
  </testcase>
  <testcase name="addLeadForBasicFurnitureLead[Lofy Home Store, Priya, Raval, +250, Digital, SMS, Kitchen, Semi-Modular, Asking for fabric color options #443](312)" classname="tests.AddFurnitureLeadTest" time="0.0">
    <skipped message="Cannot invoke &quot;com.microsoft.playwright.Page.locator(String)&quot; because &quot;this.page&quot; is null"/>
  </testcase>
  <testcase name="addLeadForBasicFurnitureLead[Haworth, Rishi, Trivedi, +44, Digital, SMS, Kitchen, Countertop, Looking for EMI options #334](313)" classname="tests.AddFurnitureLeadTest" time="0.0">
    <skipped message="Cannot invoke &quot;com.microsoft.playwright.Page.locator(String)&quot; because &quot;this.page&quot; is null"/>
  </testcase>
  <testcase name="addLeadForBasicFurnitureLead[Lofy Interior Solutions, Rishi, Trivedi, +49, Digital, SMS, Kitchen, Appliances, Wants matching dining set #352](314)" classname="tests.AddFurnitureLeadTest" time="0.0">
    <skipped message="Cannot invoke &quot;com.microsoft.playwright.Page.locator(String)&quot; because &quot;this.page&quot; is null"/>
  </testcase>
  <testcase name="addLeadForBasicFurnitureLead[Stanley - SLN, Rina, Mehta, +48, Digital, SMS, Wardrobes, Sliding, Repeat customer inquiry #84](315)" classname="tests.AddFurnitureLeadTest" time="0.0">
    <skipped message="Cannot invoke &quot;com.microsoft.playwright.Page.locator(String)&quot; because &quot;this.page&quot; is null"/>
  </testcase>
  <testcase name="addLeadForBasicFurnitureLead[Stanley - SBC, Rina, Mehta, +52, Digital, SMS, Wardrobes, Hinged, Prefers eco-friendly material #38](316)" classname="tests.AddFurnitureLeadTest" time="0.0">
    <skipped message="Cannot invoke &quot;com.microsoft.playwright.Page.locator(String)&quot; because &quot;this.page&quot; is null"/>
  </testcase>
  <testcase name="addLeadForBasicFurnitureLead[Godrej, Rina, Desai, +242, Digital, SMS, Wardrobes, Walk-in, Asking for fabric color options #434](317)" classname="tests.AddFurnitureLeadTest" time="0.0">
    <skipped message="Cannot invoke &quot;com.microsoft.playwright.Page.locator(String)&quot; because &quot;this.page&quot; is null"/>
  </testcase>
  <testcase name="addLeadForBasicFurnitureLead[Lofy Home Store, Mina, Parikh, +45, Digital, SMS, Office, WorkStations, Looking for budget-friendly options #151](318)" classname="tests.AddFurnitureLeadTest" time="0.0">
    <skipped message="Cannot invoke &quot;com.microsoft.playwright.Page.locator(String)&quot; because &quot;this.page&quot; is null"/>
  </testcase>
  <testcase name="addLeadForBasicFurnitureLead[Haworth, Jigar, Chaudhary, +86, Digital, SMS, Office, Conference Table, Interested in modern furniture #164](319)" classname="tests.AddFurnitureLeadTest" time="0.0">
    <skipped message="Cannot invoke &quot;com.microsoft.playwright.Page.locator(String)&quot; because &quot;this.page&quot; is null"/>
  </testcase>
  <testcase name="addLeadForBasicFurnitureLead[Lofy Interior Solutions, Nirav, Bhatt, +234, Digital, SMS, Office, Cabin Setup, First-time buyer #488](320)" classname="tests.AddFurnitureLeadTest" time="0.0">
    <skipped message="Cannot invoke &quot;com.microsoft.playwright.Page.locator(String)&quot; because &quot;this.page&quot; is null"/>
  </testcase>
  <testcase name="addLeadForBasicFurnitureLead[Stanley - SLN, Pooja, Desai, +39, Digital, SMS, Outdoor, Patio, Wants luxury and premium finish #38](321)" classname="tests.AddFurnitureLeadTest" time="0.0">
    <skipped message="Cannot invoke &quot;com.microsoft.playwright.Page.locator(String)&quot; because &quot;this.page&quot; is null"/>
  </testcase>
  <testcase name="addLeadForBasicFurnitureLead[Stanley - SBC, Rina, Raval, +224, Digital, SMS, Outdoor, Swing, Looking for office furniture #88](322)" classname="tests.AddFurnitureLeadTest" time="0.0">
    <skipped message="Cannot invoke &quot;com.microsoft.playwright.Page.locator(String)&quot; because &quot;this.page&quot; is null"/>
  </testcase>
  <testcase name="addLeadForBasicFurnitureLead[Godrej, Neha, Choksi, +64, Digital, SMS, Outdoor, Garden Seating, Requesting catalog #193](323)" classname="tests.AddFurnitureLeadTest" time="0.0">
    <skipped message="Cannot invoke &quot;com.microsoft.playwright.Page.locator(String)&quot; because &quot;this.page&quot; is null"/>
  </testcase>
  <testcase name="addLeadForBasicFurnitureLead[Lofy Home Store, Jigar, Raval, +61, Digital, SMS, Turkey Solution, Full Home Package(Design + Execution + Furniture), Need delivery within a week #375](324)" classname="tests.AddFurnitureLeadTest" time="0.0">
    <skipped message="Cannot invoke &quot;com.microsoft.playwright.Page.locator(String)&quot; because &quot;this.page&quot; is null"/>
  </testcase>
  <testcase name="addLeadForBasicFurnitureLead[Haworth, Priya, Trivedi, +256, Digital, SMS, Project Management Consultancy, Project Advisory, Prefers wooden furniture #281](325)" classname="tests.AddFurnitureLeadTest" time="0.0">
    <skipped message="Cannot invoke &quot;com.microsoft.playwright.Page.locator(String)&quot; because &quot;this.page&quot; is null"/>
  </testcase>
  <testcase name="addLeadForBasicFurnitureLead[Lofy Interior Solutions, Pooja, Vyas, +31, Digital, SMS, Project Management Consultancy, Costing, Requesting catalog #48](326)" classname="tests.AddFurnitureLeadTest" time="0.0">
    <skipped message="Cannot invoke &quot;com.microsoft.playwright.Page.locator(String)&quot; because &quot;this.page&quot; is null"/>
  </testcase>
  <testcase name="addLeadForBasicFurnitureLead[Stanley - SLN, Nirav, Chaudhary, +236, Digital, SMS, Project Management Consultancy, Vendor Management, Looking for office furniture #305](327)" classname="tests.AddFurnitureLeadTest" time="0.0">
    <skipped message="Cannot invoke &quot;com.microsoft.playwright.Page.locator(String)&quot; because &quot;this.page&quot; is null"/>
  </testcase>
  <testcase name="addLeadForBasicFurnitureLead[Stanley - SBC, Jigar, Shah, +81, Digital, SMS, Execution, Carpentry, Customer referred by friend #458](328)" classname="tests.AddFurnitureLeadTest" time="0.0">
    <skipped message="Cannot invoke &quot;com.microsoft.playwright.Page.locator(String)&quot; because &quot;this.page&quot; is null"/>
  </testcase>
  <testcase name="addLeadForBasicFurnitureLead[Godrej, Kavya, Shukla, +224, Digital, SMS, Execution, Civil, Enquiring about warranty period #361](329)" classname="tests.AddFurnitureLeadTest" time="0.0">
    <skipped message="Cannot invoke &quot;com.microsoft.playwright.Page.locator(String)&quot; because &quot;this.page&quot; is null"/>
  </testcase>
  <testcase name="addLeadForBasicFurnitureLead[Lofy Home Store, Rina, Gandhi, +230, Digital, SMS, Execution, Electrical, Interested in modern furniture #221](330)" classname="tests.AddFurnitureLeadTest" time="0.0">
    <skipped message="Cannot invoke &quot;com.microsoft.playwright.Page.locator(String)&quot; because &quot;this.page&quot; is null"/>
  </testcase>
  <testcase name="addLeadForBasicFurnitureLead[Haworth, Kavya, Modi, +93, Digital, SMS, Execution, Finishing only, Visited showroom last week #85](331)" classname="tests.AddFurnitureLeadTest" time="0.0">
    <skipped message="Cannot invoke &quot;com.microsoft.playwright.Page.locator(String)&quot; because &quot;this.page&quot; is null"/>
  </testcase>
  <testcase name="addLeadForBasicFurnitureLead[Lofy Interior Solutions, Karan, Choksi, +43, Digital, SMS, Design only, 2D/3D Layouts, Customer referred by friend #456](332)" classname="tests.AddFurnitureLeadTest" time="0.0">
    <skipped message="Cannot invoke &quot;com.microsoft.playwright.Page.locator(String)&quot; because &quot;this.page&quot; is null"/>
  </testcase>
  <testcase name="addLeadForBasicFurnitureLead[Stanley - SLN, Dhruv, Bhatt, +221, Digital, SMS, Design only, Material Selection, Checking modular kitchen options #81](333)" classname="tests.AddFurnitureLeadTest" time="0.0">
    <skipped message="Cannot invoke &quot;com.microsoft.playwright.Page.locator(String)&quot; because &quot;this.page&quot; is null"/>
  </testcase>
  <testcase name="addLeadForBasicFurnitureLead[Stanley - SBC, Neha, Modi, +254, Digital, YouTube, Living, Sofa, Looking for budget-friendly options #52](334)" classname="tests.AddFurnitureLeadTest" time="0.0">
    <skipped message="Cannot invoke &quot;com.microsoft.playwright.Page.locator(String)&quot; because &quot;this.page&quot; is null"/>
  </testcase>
  <testcase name="addLeadForBasicFurnitureLead[Godrej, Krishna, Dave, +240, Digital, YouTube, Living, Recliner, Looking for office furniture #106](335)" classname="tests.AddFurnitureLeadTest" time="0.0">
    <skipped message="Cannot invoke &quot;com.microsoft.playwright.Page.locator(String)&quot; because &quot;this.page&quot; is null"/>
  </testcase>
  <testcase name="addLeadForBasicFurnitureLead[Lofy Home Store, Sonal, Desai, +40, Digital, YouTube, Living, Coffee Table, Asking for custom designs #210](336)" classname="tests.AddFurnitureLeadTest" time="0.0">
    <skipped message="Cannot invoke &quot;com.microsoft.playwright.Page.locator(String)&quot; because &quot;this.page&quot; is null"/>
  </testcase>
  <testcase name="addLeadForBasicFurnitureLead[Haworth, Jigar, Vyas, +92, Digital, YouTube, Living, TV Unit, Looking for space-saving solutions #284](337)" classname="tests.AddFurnitureLeadTest" time="0.0">
    <skipped message="Cannot invoke &quot;com.microsoft.playwright.Page.locator(String)&quot; because &quot;this.page&quot; is null"/>
  </testcase>
  <testcase name="addLeadForBasicFurnitureLead[Lofy Interior Solutions, Rina, Vyas, +220, Digital, YouTube, Dining, Dining Table, Interested in sofa sets #474](338)" classname="tests.AddFurnitureLeadTest" time="0.0">
    <skipped message="Cannot invoke &quot;com.microsoft.playwright.Page.locator(String)&quot; because &quot;this.page&quot; is null"/>
  </testcase>
  <testcase name="addLeadForBasicFurnitureLead[Stanley - SLN, Viren, Dave, +239, Digital, YouTube, Dining, Chairs, Interested in sofa sets #277](339)" classname="tests.AddFurnitureLeadTest" time="0.0">
    <skipped message="Cannot invoke &quot;com.microsoft.playwright.Page.locator(String)&quot; because &quot;this.page&quot; is null"/>
  </testcase>
  <testcase name="addLeadForBasicFurnitureLead[Stanley - SBC, Bhavna, Shah, +32, Digital, YouTube, Dining, Bench, First-time buyer #339](340)" classname="tests.AddFurnitureLeadTest" time="0.0">
    <skipped message="Cannot invoke &quot;com.microsoft.playwright.Page.locator(String)&quot; because &quot;this.page&quot; is null"/>
  </testcase>
  <testcase name="addLeadForBasicFurnitureLead[Godrej, Jigar, Choksi, +211, Digital, YouTube, BedRoom, Bed, Requesting bulk order discount #153](341)" classname="tests.AddFurnitureLeadTest" time="0.0">
    <skipped message="Cannot invoke &quot;com.microsoft.playwright.Page.locator(String)&quot; because &quot;this.page&quot; is null"/>
  </testcase>
  <testcase name="addLeadForBasicFurnitureLead[Lofy Home Store, Jigar, Kapoor, +225, Digital, YouTube, BedRoom, Side Table, Repeat customer inquiry #50](342)" classname="tests.AddFurnitureLeadTest" time="0.0">
    <skipped message="Cannot invoke &quot;com.microsoft.playwright.Page.locator(String)&quot; because &quot;this.page&quot; is null"/>
  </testcase>
  <testcase name="addLeadForBasicFurnitureLead[Haworth, Sonal, Bhatt, +66, Digital, YouTube, BedRoom, Dressing, Looking for budget-friendly options #202](343)" classname="tests.AddFurnitureLeadTest" time="0.0">
    <skipped message="Cannot invoke &quot;com.microsoft.playwright.Page.locator(String)&quot; because &quot;this.page&quot; is null"/>
  </testcase>
  <testcase name="addLeadForBasicFurnitureLead[Lofy Interior Solutions, Karan, Bhatt, +82, Digital, YouTube, BedRoom, Mattress, Looking for EMI options #282](344)" classname="tests.AddFurnitureLeadTest" time="0.0">
    <skipped message="Cannot invoke &quot;com.microsoft.playwright.Page.locator(String)&quot; because &quot;this.page&quot; is null"/>
  </testcase>
  <testcase name="addLeadForBasicFurnitureLead[Stanley - SLN, Hetal, Shah, +260, Digital, YouTube, Study, Study Table, Looking for leather finish #252](345)" classname="tests.AddFurnitureLeadTest" time="0.0">
    <skipped message="Cannot invoke &quot;com.microsoft.playwright.Page.locator(String)&quot; because &quot;this.page&quot; is null"/>
  </testcase>
  <testcase name="addLeadForBasicFurnitureLead[Stanley - SBC, Viren, Patel, +27, Digital, YouTube, Study, Chairs, Urgent requirement #28](346)" classname="tests.AddFurnitureLeadTest" time="0.0">
    <skipped message="Cannot invoke &quot;com.microsoft.playwright.Page.locator(String)&quot; because &quot;this.page&quot; is null"/>
  </testcase>
  <testcase name="addLeadForBasicFurnitureLead[Godrej, Anjali, Trivedi, +51, Digital, YouTube, Study, Library Unit, Wants kids&apos; room furniture #2](347)" classname="tests.AddFurnitureLeadTest" time="0.0">
    <skipped message="Cannot invoke &quot;com.microsoft.playwright.Page.locator(String)&quot; because &quot;this.page&quot; is null"/>
  </testcase>
  <testcase name="addLeadForBasicFurnitureLead[Lofy Home Store, Rina, Mehta, +7, Digital, YouTube, Kitchen, Modular, Checking modular kitchen options #45](348)" classname="tests.AddFurnitureLeadTest" time="0.0">
    <skipped message="Cannot invoke &quot;com.microsoft.playwright.Page.locator(String)&quot; because &quot;this.page&quot; is null"/>
  </testcase>
  <testcase name="addLeadForBasicFurnitureLead[Haworth, Nirav, Soni, +60, Digital, YouTube, Kitchen, Semi-Modular, Requesting bulk order discount #422](349)" classname="tests.AddFurnitureLeadTest" time="0.0">
    <skipped message="Cannot invoke &quot;com.microsoft.playwright.Page.locator(String)&quot; because &quot;this.page&quot; is null"/>
  </testcase>
  <testcase name="addLeadForBasicFurnitureLead[Lofy Interior Solutions, Priya, Joshi, +45, Digital, YouTube, Kitchen, Countertop, Prefers compact designs #321](350)" classname="tests.AddFurnitureLeadTest" time="0.0">
    <skipped message="Cannot invoke &quot;com.microsoft.playwright.Page.locator(String)&quot; because &quot;this.page&quot; is null"/>
  </testcase>
  <testcase name="addLeadForBasicFurnitureLead[Stanley - SLN, Dhruv, Raval, +262, Digital, YouTube, Kitchen, Appliances, Customer referred by friend #246](351)" classname="tests.AddFurnitureLeadTest" time="0.0">
    <skipped message="Cannot invoke &quot;com.microsoft.playwright.Page.locator(String)&quot; because &quot;this.page&quot; is null"/>
  </testcase>
  <testcase name="addLeadForBasicFurnitureLead[Stanley - SBC, Mina, Gandhi, +261, Digital, YouTube, Wardrobes, Sliding, Asking for custom designs #50](352)" classname="tests.AddFurnitureLeadTest" time="0.0">
    <skipped message="Cannot invoke &quot;com.microsoft.playwright.Page.locator(String)&quot; because &quot;this.page&quot; is null"/>
  </testcase>
  <testcase name="addLeadForBasicFurnitureLead[Godrej, Krishna, Mehta, +231, Digital, YouTube, Wardrobes, Hinged, Interested in modern furniture #106](353)" classname="tests.AddFurnitureLeadTest" time="0.0">
    <skipped message="Cannot invoke &quot;com.microsoft.playwright.Page.locator(String)&quot; because &quot;this.page&quot; is null"/>
  </testcase>
  <testcase name="addLeadForBasicFurnitureLead[Lofy Home Store, Pooja, Mehta, +228, Digital, YouTube, Wardrobes, Walk-in, Need delivery within a week #327](354)" classname="tests.AddFurnitureLeadTest" time="0.0">
    <skipped message="Cannot invoke &quot;com.microsoft.playwright.Page.locator(String)&quot; because &quot;this.page&quot; is null"/>
  </testcase>
  <testcase name="addLeadForBasicFurnitureLead[Haworth, Bhavna, Choksi, +55, Digital, YouTube, Office, WorkStations, Requesting bulk order discount #42](355)" classname="tests.AddFurnitureLeadTest" time="0.0">
    <skipped message="Cannot invoke &quot;com.microsoft.playwright.Page.locator(String)&quot; because &quot;this.page&quot; is null"/>
  </testcase>
  <testcase name="addLeadForBasicFurnitureLead[Lofy Interior Solutions, Rishi, Choksi, +34, Digital, YouTube, Office, Conference Table, Enquiring about warranty period #433](356)" classname="tests.AddFurnitureLeadTest" time="0.0">
    <skipped message="Cannot invoke &quot;com.microsoft.playwright.Page.locator(String)&quot; because &quot;this.page&quot; is null"/>
  </testcase>
  <testcase name="addLeadForBasicFurnitureLead[Stanley - SLN, Dhruv, Parikh, +222, Digital, YouTube, Office, Cabin Setup, Wants luxury and premium finish #158](357)" classname="tests.AddFurnitureLeadTest" time="0.0">
    <skipped message="Cannot invoke &quot;com.microsoft.playwright.Page.locator(String)&quot; because &quot;this.page&quot; is null"/>
  </testcase>
  <testcase name="addLeadForBasicFurnitureLead[Stanley - SBC, Krishna, Doshi, +234, Digital, YouTube, Outdoor, Patio, Asking for fabric color options #204](358)" classname="tests.AddFurnitureLeadTest" time="0.0">
    <skipped message="Cannot invoke &quot;com.microsoft.playwright.Page.locator(String)&quot; because &quot;this.page&quot; is null"/>
  </testcase>
  <testcase name="addLeadForBasicFurnitureLead[Godrej, Pooja, Bhatt, +1, Digital, YouTube, Outdoor, Swing, Enquiring about warranty period #251](359)" classname="tests.AddFurnitureLeadTest" time="0.0">
    <skipped message="Cannot invoke &quot;com.microsoft.playwright.Page.locator(String)&quot; because &quot;this.page&quot; is null"/>
  </testcase>
  <testcase name="addLeadForBasicFurnitureLead[Lofy Home Store, Priya, Chaudhary, +86, Digital, YouTube, Outdoor, Garden Seating, Requesting catalog #339](360)" classname="tests.AddFurnitureLeadTest" time="0.0">
    <skipped message="Cannot invoke &quot;com.microsoft.playwright.Page.locator(String)&quot; because &quot;this.page&quot; is null"/>
  </testcase>
  <testcase name="addLeadForBasicFurnitureLead[Haworth, Bhavna, Raval, +49, Digital, YouTube, Turkey Solution, Full Home Package(Design + Execution + Furniture), First-time buyer #47](361)" classname="tests.AddFurnitureLeadTest" time="0.0">
    <skipped message="Cannot invoke &quot;com.microsoft.playwright.Page.locator(String)&quot; because &quot;this.page&quot; is null"/>
  </testcase>
  <testcase name="addLeadForBasicFurnitureLead[Lofy Interior Solutions, Neha, Vyas, +231, Digital, YouTube, Project Management Consultancy, Project Advisory, Visited showroom last week #279](362)" classname="tests.AddFurnitureLeadTest" time="0.0">
    <skipped message="Cannot invoke &quot;com.microsoft.playwright.Page.locator(String)&quot; because &quot;this.page&quot; is null"/>
  </testcase>
  <testcase name="addLeadForBasicFurnitureLead[Stanley - SLN, Krishna, Raval, +240, Digital, YouTube, Project Management Consultancy, Costing, Interested in outdoor furniture #95](363)" classname="tests.AddFurnitureLeadTest" time="0.0">
    <skipped message="Cannot invoke &quot;com.microsoft.playwright.Page.locator(String)&quot; because &quot;this.page&quot; is null"/>
  </testcase>
  <testcase name="addLeadForBasicFurnitureLead[Stanley - SBC, Nirav, Choksi, +92, Digital, YouTube, Project Management Consultancy, Vendor Management, Wants kids&apos; room furniture #454](364)" classname="tests.AddFurnitureLeadTest" time="0.0">
    <skipped message="Cannot invoke &quot;com.microsoft.playwright.Page.locator(String)&quot; because &quot;this.page&quot; is null"/>
  </testcase>
  <testcase name="addLeadForBasicFurnitureLead[Godrej, Nirav, Shah, +62, Digital, YouTube, Execution, Carpentry, Interested in outdoor furniture #190](365)" classname="tests.AddFurnitureLeadTest" time="0.0">
    <skipped message="Cannot invoke &quot;com.microsoft.playwright.Page.locator(String)&quot; because &quot;this.page&quot; is null"/>
  </testcase>
  <testcase name="addLeadForBasicFurnitureLead[Lofy Home Store, Viren, Choksi, +221, Digital, YouTube, Execution, Civil, Need delivery within a week #229](366)" classname="tests.AddFurnitureLeadTest" time="0.0">
    <skipped message="Cannot invoke &quot;com.microsoft.playwright.Page.locator(String)&quot; because &quot;this.page&quot; is null"/>
  </testcase>
  <testcase name="addLeadForBasicFurnitureLead[Haworth, Bhavna, Dave, +230, Digital, YouTube, Execution, Electrical, Looking for budget-friendly options #135](367)" classname="tests.AddFurnitureLeadTest" time="0.0">
    <skipped message="Cannot invoke &quot;com.microsoft.playwright.Page.locator(String)&quot; because &quot;this.page&quot; is null"/>
  </testcase>
  <testcase name="addLeadForBasicFurnitureLead[Lofy Interior Solutions, Neha, Gandhi, +254, Digital, YouTube, Execution, Finishing only, Prefers eco-friendly material #239](368)" classname="tests.AddFurnitureLeadTest" time="0.0">
    <skipped message="Cannot invoke &quot;com.microsoft.playwright.Page.locator(String)&quot; because &quot;this.page&quot; is null"/>
  </testcase>
  <testcase name="addLeadForBasicFurnitureLead[Stanley - SLN, Sonal, Thakkar, +30, Digital, YouTube, Design only, 2D/3D Layouts, First-time buyer #116](369)" classname="tests.AddFurnitureLeadTest" time="0.0">
    <skipped message="Cannot invoke &quot;com.microsoft.playwright.Page.locator(String)&quot; because &quot;this.page&quot; is null"/>
  </testcase>
  <testcase name="addLeadForBasicFurnitureLead[Stanley - SBC, Jigar, Desai, +245, Digital, YouTube, Design only, Material Selection, Looking for leather finish #138](370)" classname="tests.AddFurnitureLeadTest" time="0.0">
    <skipped message="Cannot invoke &quot;com.microsoft.playwright.Page.locator(String)&quot; because &quot;this.page&quot; is null"/>
  </testcase>
  <testcase name="addLeadForBasicFurnitureLead[Godrej, Rohit, Gandhi, +41, Digital, IVRS, Living, Sofa, Looking for EMI options #32](371)" classname="tests.AddFurnitureLeadTest" time="0.0">
    <skipped message="Cannot invoke &quot;com.microsoft.playwright.Page.locator(String)&quot; because &quot;this.page&quot; is null"/>
  </testcase>
  <testcase name="addLeadForBasicFurnitureLead[Lofy Home Store, Kavya, Joshi, +237, Digital, IVRS, Living, Recliner, Urgent requirement #386](372)" classname="tests.AddFurnitureLeadTest" time="0.0">
    <skipped message="Cannot invoke &quot;com.microsoft.playwright.Page.locator(String)&quot; because &quot;this.page&quot; is null"/>
  </testcase>
  <testcase name="addLeadForBasicFurnitureLead[Haworth, Mina, Kapoor, +48, Digital, IVRS, Living, Coffee Table, Looking for space-saving solutions #342](373)" classname="tests.AddFurnitureLeadTest" time="0.0">
    <skipped message="Cannot invoke &quot;com.microsoft.playwright.Page.locator(String)&quot; because &quot;this.page&quot; is null"/>
  </testcase>
  <testcase name="addLeadForBasicFurnitureLead[Lofy Interior Solutions, Nirav, Thakkar, +253, Digital, IVRS, Living, TV Unit, Wants luxury and premium finish #44](374)" classname="tests.AddFurnitureLeadTest" time="0.0">
    <skipped message="Cannot invoke &quot;com.microsoft.playwright.Page.locator(String)&quot; because &quot;this.page&quot; is null"/>
  </testcase>
  <testcase name="addLeadForBasicFurnitureLead[Stanley - SLN, Nirav, Parikh, +230, Digital, IVRS, Dining, Dining Table, Prefers compact designs #177](375)" classname="tests.AddFurnitureLeadTest" time="0.0">
    <skipped message="Cannot invoke &quot;com.microsoft.playwright.Page.locator(String)&quot; because &quot;this.page&quot; is null"/>
  </testcase>
  <testcase name="addLeadForBasicFurnitureLead[Stanley - SBC, Viren, Shukla, +249, Digital, IVRS, Dining, Chairs, Asking for fabric color options #278](376)" classname="tests.AddFurnitureLeadTest" time="0.0">
    <skipped message="Cannot invoke &quot;com.microsoft.playwright.Page.locator(String)&quot; because &quot;this.page&quot; is null"/>
  </testcase>
  <testcase name="addLeadForBasicFurnitureLead[Godrej, Priya, Modi, +39, Digital, IVRS, Dining, Bench, Checking modular kitchen options #498](377)" classname="tests.AddFurnitureLeadTest" time="0.0">
    <skipped message="Cannot invoke &quot;com.microsoft.playwright.Page.locator(String)&quot; because &quot;this.page&quot; is null"/>
  </testcase>
  <testcase name="addLeadForBasicFurnitureLead[Lofy Home Store, Aarav, Soni, +256, Digital, IVRS, BedRoom, Bed, Wants matching dining set #302](378)" classname="tests.AddFurnitureLeadTest" time="0.0">
    <skipped message="Cannot invoke &quot;com.microsoft.playwright.Page.locator(String)&quot; because &quot;this.page&quot; is null"/>
  </testcase>
  <testcase name="addLeadForBasicFurnitureLead[Haworth, Rina, Raval, +250, Digital, IVRS, BedRoom, Side Table, Repeat customer inquiry #284](379)" classname="tests.AddFurnitureLeadTest" time="0.0">
    <skipped message="Cannot invoke &quot;com.microsoft.playwright.Page.locator(String)&quot; because &quot;this.page&quot; is null"/>
  </testcase>
  <testcase name="addLeadForBasicFurnitureLead[Lofy Interior Solutions, Priya, Joshi, +239, Digital, IVRS, BedRoom, Dressing, Looking for budget-friendly options #431](380)" classname="tests.AddFurnitureLeadTest" time="0.0">
    <skipped message="Cannot invoke &quot;com.microsoft.playwright.Page.locator(String)&quot; because &quot;this.page&quot; is null"/>
  </testcase>
  <testcase name="addLeadForBasicFurnitureLead[Stanley - SLN, Rishi, Parikh, +34, Digital, IVRS, BedRoom, Mattress, Interested in outdoor furniture #420](381)" classname="tests.AddFurnitureLeadTest" time="0.0">
    <skipped message="Cannot invoke &quot;com.microsoft.playwright.Page.locator(String)&quot; because &quot;this.page&quot; is null"/>
  </testcase>
  <testcase name="addLeadForBasicFurnitureLead[Stanley - SBC, Rohit, Shah, +257, Digital, IVRS, Study, Study Table, Request for free installation #215](382)" classname="tests.AddFurnitureLeadTest" time="0.0">
    <skipped message="Cannot invoke &quot;com.microsoft.playwright.Page.locator(String)&quot; because &quot;this.page&quot; is null"/>
  </testcase>
  <testcase name="addLeadForBasicFurnitureLead[Godrej, Mehul, Doshi, +40, Digital, IVRS, Study, Chairs, Payment flexibility needed #352](383)" classname="tests.AddFurnitureLeadTest" time="0.0">
    <skipped message="Cannot invoke &quot;com.microsoft.playwright.Page.locator(String)&quot; because &quot;this.page&quot; is null"/>
  </testcase>
  <testcase name="addLeadForBasicFurnitureLead[Lofy Home Store, Rina, Desai, +251, Digital, IVRS, Study, Library Unit, Checking stock availability #480](384)" classname="tests.AddFurnitureLeadTest" time="0.0">
    <skipped message="Cannot invoke &quot;com.microsoft.playwright.Page.locator(String)&quot; because &quot;this.page&quot; is null"/>
  </testcase>
  <testcase name="addLeadForBasicFurnitureLead[Haworth, Hetal, Patel, +52, Digital, IVRS, Kitchen, Modular, Enquiring about warranty period #294](385)" classname="tests.AddFurnitureLeadTest" time="0.0">
    <skipped message="Cannot invoke &quot;com.microsoft.playwright.Page.locator(String)&quot; because &quot;this.page&quot; is null"/>
  </testcase>
  <testcase name="addLeadForBasicFurnitureLead[Lofy Interior Solutions, Pooja, Parikh, +27, Digital, IVRS, Kitchen, Semi-Modular, Requesting catalog #121](386)" classname="tests.AddFurnitureLeadTest" time="0.0">
    <skipped message="Cannot invoke &quot;com.microsoft.playwright.Page.locator(String)&quot; because &quot;this.page&quot; is null"/>
  </testcase>
  <testcase name="addLeadForBasicFurnitureLead[Stanley - SLN, Neha, Doshi, +33, Digital, IVRS, Kitchen, Countertop, Enquiring about warranty period #154](387)" classname="tests.AddFurnitureLeadTest" time="0.0">
    <skipped message="Cannot invoke &quot;com.microsoft.playwright.Page.locator(String)&quot; because &quot;this.page&quot; is null"/>
  </testcase>
  <testcase name="addLeadForBasicFurnitureLead[Stanley - SBC, Pooja, Patel, +212, Digital, IVRS, Kitchen, Appliances, Prefers wooden furniture #203](388)" classname="tests.AddFurnitureLeadTest" time="0.0">
    <skipped message="Cannot invoke &quot;com.microsoft.playwright.Page.locator(String)&quot; because &quot;this.page&quot; is null"/>
  </testcase>
  <testcase name="addLeadForBasicFurnitureLead[Godrej, Pooja, Soni, +63, Digital, IVRS, Wardrobes, Sliding, Requesting catalog #438](389)" classname="tests.AddFurnitureLeadTest" time="0.0">
    <skipped message="Cannot invoke &quot;com.microsoft.playwright.Page.locator(String)&quot; because &quot;this.page&quot; is null"/>
  </testcase>
  <testcase name="addLeadForBasicFurnitureLead[Lofy Home Store, Sonal, Desai, +257, Digital, IVRS, Wardrobes, Hinged, Looking for space-saving solutions #18](390)" classname="tests.AddFurnitureLeadTest" time="0.0">
    <skipped message="Cannot invoke &quot;com.microsoft.playwright.Page.locator(String)&quot; because &quot;this.page&quot; is null"/>
  </testcase>
  <testcase name="addLeadForBasicFurnitureLead[Haworth, Pooja, Shah, +53, Digital, IVRS, Wardrobes, Walk-in, Request for free installation #293](391)" classname="tests.AddFurnitureLeadTest" time="0.0">
    <skipped message="Cannot invoke &quot;com.microsoft.playwright.Page.locator(String)&quot; because &quot;this.page&quot; is null"/>
  </testcase>
  <testcase name="addLeadForBasicFurnitureLead[Lofy Interior Solutions, Anjali, Raval, +213, Digital, IVRS, Office, WorkStations, Requesting catalog #265](392)" classname="tests.AddFurnitureLeadTest" time="0.0">
    <skipped message="Cannot invoke &quot;com.microsoft.playwright.Page.locator(String)&quot; because &quot;this.page&quot; is null"/>
  </testcase>
  <testcase name="addLeadForBasicFurnitureLead[Stanley - SLN, Priya, Doshi, +244, Digital, IVRS, Office, Conference Table, Asking for fabric color options #293](393)" classname="tests.AddFurnitureLeadTest" time="0.0">
    <skipped message="Cannot invoke &quot;com.microsoft.playwright.Page.locator(String)&quot; because &quot;this.page&quot; is null"/>
  </testcase>
  <testcase name="addLeadForBasicFurnitureLead[Stanley - SBC, Jigar, Thakkar, +229, Digital, IVRS, Office, Cabin Setup, Prefers compact designs #318](394)" classname="tests.AddFurnitureLeadTest" time="0.0">
    <skipped message="Cannot invoke &quot;com.microsoft.playwright.Page.locator(String)&quot; because &quot;this.page&quot; is null"/>
  </testcase>
  <testcase name="addLeadForBasicFurnitureLead[Godrej, Krishna, Doshi, +64, Digital, IVRS, Outdoor, Patio, Urgent requirement #62](395)" classname="tests.AddFurnitureLeadTest" time="0.0">
    <skipped message="Cannot invoke &quot;com.microsoft.playwright.Page.locator(String)&quot; because &quot;this.page&quot; is null"/>
  </testcase>
  <testcase name="addLeadForBasicFurnitureLead[Lofy Home Store, Rohit, Dave, +229, Digital, IVRS, Outdoor, Swing, Wants matching dining set #230](396)" classname="tests.AddFurnitureLeadTest" time="0.0">
    <skipped message="Cannot invoke &quot;com.microsoft.playwright.Page.locator(String)&quot; because &quot;this.page&quot; is null"/>
  </testcase>
  <testcase name="addLeadForBasicFurnitureLead[Haworth, Mehul, Chaudhary, +239, Digital, IVRS, Outdoor, Garden Seating, Need delivery within a week #486](397)" classname="tests.AddFurnitureLeadTest" time="0.0">
    <skipped message="Cannot invoke &quot;com.microsoft.playwright.Page.locator(String)&quot; because &quot;this.page&quot; is null"/>
  </testcase>
  <testcase name="addLeadForBasicFurnitureLead[Lofy Interior Solutions, Viren, Kapoor, +225, Digital, IVRS, Turkey Solution, Full Home Package(Design + Execution + Furniture), Need delivery within a week #498](398)" classname="tests.AddFurnitureLeadTest" time="0.0">
    <skipped message="Cannot invoke &quot;com.microsoft.playwright.Page.locator(String)&quot; because &quot;this.page&quot; is null"/>
  </testcase>
  <testcase name="addLeadForBasicFurnitureLead[Stanley - SLN, Rina, Desai, +86, Digital, IVRS, Project Management Consultancy, Project Advisory, Asking for custom designs #414](399)" classname="tests.AddFurnitureLeadTest" time="0.0">
    <skipped message="Cannot invoke &quot;com.microsoft.playwright.Page.locator(String)&quot; because &quot;this.page&quot; is null"/>
  </testcase>
  <testcase name="addLeadForBasicFurnitureLead[Stanley - SBC, Kavya, Soni, +64, Digital, IVRS, Project Management Consultancy, Costing, Asking for custom designs #65](400)" classname="tests.AddFurnitureLeadTest" time="0.0">
    <skipped message="Cannot invoke &quot;com.microsoft.playwright.Page.locator(String)&quot; because &quot;this.page&quot; is null"/>
  </testcase>
  <testcase name="addLeadForBasicFurnitureLead[Godrej, Anjali, Thakkar, +86, Digital, IVRS, Project Management Consultancy, Vendor Management, Looking for budget-friendly options #217](401)" classname="tests.AddFurnitureLeadTest" time="0.0">
    <skipped message="Cannot invoke &quot;com.microsoft.playwright.Page.locator(String)&quot; because &quot;this.page&quot; is null"/>
  </testcase>
  <testcase name="addLeadForBasicFurnitureLead[Lofy Home Store, Aarav, Doshi, +231, Digital, IVRS, Execution, Carpentry, Prefers wooden furniture #350](402)" classname="tests.AddFurnitureLeadTest" time="0.0">
    <skipped message="Cannot invoke &quot;com.microsoft.playwright.Page.locator(String)&quot; because &quot;this.page&quot; is null"/>
  </testcase>
  <testcase name="addLeadForBasicFurnitureLead[Haworth, Priya, Shah, +213, Digital, IVRS, Execution, Civil, Checking modular kitchen options #104](403)" classname="tests.AddFurnitureLeadTest" time="0.0">
    <skipped message="Cannot invoke &quot;com.microsoft.playwright.Page.locator(String)&quot; because &quot;this.page&quot; is null"/>
  </testcase>
  <testcase name="addLeadForBasicFurnitureLead[Lofy Interior Solutions, Viren, Raval, +84, Digital, IVRS, Execution, Electrical, Looking for leather finish #322](404)" classname="tests.AddFurnitureLeadTest" time="0.0">
    <skipped message="Cannot invoke &quot;com.microsoft.playwright.Page.locator(String)&quot; because &quot;this.page&quot; is null"/>
  </testcase>
  <testcase name="addLeadForBasicFurnitureLead[Stanley - SLN, Bhavna, Modi, +254, Digital, IVRS, Execution, Finishing only, Urgent requirement #428](405)" classname="tests.AddFurnitureLeadTest" time="0.0">
    <skipped message="Cannot invoke &quot;com.microsoft.playwright.Page.locator(String)&quot; because &quot;this.page&quot; is null"/>
  </testcase>
  <testcase name="addLeadForBasicFurnitureLead[Stanley - SBC, Neha, Choksi, +7, Digital, IVRS, Design only, 2D/3D Layouts, Customer referred by friend #133](406)" classname="tests.AddFurnitureLeadTest" time="0.0">
    <skipped message="Cannot invoke &quot;com.microsoft.playwright.Page.locator(String)&quot; because &quot;this.page&quot; is null"/>
  </testcase>
  <testcase name="addLeadForBasicFurnitureLead[Godrej, Pooja, Kapoor, 91, Digital, IVRS, Design only, Material Selection, Looking for office furniture #467](407)" classname="tests.AddFurnitureLeadTest" time="0.0">
    <skipped message="Cannot invoke &quot;com.microsoft.playwright.Page.locator(String)&quot; because &quot;this.page&quot; is null"/>
  </testcase>
  <testcase name="addLeadForBasicFurnitureLead[Lofy Home Store, Sonal, Shah, +82, Digital, Google, Living, Sofa, Interested in sofa sets #469](408)" classname="tests.AddFurnitureLeadTest" time="0.0">
    <skipped message="Cannot invoke &quot;com.microsoft.playwright.Page.locator(String)&quot; because &quot;this.page&quot; is null"/>
  </testcase>
  <testcase name="addLeadForBasicFurnitureLead[Haworth, Rishi, Bhatt, +98, Digital, Google, Living, Recliner, Asking for fabric color options #35](409)" classname="tests.AddFurnitureLeadTest" time="0.0">
    <skipped message="Cannot invoke &quot;com.microsoft.playwright.Page.locator(String)&quot; because &quot;this.page&quot; is null"/>
  </testcase>
  <testcase name="addLeadForBasicFurnitureLead[Lofy Interior Solutions, Aarav, Doshi, +55, Digital, Google, Living, Coffee Table, Prefers wooden furniture #199](410)" classname="tests.AddFurnitureLeadTest" time="0.0">
    <skipped message="Cannot invoke &quot;com.microsoft.playwright.Page.locator(String)&quot; because &quot;this.page&quot; is null"/>
  </testcase>
  <testcase name="addLeadForBasicFurnitureLead[Stanley - SLN, Jigar, Kapoor, +254, Digital, Google, Living, TV Unit, Payment flexibility needed #204](411)" classname="tests.AddFurnitureLeadTest" time="0.0">
    <skipped message="Cannot invoke &quot;com.microsoft.playwright.Page.locator(String)&quot; because &quot;this.page&quot; is null"/>
  </testcase>
  <testcase name="addLeadForBasicFurnitureLead[Stanley - SBC, Aarav, Bhatt, +41, Digital, Google, Dining, Dining Table, Payment flexibility needed #167](412)" classname="tests.AddFurnitureLeadTest" time="0.0">
    <skipped message="Cannot invoke &quot;com.microsoft.playwright.Page.locator(String)&quot; because &quot;this.page&quot; is null"/>
  </testcase>
  <testcase name="addLeadForBasicFurnitureLead[Godrej, Nirav, Modi, +225, Digital, Google, Dining, Chairs, Checking stock availability #142](413)" classname="tests.AddFurnitureLeadTest" time="0.0">
    <skipped message="Cannot invoke &quot;com.microsoft.playwright.Page.locator(String)&quot; because &quot;this.page&quot; is null"/>
  </testcase>
  <testcase name="addLeadForBasicFurnitureLead[Lofy Home Store, Hetal, Raval, +211, Digital, Google, Dining, Bench, Request for free installation #235](414)" classname="tests.AddFurnitureLeadTest" time="0.0">
    <skipped message="Cannot invoke &quot;com.microsoft.playwright.Page.locator(String)&quot; because &quot;this.page&quot; is null"/>
  </testcase>
  <testcase name="addLeadForBasicFurnitureLead[Haworth, Karan, Modi, +84, Digital, Google, BedRoom, Bed, Interested in seasonal discount #448](415)" classname="tests.AddFurnitureLeadTest" time="0.0">
    <skipped message="Cannot invoke &quot;com.microsoft.playwright.Page.locator(String)&quot; because &quot;this.page&quot; is null"/>
  </testcase>
  <testcase name="addLeadForBasicFurnitureLead[Lofy Interior Solutions, Kavya, Doshi, +222, Digital, Google, BedRoom, Side Table, Interested in modern furniture #403](416)" classname="tests.AddFurnitureLeadTest" time="0.0">
    <skipped message="Cannot invoke &quot;com.microsoft.playwright.Page.locator(String)&quot; because &quot;this.page&quot; is null"/>
  </testcase>
  <testcase name="addLeadForBasicFurnitureLead[Stanley - SLN, Karan, Shukla, +46, Digital, Google, BedRoom, Dressing, Looking for space-saving solutions #320](417)" classname="tests.AddFurnitureLeadTest" time="0.0">
    <skipped message="Cannot invoke &quot;com.microsoft.playwright.Page.locator(String)&quot; because &quot;this.page&quot; is null"/>
  </testcase>
  <testcase name="addLeadForBasicFurnitureLead[Stanley - SBC, Mehul, Choksi, +234, Digital, Google, BedRoom, Mattress, Looking for EMI options #268](418)" classname="tests.AddFurnitureLeadTest" time="0.0">
    <skipped message="Cannot invoke &quot;com.microsoft.playwright.Page.locator(String)&quot; because &quot;this.page&quot; is null"/>
  </testcase>
  <testcase name="addLeadForBasicFurnitureLead[Godrej, Rohit, Dave, +52, Digital, Google, Study, Study Table, Asking for fabric color options #215](419)" classname="tests.AddFurnitureLeadTest" time="0.0">
    <skipped message="Cannot invoke &quot;com.microsoft.playwright.Page.locator(String)&quot; because &quot;this.page&quot; is null"/>
  </testcase>
  <testcase name="addLeadForBasicFurnitureLead[Lofy Home Store, Nirav, Thakkar, +231, Digital, Google, Study, Chairs, Wants luxury and premium finish #213](420)" classname="tests.AddFurnitureLeadTest" time="0.0">
    <skipped message="Cannot invoke &quot;com.microsoft.playwright.Page.locator(String)&quot; because &quot;this.page&quot; is null"/>
  </testcase>
  <testcase name="addLeadForBasicFurnitureLead[Haworth, Karan, Raval, +94, Digital, Google, Study, Library Unit, Urgent requirement #76](421)" classname="tests.AddFurnitureLeadTest" time="0.0">
    <skipped message="Cannot invoke &quot;com.microsoft.playwright.Page.locator(String)&quot; because &quot;this.page&quot; is null"/>
  </testcase>
  <testcase name="addLeadForBasicFurnitureLead[Lofy Interior Solutions, Jigar, Shah, +36, Digital, Google, Kitchen, Modular, Looking for EMI options #302](422)" classname="tests.AddFurnitureLeadTest" time="0.0">
    <skipped message="Cannot invoke &quot;com.microsoft.playwright.Page.locator(String)&quot; because &quot;this.page&quot; is null"/>
  </testcase>
  <testcase name="addLeadForBasicFurnitureLead[Stanley - SLN, Neha, Mehta, +60, Digital, Google, Kitchen, Semi-Modular, Looking for EMI options #389](423)" classname="tests.AddFurnitureLeadTest" time="0.0">
    <skipped message="Cannot invoke &quot;com.microsoft.playwright.Page.locator(String)&quot; because &quot;this.page&quot; is null"/>
  </testcase>
  <testcase name="addLeadForBasicFurnitureLead[Stanley - SBC, Karan, Soni, +241, Digital, Google, Kitchen, Countertop, Wants luxury and premium finish #474](424)" classname="tests.AddFurnitureLeadTest" time="0.0">
    <skipped message="Cannot invoke &quot;com.microsoft.playwright.Page.locator(String)&quot; because &quot;this.page&quot; is null"/>
  </testcase>
  <testcase name="addLeadForBasicFurnitureLead[Godrej, Bhavna, Vyas, +218, Digital, Google, Kitchen, Appliances, Wants luxury and premium finish #289](425)" classname="tests.AddFurnitureLeadTest" time="0.0">
    <skipped message="Cannot invoke &quot;com.microsoft.playwright.Page.locator(String)&quot; because &quot;this.page&quot; is null"/>
  </testcase>
  <testcase name="addLeadForBasicFurnitureLead[Lofy Home Store, Viren, Kapoor, +238, Digital, Google, Wardrobes, Sliding, Wants matching dining set #52](426)" classname="tests.AddFurnitureLeadTest" time="0.0">
    <skipped message="Cannot invoke &quot;com.microsoft.playwright.Page.locator(String)&quot; because &quot;this.page&quot; is null"/>
  </testcase>
  <testcase name="addLeadForBasicFurnitureLead[Haworth, Priya, Bhatt, +212, Digital, Google, Wardrobes, Hinged, Asking for fabric color options #147](427)" classname="tests.AddFurnitureLeadTest" time="0.0">
    <skipped message="Cannot invoke &quot;com.microsoft.playwright.Page.locator(String)&quot; because &quot;this.page&quot; is null"/>
  </testcase>
  <testcase name="addLeadForBasicFurnitureLead[Lofy Interior Solutions, Kavya, Joshi, +213, Digital, Google, Wardrobes, Walk-in, Checking stock availability #275](428)" classname="tests.AddFurnitureLeadTest" time="0.0">
    <skipped message="Cannot invoke &quot;com.microsoft.playwright.Page.locator(String)&quot; because &quot;this.page&quot; is null"/>
  </testcase>
  <testcase name="addLeadForBasicFurnitureLead[Stanley - SLN, Pooja, Modi, +256, Digital, Google, Office, WorkStations, Requesting catalog #177](429)" classname="tests.AddFurnitureLeadTest" time="0.0">
    <skipped message="Cannot invoke &quot;com.microsoft.playwright.Page.locator(String)&quot; because &quot;this.page&quot; is null"/>
  </testcase>
  <testcase name="addLeadForBasicFurnitureLead[Stanley - SBC, Pooja, Trivedi, +27, Digital, Google, Office, Conference Table, Requesting catalog #211](430)" classname="tests.AddFurnitureLeadTest" time="0.0">
    <skipped message="Cannot invoke &quot;com.microsoft.playwright.Page.locator(String)&quot; because &quot;this.page&quot; is null"/>
  </testcase>
  <testcase name="addLeadForBasicFurnitureLead[Godrej, Nirav, Joshi, +248, Digital, Google, Office, Cabin Setup, First-time buyer #197](431)" classname="tests.AddFurnitureLeadTest" time="0.0">
    <skipped message="Cannot invoke &quot;com.microsoft.playwright.Page.locator(String)&quot; because &quot;this.page&quot; is null"/>
  </testcase>
  <testcase name="addLeadForBasicFurnitureLead[Lofy Home Store, Mehul, Choksi, +34, Digital, Google, Outdoor, Patio, Visited showroom last week #249](432)" classname="tests.AddFurnitureLeadTest" time="0.0">
    <skipped message="Cannot invoke &quot;com.microsoft.playwright.Page.locator(String)&quot; because &quot;this.page&quot; is null"/>
  </testcase>
  <testcase name="addLeadForBasicFurnitureLead[Haworth, Priya, Bhatt, +260, Digital, Google, Outdoor, Swing, Looking for EMI options #312](433)" classname="tests.AddFurnitureLeadTest" time="0.0">
    <skipped message="Cannot invoke &quot;com.microsoft.playwright.Page.locator(String)&quot; because &quot;this.page&quot; is null"/>
  </testcase>
  <testcase name="addLeadForBasicFurnitureLead[Lofy Interior Solutions, Rishi, Shukla, +221, Digital, Google, Outdoor, Garden Seating, Enquiring about warranty period #20](434)" classname="tests.AddFurnitureLeadTest" time="0.0">
    <skipped message="Cannot invoke &quot;com.microsoft.playwright.Page.locator(String)&quot; because &quot;this.page&quot; is null"/>
  </testcase>
  <testcase name="addLeadForBasicFurnitureLead[Stanley - SLN, Mina, Trivedi, +31, Digital, Google, Turkey Solution, Full Home Package(Design + Execution + Furniture), Need delivery within a week #142](435)" classname="tests.AddFurnitureLeadTest" time="0.0">
    <skipped message="Cannot invoke &quot;com.microsoft.playwright.Page.locator(String)&quot; because &quot;this.page&quot; is null"/>
  </testcase>
  <testcase name="addLeadForBasicFurnitureLead[Stanley - SBC, Rohit, Kapoor, +233, Digital, Google, Project Management Consultancy, Project Advisory, Interested in outdoor furniture #74](436)" classname="tests.AddFurnitureLeadTest" time="0.0">
    <skipped message="Cannot invoke &quot;com.microsoft.playwright.Page.locator(String)&quot; because &quot;this.page&quot; is null"/>
  </testcase>
  <testcase name="addLeadForBasicFurnitureLead[Godrej, Mina, Mehta, +62, Digital, Google, Project Management Consultancy, Costing, Customer referred by friend #312](437)" classname="tests.AddFurnitureLeadTest" time="0.0">
    <skipped message="Cannot invoke &quot;com.microsoft.playwright.Page.locator(String)&quot; because &quot;this.page&quot; is null"/>
  </testcase>
  <testcase name="addLeadForBasicFurnitureLead[Lofy Home Store, Bhavna, Soni, +228, Digital, Google, Project Management Consultancy, Vendor Management, Prefers compact designs #356](438)" classname="tests.AddFurnitureLeadTest" time="0.0">
    <skipped message="Cannot invoke &quot;com.microsoft.playwright.Page.locator(String)&quot; because &quot;this.page&quot; is null"/>
  </testcase>
  <testcase name="addLeadForBasicFurnitureLead[Haworth, Rina, Joshi, +260, Digital, Google, Execution, Carpentry, Interested in outdoor furniture #20](439)" classname="tests.AddFurnitureLeadTest" time="0.0">
    <skipped message="Cannot invoke &quot;com.microsoft.playwright.Page.locator(String)&quot; because &quot;this.page&quot; is null"/>
  </testcase>
  <testcase name="addLeadForBasicFurnitureLead[Lofy Interior Solutions, Anjali, Joshi, +49, Digital, Google, Execution, Civil, Interested in outdoor furniture #456](440)" classname="tests.AddFurnitureLeadTest" time="0.0">
    <skipped message="Cannot invoke &quot;com.microsoft.playwright.Page.locator(String)&quot; because &quot;this.page&quot; is null"/>
  </testcase>
  <testcase name="addLeadForBasicFurnitureLead[Stanley - SLN, Viren, Joshi, +41, Digital, Google, Execution, Electrical, Requesting catalog #170](441)" classname="tests.AddFurnitureLeadTest" time="0.0">
    <skipped message="Cannot invoke &quot;com.microsoft.playwright.Page.locator(String)&quot; because &quot;this.page&quot; is null"/>
  </testcase>
  <testcase name="addLeadForBasicFurnitureLead[Stanley - SBC, Nirav, Shukla, +221, Digital, Google, Execution, Finishing only, Looking for space-saving solutions #122](442)" classname="tests.AddFurnitureLeadTest" time="0.0">
    <skipped message="Cannot invoke &quot;com.microsoft.playwright.Page.locator(String)&quot; because &quot;this.page&quot; is null"/>
  </testcase>
  <testcase name="addLeadForBasicFurnitureLead[Godrej, Karan, Shah, +258, Digital, Google, Design only, 2D/3D Layouts, Looking for budget-friendly options #382](443)" classname="tests.AddFurnitureLeadTest" time="0.0">
    <skipped message="Cannot invoke &quot;com.microsoft.playwright.Page.locator(String)&quot; because &quot;this.page&quot; is null"/>
  </testcase>
  <testcase name="addLeadForBasicFurnitureLead[Lofy Home Store, Jigar, Kapoor, +225, Digital, Google, Design only, Material Selection, Enquiring about warranty period #472](444)" classname="tests.AddFurnitureLeadTest" time="0.0">
    <skipped message="Cannot invoke &quot;com.microsoft.playwright.Page.locator(String)&quot; because &quot;this.page&quot; is null"/>
  </testcase>
  <testcase name="addLeadForBasicFurnitureLead[Haworth, Rohit, Choksi, +211, Digital, Email, Living, Sofa, First-time buyer #460](445)" classname="tests.AddFurnitureLeadTest" time="0.0">
    <skipped message="Cannot invoke &quot;com.microsoft.playwright.Page.locator(String)&quot; because &quot;this.page&quot; is null"/>
  </testcase>
  <testcase name="addLeadForBasicFurnitureLead[Lofy Interior Solutions, Aarav, Vyas, +212, Digital, Email, Living, Recliner, Wants kids&apos; room furniture #11](446)" classname="tests.AddFurnitureLeadTest" time="0.0">
    <skipped message="Cannot invoke &quot;com.microsoft.playwright.Page.locator(String)&quot; because &quot;this.page&quot; is null"/>
  </testcase>
  <testcase name="addLeadForBasicFurnitureLead[Stanley - SLN, Neha, Thakkar, +218, Digital, Email, Living, Coffee Table, Looking for office furniture #419](447)" classname="tests.AddFurnitureLeadTest" time="0.0">
    <skipped message="Cannot invoke &quot;com.microsoft.playwright.Page.locator(String)&quot; because &quot;this.page&quot; is null"/>
  </testcase>
  <testcase name="addLeadForBasicFurnitureLead[Stanley - SBC, Sonal, Parikh, +45, Digital, Email, Living, TV Unit, Asking for fabric color options #156](448)" classname="tests.AddFurnitureLeadTest" time="0.0">
    <skipped message="Cannot invoke &quot;com.microsoft.playwright.Page.locator(String)&quot; because &quot;this.page&quot; is null"/>
  </testcase>
  <testcase name="addLeadForBasicFurnitureLead[Godrej, Bhavna, Joshi, +254, Digital, Email, Dining, Dining Table, Requesting bulk order discount #144](449)" classname="tests.AddFurnitureLeadTest" time="0.0">
    <skipped message="Cannot invoke &quot;com.microsoft.playwright.Page.locator(String)&quot; because &quot;this.page&quot; is null"/>
  </testcase>
  <testcase name="addLeadForBasicFurnitureLead[Lofy Home Store, Sonal, Desai, +251, Digital, Email, Dining, Chairs, Looking for leather finish #252](450)" classname="tests.AddFurnitureLeadTest" time="0.0">
    <skipped message="Cannot invoke &quot;com.microsoft.playwright.Page.locator(String)&quot; because &quot;this.page&quot; is null"/>
  </testcase>
  <testcase name="addLeadForBasicFurnitureLead[Haworth, Rishi, Choksi, +93, Digital, Email, Dining, Bench, Checking stock availability #357](451)" classname="tests.AddFurnitureLeadTest" time="0.0">
    <skipped message="Cannot invoke &quot;com.microsoft.playwright.Page.locator(String)&quot; because &quot;this.page&quot; is null"/>
  </testcase>
  <testcase name="addLeadForBasicFurnitureLead[Lofy Interior Solutions, Rishi, Mehta, +242, Digital, Email, BedRoom, Bed, Prefers compact designs #51](452)" classname="tests.AddFurnitureLeadTest" time="0.0">
    <skipped message="Cannot invoke &quot;com.microsoft.playwright.Page.locator(String)&quot; because &quot;this.page&quot; is null"/>
  </testcase>
  <testcase name="addLeadForBasicFurnitureLead[Stanley - SLN, Kavya, Dave, +240, Digital, Email, BedRoom, Side Table, Checking stock availability #117](453)" classname="tests.AddFurnitureLeadTest" time="0.0">
    <skipped message="Cannot invoke &quot;com.microsoft.playwright.Page.locator(String)&quot; because &quot;this.page&quot; is null"/>
  </testcase>
  <testcase name="addLeadForBasicFurnitureLead[Stanley - SBC, Neha, Choksi, +58, Digital, Email, BedRoom, Dressing, Urgent requirement #154](454)" classname="tests.AddFurnitureLeadTest" time="0.0">
    <skipped message="Cannot invoke &quot;com.microsoft.playwright.Page.locator(String)&quot; because &quot;this.page&quot; is null"/>
  </testcase>
  <testcase name="addLeadForBasicFurnitureLead[Godrej, Pooja, Thakkar, +48, Digital, Email, BedRoom, Mattress, Interested in sofa sets #227](455)" classname="tests.AddFurnitureLeadTest" time="0.0">
    <skipped message="Cannot invoke &quot;com.microsoft.playwright.Page.locator(String)&quot; because &quot;this.page&quot; is null"/>
  </testcase>
  <testcase name="addLeadForBasicFurnitureLead[Lofy Home Store, Bhavna, Shukla, +48, Digital, Email, Study, Study Table, Wants matching dining set #423](456)" classname="tests.AddFurnitureLeadTest" time="0.0">
    <skipped message="Cannot invoke &quot;com.microsoft.playwright.Page.locator(String)&quot; because &quot;this.page&quot; is null"/>
  </testcase>
  <testcase name="addLeadForBasicFurnitureLead[Haworth, Pooja, Joshi, +64, Digital, Email, Study, Chairs, Looking for office furniture #138](457)" classname="tests.AddFurnitureLeadTest" time="0.0">
    <skipped message="Cannot invoke &quot;com.microsoft.playwright.Page.locator(String)&quot; because &quot;this.page&quot; is null"/>
  </testcase>
  <testcase name="addLeadForBasicFurnitureLead[Lofy Interior Solutions, Kavya, Shah, +254, Digital, Email, Study, Library Unit, Interested in sofa sets #214](458)" classname="tests.AddFurnitureLeadTest" time="0.0">
    <skipped message="Cannot invoke &quot;com.microsoft.playwright.Page.locator(String)&quot; because &quot;this.page&quot; is null"/>
  </testcase>
  <testcase name="addLeadForBasicFurnitureLead[Stanley - SLN, Krishna, Vyas, +7, Digital, Email, Kitchen, Modular, Customer referred by friend #331](459)" classname="tests.AddFurnitureLeadTest" time="0.0">
    <skipped message="Cannot invoke &quot;com.microsoft.playwright.Page.locator(String)&quot; because &quot;this.page&quot; is null"/>
  </testcase>
  <testcase name="addLeadForBasicFurnitureLead[Stanley - SBC, Karan, Kapoor, +62, Digital, Email, Kitchen, Semi-Modular, Prefers wooden furniture #97](460)" classname="tests.AddFurnitureLeadTest" time="0.0">
    <skipped message="Cannot invoke &quot;com.microsoft.playwright.Page.locator(String)&quot; because &quot;this.page&quot; is null"/>
  </testcase>
  <testcase name="addLeadForBasicFurnitureLead[Godrej, Rina, Gandhi, +53, Digital, Email, Kitchen, Countertop, Prefers eco-friendly material #109](461)" classname="tests.AddFurnitureLeadTest" time="0.0">
    <skipped message="Cannot invoke &quot;com.microsoft.playwright.Page.locator(String)&quot; because &quot;this.page&quot; is null"/>
  </testcase>
  <testcase name="addLeadForBasicFurnitureLead[Lofy Home Store, Pooja, Patel, +46, Digital, Email, Kitchen, Appliances, Interested in seasonal discount #422](462)" classname="tests.AddFurnitureLeadTest" time="0.0">
    <skipped message="Cannot invoke &quot;com.microsoft.playwright.Page.locator(String)&quot; because &quot;this.page&quot; is null"/>
  </testcase>
  <testcase name="addLeadForBasicFurnitureLead[Haworth, Hetal, Kapoor, +44, Digital, Email, Wardrobes, Sliding, Checking modular kitchen options #380](463)" classname="tests.AddFurnitureLeadTest" time="0.0">
    <skipped message="Cannot invoke &quot;com.microsoft.playwright.Page.locator(String)&quot; because &quot;this.page&quot; is null"/>
  </testcase>
  <testcase name="addLeadForBasicFurnitureLead[Lofy Interior Solutions, Priya, Trivedi, +226, Digital, Email, Wardrobes, Hinged, Enquiring about warranty period #389](464)" classname="tests.AddFurnitureLeadTest" time="0.0">
    <skipped message="Cannot invoke &quot;com.microsoft.playwright.Page.locator(String)&quot; because &quot;this.page&quot; is null"/>
  </testcase>
  <testcase name="addLeadForBasicFurnitureLead[Stanley - SLN, Kavya, Parikh, +245, Digital, Email, Wardrobes, Walk-in, Request for free installation #445](465)" classname="tests.AddFurnitureLeadTest" time="0.0">
    <skipped message="Cannot invoke &quot;com.microsoft.playwright.Page.locator(String)&quot; because &quot;this.page&quot; is null"/>
  </testcase>
  <testcase name="addLeadForBasicFurnitureLead[Stanley - SBC, Krishna, Thakkar, +234, Digital, Email, Office, WorkStations, Wants kids&apos; room furniture #421](466)" classname="tests.AddFurnitureLeadTest" time="0.0">
    <skipped message="Cannot invoke &quot;com.microsoft.playwright.Page.locator(String)&quot; because &quot;this.page&quot; is null"/>
  </testcase>
  <testcase name="addLeadForBasicFurnitureLead[Godrej, Kavya, Joshi, +31, Digital, Email, Office, Conference Table, Looking for budget-friendly options #264](467)" classname="tests.AddFurnitureLeadTest" time="0.0">
    <skipped message="Cannot invoke &quot;com.microsoft.playwright.Page.locator(String)&quot; because &quot;this.page&quot; is null"/>
  </testcase>
  <testcase name="addLeadForBasicFurnitureLead[Lofy Home Store, Bhavna, Joshi, +252, Digital, Email, Office, Cabin Setup, Asking for fabric color options #82](468)" classname="tests.AddFurnitureLeadTest" time="0.0">
    <skipped message="Cannot invoke &quot;com.microsoft.playwright.Page.locator(String)&quot; because &quot;this.page&quot; is null"/>
  </testcase>
  <testcase name="addLeadForBasicFurnitureLead[Haworth, Mehul, Desai, +231, Digital, Email, Outdoor, Patio, Prefers wooden furniture #160](469)" classname="tests.AddFurnitureLeadTest" time="0.0">
    <skipped message="Cannot invoke &quot;com.microsoft.playwright.Page.locator(String)&quot; because &quot;this.page&quot; is null"/>
  </testcase>
  <testcase name="addLeadForBasicFurnitureLead[Lofy Interior Solutions, Viren, Thakkar, +257, Digital, Email, Outdoor, Swing, Looking for space-saving solutions #260](470)" classname="tests.AddFurnitureLeadTest" time="0.0">
    <skipped message="Cannot invoke &quot;com.microsoft.playwright.Page.locator(String)&quot; because &quot;this.page&quot; is null"/>
  </testcase>
  <testcase name="addLeadForBasicFurnitureLead[Stanley - SLN, Viren, Chaudhary, +262, Digital, Email, Outdoor, Garden Seating, Interested in outdoor furniture #70](471)" classname="tests.AddFurnitureLeadTest" time="0.0">
    <skipped message="Cannot invoke &quot;com.microsoft.playwright.Page.locator(String)&quot; because &quot;this.page&quot; is null"/>
  </testcase>
  <testcase name="addLeadForBasicFurnitureLead[Stanley - SBC, Rohit, Choksi, +39, Digital, Email, Turkey Solution, Full Home Package(Design + Execution + Furniture), Wants matching dining set #436](472)" classname="tests.AddFurnitureLeadTest" time="0.0">
    <skipped message="Cannot invoke &quot;com.microsoft.playwright.Page.locator(String)&quot; because &quot;this.page&quot; is null"/>
  </testcase>
  <testcase name="addLeadForBasicFurnitureLead[Godrej, Mina, Vyas, +48, Digital, Email, Project Management Consultancy, Project Advisory, Request for free installation #451](473)" classname="tests.AddFurnitureLeadTest" time="0.0">
    <skipped message="Cannot invoke &quot;com.microsoft.playwright.Page.locator(String)&quot; because &quot;this.page&quot; is null"/>
  </testcase>
  <testcase name="addLeadForBasicFurnitureLead[Lofy Home Store, Rina, Bhatt, +81, Digital, Email, Project Management Consultancy, Costing, Looking for EMI options #15](474)" classname="tests.AddFurnitureLeadTest" time="0.0">
    <skipped message="Cannot invoke &quot;com.microsoft.playwright.Page.locator(String)&quot; because &quot;this.page&quot; is null"/>
  </testcase>
  <testcase name="addLeadForBasicFurnitureLead[Haworth, Aarav, Shah, +246, Digital, Email, Project Management Consultancy, Vendor Management, Need delivery within a week #99](475)" classname="tests.AddFurnitureLeadTest" time="0.0">
    <skipped message="Cannot invoke &quot;com.microsoft.playwright.Page.locator(String)&quot; because &quot;this.page&quot; is null"/>
  </testcase>
  <testcase name="addLeadForBasicFurnitureLead[Lofy Interior Solutions, Mehul, Gandhi, +234, Digital, Email, Execution, Carpentry, Requesting catalog #427](476)" classname="tests.AddFurnitureLeadTest" time="0.0">
    <skipped message="Cannot invoke &quot;com.microsoft.playwright.Page.locator(String)&quot; because &quot;this.page&quot; is null"/>
  </testcase>
  <testcase name="addLeadForBasicFurnitureLead[Stanley - SLN, Krishna, Desai, +260, Digital, Email, Execution, Civil, Asking for custom designs #429](477)" classname="tests.AddFurnitureLeadTest" time="0.0">
    <skipped message="Cannot invoke &quot;com.microsoft.playwright.Page.locator(String)&quot; because &quot;this.page&quot; is null"/>
  </testcase>
  <testcase name="addLeadForBasicFurnitureLead[Stanley - SBC, Krishna, Patel, +253, Digital, Email, Execution, Electrical, Looking for budget-friendly options #128](478)" classname="tests.AddFurnitureLeadTest" time="0.0">
    <skipped message="Cannot invoke &quot;com.microsoft.playwright.Page.locator(String)&quot; because &quot;this.page&quot; is null"/>
  </testcase>
  <testcase name="addLeadForBasicFurnitureLead[Godrej, Mehul, Joshi, +226, Digital, Email, Execution, Finishing only, Looking for budget-friendly options #234](479)" classname="tests.AddFurnitureLeadTest" time="0.0">
    <skipped message="Cannot invoke &quot;com.microsoft.playwright.Page.locator(String)&quot; because &quot;this.page&quot; is null"/>
  </testcase>
  <testcase name="addLeadForBasicFurnitureLead[Lofy Home Store, Anjali, Shukla, +94, Digital, Email, Design only, 2D/3D Layouts, Looking for budget-friendly options #471](480)" classname="tests.AddFurnitureLeadTest" time="0.0">
    <skipped message="Cannot invoke &quot;com.microsoft.playwright.Page.locator(String)&quot; because &quot;this.page&quot; is null"/>
  </testcase>
  <testcase name="addLeadForBasicFurnitureLead[Haworth, Bhavna, Soni, +222, Digital, Email, Design only, Material Selection, Wants kids&apos; room furniture #361](481)" classname="tests.AddFurnitureLeadTest" time="0.0">
    <skipped message="Cannot invoke &quot;com.microsoft.playwright.Page.locator(String)&quot; because &quot;this.page&quot; is null"/>
  </testcase>
  <testcase name="addLeadForBasicFurnitureLead[Lofy Interior Solutions, Mina, Gandhi, +223, Digital, WhatsApp, Living, Sofa, Asking for custom designs #141](482)" classname="tests.AddFurnitureLeadTest" time="0.0">
    <skipped message="Cannot invoke &quot;com.microsoft.playwright.Page.locator(String)&quot; because &quot;this.page&quot; is null"/>
  </testcase>
  <testcase name="addLeadForBasicFurnitureLead[Stanley - SLN, Rishi, Kapoor, +64, Digital, WhatsApp, Living, Recliner, Wants kids&apos; room furniture #422](483)" classname="tests.AddFurnitureLeadTest" time="0.0">
    <skipped message="Cannot invoke &quot;com.microsoft.playwright.Page.locator(String)&quot; because &quot;this.page&quot; is null"/>
  </testcase>
  <testcase name="addLeadForBasicFurnitureLead[Stanley - SBC, Neha, Joshi, +257, Digital, WhatsApp, Living, Coffee Table, Prefers eco-friendly material #259](484)" classname="tests.AddFurnitureLeadTest" time="0.0">
    <skipped message="Cannot invoke &quot;com.microsoft.playwright.Page.locator(String)&quot; because &quot;this.page&quot; is null"/>
  </testcase>
  <testcase name="addLeadForBasicFurnitureLead[Godrej, Neha, Dave, +40, Digital, WhatsApp, Living, TV Unit, Interested in outdoor furniture #326](485)" classname="tests.AddFurnitureLeadTest" time="0.0">
    <skipped message="Cannot invoke &quot;com.microsoft.playwright.Page.locator(String)&quot; because &quot;this.page&quot; is null"/>
  </testcase>
  <testcase name="addLeadForBasicFurnitureLead[Lofy Home Store, Neha, Mehta, +224, Digital, WhatsApp, Dining, Dining Table, Interested in seasonal discount #64](486)" classname="tests.AddFurnitureLeadTest" time="0.0">
    <skipped message="Cannot invoke &quot;com.microsoft.playwright.Page.locator(String)&quot; because &quot;this.page&quot; is null"/>
  </testcase>
  <testcase name="addLeadForBasicFurnitureLead[Haworth, Mehul, Bhatt, +212, Digital, WhatsApp, Dining, Chairs, Prefers compact designs #16](487)" classname="tests.AddFurnitureLeadTest" time="0.0">
    <skipped message="Cannot invoke &quot;com.microsoft.playwright.Page.locator(String)&quot; because &quot;this.page&quot; is null"/>
  </testcase>
  <testcase name="addLeadForBasicFurnitureLead[Lofy Interior Solutions, Nirav, Desai, +33, Digital, WhatsApp, Dining, Bench, Repeat customer inquiry #191](488)" classname="tests.AddFurnitureLeadTest" time="0.0">
    <skipped message="Cannot invoke &quot;com.microsoft.playwright.Page.locator(String)&quot; because &quot;this.page&quot; is null"/>
  </testcase>
  <testcase name="addLeadForBasicFurnitureLead[Stanley - SLN, Nirav, Bhatt, +45, Digital, WhatsApp, BedRoom, Bed, Enquiring about warranty period #305](489)" classname="tests.AddFurnitureLeadTest" time="0.0">
    <skipped message="Cannot invoke &quot;com.microsoft.playwright.Page.locator(String)&quot; because &quot;this.page&quot; is null"/>
  </testcase>
  <testcase name="addLeadForBasicFurnitureLead[Stanley - SBC, Mehul, Raval, +255, Digital, WhatsApp, BedRoom, Side Table, Prefers eco-friendly material #91](490)" classname="tests.AddFurnitureLeadTest" time="0.0">
    <skipped message="Cannot invoke &quot;com.microsoft.playwright.Page.locator(String)&quot; because &quot;this.page&quot; is null"/>
  </testcase>
  <testcase name="addLeadForBasicFurnitureLead[Godrej, Karan, Mehta, +32, Digital, WhatsApp, BedRoom, Dressing, Checking stock availability #243](491)" classname="tests.AddFurnitureLeadTest" time="0.0">
    <skipped message="Cannot invoke &quot;com.microsoft.playwright.Page.locator(String)&quot; because &quot;this.page&quot; is null"/>
  </testcase>
  <testcase name="addLeadForBasicFurnitureLead[Lofy Home Store, Jigar, Chaudhary, +90, Digital, WhatsApp, BedRoom, Mattress, Looking for EMI options #283](492)" classname="tests.AddFurnitureLeadTest" time="0.0">
    <skipped message="Cannot invoke &quot;com.microsoft.playwright.Page.locator(String)&quot; because &quot;this.page&quot; is null"/>
  </testcase>
  <testcase name="addLeadForBasicFurnitureLead[Haworth, Mehul, Trivedi, +243, Digital, WhatsApp, Study, Study Table, Wants kids&apos; room furniture #177](493)" classname="tests.AddFurnitureLeadTest" time="0.0">
    <skipped message="Cannot invoke &quot;com.microsoft.playwright.Page.locator(String)&quot; because &quot;this.page&quot; is null"/>
  </testcase>
  <testcase name="addLeadForBasicFurnitureLead[Lofy Interior Solutions, Bhavna, Kapoor, +49, Digital, WhatsApp, Study, Chairs, Need delivery within a week #429](494)" classname="tests.AddFurnitureLeadTest" time="0.0">
    <skipped message="Cannot invoke &quot;com.microsoft.playwright.Page.locator(String)&quot; because &quot;this.page&quot; is null"/>
  </testcase>
  <testcase name="addLeadForBasicFurnitureLead[Stanley - SLN, Rishi, Bhatt, +43, Digital, WhatsApp, Study, Library Unit, Requesting catalog #133](495)" classname="tests.AddFurnitureLeadTest" time="0.0">
    <skipped message="Cannot invoke &quot;com.microsoft.playwright.Page.locator(String)&quot; because &quot;this.page&quot; is null"/>
  </testcase>
  <testcase name="addLeadForBasicFurnitureLead[Stanley - SBC, Hetal, Gandhi, +241, Digital, WhatsApp, Kitchen, Modular, Interested in sofa sets #426](496)" classname="tests.AddFurnitureLeadTest" time="0.0">
    <skipped message="Cannot invoke &quot;com.microsoft.playwright.Page.locator(String)&quot; because &quot;this.page&quot; is null"/>
  </testcase>
  <testcase name="addLeadForBasicFurnitureLead[Godrej, Jigar, Patel, +81, Digital, WhatsApp, Kitchen, Semi-Modular, Looking for space-saving solutions #47](497)" classname="tests.AddFurnitureLeadTest" time="0.0">
    <skipped message="Cannot invoke &quot;com.microsoft.playwright.Page.locator(String)&quot; because &quot;this.page&quot; is null"/>
  </testcase>
  <testcase name="addLeadForBasicFurnitureLead[Lofy Home Store, Rohit, Trivedi, +223, Digital, WhatsApp, Kitchen, Countertop, Requesting bulk order discount #15](498)" classname="tests.AddFurnitureLeadTest" time="0.0">
    <skipped message="Cannot invoke &quot;com.microsoft.playwright.Page.locator(String)&quot; because &quot;this.page&quot; is null"/>
  </testcase>
  <testcase name="addLeadForBasicFurnitureLead[Haworth, Jigar, Raval, +254, Digital, WhatsApp, Kitchen, Appliances, Interested in outdoor furniture #26](499)" classname="tests.AddFurnitureLeadTest" time="0.0">
    <skipped message="Cannot invoke &quot;com.microsoft.playwright.Page.locator(String)&quot; because &quot;this.page&quot; is null"/>
  </testcase>
  <testcase name="addLeadForBasicFurnitureLead[Lofy Interior Solutions, Kavya, Parikh, +54, Digital, WhatsApp, Wardrobes, Sliding, Need delivery within a week #438](500)" classname="tests.AddFurnitureLeadTest" time="0.0">
    <skipped message="Cannot invoke &quot;com.microsoft.playwright.Page.locator(String)&quot; because &quot;this.page&quot; is null"/>
  </testcase>
  <testcase name="addLeadForBasicFurnitureLead[Stanley - SLN, Dhruv, Kapoor, +90, Digital, WhatsApp, Wardrobes, Hinged, Looking for EMI options #400](501)" classname="tests.AddFurnitureLeadTest" time="0.0">
    <skipped message="Cannot invoke &quot;com.microsoft.playwright.Page.locator(String)&quot; because &quot;this.page&quot; is null"/>
  </testcase>
  <testcase name="addLeadForBasicFurnitureLead[Stanley - SBC, Jigar, Joshi, +1, Digital, WhatsApp, Wardrobes, Walk-in, Asking for custom designs #439](502)" classname="tests.AddFurnitureLeadTest" time="0.0">
    <skipped message="Cannot invoke &quot;com.microsoft.playwright.Page.locator(String)&quot; because &quot;this.page&quot; is null"/>
  </testcase>
  <testcase name="addLeadForBasicFurnitureLead[Godrej, Rishi, Desai, +48, Digital, WhatsApp, Office, WorkStations, Repeat customer inquiry #332](503)" classname="tests.AddFurnitureLeadTest" time="0.0">
    <skipped message="Cannot invoke &quot;com.microsoft.playwright.Page.locator(String)&quot; because &quot;this.page&quot; is null"/>
  </testcase>
  <testcase name="addLeadForBasicFurnitureLead[Lofy Home Store, Krishna, Chaudhary, +48, Digital, WhatsApp, Office, Conference Table, Repeat customer inquiry #347](504)" classname="tests.AddFurnitureLeadTest" time="0.0">
    <skipped message="Cannot invoke &quot;com.microsoft.playwright.Page.locator(String)&quot; because &quot;this.page&quot; is null"/>
  </testcase>
  <testcase name="addLeadForBasicFurnitureLead[Haworth, Rina, Kapoor, +237, Digital, WhatsApp, Office, Cabin Setup, Asking for custom designs #138](505)" classname="tests.AddFurnitureLeadTest" time="0.0">
    <skipped message="Cannot invoke &quot;com.microsoft.playwright.Page.locator(String)&quot; because &quot;this.page&quot; is null"/>
  </testcase>
  <testcase name="addLeadForBasicFurnitureLead[Lofy Interior Solutions, Dhruv, Kapoor, +222, Digital, WhatsApp, Outdoor, Patio, Visited showroom last week #210](506)" classname="tests.AddFurnitureLeadTest" time="0.0">
    <skipped message="Cannot invoke &quot;com.microsoft.playwright.Page.locator(String)&quot; because &quot;this.page&quot; is null"/>
  </testcase>
  <testcase name="addLeadForBasicFurnitureLead[Stanley - SLN, Rina, Patel, +51, Digital, WhatsApp, Outdoor, Swing, Request for free installation #11](507)" classname="tests.AddFurnitureLeadTest" time="0.0">
    <skipped message="Cannot invoke &quot;com.microsoft.playwright.Page.locator(String)&quot; because &quot;this.page&quot; is null"/>
  </testcase>
  <testcase name="addLeadForBasicFurnitureLead[Stanley - SBC, Rishi, Trivedi, +92, Digital, WhatsApp, Outdoor, Garden Seating, Checking stock availability #400](508)" classname="tests.AddFurnitureLeadTest" time="0.0">
    <skipped message="Cannot invoke &quot;com.microsoft.playwright.Page.locator(String)&quot; because &quot;this.page&quot; is null"/>
  </testcase>
  <testcase name="addLeadForBasicFurnitureLead[Godrej, Krishna, Desai, +32, Digital, WhatsApp, Turkey Solution, Full Home Package(Design + Execution + Furniture), Wants matching dining set #350](509)" classname="tests.AddFurnitureLeadTest" time="0.0">
    <skipped message="Cannot invoke &quot;com.microsoft.playwright.Page.locator(String)&quot; because &quot;this.page&quot; is null"/>
  </testcase>
  <testcase name="addLeadForBasicFurnitureLead[Lofy Home Store, Dhruv, Choksi, +249, Digital, WhatsApp, Project Management Consultancy, Project Advisory, Interested in modern furniture #243](510)" classname="tests.AddFurnitureLeadTest" time="0.0">
    <skipped message="Cannot invoke &quot;com.microsoft.playwright.Page.locator(String)&quot; because &quot;this.page&quot; is null"/>
  </testcase>
  <testcase name="addLeadForBasicFurnitureLead[Haworth, Mina, Dave, +39, Digital, WhatsApp, Project Management Consultancy, Costing, Interested in seasonal discount #68](511)" classname="tests.AddFurnitureLeadTest" time="0.0">
    <skipped message="Cannot invoke &quot;com.microsoft.playwright.Page.locator(String)&quot; because &quot;this.page&quot; is null"/>
  </testcase>
  <testcase name="addLeadForBasicFurnitureLead[Lofy Interior Solutions, Neha, Choksi, +254, Digital, WhatsApp, Project Management Consultancy, Vendor Management, Visited showroom last week #89](512)" classname="tests.AddFurnitureLeadTest" time="0.0">
    <skipped message="Cannot invoke &quot;com.microsoft.playwright.Page.locator(String)&quot; because &quot;this.page&quot; is null"/>
  </testcase>
  <testcase name="addLeadForBasicFurnitureLead[Stanley - SLN, Hetal, Mehta, +91, Digital, WhatsApp, Execution, Carpentry, Customer referred by friend #411](513)" classname="tests.AddFurnitureLeadTest" time="0.0">
    <skipped message="Cannot invoke &quot;com.microsoft.playwright.Page.locator(String)&quot; because &quot;this.page&quot; is null"/>
  </testcase>
  <testcase name="addLeadForBasicFurnitureLead[Stanley - SBC, Rohit, Thakkar, +66, Digital, WhatsApp, Execution, Civil, Interested in modern furniture #115](514)" classname="tests.AddFurnitureLeadTest" time="0.0">
    <skipped message="Cannot invoke &quot;com.microsoft.playwright.Page.locator(String)&quot; because &quot;this.page&quot; is null"/>
  </testcase>
  <testcase name="addLeadForBasicFurnitureLead[Godrej, Jigar, Choksi, +235, Digital, WhatsApp, Execution, Electrical, First-time buyer #312](515)" classname="tests.AddFurnitureLeadTest" time="0.0">
    <skipped message="Cannot invoke &quot;com.microsoft.playwright.Page.locator(String)&quot; because &quot;this.page&quot; is null"/>
  </testcase>
  <testcase name="addLeadForBasicFurnitureLead[Lofy Home Store, Rohit, Mehta, +224, Digital, WhatsApp, Execution, Finishing only, Asking for fabric color options #483](516)" classname="tests.AddFurnitureLeadTest" time="0.0">
    <skipped message="Cannot invoke &quot;com.microsoft.playwright.Page.locator(String)&quot; because &quot;this.page&quot; is null"/>
  </testcase>
  <testcase name="addLeadForBasicFurnitureLead[Haworth, Pooja, Soni, +256, Digital, WhatsApp, Design only, 2D/3D Layouts, Requesting bulk order discount #365](517)" classname="tests.AddFurnitureLeadTest" time="0.0">
    <skipped message="Cannot invoke &quot;com.microsoft.playwright.Page.locator(String)&quot; because &quot;this.page&quot; is null"/>
  </testcase>
  <testcase name="addLeadForBasicFurnitureLead[Lofy Interior Solutions, Priya, Parikh, +255, Digital, WhatsApp, Design only, Material Selection, Looking for space-saving solutions #330](518)" classname="tests.AddFurnitureLeadTest" time="0.0">
    <skipped message="Cannot invoke &quot;com.microsoft.playwright.Page.locator(String)&quot; because &quot;this.page&quot; is null"/>
  </testcase>
  <testcase name="addLeadForBasicFurnitureLead[Stanley - SLN, Kavya, Trivedi, +60, Walkin, Website, Living, Sofa, First-time buyer #217](519)" classname="tests.AddFurnitureLeadTest" time="0.0">
    <skipped message="Cannot invoke &quot;com.microsoft.playwright.Page.locator(String)&quot; because &quot;this.page&quot; is null"/>
  </testcase>
  <testcase name="addLeadForBasicFurnitureLead[Stanley - SBC, Aarav, Soni, +33, Walkin, Website, Living, Recliner, Requesting catalog #193](520)" classname="tests.AddFurnitureLeadTest" time="0.0">
    <skipped message="Cannot invoke &quot;com.microsoft.playwright.Page.locator(String)&quot; because &quot;this.page&quot; is null"/>
  </testcase>
  <testcase name="addLeadForBasicFurnitureLead[Godrej, Jigar, Vyas, +86, Walkin, Website, Living, Coffee Table, Checking stock availability #179](521)" classname="tests.AddFurnitureLeadTest" time="0.0">
    <skipped message="Cannot invoke &quot;com.microsoft.playwright.Page.locator(String)&quot; because &quot;this.page&quot; is null"/>
  </testcase>
  <testcase name="addLeadForBasicFurnitureLead[Lofy Home Store, Hetal, Doshi, +47, Walkin, Website, Living, TV Unit, Prefers eco-friendly material #130](522)" classname="tests.AddFurnitureLeadTest" time="0.0">
    <skipped message="Cannot invoke &quot;com.microsoft.playwright.Page.locator(String)&quot; because &quot;this.page&quot; is null"/>
  </testcase>
  <testcase name="addLeadForBasicFurnitureLead[Haworth, Kavya, Vyas, +92, Walkin, Website, Dining, Dining Table, Asking for custom designs #239](523)" classname="tests.AddFurnitureLeadTest" time="0.0">
    <skipped message="Cannot invoke &quot;com.microsoft.playwright.Page.locator(String)&quot; because &quot;this.page&quot; is null"/>
  </testcase>
  <testcase name="addLeadForBasicFurnitureLead[Lofy Interior Solutions, Rina, Vyas, +233, Walkin, Website, Dining, Chairs, Requesting bulk order discount #347](524)" classname="tests.AddFurnitureLeadTest" time="0.0">
    <skipped message="Cannot invoke &quot;com.microsoft.playwright.Page.locator(String)&quot; because &quot;this.page&quot; is null"/>
  </testcase>
  <testcase name="addLeadForBasicFurnitureLead[Stanley - SLN, Neha, Vyas, +46, Walkin, Website, Dining, Bench, Request for free installation #423](525)" classname="tests.AddFurnitureLeadTest" time="0.0">
    <skipped message="Cannot invoke &quot;com.microsoft.playwright.Page.locator(String)&quot; because &quot;this.page&quot; is null"/>
  </testcase>
  <testcase name="addLeadForBasicFurnitureLead[Stanley - SBC, Mehul, Trivedi, +261, Walkin, Website, BedRoom, Bed, Customer referred by friend #204](526)" classname="tests.AddFurnitureLeadTest" time="0.0">
    <skipped message="Cannot invoke &quot;com.microsoft.playwright.Page.locator(String)&quot; because &quot;this.page&quot; is null"/>
  </testcase>
  <testcase name="addLeadForBasicFurnitureLead[Godrej, Rina, Chaudhary, +241, Walkin, Website, BedRoom, Side Table, Looking for EMI options #53](527)" classname="tests.AddFurnitureLeadTest" time="0.0">
    <skipped message="Cannot invoke &quot;com.microsoft.playwright.Page.locator(String)&quot; because &quot;this.page&quot; is null"/>
  </testcase>
  <testcase name="addLeadForBasicFurnitureLead[Lofy Home Store, Pooja, Bhatt, +218, Walkin, Website, BedRoom, Dressing, Interested in modern furniture #262](528)" classname="tests.AddFurnitureLeadTest" time="0.0">
    <skipped message="Cannot invoke &quot;com.microsoft.playwright.Page.locator(String)&quot; because &quot;this.page&quot; is null"/>
  </testcase>
  <testcase name="addLeadForBasicFurnitureLead[Haworth, Rohit, Trivedi, +20, Walkin, Website, BedRoom, Mattress, Prefers compact designs #495](529)" classname="tests.AddFurnitureLeadTest" time="0.0">
    <skipped message="Cannot invoke &quot;com.microsoft.playwright.Page.locator(String)&quot; because &quot;this.page&quot; is null"/>
  </testcase>
  <testcase name="addLeadForBasicFurnitureLead[Lofy Interior Solutions, Hetal, Shah, +36, Walkin, Website, Study, Study Table, Looking for leather finish #430](530)" classname="tests.AddFurnitureLeadTest" time="0.0">
    <skipped message="Cannot invoke &quot;com.microsoft.playwright.Page.locator(String)&quot; because &quot;this.page&quot; is null"/>
  </testcase>
  <testcase name="addLeadForBasicFurnitureLead[Stanley - SLN, Aarav, Gandhi, +223, Walkin, Website, Study, Chairs, Wants kids&apos; room furniture #288](531)" classname="tests.AddFurnitureLeadTest" time="0.0">
    <skipped message="Cannot invoke &quot;com.microsoft.playwright.Page.locator(String)&quot; because &quot;this.page&quot; is null"/>
  </testcase>
  <testcase name="addLeadForBasicFurnitureLead[Stanley - SBC, Hetal, Shah, +251, Walkin, Website, Study, Library Unit, Visited showroom last week #305](532)" classname="tests.AddFurnitureLeadTest" time="0.0">
    <skipped message="Cannot invoke &quot;com.microsoft.playwright.Page.locator(String)&quot; because &quot;this.page&quot; is null"/>
  </testcase>
  <testcase name="addLeadForBasicFurnitureLead[Godrej, Nirav, Chaudhary, +44, Walkin, Website, Kitchen, Modular, Customer referred by friend #145](533)" classname="tests.AddFurnitureLeadTest" time="0.0">
    <skipped message="Cannot invoke &quot;com.microsoft.playwright.Page.locator(String)&quot; because &quot;this.page&quot; is null"/>
  </testcase>
  <testcase name="addLeadForBasicFurnitureLead[Lofy Home Store, Bhavna, Vyas, +92, Walkin, Website, Kitchen, Semi-Modular, Requesting bulk order discount #351](534)" classname="tests.AddFurnitureLeadTest" time="0.0">
    <skipped message="Cannot invoke &quot;com.microsoft.playwright.Page.locator(String)&quot; because &quot;this.page&quot; is null"/>
  </testcase>
  <testcase name="addLeadForBasicFurnitureLead[Haworth, Mehul, Chaudhary, +249, Walkin, Website, Kitchen, Countertop, Wants luxury and premium finish #247](535)" classname="tests.AddFurnitureLeadTest" time="0.0">
    <skipped message="Cannot invoke &quot;com.microsoft.playwright.Page.locator(String)&quot; because &quot;this.page&quot; is null"/>
  </testcase>
  <testcase name="addLeadForBasicFurnitureLead[Lofy Interior Solutions, Sonal, Joshi, +258, Walkin, Website, Kitchen, Appliances, Prefers wooden furniture #173](536)" classname="tests.AddFurnitureLeadTest" time="0.0">
    <skipped message="Cannot invoke &quot;com.microsoft.playwright.Page.locator(String)&quot; because &quot;this.page&quot; is null"/>
  </testcase>
  <testcase name="addLeadForBasicFurnitureLead[Stanley - SLN, Dhruv, Raval, +224, Walkin, Website, Wardrobes, Sliding, First-time buyer #328](537)" classname="tests.AddFurnitureLeadTest" time="0.0">
    <skipped message="Cannot invoke &quot;com.microsoft.playwright.Page.locator(String)&quot; because &quot;this.page&quot; is null"/>
  </testcase>
  <testcase name="addLeadForBasicFurnitureLead[Stanley - SBC, Pooja, Mehta, +224, Walkin, Website, Wardrobes, Hinged, Looking for office furniture #442](538)" classname="tests.AddFurnitureLeadTest" time="0.0">
    <skipped message="Cannot invoke &quot;com.microsoft.playwright.Page.locator(String)&quot; because &quot;this.page&quot; is null"/>
  </testcase>
  <testcase name="addLeadForBasicFurnitureLead[Godrej, Dhruv, Dave, +39, Walkin, Website, Wardrobes, Walk-in, First-time buyer #134](539)" classname="tests.AddFurnitureLeadTest" time="0.0">
    <skipped message="Cannot invoke &quot;com.microsoft.playwright.Page.locator(String)&quot; because &quot;this.page&quot; is null"/>
  </testcase>
  <testcase name="addLeadForBasicFurnitureLead[Lofy Home Store, Aarav, Joshi, +90, Walkin, Website, Office, WorkStations, Visited showroom last week #365](540)" classname="tests.AddFurnitureLeadTest" time="0.0">
    <skipped message="Cannot invoke &quot;com.microsoft.playwright.Page.locator(String)&quot; because &quot;this.page&quot; is null"/>
  </testcase>
  <testcase name="addLeadForBasicFurnitureLead[Haworth, Pooja, Shah, +93, Walkin, Website, Office, Conference Table, Requesting catalog #334](541)" classname="tests.AddFurnitureLeadTest" time="0.0">
    <skipped message="Cannot invoke &quot;com.microsoft.playwright.Page.locator(String)&quot; because &quot;this.page&quot; is null"/>
  </testcase>
  <testcase name="addLeadForBasicFurnitureLead[Lofy Interior Solutions, Mehul, Dave, +235, Walkin, Website, Office, Cabin Setup, Requesting bulk order discount #97](542)" classname="tests.AddFurnitureLeadTest" time="0.0">
    <skipped message="Cannot invoke &quot;com.microsoft.playwright.Page.locator(String)&quot; because &quot;this.page&quot; is null"/>
  </testcase>
  <testcase name="addLeadForBasicFurnitureLead[Stanley - SLN, Priya, Joshi, +235, Walkin, Website, Outdoor, Patio, Urgent requirement #265](543)" classname="tests.AddFurnitureLeadTest" time="0.0">
    <skipped message="Cannot invoke &quot;com.microsoft.playwright.Page.locator(String)&quot; because &quot;this.page&quot; is null"/>
  </testcase>
  <testcase name="addLeadForBasicFurnitureLead[Stanley - SBC, Aarav, Vyas, +95, Walkin, Website, Outdoor, Swing, Wants matching dining set #124](544)" classname="tests.AddFurnitureLeadTest" time="0.0">
    <skipped message="Cannot invoke &quot;com.microsoft.playwright.Page.locator(String)&quot; because &quot;this.page&quot; is null"/>
  </testcase>
  <testcase name="addLeadForBasicFurnitureLead[Godrej, Nirav, Shah, +252, Walkin, Website, Outdoor, Garden Seating, Requesting catalog #30](545)" classname="tests.AddFurnitureLeadTest" time="0.0">
    <skipped message="Cannot invoke &quot;com.microsoft.playwright.Page.locator(String)&quot; because &quot;this.page&quot; is null"/>
  </testcase>
  <testcase name="addLeadForBasicFurnitureLead[Lofy Home Store, Kavya, Shukla, +43, Walkin, Website, Turkey Solution, Full Home Package(Design + Execution + Furniture), Asking for fabric color options #439](546)" classname="tests.AddFurnitureLeadTest" time="0.0">
    <skipped message="Cannot invoke &quot;com.microsoft.playwright.Page.locator(String)&quot; because &quot;this.page&quot; is null"/>
  </testcase>
  <testcase name="addLeadForBasicFurnitureLead[Haworth, Nirav, Desai, +56, Walkin, Website, Project Management Consultancy, Project Advisory, Asking for fabric color options #415](547)" classname="tests.AddFurnitureLeadTest" time="0.0">
    <skipped message="Cannot invoke &quot;com.microsoft.playwright.Page.locator(String)&quot; because &quot;this.page&quot; is null"/>
  </testcase>
  <testcase name="addLeadForBasicFurnitureLead[Lofy Interior Solutions, Kavya, Dave, +49, Walkin, Website, Project Management Consultancy, Costing, Customer referred by friend #207](548)" classname="tests.AddFurnitureLeadTest" time="0.0">
    <skipped message="Cannot invoke &quot;com.microsoft.playwright.Page.locator(String)&quot; because &quot;this.page&quot; is null"/>
  </testcase>
  <testcase name="addLeadForBasicFurnitureLead[Stanley - SLN, Aarav, Mehta, +250, Walkin, Website, Project Management Consultancy, Vendor Management, Prefers compact designs #164](549)" classname="tests.AddFurnitureLeadTest" time="0.0">
    <skipped message="Cannot invoke &quot;com.microsoft.playwright.Page.locator(String)&quot; because &quot;this.page&quot; is null"/>
  </testcase>
  <testcase name="addLeadForBasicFurnitureLead[Stanley - SBC, Neha, Shukla, +242, Walkin, Website, Execution, Carpentry, Prefers compact designs #72](550)" classname="tests.AddFurnitureLeadTest" time="0.0">
    <skipped message="Cannot invoke &quot;com.microsoft.playwright.Page.locator(String)&quot; because &quot;this.page&quot; is null"/>
  </testcase>
  <testcase name="addLeadForBasicFurnitureLead[Godrej, Rishi, Joshi, +242, Walkin, Website, Execution, Civil, Interested in sofa sets #14](551)" classname="tests.AddFurnitureLeadTest" time="0.0">
    <skipped message="Cannot invoke &quot;com.microsoft.playwright.Page.locator(String)&quot; because &quot;this.page&quot; is null"/>
  </testcase>
  <testcase name="addLeadForBasicFurnitureLead[Lofy Home Store, Neha, Doshi, +250, Walkin, Website, Execution, Electrical, Visited showroom last week #255](552)" classname="tests.AddFurnitureLeadTest" time="0.0">
    <skipped message="Cannot invoke &quot;com.microsoft.playwright.Page.locator(String)&quot; because &quot;this.page&quot; is null"/>
  </testcase>
  <testcase name="addLeadForBasicFurnitureLead[Haworth, Dhruv, Desai, +225, Walkin, Website, Execution, Finishing only, Requesting bulk order discount #133](553)" classname="tests.AddFurnitureLeadTest" time="0.0">
    <skipped message="Cannot invoke &quot;com.microsoft.playwright.Page.locator(String)&quot; because &quot;this.page&quot; is null"/>
  </testcase>
  <testcase name="addLeadForBasicFurnitureLead[Lofy Interior Solutions, Pooja, Kapoor, +225, Walkin, Website, Design only, 2D/3D Layouts, Interested in seasonal discount #215](554)" classname="tests.AddFurnitureLeadTest" time="0.0">
    <skipped message="Cannot invoke &quot;com.microsoft.playwright.Page.locator(String)&quot; because &quot;this.page&quot; is null"/>
  </testcase>
  <testcase name="addLeadForBasicFurnitureLead[Stanley - SLN, Bhavna, Shah, +81, Walkin, Website, Design only, Material Selection, Interested in outdoor furniture #199](555)" classname="tests.AddFurnitureLeadTest" time="0.0">
    <skipped message="Cannot invoke &quot;com.microsoft.playwright.Page.locator(String)&quot; because &quot;this.page&quot; is null"/>
  </testcase>
  <testcase name="addLeadForBasicFurnitureLead[Stanley - SBC, Jigar, Dave, +234, Walkin, Facebook, Living, Sofa, Interested in sofa sets #19](556)" classname="tests.AddFurnitureLeadTest" time="0.0">
    <skipped message="Cannot invoke &quot;com.microsoft.playwright.Page.locator(String)&quot; because &quot;this.page&quot; is null"/>
  </testcase>
  <testcase name="addLeadForBasicFurnitureLead[Godrej, Nirav, Kapoor, +229, Walkin, Facebook, Living, Recliner, Looking for EMI options #363](557)" classname="tests.AddFurnitureLeadTest" time="0.0">
    <skipped message="Cannot invoke &quot;com.microsoft.playwright.Page.locator(String)&quot; because &quot;this.page&quot; is null"/>
  </testcase>
  <testcase name="addLeadForBasicFurnitureLead[Lofy Home Store, Rina, Parikh, +33, Walkin, Facebook, Living, Coffee Table, Looking for EMI options #418](558)" classname="tests.AddFurnitureLeadTest" time="0.0">
    <skipped message="Cannot invoke &quot;com.microsoft.playwright.Page.locator(String)&quot; because &quot;this.page&quot; is null"/>
  </testcase>
  <testcase name="addLeadForBasicFurnitureLead[Haworth, Karan, Soni, +82, Walkin, Facebook, Living, TV Unit, Asking for custom designs #176](559)" classname="tests.AddFurnitureLeadTest" time="0.0">
    <skipped message="Cannot invoke &quot;com.microsoft.playwright.Page.locator(String)&quot; because &quot;this.page&quot; is null"/>
  </testcase>
  <testcase name="addLeadForBasicFurnitureLead[Lofy Interior Solutions, Viren, Trivedi, +40, Walkin, Facebook, Dining, Dining Table, Interested in sofa sets #366](560)" classname="tests.AddFurnitureLeadTest" time="0.0">
    <skipped message="Cannot invoke &quot;com.microsoft.playwright.Page.locator(String)&quot; because &quot;this.page&quot; is null"/>
  </testcase>
  <testcase name="addLeadForBasicFurnitureLead[Stanley - SLN, Jigar, Gandhi, +229, Walkin, Facebook, Dining, Chairs, Repeat customer inquiry #352](561)" classname="tests.AddFurnitureLeadTest" time="0.0">
    <skipped message="Cannot invoke &quot;com.microsoft.playwright.Page.locator(String)&quot; because &quot;this.page&quot; is null"/>
  </testcase>
  <testcase name="addLeadForBasicFurnitureLead[Stanley - SBC, Neha, Joshi, +243, Walkin, Facebook, Dining, Bench, Payment flexibility needed #327](562)" classname="tests.AddFurnitureLeadTest" time="0.0">
    <skipped message="Cannot invoke &quot;com.microsoft.playwright.Page.locator(String)&quot; because &quot;this.page&quot; is null"/>
  </testcase>
  <testcase name="addLeadForBasicFurnitureLead[Godrej, Jigar, Modi, 91, Walkin, Facebook, BedRoom, Bed, Asking for fabric color options #244](563)" classname="tests.AddFurnitureLeadTest" time="0.0">
    <skipped message="Cannot invoke &quot;com.microsoft.playwright.Page.locator(String)&quot; because &quot;this.page&quot; is null"/>
  </testcase>
  <testcase name="addLeadForBasicFurnitureLead[Lofy Home Store, Pooja, Mehta, +49, Walkin, Facebook, BedRoom, Side Table, Interested in seasonal discount #482](564)" classname="tests.AddFurnitureLeadTest" time="0.0">
    <skipped message="Cannot invoke &quot;com.microsoft.playwright.Page.locator(String)&quot; because &quot;this.page&quot; is null"/>
  </testcase>
  <testcase name="addLeadForBasicFurnitureLead[Haworth, Nirav, Patel, +43, Walkin, Facebook, BedRoom, Dressing, Prefers compact designs #184](565)" classname="tests.AddFurnitureLeadTest" time="0.0">
    <skipped message="Cannot invoke &quot;com.microsoft.playwright.Page.locator(String)&quot; because &quot;this.page&quot; is null"/>
  </testcase>
  <testcase name="addLeadForBasicFurnitureLead[Lofy Interior Solutions, Nirav, Desai, +39, Walkin, Facebook, BedRoom, Mattress, Request for free installation #154](566)" classname="tests.AddFurnitureLeadTest" time="0.0">
    <skipped message="Cannot invoke &quot;com.microsoft.playwright.Page.locator(String)&quot; because &quot;this.page&quot; is null"/>
  </testcase>
  <testcase name="addLeadForBasicFurnitureLead[Stanley - SLN, Dhruv, Modi, +53, Walkin, Facebook, Study, Study Table, Checking stock availability #88](567)" classname="tests.AddFurnitureLeadTest" time="0.0">
    <skipped message="Cannot invoke &quot;com.microsoft.playwright.Page.locator(String)&quot; because &quot;this.page&quot; is null"/>
  </testcase>
  <testcase name="addLeadForBasicFurnitureLead[Stanley - SBC, Anjali, Kapoor, +261, Walkin, Facebook, Study, Chairs, Looking for leather finish #337](568)" classname="tests.AddFurnitureLeadTest" time="0.0">
    <skipped message="Cannot invoke &quot;com.microsoft.playwright.Page.locator(String)&quot; because &quot;this.page&quot; is null"/>
  </testcase>
  <testcase name="addLeadForBasicFurnitureLead[Godrej, Neha, Parikh, +237, Walkin, Facebook, Study, Library Unit, Requesting catalog #286](569)" classname="tests.AddFurnitureLeadTest" time="0.0">
    <skipped message="Cannot invoke &quot;com.microsoft.playwright.Page.locator(String)&quot; because &quot;this.page&quot; is null"/>
  </testcase>
  <testcase name="addLeadForBasicFurnitureLead[Lofy Home Store, Rohit, Chaudhary, +212, Walkin, Facebook, Kitchen, Modular, Need delivery within a week #151](570)" classname="tests.AddFurnitureLeadTest" time="0.0">
    <skipped message="Cannot invoke &quot;com.microsoft.playwright.Page.locator(String)&quot; because &quot;this.page&quot; is null"/>
  </testcase>
  <testcase name="addLeadForBasicFurnitureLead[Haworth, Pooja, Soni, +221, Walkin, Facebook, Kitchen, Semi-Modular, Wants luxury and premium finish #242](571)" classname="tests.AddFurnitureLeadTest" time="0.0">
    <skipped message="Cannot invoke &quot;com.microsoft.playwright.Page.locator(String)&quot; because &quot;this.page&quot; is null"/>
  </testcase>
  <testcase name="addLeadForBasicFurnitureLead[Lofy Interior Solutions, Pooja, Choksi, +246, Walkin, Facebook, Kitchen, Countertop, Urgent requirement #380](572)" classname="tests.AddFurnitureLeadTest" time="0.0">
    <skipped message="Cannot invoke &quot;com.microsoft.playwright.Page.locator(String)&quot; because &quot;this.page&quot; is null"/>
  </testcase>
  <testcase name="addLeadForBasicFurnitureLead[Stanley - SLN, Sonal, Modi, +250, Walkin, Facebook, Kitchen, Appliances, First-time buyer #372](573)" classname="tests.AddFurnitureLeadTest" time="0.0">
    <skipped message="Cannot invoke &quot;com.microsoft.playwright.Page.locator(String)&quot; because &quot;this.page&quot; is null"/>
  </testcase>
  <testcase name="addLeadForBasicFurnitureLead[Stanley - SBC, Priya, Raval, +93, Walkin, Facebook, Wardrobes, Sliding, Asking for fabric color options #287](574)" classname="tests.AddFurnitureLeadTest" time="0.0">
    <skipped message="Cannot invoke &quot;com.microsoft.playwright.Page.locator(String)&quot; because &quot;this.page&quot; is null"/>
  </testcase>
  <testcase name="addLeadForBasicFurnitureLead[Godrej, Bhavna, Doshi, +256, Walkin, Facebook, Wardrobes, Hinged, Wants matching dining set #468](575)" classname="tests.AddFurnitureLeadTest" time="0.0">
    <skipped message="Cannot invoke &quot;com.microsoft.playwright.Page.locator(String)&quot; because &quot;this.page&quot; is null"/>
  </testcase>
  <testcase name="addLeadForBasicFurnitureLead[Lofy Home Store, Krishna, Parikh, +64, Walkin, Facebook, Wardrobes, Walk-in, Need delivery within a week #485](576)" classname="tests.AddFurnitureLeadTest" time="0.0">
    <skipped message="Cannot invoke &quot;com.microsoft.playwright.Page.locator(String)&quot; because &quot;this.page&quot; is null"/>
  </testcase>
  <testcase name="addLeadForBasicFurnitureLead[Haworth, Neha, Shah, +39, Walkin, Facebook, Office, WorkStations, Prefers compact designs #461](577)" classname="tests.AddFurnitureLeadTest" time="0.0">
    <skipped message="Cannot invoke &quot;com.microsoft.playwright.Page.locator(String)&quot; because &quot;this.page&quot; is null"/>
  </testcase>
  <testcase name="addLeadForBasicFurnitureLead[Lofy Interior Solutions, Pooja, Joshi, +95, Walkin, Facebook, Office, Conference Table, Looking for office furniture #336](578)" classname="tests.AddFurnitureLeadTest" time="0.0">
    <skipped message="Cannot invoke &quot;com.microsoft.playwright.Page.locator(String)&quot; because &quot;this.page&quot; is null"/>
  </testcase>
  <testcase name="addLeadForBasicFurnitureLead[Stanley - SLN, Mehul, Chaudhary, +260, Walkin, Facebook, Office, Cabin Setup, Prefers wooden furniture #114](579)" classname="tests.AddFurnitureLeadTest" time="0.0">
    <skipped message="Cannot invoke &quot;com.microsoft.playwright.Page.locator(String)&quot; because &quot;this.page&quot; is null"/>
  </testcase>
  <testcase name="addLeadForBasicFurnitureLead[Stanley - SBC, Aarav, Vyas, +246, Walkin, Facebook, Outdoor, Patio, Wants kids&apos; room furniture #115](580)" classname="tests.AddFurnitureLeadTest" time="0.0">
    <skipped message="Cannot invoke &quot;com.microsoft.playwright.Page.locator(String)&quot; because &quot;this.page&quot; is null"/>
  </testcase>
  <testcase name="addLeadForBasicFurnitureLead[Godrej, Mina, Choksi, +241, Walkin, Facebook, Outdoor, Swing, Interested in sofa sets #447](581)" classname="tests.AddFurnitureLeadTest" time="0.0">
    <skipped message="Cannot invoke &quot;com.microsoft.playwright.Page.locator(String)&quot; because &quot;this.page&quot; is null"/>
  </testcase>
  <testcase name="addLeadForBasicFurnitureLead[Lofy Home Store, Krishna, Patel, +93, Walkin, Facebook, Outdoor, Garden Seating, Requesting bulk order discount #216](582)" classname="tests.AddFurnitureLeadTest" time="0.0">
    <skipped message="Cannot invoke &quot;com.microsoft.playwright.Page.locator(String)&quot; because &quot;this.page&quot; is null"/>
  </testcase>
  <testcase name="addLeadForBasicFurnitureLead[Haworth, Hetal, Choksi, +260, Walkin, Facebook, Turkey Solution, Full Home Package(Design + Execution + Furniture), Asking for fabric color options #455](583)" classname="tests.AddFurnitureLeadTest" time="0.0">
    <skipped message="Cannot invoke &quot;com.microsoft.playwright.Page.locator(String)&quot; because &quot;this.page&quot; is null"/>
  </testcase>
  <testcase name="addLeadForBasicFurnitureLead[Lofy Interior Solutions, Nirav, Trivedi, +255, Walkin, Facebook, Project Management Consultancy, Project Advisory, Looking for office furniture #191](584)" classname="tests.AddFurnitureLeadTest" time="0.0">
    <skipped message="Cannot invoke &quot;com.microsoft.playwright.Page.locator(String)&quot; because &quot;this.page&quot; is null"/>
  </testcase>
  <testcase name="addLeadForBasicFurnitureLead[Stanley - SLN, Nirav, Thakkar, +211, Walkin, Facebook, Project Management Consultancy, Costing, First-time buyer #300](585)" classname="tests.AddFurnitureLeadTest" time="0.0">
    <skipped message="Cannot invoke &quot;com.microsoft.playwright.Page.locator(String)&quot; because &quot;this.page&quot; is null"/>
  </testcase>
  <testcase name="addLeadForBasicFurnitureLead[Stanley - SBC, Nirav, Kapoor, +90, Walkin, Facebook, Project Management Consultancy, Vendor Management, Requesting bulk order discount #238](586)" classname="tests.AddFurnitureLeadTest" time="0.0">
    <skipped message="Cannot invoke &quot;com.microsoft.playwright.Page.locator(String)&quot; because &quot;this.page&quot; is null"/>
  </testcase>
  <testcase name="addLeadForBasicFurnitureLead[Godrej, Dhruv, Joshi, +94, Walkin, Facebook, Execution, Carpentry, Checking stock availability #61](587)" classname="tests.AddFurnitureLeadTest" time="0.0">
    <skipped message="Cannot invoke &quot;com.microsoft.playwright.Page.locator(String)&quot; because &quot;this.page&quot; is null"/>
  </testcase>
  <testcase name="addLeadForBasicFurnitureLead[Lofy Home Store, Jigar, Gandhi, +60, Walkin, Facebook, Execution, Civil, Enquiring about warranty period #28](588)" classname="tests.AddFurnitureLeadTest" time="0.0">
    <skipped message="Cannot invoke &quot;com.microsoft.playwright.Page.locator(String)&quot; because &quot;this.page&quot; is null"/>
  </testcase>
  <testcase name="addLeadForBasicFurnitureLead[Haworth, Krishna, Soni, +36, Walkin, Facebook, Execution, Electrical, Checking stock availability #325](589)" classname="tests.AddFurnitureLeadTest" time="0.0">
    <skipped message="Cannot invoke &quot;com.microsoft.playwright.Page.locator(String)&quot; because &quot;this.page&quot; is null"/>
  </testcase>
  <testcase name="addLeadForBasicFurnitureLead[Lofy Interior Solutions, Viren, Mehta, +41, Walkin, Facebook, Execution, Finishing only, Looking for EMI options #298](590)" classname="tests.AddFurnitureLeadTest" time="0.0">
    <skipped message="Cannot invoke &quot;com.microsoft.playwright.Page.locator(String)&quot; because &quot;this.page&quot; is null"/>
  </testcase>
  <testcase name="addLeadForBasicFurnitureLead[Stanley - SLN, Rina, Mehta, +239, Walkin, Facebook, Design only, 2D/3D Layouts, Customer referred by friend #37](591)" classname="tests.AddFurnitureLeadTest" time="0.0">
    <skipped message="Cannot invoke &quot;com.microsoft.playwright.Page.locator(String)&quot; because &quot;this.page&quot; is null"/>
  </testcase>
  <testcase name="addLeadForBasicFurnitureLead[Stanley - SBC, Rohit, Modi, +94, Walkin, Facebook, Design only, Material Selection, Enquiring about warranty period #456](592)" classname="tests.AddFurnitureLeadTest" time="0.0">
    <skipped message="Cannot invoke &quot;com.microsoft.playwright.Page.locator(String)&quot; because &quot;this.page&quot; is null"/>
  </testcase>
  <testcase name="addLeadForBasicFurnitureLead[Godrej, Bhavna, Thakkar, +213, Walkin, Instagram, Living, Sofa, Asking for custom designs #257](593)" classname="tests.AddFurnitureLeadTest" time="0.0">
    <skipped message="Cannot invoke &quot;com.microsoft.playwright.Page.locator(String)&quot; because &quot;this.page&quot; is null"/>
  </testcase>
  <testcase name="addLeadForBasicFurnitureLead[Lofy Home Store, Neha, Soni, +54, Walkin, Instagram, Living, Recliner, Wants luxury and premium finish #445](594)" classname="tests.AddFurnitureLeadTest" time="0.0">
    <skipped message="Cannot invoke &quot;com.microsoft.playwright.Page.locator(String)&quot; because &quot;this.page&quot; is null"/>
  </testcase>
  <testcase name="addLeadForBasicFurnitureLead[Haworth, Hetal, Raval, +225, Walkin, Instagram, Living, Coffee Table, Prefers compact designs #196](595)" classname="tests.AddFurnitureLeadTest" time="0.0">
    <skipped message="Cannot invoke &quot;com.microsoft.playwright.Page.locator(String)&quot; because &quot;this.page&quot; is null"/>
  </testcase>
  <testcase name="addLeadForBasicFurnitureLead[Lofy Interior Solutions, Karan, Joshi, +211, Walkin, Instagram, Living, TV Unit, Request for free installation #153](596)" classname="tests.AddFurnitureLeadTest" time="0.0">
    <skipped message="Cannot invoke &quot;com.microsoft.playwright.Page.locator(String)&quot; because &quot;this.page&quot; is null"/>
  </testcase>
  <testcase name="addLeadForBasicFurnitureLead[Stanley - SLN, Karan, Desai, +248, Walkin, Instagram, Dining, Dining Table, Checking modular kitchen options #28](597)" classname="tests.AddFurnitureLeadTest" time="0.0">
    <skipped message="Cannot invoke &quot;com.microsoft.playwright.Page.locator(String)&quot; because &quot;this.page&quot; is null"/>
  </testcase>
  <testcase name="addLeadForBasicFurnitureLead[Stanley - SBC, Kavya, Kapoor, +226, Walkin, Instagram, Dining, Chairs, Checking stock availability #438](598)" classname="tests.AddFurnitureLeadTest" time="0.0">
    <skipped message="Cannot invoke &quot;com.microsoft.playwright.Page.locator(String)&quot; because &quot;this.page&quot; is null"/>
  </testcase>
  <testcase name="addLeadForBasicFurnitureLead[Godrej, Priya, Kapoor, +62, Walkin, Instagram, Dining, Bench, Urgent requirement #71](599)" classname="tests.AddFurnitureLeadTest" time="0.0">
    <skipped message="Cannot invoke &quot;com.microsoft.playwright.Page.locator(String)&quot; because &quot;this.page&quot; is null"/>
  </testcase>
  <testcase name="addLeadForBasicFurnitureLead[Lofy Home Store, Anjali, Chaudhary, +230, Walkin, Instagram, BedRoom, Bed, Asking for custom designs #176](600)" classname="tests.AddFurnitureLeadTest" time="0.0">
    <skipped message="Cannot invoke &quot;com.microsoft.playwright.Page.locator(String)&quot; because &quot;this.page&quot; is null"/>
  </testcase>
  <testcase name="addLeadForBasicFurnitureLead[Haworth, Hetal, Modi, +256, Walkin, Instagram, BedRoom, Side Table, Checking modular kitchen options #292](601)" classname="tests.AddFurnitureLeadTest" time="0.0">
    <skipped message="Cannot invoke &quot;com.microsoft.playwright.Page.locator(String)&quot; because &quot;this.page&quot; is null"/>
  </testcase>
  <testcase name="addLeadForBasicFurnitureLead[Lofy Interior Solutions, Pooja, Desai, +82, Walkin, Instagram, BedRoom, Dressing, Requesting catalog #465](602)" classname="tests.AddFurnitureLeadTest" time="0.0">
    <skipped message="Cannot invoke &quot;com.microsoft.playwright.Page.locator(String)&quot; because &quot;this.page&quot; is null"/>
  </testcase>
  <testcase name="addLeadForBasicFurnitureLead[Stanley - SLN, Bhavna, Dave, +237, Walkin, Instagram, BedRoom, Mattress, Prefers eco-friendly material #74](603)" classname="tests.AddFurnitureLeadTest" time="0.0">
    <skipped message="Cannot invoke &quot;com.microsoft.playwright.Page.locator(String)&quot; because &quot;this.page&quot; is null"/>
  </testcase>
  <testcase name="addLeadForBasicFurnitureLead[Stanley - SBC, Bhavna, Mehta, +56, Walkin, Instagram, Study, Study Table, Looking for office furniture #442](604)" classname="tests.AddFurnitureLeadTest" time="0.0">
    <skipped message="Cannot invoke &quot;com.microsoft.playwright.Page.locator(String)&quot; because &quot;this.page&quot; is null"/>
  </testcase>
  <testcase name="addLeadForBasicFurnitureLead[Godrej, Mina, Modi, +64, Walkin, Instagram, Study, Chairs, Looking for space-saving solutions #93](605)" classname="tests.AddFurnitureLeadTest" time="0.0">
    <skipped message="Cannot invoke &quot;com.microsoft.playwright.Page.locator(String)&quot; because &quot;this.page&quot; is null"/>
  </testcase>
  <testcase name="addLeadForBasicFurnitureLead[Lofy Home Store, Nirav, Mehta, +231, Walkin, Instagram, Study, Library Unit, Wants matching dining set #42](606)" classname="tests.AddFurnitureLeadTest" time="0.0">
    <skipped message="Cannot invoke &quot;com.microsoft.playwright.Page.locator(String)&quot; because &quot;this.page&quot; is null"/>
  </testcase>
  <testcase name="addLeadForBasicFurnitureLead[Haworth, Rina, Joshi, +43, Walkin, Instagram, Kitchen, Modular, Enquiring about warranty period #171](607)" classname="tests.AddFurnitureLeadTest" time="0.0">
    <skipped message="Cannot invoke &quot;com.microsoft.playwright.Page.locator(String)&quot; because &quot;this.page&quot; is null"/>
  </testcase>
  <testcase name="addLeadForBasicFurnitureLead[Lofy Interior Solutions, Rohit, Gandhi, +39, Walkin, Instagram, Kitchen, Semi-Modular, Visited showroom last week #91](608)" classname="tests.AddFurnitureLeadTest" time="0.0">
    <skipped message="Cannot invoke &quot;com.microsoft.playwright.Page.locator(String)&quot; because &quot;this.page&quot; is null"/>
  </testcase>
  <testcase name="addLeadForBasicFurnitureLead[Stanley - SLN, Nirav, Chaudhary, +226, Walkin, Instagram, Kitchen, Countertop, Looking for office furniture #325](609)" classname="tests.AddFurnitureLeadTest" time="0.0">
    <skipped message="Cannot invoke &quot;com.microsoft.playwright.Page.locator(String)&quot; because &quot;this.page&quot; is null"/>
  </testcase>
  <testcase name="addLeadForBasicFurnitureLead[Stanley - SBC, Neha, Shah, +224, Walkin, Instagram, Kitchen, Appliances, Looking for budget-friendly options #3](610)" classname="tests.AddFurnitureLeadTest" time="0.0">
    <skipped message="Cannot invoke &quot;com.microsoft.playwright.Page.locator(String)&quot; because &quot;this.page&quot; is null"/>
  </testcase>
  <testcase name="addLeadForBasicFurnitureLead[Godrej, Viren, Modi, +60, Walkin, Instagram, Wardrobes, Sliding, Prefers eco-friendly material #141](611)" classname="tests.AddFurnitureLeadTest" time="0.0">
    <skipped message="Cannot invoke &quot;com.microsoft.playwright.Page.locator(String)&quot; because &quot;this.page&quot; is null"/>
  </testcase>
  <testcase name="addLeadForBasicFurnitureLead[Lofy Home Store, Pooja, Choksi, +95, Walkin, Instagram, Wardrobes, Hinged, Asking for custom designs #390](612)" classname="tests.AddFurnitureLeadTest" time="0.0">
    <skipped message="Cannot invoke &quot;com.microsoft.playwright.Page.locator(String)&quot; because &quot;this.page&quot; is null"/>
  </testcase>
  <testcase name="addLeadForBasicFurnitureLead[Haworth, Anjali, Patel, +32, Walkin, Instagram, Wardrobes, Walk-in, Wants matching dining set #87](613)" classname="tests.AddFurnitureLeadTest" time="0.0">
    <skipped message="Cannot invoke &quot;com.microsoft.playwright.Page.locator(String)&quot; because &quot;this.page&quot; is null"/>
  </testcase>
  <testcase name="addLeadForBasicFurnitureLead[Lofy Interior Solutions, Karan, Soni, +212, Walkin, Instagram, Office, WorkStations, Looking for EMI options #392](614)" classname="tests.AddFurnitureLeadTest" time="0.0">
    <skipped message="Cannot invoke &quot;com.microsoft.playwright.Page.locator(String)&quot; because &quot;this.page&quot; is null"/>
  </testcase>
  <testcase name="addLeadForBasicFurnitureLead[Stanley - SLN, Krishna, Parikh, +39, Walkin, Instagram, Office, Conference Table, Need delivery within a week #251](615)" classname="tests.AddFurnitureLeadTest" time="0.0">
    <skipped message="Cannot invoke &quot;com.microsoft.playwright.Page.locator(String)&quot; because &quot;this.page&quot; is null"/>
  </testcase>
  <testcase name="addLeadForBasicFurnitureLead[Stanley - SBC, Sonal, Raval, +27, Walkin, Instagram, Office, Cabin Setup, Asking for fabric color options #391](616)" classname="tests.AddFurnitureLeadTest" time="0.0">
    <skipped message="Cannot invoke &quot;com.microsoft.playwright.Page.locator(String)&quot; because &quot;this.page&quot; is null"/>
  </testcase>
  <testcase name="addLeadForBasicFurnitureLead[Godrej, Kavya, Choksi, +41, Walkin, Instagram, Outdoor, Patio, Wants matching dining set #46](617)" classname="tests.AddFurnitureLeadTest" time="0.0">
    <skipped message="Cannot invoke &quot;com.microsoft.playwright.Page.locator(String)&quot; because &quot;this.page&quot; is null"/>
  </testcase>
  <testcase name="addLeadForBasicFurnitureLead[Lofy Home Store, Rina, Doshi, +48, Walkin, Instagram, Outdoor, Swing, Urgent requirement #315](618)" classname="tests.AddFurnitureLeadTest" time="0.0">
    <skipped message="Cannot invoke &quot;com.microsoft.playwright.Page.locator(String)&quot; because &quot;this.page&quot; is null"/>
  </testcase>
  <testcase name="addLeadForBasicFurnitureLead[Haworth, Neha, Shukla, +82, Walkin, Instagram, Outdoor, Garden Seating, Checking modular kitchen options #325](619)" classname="tests.AddFurnitureLeadTest" time="0.0">
    <skipped message="Cannot invoke &quot;com.microsoft.playwright.Page.locator(String)&quot; because &quot;this.page&quot; is null"/>
  </testcase>
  <testcase name="addLeadForBasicFurnitureLead[Lofy Interior Solutions, Pooja, Kapoor, +47, Walkin, Instagram, Turkey Solution, Full Home Package(Design + Execution + Furniture), Checking modular kitchen options #207](620)" classname="tests.AddFurnitureLeadTest" time="0.0">
    <skipped message="Cannot invoke &quot;com.microsoft.playwright.Page.locator(String)&quot; because &quot;this.page&quot; is null"/>
  </testcase>
  <testcase name="addLeadForBasicFurnitureLead[Stanley - SLN, Aarav, Kapoor, +248, Walkin, Instagram, Project Management Consultancy, Project Advisory, Checking modular kitchen options #495](621)" classname="tests.AddFurnitureLeadTest" time="0.0">
    <skipped message="Cannot invoke &quot;com.microsoft.playwright.Page.locator(String)&quot; because &quot;this.page&quot; is null"/>
  </testcase>
  <testcase name="addLeadForBasicFurnitureLead[Stanley - SBC, Rishi, Dave, +39, Walkin, Instagram, Project Management Consultancy, Costing, Enquiring about warranty period #197](622)" classname="tests.AddFurnitureLeadTest" time="0.0">
    <skipped message="Cannot invoke &quot;com.microsoft.playwright.Page.locator(String)&quot; because &quot;this.page&quot; is null"/>
  </testcase>
  <testcase name="addLeadForBasicFurnitureLead[Godrej, Sonal, Patel, +58, Walkin, Instagram, Project Management Consultancy, Vendor Management, Interested in modern furniture #20](623)" classname="tests.AddFurnitureLeadTest" time="0.0">
    <skipped message="Cannot invoke &quot;com.microsoft.playwright.Page.locator(String)&quot; because &quot;this.page&quot; is null"/>
  </testcase>
  <testcase name="addLeadForBasicFurnitureLead[Lofy Home Store, Anjali, Shah, +91, Walkin, Instagram, Execution, Carpentry, Payment flexibility needed #103](624)" classname="tests.AddFurnitureLeadTest" time="0.0">
    <skipped message="Cannot invoke &quot;com.microsoft.playwright.Page.locator(String)&quot; because &quot;this.page&quot; is null"/>
  </testcase>
  <testcase name="addLeadForBasicFurnitureLead[Haworth, Mehul, Gandhi, +82, Walkin, Instagram, Execution, Civil, Interested in sofa sets #192](625)" classname="tests.AddFurnitureLeadTest" time="0.0">
    <skipped message="Cannot invoke &quot;com.microsoft.playwright.Page.locator(String)&quot; because &quot;this.page&quot; is null"/>
  </testcase>
  <testcase name="addLeadForBasicFurnitureLead[Lofy Interior Solutions, Rishi, Vyas, +45, Walkin, Instagram, Execution, Electrical, Interested in modern furniture #457](626)" classname="tests.AddFurnitureLeadTest" time="0.0">
    <skipped message="Cannot invoke &quot;com.microsoft.playwright.Page.locator(String)&quot; because &quot;this.page&quot; is null"/>
  </testcase>
  <testcase name="addLeadForBasicFurnitureLead[Stanley - SLN, Viren, Parikh, +222, Walkin, Instagram, Execution, Finishing only, Looking for office furniture #388](627)" classname="tests.AddFurnitureLeadTest" time="0.0">
    <skipped message="Cannot invoke &quot;com.microsoft.playwright.Page.locator(String)&quot; because &quot;this.page&quot; is null"/>
  </testcase>
  <testcase name="addLeadForBasicFurnitureLead[Stanley - SBC, Karan, Raval, +44, Walkin, Instagram, Design only, 2D/3D Layouts, Looking for leather finish #272](628)" classname="tests.AddFurnitureLeadTest" time="0.0">
    <skipped message="Cannot invoke &quot;com.microsoft.playwright.Page.locator(String)&quot; because &quot;this.page&quot; is null"/>
  </testcase>
  <testcase name="addLeadForBasicFurnitureLead[Godrej, Priya, Thakkar, +238, Walkin, Instagram, Design only, Material Selection, Asking for custom designs #10](629)" classname="tests.AddFurnitureLeadTest" time="0.0">
    <skipped message="Cannot invoke &quot;com.microsoft.playwright.Page.locator(String)&quot; because &quot;this.page&quot; is null"/>
  </testcase>
  <testcase name="addLeadForBasicFurnitureLead[Lofy Home Store, Dhruv, Mehta, +235, Walkin, LinkedIn, Living, Sofa, Prefers compact designs #3](630)" classname="tests.AddFurnitureLeadTest" time="0.0">
    <skipped message="Cannot invoke &quot;com.microsoft.playwright.Page.locator(String)&quot; because &quot;this.page&quot; is null"/>
  </testcase>
  <testcase name="addLeadForBasicFurnitureLead[Haworth, Jigar, Doshi, +48, Walkin, LinkedIn, Living, Recliner, Visited showroom last week #376](631)" classname="tests.AddFurnitureLeadTest" time="0.0">
    <skipped message="Cannot invoke &quot;com.microsoft.playwright.Page.locator(String)&quot; because &quot;this.page&quot; is null"/>
  </testcase>
  <testcase name="addLeadForBasicFurnitureLead[Lofy Interior Solutions, Pooja, Soni, +1, Walkin, LinkedIn, Living, Coffee Table, Repeat customer inquiry #116](632)" classname="tests.AddFurnitureLeadTest" time="0.0">
    <skipped message="Cannot invoke &quot;com.microsoft.playwright.Page.locator(String)&quot; because &quot;this.page&quot; is null"/>
  </testcase>
  <testcase name="addLeadForBasicFurnitureLead[Stanley - SLN, Neha, Mehta, +243, Walkin, LinkedIn, Living, TV Unit, Looking for space-saving solutions #450](633)" classname="tests.AddFurnitureLeadTest" time="0.0">
    <skipped message="Cannot invoke &quot;com.microsoft.playwright.Page.locator(String)&quot; because &quot;this.page&quot; is null"/>
  </testcase>
  <testcase name="addLeadForBasicFurnitureLead[Stanley - SBC, Aarav, Joshi, +255, Walkin, LinkedIn, Dining, Dining Table, Wants kids&apos; room furniture #160](634)" classname="tests.AddFurnitureLeadTest" time="0.0">
    <skipped message="Cannot invoke &quot;com.microsoft.playwright.Page.locator(String)&quot; because &quot;this.page&quot; is null"/>
  </testcase>
  <testcase name="addLeadForBasicFurnitureLead[Godrej, Pooja, Joshi, +211, Walkin, LinkedIn, Dining, Chairs, Urgent requirement #53](635)" classname="tests.AddFurnitureLeadTest" time="0.0">
    <skipped message="Cannot invoke &quot;com.microsoft.playwright.Page.locator(String)&quot; because &quot;this.page&quot; is null"/>
  </testcase>
  <testcase name="addLeadForBasicFurnitureLead[Lofy Home Store, Rohit, Soni, +239, Walkin, LinkedIn, Dining, Bench, Interested in outdoor furniture #258](636)" classname="tests.AddFurnitureLeadTest" time="0.0">
    <skipped message="Cannot invoke &quot;com.microsoft.playwright.Page.locator(String)&quot; because &quot;this.page&quot; is null"/>
  </testcase>
  <testcase name="addLeadForBasicFurnitureLead[Haworth, Dhruv, Modi, +234, Walkin, LinkedIn, BedRoom, Bed, Looking for EMI options #157](637)" classname="tests.AddFurnitureLeadTest" time="0.0">
    <skipped message="Cannot invoke &quot;com.microsoft.playwright.Page.locator(String)&quot; because &quot;this.page&quot; is null"/>
  </testcase>
  <testcase name="addLeadForBasicFurnitureLead[Lofy Interior Solutions, Priya, Mehta, +230, Walkin, LinkedIn, BedRoom, Side Table, Need delivery within a week #34](638)" classname="tests.AddFurnitureLeadTest" time="0.0">
    <skipped message="Cannot invoke &quot;com.microsoft.playwright.Page.locator(String)&quot; because &quot;this.page&quot; is null"/>
  </testcase>
  <testcase name="addLeadForBasicFurnitureLead[Stanley - SLN, Mehul, Modi, +216, Walkin, LinkedIn, BedRoom, Dressing, Looking for leather finish #24](639)" classname="tests.AddFurnitureLeadTest" time="0.0">
    <skipped message="Cannot invoke &quot;com.microsoft.playwright.Page.locator(String)&quot; because &quot;this.page&quot; is null"/>
  </testcase>
  <testcase name="addLeadForBasicFurnitureLead[Stanley - SBC, Pooja, Patel, +20, Walkin, LinkedIn, BedRoom, Mattress, Requesting bulk order discount #486](640)" classname="tests.AddFurnitureLeadTest" time="0.0">
    <skipped message="Cannot invoke &quot;com.microsoft.playwright.Page.locator(String)&quot; because &quot;this.page&quot; is null"/>
  </testcase>
  <testcase name="addLeadForBasicFurnitureLead[Godrej, Priya, Thakkar, +34, Walkin, LinkedIn, Study, Study Table, Requesting bulk order discount #234](641)" classname="tests.AddFurnitureLeadTest" time="0.0">
    <skipped message="Cannot invoke &quot;com.microsoft.playwright.Page.locator(String)&quot; because &quot;this.page&quot; is null"/>
  </testcase>
  <testcase name="addLeadForBasicFurnitureLead[Lofy Home Store, Krishna, Gandhi, +254, Walkin, LinkedIn, Study, Chairs, Interested in sofa sets #267](642)" classname="tests.AddFurnitureLeadTest" time="0.0">
    <skipped message="Cannot invoke &quot;com.microsoft.playwright.Page.locator(String)&quot; because &quot;this.page&quot; is null"/>
  </testcase>
  <testcase name="addLeadForBasicFurnitureLead[Haworth, Kavya, Joshi, +244, Walkin, LinkedIn, Study, Library Unit, Customer referred by friend #269](643)" classname="tests.AddFurnitureLeadTest" time="0.0">
    <skipped message="Cannot invoke &quot;com.microsoft.playwright.Page.locator(String)&quot; because &quot;this.page&quot; is null"/>
  </testcase>
  <testcase name="addLeadForBasicFurnitureLead[Lofy Interior Solutions, Aarav, Parikh, +31, Walkin, LinkedIn, Kitchen, Modular, Looking for office furniture #223](644)" classname="tests.AddFurnitureLeadTest" time="0.0">
    <skipped message="Cannot invoke &quot;com.microsoft.playwright.Page.locator(String)&quot; because &quot;this.page&quot; is null"/>
  </testcase>
  <testcase name="addLeadForBasicFurnitureLead[Stanley - SLN, Mehul, Joshi, +94, Walkin, LinkedIn, Kitchen, Semi-Modular, Requesting catalog #352](645)" classname="tests.AddFurnitureLeadTest" time="0.0">
    <skipped message="Cannot invoke &quot;com.microsoft.playwright.Page.locator(String)&quot; because &quot;this.page&quot; is null"/>
  </testcase>
  <testcase name="addLeadForBasicFurnitureLead[Stanley - SBC, Karan, Soni, +257, Walkin, LinkedIn, Kitchen, Countertop, Urgent requirement #176](646)" classname="tests.AddFurnitureLeadTest" time="0.0">
    <skipped message="Cannot invoke &quot;com.microsoft.playwright.Page.locator(String)&quot; because &quot;this.page&quot; is null"/>
  </testcase>
  <testcase name="addLeadForBasicFurnitureLead[Godrej, Priya, Bhatt, +231, Walkin, LinkedIn, Kitchen, Appliances, Requesting catalog #251](647)" classname="tests.AddFurnitureLeadTest" time="0.0">
    <skipped message="Cannot invoke &quot;com.microsoft.playwright.Page.locator(String)&quot; because &quot;this.page&quot; is null"/>
  </testcase>
  <testcase name="addLeadForBasicFurnitureLead[Lofy Home Store, Neha, Shah, +47, Walkin, LinkedIn, Wardrobes, Sliding, Wants kids&apos; room furniture #385](648)" classname="tests.AddFurnitureLeadTest" time="0.0">
    <skipped message="Cannot invoke &quot;com.microsoft.playwright.Page.locator(String)&quot; because &quot;this.page&quot; is null"/>
  </testcase>
  <testcase name="addLeadForBasicFurnitureLead[Haworth, Bhavna, Joshi, +228, Walkin, LinkedIn, Wardrobes, Hinged, Asking for custom designs #85](649)" classname="tests.AddFurnitureLeadTest" time="0.0">
    <skipped message="Cannot invoke &quot;com.microsoft.playwright.Page.locator(String)&quot; because &quot;this.page&quot; is null"/>
  </testcase>
  <testcase name="addLeadForBasicFurnitureLead[Lofy Interior Solutions, Mehul, Parikh, +56, Walkin, LinkedIn, Wardrobes, Walk-in, Interested in seasonal discount #471](650)" classname="tests.AddFurnitureLeadTest" time="0.0">
    <skipped message="Cannot invoke &quot;com.microsoft.playwright.Page.locator(String)&quot; because &quot;this.page&quot; is null"/>
  </testcase>
  <testcase name="addLeadForBasicFurnitureLead[Stanley - SLN, Krishna, Dave, +56, Walkin, LinkedIn, Office, WorkStations, Asking for fabric color options #207](651)" classname="tests.AddFurnitureLeadTest" time="0.0">
    <skipped message="Cannot invoke &quot;com.microsoft.playwright.Page.locator(String)&quot; because &quot;this.page&quot; is null"/>
  </testcase>
  <testcase name="addLeadForBasicFurnitureLead[Stanley - SBC, Bhavna, Trivedi, +90, Walkin, LinkedIn, Office, Conference Table, Interested in modern furniture #117](652)" classname="tests.AddFurnitureLeadTest" time="0.0">
    <skipped message="Cannot invoke &quot;com.microsoft.playwright.Page.locator(String)&quot; because &quot;this.page&quot; is null"/>
  </testcase>
  <testcase name="addLeadForBasicFurnitureLead[Godrej, Hetal, Raval, +239, Walkin, LinkedIn, Office, Cabin Setup, Repeat customer inquiry #373](653)" classname="tests.AddFurnitureLeadTest" time="0.0">
    <skipped message="Cannot invoke &quot;com.microsoft.playwright.Page.locator(String)&quot; because &quot;this.page&quot; is null"/>
  </testcase>
  <testcase name="addLeadForBasicFurnitureLead[Lofy Home Store, Sonal, Trivedi, +30, Walkin, LinkedIn, Outdoor, Patio, Urgent requirement #109](654)" classname="tests.AddFurnitureLeadTest" time="0.0">
    <skipped message="Cannot invoke &quot;com.microsoft.playwright.Page.locator(String)&quot; because &quot;this.page&quot; is null"/>
  </testcase>
  <testcase name="addLeadForBasicFurnitureLead[Haworth, Kavya, Modi, +98, Walkin, LinkedIn, Outdoor, Swing, Interested in sofa sets #12](655)" classname="tests.AddFurnitureLeadTest" time="0.0">
    <skipped message="Cannot invoke &quot;com.microsoft.playwright.Page.locator(String)&quot; because &quot;this.page&quot; is null"/>
  </testcase>
  <testcase name="addLeadForBasicFurnitureLead[Lofy Interior Solutions, Viren, Gandhi, +253, Walkin, LinkedIn, Outdoor, Garden Seating, Looking for EMI options #259](656)" classname="tests.AddFurnitureLeadTest" time="0.0">
    <skipped message="Cannot invoke &quot;com.microsoft.playwright.Page.locator(String)&quot; because &quot;this.page&quot; is null"/>
  </testcase>
  <testcase name="addLeadForBasicFurnitureLead[Stanley - SLN, Rina, Shah, +45, Walkin, LinkedIn, Turkey Solution, Full Home Package(Design + Execution + Furniture), Need delivery within a week #64](657)" classname="tests.AddFurnitureLeadTest" time="0.0">
    <skipped message="Cannot invoke &quot;com.microsoft.playwright.Page.locator(String)&quot; because &quot;this.page&quot; is null"/>
  </testcase>
  <testcase name="addLeadForBasicFurnitureLead[Stanley - SBC, Rishi, Shah, +220, Walkin, LinkedIn, Project Management Consultancy, Project Advisory, Wants kids&apos; room furniture #365](658)" classname="tests.AddFurnitureLeadTest" time="0.0">
    <skipped message="Cannot invoke &quot;com.microsoft.playwright.Page.locator(String)&quot; because &quot;this.page&quot; is null"/>
  </testcase>
  <testcase name="addLeadForBasicFurnitureLead[Godrej, Aarav, Bhatt, +216, Walkin, LinkedIn, Project Management Consultancy, Costing, Visited showroom last week #406](659)" classname="tests.AddFurnitureLeadTest" time="0.0">
    <skipped message="Cannot invoke &quot;com.microsoft.playwright.Page.locator(String)&quot; because &quot;this.page&quot; is null"/>
  </testcase>
  <testcase name="addLeadForBasicFurnitureLead[Lofy Home Store, Pooja, Soni, +233, Walkin, LinkedIn, Project Management Consultancy, Vendor Management, Looking for budget-friendly options #193](660)" classname="tests.AddFurnitureLeadTest" time="0.0">
    <skipped message="Cannot invoke &quot;com.microsoft.playwright.Page.locator(String)&quot; because &quot;this.page&quot; is null"/>
  </testcase>
  <testcase name="addLeadForBasicFurnitureLead[Haworth, Anjali, Shah, +236, Walkin, LinkedIn, Execution, Carpentry, Requesting catalog #328](661)" classname="tests.AddFurnitureLeadTest" time="0.0">
    <skipped message="Cannot invoke &quot;com.microsoft.playwright.Page.locator(String)&quot; because &quot;this.page&quot; is null"/>
  </testcase>
  <testcase name="addLeadForBasicFurnitureLead[Lofy Interior Solutions, Pooja, Vyas, +39, Walkin, LinkedIn, Execution, Civil, First-time buyer #395](662)" classname="tests.AddFurnitureLeadTest" time="0.0">
    <skipped message="Cannot invoke &quot;com.microsoft.playwright.Page.locator(String)&quot; because &quot;this.page&quot; is null"/>
  </testcase>
  <testcase name="addLeadForBasicFurnitureLead[Stanley - SLN, Bhavna, Desai, +224, Walkin, LinkedIn, Execution, Electrical, Payment flexibility needed #320](663)" classname="tests.AddFurnitureLeadTest" time="0.0">
    <skipped message="Cannot invoke &quot;com.microsoft.playwright.Page.locator(String)&quot; because &quot;this.page&quot; is null"/>
  </testcase>
  <testcase name="addLeadForBasicFurnitureLead[Stanley - SBC, Jigar, Kapoor, +84, Walkin, LinkedIn, Execution, Finishing only, Looking for budget-friendly options #305](664)" classname="tests.AddFurnitureLeadTest" time="0.0">
    <skipped message="Cannot invoke &quot;com.microsoft.playwright.Page.locator(String)&quot; because &quot;this.page&quot; is null"/>
  </testcase>
  <testcase name="addLeadForBasicFurnitureLead[Godrej, Nirav, Doshi, +39, Walkin, LinkedIn, Design only, 2D/3D Layouts, Looking for budget-friendly options #339](665)" classname="tests.AddFurnitureLeadTest" time="0.0">
    <skipped message="Cannot invoke &quot;com.microsoft.playwright.Page.locator(String)&quot; because &quot;this.page&quot; is null"/>
  </testcase>
  <testcase name="addLeadForBasicFurnitureLead[Lofy Home Store, Priya, Soni, +84, Walkin, LinkedIn, Design only, Material Selection, Wants luxury and premium finish #335](666)" classname="tests.AddFurnitureLeadTest" time="0.0">
    <skipped message="Cannot invoke &quot;com.microsoft.playwright.Page.locator(String)&quot; because &quot;this.page&quot; is null"/>
  </testcase>
  <testcase name="addLeadForBasicFurnitureLead[Haworth, Pooja, Bhatt, +91, Walkin, SMS, Living, Sofa, Looking for leather finish #11](667)" classname="tests.AddFurnitureLeadTest" time="0.0">
    <skipped message="Cannot invoke &quot;com.microsoft.playwright.Page.locator(String)&quot; because &quot;this.page&quot; is null"/>
  </testcase>
  <testcase name="addLeadForBasicFurnitureLead[Lofy Interior Solutions, Rina, Trivedi, +258, Walkin, SMS, Living, Recliner, Looking for budget-friendly options #354](668)" classname="tests.AddFurnitureLeadTest" time="0.0">
    <skipped message="Cannot invoke &quot;com.microsoft.playwright.Page.locator(String)&quot; because &quot;this.page&quot; is null"/>
  </testcase>
  <testcase name="addLeadForBasicFurnitureLead[Stanley - SLN, Rina, Choksi, +226, Walkin, SMS, Living, Coffee Table, Wants luxury and premium finish #214](669)" classname="tests.AddFurnitureLeadTest" time="0.0">
    <skipped message="Cannot invoke &quot;com.microsoft.playwright.Page.locator(String)&quot; because &quot;this.page&quot; is null"/>
  </testcase>
  <testcase name="addLeadForBasicFurnitureLead[Stanley - SBC, Aarav, Bhatt, +98, Walkin, SMS, Living, TV Unit, Prefers eco-friendly material #195](670)" classname="tests.AddFurnitureLeadTest" time="0.0">
    <skipped message="Cannot invoke &quot;com.microsoft.playwright.Page.locator(String)&quot; because &quot;this.page&quot; is null"/>
  </testcase>
  <testcase name="addLeadForBasicFurnitureLead[Godrej, Mina, Shah, +251, Walkin, SMS, Dining, Dining Table, Wants luxury and premium finish #281](671)" classname="tests.AddFurnitureLeadTest" time="0.0">
    <skipped message="Cannot invoke &quot;com.microsoft.playwright.Page.locator(String)&quot; because &quot;this.page&quot; is null"/>
  </testcase>
  <testcase name="addLeadForBasicFurnitureLead[Lofy Home Store, Rishi, Choksi, +255, Walkin, SMS, Dining, Chairs, First-time buyer #243](672)" classname="tests.AddFurnitureLeadTest" time="0.0">
    <skipped message="Cannot invoke &quot;com.microsoft.playwright.Page.locator(String)&quot; because &quot;this.page&quot; is null"/>
  </testcase>
  <testcase name="addLeadForBasicFurnitureLead[Haworth, Nirav, Kapoor, +235, Walkin, SMS, Dining, Bench, Looking for space-saving solutions #79](673)" classname="tests.AddFurnitureLeadTest" time="0.0">
    <skipped message="Cannot invoke &quot;com.microsoft.playwright.Page.locator(String)&quot; because &quot;this.page&quot; is null"/>
  </testcase>
  <testcase name="addLeadForBasicFurnitureLead[Lofy Interior Solutions, Mina, Desai, +48, Walkin, SMS, BedRoom, Bed, Asking for custom designs #356](674)" classname="tests.AddFurnitureLeadTest" time="0.0">
    <skipped message="Cannot invoke &quot;com.microsoft.playwright.Page.locator(String)&quot; because &quot;this.page&quot; is null"/>
  </testcase>
  <testcase name="addLeadForBasicFurnitureLead[Stanley - SLN, Jigar, Shah, +46, Walkin, SMS, BedRoom, Side Table, Prefers compact designs #323](675)" classname="tests.AddFurnitureLeadTest" time="0.0">
    <skipped message="Cannot invoke &quot;com.microsoft.playwright.Page.locator(String)&quot; because &quot;this.page&quot; is null"/>
  </testcase>
  <testcase name="addLeadForBasicFurnitureLead[Stanley - SBC, Mina, Kapoor, +252, Walkin, SMS, BedRoom, Dressing, Interested in modern furniture #155](676)" classname="tests.AddFurnitureLeadTest" time="0.0">
    <skipped message="Cannot invoke &quot;com.microsoft.playwright.Page.locator(String)&quot; because &quot;this.page&quot; is null"/>
  </testcase>
  <testcase name="addLeadForBasicFurnitureLead[Godrej, Rina, Dave, +216, Walkin, SMS, BedRoom, Mattress, Checking modular kitchen options #339](677)" classname="tests.AddFurnitureLeadTest" time="0.0">
    <skipped message="Cannot invoke &quot;com.microsoft.playwright.Page.locator(String)&quot; because &quot;this.page&quot; is null"/>
  </testcase>
  <testcase name="addLeadForBasicFurnitureLead[Lofy Home Store, Krishna, Shah, +49, Walkin, SMS, Study, Study Table, Wants luxury and premium finish #340](678)" classname="tests.AddFurnitureLeadTest" time="0.0">
    <skipped message="Cannot invoke &quot;com.microsoft.playwright.Page.locator(String)&quot; because &quot;this.page&quot; is null"/>
  </testcase>
  <testcase name="addLeadForBasicFurnitureLead[Haworth, Sonal, Gandhi, +212, Walkin, SMS, Study, Chairs, Request for free installation #139](679)" classname="tests.AddFurnitureLeadTest" time="0.0">
    <skipped message="Cannot invoke &quot;com.microsoft.playwright.Page.locator(String)&quot; because &quot;this.page&quot; is null"/>
  </testcase>
  <testcase name="addLeadForBasicFurnitureLead[Lofy Interior Solutions, Rina, Vyas, +36, Walkin, SMS, Study, Library Unit, Customer referred by friend #311](680)" classname="tests.AddFurnitureLeadTest" time="0.0">
    <skipped message="Cannot invoke &quot;com.microsoft.playwright.Page.locator(String)&quot; because &quot;this.page&quot; is null"/>
  </testcase>
  <testcase name="addLeadForBasicFurnitureLead[Stanley - SLN, Karan, Trivedi, +211, Walkin, SMS, Kitchen, Modular, Looking for space-saving solutions #71](681)" classname="tests.AddFurnitureLeadTest" time="0.0">
    <skipped message="Cannot invoke &quot;com.microsoft.playwright.Page.locator(String)&quot; because &quot;this.page&quot; is null"/>
  </testcase>
  <testcase name="addLeadForBasicFurnitureLead[Stanley - SBC, Rishi, Soni, +253, Walkin, SMS, Kitchen, Semi-Modular, Checking modular kitchen options #426](682)" classname="tests.AddFurnitureLeadTest" time="0.0">
    <skipped message="Cannot invoke &quot;com.microsoft.playwright.Page.locator(String)&quot; because &quot;this.page&quot; is null"/>
  </testcase>
  <testcase name="addLeadForBasicFurnitureLead[Godrej, Dhruv, Shukla, +44, Walkin, SMS, Kitchen, Countertop, Requesting catalog #54](683)" classname="tests.AddFurnitureLeadTest" time="0.0">
    <skipped message="Cannot invoke &quot;com.microsoft.playwright.Page.locator(String)&quot; because &quot;this.page&quot; is null"/>
  </testcase>
  <testcase name="addLeadForBasicFurnitureLead[Lofy Home Store, Pooja, Doshi, +54, Walkin, SMS, Kitchen, Appliances, Request for free installation #369](684)" classname="tests.AddFurnitureLeadTest" time="0.0">
    <skipped message="Cannot invoke &quot;com.microsoft.playwright.Page.locator(String)&quot; because &quot;this.page&quot; is null"/>
  </testcase>
  <testcase name="addLeadForBasicFurnitureLead[Haworth, Pooja, Vyas, +216, Walkin, SMS, Wardrobes, Sliding, Customer referred by friend #61](685)" classname="tests.AddFurnitureLeadTest" time="0.0">
    <skipped message="Cannot invoke &quot;com.microsoft.playwright.Page.locator(String)&quot; because &quot;this.page&quot; is null"/>
  </testcase>
  <testcase name="addLeadForBasicFurnitureLead[Lofy Interior Solutions, Krishna, Patel, +65, Walkin, SMS, Wardrobes, Hinged, Requesting bulk order discount #59](686)" classname="tests.AddFurnitureLeadTest" time="0.0">
    <skipped message="Cannot invoke &quot;com.microsoft.playwright.Page.locator(String)&quot; because &quot;this.page&quot; is null"/>
  </testcase>
  <testcase name="addLeadForBasicFurnitureLead[Stanley - SLN, Sonal, Soni, +248, Walkin, SMS, Wardrobes, Walk-in, Asking for fabric color options #55](687)" classname="tests.AddFurnitureLeadTest" time="0.0">
    <skipped message="Cannot invoke &quot;com.microsoft.playwright.Page.locator(String)&quot; because &quot;this.page&quot; is null"/>
  </testcase>
  <testcase name="addLeadForBasicFurnitureLead[Stanley - SBC, Viren, Patel, +232, Walkin, SMS, Office, WorkStations, Enquiring about warranty period #102](688)" classname="tests.AddFurnitureLeadTest" time="0.0">
    <skipped message="Cannot invoke &quot;com.microsoft.playwright.Page.locator(String)&quot; because &quot;this.page&quot; is null"/>
  </testcase>
  <testcase name="addLeadForBasicFurnitureLead[Godrej, Bhavna, Patel, +47, Walkin, SMS, Office, Conference Table, Customer referred by friend #103](689)" classname="tests.AddFurnitureLeadTest" time="0.0">
    <skipped message="Cannot invoke &quot;com.microsoft.playwright.Page.locator(String)&quot; because &quot;this.page&quot; is null"/>
  </testcase>
  <testcase name="addLeadForBasicFurnitureLead[Lofy Home Store, Aarav, Shah, +53, Walkin, SMS, Office, Cabin Setup, Wants matching dining set #135](690)" classname="tests.AddFurnitureLeadTest" time="0.0">
    <skipped message="Cannot invoke &quot;com.microsoft.playwright.Page.locator(String)&quot; because &quot;this.page&quot; is null"/>
  </testcase>
  <testcase name="addLeadForBasicFurnitureLead[Haworth, Neha, Raval, +257, Walkin, SMS, Outdoor, Patio, Looking for leather finish #268](691)" classname="tests.AddFurnitureLeadTest" time="0.0">
    <skipped message="Cannot invoke &quot;com.microsoft.playwright.Page.locator(String)&quot; because &quot;this.page&quot; is null"/>
  </testcase>
  <testcase name="addLeadForBasicFurnitureLead[Lofy Interior Solutions, Mina, Choksi, +95, Walkin, SMS, Outdoor, Swing, Asking for custom designs #184](692)" classname="tests.AddFurnitureLeadTest" time="0.0">
    <skipped message="Cannot invoke &quot;com.microsoft.playwright.Page.locator(String)&quot; because &quot;this.page&quot; is null"/>
  </testcase>
  <testcase name="addLeadForBasicFurnitureLead[Stanley - SLN, Mina, Raval, +239, Walkin, SMS, Outdoor, Garden Seating, Looking for space-saving solutions #210](693)" classname="tests.AddFurnitureLeadTest" time="0.0">
    <skipped message="Cannot invoke &quot;com.microsoft.playwright.Page.locator(String)&quot; because &quot;this.page&quot; is null"/>
  </testcase>
  <testcase name="addLeadForBasicFurnitureLead[Stanley - SBC, Hetal, Parikh, +86, Walkin, SMS, Turkey Solution, Full Home Package(Design + Execution + Furniture), Requesting bulk order discount #83](694)" classname="tests.AddFurnitureLeadTest" time="0.0">
    <skipped message="Cannot invoke &quot;com.microsoft.playwright.Page.locator(String)&quot; because &quot;this.page&quot; is null"/>
  </testcase>
  <testcase name="addLeadForBasicFurnitureLead[Godrej, Mina, Soni, +261, Walkin, SMS, Project Management Consultancy, Project Advisory, Looking for budget-friendly options #281](695)" classname="tests.AddFurnitureLeadTest" time="0.0">
    <skipped message="Cannot invoke &quot;com.microsoft.playwright.Page.locator(String)&quot; because &quot;this.page&quot; is null"/>
  </testcase>
  <testcase name="addLeadForBasicFurnitureLead[Lofy Home Store, Karan, Soni, +211, Walkin, SMS, Project Management Consultancy, Costing, Enquiring about warranty period #467](696)" classname="tests.AddFurnitureLeadTest" time="0.0">
    <skipped message="Cannot invoke &quot;com.microsoft.playwright.Page.locator(String)&quot; because &quot;this.page&quot; is null"/>
  </testcase>
  <testcase name="addLeadForBasicFurnitureLead[Haworth, Anjali, Parikh, +56, Walkin, SMS, Project Management Consultancy, Vendor Management, Asking for custom designs #353](697)" classname="tests.AddFurnitureLeadTest" time="0.0">
    <skipped message="Cannot invoke &quot;com.microsoft.playwright.Page.locator(String)&quot; because &quot;this.page&quot; is null"/>
  </testcase>
  <testcase name="addLeadForBasicFurnitureLead[Lofy Interior Solutions, Hetal, Patel, +233, Walkin, SMS, Execution, Carpentry, Interested in seasonal discount #247](698)" classname="tests.AddFurnitureLeadTest" time="0.0">
    <skipped message="Cannot invoke &quot;com.microsoft.playwright.Page.locator(String)&quot; because &quot;this.page&quot; is null"/>
  </testcase>
  <testcase name="addLeadForBasicFurnitureLead[Stanley - SLN, Krishna, Modi, +240, Walkin, SMS, Execution, Civil, Looking for office furniture #121](699)" classname="tests.AddFurnitureLeadTest" time="0.0">
    <skipped message="Cannot invoke &quot;com.microsoft.playwright.Page.locator(String)&quot; because &quot;this.page&quot; is null"/>
  </testcase>
  <testcase name="addLeadForBasicFurnitureLead[Stanley - SBC, Rohit, Choksi, +240, Walkin, SMS, Execution, Electrical, Interested in modern furniture #7](700)" classname="tests.AddFurnitureLeadTest" time="0.0">
    <skipped message="Cannot invoke &quot;com.microsoft.playwright.Page.locator(String)&quot; because &quot;this.page&quot; is null"/>
  </testcase>
  <testcase name="addLeadForBasicFurnitureLead[Godrej, Dhruv, Bhatt, +40, Walkin, SMS, Execution, Finishing only, Prefers compact designs #46](701)" classname="tests.AddFurnitureLeadTest" time="0.0">
    <skipped message="Cannot invoke &quot;com.microsoft.playwright.Page.locator(String)&quot; because &quot;this.page&quot; is null"/>
  </testcase>
  <testcase name="addLeadForBasicFurnitureLead[Lofy Home Store, Krishna, Joshi, +218, Walkin, SMS, Design only, 2D/3D Layouts, Interested in seasonal discount #57](702)" classname="tests.AddFurnitureLeadTest" time="0.0">
    <skipped message="Cannot invoke &quot;com.microsoft.playwright.Page.locator(String)&quot; because &quot;this.page&quot; is null"/>
  </testcase>
  <testcase name="addLeadForBasicFurnitureLead[Haworth, Aarav, Joshi, +221, Walkin, SMS, Design only, Material Selection, Looking for leather finish #294](703)" classname="tests.AddFurnitureLeadTest" time="0.0">
    <skipped message="Cannot invoke &quot;com.microsoft.playwright.Page.locator(String)&quot; because &quot;this.page&quot; is null"/>
  </testcase>
  <testcase name="addLeadForBasicFurnitureLead[Lofy Interior Solutions, Anjali, Bhatt, +243, Walkin, YouTube, Living, Sofa, Prefers compact designs #253](704)" classname="tests.AddFurnitureLeadTest" time="0.0">
    <skipped message="Cannot invoke &quot;com.microsoft.playwright.Page.locator(String)&quot; because &quot;this.page&quot; is null"/>
  </testcase>
  <testcase name="addLeadForBasicFurnitureLead[Stanley - SLN, Mina, Patel, +91, Walkin, YouTube, Living, Recliner, Urgent requirement #487](705)" classname="tests.AddFurnitureLeadTest" time="0.0">
    <skipped message="Cannot invoke &quot;com.microsoft.playwright.Page.locator(String)&quot; because &quot;this.page&quot; is null"/>
  </testcase>
  <testcase name="addLeadForBasicFurnitureLead[Stanley - SBC, Viren, Bhatt, +229, Walkin, YouTube, Living, Coffee Table, Prefers wooden furniture #400](706)" classname="tests.AddFurnitureLeadTest" time="0.0">
    <skipped message="Cannot invoke &quot;com.microsoft.playwright.Page.locator(String)&quot; because &quot;this.page&quot; is null"/>
  </testcase>
  <testcase name="addLeadForBasicFurnitureLead[Godrej, Rohit, Shukla, +240, Walkin, YouTube, Living, TV Unit, Request for free installation #39](707)" classname="tests.AddFurnitureLeadTest" time="0.0">
    <skipped message="Cannot invoke &quot;com.microsoft.playwright.Page.locator(String)&quot; because &quot;this.page&quot; is null"/>
  </testcase>
  <testcase name="addLeadForBasicFurnitureLead[Lofy Home Store, Kavya, Thakkar, +46, Walkin, YouTube, Dining, Dining Table, Interested in sofa sets #371](708)" classname="tests.AddFurnitureLeadTest" time="0.0">
    <skipped message="Cannot invoke &quot;com.microsoft.playwright.Page.locator(String)&quot; because &quot;this.page&quot; is null"/>
  </testcase>
  <testcase name="addLeadForBasicFurnitureLead[Haworth, Hetal, Doshi, +33, Walkin, YouTube, Dining, Chairs, Wants luxury and premium finish #464](709)" classname="tests.AddFurnitureLeadTest" time="0.0">
    <skipped message="Cannot invoke &quot;com.microsoft.playwright.Page.locator(String)&quot; because &quot;this.page&quot; is null"/>
  </testcase>
  <testcase name="addLeadForBasicFurnitureLead[Lofy Interior Solutions, Jigar, Desai, +49, Walkin, YouTube, Dining, Bench, First-time buyer #330](710)" classname="tests.AddFurnitureLeadTest" time="0.0">
    <skipped message="Cannot invoke &quot;com.microsoft.playwright.Page.locator(String)&quot; because &quot;this.page&quot; is null"/>
  </testcase>
  <testcase name="addLeadForBasicFurnitureLead[Stanley - SLN, Bhavna, Thakkar, +51, Walkin, YouTube, BedRoom, Bed, Repeat customer inquiry #234](711)" classname="tests.AddFurnitureLeadTest" time="0.0">
    <skipped message="Cannot invoke &quot;com.microsoft.playwright.Page.locator(String)&quot; because &quot;this.page&quot; is null"/>
  </testcase>
  <testcase name="addLeadForBasicFurnitureLead[Stanley - SBC, Aarav, Mehta, +261, Walkin, YouTube, BedRoom, Side Table, Requesting bulk order discount #136](712)" classname="tests.AddFurnitureLeadTest" time="0.0">
    <skipped message="Cannot invoke &quot;com.microsoft.playwright.Page.locator(String)&quot; because &quot;this.page&quot; is null"/>
  </testcase>
  <testcase name="addLeadForBasicFurnitureLead[Godrej, Pooja, Modi, +236, Walkin, YouTube, BedRoom, Dressing, Prefers eco-friendly material #26](713)" classname="tests.AddFurnitureLeadTest" time="0.0">
    <skipped message="Cannot invoke &quot;com.microsoft.playwright.Page.locator(String)&quot; because &quot;this.page&quot; is null"/>
  </testcase>
  <testcase name="addLeadForBasicFurnitureLead[Lofy Home Store, Pooja, Raval, +39, Walkin, YouTube, BedRoom, Mattress, Wants luxury and premium finish #417](714)" classname="tests.AddFurnitureLeadTest" time="0.0">
    <skipped message="Cannot invoke &quot;com.microsoft.playwright.Page.locator(String)&quot; because &quot;this.page&quot; is null"/>
  </testcase>
  <testcase name="addLeadForBasicFurnitureLead[Haworth, Rishi, Chaudhary, +251, Walkin, YouTube, Study, Study Table, Need delivery within a week #448](715)" classname="tests.AddFurnitureLeadTest" time="0.0">
    <skipped message="Cannot invoke &quot;com.microsoft.playwright.Page.locator(String)&quot; because &quot;this.page&quot; is null"/>
  </testcase>
  <testcase name="addLeadForBasicFurnitureLead[Lofy Interior Solutions, Rina, Bhatt, +250, Walkin, YouTube, Study, Chairs, Looking for budget-friendly options #437](716)" classname="tests.AddFurnitureLeadTest" time="0.0">
    <skipped message="Cannot invoke &quot;com.microsoft.playwright.Page.locator(String)&quot; because &quot;this.page&quot; is null"/>
  </testcase>
  <testcase name="addLeadForBasicFurnitureLead[Stanley - SLN, Dhruv, Doshi, +238, Walkin, YouTube, Study, Library Unit, Requesting bulk order discount #185](717)" classname="tests.AddFurnitureLeadTest" time="0.0">
    <skipped message="Cannot invoke &quot;com.microsoft.playwright.Page.locator(String)&quot; because &quot;this.page&quot; is null"/>
  </testcase>
  <testcase name="addLeadForBasicFurnitureLead[Stanley - SBC, Rohit, Vyas, +252, Walkin, YouTube, Kitchen, Modular, Asking for fabric color options #347](718)" classname="tests.AddFurnitureLeadTest" time="0.0">
    <skipped message="Cannot invoke &quot;com.microsoft.playwright.Page.locator(String)&quot; because &quot;this.page&quot; is null"/>
  </testcase>
  <testcase name="addLeadForBasicFurnitureLead[Godrej, Dhruv, Dave, +244, Walkin, YouTube, Kitchen, Semi-Modular, Looking for office furniture #219](719)" classname="tests.AddFurnitureLeadTest" time="0.0">
    <skipped message="Cannot invoke &quot;com.microsoft.playwright.Page.locator(String)&quot; because &quot;this.page&quot; is null"/>
  </testcase>
  <testcase name="addLeadForBasicFurnitureLead[Lofy Home Store, Pooja, Trivedi, +254, Walkin, YouTube, Kitchen, Countertop, Interested in sofa sets #60](720)" classname="tests.AddFurnitureLeadTest" time="0.0">
    <skipped message="Cannot invoke &quot;com.microsoft.playwright.Page.locator(String)&quot; because &quot;this.page&quot; is null"/>
  </testcase>
  <testcase name="addLeadForBasicFurnitureLead[Haworth, Dhruv, Patel, +242, Walkin, YouTube, Kitchen, Appliances, Wants luxury and premium finish #436](721)" classname="tests.AddFurnitureLeadTest" time="0.0">
    <skipped message="Cannot invoke &quot;com.microsoft.playwright.Page.locator(String)&quot; because &quot;this.page&quot; is null"/>
  </testcase>
  <testcase name="addLeadForBasicFurnitureLead[Lofy Interior Solutions, Rohit, Shah, +27, Walkin, YouTube, Wardrobes, Sliding, Wants matching dining set #456](722)" classname="tests.AddFurnitureLeadTest" time="0.0">
    <skipped message="Cannot invoke &quot;com.microsoft.playwright.Page.locator(String)&quot; because &quot;this.page&quot; is null"/>
  </testcase>
  <testcase name="addLeadForBasicFurnitureLead[Stanley - SLN, Anjali, Raval, +252, Walkin, YouTube, Wardrobes, Hinged, Looking for budget-friendly options #5](723)" classname="tests.AddFurnitureLeadTest" time="0.0">
    <skipped message="Cannot invoke &quot;com.microsoft.playwright.Page.locator(String)&quot; because &quot;this.page&quot; is null"/>
  </testcase>
  <testcase name="addLeadForBasicFurnitureLead[Stanley - SBC, Kavya, Doshi, +57, Walkin, YouTube, Wardrobes, Walk-in, Checking stock availability #71](724)" classname="tests.AddFurnitureLeadTest" time="0.0">
    <skipped message="Cannot invoke &quot;com.microsoft.playwright.Page.locator(String)&quot; because &quot;this.page&quot; is null"/>
  </testcase>
  <testcase name="addLeadForBasicFurnitureLead[Godrej, Hetal, Modi, +251, Walkin, YouTube, Office, WorkStations, Prefers compact designs #332](725)" classname="tests.AddFurnitureLeadTest" time="0.0">
    <skipped message="Cannot invoke &quot;com.microsoft.playwright.Page.locator(String)&quot; because &quot;this.page&quot; is null"/>
  </testcase>
  <testcase name="addLeadForBasicFurnitureLead[Lofy Home Store, Bhavna, Chaudhary, +250, Walkin, YouTube, Office, Conference Table, Need delivery within a week #169](726)" classname="tests.AddFurnitureLeadTest" time="0.0">
    <skipped message="Cannot invoke &quot;com.microsoft.playwright.Page.locator(String)&quot; because &quot;this.page&quot; is null"/>
  </testcase>
  <testcase name="addLeadForBasicFurnitureLead[Haworth, Sonal, Kapoor, +86, Walkin, YouTube, Office, Cabin Setup, Wants kids&apos; room furniture #458](727)" classname="tests.AddFurnitureLeadTest" time="0.0">
    <skipped message="Cannot invoke &quot;com.microsoft.playwright.Page.locator(String)&quot; because &quot;this.page&quot; is null"/>
  </testcase>
  <testcase name="addLeadForBasicFurnitureLead[Lofy Interior Solutions, Kavya, Modi, +257, Walkin, YouTube, Outdoor, Patio, Prefers eco-friendly material #490](728)" classname="tests.AddFurnitureLeadTest" time="0.0">
    <skipped message="Cannot invoke &quot;com.microsoft.playwright.Page.locator(String)&quot; because &quot;this.page&quot; is null"/>
  </testcase>
  <testcase name="addLeadForBasicFurnitureLead[Stanley - SLN, Mina, Parikh, +228, Walkin, YouTube, Outdoor, Swing, Customer referred by friend #138](729)" classname="tests.AddFurnitureLeadTest" time="0.0">
    <skipped message="Cannot invoke &quot;com.microsoft.playwright.Page.locator(String)&quot; because &quot;this.page&quot; is null"/>
  </testcase>
  <testcase name="addLeadForBasicFurnitureLead[Stanley - SBC, Hetal, Bhatt, +33, Walkin, YouTube, Outdoor, Garden Seating, Requesting catalog #376](730)" classname="tests.AddFurnitureLeadTest" time="0.0">
    <skipped message="Cannot invoke &quot;com.microsoft.playwright.Page.locator(String)&quot; because &quot;this.page&quot; is null"/>
  </testcase>
  <testcase name="addLeadForBasicFurnitureLead[Godrej, Rishi, Shukla, +222, Walkin, YouTube, Turkey Solution, Full Home Package(Design + Execution + Furniture), Prefers wooden furniture #191](731)" classname="tests.AddFurnitureLeadTest" time="0.0">
    <skipped message="Cannot invoke &quot;com.microsoft.playwright.Page.locator(String)&quot; because &quot;this.page&quot; is null"/>
  </testcase>
  <testcase name="addLeadForBasicFurnitureLead[Lofy Home Store, Anjali, Raval, +57, Walkin, YouTube, Project Management Consultancy, Project Advisory, Looking for leather finish #176](732)" classname="tests.AddFurnitureLeadTest" time="0.0">
    <skipped message="Cannot invoke &quot;com.microsoft.playwright.Page.locator(String)&quot; because &quot;this.page&quot; is null"/>
  </testcase>
  <testcase name="addLeadForBasicFurnitureLead[Haworth, Mehul, Bhatt, +48, Walkin, YouTube, Project Management Consultancy, Costing, Need delivery within a week #59](733)" classname="tests.AddFurnitureLeadTest" time="0.0">
    <skipped message="Cannot invoke &quot;com.microsoft.playwright.Page.locator(String)&quot; because &quot;this.page&quot; is null"/>
  </testcase>
  <testcase name="addLeadForBasicFurnitureLead[Lofy Interior Solutions, Nirav, Shah, +262, Walkin, YouTube, Project Management Consultancy, Vendor Management, Interested in outdoor furniture #205](734)" classname="tests.AddFurnitureLeadTest" time="0.0">
    <skipped message="Cannot invoke &quot;com.microsoft.playwright.Page.locator(String)&quot; because &quot;this.page&quot; is null"/>
  </testcase>
  <testcase name="addLeadForBasicFurnitureLead[Stanley - SLN, Mehul, Chaudhary, +95, Walkin, YouTube, Execution, Carpentry, Prefers eco-friendly material #140](735)" classname="tests.AddFurnitureLeadTest" time="0.0">
    <skipped message="Cannot invoke &quot;com.microsoft.playwright.Page.locator(String)&quot; because &quot;this.page&quot; is null"/>
  </testcase>
  <testcase name="addLeadForBasicFurnitureLead[Stanley - SBC, Mina, Patel, +212, Walkin, YouTube, Execution, Civil, Looking for leather finish #198](736)" classname="tests.AddFurnitureLeadTest" time="0.0">
    <skipped message="Cannot invoke &quot;com.microsoft.playwright.Page.locator(String)&quot; because &quot;this.page&quot; is null"/>
  </testcase>
  <testcase name="addLeadForBasicFurnitureLead[Godrej, Jigar, Vyas, +62, Walkin, YouTube, Execution, Electrical, Looking for space-saving solutions #436](737)" classname="tests.AddFurnitureLeadTest" time="0.0">
    <skipped message="Cannot invoke &quot;com.microsoft.playwright.Page.locator(String)&quot; because &quot;this.page&quot; is null"/>
  </testcase>
  <testcase name="addLeadForBasicFurnitureLead[Lofy Home Store, Rina, Kapoor, +66, Walkin, YouTube, Execution, Finishing only, Enquiring about warranty period #410](738)" classname="tests.AddFurnitureLeadTest" time="0.0">
    <skipped message="Cannot invoke &quot;com.microsoft.playwright.Page.locator(String)&quot; because &quot;this.page&quot; is null"/>
  </testcase>
  <testcase name="addLeadForBasicFurnitureLead[Haworth, Dhruv, Modi, +48, Walkin, YouTube, Design only, 2D/3D Layouts, Checking modular kitchen options #333](739)" classname="tests.AddFurnitureLeadTest" time="0.0">
    <skipped message="Cannot invoke &quot;com.microsoft.playwright.Page.locator(String)&quot; because &quot;this.page&quot; is null"/>
  </testcase>
  <testcase name="addLeadForBasicFurnitureLead[Lofy Interior Solutions, Kavya, Doshi, +84, Walkin, YouTube, Design only, Material Selection, Requesting catalog #409](740)" classname="tests.AddFurnitureLeadTest" time="0.0">
    <skipped message="Cannot invoke &quot;com.microsoft.playwright.Page.locator(String)&quot; because &quot;this.page&quot; is null"/>
  </testcase>
  <testcase name="addLeadForBasicFurnitureLead[Stanley - SLN, Viren, Gandhi, +248, Walkin, IVRS, Living, Sofa, Need delivery within a week #58](741)" classname="tests.AddFurnitureLeadTest" time="0.0">
    <skipped message="Cannot invoke &quot;com.microsoft.playwright.Page.locator(String)&quot; because &quot;this.page&quot; is null"/>
  </testcase>
  <testcase name="addLeadForBasicFurnitureLead[Stanley - SBC, Sonal, Choksi, +51, Walkin, IVRS, Living, Recliner, Urgent requirement #357](742)" classname="tests.AddFurnitureLeadTest" time="0.0">
    <skipped message="Cannot invoke &quot;com.microsoft.playwright.Page.locator(String)&quot; because &quot;this.page&quot; is null"/>
  </testcase>
  <testcase name="addLeadForBasicFurnitureLead[Godrej, Mehul, Choksi, +243, Walkin, IVRS, Living, Coffee Table, Interested in sofa sets #31](743)" classname="tests.AddFurnitureLeadTest" time="0.0">
    <skipped message="Cannot invoke &quot;com.microsoft.playwright.Page.locator(String)&quot; because &quot;this.page&quot; is null"/>
  </testcase>
  <testcase name="addLeadForBasicFurnitureLead[Lofy Home Store, Viren, Shukla, +51, Walkin, IVRS, Living, TV Unit, Checking stock availability #82](744)" classname="tests.AddFurnitureLeadTest" time="0.0">
    <skipped message="Cannot invoke &quot;com.microsoft.playwright.Page.locator(String)&quot; because &quot;this.page&quot; is null"/>
  </testcase>
  <testcase name="addLeadForBasicFurnitureLead[Haworth, Pooja, Shah, +229, Walkin, IVRS, Dining, Dining Table, Wants luxury and premium finish #214](745)" classname="tests.AddFurnitureLeadTest" time="0.0">
    <skipped message="Cannot invoke &quot;com.microsoft.playwright.Page.locator(String)&quot; because &quot;this.page&quot; is null"/>
  </testcase>
  <testcase name="addLeadForBasicFurnitureLead[Lofy Interior Solutions, Rishi, Shukla, +90, Walkin, IVRS, Dining, Chairs, Interested in seasonal discount #303](746)" classname="tests.AddFurnitureLeadTest" time="0.0">
    <skipped message="Cannot invoke &quot;com.microsoft.playwright.Page.locator(String)&quot; because &quot;this.page&quot; is null"/>
  </testcase>
  <testcase name="addLeadForBasicFurnitureLead[Stanley - SLN, Sonal, Patel, +40, Walkin, IVRS, Dining, Bench, Enquiring about warranty period #411](747)" classname="tests.AddFurnitureLeadTest" time="0.0">
    <skipped message="Cannot invoke &quot;com.microsoft.playwright.Page.locator(String)&quot; because &quot;this.page&quot; is null"/>
  </testcase>
  <testcase name="addLeadForBasicFurnitureLead[Stanley - SBC, Jigar, Mehta, +228, Walkin, IVRS, BedRoom, Bed, Looking for EMI options #348](748)" classname="tests.AddFurnitureLeadTest" time="0.0">
    <skipped message="Cannot invoke &quot;com.microsoft.playwright.Page.locator(String)&quot; because &quot;this.page&quot; is null"/>
  </testcase>
  <testcase name="addLeadForBasicFurnitureLead[Godrej, Bhavna, Trivedi, +244, Walkin, IVRS, BedRoom, Side Table, Prefers eco-friendly material #93](749)" classname="tests.AddFurnitureLeadTest" time="0.0">
    <skipped message="Cannot invoke &quot;com.microsoft.playwright.Page.locator(String)&quot; because &quot;this.page&quot; is null"/>
  </testcase>
  <testcase name="addLeadForBasicFurnitureLead[Lofy Home Store, Kavya, Desai, +32, Walkin, IVRS, BedRoom, Dressing, Customer referred by friend #195](750)" classname="tests.AddFurnitureLeadTest" time="0.0">
    <skipped message="Cannot invoke &quot;com.microsoft.playwright.Page.locator(String)&quot; because &quot;this.page&quot; is null"/>
  </testcase>
  <testcase name="addLeadForBasicFurnitureLead[Haworth, Aarav, Doshi, +246, Walkin, IVRS, BedRoom, Mattress, Wants matching dining set #184](751)" classname="tests.AddFurnitureLeadTest" time="0.0">
    <skipped message="Cannot invoke &quot;com.microsoft.playwright.Page.locator(String)&quot; because &quot;this.page&quot; is null"/>
  </testcase>
  <testcase name="addLeadForBasicFurnitureLead[Lofy Interior Solutions, Pooja, Parikh, +238, Walkin, IVRS, Study, Study Table, Customer referred by friend #15](752)" classname="tests.AddFurnitureLeadTest" time="0.0">
    <skipped message="Cannot invoke &quot;com.microsoft.playwright.Page.locator(String)&quot; because &quot;this.page&quot; is null"/>
  </testcase>
  <testcase name="addLeadForBasicFurnitureLead[Stanley - SLN, Rohit, Shukla, +43, Walkin, IVRS, Study, Chairs, Checking stock availability #351](753)" classname="tests.AddFurnitureLeadTest" time="0.0">
    <skipped message="Cannot invoke &quot;com.microsoft.playwright.Page.locator(String)&quot; because &quot;this.page&quot; is null"/>
  </testcase>
  <testcase name="addLeadForBasicFurnitureLead[Stanley - SBC, Priya, Shah, +65, Walkin, IVRS, Study, Library Unit, Requesting catalog #430](754)" classname="tests.AddFurnitureLeadTest" time="0.0">
    <skipped message="Cannot invoke &quot;com.microsoft.playwright.Page.locator(String)&quot; because &quot;this.page&quot; is null"/>
  </testcase>
  <testcase name="addLeadForBasicFurnitureLead[Godrej, Karan, Vyas, +220, Walkin, IVRS, Kitchen, Modular, Interested in sofa sets #499](755)" classname="tests.AddFurnitureLeadTest" time="0.0">
    <skipped message="Cannot invoke &quot;com.microsoft.playwright.Page.locator(String)&quot; because &quot;this.page&quot; is null"/>
  </testcase>
  <testcase name="addLeadForBasicFurnitureLead[Lofy Home Store, Priya, Mehta, +220, Walkin, IVRS, Kitchen, Semi-Modular, Requesting catalog #67](756)" classname="tests.AddFurnitureLeadTest" time="0.0">
    <skipped message="Cannot invoke &quot;com.microsoft.playwright.Page.locator(String)&quot; because &quot;this.page&quot; is null"/>
  </testcase>
  <testcase name="addLeadForBasicFurnitureLead[Haworth, Nirav, Vyas, +241, Walkin, IVRS, Kitchen, Countertop, Enquiring about warranty period #472](757)" classname="tests.AddFurnitureLeadTest" time="0.0">
    <skipped message="Cannot invoke &quot;com.microsoft.playwright.Page.locator(String)&quot; because &quot;this.page&quot; is null"/>
  </testcase>
  <testcase name="addLeadForBasicFurnitureLead[Lofy Interior Solutions, Bhavna, Gandhi, +240, Walkin, IVRS, Kitchen, Appliances, Enquiring about warranty period #58](758)" classname="tests.AddFurnitureLeadTest" time="0.0">
    <skipped message="Cannot invoke &quot;com.microsoft.playwright.Page.locator(String)&quot; because &quot;this.page&quot; is null"/>
  </testcase>
  <testcase name="addLeadForBasicFurnitureLead[Stanley - SLN, Viren, Shukla, +216, Walkin, IVRS, Wardrobes, Sliding, Requesting catalog #211](759)" classname="tests.AddFurnitureLeadTest" time="0.0">
    <skipped message="Cannot invoke &quot;com.microsoft.playwright.Page.locator(String)&quot; because &quot;this.page&quot; is null"/>
  </testcase>
  <testcase name="addLeadForBasicFurnitureLead[Stanley - SBC, Hetal, Vyas, +240, Walkin, IVRS, Wardrobes, Hinged, Prefers eco-friendly material #24](760)" classname="tests.AddFurnitureLeadTest" time="0.0">
    <skipped message="Cannot invoke &quot;com.microsoft.playwright.Page.locator(String)&quot; because &quot;this.page&quot; is null"/>
  </testcase>
  <testcase name="addLeadForBasicFurnitureLead[Godrej, Jigar, Kapoor, +249, Walkin, IVRS, Wardrobes, Walk-in, Prefers wooden furniture #134](761)" classname="tests.AddFurnitureLeadTest" time="0.0">
    <skipped message="Cannot invoke &quot;com.microsoft.playwright.Page.locator(String)&quot; because &quot;this.page&quot; is null"/>
  </testcase>
  <testcase name="addLeadForBasicFurnitureLead[Lofy Home Store, Bhavna, Trivedi, +41, Walkin, IVRS, Office, WorkStations, Visited showroom last week #161](762)" classname="tests.AddFurnitureLeadTest" time="0.0">
    <skipped message="Cannot invoke &quot;com.microsoft.playwright.Page.locator(String)&quot; because &quot;this.page&quot; is null"/>
  </testcase>
  <testcase name="addLeadForBasicFurnitureLead[Haworth, Anjali, Mehta, +94, Walkin, IVRS, Office, Conference Table, Interested in modern furniture #361](763)" classname="tests.AddFurnitureLeadTest" time="0.0">
    <skipped message="Cannot invoke &quot;com.microsoft.playwright.Page.locator(String)&quot; because &quot;this.page&quot; is null"/>
  </testcase>
  <testcase name="addLeadForBasicFurnitureLead[Lofy Interior Solutions, Aarav, Modi, +48, Walkin, IVRS, Office, Cabin Setup, Checking stock availability #348](764)" classname="tests.AddFurnitureLeadTest" time="0.0">
    <skipped message="Cannot invoke &quot;com.microsoft.playwright.Page.locator(String)&quot; because &quot;this.page&quot; is null"/>
  </testcase>
  <testcase name="addLeadForBasicFurnitureLead[Stanley - SLN, Mina, Choksi, +235, Walkin, IVRS, Outdoor, Patio, Request for free installation #393](765)" classname="tests.AddFurnitureLeadTest" time="0.0">
    <skipped message="Cannot invoke &quot;com.microsoft.playwright.Page.locator(String)&quot; because &quot;this.page&quot; is null"/>
  </testcase>
  <testcase name="addLeadForBasicFurnitureLead[Stanley - SBC, Nirav, Shah, +31, Walkin, IVRS, Outdoor, Swing, Interested in sofa sets #296](766)" classname="tests.AddFurnitureLeadTest" time="0.0">
    <skipped message="Cannot invoke &quot;com.microsoft.playwright.Page.locator(String)&quot; because &quot;this.page&quot; is null"/>
  </testcase>
  <testcase name="addLeadForBasicFurnitureLead[Godrej, Aarav, Bhatt, +47, Walkin, IVRS, Outdoor, Garden Seating, Interested in sofa sets #290](767)" classname="tests.AddFurnitureLeadTest" time="0.0">
    <skipped message="Cannot invoke &quot;com.microsoft.playwright.Page.locator(String)&quot; because &quot;this.page&quot; is null"/>
  </testcase>
  <testcase name="addLeadForBasicFurnitureLead[Lofy Home Store, Mina, Joshi, +230, Walkin, IVRS, Turkey Solution, Full Home Package(Design + Execution + Furniture), Repeat customer inquiry #490](768)" classname="tests.AddFurnitureLeadTest" time="0.0">
    <skipped message="Cannot invoke &quot;com.microsoft.playwright.Page.locator(String)&quot; because &quot;this.page&quot; is null"/>
  </testcase>
  <testcase name="addLeadForBasicFurnitureLead[Haworth, Krishna, Kapoor, +91, Walkin, IVRS, Project Management Consultancy, Project Advisory, Prefers compact designs #448](769)" classname="tests.AddFurnitureLeadTest" time="0.0">
    <skipped message="Cannot invoke &quot;com.microsoft.playwright.Page.locator(String)&quot; because &quot;this.page&quot; is null"/>
  </testcase>
  <testcase name="addLeadForBasicFurnitureLead[Lofy Interior Solutions, Pooja, Raval, +248, Walkin, IVRS, Project Management Consultancy, Costing, Looking for office furniture #266](770)" classname="tests.AddFurnitureLeadTest" time="0.0">
    <skipped message="Cannot invoke &quot;com.microsoft.playwright.Page.locator(String)&quot; because &quot;this.page&quot; is null"/>
  </testcase>
  <testcase name="addLeadForBasicFurnitureLead[Stanley - SLN, Priya, Patel, +218, Walkin, IVRS, Project Management Consultancy, Vendor Management, Request for free installation #353](771)" classname="tests.AddFurnitureLeadTest" time="0.0">
    <skipped message="Cannot invoke &quot;com.microsoft.playwright.Page.locator(String)&quot; because &quot;this.page&quot; is null"/>
  </testcase>
  <testcase name="addLeadForBasicFurnitureLead[Stanley - SBC, Nirav, Shah, +94, Walkin, IVRS, Execution, Carpentry, Looking for space-saving solutions #317](772)" classname="tests.AddFurnitureLeadTest" time="0.0">
    <skipped message="Cannot invoke &quot;com.microsoft.playwright.Page.locator(String)&quot; because &quot;this.page&quot; is null"/>
  </testcase>
  <testcase name="addLeadForBasicFurnitureLead[Godrej, Krishna, Patel, +235, Walkin, IVRS, Execution, Civil, Wants luxury and premium finish #222](773)" classname="tests.AddFurnitureLeadTest" time="0.0">
    <skipped message="Cannot invoke &quot;com.microsoft.playwright.Page.locator(String)&quot; because &quot;this.page&quot; is null"/>
  </testcase>
  <testcase name="addLeadForBasicFurnitureLead[Lofy Home Store, Viren, Dave, +242, Walkin, IVRS, Execution, Electrical, Prefers compact designs #373](774)" classname="tests.AddFurnitureLeadTest" time="0.0">
    <skipped message="Cannot invoke &quot;com.microsoft.playwright.Page.locator(String)&quot; because &quot;this.page&quot; is null"/>
  </testcase>
  <testcase name="addLeadForBasicFurnitureLead[Haworth, Neha, Modi, +20, Walkin, IVRS, Execution, Finishing only, Repeat customer inquiry #247](775)" classname="tests.AddFurnitureLeadTest" time="0.0">
    <skipped message="Cannot invoke &quot;com.microsoft.playwright.Page.locator(String)&quot; because &quot;this.page&quot; is null"/>
  </testcase>
  <testcase name="addLeadForBasicFurnitureLead[Lofy Interior Solutions, Mehul, Dave, +256, Walkin, IVRS, Design only, 2D/3D Layouts, Wants kids&apos; room furniture #340](776)" classname="tests.AddFurnitureLeadTest" time="0.0">
    <skipped message="Cannot invoke &quot;com.microsoft.playwright.Page.locator(String)&quot; because &quot;this.page&quot; is null"/>
  </testcase>
  <testcase name="addLeadForBasicFurnitureLead[Stanley - SLN, Krishna, Shukla, +244, Walkin, IVRS, Design only, Material Selection, Prefers compact designs #329](777)" classname="tests.AddFurnitureLeadTest" time="0.0">
    <skipped message="Cannot invoke &quot;com.microsoft.playwright.Page.locator(String)&quot; because &quot;this.page&quot; is null"/>
  </testcase>
  <testcase name="addLeadForBasicFurnitureLead[Stanley - SBC, Krishna, Soni, +258, Walkin, Google, Living, Sofa, Interested in outdoor furniture #77](778)" classname="tests.AddFurnitureLeadTest" time="0.0">
    <skipped message="Cannot invoke &quot;com.microsoft.playwright.Page.locator(String)&quot; because &quot;this.page&quot; is null"/>
  </testcase>
  <testcase name="addLeadForBasicFurnitureLead[Godrej, Hetal, Doshi, +230, Walkin, Google, Living, Recliner, Looking for leather finish #424](779)" classname="tests.AddFurnitureLeadTest" time="0.0">
    <skipped message="Cannot invoke &quot;com.microsoft.playwright.Page.locator(String)&quot; because &quot;this.page&quot; is null"/>
  </testcase>
  <testcase name="addLeadForBasicFurnitureLead[Lofy Home Store, Karan, Choksi, +244, Walkin, Google, Living, Coffee Table, Payment flexibility needed #457](780)" classname="tests.AddFurnitureLeadTest" time="0.0">
    <skipped message="Cannot invoke &quot;com.microsoft.playwright.Page.locator(String)&quot; because &quot;this.page&quot; is null"/>
  </testcase>
  <testcase name="addLeadForBasicFurnitureLead[Haworth, Aarav, Vyas, +32, Walkin, Google, Living, TV Unit, Customer referred by friend #28](781)" classname="tests.AddFurnitureLeadTest" time="0.0">
    <skipped message="Cannot invoke &quot;com.microsoft.playwright.Page.locator(String)&quot; because &quot;this.page&quot; is null"/>
  </testcase>
  <testcase name="addLeadForBasicFurnitureLead[Lofy Interior Solutions, Karan, Kapoor, +237, Walkin, Google, Dining, Dining Table, Interested in modern furniture #330](782)" classname="tests.AddFurnitureLeadTest" time="0.0">
    <skipped message="Cannot invoke &quot;com.microsoft.playwright.Page.locator(String)&quot; because &quot;this.page&quot; is null"/>
  </testcase>
  <testcase name="addLeadForBasicFurnitureLead[Stanley - SLN, Kavya, Thakkar, +257, Walkin, Google, Dining, Chairs, Interested in seasonal discount #81](783)" classname="tests.AddFurnitureLeadTest" time="0.0">
    <skipped message="Cannot invoke &quot;com.microsoft.playwright.Page.locator(String)&quot; because &quot;this.page&quot; is null"/>
  </testcase>
  <testcase name="addLeadForBasicFurnitureLead[Stanley - SBC, Rishi, Soni, +243, Walkin, Google, Dining, Bench, Request for free installation #435](784)" classname="tests.AddFurnitureLeadTest" time="0.0">
    <skipped message="Cannot invoke &quot;com.microsoft.playwright.Page.locator(String)&quot; because &quot;this.page&quot; is null"/>
  </testcase>
  <testcase name="addLeadForBasicFurnitureLead[Godrej, Karan, Mehta, +20, Walkin, Google, BedRoom, Bed, Enquiring about warranty period #437](785)" classname="tests.AddFurnitureLeadTest" time="0.0">
    <skipped message="Cannot invoke &quot;com.microsoft.playwright.Page.locator(String)&quot; because &quot;this.page&quot; is null"/>
  </testcase>
  <testcase name="addLeadForBasicFurnitureLead[Lofy Home Store, Mehul, Mehta, +222, Walkin, Google, BedRoom, Side Table, Enquiring about warranty period #446](786)" classname="tests.AddFurnitureLeadTest" time="0.0">
    <skipped message="Cannot invoke &quot;com.microsoft.playwright.Page.locator(String)&quot; because &quot;this.page&quot; is null"/>
  </testcase>
  <testcase name="addLeadForBasicFurnitureLead[Haworth, Rohit, Bhatt, +258, Walkin, Google, BedRoom, Dressing, Need delivery within a week #39](787)" classname="tests.AddFurnitureLeadTest" time="0.0">
    <skipped message="Cannot invoke &quot;com.microsoft.playwright.Page.locator(String)&quot; because &quot;this.page&quot; is null"/>
  </testcase>
  <testcase name="addLeadForBasicFurnitureLead[Lofy Interior Solutions, Rohit, Gandhi, +234, Walkin, Google, BedRoom, Mattress, Wants matching dining set #252](788)" classname="tests.AddFurnitureLeadTest" time="0.0">
    <skipped message="Cannot invoke &quot;com.microsoft.playwright.Page.locator(String)&quot; because &quot;this.page&quot; is null"/>
  </testcase>
  <testcase name="addLeadForBasicFurnitureLead[Stanley - SLN, Priya, Gandhi, +33, Walkin, Google, Study, Study Table, Looking for office furniture #124](789)" classname="tests.AddFurnitureLeadTest" time="0.0">
    <skipped message="Cannot invoke &quot;com.microsoft.playwright.Page.locator(String)&quot; because &quot;this.page&quot; is null"/>
  </testcase>
  <testcase name="addLeadForBasicFurnitureLead[Stanley - SBC, Pooja, Joshi, +57, Walkin, Google, Study, Chairs, Looking for office furniture #497](790)" classname="tests.AddFurnitureLeadTest" time="0.0">
    <skipped message="Cannot invoke &quot;com.microsoft.playwright.Page.locator(String)&quot; because &quot;this.page&quot; is null"/>
  </testcase>
  <testcase name="addLeadForBasicFurnitureLead[Godrej, Mehul, Bhatt, +231, Walkin, Google, Study, Library Unit, First-time buyer #26](791)" classname="tests.AddFurnitureLeadTest" time="0.0">
    <skipped message="Cannot invoke &quot;com.microsoft.playwright.Page.locator(String)&quot; because &quot;this.page&quot; is null"/>
  </testcase>
  <testcase name="addLeadForBasicFurnitureLead[Lofy Home Store, Rina, Doshi, +53, Walkin, Google, Kitchen, Modular, Request for free installation #115](792)" classname="tests.AddFurnitureLeadTest" time="0.0">
    <skipped message="Cannot invoke &quot;com.microsoft.playwright.Page.locator(String)&quot; because &quot;this.page&quot; is null"/>
  </testcase>
  <testcase name="addLeadForBasicFurnitureLead[Haworth, Dhruv, Joshi, +238, Walkin, Google, Kitchen, Semi-Modular, Payment flexibility needed #330](793)" classname="tests.AddFurnitureLeadTest" time="0.0">
    <skipped message="Cannot invoke &quot;com.microsoft.playwright.Page.locator(String)&quot; because &quot;this.page&quot; is null"/>
  </testcase>
  <testcase name="addLeadForBasicFurnitureLead[Lofy Interior Solutions, Rina, Patel, +98, Walkin, Google, Kitchen, Countertop, Interested in outdoor furniture #207](794)" classname="tests.AddFurnitureLeadTest" time="0.0">
    <skipped message="Cannot invoke &quot;com.microsoft.playwright.Page.locator(String)&quot; because &quot;this.page&quot; is null"/>
  </testcase>
  <testcase name="addLeadForBasicFurnitureLead[Stanley - SLN, Karan, Modi, +231, Walkin, Google, Kitchen, Appliances, Looking for leather finish #121](795)" classname="tests.AddFurnitureLeadTest" time="0.0">
    <skipped message="Cannot invoke &quot;com.microsoft.playwright.Page.locator(String)&quot; because &quot;this.page&quot; is null"/>
  </testcase>
  <testcase name="addLeadForBasicFurnitureLead[Stanley - SBC, Jigar, Thakkar, +81, Walkin, Google, Wardrobes, Sliding, Prefers wooden furniture #236](796)" classname="tests.AddFurnitureLeadTest" time="0.0">
    <skipped message="Cannot invoke &quot;com.microsoft.playwright.Page.locator(String)&quot; because &quot;this.page&quot; is null"/>
  </testcase>
  <testcase name="addLeadForBasicFurnitureLead[Godrej, Anjali, Mehta, +86, Walkin, Google, Wardrobes, Hinged, Prefers eco-friendly material #411](797)" classname="tests.AddFurnitureLeadTest" time="0.0">
    <skipped message="Cannot invoke &quot;com.microsoft.playwright.Page.locator(String)&quot; because &quot;this.page&quot; is null"/>
  </testcase>
  <testcase name="addLeadForBasicFurnitureLead[Lofy Home Store, Neha, Choksi, +57, Walkin, Google, Wardrobes, Walk-in, Looking for EMI options #230](798)" classname="tests.AddFurnitureLeadTest" time="0.0">
    <skipped message="Cannot invoke &quot;com.microsoft.playwright.Page.locator(String)&quot; because &quot;this.page&quot; is null"/>
  </testcase>
  <testcase name="addLeadForBasicFurnitureLead[Haworth, Nirav, Bhatt, +231, Walkin, Google, Office, WorkStations, Prefers wooden furniture #439](799)" classname="tests.AddFurnitureLeadTest" time="0.0">
    <skipped message="Cannot invoke &quot;com.microsoft.playwright.Page.locator(String)&quot; because &quot;this.page&quot; is null"/>
  </testcase>
  <testcase name="addLeadForBasicFurnitureLead[Lofy Interior Solutions, Rina, Dave, +81, Walkin, Google, Office, Conference Table, Enquiring about warranty period #229](800)" classname="tests.AddFurnitureLeadTest" time="0.0">
    <skipped message="Cannot invoke &quot;com.microsoft.playwright.Page.locator(String)&quot; because &quot;this.page&quot; is null"/>
  </testcase>
  <testcase name="addLeadForBasicFurnitureLead[Stanley - SLN, Sonal, Shah, +243, Walkin, Google, Office, Cabin Setup, Looking for office furniture #61](801)" classname="tests.AddFurnitureLeadTest" time="0.0">
    <skipped message="Cannot invoke &quot;com.microsoft.playwright.Page.locator(String)&quot; because &quot;this.page&quot; is null"/>
  </testcase>
  <testcase name="addLeadForBasicFurnitureLead[Stanley - SBC, Bhavna, Dave, +218, Walkin, Google, Outdoor, Patio, Enquiring about warranty period #382](802)" classname="tests.AddFurnitureLeadTest" time="0.0">
    <skipped message="Cannot invoke &quot;com.microsoft.playwright.Page.locator(String)&quot; because &quot;this.page&quot; is null"/>
  </testcase>
  <testcase name="addLeadForBasicFurnitureLead[Godrej, Priya, Trivedi, +48, Walkin, Google, Outdoor, Swing, Visited showroom last week #10](803)" classname="tests.AddFurnitureLeadTest" time="0.0">
    <skipped message="Cannot invoke &quot;com.microsoft.playwright.Page.locator(String)&quot; because &quot;this.page&quot; is null"/>
  </testcase>
  <testcase name="addLeadForBasicFurnitureLead[Lofy Home Store, Mehul, Modi, +82, Walkin, Google, Outdoor, Garden Seating, Wants luxury and premium finish #207](804)" classname="tests.AddFurnitureLeadTest" time="0.0">
    <skipped message="Cannot invoke &quot;com.microsoft.playwright.Page.locator(String)&quot; because &quot;this.page&quot; is null"/>
  </testcase>
  <testcase name="addLeadForBasicFurnitureLead[Haworth, Pooja, Mehta, +225, Walkin, Google, Turkey Solution, Full Home Package(Design + Execution + Furniture), Checking modular kitchen options #19](805)" classname="tests.AddFurnitureLeadTest" time="0.0">
    <skipped message="Cannot invoke &quot;com.microsoft.playwright.Page.locator(String)&quot; because &quot;this.page&quot; is null"/>
  </testcase>
  <testcase name="addLeadForBasicFurnitureLead[Lofy Interior Solutions, Jigar, Modi, +231, Walkin, Google, Project Management Consultancy, Project Advisory, Payment flexibility needed #282](806)" classname="tests.AddFurnitureLeadTest" time="0.0">
    <skipped message="Cannot invoke &quot;com.microsoft.playwright.Page.locator(String)&quot; because &quot;this.page&quot; is null"/>
  </testcase>
  <testcase name="addLeadForBasicFurnitureLead[Stanley - SLN, Mehul, Gandhi, +238, Walkin, Google, Project Management Consultancy, Costing, Interested in modern furniture #423](807)" classname="tests.AddFurnitureLeadTest" time="0.0">
    <skipped message="Cannot invoke &quot;com.microsoft.playwright.Page.locator(String)&quot; because &quot;this.page&quot; is null"/>
  </testcase>
  <testcase name="addLeadForBasicFurnitureLead[Stanley - SBC, Jigar, Bhatt, +241, Walkin, Google, Project Management Consultancy, Vendor Management, Prefers wooden furniture #406](808)" classname="tests.AddFurnitureLeadTest" time="0.0">
    <skipped message="Cannot invoke &quot;com.microsoft.playwright.Page.locator(String)&quot; because &quot;this.page&quot; is null"/>
  </testcase>
  <testcase name="addLeadForBasicFurnitureLead[Godrej, Nirav, Parikh, +43, Walkin, Google, Execution, Carpentry, Customer referred by friend #494](809)" classname="tests.AddFurnitureLeadTest" time="0.0">
    <skipped message="Cannot invoke &quot;com.microsoft.playwright.Page.locator(String)&quot; because &quot;this.page&quot; is null"/>
  </testcase>
  <testcase name="addLeadForBasicFurnitureLead[Lofy Home Store, Aarav, Soni, +32, Walkin, Google, Execution, Civil, Customer referred by friend #327](810)" classname="tests.AddFurnitureLeadTest" time="0.0">
    <skipped message="Cannot invoke &quot;com.microsoft.playwright.Page.locator(String)&quot; because &quot;this.page&quot; is null"/>
  </testcase>
  <testcase name="addLeadForBasicFurnitureLead[Haworth, Priya, Gandhi, +61, Walkin, Google, Execution, Electrical, Requesting bulk order discount #456](811)" classname="tests.AddFurnitureLeadTest" time="0.0">
    <skipped message="Cannot invoke &quot;com.microsoft.playwright.Page.locator(String)&quot; because &quot;this.page&quot; is null"/>
  </testcase>
  <testcase name="addLeadForBasicFurnitureLead[Lofy Interior Solutions, Nirav, Dave, +221, Walkin, Google, Execution, Finishing only, Request for free installation #288](812)" classname="tests.AddFurnitureLeadTest" time="0.0">
    <skipped message="Cannot invoke &quot;com.microsoft.playwright.Page.locator(String)&quot; because &quot;this.page&quot; is null"/>
  </testcase>
  <testcase name="addLeadForBasicFurnitureLead[Stanley - SLN, Nirav, Mehta, +230, Walkin, Google, Design only, 2D/3D Layouts, Asking for custom designs #336](813)" classname="tests.AddFurnitureLeadTest" time="0.0">
    <skipped message="Cannot invoke &quot;com.microsoft.playwright.Page.locator(String)&quot; because &quot;this.page&quot; is null"/>
  </testcase>
  <testcase name="addLeadForBasicFurnitureLead[Stanley - SBC, Hetal, Soni, +47, Walkin, Google, Design only, Material Selection, Prefers compact designs #234](814)" classname="tests.AddFurnitureLeadTest" time="0.0">
    <skipped message="Cannot invoke &quot;com.microsoft.playwright.Page.locator(String)&quot; because &quot;this.page&quot; is null"/>
  </testcase>
  <testcase name="addLeadForBasicFurnitureLead[Godrej, Anjali, Patel, +51, Walkin, Email, Living, Sofa, Looking for office furniture #187](815)" classname="tests.AddFurnitureLeadTest" time="0.0">
    <skipped message="Cannot invoke &quot;com.microsoft.playwright.Page.locator(String)&quot; because &quot;this.page&quot; is null"/>
  </testcase>
  <testcase name="addLeadForBasicFurnitureLead[Lofy Home Store, Hetal, Shukla, +230, Walkin, Email, Living, Recliner, Looking for leather finish #28](816)" classname="tests.AddFurnitureLeadTest" time="0.0">
    <skipped message="Cannot invoke &quot;com.microsoft.playwright.Page.locator(String)&quot; because &quot;this.page&quot; is null"/>
  </testcase>
  <testcase name="addLeadForBasicFurnitureLead[Haworth, Karan, Modi, +56, Walkin, Email, Living, Coffee Table, Looking for leather finish #115](817)" classname="tests.AddFurnitureLeadTest" time="0.0">
    <skipped message="Cannot invoke &quot;com.microsoft.playwright.Page.locator(String)&quot; because &quot;this.page&quot; is null"/>
  </testcase>
  <testcase name="addLeadForBasicFurnitureLead[Lofy Interior Solutions, Rishi, Modi, +82, Walkin, Email, Living, TV Unit, Checking stock availability #233](818)" classname="tests.AddFurnitureLeadTest" time="0.0">
    <skipped message="Cannot invoke &quot;com.microsoft.playwright.Page.locator(String)&quot; because &quot;this.page&quot; is null"/>
  </testcase>
  <testcase name="addLeadForBasicFurnitureLead[Stanley - SLN, Mehul, Mehta, +40, Walkin, Email, Dining, Dining Table, Looking for office furniture #287](819)" classname="tests.AddFurnitureLeadTest" time="0.0">
    <skipped message="Cannot invoke &quot;com.microsoft.playwright.Page.locator(String)&quot; because &quot;this.page&quot; is null"/>
  </testcase>
  <testcase name="addLeadForBasicFurnitureLead[Stanley - SBC, Bhavna, Shah, +30, Walkin, Email, Dining, Chairs, Wants matching dining set #318](820)" classname="tests.AddFurnitureLeadTest" time="0.0">
    <skipped message="Cannot invoke &quot;com.microsoft.playwright.Page.locator(String)&quot; because &quot;this.page&quot; is null"/>
  </testcase>
  <testcase name="addLeadForBasicFurnitureLead[Godrej, Viren, Bhatt, +53, Walkin, Email, Dining, Bench, Customer referred by friend #243](821)" classname="tests.AddFurnitureLeadTest" time="0.0">
    <skipped message="Cannot invoke &quot;com.microsoft.playwright.Page.locator(String)&quot; because &quot;this.page&quot; is null"/>
  </testcase>
  <testcase name="addLeadForBasicFurnitureLead[Lofy Home Store, Nirav, Vyas, +218, Walkin, Email, BedRoom, Bed, Looking for space-saving solutions #337](822)" classname="tests.AddFurnitureLeadTest" time="0.0">
    <skipped message="Cannot invoke &quot;com.microsoft.playwright.Page.locator(String)&quot; because &quot;this.page&quot; is null"/>
  </testcase>
  <testcase name="addLeadForBasicFurnitureLead[Haworth, Priya, Trivedi, +84, Walkin, Email, BedRoom, Side Table, Wants kids&apos; room furniture #367](823)" classname="tests.AddFurnitureLeadTest" time="0.0">
    <skipped message="Cannot invoke &quot;com.microsoft.playwright.Page.locator(String)&quot; because &quot;this.page&quot; is null"/>
  </testcase>
  <testcase name="addLeadForBasicFurnitureLead[Lofy Interior Solutions, Aarav, Doshi, +86, Walkin, Email, BedRoom, Dressing, Prefers eco-friendly material #59](824)" classname="tests.AddFurnitureLeadTest" time="0.0">
    <skipped message="Cannot invoke &quot;com.microsoft.playwright.Page.locator(String)&quot; because &quot;this.page&quot; is null"/>
  </testcase>
  <testcase name="addLeadForBasicFurnitureLead[Stanley - SLN, Krishna, Choksi, +93, Walkin, Email, BedRoom, Mattress, Wants luxury and premium finish #389](825)" classname="tests.AddFurnitureLeadTest" time="0.0">
    <skipped message="Cannot invoke &quot;com.microsoft.playwright.Page.locator(String)&quot; because &quot;this.page&quot; is null"/>
  </testcase>
  <testcase name="addLeadForBasicFurnitureLead[Stanley - SBC, Rina, Thakkar, +252, Walkin, Email, Study, Study Table, Prefers compact designs #114](826)" classname="tests.AddFurnitureLeadTest" time="0.0">
    <skipped message="Cannot invoke &quot;com.microsoft.playwright.Page.locator(String)&quot; because &quot;this.page&quot; is null"/>
  </testcase>
  <testcase name="addLeadForBasicFurnitureLead[Godrej, Rohit, Parikh, +47, Walkin, Email, Study, Chairs, Interested in modern furniture #175](827)" classname="tests.AddFurnitureLeadTest" time="0.0">
    <skipped message="Cannot invoke &quot;com.microsoft.playwright.Page.locator(String)&quot; because &quot;this.page&quot; is null"/>
  </testcase>
  <testcase name="addLeadForBasicFurnitureLead[Lofy Home Store, Aarav, Patel, +66, Walkin, Email, Study, Library Unit, Wants kids&apos; room furniture #425](828)" classname="tests.AddFurnitureLeadTest" time="0.0">
    <skipped message="Cannot invoke &quot;com.microsoft.playwright.Page.locator(String)&quot; because &quot;this.page&quot; is null"/>
  </testcase>
  <testcase name="addLeadForBasicFurnitureLead[Haworth, Mehul, Gandhi, +44, Walkin, Email, Kitchen, Modular, Visited showroom last week #494](829)" classname="tests.AddFurnitureLeadTest" time="0.0">
    <skipped message="Cannot invoke &quot;com.microsoft.playwright.Page.locator(String)&quot; because &quot;this.page&quot; is null"/>
  </testcase>
  <testcase name="addLeadForBasicFurnitureLead[Lofy Interior Solutions, Kavya, Modi, +228, Walkin, Email, Kitchen, Semi-Modular, Asking for fabric color options #150](830)" classname="tests.AddFurnitureLeadTest" time="0.0">
    <skipped message="Cannot invoke &quot;com.microsoft.playwright.Page.locator(String)&quot; because &quot;this.page&quot; is null"/>
  </testcase>
  <testcase name="addLeadForBasicFurnitureLead[Stanley - SLN, Mehul, Gandhi, +54, Walkin, Email, Kitchen, Countertop, Payment flexibility needed #268](831)" classname="tests.AddFurnitureLeadTest" time="0.0">
    <skipped message="Cannot invoke &quot;com.microsoft.playwright.Page.locator(String)&quot; because &quot;this.page&quot; is null"/>
  </testcase>
  <testcase name="addLeadForBasicFurnitureLead[Stanley - SBC, Anjali, Modi, +94, Walkin, Email, Kitchen, Appliances, Wants kids&apos; room furniture #360](832)" classname="tests.AddFurnitureLeadTest" time="0.0">
    <skipped message="Cannot invoke &quot;com.microsoft.playwright.Page.locator(String)&quot; because &quot;this.page&quot; is null"/>
  </testcase>
  <testcase name="addLeadForBasicFurnitureLead[Godrej, Bhavna, Doshi, +256, Walkin, Email, Wardrobes, Sliding, Wants luxury and premium finish #24](833)" classname="tests.AddFurnitureLeadTest" time="0.0">
    <skipped message="Cannot invoke &quot;com.microsoft.playwright.Page.locator(String)&quot; because &quot;this.page&quot; is null"/>
  </testcase>
  <testcase name="addLeadForBasicFurnitureLead[Lofy Home Store, Rina, Vyas, +248, Walkin, Email, Wardrobes, Hinged, Requesting catalog #85](834)" classname="tests.AddFurnitureLeadTest" time="0.0">
    <skipped message="Cannot invoke &quot;com.microsoft.playwright.Page.locator(String)&quot; because &quot;this.page&quot; is null"/>
  </testcase>
  <testcase name="addLeadForBasicFurnitureLead[Haworth, Bhavna, Choksi, +223, Walkin, Email, Wardrobes, Walk-in, Enquiring about warranty period #72](835)" classname="tests.AddFurnitureLeadTest" time="0.0">
    <skipped message="Cannot invoke &quot;com.microsoft.playwright.Page.locator(String)&quot; because &quot;this.page&quot; is null"/>
  </testcase>
  <testcase name="addLeadForBasicFurnitureLead[Lofy Interior Solutions, Bhavna, Bhatt, +220, Walkin, Email, Office, WorkStations, Looking for leather finish #368](836)" classname="tests.AddFurnitureLeadTest" time="0.0">
    <skipped message="Cannot invoke &quot;com.microsoft.playwright.Page.locator(String)&quot; because &quot;this.page&quot; is null"/>
  </testcase>
  <testcase name="addLeadForBasicFurnitureLead[Stanley - SLN, Hetal, Raval, +47, Walkin, Email, Office, Conference Table, Interested in sofa sets #370](837)" classname="tests.AddFurnitureLeadTest" time="0.0">
    <skipped message="Cannot invoke &quot;com.microsoft.playwright.Page.locator(String)&quot; because &quot;this.page&quot; is null"/>
  </testcase>
  <testcase name="addLeadForBasicFurnitureLead[Stanley - SBC, Pooja, Shukla, +63, Walkin, Email, Office, Cabin Setup, Checking modular kitchen options #55](838)" classname="tests.AddFurnitureLeadTest" time="0.0">
    <skipped message="Cannot invoke &quot;com.microsoft.playwright.Page.locator(String)&quot; because &quot;this.page&quot; is null"/>
  </testcase>
  <testcase name="addLeadForBasicFurnitureLead[Godrej, Rishi, Mehta, +216, Walkin, Email, Outdoor, Patio, First-time buyer #313](839)" classname="tests.AddFurnitureLeadTest" time="0.0">
    <skipped message="Cannot invoke &quot;com.microsoft.playwright.Page.locator(String)&quot; because &quot;this.page&quot; is null"/>
  </testcase>
  <testcase name="addLeadForBasicFurnitureLead[Lofy Home Store, Krishna, Modi, +66, Walkin, Email, Outdoor, Swing, Asking for custom designs #97](840)" classname="tests.AddFurnitureLeadTest" time="0.0">
    <skipped message="Cannot invoke &quot;com.microsoft.playwright.Page.locator(String)&quot; because &quot;this.page&quot; is null"/>
  </testcase>
  <testcase name="addLeadForBasicFurnitureLead[Haworth, Kavya, Doshi, +244, Walkin, Email, Outdoor, Garden Seating, Wants luxury and premium finish #477](841)" classname="tests.AddFurnitureLeadTest" time="0.0">
    <skipped message="Cannot invoke &quot;com.microsoft.playwright.Page.locator(String)&quot; because &quot;this.page&quot; is null"/>
  </testcase>
  <testcase name="addLeadForBasicFurnitureLead[Lofy Interior Solutions, Priya, Choksi, +253, Walkin, Email, Turkey Solution, Full Home Package(Design + Execution + Furniture), Checking stock availability #202](842)" classname="tests.AddFurnitureLeadTest" time="0.0">
    <skipped message="Cannot invoke &quot;com.microsoft.playwright.Page.locator(String)&quot; because &quot;this.page&quot; is null"/>
  </testcase>
  <testcase name="addLeadForBasicFurnitureLead[Stanley - SLN, Rishi, Patel, +62, Walkin, Email, Project Management Consultancy, Project Advisory, Asking for custom designs #235](843)" classname="tests.AddFurnitureLeadTest" time="0.0">
    <skipped message="Cannot invoke &quot;com.microsoft.playwright.Page.locator(String)&quot; because &quot;this.page&quot; is null"/>
  </testcase>
  <testcase name="addLeadForBasicFurnitureLead[Stanley - SBC, Bhavna, Shukla, +45, Walkin, Email, Project Management Consultancy, Costing, Looking for leather finish #401](844)" classname="tests.AddFurnitureLeadTest" time="0.0">
    <skipped message="Cannot invoke &quot;com.microsoft.playwright.Page.locator(String)&quot; because &quot;this.page&quot; is null"/>
  </testcase>
  <testcase name="addLeadForBasicFurnitureLead[Godrej, Sonal, Gandhi, +51, Walkin, Email, Project Management Consultancy, Vendor Management, Asking for custom designs #367](845)" classname="tests.AddFurnitureLeadTest" time="0.0">
    <skipped message="Cannot invoke &quot;com.microsoft.playwright.Page.locator(String)&quot; because &quot;this.page&quot; is null"/>
  </testcase>
  <testcase name="addLeadForBasicFurnitureLead[Lofy Home Store, Bhavna, Joshi, +234, Walkin, Email, Execution, Carpentry, Looking for office furniture #56](846)" classname="tests.AddFurnitureLeadTest" time="0.0">
    <skipped message="Cannot invoke &quot;com.microsoft.playwright.Page.locator(String)&quot; because &quot;this.page&quot; is null"/>
  </testcase>
  <testcase name="addLeadForBasicFurnitureLead[Haworth, Kavya, Shah, +45, Walkin, Email, Execution, Civil, Wants matching dining set #213](847)" classname="tests.AddFurnitureLeadTest" time="0.0">
    <skipped message="Cannot invoke &quot;com.microsoft.playwright.Page.locator(String)&quot; because &quot;this.page&quot; is null"/>
  </testcase>
  <testcase name="addLeadForBasicFurnitureLead[Lofy Interior Solutions, Rina, Doshi, +248, Walkin, Email, Execution, Electrical, Looking for budget-friendly options #475](848)" classname="tests.AddFurnitureLeadTest" time="0.0">
    <skipped message="Cannot invoke &quot;com.microsoft.playwright.Page.locator(String)&quot; because &quot;this.page&quot; is null"/>
  </testcase>
  <testcase name="addLeadForBasicFurnitureLead[Stanley - SLN, Rishi, Joshi, +47, Walkin, Email, Execution, Finishing only, Visited showroom last week #429](849)" classname="tests.AddFurnitureLeadTest" time="0.0">
    <skipped message="Cannot invoke &quot;com.microsoft.playwright.Page.locator(String)&quot; because &quot;this.page&quot; is null"/>
  </testcase>
  <testcase name="addLeadForBasicFurnitureLead[Stanley - SBC, Mina, Patel, +228, Walkin, Email, Design only, 2D/3D Layouts, Prefers compact designs #302](850)" classname="tests.AddFurnitureLeadTest" time="0.0">
    <skipped message="Cannot invoke &quot;com.microsoft.playwright.Page.locator(String)&quot; because &quot;this.page&quot; is null"/>
  </testcase>
  <testcase name="addLeadForBasicFurnitureLead[Godrej, Rishi, Bhatt, +260, Walkin, Email, Design only, Material Selection, Wants luxury and premium finish #396](851)" classname="tests.AddFurnitureLeadTest" time="0.0">
    <skipped message="Cannot invoke &quot;com.microsoft.playwright.Page.locator(String)&quot; because &quot;this.page&quot; is null"/>
  </testcase>
  <testcase name="addLeadForBasicFurnitureLead[Lofy Home Store, Anjali, Patel, +238, Walkin, WhatsApp, Living, Sofa, Requesting catalog #231](852)" classname="tests.AddFurnitureLeadTest" time="0.0">
    <skipped message="Cannot invoke &quot;com.microsoft.playwright.Page.locator(String)&quot; because &quot;this.page&quot; is null"/>
  </testcase>
  <testcase name="addLeadForBasicFurnitureLead[Haworth, Dhruv, Desai, +63, Walkin, WhatsApp, Living, Recliner, Prefers eco-friendly material #338](853)" classname="tests.AddFurnitureLeadTest" time="0.0">
    <skipped message="Cannot invoke &quot;com.microsoft.playwright.Page.locator(String)&quot; because &quot;this.page&quot; is null"/>
  </testcase>
  <testcase name="addLeadForBasicFurnitureLead[Lofy Interior Solutions, Rishi, Desai, +226, Walkin, WhatsApp, Living, Coffee Table, Looking for EMI options #490](854)" classname="tests.AddFurnitureLeadTest" time="0.0">
    <skipped message="Cannot invoke &quot;com.microsoft.playwright.Page.locator(String)&quot; because &quot;this.page&quot; is null"/>
  </testcase>
  <testcase name="addLeadForBasicFurnitureLead[Stanley - SLN, Rohit, Soni, +242, Walkin, WhatsApp, Living, TV Unit, Request for free installation #69](855)" classname="tests.AddFurnitureLeadTest" time="0.0">
    <skipped message="Cannot invoke &quot;com.microsoft.playwright.Page.locator(String)&quot; because &quot;this.page&quot; is null"/>
  </testcase>
  <testcase name="addLeadForBasicFurnitureLead[Stanley - SBC, Aarav, Dave, +240, Walkin, WhatsApp, Dining, Dining Table, Enquiring about warranty period #3](856)" classname="tests.AddFurnitureLeadTest" time="0.0">
    <skipped message="Cannot invoke &quot;com.microsoft.playwright.Page.locator(String)&quot; because &quot;this.page&quot; is null"/>
  </testcase>
  <testcase name="addLeadForBasicFurnitureLead[Godrej, Priya, Shah, +243, Walkin, WhatsApp, Dining, Chairs, Request for free installation #377](857)" classname="tests.AddFurnitureLeadTest" time="0.0">
    <skipped message="Cannot invoke &quot;com.microsoft.playwright.Page.locator(String)&quot; because &quot;this.page&quot; is null"/>
  </testcase>
  <testcase name="addLeadForBasicFurnitureLead[Lofy Home Store, Karan, Patel, +92, Walkin, WhatsApp, Dining, Bench, Looking for budget-friendly options #284](858)" classname="tests.AddFurnitureLeadTest" time="0.0">
    <skipped message="Cannot invoke &quot;com.microsoft.playwright.Page.locator(String)&quot; because &quot;this.page&quot; is null"/>
  </testcase>
  <testcase name="addLeadForBasicFurnitureLead[Haworth, Priya, Chaudhary, +257, Walkin, WhatsApp, BedRoom, Bed, Interested in seasonal discount #222](859)" classname="tests.AddFurnitureLeadTest" time="0.0">
    <skipped message="Cannot invoke &quot;com.microsoft.playwright.Page.locator(String)&quot; because &quot;this.page&quot; is null"/>
  </testcase>
  <testcase name="addLeadForBasicFurnitureLead[Lofy Interior Solutions, Bhavna, Doshi, +244, Walkin, WhatsApp, BedRoom, Side Table, Looking for leather finish #300](860)" classname="tests.AddFurnitureLeadTest" time="0.0">
    <skipped message="Cannot invoke &quot;com.microsoft.playwright.Page.locator(String)&quot; because &quot;this.page&quot; is null"/>
  </testcase>
  <testcase name="addLeadForBasicFurnitureLead[Stanley - SLN, Krishna, Doshi, +235, Walkin, WhatsApp, BedRoom, Dressing, Enquiring about warranty period #474](861)" classname="tests.AddFurnitureLeadTest" time="0.0">
    <skipped message="Cannot invoke &quot;com.microsoft.playwright.Page.locator(String)&quot; because &quot;this.page&quot; is null"/>
  </testcase>
  <testcase name="addLeadForBasicFurnitureLead[Stanley - SBC, Sonal, Mehta, +33, Walkin, WhatsApp, BedRoom, Mattress, Request for free installation #400](862)" classname="tests.AddFurnitureLeadTest" time="0.0">
    <skipped message="Cannot invoke &quot;com.microsoft.playwright.Page.locator(String)&quot; because &quot;this.page&quot; is null"/>
  </testcase>
  <testcase name="addLeadForBasicFurnitureLead[Godrej, Nirav, Raval, +235, Walkin, WhatsApp, Study, Study Table, Interested in seasonal discount #467](863)" classname="tests.AddFurnitureLeadTest" time="0.0">
    <skipped message="Cannot invoke &quot;com.microsoft.playwright.Page.locator(String)&quot; because &quot;this.page&quot; is null"/>
  </testcase>
  <testcase name="addLeadForBasicFurnitureLead[Lofy Home Store, Rina, Bhatt, +242, Walkin, WhatsApp, Study, Chairs, Need delivery within a week #355](864)" classname="tests.AddFurnitureLeadTest" time="0.0">
    <skipped message="Cannot invoke &quot;com.microsoft.playwright.Page.locator(String)&quot; because &quot;this.page&quot; is null"/>
  </testcase>
  <testcase name="addLeadForBasicFurnitureLead[Haworth, Aarav, Trivedi, +229, Walkin, WhatsApp, Study, Library Unit, Looking for EMI options #89](865)" classname="tests.AddFurnitureLeadTest" time="0.0">
    <skipped message="Cannot invoke &quot;com.microsoft.playwright.Page.locator(String)&quot; because &quot;this.page&quot; is null"/>
  </testcase>
  <testcase name="addLeadForBasicFurnitureLead[Lofy Interior Solutions, Neha, Shah, +20, Walkin, WhatsApp, Kitchen, Modular, Interested in sofa sets #418](866)" classname="tests.AddFurnitureLeadTest" time="0.0">
    <skipped message="Cannot invoke &quot;com.microsoft.playwright.Page.locator(String)&quot; because &quot;this.page&quot; is null"/>
  </testcase>
  <testcase name="addLeadForBasicFurnitureLead[Stanley - SLN, Rishi, Raval, +1, Walkin, WhatsApp, Kitchen, Semi-Modular, Urgent requirement #54](867)" classname="tests.AddFurnitureLeadTest" time="0.0">
    <skipped message="Cannot invoke &quot;com.microsoft.playwright.Page.locator(String)&quot; because &quot;this.page&quot; is null"/>
  </testcase>
  <testcase name="addLeadForBasicFurnitureLead[Stanley - SBC, Rina, Shah, +36, Walkin, WhatsApp, Kitchen, Countertop, Interested in outdoor furniture #337](868)" classname="tests.AddFurnitureLeadTest" time="0.0">
    <skipped message="Cannot invoke &quot;com.microsoft.playwright.Page.locator(String)&quot; because &quot;this.page&quot; is null"/>
  </testcase>
  <testcase name="addLeadForBasicFurnitureLead[Godrej, Mehul, Mehta, +95, Walkin, WhatsApp, Kitchen, Appliances, Customer referred by friend #311](869)" classname="tests.AddFurnitureLeadTest" time="0.0">
    <skipped message="Cannot invoke &quot;com.microsoft.playwright.Page.locator(String)&quot; because &quot;this.page&quot; is null"/>
  </testcase>
  <testcase name="addLeadForBasicFurnitureLead[Lofy Home Store, Mina, Bhatt, +33, Walkin, WhatsApp, Wardrobes, Sliding, Requesting catalog #165](870)" classname="tests.AddFurnitureLeadTest" time="0.0">
    <skipped message="Cannot invoke &quot;com.microsoft.playwright.Page.locator(String)&quot; because &quot;this.page&quot; is null"/>
  </testcase>
  <testcase name="addLeadForBasicFurnitureLead[Haworth, Aarav, Thakkar, +230, Walkin, WhatsApp, Wardrobes, Hinged, Request for free installation #452](871)" classname="tests.AddFurnitureLeadTest" time="0.0">
    <skipped message="Cannot invoke &quot;com.microsoft.playwright.Page.locator(String)&quot; because &quot;this.page&quot; is null"/>
  </testcase>
  <testcase name="addLeadForBasicFurnitureLead[Lofy Interior Solutions, Hetal, Desai, +221, Walkin, WhatsApp, Wardrobes, Walk-in, Interested in outdoor furniture #215](872)" classname="tests.AddFurnitureLeadTest" time="0.0">
    <skipped message="Cannot invoke &quot;com.microsoft.playwright.Page.locator(String)&quot; because &quot;this.page&quot; is null"/>
  </testcase>
  <testcase name="addLeadForBasicFurnitureLead[Stanley - SLN, Jigar, Mehta, +47, Walkin, WhatsApp, Office, WorkStations, Customer referred by friend #469](873)" classname="tests.AddFurnitureLeadTest" time="0.0">
    <skipped message="Cannot invoke &quot;com.microsoft.playwright.Page.locator(String)&quot; because &quot;this.page&quot; is null"/>
  </testcase>
  <testcase name="addLeadForBasicFurnitureLead[Stanley - SBC, Priya, Thakkar, +213, Walkin, WhatsApp, Office, Conference Table, Looking for space-saving solutions #391](874)" classname="tests.AddFurnitureLeadTest" time="0.0">
    <skipped message="Cannot invoke &quot;com.microsoft.playwright.Page.locator(String)&quot; because &quot;this.page&quot; is null"/>
  </testcase>
  <testcase name="addLeadForBasicFurnitureLead[Godrej, Aarav, Gandhi, +213, Walkin, WhatsApp, Office, Cabin Setup, Repeat customer inquiry #141](875)" classname="tests.AddFurnitureLeadTest" time="0.0">
    <skipped message="Cannot invoke &quot;com.microsoft.playwright.Page.locator(String)&quot; because &quot;this.page&quot; is null"/>
  </testcase>
  <testcase name="addLeadForBasicFurnitureLead[Lofy Home Store, Bhavna, Bhatt, +257, Walkin, WhatsApp, Outdoor, Patio, Interested in outdoor furniture #494](876)" classname="tests.AddFurnitureLeadTest" time="0.0">
    <skipped message="Cannot invoke &quot;com.microsoft.playwright.Page.locator(String)&quot; because &quot;this.page&quot; is null"/>
  </testcase>
  <testcase name="addLeadForBasicFurnitureLead[Haworth, Mehul, Doshi, +95, Walkin, WhatsApp, Outdoor, Swing, Looking for office furniture #497](877)" classname="tests.AddFurnitureLeadTest" time="0.0">
    <skipped message="Cannot invoke &quot;com.microsoft.playwright.Page.locator(String)&quot; because &quot;this.page&quot; is null"/>
  </testcase>
  <testcase name="addLeadForBasicFurnitureLead[Lofy Interior Solutions, Priya, Joshi, +238, Walkin, WhatsApp, Outdoor, Garden Seating, Requesting bulk order discount #232](878)" classname="tests.AddFurnitureLeadTest" time="0.0">
    <skipped message="Cannot invoke &quot;com.microsoft.playwright.Page.locator(String)&quot; because &quot;this.page&quot; is null"/>
  </testcase>
  <testcase name="addLeadForBasicFurnitureLead[Stanley - SLN, Aarav, Kapoor, +46, Walkin, WhatsApp, Turkey Solution, Full Home Package(Design + Execution + Furniture), Asking for fabric color options #69](879)" classname="tests.AddFurnitureLeadTest" time="0.0">
    <skipped message="Cannot invoke &quot;com.microsoft.playwright.Page.locator(String)&quot; because &quot;this.page&quot; is null"/>
  </testcase>
  <testcase name="addLeadForBasicFurnitureLead[Stanley - SBC, Hetal, Raval, +1, Walkin, WhatsApp, Project Management Consultancy, Project Advisory, Urgent requirement #212](880)" classname="tests.AddFurnitureLeadTest" time="0.0">
    <skipped message="Cannot invoke &quot;com.microsoft.playwright.Page.locator(String)&quot; because &quot;this.page&quot; is null"/>
  </testcase>
  <testcase name="addLeadForBasicFurnitureLead[Godrej, Dhruv, Desai, +229, Walkin, WhatsApp, Project Management Consultancy, Costing, Customer referred by friend #359](881)" classname="tests.AddFurnitureLeadTest" time="0.0">
    <skipped message="Cannot invoke &quot;com.microsoft.playwright.Page.locator(String)&quot; because &quot;this.page&quot; is null"/>
  </testcase>
  <testcase name="addLeadForBasicFurnitureLead[Lofy Home Store, Rohit, Joshi, +213, Walkin, WhatsApp, Project Management Consultancy, Vendor Management, Requesting catalog #384](882)" classname="tests.AddFurnitureLeadTest" time="0.0">
    <skipped message="Cannot invoke &quot;com.microsoft.playwright.Page.locator(String)&quot; because &quot;this.page&quot; is null"/>
  </testcase>
  <testcase name="addLeadForBasicFurnitureLead[Haworth, Nirav, Shah, +228, Walkin, WhatsApp, Execution, Carpentry, Request for free installation #154](883)" classname="tests.AddFurnitureLeadTest" time="0.0">
    <skipped message="Cannot invoke &quot;com.microsoft.playwright.Page.locator(String)&quot; because &quot;this.page&quot; is null"/>
  </testcase>
  <testcase name="addLeadForBasicFurnitureLead[Lofy Interior Solutions, Hetal, Mehta, +81, Walkin, WhatsApp, Execution, Civil, Looking for leather finish #360](884)" classname="tests.AddFurnitureLeadTest" time="0.0">
    <skipped message="Cannot invoke &quot;com.microsoft.playwright.Page.locator(String)&quot; because &quot;this.page&quot; is null"/>
  </testcase>
  <testcase name="addLeadForBasicFurnitureLead[Stanley - SLN, Rohit, Desai, +44, Walkin, WhatsApp, Execution, Electrical, Payment flexibility needed #441](885)" classname="tests.AddFurnitureLeadTest" time="0.0">
    <skipped message="Cannot invoke &quot;com.microsoft.playwright.Page.locator(String)&quot; because &quot;this.page&quot; is null"/>
  </testcase>
  <testcase name="addLeadForBasicFurnitureLead[Stanley - SBC, Rohit, Thakkar, +254, Walkin, WhatsApp, Execution, Finishing only, Looking for office furniture #365](886)" classname="tests.AddFurnitureLeadTest" time="0.0">
    <skipped message="Cannot invoke &quot;com.microsoft.playwright.Page.locator(String)&quot; because &quot;this.page&quot; is null"/>
  </testcase>
  <testcase name="addLeadForBasicFurnitureLead[Godrej, Dhruv, Soni, +20, Walkin, WhatsApp, Design only, 2D/3D Layouts, Interested in sofa sets #479](887)" classname="tests.AddFurnitureLeadTest" time="0.0">
    <skipped message="Cannot invoke &quot;com.microsoft.playwright.Page.locator(String)&quot; because &quot;this.page&quot; is null"/>
  </testcase>
  <testcase name="addLeadForBasicFurnitureLead[Lofy Home Store, Jigar, Joshi, +34, Walkin, WhatsApp, Design only, Material Selection, Payment flexibility needed #324](888)" classname="tests.AddFurnitureLeadTest" time="0.0">
    <skipped message="Cannot invoke &quot;com.microsoft.playwright.Page.locator(String)&quot; because &quot;this.page&quot; is null"/>
  </testcase>
  <testcase name="addLeadForBasicFurnitureLead[Haworth, Bhavna, Joshi, +30, Walkin, Direct-Walkin, Living, Sofa, Asking for custom designs #103](889)" classname="tests.AddFurnitureLeadTest" time="0.0">
    <skipped message="Cannot invoke &quot;com.microsoft.playwright.Page.locator(String)&quot; because &quot;this.page&quot; is null"/>
  </testcase>
  <testcase name="addLeadForBasicFurnitureLead[Lofy Interior Solutions, Mehul, Dave, +256, Walkin, Direct-Walkin, Living, Recliner, Asking for custom designs #320](890)" classname="tests.AddFurnitureLeadTest" time="0.0">
    <skipped message="Cannot invoke &quot;com.microsoft.playwright.Page.locator(String)&quot; because &quot;this.page&quot; is null"/>
  </testcase>
  <testcase name="addLeadForBasicFurnitureLead[Stanley - SLN, Karan, Mehta, +31, Walkin, Direct-Walkin, Living, Coffee Table, Looking for space-saving solutions #149](891)" classname="tests.AddFurnitureLeadTest" time="0.0">
    <skipped message="Cannot invoke &quot;com.microsoft.playwright.Page.locator(String)&quot; because &quot;this.page&quot; is null"/>
  </testcase>
  <testcase name="addLeadForBasicFurnitureLead[Stanley - SBC, Rohit, Shah, +61, Walkin, Direct-Walkin, Living, TV Unit, Prefers compact designs #177](892)" classname="tests.AddFurnitureLeadTest" time="0.0">
    <skipped message="Cannot invoke &quot;com.microsoft.playwright.Page.locator(String)&quot; because &quot;this.page&quot; is null"/>
  </testcase>
  <testcase name="addLeadForBasicFurnitureLead[Godrej, Krishna, Doshi, +33, Walkin, Direct-Walkin, Dining, Dining Table, Interested in seasonal discount #345](893)" classname="tests.AddFurnitureLeadTest" time="0.0">
    <skipped message="Cannot invoke &quot;com.microsoft.playwright.Page.locator(String)&quot; because &quot;this.page&quot; is null"/>
  </testcase>
  <testcase name="addLeadForBasicFurnitureLead[Lofy Home Store, Sonal, Shukla, +84, Walkin, Direct-Walkin, Dining, Chairs, Urgent requirement #364](894)" classname="tests.AddFurnitureLeadTest" time="0.0">
    <skipped message="Cannot invoke &quot;com.microsoft.playwright.Page.locator(String)&quot; because &quot;this.page&quot; is null"/>
  </testcase>
  <testcase name="addLeadForBasicFurnitureLead[Haworth, Rina, Chaudhary, +243, Walkin, Direct-Walkin, Dining, Bench, Visited showroom last week #500](895)" classname="tests.AddFurnitureLeadTest" time="0.0">
    <skipped message="Cannot invoke &quot;com.microsoft.playwright.Page.locator(String)&quot; because &quot;this.page&quot; is null"/>
  </testcase>
  <testcase name="addLeadForBasicFurnitureLead[Lofy Interior Solutions, Aarav, Gandhi, +246, Walkin, Direct-Walkin, BedRoom, Bed, Need delivery within a week #258](896)" classname="tests.AddFurnitureLeadTest" time="0.0">
    <skipped message="Cannot invoke &quot;com.microsoft.playwright.Page.locator(String)&quot; because &quot;this.page&quot; is null"/>
  </testcase>
  <testcase name="addLeadForBasicFurnitureLead[Stanley - SLN, Jigar, Joshi, +86, Walkin, Direct-Walkin, BedRoom, Side Table, Payment flexibility needed #356](897)" classname="tests.AddFurnitureLeadTest" time="0.0">
    <skipped message="Cannot invoke &quot;com.microsoft.playwright.Page.locator(String)&quot; because &quot;this.page&quot; is null"/>
  </testcase>
  <testcase name="addLeadForBasicFurnitureLead[Stanley - SBC, Pooja, Desai, +236, Walkin, Direct-Walkin, BedRoom, Dressing, Visited showroom last week #166](898)" classname="tests.AddFurnitureLeadTest" time="0.0">
    <skipped message="Cannot invoke &quot;com.microsoft.playwright.Page.locator(String)&quot; because &quot;this.page&quot; is null"/>
  </testcase>
  <testcase name="addLeadForBasicFurnitureLead[Godrej, Anjali, Gandhi, +86, Walkin, Direct-Walkin, BedRoom, Mattress, Looking for space-saving solutions #60](899)" classname="tests.AddFurnitureLeadTest" time="0.0">
    <skipped message="Cannot invoke &quot;com.microsoft.playwright.Page.locator(String)&quot; because &quot;this.page&quot; is null"/>
  </testcase>
  <testcase name="addLeadForBasicFurnitureLead[Lofy Home Store, Bhavna, Shukla, +241, Walkin, Direct-Walkin, Study, Study Table, Wants matching dining set #181](900)" classname="tests.AddFurnitureLeadTest" time="0.0">
    <skipped message="Cannot invoke &quot;com.microsoft.playwright.Page.locator(String)&quot; because &quot;this.page&quot; is null"/>
  </testcase>
  <testcase name="addLeadForBasicFurnitureLead[Haworth, Rina, Joshi, +256, Walkin, Direct-Walkin, Study, Chairs, Payment flexibility needed #246](901)" classname="tests.AddFurnitureLeadTest" time="0.0">
    <skipped message="Cannot invoke &quot;com.microsoft.playwright.Page.locator(String)&quot; because &quot;this.page&quot; is null"/>
  </testcase>
  <testcase name="addLeadForBasicFurnitureLead[Lofy Interior Solutions, Pooja, Patel, +233, Walkin, Direct-Walkin, Study, Library Unit, Looking for EMI options #293](902)" classname="tests.AddFurnitureLeadTest" time="0.0">
    <skipped message="Cannot invoke &quot;com.microsoft.playwright.Page.locator(String)&quot; because &quot;this.page&quot; is null"/>
  </testcase>
  <testcase name="addLeadForBasicFurnitureLead[Stanley - SLN, Rishi, Modi, +252, Walkin, Direct-Walkin, Kitchen, Modular, Prefers compact designs #364](903)" classname="tests.AddFurnitureLeadTest" time="0.0">
    <skipped message="Cannot invoke &quot;com.microsoft.playwright.Page.locator(String)&quot; because &quot;this.page&quot; is null"/>
  </testcase>
  <testcase name="addLeadForBasicFurnitureLead[Stanley - SBC, Sonal, Raval, +237, Walkin, Direct-Walkin, Kitchen, Semi-Modular, Checking modular kitchen options #346](904)" classname="tests.AddFurnitureLeadTest" time="0.0">
    <skipped message="Cannot invoke &quot;com.microsoft.playwright.Page.locator(String)&quot; because &quot;this.page&quot; is null"/>
  </testcase>
  <testcase name="addLeadForBasicFurnitureLead[Godrej, Dhruv, Vyas, +222, Walkin, Direct-Walkin, Kitchen, Countertop, Interested in sofa sets #458](905)" classname="tests.AddFurnitureLeadTest" time="0.0">
    <skipped message="Cannot invoke &quot;com.microsoft.playwright.Page.locator(String)&quot; because &quot;this.page&quot; is null"/>
  </testcase>
  <testcase name="addLeadForBasicFurnitureLead[Lofy Home Store, Mina, Shukla, +86, Walkin, Direct-Walkin, Kitchen, Appliances, Looking for leather finish #274](906)" classname="tests.AddFurnitureLeadTest" time="0.0">
    <skipped message="Cannot invoke &quot;com.microsoft.playwright.Page.locator(String)&quot; because &quot;this.page&quot; is null"/>
  </testcase>
  <testcase name="addLeadForBasicFurnitureLead[Haworth, Viren, Kapoor, +238, Walkin, Direct-Walkin, Wardrobes, Sliding, Requesting bulk order discount #450](907)" classname="tests.AddFurnitureLeadTest" time="0.0">
    <skipped message="Cannot invoke &quot;com.microsoft.playwright.Page.locator(String)&quot; because &quot;this.page&quot; is null"/>
  </testcase>
  <testcase name="addLeadForBasicFurnitureLead[Lofy Interior Solutions, Pooja, Choksi, +60, Walkin, Direct-Walkin, Wardrobes, Hinged, Checking stock availability #217](908)" classname="tests.AddFurnitureLeadTest" time="0.0">
    <skipped message="Cannot invoke &quot;com.microsoft.playwright.Page.locator(String)&quot; because &quot;this.page&quot; is null"/>
  </testcase>
  <testcase name="addLeadForBasicFurnitureLead[Stanley - SLN, Sonal, Mehta, +261, Walkin, Direct-Walkin, Wardrobes, Walk-in, Asking for fabric color options #7](909)" classname="tests.AddFurnitureLeadTest" time="0.0">
    <skipped message="Cannot invoke &quot;com.microsoft.playwright.Page.locator(String)&quot; because &quot;this.page&quot; is null"/>
  </testcase>
  <testcase name="addLeadForBasicFurnitureLead[Stanley - SBC, Nirav, Trivedi, +229, Walkin, Direct-Walkin, Office, WorkStations, Request for free installation #55](910)" classname="tests.AddFurnitureLeadTest" time="0.0">
    <skipped message="Cannot invoke &quot;com.microsoft.playwright.Page.locator(String)&quot; because &quot;this.page&quot; is null"/>
  </testcase>
  <testcase name="addLeadForBasicFurnitureLead[Godrej, Mehul, Parikh, +221, Walkin, Direct-Walkin, Office, Conference Table, Interested in modern furniture #196](911)" classname="tests.AddFurnitureLeadTest" time="0.0">
    <skipped message="Cannot invoke &quot;com.microsoft.playwright.Page.locator(String)&quot; because &quot;this.page&quot; is null"/>
  </testcase>
  <testcase name="addLeadForBasicFurnitureLead[Lofy Home Store, Sonal, Desai, +237, Walkin, Direct-Walkin, Office, Cabin Setup, Urgent requirement #28](912)" classname="tests.AddFurnitureLeadTest" time="0.0">
    <skipped message="Cannot invoke &quot;com.microsoft.playwright.Page.locator(String)&quot; because &quot;this.page&quot; is null"/>
  </testcase>
  <testcase name="addLeadForBasicFurnitureLead[Haworth, Mehul, Thakkar, +63, Walkin, Direct-Walkin, Outdoor, Patio, Prefers compact designs #29](913)" classname="tests.AddFurnitureLeadTest" time="0.0">
    <skipped message="Cannot invoke &quot;com.microsoft.playwright.Page.locator(String)&quot; because &quot;this.page&quot; is null"/>
  </testcase>
  <testcase name="addLeadForBasicFurnitureLead[Lofy Interior Solutions, Dhruv, Desai, +93, Walkin, Direct-Walkin, Outdoor, Swing, Asking for custom designs #137](914)" classname="tests.AddFurnitureLeadTest" time="0.0">
    <skipped message="Cannot invoke &quot;com.microsoft.playwright.Page.locator(String)&quot; because &quot;this.page&quot; is null"/>
  </testcase>
  <testcase name="addLeadForBasicFurnitureLead[Stanley - SLN, Priya, Soni, +226, Walkin, Direct-Walkin, Outdoor, Garden Seating, Wants matching dining set #403](915)" classname="tests.AddFurnitureLeadTest" time="0.0">
    <skipped message="Cannot invoke &quot;com.microsoft.playwright.Page.locator(String)&quot; because &quot;this.page&quot; is null"/>
  </testcase>
  <testcase name="addLeadForBasicFurnitureLead[Stanley - SBC, Bhavna, Doshi, +238, Walkin, Direct-Walkin, Turkey Solution, Full Home Package(Design + Execution + Furniture), Need delivery within a week #147](916)" classname="tests.AddFurnitureLeadTest" time="0.0">
    <skipped message="Cannot invoke &quot;com.microsoft.playwright.Page.locator(String)&quot; because &quot;this.page&quot; is null"/>
  </testcase>
  <testcase name="addLeadForBasicFurnitureLead[Godrej, Karan, Chaudhary, +66, Walkin, Direct-Walkin, Project Management Consultancy, Project Advisory, Prefers compact designs #129](917)" classname="tests.AddFurnitureLeadTest" time="0.0">
    <skipped message="Cannot invoke &quot;com.microsoft.playwright.Page.locator(String)&quot; because &quot;this.page&quot; is null"/>
  </testcase>
  <testcase name="addLeadForBasicFurnitureLead[Lofy Home Store, Mina, Parikh, +91, Walkin, Direct-Walkin, Project Management Consultancy, Costing, Urgent requirement #430](918)" classname="tests.AddFurnitureLeadTest" time="0.0">
    <skipped message="Cannot invoke &quot;com.microsoft.playwright.Page.locator(String)&quot; because &quot;this.page&quot; is null"/>
  </testcase>
  <testcase name="addLeadForBasicFurnitureLead[Haworth, Karan, Trivedi, +36, Walkin, Direct-Walkin, Project Management Consultancy, Vendor Management, Looking for budget-friendly options #354](919)" classname="tests.AddFurnitureLeadTest" time="0.0">
    <skipped message="Cannot invoke &quot;com.microsoft.playwright.Page.locator(String)&quot; because &quot;this.page&quot; is null"/>
  </testcase>
  <testcase name="addLeadForBasicFurnitureLead[Lofy Interior Solutions, Pooja, Raval, +245, Walkin, Direct-Walkin, Execution, Carpentry, Asking for fabric color options #152](920)" classname="tests.AddFurnitureLeadTest" time="0.0">
    <skipped message="Cannot invoke &quot;com.microsoft.playwright.Page.locator(String)&quot; because &quot;this.page&quot; is null"/>
  </testcase>
  <testcase name="addLeadForBasicFurnitureLead[Stanley - SLN, Dhruv, Choksi, +57, Walkin, Direct-Walkin, Execution, Civil, Asking for custom designs #386](921)" classname="tests.AddFurnitureLeadTest" time="0.0">
    <skipped message="Cannot invoke &quot;com.microsoft.playwright.Page.locator(String)&quot; because &quot;this.page&quot; is null"/>
  </testcase>
  <testcase name="addLeadForBasicFurnitureLead[Stanley - SBC, Dhruv, Chaudhary, +7, Walkin, Direct-Walkin, Execution, Electrical, Payment flexibility needed #17](922)" classname="tests.AddFurnitureLeadTest" time="0.0">
    <skipped message="Cannot invoke &quot;com.microsoft.playwright.Page.locator(String)&quot; because &quot;this.page&quot; is null"/>
  </testcase>
  <testcase name="addLeadForBasicFurnitureLead[Godrej, Aarav, Soni, +55, Walkin, Direct-Walkin, Execution, Finishing only, Wants kids&apos; room furniture #417](923)" classname="tests.AddFurnitureLeadTest" time="0.0">
    <skipped message="Cannot invoke &quot;com.microsoft.playwright.Page.locator(String)&quot; because &quot;this.page&quot; is null"/>
  </testcase>
  <testcase name="addLeadForBasicFurnitureLead[Lofy Home Store, Hetal, Shah, +231, Walkin, Direct-Walkin, Design only, 2D/3D Layouts, Prefers eco-friendly material #53](924)" classname="tests.AddFurnitureLeadTest" time="0.0">
    <skipped message="Cannot invoke &quot;com.microsoft.playwright.Page.locator(String)&quot; because &quot;this.page&quot; is null"/>
  </testcase>
  <testcase name="addLeadForBasicFurnitureLead[Haworth, Anjali, Vyas, +91, Walkin, Direct-Walkin, Design only, Material Selection, Customer referred by friend #445](925)" classname="tests.AddFurnitureLeadTest" time="0.0">
    <skipped message="Cannot invoke &quot;com.microsoft.playwright.Page.locator(String)&quot; because &quot;this.page&quot; is null"/>
  </testcase>
  <testcase name="addLeadForBasicFurnitureLead[Lofy Interior Solutions, Neha, Desai, +62, Print Media, News Paper, Living, Sofa, Prefers compact designs #379](926)" classname="tests.AddFurnitureLeadTest" time="0.0">
    <skipped message="Cannot invoke &quot;com.microsoft.playwright.Page.locator(String)&quot; because &quot;this.page&quot; is null"/>
  </testcase>
  <testcase name="addLeadForBasicFurnitureLead[Stanley - SLN, Pooja, Thakkar, +82, Print Media, News Paper, Living, Recliner, Payment flexibility needed #443](927)" classname="tests.AddFurnitureLeadTest" time="0.0">
    <skipped message="Cannot invoke &quot;com.microsoft.playwright.Page.locator(String)&quot; because &quot;this.page&quot; is null"/>
  </testcase>
  <testcase name="addLeadForBasicFurnitureLead[Stanley - SBC, Pooja, Chaudhary, +238, Print Media, News Paper, Living, Coffee Table, Repeat customer inquiry #381](928)" classname="tests.AddFurnitureLeadTest" time="0.0">
    <skipped message="Cannot invoke &quot;com.microsoft.playwright.Page.locator(String)&quot; because &quot;this.page&quot; is null"/>
  </testcase>
  <testcase name="addLeadForBasicFurnitureLead[Godrej, Mehul, Chaudhary, +65, Print Media, News Paper, Living, TV Unit, Visited showroom last week #288](929)" classname="tests.AddFurnitureLeadTest" time="0.0">
    <skipped message="Cannot invoke &quot;com.microsoft.playwright.Page.locator(String)&quot; because &quot;this.page&quot; is null"/>
  </testcase>
  <testcase name="addLeadForBasicFurnitureLead[Lofy Home Store, Priya, Choksi, +233, Print Media, News Paper, Dining, Dining Table, Interested in outdoor furniture #122](930)" classname="tests.AddFurnitureLeadTest" time="0.0">
    <skipped message="Cannot invoke &quot;com.microsoft.playwright.Page.locator(String)&quot; because &quot;this.page&quot; is null"/>
  </testcase>
  <testcase name="addLeadForBasicFurnitureLead[Haworth, Karan, Choksi, +230, Print Media, News Paper, Dining, Chairs, Request for free installation #402](931)" classname="tests.AddFurnitureLeadTest" time="0.0">
    <skipped message="Cannot invoke &quot;com.microsoft.playwright.Page.locator(String)&quot; because &quot;this.page&quot; is null"/>
  </testcase>
  <testcase name="addLeadForBasicFurnitureLead[Lofy Interior Solutions, Pooja, Shukla, +57, Print Media, News Paper, Dining, Bench, Asking for fabric color options #409](932)" classname="tests.AddFurnitureLeadTest" time="0.0">
    <skipped message="Cannot invoke &quot;com.microsoft.playwright.Page.locator(String)&quot; because &quot;this.page&quot; is null"/>
  </testcase>
  <testcase name="addLeadForBasicFurnitureLead[Stanley - SLN, Krishna, Patel, +221, Print Media, News Paper, BedRoom, Bed, Looking for space-saving solutions #148](933)" classname="tests.AddFurnitureLeadTest" time="0.0">
    <skipped message="Cannot invoke &quot;com.microsoft.playwright.Page.locator(String)&quot; because &quot;this.page&quot; is null"/>
  </testcase>
  <testcase name="addLeadForBasicFurnitureLead[Stanley - SBC, Nirav, Chaudhary, +60, Print Media, News Paper, BedRoom, Side Table, Looking for space-saving solutions #341](934)" classname="tests.AddFurnitureLeadTest" time="0.0">
    <skipped message="Cannot invoke &quot;com.microsoft.playwright.Page.locator(String)&quot; because &quot;this.page&quot; is null"/>
  </testcase>
  <testcase name="addLeadForBasicFurnitureLead[Godrej, Karan, Mehta, +65, Print Media, News Paper, BedRoom, Dressing, Looking for budget-friendly options #475](935)" classname="tests.AddFurnitureLeadTest" time="0.0">
    <skipped message="Cannot invoke &quot;com.microsoft.playwright.Page.locator(String)&quot; because &quot;this.page&quot; is null"/>
  </testcase>
  <testcase name="addLeadForBasicFurnitureLead[Lofy Home Store, Rishi, Trivedi, +49, Print Media, News Paper, BedRoom, Mattress, Interested in outdoor furniture #199](936)" classname="tests.AddFurnitureLeadTest" time="0.0">
    <skipped message="Cannot invoke &quot;com.microsoft.playwright.Page.locator(String)&quot; because &quot;this.page&quot; is null"/>
  </testcase>
  <testcase name="addLeadForBasicFurnitureLead[Haworth, Karan, Soni, +61, Print Media, News Paper, Study, Study Table, Checking modular kitchen options #490](937)" classname="tests.AddFurnitureLeadTest" time="0.0">
    <skipped message="Cannot invoke &quot;com.microsoft.playwright.Page.locator(String)&quot; because &quot;this.page&quot; is null"/>
  </testcase>
  <testcase name="addLeadForBasicFurnitureLead[Lofy Interior Solutions, Neha, Desai, +63, Print Media, News Paper, Study, Chairs, Asking for fabric color options #500](938)" classname="tests.AddFurnitureLeadTest" time="0.0">
    <skipped message="Cannot invoke &quot;com.microsoft.playwright.Page.locator(String)&quot; because &quot;this.page&quot; is null"/>
  </testcase>
  <testcase name="addLeadForBasicFurnitureLead[Stanley - SLN, Bhavna, Joshi, +253, Print Media, News Paper, Study, Library Unit, Prefers compact designs #161](939)" classname="tests.AddFurnitureLeadTest" time="0.0">
    <skipped message="Cannot invoke &quot;com.microsoft.playwright.Page.locator(String)&quot; because &quot;this.page&quot; is null"/>
  </testcase>
  <testcase name="addLeadForBasicFurnitureLead[Stanley - SBC, Rishi, Joshi, +232, Print Media, News Paper, Kitchen, Modular, Payment flexibility needed #28](940)" classname="tests.AddFurnitureLeadTest" time="0.0">
    <skipped message="Cannot invoke &quot;com.microsoft.playwright.Page.locator(String)&quot; because &quot;this.page&quot; is null"/>
  </testcase>
  <testcase name="addLeadForBasicFurnitureLead[Godrej, Anjali, Modi, +52, Print Media, News Paper, Kitchen, Semi-Modular, Interested in modern furniture #381](941)" classname="tests.AddFurnitureLeadTest" time="0.0">
    <skipped message="Cannot invoke &quot;com.microsoft.playwright.Page.locator(String)&quot; because &quot;this.page&quot; is null"/>
  </testcase>
  <testcase name="addLeadForBasicFurnitureLead[Lofy Home Store, Pooja, Gandhi, +47, Print Media, News Paper, Kitchen, Countertop, First-time buyer #104](942)" classname="tests.AddFurnitureLeadTest" time="0.0">
    <skipped message="Cannot invoke &quot;com.microsoft.playwright.Page.locator(String)&quot; because &quot;this.page&quot; is null"/>
  </testcase>
  <testcase name="addLeadForBasicFurnitureLead[Haworth, Mina, Patel, +239, Print Media, News Paper, Kitchen, Appliances, Customer referred by friend #445](943)" classname="tests.AddFurnitureLeadTest" time="0.0">
    <skipped message="Cannot invoke &quot;com.microsoft.playwright.Page.locator(String)&quot; because &quot;this.page&quot; is null"/>
  </testcase>
  <testcase name="addLeadForBasicFurnitureLead[Lofy Interior Solutions, Neha, Choksi, +30, Print Media, News Paper, Wardrobes, Sliding, Wants matching dining set #441](944)" classname="tests.AddFurnitureLeadTest" time="0.0">
    <skipped message="Cannot invoke &quot;com.microsoft.playwright.Page.locator(String)&quot; because &quot;this.page&quot; is null"/>
  </testcase>
  <testcase name="addLeadForBasicFurnitureLead[Stanley - SLN, Rishi, Choksi, +255, Print Media, News Paper, Wardrobes, Hinged, Checking stock availability #227](945)" classname="tests.AddFurnitureLeadTest" time="0.0">
    <skipped message="Cannot invoke &quot;com.microsoft.playwright.Page.locator(String)&quot; because &quot;this.page&quot; is null"/>
  </testcase>
  <testcase name="addLeadForBasicFurnitureLead[Stanley - SBC, Jigar, Dave, +1, Print Media, News Paper, Wardrobes, Walk-in, Looking for leather finish #116](946)" classname="tests.AddFurnitureLeadTest" time="0.0">
    <skipped message="Cannot invoke &quot;com.microsoft.playwright.Page.locator(String)&quot; because &quot;this.page&quot; is null"/>
  </testcase>
  <testcase name="addLeadForBasicFurnitureLead[Godrej, Rohit, Thakkar, +250, Print Media, News Paper, Office, WorkStations, Interested in seasonal discount #325](947)" classname="tests.AddFurnitureLeadTest" time="0.0">
    <skipped message="Cannot invoke &quot;com.microsoft.playwright.Page.locator(String)&quot; because &quot;this.page&quot; is null"/>
  </testcase>
  <testcase name="addLeadForBasicFurnitureLead[Lofy Home Store, Mehul, Mehta, +261, Print Media, News Paper, Office, Conference Table, Looking for space-saving solutions #364](948)" classname="tests.AddFurnitureLeadTest" time="0.0">
    <skipped message="Cannot invoke &quot;com.microsoft.playwright.Page.locator(String)&quot; because &quot;this.page&quot; is null"/>
  </testcase>
  <testcase name="addLeadForBasicFurnitureLead[Haworth, Pooja, Patel, +58, Print Media, News Paper, Office, Cabin Setup, Visited showroom last week #189](949)" classname="tests.AddFurnitureLeadTest" time="0.0">
    <skipped message="Cannot invoke &quot;com.microsoft.playwright.Page.locator(String)&quot; because &quot;this.page&quot; is null"/>
  </testcase>
  <testcase name="addLeadForBasicFurnitureLead[Lofy Interior Solutions, Neha, Patel, +212, Print Media, News Paper, Outdoor, Patio, Wants matching dining set #302](950)" classname="tests.AddFurnitureLeadTest" time="0.0">
    <skipped message="Cannot invoke &quot;com.microsoft.playwright.Page.locator(String)&quot; because &quot;this.page&quot; is null"/>
  </testcase>
  <testcase name="addLeadForBasicFurnitureLead[Stanley - SLN, Aarav, Patel, +251, Print Media, News Paper, Outdoor, Swing, Payment flexibility needed #379](951)" classname="tests.AddFurnitureLeadTest" time="0.0">
    <skipped message="Cannot invoke &quot;com.microsoft.playwright.Page.locator(String)&quot; because &quot;this.page&quot; is null"/>
  </testcase>
  <testcase name="addLeadForBasicFurnitureLead[Stanley - SBC, Rishi, Doshi, +232, Print Media, News Paper, Outdoor, Garden Seating, Customer referred by friend #101](952)" classname="tests.AddFurnitureLeadTest" time="0.0">
    <skipped message="Cannot invoke &quot;com.microsoft.playwright.Page.locator(String)&quot; because &quot;this.page&quot; is null"/>
  </testcase>
  <testcase name="addLeadForBasicFurnitureLead[Godrej, Rishi, Shah, +238, Print Media, News Paper, Turkey Solution, Full Home Package(Design + Execution + Furniture), Wants matching dining set #372](953)" classname="tests.AddFurnitureLeadTest" time="0.0">
    <skipped message="Cannot invoke &quot;com.microsoft.playwright.Page.locator(String)&quot; because &quot;this.page&quot; is null"/>
  </testcase>
  <testcase name="addLeadForBasicFurnitureLead[Lofy Home Store, Karan, Choksi, +20, Print Media, News Paper, Project Management Consultancy, Project Advisory, Asking for custom designs #151](954)" classname="tests.AddFurnitureLeadTest" time="0.0">
    <skipped message="Cannot invoke &quot;com.microsoft.playwright.Page.locator(String)&quot; because &quot;this.page&quot; is null"/>
  </testcase>
  <testcase name="addLeadForBasicFurnitureLead[Haworth, Anjali, Bhatt, +82, Print Media, News Paper, Project Management Consultancy, Costing, Prefers eco-friendly material #91](955)" classname="tests.AddFurnitureLeadTest" time="0.0">
    <skipped message="Cannot invoke &quot;com.microsoft.playwright.Page.locator(String)&quot; because &quot;this.page&quot; is null"/>
  </testcase>
  <testcase name="addLeadForBasicFurnitureLead[Lofy Interior Solutions, Krishna, Trivedi, +260, Print Media, News Paper, Project Management Consultancy, Vendor Management, Prefers compact designs #39](956)" classname="tests.AddFurnitureLeadTest" time="0.0">
    <skipped message="Cannot invoke &quot;com.microsoft.playwright.Page.locator(String)&quot; because &quot;this.page&quot; is null"/>
  </testcase>
  <testcase name="addLeadForBasicFurnitureLead[Stanley - SLN, Karan, Trivedi, +53, Print Media, News Paper, Execution, Carpentry, Need delivery within a week #493](957)" classname="tests.AddFurnitureLeadTest" time="0.0">
    <skipped message="Cannot invoke &quot;com.microsoft.playwright.Page.locator(String)&quot; because &quot;this.page&quot; is null"/>
  </testcase>
  <testcase name="addLeadForBasicFurnitureLead[Stanley - SBC, Rina, Trivedi, +41, Print Media, News Paper, Execution, Civil, Need delivery within a week #377](958)" classname="tests.AddFurnitureLeadTest" time="0.0">
    <skipped message="Cannot invoke &quot;com.microsoft.playwright.Page.locator(String)&quot; because &quot;this.page&quot; is null"/>
  </testcase>
  <testcase name="addLeadForBasicFurnitureLead[Godrej, Priya, Modi, +55, Print Media, News Paper, Execution, Electrical, Request for free installation #62](959)" classname="tests.AddFurnitureLeadTest" time="0.0">
    <skipped message="Cannot invoke &quot;com.microsoft.playwright.Page.locator(String)&quot; because &quot;this.page&quot; is null"/>
  </testcase>
  <testcase name="addLeadForBasicFurnitureLead[Lofy Home Store, Rohit, Trivedi, +98, Print Media, News Paper, Execution, Finishing only, Interested in outdoor furniture #21](960)" classname="tests.AddFurnitureLeadTest" time="0.0">
    <skipped message="Cannot invoke &quot;com.microsoft.playwright.Page.locator(String)&quot; because &quot;this.page&quot; is null"/>
  </testcase>
  <testcase name="addLeadForBasicFurnitureLead[Haworth, Krishna, Patel, +218, Print Media, News Paper, Design only, 2D/3D Layouts, Checking modular kitchen options #143](961)" classname="tests.AddFurnitureLeadTest" time="0.0">
    <skipped message="Cannot invoke &quot;com.microsoft.playwright.Page.locator(String)&quot; because &quot;this.page&quot; is null"/>
  </testcase>
  <testcase name="addLeadForBasicFurnitureLead[Lofy Interior Solutions, Dhruv, Trivedi, +220, Print Media, News Paper, Design only, Material Selection, Payment flexibility needed #136](962)" classname="tests.AddFurnitureLeadTest" time="0.0">
    <skipped message="Cannot invoke &quot;com.microsoft.playwright.Page.locator(String)&quot; because &quot;this.page&quot; is null"/>
  </testcase>
  <testcase name="addLeadForBasicFurnitureLead[Stanley - SLN, Jigar, Trivedi, +63, Print Media, Hoardings, Living, Sofa, Urgent requirement #83](963)" classname="tests.AddFurnitureLeadTest" time="0.0">
    <skipped message="Cannot invoke &quot;com.microsoft.playwright.Page.locator(String)&quot; because &quot;this.page&quot; is null"/>
  </testcase>
  <testcase name="addLeadForBasicFurnitureLead[Stanley - SBC, Karan, Shukla, +257, Print Media, Hoardings, Living, Recliner, Looking for EMI options #434](964)" classname="tests.AddFurnitureLeadTest" time="0.0">
    <skipped message="Cannot invoke &quot;com.microsoft.playwright.Page.locator(String)&quot; because &quot;this.page&quot; is null"/>
  </testcase>
  <testcase name="addLeadForBasicFurnitureLead[Godrej, Anjali, Joshi, +253, Print Media, Hoardings, Living, Coffee Table, First-time buyer #3](965)" classname="tests.AddFurnitureLeadTest" time="0.0">
    <skipped message="Cannot invoke &quot;com.microsoft.playwright.Page.locator(String)&quot; because &quot;this.page&quot; is null"/>
  </testcase>
  <testcase name="addLeadForBasicFurnitureLead[Lofy Home Store, Rohit, Modi, +220, Print Media, Hoardings, Living, TV Unit, Looking for office furniture #239](966)" classname="tests.AddFurnitureLeadTest" time="0.0">
    <skipped message="Cannot invoke &quot;com.microsoft.playwright.Page.locator(String)&quot; because &quot;this.page&quot; is null"/>
  </testcase>
  <testcase name="addLeadForBasicFurnitureLead[Haworth, Rohit, Desai, +240, Print Media, Hoardings, Dining, Dining Table, Looking for space-saving solutions #480](967)" classname="tests.AddFurnitureLeadTest" time="0.0">
    <skipped message="Cannot invoke &quot;com.microsoft.playwright.Page.locator(String)&quot; because &quot;this.page&quot; is null"/>
  </testcase>
  <testcase name="addLeadForBasicFurnitureLead[Lofy Interior Solutions, Rohit, Desai, +251, Print Media, Hoardings, Dining, Chairs, Urgent requirement #21](968)" classname="tests.AddFurnitureLeadTest" time="0.0">
    <skipped message="Cannot invoke &quot;com.microsoft.playwright.Page.locator(String)&quot; because &quot;this.page&quot; is null"/>
  </testcase>
  <testcase name="addLeadForBasicFurnitureLead[Stanley - SLN, Aarav, Bhatt, +52, Print Media, Hoardings, Dining, Bench, Urgent requirement #476](969)" classname="tests.AddFurnitureLeadTest" time="0.0">
    <skipped message="Cannot invoke &quot;com.microsoft.playwright.Page.locator(String)&quot; because &quot;this.page&quot; is null"/>
  </testcase>
  <testcase name="addLeadForBasicFurnitureLead[Stanley - SBC, Mehul, Bhatt, +224, Print Media, Hoardings, BedRoom, Bed, Looking for office furniture #306](970)" classname="tests.AddFurnitureLeadTest" time="0.0">
    <skipped message="Cannot invoke &quot;com.microsoft.playwright.Page.locator(String)&quot; because &quot;this.page&quot; is null"/>
  </testcase>
  <testcase name="addLeadForBasicFurnitureLead[Godrej, Rina, Doshi, +41, Print Media, Hoardings, BedRoom, Side Table, Looking for budget-friendly options #397](971)" classname="tests.AddFurnitureLeadTest" time="0.0">
    <skipped message="Cannot invoke &quot;com.microsoft.playwright.Page.locator(String)&quot; because &quot;this.page&quot; is null"/>
  </testcase>
  <testcase name="addLeadForBasicFurnitureLead[Lofy Home Store, Mina, Kapoor, +58, Print Media, Hoardings, BedRoom, Dressing, Interested in seasonal discount #321](972)" classname="tests.AddFurnitureLeadTest" time="0.0">
    <skipped message="Cannot invoke &quot;com.microsoft.playwright.Page.locator(String)&quot; because &quot;this.page&quot; is null"/>
  </testcase>
  <testcase name="addLeadForBasicFurnitureLead[Haworth, Anjali, Doshi, +31, Print Media, Hoardings, BedRoom, Mattress, Customer referred by friend #432](973)" classname="tests.AddFurnitureLeadTest" time="0.0">
    <skipped message="Cannot invoke &quot;com.microsoft.playwright.Page.locator(String)&quot; because &quot;this.page&quot; is null"/>
  </testcase>
  <testcase name="addLeadForBasicFurnitureLead[Lofy Interior Solutions, Nirav, Mehta, +81, Print Media, Hoardings, Study, Study Table, Prefers compact designs #155](974)" classname="tests.AddFurnitureLeadTest" time="0.0">
    <skipped message="Cannot invoke &quot;com.microsoft.playwright.Page.locator(String)&quot; because &quot;this.page&quot; is null"/>
  </testcase>
  <testcase name="addLeadForBasicFurnitureLead[Stanley - SLN, Bhavna, Dave, +91, Print Media, Hoardings, Study, Chairs, Enquiring about warranty period #405](975)" classname="tests.AddFurnitureLeadTest" time="0.0">
    <skipped message="Cannot invoke &quot;com.microsoft.playwright.Page.locator(String)&quot; because &quot;this.page&quot; is null"/>
  </testcase>
  <testcase name="addLeadForBasicFurnitureLead[Stanley - SBC, Rishi, Raval, +245, Print Media, Hoardings, Study, Library Unit, Looking for EMI options #282](976)" classname="tests.AddFurnitureLeadTest" time="0.0">
    <skipped message="Cannot invoke &quot;com.microsoft.playwright.Page.locator(String)&quot; because &quot;this.page&quot; is null"/>
  </testcase>
  <testcase name="addLeadForBasicFurnitureLead[Godrej, Nirav, Shah, +262, Print Media, Hoardings, Kitchen, Modular, Wants kids&apos; room furniture #38](977)" classname="tests.AddFurnitureLeadTest" time="0.0">
    <skipped message="Cannot invoke &quot;com.microsoft.playwright.Page.locator(String)&quot; because &quot;this.page&quot; is null"/>
  </testcase>
  <testcase name="addLeadForBasicFurnitureLead[Lofy Home Store, Mehul, Trivedi, +36, Print Media, Hoardings, Kitchen, Semi-Modular, Asking for fabric color options #363](978)" classname="tests.AddFurnitureLeadTest" time="0.0">
    <skipped message="Cannot invoke &quot;com.microsoft.playwright.Page.locator(String)&quot; because &quot;this.page&quot; is null"/>
  </testcase>
  <testcase name="addLeadForBasicFurnitureLead[Haworth, Dhruv, Chaudhary, +242, Print Media, Hoardings, Kitchen, Countertop, Looking for office furniture #270](979)" classname="tests.AddFurnitureLeadTest" time="0.0">
    <skipped message="Cannot invoke &quot;com.microsoft.playwright.Page.locator(String)&quot; because &quot;this.page&quot; is null"/>
  </testcase>
  <testcase name="addLeadForBasicFurnitureLead[Lofy Interior Solutions, Nirav, Gandhi, +216, Print Media, Hoardings, Kitchen, Appliances, Repeat customer inquiry #490](980)" classname="tests.AddFurnitureLeadTest" time="0.0">
    <skipped message="Cannot invoke &quot;com.microsoft.playwright.Page.locator(String)&quot; because &quot;this.page&quot; is null"/>
  </testcase>
  <testcase name="addLeadForBasicFurnitureLead[Stanley - SLN, Rohit, Raval, +47, Print Media, Hoardings, Wardrobes, Sliding, Need delivery within a week #267](981)" classname="tests.AddFurnitureLeadTest" time="0.0">
    <skipped message="Cannot invoke &quot;com.microsoft.playwright.Page.locator(String)&quot; because &quot;this.page&quot; is null"/>
  </testcase>
  <testcase name="addLeadForBasicFurnitureLead[Stanley - SBC, Rina, Desai, +95, Print Media, Hoardings, Wardrobes, Hinged, Prefers wooden furniture #403](982)" classname="tests.AddFurnitureLeadTest" time="0.0">
    <skipped message="Cannot invoke &quot;com.microsoft.playwright.Page.locator(String)&quot; because &quot;this.page&quot; is null"/>
  </testcase>
  <testcase name="addLeadForBasicFurnitureLead[Godrej, Jigar, Doshi, +224, Print Media, Hoardings, Wardrobes, Walk-in, Request for free installation #82](983)" classname="tests.AddFurnitureLeadTest" time="0.0">
    <skipped message="Cannot invoke &quot;com.microsoft.playwright.Page.locator(String)&quot; because &quot;this.page&quot; is null"/>
  </testcase>
  <testcase name="addLeadForBasicFurnitureLead[Lofy Home Store, Anjali, Dave, +36, Print Media, Hoardings, Office, WorkStations, Checking modular kitchen options #279](984)" classname="tests.AddFurnitureLeadTest" time="0.0">
    <skipped message="Cannot invoke &quot;com.microsoft.playwright.Page.locator(String)&quot; because &quot;this.page&quot; is null"/>
  </testcase>
  <testcase name="addLeadForBasicFurnitureLead[Haworth, Pooja, Dave, +248, Print Media, Hoardings, Office, Conference Table, Payment flexibility needed #207](985)" classname="tests.AddFurnitureLeadTest" time="0.0">
    <skipped message="Cannot invoke &quot;com.microsoft.playwright.Page.locator(String)&quot; because &quot;this.page&quot; is null"/>
  </testcase>
  <testcase name="addLeadForBasicFurnitureLead[Lofy Interior Solutions, Pooja, Joshi, +92, Print Media, Hoardings, Office, Cabin Setup, Prefers wooden furniture #179](986)" classname="tests.AddFurnitureLeadTest" time="0.0">
    <skipped message="Cannot invoke &quot;com.microsoft.playwright.Page.locator(String)&quot; because &quot;this.page&quot; is null"/>
  </testcase>
  <testcase name="addLeadForBasicFurnitureLead[Stanley - SLN, Karan, Patel, +66, Print Media, Hoardings, Outdoor, Patio, Repeat customer inquiry #453](987)" classname="tests.AddFurnitureLeadTest" time="0.0">
    <skipped message="Cannot invoke &quot;com.microsoft.playwright.Page.locator(String)&quot; because &quot;this.page&quot; is null"/>
  </testcase>
  <testcase name="addLeadForBasicFurnitureLead[Stanley - SBC, Neha, Modi, +61, Print Media, Hoardings, Outdoor, Swing, Asking for custom designs #340](988)" classname="tests.AddFurnitureLeadTest" time="0.0">
    <skipped message="Cannot invoke &quot;com.microsoft.playwright.Page.locator(String)&quot; because &quot;this.page&quot; is null"/>
  </testcase>
  <testcase name="addLeadForBasicFurnitureLead[Godrej, Viren, Desai, +213, Print Media, Hoardings, Outdoor, Garden Seating, Looking for office furniture #170](989)" classname="tests.AddFurnitureLeadTest" time="0.0">
    <skipped message="Cannot invoke &quot;com.microsoft.playwright.Page.locator(String)&quot; because &quot;this.page&quot; is null"/>
  </testcase>
  <testcase name="addLeadForBasicFurnitureLead[Lofy Home Store, Bhavna, Soni, +257, Print Media, Hoardings, Turkey Solution, Full Home Package(Design + Execution + Furniture), Wants kids&apos; room furniture #151](990)" classname="tests.AddFurnitureLeadTest" time="0.0">
    <skipped message="Cannot invoke &quot;com.microsoft.playwright.Page.locator(String)&quot; because &quot;this.page&quot; is null"/>
  </testcase>
  <testcase name="addLeadForBasicFurnitureLead[Haworth, Mehul, Doshi, +249, Print Media, Hoardings, Project Management Consultancy, Project Advisory, Asking for custom designs #487](991)" classname="tests.AddFurnitureLeadTest" time="0.0">
    <skipped message="Cannot invoke &quot;com.microsoft.playwright.Page.locator(String)&quot; because &quot;this.page&quot; is null"/>
  </testcase>
  <testcase name="addLeadForBasicFurnitureLead[Lofy Interior Solutions, Mina, Raval, +63, Print Media, Hoardings, Project Management Consultancy, Costing, Wants matching dining set #317](992)" classname="tests.AddFurnitureLeadTest" time="0.0">
    <skipped message="Cannot invoke &quot;com.microsoft.playwright.Page.locator(String)&quot; because &quot;this.page&quot; is null"/>
  </testcase>
  <testcase name="addLeadForBasicFurnitureLead[Stanley - SLN, Neha, Vyas, +66, Print Media, Hoardings, Project Management Consultancy, Vendor Management, Request for free installation #244](993)" classname="tests.AddFurnitureLeadTest" time="0.0">
    <skipped message="Cannot invoke &quot;com.microsoft.playwright.Page.locator(String)&quot; because &quot;this.page&quot; is null"/>
  </testcase>
  <testcase name="addLeadForBasicFurnitureLead[Stanley - SBC, Krishna, Kapoor, +262, Print Media, Hoardings, Execution, Carpentry, Payment flexibility needed #422](994)" classname="tests.AddFurnitureLeadTest" time="0.0">
    <skipped message="Cannot invoke &quot;com.microsoft.playwright.Page.locator(String)&quot; because &quot;this.page&quot; is null"/>
  </testcase>
  <testcase name="addLeadForBasicFurnitureLead[Godrej, Hetal, Patel, +216, Print Media, Hoardings, Execution, Civil, Wants matching dining set #333](995)" classname="tests.AddFurnitureLeadTest" time="0.0">
    <skipped message="Cannot invoke &quot;com.microsoft.playwright.Page.locator(String)&quot; because &quot;this.page&quot; is null"/>
  </testcase>
  <testcase name="addLeadForBasicFurnitureLead[Lofy Home Store, Sonal, Trivedi, +43, Print Media, Hoardings, Execution, Electrical, Interested in modern furniture #59](996)" classname="tests.AddFurnitureLeadTest" time="0.0">
    <skipped message="Cannot invoke &quot;com.microsoft.playwright.Page.locator(String)&quot; because &quot;this.page&quot; is null"/>
  </testcase>
  <testcase name="addLeadForBasicFurnitureLead[Haworth, Pooja, Mehta, +90, Print Media, Hoardings, Execution, Finishing only, Prefers compact designs #178](997)" classname="tests.AddFurnitureLeadTest" time="0.0">
    <skipped message="Cannot invoke &quot;com.microsoft.playwright.Page.locator(String)&quot; because &quot;this.page&quot; is null"/>
  </testcase>
  <testcase name="addLeadForBasicFurnitureLead[Lofy Interior Solutions, Bhavna, Dave, +66, Print Media, Hoardings, Design only, 2D/3D Layouts, Prefers eco-friendly material #124](998)" classname="tests.AddFurnitureLeadTest" time="0.0">
    <skipped message="Cannot invoke &quot;com.microsoft.playwright.Page.locator(String)&quot; because &quot;this.page&quot; is null"/>
  </testcase>
  <testcase name="addLeadForBasicFurnitureLead[Stanley - SLN, Hetal, Modi, +40, Print Media, Hoardings, Design only, Material Selection, Requesting catalog #329](999)" classname="tests.AddFurnitureLeadTest" time="0.0">
    <skipped message="Cannot invoke &quot;com.microsoft.playwright.Page.locator(String)&quot; because &quot;this.page&quot; is null"/>
  </testcase>
  <testcase name="addLeadForBasicFurnitureLead[Stanley - SBC, Neha, Soni, +226, Print Media, Leaflets, Living, Sofa, Customer referred by friend #471](1000)" classname="tests.AddFurnitureLeadTest" time="0.0">
    <skipped message="Cannot invoke &quot;com.microsoft.playwright.Page.locator(String)&quot; because &quot;this.page&quot; is null"/>
  </testcase>
  <testcase name="addLeadForBasicFurnitureLead[Godrej, Mehul, Raval, +27, Print Media, Leaflets, Living, Recliner, Customer referred by friend #125](1001)" classname="tests.AddFurnitureLeadTest" time="0.0">
    <skipped message="Cannot invoke &quot;com.microsoft.playwright.Page.locator(String)&quot; because &quot;this.page&quot; is null"/>
  </testcase>
  <testcase name="addLeadForBasicFurnitureLead[Lofy Home Store, Viren, Gandhi, +240, Print Media, Leaflets, Living, Coffee Table, Looking for budget-friendly options #350](1002)" classname="tests.AddFurnitureLeadTest" time="0.0">
    <skipped message="Cannot invoke &quot;com.microsoft.playwright.Page.locator(String)&quot; because &quot;this.page&quot; is null"/>
  </testcase>
  <testcase name="addLeadForBasicFurnitureLead[Haworth, Viren, Raval, +246, Print Media, Leaflets, Living, TV Unit, Requesting catalog #165](1003)" classname="tests.AddFurnitureLeadTest" time="0.0">
    <skipped message="Cannot invoke &quot;com.microsoft.playwright.Page.locator(String)&quot; because &quot;this.page&quot; is null"/>
  </testcase>
  <testcase name="addLeadForBasicFurnitureLead[Lofy Interior Solutions, Anjali, Mehta, +216, Print Media, Leaflets, Dining, Dining Table, Interested in outdoor furniture #469](1004)" classname="tests.AddFurnitureLeadTest" time="0.0">
    <skipped message="Cannot invoke &quot;com.microsoft.playwright.Page.locator(String)&quot; because &quot;this.page&quot; is null"/>
  </testcase>
  <testcase name="addLeadForBasicFurnitureLead[Stanley - SLN, Rishi, Bhatt, +221, Print Media, Leaflets, Dining, Chairs, Asking for fabric color options #484](1005)" classname="tests.AddFurnitureLeadTest" time="0.0">
    <skipped message="Cannot invoke &quot;com.microsoft.playwright.Page.locator(String)&quot; because &quot;this.page&quot; is null"/>
  </testcase>
  <testcase name="addLeadForBasicFurnitureLead[Stanley - SBC, Mehul, Dave, +39, Print Media, Leaflets, Dining, Bench, Wants luxury and premium finish #198](1006)" classname="tests.AddFurnitureLeadTest" time="0.0">
    <skipped message="Cannot invoke &quot;com.microsoft.playwright.Page.locator(String)&quot; because &quot;this.page&quot; is null"/>
  </testcase>
  <testcase name="addLeadForBasicFurnitureLead[Godrej, Anjali, Joshi, +236, Print Media, Leaflets, BedRoom, Bed, First-time buyer #277](1007)" classname="tests.AddFurnitureLeadTest" time="0.0">
    <skipped message="Cannot invoke &quot;com.microsoft.playwright.Page.locator(String)&quot; because &quot;this.page&quot; is null"/>
  </testcase>
  <testcase name="addLeadForBasicFurnitureLead[Lofy Home Store, Krishna, Raval, +213, Print Media, Leaflets, BedRoom, Side Table, Interested in sofa sets #145](1008)" classname="tests.AddFurnitureLeadTest" time="0.0">
    <skipped message="Cannot invoke &quot;com.microsoft.playwright.Page.locator(String)&quot; because &quot;this.page&quot; is null"/>
  </testcase>
  <testcase name="addLeadForBasicFurnitureLead[Haworth, Jigar, Desai, +66, Print Media, Leaflets, BedRoom, Dressing, Interested in modern furniture #467](1009)" classname="tests.AddFurnitureLeadTest" time="0.0">
    <skipped message="Cannot invoke &quot;com.microsoft.playwright.Page.locator(String)&quot; because &quot;this.page&quot; is null"/>
  </testcase>
  <testcase name="addLeadForBasicFurnitureLead[Lofy Interior Solutions, Krishna, Vyas, +233, Print Media, Leaflets, BedRoom, Mattress, Request for free installation #421](1010)" classname="tests.AddFurnitureLeadTest" time="0.0">
    <skipped message="Cannot invoke &quot;com.microsoft.playwright.Page.locator(String)&quot; because &quot;this.page&quot; is null"/>
  </testcase>
  <testcase name="addLeadForBasicFurnitureLead[Stanley - SLN, Priya, Patel, +52, Print Media, Leaflets, Study, Study Table, Wants matching dining set #192](1011)" classname="tests.AddFurnitureLeadTest" time="0.0">
    <skipped message="Cannot invoke &quot;com.microsoft.playwright.Page.locator(String)&quot; because &quot;this.page&quot; is null"/>
  </testcase>
  <testcase name="addLeadForBasicFurnitureLead[Stanley - SBC, Rishi, Doshi, +222, Print Media, Leaflets, Study, Chairs, Request for free installation #412](1012)" classname="tests.AddFurnitureLeadTest" time="0.0">
    <skipped message="Cannot invoke &quot;com.microsoft.playwright.Page.locator(String)&quot; because &quot;this.page&quot; is null"/>
  </testcase>
  <testcase name="addLeadForBasicFurnitureLead[Godrej, Kavya, Trivedi, +36, Print Media, Leaflets, Study, Library Unit, Request for free installation #229](1013)" classname="tests.AddFurnitureLeadTest" time="0.0">
    <skipped message="Cannot invoke &quot;com.microsoft.playwright.Page.locator(String)&quot; because &quot;this.page&quot; is null"/>
  </testcase>
  <testcase name="addLeadForBasicFurnitureLead[Lofy Home Store, Krishna, Kapoor, +63, Print Media, Leaflets, Kitchen, Modular, Enquiring about warranty period #23](1014)" classname="tests.AddFurnitureLeadTest" time="0.0">
    <skipped message="Cannot invoke &quot;com.microsoft.playwright.Page.locator(String)&quot; because &quot;this.page&quot; is null"/>
  </testcase>
  <testcase name="addLeadForBasicFurnitureLead[Haworth, Bhavna, Gandhi, +248, Print Media, Leaflets, Kitchen, Semi-Modular, Requesting bulk order discount #460](1015)" classname="tests.AddFurnitureLeadTest" time="0.0">
    <skipped message="Cannot invoke &quot;com.microsoft.playwright.Page.locator(String)&quot; because &quot;this.page&quot; is null"/>
  </testcase>
  <testcase name="addLeadForBasicFurnitureLead[Lofy Interior Solutions, Nirav, Raval, +43, Print Media, Leaflets, Kitchen, Countertop, Visited showroom last week #99](1016)" classname="tests.AddFurnitureLeadTest" time="0.0">
    <skipped message="Cannot invoke &quot;com.microsoft.playwright.Page.locator(String)&quot; because &quot;this.page&quot; is null"/>
  </testcase>
  <testcase name="addLeadForBasicFurnitureLead[Stanley - SLN, Aarav, Joshi, +1, Print Media, Leaflets, Kitchen, Appliances, Looking for office furniture #264](1017)" classname="tests.AddFurnitureLeadTest" time="0.0">
    <skipped message="Cannot invoke &quot;com.microsoft.playwright.Page.locator(String)&quot; because &quot;this.page&quot; is null"/>
  </testcase>
  <testcase name="addLeadForBasicFurnitureLead[Stanley - SBC, Neha, Doshi, +249, Print Media, Leaflets, Wardrobes, Sliding, Prefers wooden furniture #486](1018)" classname="tests.AddFurnitureLeadTest" time="0.0">
    <skipped message="Cannot invoke &quot;com.microsoft.playwright.Page.locator(String)&quot; because &quot;this.page&quot; is null"/>
  </testcase>
  <testcase name="addLeadForBasicFurnitureLead[Godrej, Dhruv, Parikh, +93, Print Media, Leaflets, Wardrobes, Hinged, Wants luxury and premium finish #86](1019)" classname="tests.AddFurnitureLeadTest" time="0.0">
    <skipped message="Cannot invoke &quot;com.microsoft.playwright.Page.locator(String)&quot; because &quot;this.page&quot; is null"/>
  </testcase>
  <testcase name="addLeadForBasicFurnitureLead[Lofy Home Store, Jigar, Trivedi, +224, Print Media, Leaflets, Wardrobes, Walk-in, Wants matching dining set #276](1020)" classname="tests.AddFurnitureLeadTest" time="0.0">
    <skipped message="Cannot invoke &quot;com.microsoft.playwright.Page.locator(String)&quot; because &quot;this.page&quot; is null"/>
  </testcase>
  <testcase name="addLeadForBasicFurnitureLead[Haworth, Bhavna, Dave, +92, Print Media, Leaflets, Office, WorkStations, Payment flexibility needed #4](1021)" classname="tests.AddFurnitureLeadTest" time="0.0">
    <skipped message="Cannot invoke &quot;com.microsoft.playwright.Page.locator(String)&quot; because &quot;this.page&quot; is null"/>
  </testcase>
  <testcase name="addLeadForBasicFurnitureLead[Lofy Interior Solutions, Priya, Patel, +91, Print Media, Leaflets, Office, Conference Table, Visited showroom last week #34](1022)" classname="tests.AddFurnitureLeadTest" time="0.0">
    <skipped message="Cannot invoke &quot;com.microsoft.playwright.Page.locator(String)&quot; because &quot;this.page&quot; is null"/>
  </testcase>
  <testcase name="addLeadForBasicFurnitureLead[Stanley - SLN, Anjali, Mehta, +91, Print Media, Leaflets, Office, Cabin Setup, Asking for custom designs #344](1023)" classname="tests.AddFurnitureLeadTest" time="0.0">
    <skipped message="Cannot invoke &quot;com.microsoft.playwright.Page.locator(String)&quot; because &quot;this.page&quot; is null"/>
  </testcase>
  <testcase name="addLeadForBasicFurnitureLead[Stanley - SBC, Aarav, Trivedi, +258, Print Media, Leaflets, Outdoor, Patio, Visited showroom last week #397](1024)" classname="tests.AddFurnitureLeadTest" time="0.0">
    <skipped message="Cannot invoke &quot;com.microsoft.playwright.Page.locator(String)&quot; because &quot;this.page&quot; is null"/>
  </testcase>
  <testcase name="addLeadForBasicFurnitureLead[Godrej, Jigar, Soni, +63, Print Media, Leaflets, Outdoor, Swing, Asking for custom designs #443](1025)" classname="tests.AddFurnitureLeadTest" time="0.0">
    <skipped message="Cannot invoke &quot;com.microsoft.playwright.Page.locator(String)&quot; because &quot;this.page&quot; is null"/>
  </testcase>
  <testcase name="addLeadForBasicFurnitureLead[Lofy Home Store, Aarav, Vyas, +81, Print Media, Leaflets, Outdoor, Garden Seating, Prefers compact designs #218](1026)" classname="tests.AddFurnitureLeadTest" time="0.0">
    <skipped message="Cannot invoke &quot;com.microsoft.playwright.Page.locator(String)&quot; because &quot;this.page&quot; is null"/>
  </testcase>
  <testcase name="addLeadForBasicFurnitureLead[Haworth, Neha, Vyas, +44, Print Media, Leaflets, Turkey Solution, Full Home Package(Design + Execution + Furniture), Looking for leather finish #54](1027)" classname="tests.AddFurnitureLeadTest" time="0.0">
    <skipped message="Cannot invoke &quot;com.microsoft.playwright.Page.locator(String)&quot; because &quot;this.page&quot; is null"/>
  </testcase>
  <testcase name="addLeadForBasicFurnitureLead[Lofy Interior Solutions, Pooja, Trivedi, +239, Print Media, Leaflets, Project Management Consultancy, Project Advisory, Asking for custom designs #276](1028)" classname="tests.AddFurnitureLeadTest" time="0.0">
    <skipped message="Cannot invoke &quot;com.microsoft.playwright.Page.locator(String)&quot; because &quot;this.page&quot; is null"/>
  </testcase>
  <testcase name="addLeadForBasicFurnitureLead[Stanley - SLN, Krishna, Patel, +240, Print Media, Leaflets, Project Management Consultancy, Costing, Looking for leather finish #360](1029)" classname="tests.AddFurnitureLeadTest" time="0.0">
    <skipped message="Cannot invoke &quot;com.microsoft.playwright.Page.locator(String)&quot; because &quot;this.page&quot; is null"/>
  </testcase>
  <testcase name="addLeadForBasicFurnitureLead[Stanley - SBC, Rina, Desai, +229, Print Media, Leaflets, Project Management Consultancy, Vendor Management, Requesting catalog #500](1030)" classname="tests.AddFurnitureLeadTest" time="0.0">
    <skipped message="Cannot invoke &quot;com.microsoft.playwright.Page.locator(String)&quot; because &quot;this.page&quot; is null"/>
  </testcase>
  <testcase name="addLeadForBasicFurnitureLead[Godrej, Sonal, Joshi, +84, Print Media, Leaflets, Execution, Carpentry, Interested in sofa sets #397](1031)" classname="tests.AddFurnitureLeadTest" time="0.0">
    <skipped message="Cannot invoke &quot;com.microsoft.playwright.Page.locator(String)&quot; because &quot;this.page&quot; is null"/>
  </testcase>
  <testcase name="addLeadForBasicFurnitureLead[Lofy Home Store, Viren, Kapoor, +221, Print Media, Leaflets, Execution, Civil, Checking modular kitchen options #332](1032)" classname="tests.AddFurnitureLeadTest" time="0.0">
    <skipped message="Cannot invoke &quot;com.microsoft.playwright.Page.locator(String)&quot; because &quot;this.page&quot; is null"/>
  </testcase>
  <testcase name="addLeadForBasicFurnitureLead[Haworth, Kavya, Chaudhary, +251, Print Media, Leaflets, Execution, Electrical, Looking for leather finish #482](1033)" classname="tests.AddFurnitureLeadTest" time="0.0">
    <skipped message="Cannot invoke &quot;com.microsoft.playwright.Page.locator(String)&quot; because &quot;this.page&quot; is null"/>
  </testcase>
  <testcase name="addLeadForBasicFurnitureLead[Lofy Interior Solutions, Bhavna, Raval, +64, Print Media, Leaflets, Execution, Finishing only, Prefers wooden furniture #383](1034)" classname="tests.AddFurnitureLeadTest" time="0.0">
    <skipped message="Cannot invoke &quot;com.microsoft.playwright.Page.locator(String)&quot; because &quot;this.page&quot; is null"/>
  </testcase>
  <testcase name="addLeadForBasicFurnitureLead[Stanley - SLN, Rina, Raval, +223, Print Media, Leaflets, Design only, 2D/3D Layouts, Prefers compact designs #79](1035)" classname="tests.AddFurnitureLeadTest" time="0.0">
    <skipped message="Cannot invoke &quot;com.microsoft.playwright.Page.locator(String)&quot; because &quot;this.page&quot; is null"/>
  </testcase>
  <testcase name="addLeadForBasicFurnitureLead[Stanley - SBC, Viren, Joshi, +226, Print Media, Leaflets, Design only, Material Selection, Interested in modern furniture #236](1036)" classname="tests.AddFurnitureLeadTest" time="0.0">
    <skipped message="Cannot invoke &quot;com.microsoft.playwright.Page.locator(String)&quot; because &quot;this.page&quot; is null"/>
  </testcase>
  <testcase name="addLeadForBasicFurnitureLead[Godrej, Viren, Raval, +220, Channel Sales, Channel Partner, Living, Sofa, Looking for space-saving solutions #170](1037)" classname="tests.AddFurnitureLeadTest" time="0.0">
    <skipped message="Cannot invoke &quot;com.microsoft.playwright.Page.locator(String)&quot; because &quot;this.page&quot; is null"/>
  </testcase>
  <testcase name="addLeadForBasicFurnitureLead[Lofy Home Store, Krishna, Modi, +258, Channel Sales, Channel Partner, Living, Recliner, Looking for budget-friendly options #45](1038)" classname="tests.AddFurnitureLeadTest" time="0.0">
    <skipped message="Cannot invoke &quot;com.microsoft.playwright.Page.locator(String)&quot; because &quot;this.page&quot; is null"/>
  </testcase>
  <testcase name="addLeadForBasicFurnitureLead[Haworth, Bhavna, Patel, +30, Channel Sales, Channel Partner, Living, Coffee Table, Prefers wooden furniture #28](1039)" classname="tests.AddFurnitureLeadTest" time="0.0">
    <skipped message="Cannot invoke &quot;com.microsoft.playwright.Page.locator(String)&quot; because &quot;this.page&quot; is null"/>
  </testcase>
  <testcase name="addLeadForBasicFurnitureLead[Lofy Interior Solutions, Rishi, Joshi, +238, Channel Sales, Channel Partner, Living, TV Unit, Need delivery within a week #407](1040)" classname="tests.AddFurnitureLeadTest" time="0.0">
    <skipped message="Cannot invoke &quot;com.microsoft.playwright.Page.locator(String)&quot; because &quot;this.page&quot; is null"/>
  </testcase>
  <testcase name="addLeadForBasicFurnitureLead[Stanley - SLN, Mina, Joshi, +63, Channel Sales, Channel Partner, Dining, Dining Table, First-time buyer #286](1041)" classname="tests.AddFurnitureLeadTest" time="0.0">
    <skipped message="Cannot invoke &quot;com.microsoft.playwright.Page.locator(String)&quot; because &quot;this.page&quot; is null"/>
  </testcase>
  <testcase name="addLeadForBasicFurnitureLead[Stanley - SBC, Aarav, Thakkar, +252, Channel Sales, Channel Partner, Dining, Chairs, Prefers wooden furniture #295](1042)" classname="tests.AddFurnitureLeadTest" time="0.0">
    <skipped message="Cannot invoke &quot;com.microsoft.playwright.Page.locator(String)&quot; because &quot;this.page&quot; is null"/>
  </testcase>
  <testcase name="addLeadForBasicFurnitureLead[Godrej, Rina, Trivedi, +252, Channel Sales, Channel Partner, Dining, Bench, Looking for leather finish #117](1043)" classname="tests.AddFurnitureLeadTest" time="0.0">
    <skipped message="Cannot invoke &quot;com.microsoft.playwright.Page.locator(String)&quot; because &quot;this.page&quot; is null"/>
  </testcase>
  <testcase name="addLeadForBasicFurnitureLead[Lofy Home Store, Jigar, Desai, +93, Channel Sales, Channel Partner, BedRoom, Bed, Interested in seasonal discount #133](1044)" classname="tests.AddFurnitureLeadTest" time="0.0">
    <skipped message="Cannot invoke &quot;com.microsoft.playwright.Page.locator(String)&quot; because &quot;this.page&quot; is null"/>
  </testcase>
  <testcase name="addLeadForBasicFurnitureLead[Haworth, Aarav, Doshi, +7, Channel Sales, Channel Partner, BedRoom, Side Table, Checking modular kitchen options #199](1045)" classname="tests.AddFurnitureLeadTest" time="0.0">
    <skipped message="Cannot invoke &quot;com.microsoft.playwright.Page.locator(String)&quot; because &quot;this.page&quot; is null"/>
  </testcase>
  <testcase name="addLeadForBasicFurnitureLead[Lofy Interior Solutions, Karan, Doshi, +60, Channel Sales, Channel Partner, BedRoom, Dressing, Prefers eco-friendly material #323](1046)" classname="tests.AddFurnitureLeadTest" time="0.0">
    <skipped message="Cannot invoke &quot;com.microsoft.playwright.Page.locator(String)&quot; because &quot;this.page&quot; is null"/>
  </testcase>
  <testcase name="addLeadForBasicFurnitureLead[Stanley - SLN, Pooja, Shukla, +212, Channel Sales, Channel Partner, BedRoom, Mattress, Interested in outdoor furniture #222](1047)" classname="tests.AddFurnitureLeadTest" time="0.0">
    <skipped message="Cannot invoke &quot;com.microsoft.playwright.Page.locator(String)&quot; because &quot;this.page&quot; is null"/>
  </testcase>
  <testcase name="addLeadForBasicFurnitureLead[Stanley - SBC, Krishna, Shah, +256, Channel Sales, Channel Partner, Study, Study Table, Looking for office furniture #9](1048)" classname="tests.AddFurnitureLeadTest" time="0.0">
    <skipped message="Cannot invoke &quot;com.microsoft.playwright.Page.locator(String)&quot; because &quot;this.page&quot; is null"/>
  </testcase>
  <testcase name="addLeadForBasicFurnitureLead[Godrej, Anjali, Shukla, +95, Channel Sales, Channel Partner, Study, Chairs, Interested in outdoor furniture #345](1049)" classname="tests.AddFurnitureLeadTest" time="0.0">
    <skipped message="Cannot invoke &quot;com.microsoft.playwright.Page.locator(String)&quot; because &quot;this.page&quot; is null"/>
  </testcase>
  <testcase name="addLeadForBasicFurnitureLead[Lofy Home Store, Hetal, Raval, +43, Channel Sales, Channel Partner, Study, Library Unit, Wants luxury and premium finish #274](1050)" classname="tests.AddFurnitureLeadTest" time="0.0">
    <skipped message="Cannot invoke &quot;com.microsoft.playwright.Page.locator(String)&quot; because &quot;this.page&quot; is null"/>
  </testcase>
  <testcase name="addLeadForBasicFurnitureLead[Haworth, Aarav, Soni, +39, Channel Sales, Channel Partner, Kitchen, Modular, Interested in modern furniture #329](1051)" classname="tests.AddFurnitureLeadTest" time="0.0">
    <skipped message="Cannot invoke &quot;com.microsoft.playwright.Page.locator(String)&quot; because &quot;this.page&quot; is null"/>
  </testcase>
  <testcase name="addLeadForBasicFurnitureLead[Lofy Interior Solutions, Rohit, Desai, +48, Channel Sales, Channel Partner, Kitchen, Semi-Modular, Interested in sofa sets #317](1052)" classname="tests.AddFurnitureLeadTest" time="0.0">
    <skipped message="Cannot invoke &quot;com.microsoft.playwright.Page.locator(String)&quot; because &quot;this.page&quot; is null"/>
  </testcase>
  <testcase name="addLeadForBasicFurnitureLead[Stanley - SLN, Sonal, Shah, +94, Channel Sales, Channel Partner, Kitchen, Countertop, Prefers wooden furniture #388](1053)" classname="tests.AddFurnitureLeadTest" time="0.0">
    <skipped message="Cannot invoke &quot;com.microsoft.playwright.Page.locator(String)&quot; because &quot;this.page&quot; is null"/>
  </testcase>
  <testcase name="addLeadForBasicFurnitureLead[Stanley - SBC, Mehul, Mehta, +57, Channel Sales, Channel Partner, Kitchen, Appliances, Interested in sofa sets #300](1054)" classname="tests.AddFurnitureLeadTest" time="0.0">
    <skipped message="Cannot invoke &quot;com.microsoft.playwright.Page.locator(String)&quot; because &quot;this.page&quot; is null"/>
  </testcase>
  <testcase name="addLeadForBasicFurnitureLead[Godrej, Dhruv, Parikh, +230, Channel Sales, Channel Partner, Wardrobes, Sliding, Looking for budget-friendly options #359](1055)" classname="tests.AddFurnitureLeadTest" time="0.0">
    <skipped message="Cannot invoke &quot;com.microsoft.playwright.Page.locator(String)&quot; because &quot;this.page&quot; is null"/>
  </testcase>
  <testcase name="addLeadForBasicFurnitureLead[Lofy Home Store, Priya, Trivedi, +260, Channel Sales, Channel Partner, Wardrobes, Hinged, Checking stock availability #38](1056)" classname="tests.AddFurnitureLeadTest" time="0.0">
    <skipped message="Cannot invoke &quot;com.microsoft.playwright.Page.locator(String)&quot; because &quot;this.page&quot; is null"/>
  </testcase>
  <testcase name="addLeadForBasicFurnitureLead[Haworth, Mina, Shah, +34, Channel Sales, Channel Partner, Wardrobes, Walk-in, Wants kids&apos; room furniture #476](1057)" classname="tests.AddFurnitureLeadTest" time="0.0">
    <skipped message="Cannot invoke &quot;com.microsoft.playwright.Page.locator(String)&quot; because &quot;this.page&quot; is null"/>
  </testcase>
  <testcase name="addLeadForBasicFurnitureLead[Lofy Interior Solutions, Rohit, Vyas, +261, Channel Sales, Channel Partner, Office, WorkStations, Request for free installation #55](1058)" classname="tests.AddFurnitureLeadTest" time="0.0">
    <skipped message="Cannot invoke &quot;com.microsoft.playwright.Page.locator(String)&quot; because &quot;this.page&quot; is null"/>
  </testcase>
  <testcase name="addLeadForBasicFurnitureLead[Stanley - SLN, Sonal, Bhatt, +94, Channel Sales, Channel Partner, Office, Conference Table, Requesting bulk order discount #403](1059)" classname="tests.AddFurnitureLeadTest" time="0.0">
    <skipped message="Cannot invoke &quot;com.microsoft.playwright.Page.locator(String)&quot; because &quot;this.page&quot; is null"/>
  </testcase>
  <testcase name="addLeadForBasicFurnitureLead[Stanley - SBC, Karan, Chaudhary, +52, Channel Sales, Channel Partner, Office, Cabin Setup, Prefers compact designs #155](1060)" classname="tests.AddFurnitureLeadTest" time="0.0">
    <skipped message="Cannot invoke &quot;com.microsoft.playwright.Page.locator(String)&quot; because &quot;this.page&quot; is null"/>
  </testcase>
  <testcase name="addLeadForBasicFurnitureLead[Godrej, Kavya, Thakkar, +53, Channel Sales, Channel Partner, Outdoor, Patio, Customer referred by friend #45](1061)" classname="tests.AddFurnitureLeadTest" time="0.0">
    <skipped message="Cannot invoke &quot;com.microsoft.playwright.Page.locator(String)&quot; because &quot;this.page&quot; is null"/>
  </testcase>
  <testcase name="addLeadForBasicFurnitureLead[Lofy Home Store, Dhruv, Mehta, +241, Channel Sales, Channel Partner, Outdoor, Swing, Requesting bulk order discount #392](1062)" classname="tests.AddFurnitureLeadTest" time="0.0">
    <skipped message="Cannot invoke &quot;com.microsoft.playwright.Page.locator(String)&quot; because &quot;this.page&quot; is null"/>
  </testcase>
  <testcase name="addLeadForBasicFurnitureLead[Haworth, Dhruv, Choksi, +61, Channel Sales, Channel Partner, Outdoor, Garden Seating, Interested in seasonal discount #225](1063)" classname="tests.AddFurnitureLeadTest" time="0.0">
    <skipped message="Cannot invoke &quot;com.microsoft.playwright.Page.locator(String)&quot; because &quot;this.page&quot; is null"/>
  </testcase>
  <testcase name="addLeadForBasicFurnitureLead[Lofy Interior Solutions, Kavya, Chaudhary, +54, Channel Sales, Channel Partner, Turkey Solution, Full Home Package(Design + Execution + Furniture), Interested in outdoor furniture #203](1064)" classname="tests.AddFurnitureLeadTest" time="0.0">
    <skipped message="Cannot invoke &quot;com.microsoft.playwright.Page.locator(String)&quot; because &quot;this.page&quot; is null"/>
  </testcase>
  <testcase name="addLeadForBasicFurnitureLead[Stanley - SLN, Sonal, Kapoor, +254, Channel Sales, Channel Partner, Project Management Consultancy, Project Advisory, Looking for leather finish #339](1065)" classname="tests.AddFurnitureLeadTest" time="0.0">
    <skipped message="Cannot invoke &quot;com.microsoft.playwright.Page.locator(String)&quot; because &quot;this.page&quot; is null"/>
  </testcase>
  <testcase name="addLeadForBasicFurnitureLead[Stanley - SBC, Mina, Shah, +27, Channel Sales, Channel Partner, Project Management Consultancy, Costing, Interested in modern furniture #243](1066)" classname="tests.AddFurnitureLeadTest" time="0.0">
    <skipped message="Cannot invoke &quot;com.microsoft.playwright.Page.locator(String)&quot; because &quot;this.page&quot; is null"/>
  </testcase>
  <testcase name="addLeadForBasicFurnitureLead[Godrej, Nirav, Vyas, +245, Channel Sales, Channel Partner, Project Management Consultancy, Vendor Management, Need delivery within a week #274](1067)" classname="tests.AddFurnitureLeadTest" time="0.0">
    <skipped message="Cannot invoke &quot;com.microsoft.playwright.Page.locator(String)&quot; because &quot;this.page&quot; is null"/>
  </testcase>
  <testcase name="addLeadForBasicFurnitureLead[Lofy Home Store, Nirav, Raval, +1, Channel Sales, Channel Partner, Execution, Carpentry, Repeat customer inquiry #70](1068)" classname="tests.AddFurnitureLeadTest" time="0.0">
    <skipped message="Cannot invoke &quot;com.microsoft.playwright.Page.locator(String)&quot; because &quot;this.page&quot; is null"/>
  </testcase>
  <testcase name="addLeadForBasicFurnitureLead[Haworth, Rohit, Trivedi, +81, Channel Sales, Channel Partner, Execution, Civil, Interested in sofa sets #201](1069)" classname="tests.AddFurnitureLeadTest" time="0.0">
    <skipped message="Cannot invoke &quot;com.microsoft.playwright.Page.locator(String)&quot; because &quot;this.page&quot; is null"/>
  </testcase>
  <testcase name="addLeadForBasicFurnitureLead[Lofy Interior Solutions, Krishna, Choksi, +43, Channel Sales, Channel Partner, Execution, Electrical, Asking for fabric color options #409](1070)" classname="tests.AddFurnitureLeadTest" time="0.0">
    <skipped message="Cannot invoke &quot;com.microsoft.playwright.Page.locator(String)&quot; because &quot;this.page&quot; is null"/>
  </testcase>
  <testcase name="addLeadForBasicFurnitureLead[Stanley - SLN, Karan, Thakkar, +92, Channel Sales, Channel Partner, Execution, Finishing only, Checking stock availability #280](1071)" classname="tests.AddFurnitureLeadTest" time="0.0">
    <skipped message="Cannot invoke &quot;com.microsoft.playwright.Page.locator(String)&quot; because &quot;this.page&quot; is null"/>
  </testcase>
  <testcase name="addLeadForBasicFurnitureLead[Stanley - SBC, Aarav, Gandhi, +44, Channel Sales, Channel Partner, Design only, 2D/3D Layouts, Requesting bulk order discount #492](1072)" classname="tests.AddFurnitureLeadTest" time="0.0">
    <skipped message="Cannot invoke &quot;com.microsoft.playwright.Page.locator(String)&quot; because &quot;this.page&quot; is null"/>
  </testcase>
  <testcase name="addLeadForBasicFurnitureLead[Godrej, Bhavna, Modi, +232, Channel Sales, Channel Partner, Design only, Material Selection, Visited showroom last week #74](1073)" classname="tests.AddFurnitureLeadTest" time="0.0">
    <skipped message="Cannot invoke &quot;com.microsoft.playwright.Page.locator(String)&quot; because &quot;this.page&quot; is null"/>
  </testcase>
  <testcase name="addLeadForBasicFurnitureLead[Lofy Home Store, Nirav, Patel, +216, Channel Sales, ACP, Living, Sofa, Requesting bulk order discount #347](1074)" classname="tests.AddFurnitureLeadTest" time="0.0">
    <skipped message="Cannot invoke &quot;com.microsoft.playwright.Page.locator(String)&quot; because &quot;this.page&quot; is null"/>
  </testcase>
  <testcase name="addLeadForBasicFurnitureLead[Haworth, Kavya, Bhatt, +44, Channel Sales, ACP, Living, Recliner, Requesting catalog #469](1075)" classname="tests.AddFurnitureLeadTest" time="0.0">
    <skipped message="Cannot invoke &quot;com.microsoft.playwright.Page.locator(String)&quot; because &quot;this.page&quot; is null"/>
  </testcase>
  <testcase name="addLeadForBasicFurnitureLead[Lofy Interior Solutions, Rina, Raval, +228, Channel Sales, ACP, Living, Coffee Table, Asking for fabric color options #444](1076)" classname="tests.AddFurnitureLeadTest" time="0.0">
    <skipped message="Cannot invoke &quot;com.microsoft.playwright.Page.locator(String)&quot; because &quot;this.page&quot; is null"/>
  </testcase>
  <testcase name="addLeadForBasicFurnitureLead[Stanley - SLN, Dhruv, Shukla, +256, Channel Sales, ACP, Living, TV Unit, Interested in sofa sets #332](1077)" classname="tests.AddFurnitureLeadTest" time="0.0">
    <skipped message="Cannot invoke &quot;com.microsoft.playwright.Page.locator(String)&quot; because &quot;this.page&quot; is null"/>
  </testcase>
  <testcase name="addLeadForBasicFurnitureLead[Stanley - SBC, Hetal, Soni, +248, Channel Sales, ACP, Dining, Dining Table, Wants kids&apos; room furniture #491](1078)" classname="tests.AddFurnitureLeadTest" time="0.0">
    <skipped message="Cannot invoke &quot;com.microsoft.playwright.Page.locator(String)&quot; because &quot;this.page&quot; is null"/>
  </testcase>
  <testcase name="addLeadForBasicFurnitureLead[Godrej, Viren, Raval, +47, Channel Sales, ACP, Dining, Chairs, Interested in modern furniture #284](1079)" classname="tests.AddFurnitureLeadTest" time="0.0">
    <skipped message="Cannot invoke &quot;com.microsoft.playwright.Page.locator(String)&quot; because &quot;this.page&quot; is null"/>
  </testcase>
  <testcase name="addLeadForBasicFurnitureLead[Lofy Home Store, Pooja, Gandhi, +62, Channel Sales, ACP, Dining, Bench, Checking stock availability #285](1080)" classname="tests.AddFurnitureLeadTest" time="0.0">
    <skipped message="Cannot invoke &quot;com.microsoft.playwright.Page.locator(String)&quot; because &quot;this.page&quot; is null"/>
  </testcase>
  <testcase name="addLeadForBasicFurnitureLead[Haworth, Priya, Kapoor, +54, Channel Sales, ACP, BedRoom, Bed, Urgent requirement #64](1081)" classname="tests.AddFurnitureLeadTest" time="0.0">
    <skipped message="Cannot invoke &quot;com.microsoft.playwright.Page.locator(String)&quot; because &quot;this.page&quot; is null"/>
  </testcase>
  <testcase name="addLeadForBasicFurnitureLead[Lofy Interior Solutions, Neha, Thakkar, +48, Channel Sales, ACP, BedRoom, Side Table, Looking for budget-friendly options #3](1082)" classname="tests.AddFurnitureLeadTest" time="0.0">
    <skipped message="Cannot invoke &quot;com.microsoft.playwright.Page.locator(String)&quot; because &quot;this.page&quot; is null"/>
  </testcase>
  <testcase name="addLeadForBasicFurnitureLead[Stanley - SLN, Sonal, Joshi, +246, Channel Sales, ACP, BedRoom, Dressing, Looking for EMI options #306](1083)" classname="tests.AddFurnitureLeadTest" time="0.0">
    <skipped message="Cannot invoke &quot;com.microsoft.playwright.Page.locator(String)&quot; because &quot;this.page&quot; is null"/>
  </testcase>
  <testcase name="addLeadForBasicFurnitureLead[Stanley - SBC, Kavya, Soni, +216, Channel Sales, ACP, BedRoom, Mattress, Interested in outdoor furniture #276](1084)" classname="tests.AddFurnitureLeadTest" time="0.0">
    <skipped message="Cannot invoke &quot;com.microsoft.playwright.Page.locator(String)&quot; because &quot;this.page&quot; is null"/>
  </testcase>
  <testcase name="addLeadForBasicFurnitureLead[Godrej, Priya, Raval, +232, Channel Sales, ACP, Study, Study Table, Payment flexibility needed #485](1085)" classname="tests.AddFurnitureLeadTest" time="0.0">
    <skipped message="Cannot invoke &quot;com.microsoft.playwright.Page.locator(String)&quot; because &quot;this.page&quot; is null"/>
  </testcase>
  <testcase name="addLeadForBasicFurnitureLead[Lofy Home Store, Kavya, Kapoor, +52, Channel Sales, ACP, Study, Chairs, Prefers wooden furniture #157](1086)" classname="tests.AddFurnitureLeadTest" time="0.0">
    <skipped message="Cannot invoke &quot;com.microsoft.playwright.Page.locator(String)&quot; because &quot;this.page&quot; is null"/>
  </testcase>
  <testcase name="addLeadForBasicFurnitureLead[Haworth, Kavya, Shah, +47, Channel Sales, ACP, Study, Library Unit, Asking for custom designs #384](1087)" classname="tests.AddFurnitureLeadTest" time="0.0">
    <skipped message="Cannot invoke &quot;com.microsoft.playwright.Page.locator(String)&quot; because &quot;this.page&quot; is null"/>
  </testcase>
  <testcase name="addLeadForBasicFurnitureLead[Lofy Interior Solutions, Rohit, Kapoor, +226, Channel Sales, ACP, Kitchen, Modular, Interested in sofa sets #463](1088)" classname="tests.AddFurnitureLeadTest" time="0.0">
    <skipped message="Cannot invoke &quot;com.microsoft.playwright.Page.locator(String)&quot; because &quot;this.page&quot; is null"/>
  </testcase>
  <testcase name="addLeadForBasicFurnitureLead[Stanley - SLN, Bhavna, Joshi, +98, Channel Sales, ACP, Kitchen, Semi-Modular, Interested in sofa sets #177](1089)" classname="tests.AddFurnitureLeadTest" time="0.0">
    <skipped message="Cannot invoke &quot;com.microsoft.playwright.Page.locator(String)&quot; because &quot;this.page&quot; is null"/>
  </testcase>
  <testcase name="addLeadForBasicFurnitureLead[Stanley - SBC, Pooja, Trivedi, +47, Channel Sales, ACP, Kitchen, Countertop, Asking for custom designs #212](1090)" classname="tests.AddFurnitureLeadTest" time="0.0">
    <skipped message="Cannot invoke &quot;com.microsoft.playwright.Page.locator(String)&quot; because &quot;this.page&quot; is null"/>
  </testcase>
  <testcase name="addLeadForBasicFurnitureLead[Godrej, Rishi, Patel, +216, Channel Sales, ACP, Kitchen, Appliances, Requesting catalog #331](1091)" classname="tests.AddFurnitureLeadTest" time="0.0">
    <skipped message="Cannot invoke &quot;com.microsoft.playwright.Page.locator(String)&quot; because &quot;this.page&quot; is null"/>
  </testcase>
  <testcase name="addLeadForBasicFurnitureLead[Lofy Home Store, Neha, Trivedi, +233, Channel Sales, ACP, Wardrobes, Sliding, Checking stock availability #263](1092)" classname="tests.AddFurnitureLeadTest" time="0.0">
    <skipped message="Cannot invoke &quot;com.microsoft.playwright.Page.locator(String)&quot; because &quot;this.page&quot; is null"/>
  </testcase>
  <testcase name="addLeadForBasicFurnitureLead[Haworth, Kavya, Mehta, +232, Channel Sales, ACP, Wardrobes, Hinged, Urgent requirement #83](1093)" classname="tests.AddFurnitureLeadTest" time="0.0">
    <skipped message="Cannot invoke &quot;com.microsoft.playwright.Page.locator(String)&quot; because &quot;this.page&quot; is null"/>
  </testcase>
  <testcase name="addLeadForBasicFurnitureLead[Lofy Interior Solutions, Pooja, Trivedi, +225, Channel Sales, ACP, Wardrobes, Walk-in, Need delivery within a week #114](1094)" classname="tests.AddFurnitureLeadTest" time="0.0">
    <skipped message="Cannot invoke &quot;com.microsoft.playwright.Page.locator(String)&quot; because &quot;this.page&quot; is null"/>
  </testcase>
  <testcase name="addLeadForBasicFurnitureLead[Stanley - SLN, Rohit, Choksi, +39, Channel Sales, ACP, Office, WorkStations, Customer referred by friend #428](1095)" classname="tests.AddFurnitureLeadTest" time="0.0">
    <skipped message="Cannot invoke &quot;com.microsoft.playwright.Page.locator(String)&quot; because &quot;this.page&quot; is null"/>
  </testcase>
  <testcase name="addLeadForBasicFurnitureLead[Stanley - SBC, Rishi, Patel, +60, Channel Sales, ACP, Office, Conference Table, First-time buyer #100](1096)" classname="tests.AddFurnitureLeadTest" time="0.0">
    <skipped message="Cannot invoke &quot;com.microsoft.playwright.Page.locator(String)&quot; because &quot;this.page&quot; is null"/>
  </testcase>
  <testcase name="addLeadForBasicFurnitureLead[Godrej, Rishi, Bhatt, +81, Channel Sales, ACP, Office, Cabin Setup, Wants luxury and premium finish #93](1097)" classname="tests.AddFurnitureLeadTest" time="0.0">
    <skipped message="Cannot invoke &quot;com.microsoft.playwright.Page.locator(String)&quot; because &quot;this.page&quot; is null"/>
  </testcase>
  <testcase name="addLeadForBasicFurnitureLead[Lofy Home Store, Rishi, Chaudhary, +82, Channel Sales, ACP, Outdoor, Patio, Prefers compact designs #410](1098)" classname="tests.AddFurnitureLeadTest" time="0.0">
    <skipped message="Cannot invoke &quot;com.microsoft.playwright.Page.locator(String)&quot; because &quot;this.page&quot; is null"/>
  </testcase>
  <testcase name="addLeadForBasicFurnitureLead[Haworth, Aarav, Trivedi, +228, Channel Sales, ACP, Outdoor, Swing, Looking for EMI options #437](1099)" classname="tests.AddFurnitureLeadTest" time="0.0">
    <skipped message="Cannot invoke &quot;com.microsoft.playwright.Page.locator(String)&quot; because &quot;this.page&quot; is null"/>
  </testcase>
  <testcase name="addLeadForBasicFurnitureLead[Lofy Interior Solutions, Dhruv, Modi, +235, Channel Sales, ACP, Outdoor, Garden Seating, Looking for budget-friendly options #436](1100)" classname="tests.AddFurnitureLeadTest" time="0.0">
    <skipped message="Cannot invoke &quot;com.microsoft.playwright.Page.locator(String)&quot; because &quot;this.page&quot; is null"/>
  </testcase>
  <testcase name="addLeadForBasicFurnitureLead[Stanley - SLN, Bhavna, Mehta, +44, Channel Sales, ACP, Turkey Solution, Full Home Package(Design + Execution + Furniture), Wants matching dining set #478](1101)" classname="tests.AddFurnitureLeadTest" time="0.0">
    <skipped message="Cannot invoke &quot;com.microsoft.playwright.Page.locator(String)&quot; because &quot;this.page&quot; is null"/>
  </testcase>
  <testcase name="addLeadForBasicFurnitureLead[Stanley - SBC, Jigar, Bhatt, +239, Channel Sales, ACP, Project Management Consultancy, Project Advisory, Payment flexibility needed #237](1102)" classname="tests.AddFurnitureLeadTest" time="0.0">
    <skipped message="Cannot invoke &quot;com.microsoft.playwright.Page.locator(String)&quot; because &quot;this.page&quot; is null"/>
  </testcase>
  <testcase name="addLeadForBasicFurnitureLead[Godrej, Mina, Bhatt, +31, Channel Sales, ACP, Project Management Consultancy, Costing, Visited showroom last week #282](1103)" classname="tests.AddFurnitureLeadTest" time="0.0">
    <skipped message="Cannot invoke &quot;com.microsoft.playwright.Page.locator(String)&quot; because &quot;this.page&quot; is null"/>
  </testcase>
  <testcase name="addLeadForBasicFurnitureLead[Lofy Home Store, Krishna, Modi, +58, Channel Sales, ACP, Project Management Consultancy, Vendor Management, Prefers wooden furniture #149](1104)" classname="tests.AddFurnitureLeadTest" time="0.0">
    <skipped message="Cannot invoke &quot;com.microsoft.playwright.Page.locator(String)&quot; because &quot;this.page&quot; is null"/>
  </testcase>
  <testcase name="addLeadForBasicFurnitureLead[Haworth, Karan, Bhatt, +253, Channel Sales, ACP, Execution, Carpentry, Prefers compact designs #35](1105)" classname="tests.AddFurnitureLeadTest" time="0.0">
    <skipped message="Cannot invoke &quot;com.microsoft.playwright.Page.locator(String)&quot; because &quot;this.page&quot; is null"/>
  </testcase>
  <testcase name="addLeadForBasicFurnitureLead[Lofy Interior Solutions, Krishna, Kapoor, +30, Channel Sales, ACP, Execution, Civil, First-time buyer #51](1106)" classname="tests.AddFurnitureLeadTest" time="0.0">
    <skipped message="Cannot invoke &quot;com.microsoft.playwright.Page.locator(String)&quot; because &quot;this.page&quot; is null"/>
  </testcase>
  <testcase name="addLeadForBasicFurnitureLead[Stanley - SLN, Mina, Doshi, +95, Channel Sales, ACP, Execution, Electrical, Asking for custom designs #372](1107)" classname="tests.AddFurnitureLeadTest" time="0.0">
    <skipped message="Cannot invoke &quot;com.microsoft.playwright.Page.locator(String)&quot; because &quot;this.page&quot; is null"/>
  </testcase>
  <testcase name="addLeadForBasicFurnitureLead[Stanley - SBC, Krishna, Desai, +45, Channel Sales, ACP, Execution, Finishing only, Looking for EMI options #250](1108)" classname="tests.AddFurnitureLeadTest" time="0.0">
    <skipped message="Cannot invoke &quot;com.microsoft.playwright.Page.locator(String)&quot; because &quot;this.page&quot; is null"/>
  </testcase>
  <testcase name="addLeadForBasicFurnitureLead[Godrej, Dhruv, Gandhi, +245, Channel Sales, ACP, Design only, 2D/3D Layouts, Looking for office furniture #183](1109)" classname="tests.AddFurnitureLeadTest" time="0.0">
    <skipped message="Cannot invoke &quot;com.microsoft.playwright.Page.locator(String)&quot; because &quot;this.page&quot; is null"/>
  </testcase>
  <testcase name="addLeadForBasicFurnitureLead[Lofy Home Store, Neha, Shukla, +261, Channel Sales, ACP, Design only, Material Selection, Urgent requirement #344](1110)" classname="tests.AddFurnitureLeadTest" time="0.0">
    <skipped message="Cannot invoke &quot;com.microsoft.playwright.Page.locator(String)&quot; because &quot;this.page&quot; is null"/>
  </testcase>
  <testcase name="addLeadForAdditionalProjectLeadTest[Trophy, Arjun, Mehta, +234, Event, GIHED, Interested in real estate, Edge, +33, CP, Tushar Bhai, Mumbai, Immediate, Hot, Below 50 Lakh, 500 Sq.Ft, Residential, 2 Bhk, Buy](1)" classname="tests.AddProjectLeadTest" time="0.026">
    <failure message="Cannot invoke &quot;pages.AddProjectLeadPage.addLeadWithAdditional(String, String, String, String, String, String, String, String, String, String, String, String, String, String, String, String, String, String, String, String, String, String)&quot; because &quot;this.addprojectLead&quot; is null" type="java.lang.NullPointerException"><![CDATA[java.lang.NullPointerException: Cannot invoke "pages.AddProjectLeadPage.addLeadWithAdditional(String, String, String, String, String, String, String, String, String, String, String, String, String, String, String, String, String, String, String, String, String, String)" because "this.addprojectLead" is null
	at tests.AddProjectLeadTest.addLeadForAdditionalProjectLeadTest(AddProjectLeadTest.java:211)
	at java.base/jdk.internal.reflect.DirectMethodHandleAccessor.invoke(DirectMethodHandleAccessor.java:103)
	at java.base/java.lang.reflect.Method.invoke(Method.java:580)
	at org.testng.internal.invokers.MethodInvocationHelper.invokeMethod(MethodInvocationHelper.java:139)
	at org.testng.internal.invokers.TestInvoker.invokeMethod(TestInvoker.java:664)
	at org.testng.internal.invokers.TestInvoker.invokeTestMethod(TestInvoker.java:228)
	at org.testng.internal.invokers.MethodRunner.runInSequence(MethodRunner.java:63)
	at org.testng.internal.invokers.TestInvoker$MethodInvocationAgent.invoke(TestInvoker.java:961)
	at org.testng.internal.invokers.TestInvoker.invokeTestMethods(TestInvoker.java:201)
	at org.testng.internal.invokers.TestMethodWorker.invokeTestMethods(TestMethodWorker.java:148)
	at org.testng.internal.invokers.TestMethodWorker.run(TestMethodWorker.java:128)
	at java.base/java.util.ArrayList.forEach(ArrayList.java:1596)
	at org.testng.TestRunner.privateRun(TestRunner.java:819)
	at org.testng.TestRunner.run(TestRunner.java:619)
	at org.testng.SuiteRunner.runTest(SuiteRunner.java:443)
	at org.testng.SuiteRunner.runSequentially(SuiteRunner.java:437)
	at org.testng.SuiteRunner.privateRun(SuiteRunner.java:397)
	at org.testng.SuiteRunner.run(SuiteRunner.java:336)
	at org.testng.SuiteRunnerWorker.runSuite(SuiteRunnerWorker.java:52)
	at org.testng.SuiteRunnerWorker.run(SuiteRunnerWorker.java:95)
	at org.testng.TestNG.runSuitesSequentially(TestNG.java:1301)
	at org.testng.TestNG.runSuitesLocally(TestNG.java:1228)
	at org.testng.TestNG.runSuites(TestNG.java:1134)
	at org.testng.TestNG.run(TestNG.java:1101)
	at org.apache.maven.surefire.testng.TestNGExecutor.run(TestNGExecutor.java:155)
	at org.apache.maven.surefire.testng.TestNGDirectoryTestSuite.executeMulti(TestNGDirectoryTestSuite.java:169)
	at org.apache.maven.surefire.testng.TestNGDirectoryTestSuite.execute(TestNGDirectoryTestSuite.java:88)
	at org.apache.maven.surefire.testng.TestNGProvider.invoke(TestNGProvider.java:137)
	at org.apache.maven.surefire.booter.ForkedBooter.runSuitesInProcess(ForkedBooter.java:385)
	at org.apache.maven.surefire.booter.ForkedBooter.execute(ForkedBooter.java:162)
	at org.apache.maven.surefire.booter.ForkedBooter.run(ForkedBooter.java:507)
	at org.apache.maven.surefire.booter.ForkedBooter.main(ForkedBooter.java:495)
]]></failure>
  </testcase>
  <testcase name="takeScreenshot[[TestResult name=addLeadForAdditionalProjectLeadTest status=FAILURE method=AddProjectLeadTest.addLeadForAdditionalProjectLeadTest(java.lang.String,java.lang.String,java.lang.String,java.lang.String,java.lang.String,java.lang.String,java.lang.String,java.lang.String,java.lang.String,java.lang.String,java.lang.String,java.lang.String,java.lang.String,java.lang.String,java.lang.String,java.lang.String,java.lang.String,java.lang.String,java.lang.String)[pri:0, instance:tests.AddProjectLeadTest@1af2d44a] output={null}]](0)" classname="tests.AddProjectLeadTest" time="0.039">
    <failure message="Cannot invoke &quot;com.microsoft.playwright.Page.screenshot(com.microsoft.playwright.Page$ScreenshotOptions)&quot; because &quot;this.page&quot; is null" type="java.lang.NullPointerException"><![CDATA[java.lang.NullPointerException: Cannot invoke "com.microsoft.playwright.Page.screenshot(com.microsoft.playwright.Page$ScreenshotOptions)" because "this.page" is null
	at tests.AddProjectLeadTest.takeScreenshot(AddProjectLeadTest.java:33)
	at java.base/jdk.internal.reflect.DirectMethodHandleAccessor.invoke(DirectMethodHandleAccessor.java:103)
	at java.base/java.lang.reflect.Method.invoke(Method.java:580)
	at org.testng.internal.invokers.MethodInvocationHelper.invokeMethod(MethodInvocationHelper.java:139)
	at org.testng.internal.invokers.MethodInvocationHelper.invokeMethodConsideringTimeout(MethodInvocationHelper.java:69)
	at org.testng.internal.invokers.ConfigInvoker.invokeConfigurationMethod(ConfigInvoker.java:393)
	at org.testng.internal.invokers.ConfigInvoker.invokeConfigurations(ConfigInvoker.java:326)
	at org.testng.internal.invokers.TestInvoker.runConfigMethods(TestInvoker.java:810)
	at org.testng.internal.invokers.TestInvoker.runAfterConfigurations(TestInvoker.java:779)
	at org.testng.internal.invokers.TestInvoker.invokeMethod(TestInvoker.java:755)
	at org.testng.internal.invokers.TestInvoker.invokeTestMethod(TestInvoker.java:228)
	at org.testng.internal.invokers.MethodRunner.runInSequence(MethodRunner.java:63)
	at org.testng.internal.invokers.TestInvoker$MethodInvocationAgent.invoke(TestInvoker.java:961)
	at org.testng.internal.invokers.TestInvoker.invokeTestMethods(TestInvoker.java:201)
	at org.testng.internal.invokers.TestMethodWorker.invokeTestMethods(TestMethodWorker.java:148)
	at org.testng.internal.invokers.TestMethodWorker.run(TestMethodWorker.java:128)
	at java.base/java.util.ArrayList.forEach(ArrayList.java:1596)
	at org.testng.TestRunner.privateRun(TestRunner.java:819)
	at org.testng.TestRunner.run(TestRunner.java:619)
	at org.testng.SuiteRunner.runTest(SuiteRunner.java:443)
	at org.testng.SuiteRunner.runSequentially(SuiteRunner.java:437)
	at org.testng.SuiteRunner.privateRun(SuiteRunner.java:397)
	at org.testng.SuiteRunner.run(SuiteRunner.java:336)
	at org.testng.SuiteRunnerWorker.runSuite(SuiteRunnerWorker.java:52)
	at org.testng.SuiteRunnerWorker.run(SuiteRunnerWorker.java:95)
	at org.testng.TestNG.runSuitesSequentially(TestNG.java:1301)
	at org.testng.TestNG.runSuitesLocally(TestNG.java:1228)
	at org.testng.TestNG.runSuites(TestNG.java:1134)
	at org.testng.TestNG.run(TestNG.java:1101)
	at org.apache.maven.surefire.testng.TestNGExecutor.run(TestNGExecutor.java:155)
	at org.apache.maven.surefire.testng.TestNGDirectoryTestSuite.executeMulti(TestNGDirectoryTestSuite.java:169)
	at org.apache.maven.surefire.testng.TestNGDirectoryTestSuite.execute(TestNGDirectoryTestSuite.java:88)
	at org.apache.maven.surefire.testng.TestNGProvider.invoke(TestNGProvider.java:137)
	at org.apache.maven.surefire.booter.ForkedBooter.runSuitesInProcess(ForkedBooter.java:385)
	at org.apache.maven.surefire.booter.ForkedBooter.execute(ForkedBooter.java:162)
	at org.apache.maven.surefire.booter.ForkedBooter.run(ForkedBooter.java:507)
	at org.apache.maven.surefire.booter.ForkedBooter.main(ForkedBooter.java:495)
]]></failure>
  </testcase>
  <testcase name="tearDown" classname="tests.AddProjectLeadTest" time="0.0">
    <skipped/>
  </testcase>
  <testcase name="tearDown" classname="tests.AddProjectLeadTest" time="0.0">
    <skipped/>
  </testcase>
  <testcase name="tearDown" classname="tests.AddProjectLeadTest" time="0.0">
    <skipped/>
  </testcase>
  <testcase name="tearDown" classname="tests.AddProjectLeadTest" time="0.0">
    <skipped/>
  </testcase>
  <testcase name="tearDown" classname="tests.AddProjectLeadTest" time="0.0">
    <skipped/>
  </testcase>
  <testcase name="tearDown" classname="tests.AddProjectLeadTest" time="0.0">
    <skipped/>
  </testcase>
  <testcase name="tearDown" classname="tests.AddProjectLeadTest" time="0.0">
    <skipped/>
  </testcase>
  <testcase name="tearDown" classname="tests.AddProjectLeadTest" time="0.0">
    <skipped/>
  </testcase>
  <testcase name="tearDown" classname="tests.AddProjectLeadTest" time="0.0">
    <skipped/>
  </testcase>
  <testcase name="tearDown" classname="tests.AddProjectLeadTest" time="0.0">
    <skipped/>
  </testcase>
  <testcase name="tearDown" classname="tests.AddProjectLeadTest" time="0.0">
    <skipped/>
  </testcase>
  <testcase name="tearDown" classname="tests.AddProjectLeadTest" time="0.0">
    <skipped/>
  </testcase>
  <testcase name="tearDown" classname="tests.AddProjectLeadTest" time="0.0">
    <skipped/>
  </testcase>
  <testcase name="tearDown" classname="tests.AddProjectLeadTest" time="0.0">
    <skipped/>
  </testcase>
  <testcase name="tearDown" classname="tests.AddProjectLeadTest" time="0.0">
    <skipped/>
  </testcase>
  <testcase name="tearDown" classname="tests.AddProjectLeadTest" time="0.0">
    <skipped/>
  </testcase>
  <testcase name="tearDown" classname="tests.AddProjectLeadTest" time="0.0">
    <skipped/>
  </testcase>
  <testcase name="tearDown" classname="tests.AddProjectLeadTest" time="0.0">
    <skipped/>
  </testcase>
  <testcase name="tearDown" classname="tests.AddProjectLeadTest" time="0.0">
    <skipped/>
  </testcase>
  <testcase name="tearDown" classname="tests.AddProjectLeadTest" time="0.0">
    <skipped/>
  </testcase>
  <testcase name="tearDown" classname="tests.AddProjectLeadTest" time="0.0">
    <skipped/>
  </testcase>
  <testcase name="tearDown" classname="tests.AddProjectLeadTest" time="0.0">
    <skipped/>
  </testcase>
  <testcase name="tearDown" classname="tests.AddProjectLeadTest" time="0.0">
    <skipped/>
  </testcase>
  <testcase name="tearDown" classname="tests.AddProjectLeadTest" time="0.0">
    <skipped/>
  </testcase>
  <testcase name="tearDown" classname="tests.AddProjectLeadTest" time="0.0">
    <skipped/>
  </testcase>
  <testcase name="tearDown" classname="tests.AddProjectLeadTest" time="0.0">
    <skipped/>
  </testcase>
  <testcase name="tearDown" classname="tests.AddProjectLeadTest" time="0.0">
    <skipped/>
  </testcase>
  <testcase name="tearDown" classname="tests.AddProjectLeadTest" time="0.0">
    <skipped/>
  </testcase>
  <testcase name="tearDown" classname="tests.AddProjectLeadTest" time="0.0">
    <skipped/>
  </testcase>
  <testcase name="tearDown" classname="tests.AddProjectLeadTest" time="0.0">
    <skipped/>
  </testcase>
  <testcase name="tearDown" classname="tests.AddProjectLeadTest" time="0.0">
    <skipped/>
  </testcase>
  <testcase name="tearDown" classname="tests.AddProjectLeadTest" time="0.0">
    <skipped/>
  </testcase>
  <testcase name="tearDown" classname="tests.AddProjectLeadTest" time="0.0">
    <skipped/>
  </testcase>
  <testcase name="tearDown" classname="tests.AddProjectLeadTest" time="0.0">
    <skipped/>
  </testcase>
  <testcase name="tearDown" classname="tests.AddProjectLeadTest" time="0.0">
    <skipped/>
  </testcase>
  <testcase name="tearDown" classname="tests.AddProjectLeadTest" time="0.0">
    <skipped/>
  </testcase>
  <testcase name="tearDown" classname="tests.AddProjectLeadTest" time="0.0">
    <skipped/>
  </testcase>
  <testcase name="tearDown" classname="tests.AddProjectLeadTest" time="0.0">
    <skipped/>
  </testcase>
  <testcase name="tearDown" classname="tests.AddProjectLeadTest" time="0.0">
    <skipped/>
  </testcase>
  <testcase name="tearDown" classname="tests.AddProjectLeadTest" time="0.0">
    <skipped/>
  </testcase>
  <testcase name="tearDown" classname="tests.AddProjectLeadTest" time="0.0">
    <skipped/>
  </testcase>
  <testcase name="tearDown" classname="tests.AddProjectLeadTest" time="0.0">
    <skipped/>
  </testcase>
  <testcase name="tearDown" classname="tests.AddProjectLeadTest" time="0.0">
    <skipped/>
  </testcase>
  <testcase name="tearDown" classname="tests.AddProjectLeadTest" time="0.0">
    <skipped/>
  </testcase>
  <testcase name="tearDown" classname="tests.AddProjectLeadTest" time="0.0">
    <skipped/>
  </testcase>
  <testcase name="tearDown" classname="tests.AddProjectLeadTest" time="0.0">
    <skipped/>
  </testcase>
  <testcase name="tearDown" classname="tests.AddProjectLeadTest" time="0.0">
    <skipped/>
  </testcase>
  <testcase name="tearDown" classname="tests.AddProjectLeadTest" time="0.0">
    <skipped/>
  </testcase>
  <testcase name="tearDown" classname="tests.AddProjectLeadTest" time="0.0">
    <skipped/>
  </testcase>
  <testcase name="tearDown" classname="tests.AddProjectLeadTest" time="0.0">
    <skipped/>
  </testcase>
  <testcase name="tearDown" classname="tests.AddProjectLeadTest" time="0.0">
    <skipped/>
  </testcase>
  <testcase name="tearDown" classname="tests.AddProjectLeadTest" time="0.0">
    <skipped/>
  </testcase>
  <testcase name="tearDown" classname="tests.AddProjectLeadTest" time="0.0">
    <skipped/>
  </testcase>
  <testcase name="tearDown" classname="tests.AddProjectLeadTest" time="0.0">
    <skipped/>
  </testcase>
  <testcase name="tearDown" classname="tests.AddProjectLeadTest" time="0.0">
    <skipped/>
  </testcase>
  <testcase name="tearDown" classname="tests.AddProjectLeadTest" time="0.0">
    <skipped/>
  </testcase>
  <testcase name="tearDown" classname="tests.AddProjectLeadTest" time="0.0">
    <skipped/>
  </testcase>
  <testcase name="tearDown" classname="tests.AddProjectLeadTest" time="0.0">
    <skipped/>
  </testcase>
  <testcase name="tearDown" classname="tests.AddProjectLeadTest" time="0.0">
    <skipped/>
  </testcase>
  <testcase name="tearDown" classname="tests.AddProjectLeadTest" time="0.0">
    <skipped/>
  </testcase>
  <testcase name="tearDown" classname="tests.AddProjectLeadTest" time="0.0">
    <skipped/>
  </testcase>
  <testcase name="addLeadForAdditionalProjectLeadTest[SPlus, Aarav, Sharma, +93, Event, GIHED, Interested in real estate, Harmony, +36, CP, Tushar Bhai, Delhi, In 3 Months, Cold, 50 Lakh to 1 Cr, 750 Sq.Ft, Residential, 3 Bhk, Invest](2)" classname="tests.AddProjectLeadTest" time="0.0">
    <skipped message="Cannot invoke &quot;com.microsoft.playwright.Page.screenshot(com.microsoft.playwright.Page$ScreenshotOptions)&quot; because &quot;this.page&quot; is null"/>
  </testcase>
  <testcase name="takeScreenshot" classname="tests.AddProjectLeadTest" time="0.0">
    <skipped/>
  </testcase>
  <testcase name="takeScreenshot" classname="tests.AddProjectLeadTest" time="0.0">
    <skipped/>
  </testcase>
  <testcase name="takeScreenshot" classname="tests.AddProjectLeadTest" time="0.0">
    <skipped/>
  </testcase>
  <testcase name="takeScreenshot" classname="tests.AddProjectLeadTest" time="0.0">
    <skipped/>
  </testcase>
  <testcase name="takeScreenshot" classname="tests.AddProjectLeadTest" time="0.0">
    <skipped/>
  </testcase>
  <testcase name="takeScreenshot" classname="tests.AddProjectLeadTest" time="0.0">
    <skipped/>
  </testcase>
  <testcase name="takeScreenshot" classname="tests.AddProjectLeadTest" time="0.0">
    <skipped/>
  </testcase>
  <testcase name="takeScreenshot" classname="tests.AddProjectLeadTest" time="0.0">
    <skipped/>
  </testcase>
  <testcase name="takeScreenshot" classname="tests.AddProjectLeadTest" time="0.0">
    <skipped/>
  </testcase>
  <testcase name="takeScreenshot" classname="tests.AddProjectLeadTest" time="0.0">
    <skipped/>
  </testcase>
  <testcase name="takeScreenshot" classname="tests.AddProjectLeadTest" time="0.0">
    <skipped/>
  </testcase>
  <testcase name="takeScreenshot" classname="tests.AddProjectLeadTest" time="0.0">
    <skipped/>
  </testcase>
  <testcase name="takeScreenshot" classname="tests.AddProjectLeadTest" time="0.0">
    <skipped/>
  </testcase>
  <testcase name="takeScreenshot" classname="tests.AddProjectLeadTest" time="0.0">
    <skipped/>
  </testcase>
  <testcase name="takeScreenshot" classname="tests.AddProjectLeadTest" time="0.0">
    <skipped/>
  </testcase>
  <testcase name="takeScreenshot" classname="tests.AddProjectLeadTest" time="0.0">
    <skipped/>
  </testcase>
  <testcase name="takeScreenshot" classname="tests.AddProjectLeadTest" time="0.0">
    <skipped/>
  </testcase>
  <testcase name="takeScreenshot" classname="tests.AddProjectLeadTest" time="0.0">
    <skipped/>
  </testcase>
  <testcase name="takeScreenshot" classname="tests.AddProjectLeadTest" time="0.0">
    <skipped/>
  </testcase>
  <testcase name="takeScreenshot" classname="tests.AddProjectLeadTest" time="0.0">
    <skipped/>
  </testcase>
  <testcase name="takeScreenshot" classname="tests.AddProjectLeadTest" time="0.0">
    <skipped/>
  </testcase>
  <testcase name="takeScreenshot" classname="tests.AddProjectLeadTest" time="0.0">
    <skipped/>
  </testcase>
  <testcase name="takeScreenshot" classname="tests.AddProjectLeadTest" time="0.0">
    <skipped/>
  </testcase>
  <testcase name="takeScreenshot" classname="tests.AddProjectLeadTest" time="0.0">
    <skipped/>
  </testcase>
  <testcase name="takeScreenshot" classname="tests.AddProjectLeadTest" time="0.0">
    <skipped/>
  </testcase>
  <testcase name="takeScreenshot" classname="tests.AddProjectLeadTest" time="0.0">
    <skipped/>
  </testcase>
  <testcase name="takeScreenshot" classname="tests.AddProjectLeadTest" time="0.0">
    <skipped/>
  </testcase>
  <testcase name="takeScreenshot" classname="tests.AddProjectLeadTest" time="0.0">
    <skipped/>
  </testcase>
  <testcase name="takeScreenshot" classname="tests.AddProjectLeadTest" time="0.0">
    <skipped/>
  </testcase>
  <testcase name="takeScreenshot" classname="tests.AddProjectLeadTest" time="0.0">
    <skipped/>
  </testcase>
  <testcase name="takeScreenshot" classname="tests.AddProjectLeadTest" time="0.0">
    <skipped/>
  </testcase>
  <testcase name="takeScreenshot" classname="tests.AddProjectLeadTest" time="0.0">
    <skipped/>
  </testcase>
  <testcase name="takeScreenshot" classname="tests.AddProjectLeadTest" time="0.0">
    <skipped/>
  </testcase>
  <testcase name="takeScreenshot" classname="tests.AddProjectLeadTest" time="0.0">
    <skipped/>
  </testcase>
  <testcase name="takeScreenshot" classname="tests.AddProjectLeadTest" time="0.0">
    <skipped/>
  </testcase>
  <testcase name="takeScreenshot" classname="tests.AddProjectLeadTest" time="0.0">
    <skipped/>
  </testcase>
  <testcase name="takeScreenshot" classname="tests.AddProjectLeadTest" time="0.0">
    <skipped/>
  </testcase>
  <testcase name="takeScreenshot" classname="tests.AddProjectLeadTest" time="0.0">
    <skipped/>
  </testcase>
  <testcase name="takeScreenshot" classname="tests.AddProjectLeadTest" time="0.0">
    <skipped/>
  </testcase>
  <testcase name="takeScreenshot" classname="tests.AddProjectLeadTest" time="0.0">
    <skipped/>
  </testcase>
  <testcase name="takeScreenshot" classname="tests.AddProjectLeadTest" time="0.0">
    <skipped/>
  </testcase>
  <testcase name="takeScreenshot" classname="tests.AddProjectLeadTest" time="0.0">
    <skipped/>
  </testcase>
  <testcase name="takeScreenshot" classname="tests.AddProjectLeadTest" time="0.0">
    <skipped/>
  </testcase>
  <testcase name="takeScreenshot" classname="tests.AddProjectLeadTest" time="0.0">
    <skipped/>
  </testcase>
  <testcase name="takeScreenshot" classname="tests.AddProjectLeadTest" time="0.0">
    <skipped/>
  </testcase>
  <testcase name="takeScreenshot" classname="tests.AddProjectLeadTest" time="0.0">
    <skipped/>
  </testcase>
  <testcase name="takeScreenshot" classname="tests.AddProjectLeadTest" time="0.0">
    <skipped/>
  </testcase>
  <testcase name="takeScreenshot" classname="tests.AddProjectLeadTest" time="0.0">
    <skipped/>
  </testcase>
  <testcase name="takeScreenshot" classname="tests.AddProjectLeadTest" time="0.0">
    <skipped/>
  </testcase>
  <testcase name="takeScreenshot" classname="tests.AddProjectLeadTest" time="0.0">
    <skipped/>
  </testcase>
  <testcase name="takeScreenshot" classname="tests.AddProjectLeadTest" time="0.0">
    <skipped/>
  </testcase>
  <testcase name="takeScreenshot" classname="tests.AddProjectLeadTest" time="0.0">
    <skipped/>
  </testcase>
  <testcase name="takeScreenshot" classname="tests.AddProjectLeadTest" time="0.0">
    <skipped/>
  </testcase>
  <testcase name="takeScreenshot" classname="tests.AddProjectLeadTest" time="0.0">
    <skipped/>
  </testcase>
  <testcase name="takeScreenshot" classname="tests.AddProjectLeadTest" time="0.0">
    <skipped/>
  </testcase>
  <testcase name="takeScreenshot" classname="tests.AddProjectLeadTest" time="0.0">
    <skipped/>
  </testcase>
  <testcase name="takeScreenshot" classname="tests.AddProjectLeadTest" time="0.0">
    <skipped/>
  </testcase>
  <testcase name="takeScreenshot" classname="tests.AddProjectLeadTest" time="0.0">
    <skipped/>
  </testcase>
  <testcase name="takeScreenshot" classname="tests.AddProjectLeadTest" time="0.0">
    <skipped/>
  </testcase>
  <testcase name="takeScreenshot" classname="tests.AddProjectLeadTest" time="0.0">
    <skipped/>
  </testcase>
  <testcase name="addLeadForAdditionalProjectLeadTest[Crown, Priya, Khan, +20, Event, Property Event, Looking for investment, Trophy, +40, CP, Tushar Bhai, Bangalore, In 6 Months, Warm, 1 Cr to 2 Cr, 1000 Sq.Ft, Residential, 4 Bhk, Lease](3)" classname="tests.AddProjectLeadTest" time="0.0">
    <skipped message="Cannot invoke &quot;com.microsoft.playwright.Page.screenshot(com.microsoft.playwright.Page$ScreenshotOptions)&quot; because &quot;this.page&quot; is null"/>
  </testcase>
  <testcase name="addLeadForAdditionalProjectLeadTest[Trophy, Rohan, Patel, +27, Event, Investor Meet, Wants quick callback, Edge, +41, CP, Tushar Bhai, Hyderabad, In 1 Year +, Hot, 2 Cr to 5 Cr, 1200 Sq.Ft, Residential, 5 Bhk, Pre-Lease](4)" classname="tests.AddProjectLeadTest" time="0.0">
    <skipped message="Cannot invoke &quot;com.microsoft.playwright.Page.screenshot(com.microsoft.playwright.Page$ScreenshotOptions)&quot; because &quot;this.page&quot; is null"/>
  </testcase>
  <testcase name="addLeadForAdditionalProjectLeadTest[Crown, Simran, Joshi, +30, Event, Channel Partner Event, Needs brochure, Harmony, +43, CP, Tushar Bhai, Pune, Immediate, Cold, 5 Cr to 10 Cr, 1500 Sq.Ft, Residential, Weekend Villa, Buy](5)" classname="tests.AddProjectLeadTest" time="0.0">
    <skipped message="Cannot invoke &quot;com.microsoft.playwright.Page.screenshot(com.microsoft.playwright.Page$ScreenshotOptions)&quot; because &quot;this.page&quot; is null"/>
  </testcase>
  <testcase name="addLeadForAdditionalProjectLeadTest[Edge, Karan, Mehta, +31, Digital, Website, Prefers email communication, SPlus, +45, CP, Tushar Bhai, Chennai, In 3 Months, Warm, 10 Cr to 15 Cr, 1800 Sq.Ft, Commercial, Office, Invest](6)" classname="tests.AddProjectLeadTest" time="0.0">
    <skipped message="Cannot invoke &quot;com.microsoft.playwright.Page.screenshot(com.microsoft.playwright.Page$ScreenshotOptions)&quot; because &quot;this.page&quot; is null"/>
  </testcase>
  <testcase name="addLeadForAdditionalProjectLeadTest[Crown, Neha, Desai, +32, Digital, Facebook, Requested site visit, Edge, +46, CP, Tushar Bhai, Ahmedabad, In 6 Months, Hot, Below 50 Lakh, 2000 Sq.Ft, Commercial, Showroom, Lease](7)" classname="tests.AddProjectLeadTest" time="0.0">
    <skipped message="Cannot invoke &quot;com.microsoft.playwright.Page.screenshot(com.microsoft.playwright.Page$ScreenshotOptions)&quot; because &quot;this.page&quot; is null"/>
  </testcase>
  <testcase name="addLeadForAdditionalProjectLeadTest[Harmony, Raj, Verma, +33, Digital, Instagram, Interested in 2BHK, SPlus, +420, CP, Tushar Bhai, Kolkata, In 1 Year +, Cold, 1 Cr to 2 Cr, 2200 Sq.Ft, Commercial, Shop, Pre-Lease](8)" classname="tests.AddProjectLeadTest" time="0.0">
    <skipped message="Cannot invoke &quot;com.microsoft.playwright.Page.screenshot(com.microsoft.playwright.Page$ScreenshotOptions)&quot; because &quot;this.page&quot; is null"/>
  </testcase>
  <testcase name="addLeadForAdditionalProjectLeadTest[SPlus, Isha, Gupta, +34, Digital, LinkedIn, Budget under 50L, Harmony, +48, CP, Tushar Bhai, Dubai, Immediate, Warm, 2 Cr to 5 Cr, 2500 Sq.Ft, Residential, 2 Bhk, Buy](9)" classname="tests.AddProjectLeadTest" time="0.0">
    <skipped message="Cannot invoke &quot;com.microsoft.playwright.Page.screenshot(com.microsoft.playwright.Page$ScreenshotOptions)&quot; because &quot;this.page&quot; is null"/>
  </testcase>
  <testcase name="addLeadForAdditionalProjectLeadTest[Crown, Arjun, Mehta, +49, Digital, SMS, Asked for EMI options, Trophy, +51, CP, Tushar Bhai, Abu Dhabi, In 3 Months, Hot, 5 Cr to 10 Cr, 3000 Sq.Ft, Residential, 3 Bhk, Invest](10)" classname="tests.AddProjectLeadTest" time="0.0">
    <skipped message="Cannot invoke &quot;com.microsoft.playwright.Page.screenshot(com.microsoft.playwright.Page$ScreenshotOptions)&quot; because &quot;this.page&quot; is null"/>
  </testcase>
  <testcase name="addLeadForAdditionalProjectLeadTest[Edge, Priya, Sharma, +52, Digital, YouTube, Wants luxury property, Crown, +53, CP, Tushar Bhai, Sharjah, In 6 Months, Cold, 10 Cr to 15 Cr, 3500 Sq.Ft, Residential, 4 Bhk, Lease](11)" classname="tests.AddProjectLeadTest" time="0.0">
    <skipped message="Cannot invoke &quot;com.microsoft.playwright.Page.screenshot(com.microsoft.playwright.Page$ScreenshotOptions)&quot; because &quot;this.page&quot; is null"/>
  </testcase>
  <testcase name="addLeadForAdditionalProjectLeadTest[Greenfield, Rohan, Desai, +55, Digital, IVRS, Interested in office space, SPlus, +54, CP, Tushar Bhai, Singapore, In 1 Year +, Warm, Below 50 Lakh, 4000 Sq.Ft, Residential, 5 Bhk, Pre-Lease](12)" classname="tests.AddProjectLeadTest" time="0.0">
    <skipped message="Cannot invoke &quot;com.microsoft.playwright.Page.screenshot(com.microsoft.playwright.Page$ScreenshotOptions)&quot; because &quot;this.page&quot; is null"/>
  </testcase>
  <testcase name="addLeadForAdditionalProjectLeadTest[SPlus, Kavita, Iyer, +62, Digital, Google, Student housing required, Greenfield, +56, CP, Tushar Bhai, Kuala Lumpur, Immediate, Hot, 1 Cr to 2 Cr, 4500 Sq.Ft, Residential, Weekend Villa, Invest](13)" classname="tests.AddProjectLeadTest" time="0.0">
    <skipped message="Cannot invoke &quot;com.microsoft.playwright.Page.screenshot(com.microsoft.playwright.Page$ScreenshotOptions)&quot; because &quot;this.page&quot; is null"/>
  </testcase>
  <testcase name="addLeadForAdditionalProjectLeadTest[Edge, Sameer, Khan, +63, Digital, Email, Prefers WhatsApp updates, Harmony, +57, CP, Tushar Bhai, Bangkok, In 3 Months, Cold, 2 Cr to 5 Cr, 5000 Sq.Ft, Commercial, Office, Lease](14)" classname="tests.AddProjectLeadTest" time="0.0">
    <skipped message="Cannot invoke &quot;com.microsoft.playwright.Page.screenshot(com.microsoft.playwright.Page$ScreenshotOptions)&quot; because &quot;this.page&quot; is null"/>
  </testcase>
  <testcase name="addLeadForAdditionalProjectLeadTest[Harmony, Neha, Kulkarni, +64, Digital, WhatsApp, Wants loan assistance, Edge, +58, CP, Tushar Bhai, Jakarta, In 6 Months, Warm, 5 Cr to 10 Cr, 5500 Sq.Ft, Commercial, Showroom, Pre-Lease](15)" classname="tests.AddProjectLeadTest" time="0.0">
    <skipped message="Cannot invoke &quot;com.microsoft.playwright.Page.screenshot(com.microsoft.playwright.Page$ScreenshotOptions)&quot; because &quot;this.page&quot; is null"/>
  </testcase>
  <testcase name="addLeadForAdditionalProjectLeadTest[Greenfield, Amit, Gupta, +66, Walkin, Website, Interested in resale, Park Lane, +81, CP, Tushar Bhai, Bali, In 1 Year +, Hot, 10 Cr to 15 Cr, 6000 Sq.Ft, Commercial, Shop, Buy](16)" classname="tests.AddProjectLeadTest" time="0.0">
    <skipped message="Cannot invoke &quot;com.microsoft.playwright.Page.screenshot(com.microsoft.playwright.Page$ScreenshotOptions)&quot; because &quot;this.page&quot; is null"/>
  </testcase>
  <testcase name="addLeadForAdditionalProjectLeadTest[Park Lane, Sneha, Reddy, +81, Walkin, Facebook, Family shifting soon, Greenfield, +82, CP, Tushar Bhai, London, Immediate, Cold, Below 50 Lakh, 6500 Sq.Ft, Residential, 2 Bhk, Invest](17)" classname="tests.AddProjectLeadTest" time="0.0">
    <skipped message="Cannot invoke &quot;com.microsoft.playwright.Page.screenshot(com.microsoft.playwright.Page$ScreenshotOptions)&quot; because &quot;this.page&quot; is null"/>
  </testcase>
  <testcase name="addLeadForAdditionalProjectLeadTest[Parkview 2, Vikram, Joshi, +82, Walkin, Instagram, Needs 3BHK apartment, Harmony, +94, CP, Tushar Bhai, Manchester, In 3 Months, Warm, 50 Lakh to 1 Cr, 7000 Sq.Ft, Residential, 3 Bhk, Lease](18)" classname="tests.AddProjectLeadTest" time="0.0">
    <skipped message="Cannot invoke &quot;com.microsoft.playwright.Page.screenshot(com.microsoft.playwright.Page$ScreenshotOptions)&quot; because &quot;this.page&quot; is null"/>
  </testcase>
  <testcase name="addLeadForAdditionalProjectLeadTest[Harmony, Pooja, Nair, +86, Walkin, LinkedIn, Asked for price list, Parkview 2, +351, CP, Tushar Bhai, Paris, In 6 Months, Hot, 1 Cr to 2 Cr, 7500 Sq.Ft, Residential, 4 Bhk, Pre-Lease](19)" classname="tests.AddProjectLeadTest" time="0.0">
    <skipped message="Cannot invoke &quot;com.microsoft.playwright.Page.screenshot(com.microsoft.playwright.Page$ScreenshotOptions)&quot; because &quot;this.page&quot; is null"/>
  </testcase>
  <testcase name="addLeadForAdditionalProjectLeadTest[Curv, Ankit, Verma, +90, Walkin, SMS, Looking for villa, Farmland, +352, CP, Tushar Bhai, Berlin, In 1 Year +, Cold, 2 Cr to 5 Cr, 8000 Sq.Ft, Residential, 5 Bhk, Buy](20)" classname="tests.AddProjectLeadTest" time="0.0">
    <skipped message="Cannot invoke &quot;com.microsoft.playwright.Page.screenshot(com.microsoft.playwright.Page$ScreenshotOptions)&quot; because &quot;this.page&quot; is null"/>
  </testcase>
  <testcase name="addLeadForAdditionalProjectLeadTest[Farmland, Deepika, Rao, +91, Walkin, YouTube, Wants rental options, Curv, +353, CP, Tushar Bhai, Frankfurt, Immediate, Warm, 5 Cr to 10 Cr, 8500 Sq.Ft, Residential, Weekend Villa, Invest](21)" classname="tests.AddProjectLeadTest" time="0.0">
    <skipped message="Cannot invoke &quot;com.microsoft.playwright.Page.screenshot(com.microsoft.playwright.Page$ScreenshotOptions)&quot; because &quot;this.page&quot; is null"/>
  </testcase>
  <testcase name="addLeadForAdditionalProjectLeadTest[The Circle, Raj, Bansal, +92, Walkin, IVRS, Needs property documents, Universal, +354, CP, Tushar Bhai, Zurich, In 3 Months, Hot, 10 Cr to 15 Cr, 9000 Sq.Ft, Commercial, Office, Lease](22)" classname="tests.AddProjectLeadTest" time="0.0">
    <skipped message="Cannot invoke &quot;com.microsoft.playwright.Page.screenshot(com.microsoft.playwright.Page$ScreenshotOptions)&quot; because &quot;this.page&quot; is null"/>
  </testcase>
  <testcase name="addLeadForAdditionalProjectLeadTest[Universal, Ayesha, Siddiqui, +93, Walkin, Google, Interested in duplex, The Circle, +355, CP, Tushar Bhai, Geneva, In 6 Months, Cold, Below 50 Lakh, 9500 Sq.Ft, Commercial, Showroom, Pre-Lease](23)" classname="tests.AddProjectLeadTest" time="0.0">
    <skipped message="Cannot invoke &quot;com.microsoft.playwright.Page.screenshot(com.microsoft.playwright.Page$ScreenshotOptions)&quot; because &quot;this.page&quot; is null"/>
  </testcase>
  <testcase name="addLeadForAdditionalProjectLeadTest[Gift 4, Karan, Malhotra, +94, Walkin, Email, Wants farmhouse, Farmland, +356, CP, Tushar Bhai, New York, In 1 Year +, Warm, 50 Lakh to 1 Cr, 10000 Sq.Ft, Commercial, Shop, Buy](24)" classname="tests.AddProjectLeadTest" time="0.0">
    <skipped message="Cannot invoke &quot;com.microsoft.playwright.Page.screenshot(com.microsoft.playwright.Page$ScreenshotOptions)&quot; because &quot;this.page&quot; is null"/>
  </testcase>
  <testcase name="addLeadForAdditionalProjectLeadTest[Farmland, Meera, Chawla, +95, Walkin, WhatsApp, Looking for commercial plot, Gift 4, +357, CP, Tushar Bhai, Los Angeles, Immediate, Hot, 1 Cr to 2 Cr, 120 Sq.Ft, Residential, 2 Bhk, Invest](25)" classname="tests.AddProjectLeadTest" time="0.0">
    <skipped message="Cannot invoke &quot;com.microsoft.playwright.Page.screenshot(com.microsoft.playwright.Page$ScreenshotOptions)&quot; because &quot;this.page&quot; is null"/>
  </testcase>
  <testcase name="addLeadForAdditionalProjectLeadTest[The Circle, Neha, Desai, +98, Walkin, Direct-Walkin, Requires site visit, Farmland, +421, CP, Tushar Bhai, San Francisco, In 3 Months, Cold, 2 Cr to 5 Cr, 150 Sq.Ft, Residential, 3 Bhk, Lease](26)" classname="tests.AddProjectLeadTest" time="0.0">
    <skipped message="Cannot invoke &quot;com.microsoft.playwright.Page.screenshot(com.microsoft.playwright.Page$ScreenshotOptions)&quot; because &quot;this.page&quot; is null"/>
  </testcase>
  <testcase name="addLeadForAdditionalProjectLeadTest[Farmland, Aditya, Patil, +211, Print Media, News Paper, Wants ready-to-move flat, Curv, +359, CP, Tushar Bhai, Toronto, In 6 Months, Warm, 5 Cr to 10 Cr, 200 Sq.Ft, Residential, 4 Bhk, Pre-Lease](27)" classname="tests.AddProjectLeadTest" time="0.0">
    <skipped message="Cannot invoke &quot;com.microsoft.playwright.Page.screenshot(com.microsoft.playwright.Page$ScreenshotOptions)&quot; because &quot;this.page&quot; is null"/>
  </testcase>
  <testcase name="addLeadForAdditionalProjectLeadTest[Curv, Ritu, Jain, +213, Print Media, Hoardings, Interested in joint venture, Farmland, +380, CP, Tushar Bhai, Vancouver, In 1 Year +, Hot, 10 Cr to 15 Cr, 250 Sq.Ft, Residential, 5 Bhk, Buy](28)" classname="tests.AddProjectLeadTest" time="0.0">
    <skipped message="Cannot invoke &quot;com.microsoft.playwright.Page.screenshot(com.microsoft.playwright.Page$ScreenshotOptions)&quot; because &quot;this.page&quot; is null"/>
  </testcase>
  <testcase name="addLeadForAdditionalProjectLeadTest[Harmony, Farhan, Ansari, +216, Print Media, Leaflets, Wants coastal property, Edge, +385, CP, Tushar Bhai, Sydney, Immediate, Cold, Below 50 Lakh, 300 Sq.Ft, Residential, Weekend Villa, Invest](29)" classname="tests.AddProjectLeadTest" time="0.0">
    <skipped message="Cannot invoke &quot;com.microsoft.playwright.Page.screenshot(com.microsoft.playwright.Page$ScreenshotOptions)&quot; because &quot;this.page&quot; is null"/>
  </testcase>
  <testcase name="addLeadForAdditionalProjectLeadTest[Edge, Shruti, Deshmukh, +65, Channel Sales, Channel Partner, Needs farmhouse land, Harmony, +386, CP, Tushar Bhai, Melbourne, In 3 Months, Warm, 50 Lakh to 1 Cr, 350 Sq.Ft, Commercial, Office, Lease](30)" classname="tests.AddProjectLeadTest" time="0.0">
    <skipped message="Cannot invoke &quot;com.microsoft.playwright.Page.screenshot(com.microsoft.playwright.Page$ScreenshotOptions)&quot; because &quot;this.page&quot; is null"/>
  </testcase>
  <testcase name="addLeadForAdditionalProjectLeadTest[The Circle, Manish, Thakur, +91, Channel Sales, ACP, Wants studio apartment, Park Lane, +387, CP, Tushar Bhai, Tokyo, In 6 Months, Hot, 1 Cr to 2 Cr, 400 Sq.Ft, Commercial, Showroom, Pre-Lease](31)" classname="tests.AddProjectLeadTest" time="0.0">
    <skipped message="Cannot invoke &quot;com.microsoft.playwright.Page.screenshot(com.microsoft.playwright.Page$ScreenshotOptions)&quot; because &quot;this.page&quot; is null"/>
  </testcase>
  <testcase name="addLeadForBasicProjectLead[Gift 4, Aarav, Sharma, +93, Event, GIHED, Interested in real estate](1)" classname="tests.AddProjectLeadTest" time="0.0">
    <skipped message="Cannot invoke &quot;com.microsoft.playwright.Page.screenshot(com.microsoft.playwright.Page$ScreenshotOptions)&quot; because &quot;this.page&quot; is null"/>
  </testcase>
  <testcase name="addLeadForBasicProjectLead[Farmland, Priya, Khan, +20, Event, Property Event, Looking for investment](2)" classname="tests.AddProjectLeadTest" time="0.0">
    <skipped message="Cannot invoke &quot;com.microsoft.playwright.Page.screenshot(com.microsoft.playwright.Page$ScreenshotOptions)&quot; because &quot;this.page&quot; is null"/>
  </testcase>
  <testcase name="addLeadForBasicProjectLead[Universal, Rohan, Patel, +27, Event, Investor Meet, Wants quick callback](3)" classname="tests.AddProjectLeadTest" time="0.0">
    <skipped message="Cannot invoke &quot;com.microsoft.playwright.Page.screenshot(com.microsoft.playwright.Page$ScreenshotOptions)&quot; because &quot;this.page&quot; is null"/>
  </testcase>
  <testcase name="addLeadForBasicProjectLead[The Circle, Simran, Joshi, +30, Event, Channel Partner Event, Needs brochure](4)" classname="tests.AddProjectLeadTest" time="0.0">
    <skipped message="Cannot invoke &quot;com.microsoft.playwright.Page.screenshot(com.microsoft.playwright.Page$ScreenshotOptions)&quot; because &quot;this.page&quot; is null"/>
  </testcase>
  <testcase name="addLeadForBasicProjectLead[SPlus, Karan, Mehta, +31, Digital, Website, Prefers email communication](5)" classname="tests.AddProjectLeadTest" time="0.0">
    <skipped message="Cannot invoke &quot;com.microsoft.playwright.Page.screenshot(com.microsoft.playwright.Page$ScreenshotOptions)&quot; because &quot;this.page&quot; is null"/>
  </testcase>
  <testcase name="addLeadForBasicProjectLead[Curv, Neha, Desai, +32, Digital, Facebook, Requested site visit](6)" classname="tests.AddProjectLeadTest" time="0.0">
    <skipped message="Cannot invoke &quot;com.microsoft.playwright.Page.screenshot(com.microsoft.playwright.Page$ScreenshotOptions)&quot; because &quot;this.page&quot; is null"/>
  </testcase>
  <testcase name="addLeadForBasicProjectLead[Skyview, Raj, Verma, +33, Digital, Instagram, Interested in 2BHK](7)" classname="tests.AddProjectLeadTest" time="0.0">
    <skipped message="Cannot invoke &quot;com.microsoft.playwright.Page.screenshot(com.microsoft.playwright.Page$ScreenshotOptions)&quot; because &quot;this.page&quot; is null"/>
  </testcase>
  <testcase name="addLeadForBasicProjectLead[Greenview, Isha, Gupta, +34, Digital, LinkedIn, Budget under 50L](8)" classname="tests.AddProjectLeadTest" time="0.0">
    <skipped message="Cannot invoke &quot;com.microsoft.playwright.Page.screenshot(com.microsoft.playwright.Page$ScreenshotOptions)&quot; because &quot;this.page&quot; is null"/>
  </testcase>
  <testcase name="addLeadForBasicProjectLead[Harmony, Arjun, Mehta, +49, Digital, SMS, Asked for EMI options](9)" classname="tests.AddProjectLeadTest" time="0.0">
    <skipped message="Cannot invoke &quot;com.microsoft.playwright.Page.screenshot(com.microsoft.playwright.Page$ScreenshotOptions)&quot; because &quot;this.page&quot; is null"/>
  </testcase>
  <testcase name="addLeadForBasicProjectLead[Edge, Priya, Sharma, +52, Digital, YouTube, Wants luxury property](10)" classname="tests.AddProjectLeadTest" time="0.0">
    <skipped message="Cannot invoke &quot;com.microsoft.playwright.Page.screenshot(com.microsoft.playwright.Page$ScreenshotOptions)&quot; because &quot;this.page&quot; is null"/>
  </testcase>
  <testcase name="addLeadForBasicProjectLead[Parkview 2, Rohan, Desai, +55, Digital, IVRS, Interested in office space](11)" classname="tests.AddProjectLeadTest" time="0.0">
    <skipped message="Cannot invoke &quot;com.microsoft.playwright.Page.screenshot(com.microsoft.playwright.Page$ScreenshotOptions)&quot; because &quot;this.page&quot; is null"/>
  </testcase>
  <testcase name="addLeadForBasicProjectLead[Trophy, Kavita, Iyer, +62, Digital, Google, Student housing required](12)" classname="tests.AddProjectLeadTest" time="0.0">
    <skipped message="Cannot invoke &quot;com.microsoft.playwright.Page.screenshot(com.microsoft.playwright.Page$ScreenshotOptions)&quot; because &quot;this.page&quot; is null"/>
  </testcase>
  <testcase name="addLeadForBasicProjectLead[Park Lane, Sameer, Khan, +63, Digital, Email, Prefers WhatsApp updates](13)" classname="tests.AddProjectLeadTest" time="0.0">
    <skipped message="Cannot invoke &quot;com.microsoft.playwright.Page.screenshot(com.microsoft.playwright.Page$ScreenshotOptions)&quot; because &quot;this.page&quot; is null"/>
  </testcase>
  <testcase name="addLeadForBasicProjectLead[Crown, Neha, Kulkarni, +64, Digital, WhatsApp, Wants loan assistance](14)" classname="tests.AddProjectLeadTest" time="0.0">
    <skipped message="Cannot invoke &quot;com.microsoft.playwright.Page.screenshot(com.microsoft.playwright.Page$ScreenshotOptions)&quot; because &quot;this.page&quot; is null"/>
  </testcase>
  <testcase name="addLeadForBasicProjectLead[Wave, Amit, Gupta, +66, Walkin, Website, Interested in resale](15)" classname="tests.AddProjectLeadTest" time="0.0">
    <skipped message="Cannot invoke &quot;com.microsoft.playwright.Page.screenshot(com.microsoft.playwright.Page$ScreenshotOptions)&quot; because &quot;this.page&quot; is null"/>
  </testcase>
  <testcase name="addLeadForBasicProjectLead[Greenfield, Sneha, Reddy, +81, Walkin, Facebook, Family shifting soon](16)" classname="tests.AddProjectLeadTest" time="0.0">
    <skipped message="Cannot invoke &quot;com.microsoft.playwright.Page.screenshot(com.microsoft.playwright.Page$ScreenshotOptions)&quot; because &quot;this.page&quot; is null"/>
  </testcase>
  <testcase name="addLeadForBasicProjectLead[SPlus, Vikram, Joshi, +82, Walkin, Instagram, Needs 3BHK apartment](17)" classname="tests.AddProjectLeadTest" time="0.0">
    <skipped message="Cannot invoke &quot;com.microsoft.playwright.Page.screenshot(com.microsoft.playwright.Page$ScreenshotOptions)&quot; because &quot;this.page&quot; is null"/>
  </testcase>
  <testcase name="addLeadForBasicProjectLead[Curv, Pooja, Nair, +86, Walkin, LinkedIn, Asked for price list](18)" classname="tests.AddProjectLeadTest" time="0.0">
    <skipped message="Cannot invoke &quot;com.microsoft.playwright.Page.screenshot(com.microsoft.playwright.Page$ScreenshotOptions)&quot; because &quot;this.page&quot; is null"/>
  </testcase>
  <testcase name="addLeadForBasicProjectLead[Skyview, Ankit, Verma, +90, Walkin, SMS, Looking for villa](19)" classname="tests.AddProjectLeadTest" time="0.0">
    <skipped message="Cannot invoke &quot;com.microsoft.playwright.Page.screenshot(com.microsoft.playwright.Page$ScreenshotOptions)&quot; because &quot;this.page&quot; is null"/>
  </testcase>
  <testcase name="addLeadForBasicProjectLead[Greenview, Deepika, Rao, +91, Walkin, YouTube, Wants rental options](20)" classname="tests.AddProjectLeadTest" time="0.0">
    <skipped message="Cannot invoke &quot;com.microsoft.playwright.Page.screenshot(com.microsoft.playwright.Page$ScreenshotOptions)&quot; because &quot;this.page&quot; is null"/>
  </testcase>
  <testcase name="addLeadForBasicProjectLead[Harmony, Raj, Bansal, +92, Walkin, IVRS, Needs property documents](21)" classname="tests.AddProjectLeadTest" time="0.0">
    <skipped message="Cannot invoke &quot;com.microsoft.playwright.Page.screenshot(com.microsoft.playwright.Page$ScreenshotOptions)&quot; because &quot;this.page&quot; is null"/>
  </testcase>
  <testcase name="addLeadForBasicProjectLead[Edge, Ayesha, Siddiqui, +93, Walkin, Google, Interested in duplex](22)" classname="tests.AddProjectLeadTest" time="0.0">
    <skipped message="Cannot invoke &quot;com.microsoft.playwright.Page.screenshot(com.microsoft.playwright.Page$ScreenshotOptions)&quot; because &quot;this.page&quot; is null"/>
  </testcase>
  <testcase name="addLeadForBasicProjectLead[Trophy, Karan, Malhotra, +94, Walkin, Email, Wants farmhouse](23)" classname="tests.AddProjectLeadTest" time="0.0">
    <skipped message="Cannot invoke &quot;com.microsoft.playwright.Page.screenshot(com.microsoft.playwright.Page$ScreenshotOptions)&quot; because &quot;this.page&quot; is null"/>
  </testcase>
  <testcase name="addLeadForBasicProjectLead[Crown, Meera, Chawla, +95, Walkin, WhatsApp, Looking for commercial plot](24)" classname="tests.AddProjectLeadTest" time="0.0">
    <skipped message="Cannot invoke &quot;com.microsoft.playwright.Page.screenshot(com.microsoft.playwright.Page$ScreenshotOptions)&quot; because &quot;this.page&quot; is null"/>
  </testcase>
  <testcase name="addLeadForBasicProjectLead[Trophy, Neha, Desai, +98, Walkin, Direct-Walkin, Requires site visit](25)" classname="tests.AddProjectLeadTest" time="0.0">
    <skipped message="Cannot invoke &quot;com.microsoft.playwright.Page.screenshot(com.microsoft.playwright.Page$ScreenshotOptions)&quot; because &quot;this.page&quot; is null"/>
  </testcase>
  <testcase name="addLeadForBasicProjectLead[Harmony, Aditya, Patil, +211, Print Media, News Paper, Wants ready-to-move flat](26)" classname="tests.AddProjectLeadTest" time="0.0">
    <skipped message="Cannot invoke &quot;com.microsoft.playwright.Page.screenshot(com.microsoft.playwright.Page$ScreenshotOptions)&quot; because &quot;this.page&quot; is null"/>
  </testcase>
  <testcase name="addLeadForBasicProjectLead[Edge, Ritu, Jain, +213, Print Media, Hoardings, Interested in joint venture](27)" classname="tests.AddProjectLeadTest" time="0.0">
    <skipped message="Cannot invoke &quot;com.microsoft.playwright.Page.screenshot(com.microsoft.playwright.Page$ScreenshotOptions)&quot; because &quot;this.page&quot; is null"/>
  </testcase>
  <testcase name="addLeadForBasicProjectLead[Trophy, Farhan, Ansari, +216, Print Media, Leaflets, Wants coastal property](28)" classname="tests.AddProjectLeadTest" time="0.0">
    <skipped message="Cannot invoke &quot;com.microsoft.playwright.Page.screenshot(com.microsoft.playwright.Page$ScreenshotOptions)&quot; because &quot;this.page&quot; is null"/>
  </testcase>
  <testcase name="addLeadForBasicProjectLead[Crown, Shruti, Deshmukh, +65, Channel Sales, Channel Partner, Needs farmhouse land](29)" classname="tests.AddProjectLeadTest" time="0.0">
    <skipped message="Cannot invoke &quot;com.microsoft.playwright.Page.screenshot(com.microsoft.playwright.Page$ScreenshotOptions)&quot; because &quot;this.page&quot; is null"/>
  </testcase>
  <testcase name="addLeadForBasicProjectLead[Curv, Manish, Thakur, +91, Channel Sales, ACP, Wants studio apartment](30)" classname="tests.AddProjectLeadTest" time="0.0">
    <skipped message="Cannot invoke &quot;com.microsoft.playwright.Page.screenshot(com.microsoft.playwright.Page$ScreenshotOptions)&quot; because &quot;this.page&quot; is null"/>
  </testcase>
  <testcase name="addLeadForAdditionalFundLeadTest[The Pre-Launch Fund, Arjun, Mehta, +234, Event, GIHED, Interested in real estate, +33, CP, Tushar Bhai, Mumbai, Immediate, Hot, Below 50 Lakh, 500 Sq.Ft, Residential, 2 Bhk, Buy](1)" classname="tests.AddFundLeadTest" time="0.005">
    <failure message="Cannot invoke &quot;pages.AddFundLeadPage.addLeadWithAdditional(String, String, String, String, String, String, String, String, String, String, String, String, String, String, String, String, String, String, String, String, String)&quot; because &quot;this.addfundLead&quot; is null" type="java.lang.NullPointerException"><![CDATA[java.lang.NullPointerException: Cannot invoke "pages.AddFundLeadPage.addLeadWithAdditional(String, String, String, String, String, String, String, String, String, String, String, String, String, String, String, String, String, String, String, String, String)" because "this.addfundLead" is null
	at tests.AddFundLeadTest.addLeadForAdditionalFundLeadTest(AddFundLeadTest.java:207)
	at java.base/jdk.internal.reflect.DirectMethodHandleAccessor.invoke(DirectMethodHandleAccessor.java:103)
	at java.base/java.lang.reflect.Method.invoke(Method.java:580)
	at org.testng.internal.invokers.MethodInvocationHelper.invokeMethod(MethodInvocationHelper.java:139)
	at org.testng.internal.invokers.TestInvoker.invokeMethod(TestInvoker.java:664)
	at org.testng.internal.invokers.TestInvoker.invokeTestMethod(TestInvoker.java:228)
	at org.testng.internal.invokers.MethodRunner.runInSequence(MethodRunner.java:63)
	at org.testng.internal.invokers.TestInvoker$MethodInvocationAgent.invoke(TestInvoker.java:961)
	at org.testng.internal.invokers.TestInvoker.invokeTestMethods(TestInvoker.java:201)
	at org.testng.internal.invokers.TestMethodWorker.invokeTestMethods(TestMethodWorker.java:148)
	at org.testng.internal.invokers.TestMethodWorker.run(TestMethodWorker.java:128)
	at java.base/java.util.ArrayList.forEach(ArrayList.java:1596)
	at org.testng.TestRunner.privateRun(TestRunner.java:819)
	at org.testng.TestRunner.run(TestRunner.java:619)
	at org.testng.SuiteRunner.runTest(SuiteRunner.java:443)
	at org.testng.SuiteRunner.runSequentially(SuiteRunner.java:437)
	at org.testng.SuiteRunner.privateRun(SuiteRunner.java:397)
	at org.testng.SuiteRunner.run(SuiteRunner.java:336)
	at org.testng.SuiteRunnerWorker.runSuite(SuiteRunnerWorker.java:52)
	at org.testng.SuiteRunnerWorker.run(SuiteRunnerWorker.java:95)
	at org.testng.TestNG.runSuitesSequentially(TestNG.java:1301)
	at org.testng.TestNG.runSuitesLocally(TestNG.java:1228)
	at org.testng.TestNG.runSuites(TestNG.java:1134)
	at org.testng.TestNG.run(TestNG.java:1101)
	at org.apache.maven.surefire.testng.TestNGExecutor.run(TestNGExecutor.java:155)
	at org.apache.maven.surefire.testng.TestNGDirectoryTestSuite.executeMulti(TestNGDirectoryTestSuite.java:169)
	at org.apache.maven.surefire.testng.TestNGDirectoryTestSuite.execute(TestNGDirectoryTestSuite.java:88)
	at org.apache.maven.surefire.testng.TestNGProvider.invoke(TestNGProvider.java:137)
	at org.apache.maven.surefire.booter.ForkedBooter.runSuitesInProcess(ForkedBooter.java:385)
	at org.apache.maven.surefire.booter.ForkedBooter.execute(ForkedBooter.java:162)
	at org.apache.maven.surefire.booter.ForkedBooter.run(ForkedBooter.java:507)
	at org.apache.maven.surefire.booter.ForkedBooter.main(ForkedBooter.java:495)
]]></failure>
  </testcase>
  <testcase name="takeScreenshot[[TestResult name=addLeadForAdditionalFundLeadTest status=FAILURE method=AddFundLeadTest.addLeadForAdditionalFundLeadTest(java.lang.String,java.lang.String,java.lang.String,java.lang.String,java.lang.String,java.lang.String,java.lang.String,java.lang.String,java.lang.String,java.lang.String,java.lang.String,java.lang.String,java.lang.String,java.lang.String,java.lang.String,java.lang.String,java.lang.String,java.lang.String)[pri:0, instance:tests.AddFundLeadTest@18d87d80] output={null}]](0)" classname="tests.AddFundLeadTest" time="0.009">
    <failure message="Cannot invoke &quot;com.microsoft.playwright.Page.screenshot(com.microsoft.playwright.Page$ScreenshotOptions)&quot; because &quot;this.page&quot; is null" type="java.lang.NullPointerException"><![CDATA[java.lang.NullPointerException: Cannot invoke "com.microsoft.playwright.Page.screenshot(com.microsoft.playwright.Page$ScreenshotOptions)" because "this.page" is null
	at tests.AddFundLeadTest.takeScreenshot(AddFundLeadTest.java:30)
	at java.base/jdk.internal.reflect.DirectMethodHandleAccessor.invoke(DirectMethodHandleAccessor.java:103)
	at java.base/java.lang.reflect.Method.invoke(Method.java:580)
	at org.testng.internal.invokers.MethodInvocationHelper.invokeMethod(MethodInvocationHelper.java:139)
	at org.testng.internal.invokers.MethodInvocationHelper.invokeMethodConsideringTimeout(MethodInvocationHelper.java:69)
	at org.testng.internal.invokers.ConfigInvoker.invokeConfigurationMethod(ConfigInvoker.java:393)
	at org.testng.internal.invokers.ConfigInvoker.invokeConfigurations(ConfigInvoker.java:326)
	at org.testng.internal.invokers.TestInvoker.runConfigMethods(TestInvoker.java:810)
	at org.testng.internal.invokers.TestInvoker.runAfterConfigurations(TestInvoker.java:779)
	at org.testng.internal.invokers.TestInvoker.invokeMethod(TestInvoker.java:755)
	at org.testng.internal.invokers.TestInvoker.invokeTestMethod(TestInvoker.java:228)
	at org.testng.internal.invokers.MethodRunner.runInSequence(MethodRunner.java:63)
	at org.testng.internal.invokers.TestInvoker$MethodInvocationAgent.invoke(TestInvoker.java:961)
	at org.testng.internal.invokers.TestInvoker.invokeTestMethods(TestInvoker.java:201)
	at org.testng.internal.invokers.TestMethodWorker.invokeTestMethods(TestMethodWorker.java:148)
	at org.testng.internal.invokers.TestMethodWorker.run(TestMethodWorker.java:128)
	at java.base/java.util.ArrayList.forEach(ArrayList.java:1596)
	at org.testng.TestRunner.privateRun(TestRunner.java:819)
	at org.testng.TestRunner.run(TestRunner.java:619)
	at org.testng.SuiteRunner.runTest(SuiteRunner.java:443)
	at org.testng.SuiteRunner.runSequentially(SuiteRunner.java:437)
	at org.testng.SuiteRunner.privateRun(SuiteRunner.java:397)
	at org.testng.SuiteRunner.run(SuiteRunner.java:336)
	at org.testng.SuiteRunnerWorker.runSuite(SuiteRunnerWorker.java:52)
	at org.testng.SuiteRunnerWorker.run(SuiteRunnerWorker.java:95)
	at org.testng.TestNG.runSuitesSequentially(TestNG.java:1301)
	at org.testng.TestNG.runSuitesLocally(TestNG.java:1228)
	at org.testng.TestNG.runSuites(TestNG.java:1134)
	at org.testng.TestNG.run(TestNG.java:1101)
	at org.apache.maven.surefire.testng.TestNGExecutor.run(TestNGExecutor.java:155)
	at org.apache.maven.surefire.testng.TestNGDirectoryTestSuite.executeMulti(TestNGDirectoryTestSuite.java:169)
	at org.apache.maven.surefire.testng.TestNGDirectoryTestSuite.execute(TestNGDirectoryTestSuite.java:88)
	at org.apache.maven.surefire.testng.TestNGProvider.invoke(TestNGProvider.java:137)
	at org.apache.maven.surefire.booter.ForkedBooter.runSuitesInProcess(ForkedBooter.java:385)
	at org.apache.maven.surefire.booter.ForkedBooter.execute(ForkedBooter.java:162)
	at org.apache.maven.surefire.booter.ForkedBooter.run(ForkedBooter.java:507)
	at org.apache.maven.surefire.booter.ForkedBooter.main(ForkedBooter.java:495)
]]></failure>
  </testcase>
  <testcase name="tearDown" classname="tests.AddFundLeadTest" time="0.0">
    <skipped/>
  </testcase>
  <testcase name="tearDown" classname="tests.AddFundLeadTest" time="0.0">
    <skipped/>
  </testcase>
  <testcase name="tearDown" classname="tests.AddFundLeadTest" time="0.0">
    <skipped/>
  </testcase>
  <testcase name="tearDown" classname="tests.AddFundLeadTest" time="0.0">
    <skipped/>
  </testcase>
  <testcase name="tearDown" classname="tests.AddFundLeadTest" time="0.0">
    <skipped/>
  </testcase>
  <testcase name="tearDown" classname="tests.AddFundLeadTest" time="0.0">
    <skipped/>
  </testcase>
  <testcase name="tearDown" classname="tests.AddFundLeadTest" time="0.0">
    <skipped/>
  </testcase>
  <testcase name="tearDown" classname="tests.AddFundLeadTest" time="0.0">
    <skipped/>
  </testcase>
  <testcase name="tearDown" classname="tests.AddFundLeadTest" time="0.0">
    <skipped/>
  </testcase>
  <testcase name="tearDown" classname="tests.AddFundLeadTest" time="0.0">
    <skipped/>
  </testcase>
  <testcase name="tearDown" classname="tests.AddFundLeadTest" time="0.0">
    <skipped/>
  </testcase>
  <testcase name="tearDown" classname="tests.AddFundLeadTest" time="0.0">
    <skipped/>
  </testcase>
  <testcase name="tearDown" classname="tests.AddFundLeadTest" time="0.0">
    <skipped/>
  </testcase>
  <testcase name="tearDown" classname="tests.AddFundLeadTest" time="0.0">
    <skipped/>
  </testcase>
  <testcase name="tearDown" classname="tests.AddFundLeadTest" time="0.0">
    <skipped/>
  </testcase>
  <testcase name="tearDown" classname="tests.AddFundLeadTest" time="0.0">
    <skipped/>
  </testcase>
  <testcase name="tearDown" classname="tests.AddFundLeadTest" time="0.0">
    <skipped/>
  </testcase>
  <testcase name="tearDown" classname="tests.AddFundLeadTest" time="0.0">
    <skipped/>
  </testcase>
  <testcase name="tearDown" classname="tests.AddFundLeadTest" time="0.0">
    <skipped/>
  </testcase>
  <testcase name="tearDown" classname="tests.AddFundLeadTest" time="0.0">
    <skipped/>
  </testcase>
  <testcase name="tearDown" classname="tests.AddFundLeadTest" time="0.0">
    <skipped/>
  </testcase>
  <testcase name="tearDown" classname="tests.AddFundLeadTest" time="0.0">
    <skipped/>
  </testcase>
  <testcase name="tearDown" classname="tests.AddFundLeadTest" time="0.0">
    <skipped/>
  </testcase>
  <testcase name="tearDown" classname="tests.AddFundLeadTest" time="0.0">
    <skipped/>
  </testcase>
  <testcase name="tearDown" classname="tests.AddFundLeadTest" time="0.0">
    <skipped/>
  </testcase>
  <testcase name="tearDown" classname="tests.AddFundLeadTest" time="0.0">
    <skipped/>
  </testcase>
  <testcase name="tearDown" classname="tests.AddFundLeadTest" time="0.0">
    <skipped/>
  </testcase>
  <testcase name="tearDown" classname="tests.AddFundLeadTest" time="0.0">
    <skipped/>
  </testcase>
  <testcase name="tearDown" classname="tests.AddFundLeadTest" time="0.0">
    <skipped/>
  </testcase>
  <testcase name="tearDown" classname="tests.AddFundLeadTest" time="0.0">
    <skipped/>
  </testcase>
  <testcase name="tearDown" classname="tests.AddFundLeadTest" time="0.0">
    <skipped/>
  </testcase>
  <testcase name="tearDown" classname="tests.AddFundLeadTest" time="0.0">
    <skipped/>
  </testcase>
  <testcase name="tearDown" classname="tests.AddFundLeadTest" time="0.0">
    <skipped/>
  </testcase>
  <testcase name="tearDown" classname="tests.AddFundLeadTest" time="0.0">
    <skipped/>
  </testcase>
  <testcase name="tearDown" classname="tests.AddFundLeadTest" time="0.0">
    <skipped/>
  </testcase>
  <testcase name="tearDown" classname="tests.AddFundLeadTest" time="0.0">
    <skipped/>
  </testcase>
  <testcase name="tearDown" classname="tests.AddFundLeadTest" time="0.0">
    <skipped/>
  </testcase>
  <testcase name="tearDown" classname="tests.AddFundLeadTest" time="0.0">
    <skipped/>
  </testcase>
  <testcase name="tearDown" classname="tests.AddFundLeadTest" time="0.0">
    <skipped/>
  </testcase>
  <testcase name="tearDown" classname="tests.AddFundLeadTest" time="0.0">
    <skipped/>
  </testcase>
  <testcase name="tearDown" classname="tests.AddFundLeadTest" time="0.0">
    <skipped/>
  </testcase>
  <testcase name="tearDown" classname="tests.AddFundLeadTest" time="0.0">
    <skipped/>
  </testcase>
  <testcase name="tearDown" classname="tests.AddFundLeadTest" time="0.0">
    <skipped/>
  </testcase>
  <testcase name="tearDown" classname="tests.AddFundLeadTest" time="0.0">
    <skipped/>
  </testcase>
  <testcase name="tearDown" classname="tests.AddFundLeadTest" time="0.0">
    <skipped/>
  </testcase>
  <testcase name="tearDown" classname="tests.AddFundLeadTest" time="0.0">
    <skipped/>
  </testcase>
  <testcase name="tearDown" classname="tests.AddFundLeadTest" time="0.0">
    <skipped/>
  </testcase>
  <testcase name="tearDown" classname="tests.AddFundLeadTest" time="0.0">
    <skipped/>
  </testcase>
  <testcase name="tearDown" classname="tests.AddFundLeadTest" time="0.0">
    <skipped/>
  </testcase>
  <testcase name="tearDown" classname="tests.AddFundLeadTest" time="0.0">
    <skipped/>
  </testcase>
  <testcase name="tearDown" classname="tests.AddFundLeadTest" time="0.0">
    <skipped/>
  </testcase>
  <testcase name="tearDown" classname="tests.AddFundLeadTest" time="0.0">
    <skipped/>
  </testcase>
  <testcase name="tearDown" classname="tests.AddFundLeadTest" time="0.0">
    <skipped/>
  </testcase>
  <testcase name="tearDown" classname="tests.AddFundLeadTest" time="0.0">
    <skipped/>
  </testcase>
  <testcase name="tearDown" classname="tests.AddFundLeadTest" time="0.0">
    <skipped/>
  </testcase>
  <testcase name="tearDown" classname="tests.AddFundLeadTest" time="0.0">
    <skipped/>
  </testcase>
  <testcase name="tearDown" classname="tests.AddFundLeadTest" time="0.0">
    <skipped/>
  </testcase>
  <testcase name="tearDown" classname="tests.AddFundLeadTest" time="0.0">
    <skipped/>
  </testcase>
  <testcase name="tearDown" classname="tests.AddFundLeadTest" time="0.0">
    <skipped/>
  </testcase>
  <testcase name="tearDown" classname="tests.AddFundLeadTest" time="0.0">
    <skipped/>
  </testcase>
  <testcase name="tearDown" classname="tests.AddFundLeadTest" time="0.0">
    <skipped/>
  </testcase>
  <testcase name="addLeadForAdditionalFundLeadTest[Universal, Aarav, Sharma, +93, Event, GIHED, Interested in real estate, +36, CP, Tushar Bhai, Delhi, In 3 Months, Cold, 50 Lakh to 1 Cr, 750 Sq.Ft, Residential, 3 Bhk, Invest](2)" classname="tests.AddFundLeadTest" time="0.0">
    <skipped message="Cannot invoke &quot;com.microsoft.playwright.Page.screenshot(com.microsoft.playwright.Page$ScreenshotOptions)&quot; because &quot;this.page&quot; is null"/>
  </testcase>
  <testcase name="takeScreenshot" classname="tests.AddFundLeadTest" time="0.0">
    <skipped/>
  </testcase>
  <testcase name="takeScreenshot" classname="tests.AddFundLeadTest" time="0.0">
    <skipped/>
  </testcase>
  <testcase name="takeScreenshot" classname="tests.AddFundLeadTest" time="0.0">
    <skipped/>
  </testcase>
  <testcase name="takeScreenshot" classname="tests.AddFundLeadTest" time="0.0">
    <skipped/>
  </testcase>
  <testcase name="takeScreenshot" classname="tests.AddFundLeadTest" time="0.0">
    <skipped/>
  </testcase>
  <testcase name="takeScreenshot" classname="tests.AddFundLeadTest" time="0.0">
    <skipped/>
  </testcase>
  <testcase name="takeScreenshot" classname="tests.AddFundLeadTest" time="0.0">
    <skipped/>
  </testcase>
  <testcase name="takeScreenshot" classname="tests.AddFundLeadTest" time="0.0">
    <skipped/>
  </testcase>
  <testcase name="takeScreenshot" classname="tests.AddFundLeadTest" time="0.0">
    <skipped/>
  </testcase>
  <testcase name="takeScreenshot" classname="tests.AddFundLeadTest" time="0.0">
    <skipped/>
  </testcase>
  <testcase name="takeScreenshot" classname="tests.AddFundLeadTest" time="0.0">
    <skipped/>
  </testcase>
  <testcase name="takeScreenshot" classname="tests.AddFundLeadTest" time="0.0">
    <skipped/>
  </testcase>
  <testcase name="takeScreenshot" classname="tests.AddFundLeadTest" time="0.0">
    <skipped/>
  </testcase>
  <testcase name="takeScreenshot" classname="tests.AddFundLeadTest" time="0.0">
    <skipped/>
  </testcase>
  <testcase name="takeScreenshot" classname="tests.AddFundLeadTest" time="0.0">
    <skipped/>
  </testcase>
  <testcase name="takeScreenshot" classname="tests.AddFundLeadTest" time="0.0">
    <skipped/>
  </testcase>
  <testcase name="takeScreenshot" classname="tests.AddFundLeadTest" time="0.0">
    <skipped/>
  </testcase>
  <testcase name="takeScreenshot" classname="tests.AddFundLeadTest" time="0.0">
    <skipped/>
  </testcase>
  <testcase name="takeScreenshot" classname="tests.AddFundLeadTest" time="0.0">
    <skipped/>
  </testcase>
  <testcase name="takeScreenshot" classname="tests.AddFundLeadTest" time="0.0">
    <skipped/>
  </testcase>
  <testcase name="takeScreenshot" classname="tests.AddFundLeadTest" time="0.0">
    <skipped/>
  </testcase>
  <testcase name="takeScreenshot" classname="tests.AddFundLeadTest" time="0.0">
    <skipped/>
  </testcase>
  <testcase name="takeScreenshot" classname="tests.AddFundLeadTest" time="0.0">
    <skipped/>
  </testcase>
  <testcase name="takeScreenshot" classname="tests.AddFundLeadTest" time="0.0">
    <skipped/>
  </testcase>
  <testcase name="takeScreenshot" classname="tests.AddFundLeadTest" time="0.0">
    <skipped/>
  </testcase>
  <testcase name="takeScreenshot" classname="tests.AddFundLeadTest" time="0.0">
    <skipped/>
  </testcase>
  <testcase name="takeScreenshot" classname="tests.AddFundLeadTest" time="0.0">
    <skipped/>
  </testcase>
  <testcase name="takeScreenshot" classname="tests.AddFundLeadTest" time="0.0">
    <skipped/>
  </testcase>
  <testcase name="takeScreenshot" classname="tests.AddFundLeadTest" time="0.0">
    <skipped/>
  </testcase>
  <testcase name="takeScreenshot" classname="tests.AddFundLeadTest" time="0.0">
    <skipped/>
  </testcase>
  <testcase name="takeScreenshot" classname="tests.AddFundLeadTest" time="0.0">
    <skipped/>
  </testcase>
  <testcase name="takeScreenshot" classname="tests.AddFundLeadTest" time="0.0">
    <skipped/>
  </testcase>
  <testcase name="takeScreenshot" classname="tests.AddFundLeadTest" time="0.0">
    <skipped/>
  </testcase>
  <testcase name="takeScreenshot" classname="tests.AddFundLeadTest" time="0.0">
    <skipped/>
  </testcase>
  <testcase name="takeScreenshot" classname="tests.AddFundLeadTest" time="0.0">
    <skipped/>
  </testcase>
  <testcase name="takeScreenshot" classname="tests.AddFundLeadTest" time="0.0">
    <skipped/>
  </testcase>
  <testcase name="takeScreenshot" classname="tests.AddFundLeadTest" time="0.0">
    <skipped/>
  </testcase>
  <testcase name="takeScreenshot" classname="tests.AddFundLeadTest" time="0.0">
    <skipped/>
  </testcase>
  <testcase name="takeScreenshot" classname="tests.AddFundLeadTest" time="0.0">
    <skipped/>
  </testcase>
  <testcase name="takeScreenshot" classname="tests.AddFundLeadTest" time="0.0">
    <skipped/>
  </testcase>
  <testcase name="takeScreenshot" classname="tests.AddFundLeadTest" time="0.0">
    <skipped/>
  </testcase>
  <testcase name="takeScreenshot" classname="tests.AddFundLeadTest" time="0.0">
    <skipped/>
  </testcase>
  <testcase name="takeScreenshot" classname="tests.AddFundLeadTest" time="0.0">
    <skipped/>
  </testcase>
  <testcase name="takeScreenshot" classname="tests.AddFundLeadTest" time="0.0">
    <skipped/>
  </testcase>
  <testcase name="takeScreenshot" classname="tests.AddFundLeadTest" time="0.0">
    <skipped/>
  </testcase>
  <testcase name="takeScreenshot" classname="tests.AddFundLeadTest" time="0.0">
    <skipped/>
  </testcase>
  <testcase name="takeScreenshot" classname="tests.AddFundLeadTest" time="0.0">
    <skipped/>
  </testcase>
  <testcase name="takeScreenshot" classname="tests.AddFundLeadTest" time="0.0">
    <skipped/>
  </testcase>
  <testcase name="takeScreenshot" classname="tests.AddFundLeadTest" time="0.0">
    <skipped/>
  </testcase>
  <testcase name="takeScreenshot" classname="tests.AddFundLeadTest" time="0.0">
    <skipped/>
  </testcase>
  <testcase name="takeScreenshot" classname="tests.AddFundLeadTest" time="0.0">
    <skipped/>
  </testcase>
  <testcase name="takeScreenshot" classname="tests.AddFundLeadTest" time="0.0">
    <skipped/>
  </testcase>
  <testcase name="takeScreenshot" classname="tests.AddFundLeadTest" time="0.0">
    <skipped/>
  </testcase>
  <testcase name="takeScreenshot" classname="tests.AddFundLeadTest" time="0.0">
    <skipped/>
  </testcase>
  <testcase name="takeScreenshot" classname="tests.AddFundLeadTest" time="0.0">
    <skipped/>
  </testcase>
  <testcase name="takeScreenshot" classname="tests.AddFundLeadTest" time="0.0">
    <skipped/>
  </testcase>
  <testcase name="takeScreenshot" classname="tests.AddFundLeadTest" time="0.0">
    <skipped/>
  </testcase>
  <testcase name="takeScreenshot" classname="tests.AddFundLeadTest" time="0.0">
    <skipped/>
  </testcase>
  <testcase name="takeScreenshot" classname="tests.AddFundLeadTest" time="0.0">
    <skipped/>
  </testcase>
  <testcase name="takeScreenshot" classname="tests.AddFundLeadTest" time="0.0">
    <skipped/>
  </testcase>
  <testcase name="addLeadForAdditionalFundLeadTest[The Pre-Launch Fund, Priya, Khan, +20, Event, Property Event, Looking for investment, +40, CP, Tushar Bhai, Bangalore, In 6 Months, Warm, 1 Cr to 2 Cr, 1000 Sq.Ft, Residential, 4 Bhk, Lease](3)" classname="tests.AddFundLeadTest" time="0.0">
    <skipped message="Cannot invoke &quot;com.microsoft.playwright.Page.screenshot(com.microsoft.playwright.Page$ScreenshotOptions)&quot; because &quot;this.page&quot; is null"/>
  </testcase>
  <testcase name="addLeadForAdditionalFundLeadTest[Universal, Rohan, Patel, +27, Event, Investor Meet, Wants quick callback, +41, CP, Tushar Bhai, Hyderabad, In 1 Year +, Hot, 2 Cr to 5 Cr, 1200 Sq.Ft, Residential, 5 Bhk, Pre-Lease](4)" classname="tests.AddFundLeadTest" time="0.0">
    <skipped message="Cannot invoke &quot;com.microsoft.playwright.Page.screenshot(com.microsoft.playwright.Page$ScreenshotOptions)&quot; because &quot;this.page&quot; is null"/>
  </testcase>
  <testcase name="addLeadForAdditionalFundLeadTest[The Pre-Launch Fund, Simran, Joshi, +30, Event, Channel Partner Event, Needs brochure, +43, CP, Tushar Bhai, Pune, Immediate, Cold, 5 Cr to 10 Cr, 1500 Sq.Ft, Residential, Weekend Villa, Buy](5)" classname="tests.AddFundLeadTest" time="0.0">
    <skipped message="Cannot invoke &quot;com.microsoft.playwright.Page.screenshot(com.microsoft.playwright.Page$ScreenshotOptions)&quot; because &quot;this.page&quot; is null"/>
  </testcase>
  <testcase name="addLeadForAdditionalFundLeadTest[Universal, Karan, Mehta, +31, Digital, Website, Prefers email communication, +45, CP, Tushar Bhai, Chennai, In 3 Months, Warm, 10 Cr to 15 Cr, 1800 Sq.Ft, Commercial, Office, Invest](6)" classname="tests.AddFundLeadTest" time="0.0">
    <skipped message="Cannot invoke &quot;com.microsoft.playwright.Page.screenshot(com.microsoft.playwright.Page$ScreenshotOptions)&quot; because &quot;this.page&quot; is null"/>
  </testcase>
  <testcase name="addLeadForAdditionalFundLeadTest[The Pre-Launch Fund, Neha, Desai, +32, Digital, Facebook, Requested site visit, +46, CP, Tushar Bhai, Ahmedabad, In 6 Months, Hot, Below 50 Lakh, 2000 Sq.Ft, Commercial, Showroom, Lease](7)" classname="tests.AddFundLeadTest" time="0.0">
    <skipped message="Cannot invoke &quot;com.microsoft.playwright.Page.screenshot(com.microsoft.playwright.Page$ScreenshotOptions)&quot; because &quot;this.page&quot; is null"/>
  </testcase>
  <testcase name="addLeadForAdditionalFundLeadTest[Universal, Raj, Verma, +33, Digital, Instagram, Interested in 2BHK, +420, CP, Tushar Bhai, Kolkata, In 1 Year +, Cold, 1 Cr to 2 Cr, 2200 Sq.Ft, Commercial, Shop, Pre-Lease](8)" classname="tests.AddFundLeadTest" time="0.0">
    <skipped message="Cannot invoke &quot;com.microsoft.playwright.Page.screenshot(com.microsoft.playwright.Page$ScreenshotOptions)&quot; because &quot;this.page&quot; is null"/>
  </testcase>
  <testcase name="addLeadForAdditionalFundLeadTest[The Pre-Launch Fund, Isha, Gupta, +34, Digital, LinkedIn, Budget under 50L, +48, CP, Tushar Bhai, Dubai, Immediate, Warm, 2 Cr to 5 Cr, 2500 Sq.Ft, Residential, 2 Bhk, Buy](9)" classname="tests.AddFundLeadTest" time="0.0">
    <skipped message="Cannot invoke &quot;com.microsoft.playwright.Page.screenshot(com.microsoft.playwright.Page$ScreenshotOptions)&quot; because &quot;this.page&quot; is null"/>
  </testcase>
  <testcase name="addLeadForAdditionalFundLeadTest[Universal, Arjun, Mehta, +49, Digital, SMS, Asked for EMI options, +51, CP, Tushar Bhai, Abu Dhabi, In 3 Months, Hot, 5 Cr to 10 Cr, 3000 Sq.Ft, Residential, 3 Bhk, Invest](10)" classname="tests.AddFundLeadTest" time="0.0">
    <skipped message="Cannot invoke &quot;com.microsoft.playwright.Page.screenshot(com.microsoft.playwright.Page$ScreenshotOptions)&quot; because &quot;this.page&quot; is null"/>
  </testcase>
  <testcase name="addLeadForAdditionalFundLeadTest[The Pre-Launch Fund, Priya, Sharma, +52, Digital, YouTube, Wants luxury property, +53, CP, Tushar Bhai, Sharjah, In 6 Months, Cold, 10 Cr to 15 Cr, 3500 Sq.Ft, Residential, 4 Bhk, Lease](11)" classname="tests.AddFundLeadTest" time="0.0">
    <skipped message="Cannot invoke &quot;com.microsoft.playwright.Page.screenshot(com.microsoft.playwright.Page$ScreenshotOptions)&quot; because &quot;this.page&quot; is null"/>
  </testcase>
  <testcase name="addLeadForAdditionalFundLeadTest[Universal, Rohan, Desai, +55, Digital, IVRS, Interested in office space, +54, CP, Tushar Bhai, Singapore, In 1 Year +, Warm, Below 50 Lakh, 4000 Sq.Ft, Residential, 5 Bhk, Pre-Lease](12)" classname="tests.AddFundLeadTest" time="0.0">
    <skipped message="Cannot invoke &quot;com.microsoft.playwright.Page.screenshot(com.microsoft.playwright.Page$ScreenshotOptions)&quot; because &quot;this.page&quot; is null"/>
  </testcase>
  <testcase name="addLeadForAdditionalFundLeadTest[The Pre-Launch Fund, Kavita, Iyer, +62, Digital, Google, Student housing required, +56, CP, Tushar Bhai, Kuala Lumpur, Immediate, Hot, 1 Cr to 2 Cr, 4500 Sq.Ft, Residential, Weekend Villa, Invest](13)" classname="tests.AddFundLeadTest" time="0.0">
    <skipped message="Cannot invoke &quot;com.microsoft.playwright.Page.screenshot(com.microsoft.playwright.Page$ScreenshotOptions)&quot; because &quot;this.page&quot; is null"/>
  </testcase>
  <testcase name="addLeadForAdditionalFundLeadTest[Universal, Sameer, Khan, +63, Digital, Email, Prefers WhatsApp updates, +57, CP, Tushar Bhai, Bangkok, In 3 Months, Cold, 2 Cr to 5 Cr, 5000 Sq.Ft, Commercial, Office, Lease](14)" classname="tests.AddFundLeadTest" time="0.0">
    <skipped message="Cannot invoke &quot;com.microsoft.playwright.Page.screenshot(com.microsoft.playwright.Page$ScreenshotOptions)&quot; because &quot;this.page&quot; is null"/>
  </testcase>
  <testcase name="addLeadForAdditionalFundLeadTest[The Pre-Launch Fund, Neha, Kulkarni, +64, Digital, WhatsApp, Wants loan assistance, +58, CP, Tushar Bhai, Jakarta, In 6 Months, Warm, 5 Cr to 10 Cr, 5500 Sq.Ft, Commercial, Showroom, Pre-Lease](15)" classname="tests.AddFundLeadTest" time="0.0">
    <skipped message="Cannot invoke &quot;com.microsoft.playwright.Page.screenshot(com.microsoft.playwright.Page$ScreenshotOptions)&quot; because &quot;this.page&quot; is null"/>
  </testcase>
  <testcase name="addLeadForAdditionalFundLeadTest[Universal, Amit, Gupta, +66, Walkin, Website, Interested in resale, +81, CP, Tushar Bhai, Bali, In 1 Year +, Hot, 10 Cr to 15 Cr, 6000 Sq.Ft, Commercial, Shop, Buy](16)" classname="tests.AddFundLeadTest" time="0.0">
    <skipped message="Cannot invoke &quot;com.microsoft.playwright.Page.screenshot(com.microsoft.playwright.Page$ScreenshotOptions)&quot; because &quot;this.page&quot; is null"/>
  </testcase>
  <testcase name="addLeadForAdditionalFundLeadTest[The Pre-Launch Fund, Sneha, Reddy, +81, Walkin, Facebook, Family shifting soon, +82, CP, Tushar Bhai, London, Immediate, Cold, Below 50 Lakh, 6500 Sq.Ft, Residential, 2 Bhk, Invest](17)" classname="tests.AddFundLeadTest" time="0.0">
    <skipped message="Cannot invoke &quot;com.microsoft.playwright.Page.screenshot(com.microsoft.playwright.Page$ScreenshotOptions)&quot; because &quot;this.page&quot; is null"/>
  </testcase>
  <testcase name="addLeadForAdditionalFundLeadTest[Universal, Vikram, Joshi, +82, Walkin, Instagram, Needs 3BHK apartment, +94, CP, Tushar Bhai, Manchester, In 3 Months, Warm, 50 Lakh to 1 Cr, 7000 Sq.Ft, Residential, 3 Bhk, Lease](18)" classname="tests.AddFundLeadTest" time="0.0">
    <skipped message="Cannot invoke &quot;com.microsoft.playwright.Page.screenshot(com.microsoft.playwright.Page$ScreenshotOptions)&quot; because &quot;this.page&quot; is null"/>
  </testcase>
  <testcase name="addLeadForAdditionalFundLeadTest[The Pre-Launch Fund, Pooja, Nair, +86, Walkin, LinkedIn, Asked for price list, +351, CP, Tushar Bhai, Paris, In 6 Months, Hot, 1 Cr to 2 Cr, 7500 Sq.Ft, Residential, 4 Bhk, Pre-Lease](19)" classname="tests.AddFundLeadTest" time="0.0">
    <skipped message="Cannot invoke &quot;com.microsoft.playwright.Page.screenshot(com.microsoft.playwright.Page$ScreenshotOptions)&quot; because &quot;this.page&quot; is null"/>
  </testcase>
  <testcase name="addLeadForAdditionalFundLeadTest[Universal, Ankit, Verma, +90, Walkin, SMS, Looking for villa, +352, CP, Tushar Bhai, Berlin, In 1 Year +, Cold, 2 Cr to 5 Cr, 8000 Sq.Ft, Residential, 5 Bhk, Buy](20)" classname="tests.AddFundLeadTest" time="0.0">
    <skipped message="Cannot invoke &quot;com.microsoft.playwright.Page.screenshot(com.microsoft.playwright.Page$ScreenshotOptions)&quot; because &quot;this.page&quot; is null"/>
  </testcase>
  <testcase name="addLeadForAdditionalFundLeadTest[The Pre-Launch Fund, Deepika, Rao, +91, Walkin, YouTube, Wants rental options, +353, CP, Tushar Bhai, Frankfurt, Immediate, Warm, 5 Cr to 10 Cr, 8500 Sq.Ft, Residential, Weekend Villa, Invest](21)" classname="tests.AddFundLeadTest" time="0.0">
    <skipped message="Cannot invoke &quot;com.microsoft.playwright.Page.screenshot(com.microsoft.playwright.Page$ScreenshotOptions)&quot; because &quot;this.page&quot; is null"/>
  </testcase>
  <testcase name="addLeadForAdditionalFundLeadTest[Universal, Raj, Bansal, +92, Walkin, IVRS, Needs property documents, +354, CP, Tushar Bhai, Zurich, In 3 Months, Hot, 10 Cr to 15 Cr, 9000 Sq.Ft, Commercial, Office, Lease](22)" classname="tests.AddFundLeadTest" time="0.0">
    <skipped message="Cannot invoke &quot;com.microsoft.playwright.Page.screenshot(com.microsoft.playwright.Page$ScreenshotOptions)&quot; because &quot;this.page&quot; is null"/>
  </testcase>
  <testcase name="addLeadForAdditionalFundLeadTest[The Pre-Launch Fund, Ayesha, Siddiqui, +93, Walkin, Google, Interested in duplex, +355, CP, Tushar Bhai, Geneva, In 6 Months, Cold, Below 50 Lakh, 9500 Sq.Ft, Commercial, Showroom, Pre-Lease](23)" classname="tests.AddFundLeadTest" time="0.0">
    <skipped message="Cannot invoke &quot;com.microsoft.playwright.Page.screenshot(com.microsoft.playwright.Page$ScreenshotOptions)&quot; because &quot;this.page&quot; is null"/>
  </testcase>
  <testcase name="addLeadForAdditionalFundLeadTest[Universal, Karan, Malhotra, +94, Walkin, Email, Wants farmhouse, +356, CP, Tushar Bhai, New York, In 1 Year +, Warm, 50 Lakh to 1 Cr, 10000 Sq.Ft, Commercial, Shop, Buy](24)" classname="tests.AddFundLeadTest" time="0.0">
    <skipped message="Cannot invoke &quot;com.microsoft.playwright.Page.screenshot(com.microsoft.playwright.Page$ScreenshotOptions)&quot; because &quot;this.page&quot; is null"/>
  </testcase>
  <testcase name="addLeadForAdditionalFundLeadTest[The Pre-Launch Fund, Meera, Chawla, +95, Walkin, WhatsApp, Looking for commercial plot, +357, CP, Tushar Bhai, Los Angeles, Immediate, Hot, 1 Cr to 2 Cr, 120 Sq.Ft, Residential, 2 Bhk, Invest](25)" classname="tests.AddFundLeadTest" time="0.0">
    <skipped message="Cannot invoke &quot;com.microsoft.playwright.Page.screenshot(com.microsoft.playwright.Page$ScreenshotOptions)&quot; because &quot;this.page&quot; is null"/>
  </testcase>
  <testcase name="addLeadForAdditionalFundLeadTest[Universal, Neha, Desai, +98, Walkin, Direct-Walkin, Requires site visit, +421, CP, Tushar Bhai, San Francisco, In 3 Months, Cold, 2 Cr to 5 Cr, 150 Sq.Ft, Residential, 3 Bhk, Lease](26)" classname="tests.AddFundLeadTest" time="0.0">
    <skipped message="Cannot invoke &quot;com.microsoft.playwright.Page.screenshot(com.microsoft.playwright.Page$ScreenshotOptions)&quot; because &quot;this.page&quot; is null"/>
  </testcase>
  <testcase name="addLeadForAdditionalFundLeadTest[The Pre-Launch Fund, Aditya, Patil, +211, Print Media, News Paper, Wants ready-to-move flat, +359, CP, Tushar Bhai, Toronto, In 6 Months, Warm, 5 Cr to 10 Cr, 200 Sq.Ft, Residential, 4 Bhk, Pre-Lease](27)" classname="tests.AddFundLeadTest" time="0.0">
    <skipped message="Cannot invoke &quot;com.microsoft.playwright.Page.screenshot(com.microsoft.playwright.Page$ScreenshotOptions)&quot; because &quot;this.page&quot; is null"/>
  </testcase>
  <testcase name="addLeadForAdditionalFundLeadTest[Universal, Ritu, Jain, +213, Print Media, Hoardings, Interested in joint venture, +380, CP, Tushar Bhai, Vancouver, In 1 Year +, Hot, 10 Cr to 15 Cr, 250 Sq.Ft, Residential, 5 Bhk, Buy](28)" classname="tests.AddFundLeadTest" time="0.0">
    <skipped message="Cannot invoke &quot;com.microsoft.playwright.Page.screenshot(com.microsoft.playwright.Page$ScreenshotOptions)&quot; because &quot;this.page&quot; is null"/>
  </testcase>
  <testcase name="addLeadForAdditionalFundLeadTest[The Pre-Launch Fund, Farhan, Ansari, +216, Print Media, Leaflets, Wants coastal property, +385, CP, Tushar Bhai, Sydney, Immediate, Cold, Below 50 Lakh, 300 Sq.Ft, Residential, Weekend Villa, Invest](29)" classname="tests.AddFundLeadTest" time="0.0">
    <skipped message="Cannot invoke &quot;com.microsoft.playwright.Page.screenshot(com.microsoft.playwright.Page$ScreenshotOptions)&quot; because &quot;this.page&quot; is null"/>
  </testcase>
  <testcase name="addLeadForAdditionalFundLeadTest[Universal, Shruti, Deshmukh, +65, Channel Sales, Channel Partner, Needs farmhouse land, +386, CP, Tushar Bhai, Melbourne, In 3 Months, Warm, 50 Lakh to 1 Cr, 350 Sq.Ft, Commercial, Office, Lease](30)" classname="tests.AddFundLeadTest" time="0.0">
    <skipped message="Cannot invoke &quot;com.microsoft.playwright.Page.screenshot(com.microsoft.playwright.Page$ScreenshotOptions)&quot; because &quot;this.page&quot; is null"/>
  </testcase>
  <testcase name="addLeadForAdditionalFundLeadTest[The Pre-Launch Fund, Manish, Thakur, +91, Channel Sales, ACP, Wants studio apartment, +387, CP, Tushar Bhai, Tokyo, In 6 Months, Hot, 1 Cr to 2 Cr, 400 Sq.Ft, Commercial, Showroom, Pre-Lease](31)" classname="tests.AddFundLeadTest" time="0.0">
    <skipped message="Cannot invoke &quot;com.microsoft.playwright.Page.screenshot(com.microsoft.playwright.Page$ScreenshotOptions)&quot; because &quot;this.page&quot; is null"/>
  </testcase>
  <testcase name="addLeadForBasicFundLead[The Pre-Launch Fund, Aarav, Sharma, +93, Event, GIHED, Interested in real estate](1)" classname="tests.AddFundLeadTest" time="0.0">
    <skipped message="Cannot invoke &quot;com.microsoft.playwright.Page.screenshot(com.microsoft.playwright.Page$ScreenshotOptions)&quot; because &quot;this.page&quot; is null"/>
  </testcase>
  <testcase name="addLeadForBasicFundLead[Universal, Priya, Khan, +20, Event, Property Event, Looking for investment](2)" classname="tests.AddFundLeadTest" time="0.0">
    <skipped message="Cannot invoke &quot;com.microsoft.playwright.Page.screenshot(com.microsoft.playwright.Page$ScreenshotOptions)&quot; because &quot;this.page&quot; is null"/>
  </testcase>
  <testcase name="addLeadForBasicFundLead[The Pre-Launch Fund, Rohan, Patel, +27, Event, Investor Meet, Wants quick callback](3)" classname="tests.AddFundLeadTest" time="0.0">
    <skipped message="Cannot invoke &quot;com.microsoft.playwright.Page.screenshot(com.microsoft.playwright.Page$ScreenshotOptions)&quot; because &quot;this.page&quot; is null"/>
  </testcase>
  <testcase name="addLeadForBasicFundLead[Universal, Simran, Joshi, +30, Event, Channel Partner Event, Needs brochure](4)" classname="tests.AddFundLeadTest" time="0.0">
    <skipped message="Cannot invoke &quot;com.microsoft.playwright.Page.screenshot(com.microsoft.playwright.Page$ScreenshotOptions)&quot; because &quot;this.page&quot; is null"/>
  </testcase>
  <testcase name="addLeadForBasicFundLead[The Pre-Launch Fund, Karan, Mehta, +31, Digital, Website, Prefers email communication](5)" classname="tests.AddFundLeadTest" time="0.0">
    <skipped message="Cannot invoke &quot;com.microsoft.playwright.Page.screenshot(com.microsoft.playwright.Page$ScreenshotOptions)&quot; because &quot;this.page&quot; is null"/>
  </testcase>
  <testcase name="addLeadForBasicFundLead[Universal, Neha, Desai, +32, Digital, Facebook, Requested site visit](6)" classname="tests.AddFundLeadTest" time="0.0">
    <skipped message="Cannot invoke &quot;com.microsoft.playwright.Page.screenshot(com.microsoft.playwright.Page$ScreenshotOptions)&quot; because &quot;this.page&quot; is null"/>
  </testcase>
  <testcase name="addLeadForBasicFundLead[The Pre-Launch Fund, Raj, Verma, +33, Digital, Instagram, Interested in 2BHK](7)" classname="tests.AddFundLeadTest" time="0.0">
    <skipped message="Cannot invoke &quot;com.microsoft.playwright.Page.screenshot(com.microsoft.playwright.Page$ScreenshotOptions)&quot; because &quot;this.page&quot; is null"/>
  </testcase>
  <testcase name="addLeadForBasicFundLead[Universal, Isha, Gupta, +34, Digital, LinkedIn, Budget under 50L](8)" classname="tests.AddFundLeadTest" time="0.0">
    <skipped message="Cannot invoke &quot;com.microsoft.playwright.Page.screenshot(com.microsoft.playwright.Page$ScreenshotOptions)&quot; because &quot;this.page&quot; is null"/>
  </testcase>
  <testcase name="addLeadForBasicFundLead[The Pre-Launch Fund, Arjun, Mehta, +49, Digital, SMS, Asked for EMI options](9)" classname="tests.AddFundLeadTest" time="0.0">
    <skipped message="Cannot invoke &quot;com.microsoft.playwright.Page.screenshot(com.microsoft.playwright.Page$ScreenshotOptions)&quot; because &quot;this.page&quot; is null"/>
  </testcase>
  <testcase name="addLeadForBasicFundLead[Universal, Priya, Sharma, +52, Digital, YouTube, Wants luxury property](10)" classname="tests.AddFundLeadTest" time="0.0">
    <skipped message="Cannot invoke &quot;com.microsoft.playwright.Page.screenshot(com.microsoft.playwright.Page$ScreenshotOptions)&quot; because &quot;this.page&quot; is null"/>
  </testcase>
  <testcase name="addLeadForBasicFundLead[The Pre-Launch Fund, Rohan, Desai, +55, Digital, IVRS, Interested in office space](11)" classname="tests.AddFundLeadTest" time="0.0">
    <skipped message="Cannot invoke &quot;com.microsoft.playwright.Page.screenshot(com.microsoft.playwright.Page$ScreenshotOptions)&quot; because &quot;this.page&quot; is null"/>
  </testcase>
  <testcase name="addLeadForBasicFundLead[Universal, Kavita, Iyer, +62, Digital, Google, Student housing required](12)" classname="tests.AddFundLeadTest" time="0.0">
    <skipped message="Cannot invoke &quot;com.microsoft.playwright.Page.screenshot(com.microsoft.playwright.Page$ScreenshotOptions)&quot; because &quot;this.page&quot; is null"/>
  </testcase>
  <testcase name="addLeadForBasicFundLead[The Pre-Launch Fund, Sameer, Khan, +63, Digital, Email, Prefers WhatsApp updates](13)" classname="tests.AddFundLeadTest" time="0.0">
    <skipped message="Cannot invoke &quot;com.microsoft.playwright.Page.screenshot(com.microsoft.playwright.Page$ScreenshotOptions)&quot; because &quot;this.page&quot; is null"/>
  </testcase>
  <testcase name="addLeadForBasicFundLead[Universal, Neha, Kulkarni, +64, Digital, WhatsApp, Wants loan assistance](14)" classname="tests.AddFundLeadTest" time="0.0">
    <skipped message="Cannot invoke &quot;com.microsoft.playwright.Page.screenshot(com.microsoft.playwright.Page$ScreenshotOptions)&quot; because &quot;this.page&quot; is null"/>
  </testcase>
  <testcase name="addLeadForBasicFundLead[The Pre-Launch Fund, Amit, Gupta, +66, Walkin, Website, Interested in resale](15)" classname="tests.AddFundLeadTest" time="0.0">
    <skipped message="Cannot invoke &quot;com.microsoft.playwright.Page.screenshot(com.microsoft.playwright.Page$ScreenshotOptions)&quot; because &quot;this.page&quot; is null"/>
  </testcase>
  <testcase name="addLeadForBasicFundLead[Universal, Sneha, Reddy, +81, Walkin, Facebook, Family shifting soon](16)" classname="tests.AddFundLeadTest" time="0.0">
    <skipped message="Cannot invoke &quot;com.microsoft.playwright.Page.screenshot(com.microsoft.playwright.Page$ScreenshotOptions)&quot; because &quot;this.page&quot; is null"/>
  </testcase>
  <testcase name="addLeadForBasicFundLead[The Pre-Launch Fund, Vikram, Joshi, +82, Walkin, Instagram, Needs 3BHK apartment](17)" classname="tests.AddFundLeadTest" time="0.0">
    <skipped message="Cannot invoke &quot;com.microsoft.playwright.Page.screenshot(com.microsoft.playwright.Page$ScreenshotOptions)&quot; because &quot;this.page&quot; is null"/>
  </testcase>
  <testcase name="addLeadForBasicFundLead[Universal, Pooja, Nair, +86, Walkin, LinkedIn, Asked for price list](18)" classname="tests.AddFundLeadTest" time="0.0">
    <skipped message="Cannot invoke &quot;com.microsoft.playwright.Page.screenshot(com.microsoft.playwright.Page$ScreenshotOptions)&quot; because &quot;this.page&quot; is null"/>
  </testcase>
  <testcase name="addLeadForBasicFundLead[The Pre-Launch Fund, Ankit, Verma, +90, Walkin, SMS, Looking for villa](19)" classname="tests.AddFundLeadTest" time="0.0">
    <skipped message="Cannot invoke &quot;com.microsoft.playwright.Page.screenshot(com.microsoft.playwright.Page$ScreenshotOptions)&quot; because &quot;this.page&quot; is null"/>
  </testcase>
  <testcase name="addLeadForBasicFundLead[Universal, Deepika, Rao, +91, Walkin, YouTube, Wants rental options](20)" classname="tests.AddFundLeadTest" time="0.0">
    <skipped message="Cannot invoke &quot;com.microsoft.playwright.Page.screenshot(com.microsoft.playwright.Page$ScreenshotOptions)&quot; because &quot;this.page&quot; is null"/>
  </testcase>
  <testcase name="addLeadForBasicFundLead[The Pre-Launch Fund, Raj, Bansal, +92, Walkin, IVRS, Needs property documents](21)" classname="tests.AddFundLeadTest" time="0.0">
    <skipped message="Cannot invoke &quot;com.microsoft.playwright.Page.screenshot(com.microsoft.playwright.Page$ScreenshotOptions)&quot; because &quot;this.page&quot; is null"/>
  </testcase>
  <testcase name="addLeadForBasicFundLead[Universal, Ayesha, Siddiqui, +93, Walkin, Google, Interested in duplex](22)" classname="tests.AddFundLeadTest" time="0.0">
    <skipped message="Cannot invoke &quot;com.microsoft.playwright.Page.screenshot(com.microsoft.playwright.Page$ScreenshotOptions)&quot; because &quot;this.page&quot; is null"/>
  </testcase>
  <testcase name="addLeadForBasicFundLead[The Pre-Launch Fund, Karan, Malhotra, +94, Walkin, Email, Wants farmhouse](23)" classname="tests.AddFundLeadTest" time="0.0">
    <skipped message="Cannot invoke &quot;com.microsoft.playwright.Page.screenshot(com.microsoft.playwright.Page$ScreenshotOptions)&quot; because &quot;this.page&quot; is null"/>
  </testcase>
  <testcase name="addLeadForBasicFundLead[Universal, Meera, Chawla, +95, Walkin, WhatsApp, Looking for commercial plot](24)" classname="tests.AddFundLeadTest" time="0.0">
    <skipped message="Cannot invoke &quot;com.microsoft.playwright.Page.screenshot(com.microsoft.playwright.Page$ScreenshotOptions)&quot; because &quot;this.page&quot; is null"/>
  </testcase>
  <testcase name="addLeadForBasicFundLead[The Pre-Launch Fund, Neha, Desai, +98, Walkin, Direct-Walkin, Requires site visit](25)" classname="tests.AddFundLeadTest" time="0.0">
    <skipped message="Cannot invoke &quot;com.microsoft.playwright.Page.screenshot(com.microsoft.playwright.Page$ScreenshotOptions)&quot; because &quot;this.page&quot; is null"/>
  </testcase>
  <testcase name="addLeadForBasicFundLead[Universal, Aditya, Patil, +211, Print Media, News Paper, Wants ready-to-move flat](26)" classname="tests.AddFundLeadTest" time="0.0">
    <skipped message="Cannot invoke &quot;com.microsoft.playwright.Page.screenshot(com.microsoft.playwright.Page$ScreenshotOptions)&quot; because &quot;this.page&quot; is null"/>
  </testcase>
  <testcase name="addLeadForBasicFundLead[The Pre-Launch Fund, Ritu, Jain, +213, Print Media, Hoardings, Interested in joint venture](27)" classname="tests.AddFundLeadTest" time="0.0">
    <skipped message="Cannot invoke &quot;com.microsoft.playwright.Page.screenshot(com.microsoft.playwright.Page$ScreenshotOptions)&quot; because &quot;this.page&quot; is null"/>
  </testcase>
  <testcase name="addLeadForBasicFundLead[Universal, Farhan, Ansari, +216, Print Media, Leaflets, Wants coastal property](28)" classname="tests.AddFundLeadTest" time="0.0">
    <skipped message="Cannot invoke &quot;com.microsoft.playwright.Page.screenshot(com.microsoft.playwright.Page$ScreenshotOptions)&quot; because &quot;this.page&quot; is null"/>
  </testcase>
  <testcase name="addLeadForBasicFundLead[The Pre-Launch Fund, Shruti, Deshmukh, +65, Channel Sales, Channel Partner, Needs farmhouse land](29)" classname="tests.AddFundLeadTest" time="0.0">
    <skipped message="Cannot invoke &quot;com.microsoft.playwright.Page.screenshot(com.microsoft.playwright.Page$ScreenshotOptions)&quot; because &quot;this.page&quot; is null"/>
  </testcase>
  <testcase name="addLeadForBasicFundLead[Universal, Manish, Thakur, +91, Channel Sales, ACP, Wants studio apartment](30)" classname="tests.AddFundLeadTest" time="0.0">
    <skipped message="Cannot invoke &quot;com.microsoft.playwright.Page.screenshot(com.microsoft.playwright.Page$ScreenshotOptions)&quot; because &quot;this.page&quot; is null"/>
  </testcase>
</testsuite>