<?xml version="1.0" encoding="UTF-8"?>
<!-- Generated by org.testng.reporters.JUnitReportReporter -->
<testsuite hostname="Tushars-Mac-mini.local" failures="0" tests="3" name="tests.AddFundLeadTest" time="30.949" errors="0" timestamp="2025-09-01T18:42:30 IST" skipped="0">
  <testcase classname="tests.AddFundLeadTest" name="addLeadForFund" time="10.467"/>
  <testcase classname="tests.AddFundLeadTest" name="addLeadForFund" time="10.358"/>
  <testcase classname="tests.AddFundLeadTest" name="addLeadForFund" time="10.124"/>
</testsuite> <!-- tests.AddFundLeadTest -->
