<?xml version="1.0" encoding="UTF-8"?>
<!-- Generated by org.testng.reporters.JUnitReportReporter -->
<testsuite hostname="Tushars-Mac-mini.local" failures="0" tests="60" name="tests.AddFollowUpTest" time="465.210" errors="0" timestamp="2025-10-04T17:03:29 IST" skipped="0">
  <testcase classname="tests.AddFollowUpTest" name="addFollowUpforLOstStage" time="6.413"/>
  <testcase classname="tests.AddFollowUpTest" name="addFollowUpforLOstStage" time="6.342"/>
  <testcase classname="tests.AddFollowUpTest" name="addFollowUpforLOstStage" time="6.414"/>
  <testcase classname="tests.AddFollowUpTest" name="addFollowUpforLOstStage" time="6.409"/>
  <testcase classname="tests.AddFollowUpTest" name="addFollowUpforLOstStage" time="6.410"/>
  <testcase classname="tests.AddFollowUpTest" name="addFollowUpforLOstStage" time="6.394"/>
  <testcase classname="tests.AddFollowUpTest" name="addFollowUpforLOstStage" time="6.410"/>
  <testcase classname="tests.AddFollowUpTest" name="addFollowUpforLOstStage" time="6.398"/>
  <testcase classname="tests.AddFollowUpTest" name="addFollowUpforLOstStage" time="6.380"/>
  <testcase classname="tests.AddFollowUpTest" name="addFollowUpforLOstStage" time="7.824"/>
  <testcase classname="tests.AddFollowUpTest" name="addFollowUpforLOstStage" time="6.395"/>
  <testcase classname="tests.AddFollowUpTest" name="addFollowUpforLOstStage" time="6.393"/>
  <testcase classname="tests.AddFollowUpTest" name="addFollowUpforLOstStage" time="6.353"/>
  <testcase classname="tests.AddFollowUpTest" name="addFollowUpforLOstStage" time="6.380"/>
  <testcase classname="tests.AddFollowUpTest" name="addFollowUpforLOstStage" time="6.394"/>
  <testcase classname="tests.AddFollowUpTest" name="addFollowUpforLOstStage" time="6.363"/>
  <testcase classname="tests.AddFollowUpTest" name="addFollowUpforLOstStage" time="6.357"/>
  <testcase classname="tests.AddFollowUpTest" name="addFollowUpforLOstStage" time="6.383"/>
  <testcase classname="tests.AddFollowUpTest" name="addFollowUpTestforBlockStagewithUnitNumber" time="6.467"/>
  <testcase classname="tests.AddFollowUpTest" name="addFollowUpforLOstStage" time="6.378"/>
  <testcase classname="tests.AddFollowUpTest" name="addFollowUpforLOstStage" time="6.404"/>
  <testcase classname="tests.AddFollowUpTest" name="addFollowUpforLOstStage" time="6.395"/>
  <testcase classname="tests.AddFollowUpTest" name="addFollowUpforLOstStage" time="6.340"/>
  <testcase classname="tests.AddFollowUpTest" name="addFollowUpTest" time="10.439"/>
  <testcase classname="tests.AddFollowUpTest" name="addFollowUpTest" time="10.465"/>
  <testcase classname="tests.AddFollowUpTest" name="addFollowUpTest" time="10.453"/>
  <testcase classname="tests.AddFollowUpTest" name="addFollowUpTest" time="10.437"/>
  <testcase classname="tests.AddFollowUpTest" name="addFollowUpTest" time="10.437"/>
  <testcase classname="tests.AddFollowUpTest" name="addFollowUpTest" time="10.480"/>
  <testcase classname="tests.AddFollowUpTest" name="addFollowUpTest" time="10.440"/>
  <testcase classname="tests.AddFollowUpTest" name="addFollowUpTest" time="10.443"/>
  <testcase classname="tests.AddFollowUpTest" name="addFollowUpTest" time="10.429"/>
  <testcase classname="tests.AddFollowUpTest" name="addFollowUpTest" time="10.424"/>
  <testcase classname="tests.AddFollowUpTest" name="addFollowUpTest" time="10.454"/>
  <testcase classname="tests.AddFollowUpTest" name="addFollowUpTest" time="10.448"/>
  <testcase classname="tests.AddFollowUpTest" name="addFollowUpTest" time="10.504"/>
  <testcase classname="tests.AddFollowUpTest" name="addFollowUpTest" time="10.482"/>
  <testcase classname="tests.AddFollowUpTest" name="addFollowUpTest" time="10.500"/>
  <testcase classname="tests.AddFollowUpTest" name="addFollowUpTest" time="10.461"/>
  <testcase classname="tests.AddFollowUpTest" name="addFollowUpTest" time="10.486"/>
  <testcase classname="tests.AddFollowUpTest" name="addFollowUpTest" time="10.429"/>
  <testcase classname="tests.AddFollowUpTest" name="addFollowUpTest" time="10.445"/>
  <testcase classname="tests.AddFollowUpTest" name="addFollowUpTest" time="10.458"/>
  <testcase classname="tests.AddFollowUpTest" name="addFollowUpTestforBlockStage" time="6.364"/>
  <testcase classname="tests.AddFollowUpTest" name="addFollowUpTestforBlockStage" time="6.376"/>
  <testcase classname="tests.AddFollowUpTest" name="addFollowUpTestforBookStagewithUnitNumber" time="6.125"/>
  <testcase classname="tests.AddFollowUpTest" name="addFollowUpTestforLostStageWithoutChieldstage" time="6.332"/>
  <testcase classname="tests.AddFollowUpTest" name="addFollowUpTestforLostStageWithoutChieldstage" time="6.362"/>
  <testcase classname="tests.AddFollowUpTest" name="addFollowUpTestforLostStageWithoutChieldstage" time="6.339"/>
  <testcase classname="tests.AddFollowUpTest" name="addFollowUpTestforLostStageWithoutChieldstage" time="6.326"/>
  <testcase classname="tests.AddFollowUpTest" name="addFollowUpTestforLostStageWithoutChieldstage" time="6.316"/>
  <testcase classname="tests.AddFollowUpTest" name="addFollowUpTestforLostStageWithoutChieldstage" time="6.358"/>
  <testcase classname="tests.AddFollowUpTest" name="addFollowUpTestforLostStageWithoutChieldstage" time="6.375"/>
  <testcase classname="tests.AddFollowUpTest" name="addFollowUpTestforLostStageWithoutChieldstage" time="6.380"/>
  <testcase classname="tests.AddFollowUpTest" name="addFollowUpTestforLostStageWithoutChieldstage" time="6.347"/>
  <testcase classname="tests.AddFollowUpTest" name="addFollowUpTestforLostStageWithoutChieldstage" time="6.360"/>
  <testcase classname="tests.AddFollowUpTest" name="addFollowUpTestforLostStageWithoutChieldstage" time="6.329"/>
  <testcase classname="tests.AddFollowUpTest" name="addFollowUpTestforLostStageWithoutChieldstage" time="6.307"/>
  <testcase classname="tests.AddFollowUpTest" name="addFollowUpTestforLostStageWithoutChieldstage" time="6.346"/>
  <testcase classname="tests.AddFollowUpTest" name="addFollowUpTestforLostStageWithoutChieldstage" time="6.358"/>
</testsuite> <!-- tests.AddFollowUpTest -->
