<?xml version="1.0" encoding="UTF-8"?>
<!-- Generated by org.testng.reporters.JUnitReportReporter -->
<testsuite hostname="Tushars-Mac-mini.local" failures="0" tests="10" name="playwright.EventRegistrationTest" time="16.242" errors="0" timestamp="2025-09-17T18:46:44 IST" skipped="0">
  <testcase classname="playwright.EventRegistrationTest" name="eventRegistration" time="1.584"/>
  <testcase classname="playwright.EventRegistrationTest" name="eventRegistration" time="1.206"/>
  <testcase classname="playwright.EventRegistrationTest" name="eventRegistration" time="1.222"/>
  <testcase classname="playwright.EventRegistrationTest" name="eventRegistration" time="1.578"/>
  <testcase classname="playwright.EventRegistrationTest" name="eventRegistration" time="2.044"/>
  <testcase classname="playwright.EventRegistrationTest" name="eventRegistration" time="1.268"/>
  <testcase classname="playwright.EventRegistrationTest" name="eventRegistration" time="1.283"/>
  <testcase classname="playwright.EventRegistrationTest" name="eventRegistration" time="2.433"/>
  <testcase classname="playwright.EventRegistrationTest" name="eventRegistration" time="2.057"/>
  <testcase classname="playwright.EventRegistrationTest" name="eventRegistration" time="1.567"/>
</testsuite> <!-- playwright.EventRegistrationTest -->
