<?xml version="1.0" encoding="UTF-8"?>
<!-- Generated by org.testng.reporters.JUnitReportReporter -->
<testsuite hostname="Tushars-Mac-mini.local" failures="0" tests="4" name="tests.AddFundLeadTest" time="33.927" errors="0" timestamp="2025-09-27T16:21:30 IST" skipped="0">
  <testcase classname="tests.AddFundLeadTest" name="addLeadForBasicFundLead" time="8.455"/>
  <testcase classname="tests.AddFundLeadTest" name="addLeadForBasicFundLead" time="8.458"/>
  <testcase classname="tests.AddFundLeadTest" name="addLeadForBasicFundLead" time="8.573"/>
  <testcase classname="tests.AddFundLeadTest" name="addLeadForBasicFundLead" time="8.441"/>
</testsuite> <!-- tests.AddFundLeadTest -->
