<?xml version="1.0" encoding="UTF-8"?>
<!-- Generated by org.testng.reporters.JUnitReportReporter -->
<testsuite hostname="Tushars-Mac-mini.local" failures="0" tests="61" name="tests.AddProjectLeadTest" time="1806.531" errors="0" timestamp="2025-09-27T12:24:43 IST" skipped="0">
  <testcase classname="tests.AddProjectLeadTest" name="addLeadForAdditionalProjectLeadTest" time="13.911"/>
  <testcase classname="tests.AddProjectLeadTest" name="addLeadForAdditionalProjectLeadTest" time="12.357"/>
  <testcase classname="tests.AddProjectLeadTest" name="addLeadForAdditionalProjectLeadTest" time="57.422"/>
  <testcase classname="tests.AddProjectLeadTest" name="addLeadForAdditionalProjectLeadTest" time="56.549"/>
  <testcase classname="tests.AddProjectLeadTest" name="addLeadForBasicProjectLead" time="26.292"/>
  <testcase classname="tests.AddProjectLeadTest" name="addLeadForBasicProjectLead" time="26.269"/>
  <testcase classname="tests.AddProjectLeadTest" name="addLeadForAdditionalProjectLeadTest" time="28.254"/>
  <testcase classname="tests.AddProjectLeadTest" name="addLeadForAdditionalProjectLeadTest" time="54.847"/>
  <testcase classname="tests.AddProjectLeadTest" name="addLeadForAdditionalProjectLeadTest" time="56.487"/>
  <testcase classname="tests.AddProjectLeadTest" name="addLeadForBasicProjectLead" time="9.011"/>
  <testcase classname="tests.AddProjectLeadTest" name="addLeadForBasicProjectLead" time="8.971"/>
  <testcase classname="tests.AddProjectLeadTest" name="addLeadForAdditionalProjectLeadTest" time="56.618"/>
  <testcase classname="tests.AddProjectLeadTest" name="addLeadForAdditionalProjectLeadTest" time="12.160"/>
  <testcase classname="tests.AddProjectLeadTest" name="addLeadForBasicProjectLead" time="8.987"/>
  <testcase classname="tests.AddProjectLeadTest" name="addLeadForAdditionalProjectLeadTest" time="13.933"/>
  <testcase classname="tests.AddProjectLeadTest" name="addLeadForAdditionalProjectLeadTest" time="54.882"/>
  <testcase classname="tests.AddProjectLeadTest" name="addLeadForBasicProjectLead" time="7.291"/>
  <testcase classname="tests.AddProjectLeadTest" name="addLeadForAdditionalProjectLeadTest" time="56.473"/>
  <testcase classname="tests.AddProjectLeadTest" name="addLeadForAdditionalProjectLeadTest" time="56.563"/>
  <testcase classname="tests.AddProjectLeadTest" name="addLeadForBasicProjectLead" time="7.494"/>
  <testcase classname="tests.AddProjectLeadTest" name="addLeadForAdditionalProjectLeadTest" time="56.552"/>
  <testcase classname="tests.AddProjectLeadTest" name="addLeadForAdditionalProjectLeadTest" time="56.586"/>
  <testcase classname="tests.AddProjectLeadTest" name="addLeadForBasicProjectLead" time="7.331"/>
  <testcase classname="tests.AddProjectLeadTest" name="addLeadForAdditionalProjectLeadTest" time="26.571"/>
  <testcase classname="tests.AddProjectLeadTest" name="addLeadForBasicProjectLead" time="24.787"/>
  <testcase classname="tests.AddProjectLeadTest" name="addLeadForAdditionalProjectLeadTest" time="12.122"/>
  <testcase classname="tests.AddProjectLeadTest" name="addLeadForAdditionalProjectLeadTest" time="13.827"/>
  <testcase classname="tests.AddProjectLeadTest" name="addLeadForBasicProjectLead" time="24.787"/>
  <testcase classname="tests.AddProjectLeadTest" name="addLeadForBasicProjectLead" time="26.181"/>
  <testcase classname="tests.AddProjectLeadTest" name="addLeadForAdditionalProjectLeadTest" time="54.815"/>
  <testcase classname="tests.AddProjectLeadTest" name="addLeadForBasicProjectLead" time="7.285"/>
  <testcase classname="tests.AddProjectLeadTest" name="addLeadForAdditionalProjectLeadTest" time="56.518"/>
  <testcase classname="tests.AddProjectLeadTest" name="addLeadForAdditionalProjectLeadTest" time="13.753"/>
  <testcase classname="tests.AddProjectLeadTest" name="addLeadForAdditionalProjectLeadTest" time="54.999"/>
  <testcase classname="tests.AddProjectLeadTest" name="addLeadForBasicProjectLead" time="7.484"/>
  <testcase classname="tests.AddProjectLeadTest" name="addLeadForBasicProjectLead" time="7.501"/>
  <testcase classname="tests.AddProjectLeadTest" name="addLeadForBasicProjectLead" time="24.593"/>
  <testcase classname="tests.AddProjectLeadTest" name="addLeadForBasicProjectLead" time="24.545"/>
  <testcase classname="tests.AddProjectLeadTest" name="addLeadForBasicProjectLead" time="8.977"/>
  <testcase classname="tests.AddProjectLeadTest" name="addLeadForBasicProjectLead" time="22.281"/>
  <testcase classname="tests.AddProjectLeadTest" name="addLeadForAdditionalProjectLeadTest" time="56.551"/>
  <testcase classname="tests.AddProjectLeadTest" name="addLeadForAdditionalProjectLeadTest" time="57.567"/>
  <testcase classname="tests.AddProjectLeadTest" name="addLeadForBasicProjectLead" time="7.316"/>
  <testcase classname="tests.AddProjectLeadTest" name="addLeadForBasicProjectLead" time="7.533"/>
  <testcase classname="tests.AddProjectLeadTest" name="addLeadForAdditionalProjectLeadTest" time="54.894"/>
  <testcase classname="tests.AddProjectLeadTest" name="addLeadForBasicProjectLead" time="26.178"/>
  <testcase classname="tests.AddProjectLeadTest" name="addLeadForBasicProjectLead" time="8.964"/>
  <testcase classname="tests.AddProjectLeadTest" name="addLeadForAdditionalProjectLeadTest" time="56.553"/>
  <testcase classname="tests.AddProjectLeadTest" name="addLeadForBasicProjectLead" time="8.948"/>
  <testcase classname="tests.AddProjectLeadTest" name="addLeadForAdditionalProjectLeadTest" time="56.644"/>
  <testcase classname="tests.AddProjectLeadTest" name="addLeadForAdditionalProjectLeadTest" time="55.117"/>
  <testcase classname="tests.AddProjectLeadTest" name="addLeadForBasicProjectLead" time="24.593"/>
  <testcase classname="tests.AddProjectLeadTest" name="addLeadForBasicProjectLead" time="26.230"/>
  <testcase classname="tests.AddProjectLeadTest" name="addLeadForBasicProjectLead" time="8.951"/>
  <testcase classname="tests.AddProjectLeadTest" name="addLeadForAdditionalProjectLeadTest" time="55.885"/>
  <testcase classname="tests.AddProjectLeadTest" name="addLeadForAdditionalProjectLeadTest" time="13.747"/>
  <testcase classname="tests.AddProjectLeadTest" name="addLeadForBasicProjectLead" time="8.950"/>
  <testcase classname="tests.AddProjectLeadTest" name="addLeadForBasicProjectLead" time="25.600"/>
  <testcase classname="tests.AddProjectLeadTest" name="addLeadForBasicProjectLead" time="26.263"/>
  <testcase classname="tests.AddProjectLeadTest" name="addLeadForBasicProjectLead" time="8.982"/>
  <testcase classname="tests.AddProjectLeadTest" name="addLeadForAdditionalProjectLeadTest" time="54.799"/>
</testsuite> <!-- tests.AddProjectLeadTest -->
