<?xml version="1.0" encoding="UTF-8"?>
<!-- Generated by org.testng.reporters.JUnitReportReporter -->
<testsuite hostname="Tushars-Mac-mini.local" failures="0" tests="25" name="tests.AddFundLeadTest" time="223.115" errors="0" timestamp="2025-10-06T16:35:49 IST" skipped="0">
  <testcase classname="tests.AddFundLeadTest" name="addLeadForBasicFundLead" time="9.220"/>
  <testcase classname="tests.AddFundLeadTest" name="addLeadForBasicFundLead" time="8.879"/>
  <testcase classname="tests.AddFundLeadTest" name="addLeadForBasicFundLead" time="8.931"/>
  <testcase classname="tests.AddFundLeadTest" name="addLeadForBasicFundLead" time="8.891"/>
  <testcase classname="tests.AddFundLeadTest" name="addLeadForBasicFundLead" time="8.891"/>
  <testcase classname="tests.AddFundLeadTest" name="addLeadForBasicFundLead" time="8.927"/>
  <testcase classname="tests.AddFundLeadTest" name="addLeadForBasicFundLead" time="8.872"/>
  <testcase classname="tests.AddFundLeadTest" name="addLeadForBasicFundLead" time="8.910"/>
  <testcase classname="tests.AddFundLeadTest" name="addLeadForBasicFundLead" time="8.870"/>
  <testcase classname="tests.AddFundLeadTest" name="addLeadForBasicFundLead" time="8.899"/>
  <testcase classname="tests.AddFundLeadTest" name="addLeadForBasicFundLead" time="8.901"/>
  <testcase classname="tests.AddFundLeadTest" name="addLeadForBasicFundLead" time="8.980"/>
  <testcase classname="tests.AddFundLeadTest" name="addLeadForBasicFundLead" time="8.942"/>
  <testcase classname="tests.AddFundLeadTest" name="addLeadForBasicFundLead" time="8.941"/>
  <testcase classname="tests.AddFundLeadTest" name="addLeadForBasicFundLead" time="8.890"/>
  <testcase classname="tests.AddFundLeadTest" name="addLeadForBasicFundLead" time="8.896"/>
  <testcase classname="tests.AddFundLeadTest" name="addLeadForBasicFundLead" time="8.883"/>
  <testcase classname="tests.AddFundLeadTest" name="addLeadForBasicFundLead" time="8.893"/>
  <testcase classname="tests.AddFundLeadTest" name="addLeadForBasicFundLead" time="9.097"/>
  <testcase classname="tests.AddFundLeadTest" name="addLeadForBasicFundLead" time="8.894"/>
  <testcase classname="tests.AddFundLeadTest" name="addLeadForBasicFundLead" time="8.952"/>
  <testcase classname="tests.AddFundLeadTest" name="addLeadForBasicFundLead" time="8.897"/>
  <testcase classname="tests.AddFundLeadTest" name="addLeadForBasicFundLead" time="8.900"/>
  <testcase classname="tests.AddFundLeadTest" name="addLeadForBasicFundLead" time="8.914"/>
  <testcase classname="tests.AddFundLeadTest" name="addLeadForBasicFundLead" time="8.845"/>
</testsuite> <!-- tests.AddFundLeadTest -->
