<?xml version="1.0" encoding="UTF-8"?>
<!-- Generated by org.testng.reporters.JUnitReportReporter -->
<testsuite hostname="Tushars-Mac-mini.local" failures="0" tests="4" name="tests.AddProjectLeadTest" time="43.720" errors="0" timestamp="2025-09-03T19:00:44 IST" skipped="0">
  <testcase classname="tests.AddProjectLeadTest" name="addLeadForBasicProjectLead" time="10.911"/>
  <testcase classname="tests.AddProjectLeadTest" name="addLeadForBasicProjectLead" time="10.856"/>
  <testcase classname="tests.AddProjectLeadTest" name="addLeadForBasicProjectLead" time="11.010"/>
  <testcase classname="tests.AddProjectLeadTest" name="addLeadForBasicProjectLead" time="10.943"/>
</testsuite> <!-- tests.AddProjectLeadTest -->
