<?xml version="1.0" encoding="UTF-8"?>
<!-- Generated by org.testng.reporters.JUnitReportReporter -->
<testsuite hostname="Tushars-Mac-mini.local" failures="0" tests="100" name="playwright.EventRegistrationTest" time="105.345" errors="0" timestamp="2025-08-26T18:34:41 IST" skipped="0">
  <testcase classname="playwright.EventRegistrationTest" name="eventRegistration" time="1.051"/>
  <testcase classname="playwright.EventRegistrationTest" name="eventRegistration" time="1.102"/>
  <testcase classname="playwright.EventRegistrationTest" name="eventRegistration" time="1.093"/>
  <testcase classname="playwright.EventRegistrationTest" name="eventRegistration" time="1.119"/>
  <testcase classname="playwright.EventRegistrationTest" name="eventRegistration" time="0.801"/>
  <testcase classname="playwright.EventRegistrationTest" name="eventRegistration" time="1.200"/>
  <testcase classname="playwright.EventRegistrationTest" name="eventRegistration" time="1.026"/>
  <testcase classname="playwright.EventRegistrationTest" name="eventRegistration" time="1.062"/>
  <testcase classname="playwright.EventRegistrationTest" name="eventRegistration" time="0.689"/>
  <testcase classname="playwright.EventRegistrationTest" name="eventRegistration" time="1.045"/>
  <testcase classname="playwright.EventRegistrationTest" name="eventRegistration" time="1.062"/>
  <testcase classname="playwright.EventRegistrationTest" name="eventRegistration" time="1.050"/>
  <testcase classname="playwright.EventRegistrationTest" name="eventRegistration" time="1.177"/>
  <testcase classname="playwright.EventRegistrationTest" name="eventRegistration" time="1.060"/>
  <testcase classname="playwright.EventRegistrationTest" name="eventRegistration" time="1.125"/>
  <testcase classname="playwright.EventRegistrationTest" name="eventRegistration" time="1.027"/>
  <testcase classname="playwright.EventRegistrationTest" name="eventRegistration" time="1.061"/>
  <testcase classname="playwright.EventRegistrationTest" name="eventRegistration" time="1.036"/>
  <testcase classname="playwright.EventRegistrationTest" name="eventRegistration" time="1.152"/>
  <testcase classname="playwright.EventRegistrationTest" name="eventRegistration" time="1.021"/>
  <testcase classname="playwright.EventRegistrationTest" name="eventRegistration" time="1.069"/>
  <testcase classname="playwright.EventRegistrationTest" name="eventRegistration" time="0.993"/>
  <testcase classname="playwright.EventRegistrationTest" name="eventRegistration" time="1.451"/>
  <testcase classname="playwright.EventRegistrationTest" name="eventRegistration" time="1.029"/>
  <testcase classname="playwright.EventRegistrationTest" name="eventRegistration" time="1.038"/>
  <testcase classname="playwright.EventRegistrationTest" name="eventRegistration" time="1.094"/>
  <testcase classname="playwright.EventRegistrationTest" name="eventRegistration" time="1.028"/>
  <testcase classname="playwright.EventRegistrationTest" name="eventRegistration" time="1.262"/>
  <testcase classname="playwright.EventRegistrationTest" name="eventRegistration" time="1.082"/>
  <testcase classname="playwright.EventRegistrationTest" name="eventRegistration" time="1.044"/>
  <testcase classname="playwright.EventRegistrationTest" name="eventRegistration" time="0.610"/>
  <testcase classname="playwright.EventRegistrationTest" name="eventRegistration" time="1.096"/>
  <testcase classname="playwright.EventRegistrationTest" name="eventRegistration" time="1.093"/>
  <testcase classname="playwright.EventRegistrationTest" name="eventRegistration" time="1.065"/>
  <testcase classname="playwright.EventRegistrationTest" name="eventRegistration" time="1.037"/>
  <testcase classname="playwright.EventRegistrationTest" name="eventRegistration" time="1.202"/>
  <testcase classname="playwright.EventRegistrationTest" name="eventRegistration" time="1.099"/>
  <testcase classname="playwright.EventRegistrationTest" name="eventRegistration" time="1.082"/>
  <testcase classname="playwright.EventRegistrationTest" name="eventRegistration" time="0.966"/>
  <testcase classname="playwright.EventRegistrationTest" name="eventRegistration" time="1.031"/>
  <testcase classname="playwright.EventRegistrationTest" name="eventRegistration" time="0.751"/>
  <testcase classname="playwright.EventRegistrationTest" name="eventRegistration" time="1.058"/>
  <testcase classname="playwright.EventRegistrationTest" name="eventRegistration" time="1.065"/>
  <testcase classname="playwright.EventRegistrationTest" name="eventRegistration" time="1.037"/>
  <testcase classname="playwright.EventRegistrationTest" name="eventRegistration" time="1.042"/>
  <testcase classname="playwright.EventRegistrationTest" name="eventRegistration" time="0.644"/>
  <testcase classname="playwright.EventRegistrationTest" name="eventRegistration" time="1.067"/>
  <testcase classname="playwright.EventRegistrationTest" name="eventRegistration" time="1.134"/>
  <testcase classname="playwright.EventRegistrationTest" name="eventRegistration" time="1.048"/>
  <testcase classname="playwright.EventRegistrationTest" name="eventRegistration" time="1.065"/>
  <testcase classname="playwright.EventRegistrationTest" name="eventRegistration" time="1.100"/>
  <testcase classname="playwright.EventRegistrationTest" name="eventRegistration" time="1.045"/>
  <testcase classname="playwright.EventRegistrationTest" name="eventRegistration" time="1.277"/>
  <testcase classname="playwright.EventRegistrationTest" name="eventRegistration" time="1.032"/>
  <testcase classname="playwright.EventRegistrationTest" name="eventRegistration" time="1.101"/>
  <testcase classname="playwright.EventRegistrationTest" name="eventRegistration" time="1.084"/>
  <testcase classname="playwright.EventRegistrationTest" name="eventRegistration" time="1.028"/>
  <testcase classname="playwright.EventRegistrationTest" name="eventRegistration" time="1.065"/>
  <testcase classname="playwright.EventRegistrationTest" name="eventRegistration" time="1.083"/>
  <testcase classname="playwright.EventRegistrationTest" name="eventRegistration" time="0.689"/>
  <testcase classname="playwright.EventRegistrationTest" name="eventRegistration" time="1.050"/>
  <testcase classname="playwright.EventRegistrationTest" name="eventRegistration" time="1.155"/>
  <testcase classname="playwright.EventRegistrationTest" name="eventRegistration" time="1.145"/>
  <testcase classname="playwright.EventRegistrationTest" name="eventRegistration" time="1.076"/>
  <testcase classname="playwright.EventRegistrationTest" name="eventRegistration" time="1.132"/>
  <testcase classname="playwright.EventRegistrationTest" name="eventRegistration" time="1.039"/>
  <testcase classname="playwright.EventRegistrationTest" name="eventRegistration" time="1.216"/>
  <testcase classname="playwright.EventRegistrationTest" name="eventRegistration" time="1.475"/>
  <testcase classname="playwright.EventRegistrationTest" name="eventRegistration" time="1.051"/>
  <testcase classname="playwright.EventRegistrationTest" name="eventRegistration" time="1.135"/>
  <testcase classname="playwright.EventRegistrationTest" name="eventRegistration" time="1.083"/>
  <testcase classname="playwright.EventRegistrationTest" name="eventRegistration" time="1.075"/>
  <testcase classname="playwright.EventRegistrationTest" name="eventRegistration" time="1.039"/>
  <testcase classname="playwright.EventRegistrationTest" name="eventRegistration" time="1.052"/>
  <testcase classname="playwright.EventRegistrationTest" name="eventRegistration" time="1.074"/>
  <testcase classname="playwright.EventRegistrationTest" name="eventRegistration" time="1.043"/>
  <testcase classname="playwright.EventRegistrationTest" name="eventRegistration" time="1.062"/>
  <testcase classname="playwright.EventRegistrationTest" name="eventRegistration" time="1.024"/>
  <testcase classname="playwright.EventRegistrationTest" name="eventRegistration" time="1.054"/>
  <testcase classname="playwright.EventRegistrationTest" name="eventRegistration" time="1.099"/>
  <testcase classname="playwright.EventRegistrationTest" name="eventRegistration" time="1.114"/>
  <testcase classname="playwright.EventRegistrationTest" name="eventRegistration" time="1.097"/>
  <testcase classname="playwright.EventRegistrationTest" name="eventRegistration" time="1.056"/>
  <testcase classname="playwright.EventRegistrationTest" name="eventRegistration" time="0.697"/>
  <testcase classname="playwright.EventRegistrationTest" name="eventRegistration" time="1.459"/>
  <testcase classname="playwright.EventRegistrationTest" name="eventRegistration" time="0.631"/>
  <testcase classname="playwright.EventRegistrationTest" name="eventRegistration" time="0.995"/>
  <testcase classname="playwright.EventRegistrationTest" name="eventRegistration" time="1.141"/>
  <testcase classname="playwright.EventRegistrationTest" name="eventRegistration" time="1.185"/>
  <testcase classname="playwright.EventRegistrationTest" name="eventRegistration" time="0.648"/>
  <testcase classname="playwright.EventRegistrationTest" name="eventRegistration" time="1.050"/>
  <testcase classname="playwright.EventRegistrationTest" name="eventRegistration" time="1.046"/>
  <testcase classname="playwright.EventRegistrationTest" name="eventRegistration" time="1.064"/>
  <testcase classname="playwright.EventRegistrationTest" name="eventRegistration" time="1.019"/>
  <testcase classname="playwright.EventRegistrationTest" name="eventRegistration" time="1.005"/>
  <testcase classname="playwright.EventRegistrationTest" name="eventRegistration" time="1.104"/>
  <testcase classname="playwright.EventRegistrationTest" name="eventRegistration" time="1.049"/>
  <testcase classname="playwright.EventRegistrationTest" name="eventRegistration" time="1.049"/>
  <testcase classname="playwright.EventRegistrationTest" name="eventRegistration" time="1.046"/>
  <testcase classname="playwright.EventRegistrationTest" name="eventRegistration" time="1.066"/>
</testsuite> <!-- playwright.EventRegistrationTest -->
