<?xml version="1.0" encoding="UTF-8"?>
<!-- Generated by org.testng.reporters.JUnitReportReporter -->
<testsuite hostname="Tushars-Mac-mini.local" failures="18" tests="1110" name="tests.AddFurnitureLeadTest" time="7421.816" errors="0" timestamp="2025-09-27T15:41:59 IST" skipped="0">
  <testcase classname="tests.AddFurnitureLeadTest" name="addLeadForBasicFurnitureLead" time="6.701"/>
  <testcase classname="tests.AddFurnitureLeadTest" name="addLeadForBasicFurnitureLead" time="6.786"/>
  <testcase classname="tests.AddFurnitureLeadTest" name="addLeadForBasicFurnitureLead" time="6.681"/>
  <testcase classname="tests.AddFurnitureLeadTest" name="addLeadForBasicFurnitureLead" time="6.758"/>
  <testcase classname="tests.AddFurnitureLeadTest" name="addLeadForBasicFurnitureLead" time="6.677"/>
  <testcase classname="tests.AddFurnitureLeadTest" name="addLeadForBasicFurnitureLead" time="6.645"/>
  <testcase classname="tests.AddFurnitureLeadTest" name="addLeadForBasicFurnitureLead" time="6.704"/>
  <testcase classname="tests.AddFurnitureLeadTest" name="addLeadForBasicFurnitureLead" time="6.669"/>
  <testcase classname="tests.AddFurnitureLeadTest" name="addLeadForBasicFurnitureLead" time="6.753"/>
  <testcase classname="tests.AddFurnitureLeadTest" name="addLeadForBasicFurnitureLead" time="6.698"/>
  <testcase classname="tests.AddFurnitureLeadTest" name="addLeadForBasicFurnitureLead" time="6.665"/>
  <testcase classname="tests.AddFurnitureLeadTest" name="addLeadForBasicFurnitureLead" time="6.719"/>
  <testcase classname="tests.AddFurnitureLeadTest" name="addLeadForBasicFurnitureLead" time="6.610"/>
  <testcase classname="tests.AddFurnitureLeadTest" name="addLeadForBasicFurnitureLead" time="6.674"/>
  <testcase classname="tests.AddFurnitureLeadTest" name="addLeadForBasicFurnitureLead" time="6.707"/>
  <testcase classname="tests.AddFurnitureLeadTest" name="addLeadForBasicFurnitureLead" time="6.611"/>
  <testcase classname="tests.AddFurnitureLeadTest" name="addLeadForBasicFurnitureLead" time="6.627"/>
  <testcase classname="tests.AddFurnitureLeadTest" name="addLeadForBasicFurnitureLead" time="6.733"/>
  <testcase classname="tests.AddFurnitureLeadTest" name="addLeadForBasicFurnitureLead" time="6.619"/>
  <testcase classname="tests.AddFurnitureLeadTest" name="addLeadForBasicFurnitureLead" time="6.658"/>
  <testcase classname="tests.AddFurnitureLeadTest" name="addLeadForBasicFurnitureLead" time="6.651"/>
  <testcase classname="tests.AddFurnitureLeadTest" name="addLeadForBasicFurnitureLead" time="6.664"/>
  <testcase classname="tests.AddFurnitureLeadTest" name="addLeadForBasicFurnitureLead" time="6.682"/>
  <testcase classname="tests.AddFurnitureLeadTest" name="addLeadForBasicFurnitureLead" time="6.722"/>
  <testcase classname="tests.AddFurnitureLeadTest" name="addLeadForBasicFurnitureLead" time="6.654"/>
  <testcase classname="tests.AddFurnitureLeadTest" name="addLeadForBasicFurnitureLead" time="6.690"/>
  <testcase classname="tests.AddFurnitureLeadTest" name="addLeadForBasicFurnitureLead" time="6.679"/>
  <testcase classname="tests.AddFurnitureLeadTest" name="addLeadForBasicFurnitureLead" time="6.637"/>
  <testcase classname="tests.AddFurnitureLeadTest" name="addLeadForBasicFurnitureLead" time="6.680"/>
  <testcase classname="tests.AddFurnitureLeadTest" name="addLeadForBasicFurnitureLead" time="6.740"/>
  <testcase classname="tests.AddFurnitureLeadTest" name="addLeadForBasicFurnitureLead" time="6.649"/>
  <testcase classname="tests.AddFurnitureLeadTest" name="addLeadForBasicFurnitureLead" time="6.668"/>
  <testcase classname="tests.AddFurnitureLeadTest" name="addLeadForBasicFurnitureLead" time="7.532"/>
  <testcase classname="tests.AddFurnitureLeadTest" name="addLeadForBasicFurnitureLead" time="6.718"/>
  <testcase classname="tests.AddFurnitureLeadTest" name="addLeadForBasicFurnitureLead" time="6.666"/>
  <testcase classname="tests.AddFurnitureLeadTest" name="addLeadForBasicFurnitureLead" time="6.634"/>
  <testcase classname="tests.AddFurnitureLeadTest" name="addLeadForBasicFurnitureLead" time="6.639"/>
  <testcase classname="tests.AddFurnitureLeadTest" name="addLeadForBasicFurnitureLead" time="6.684"/>
  <testcase classname="tests.AddFurnitureLeadTest" name="addLeadForBasicFurnitureLead" time="6.680"/>
  <testcase classname="tests.AddFurnitureLeadTest" name="addLeadForBasicFurnitureLead" time="6.651"/>
  <testcase classname="tests.AddFurnitureLeadTest" name="addLeadForBasicFurnitureLead" time="6.741"/>
  <testcase classname="tests.AddFurnitureLeadTest" name="addLeadForBasicFurnitureLead" time="6.689"/>
  <testcase classname="tests.AddFurnitureLeadTest" name="addLeadForBasicFurnitureLead" time="6.678"/>
  <testcase classname="tests.AddFurnitureLeadTest" name="addLeadForBasicFurnitureLead" time="6.665"/>
  <testcase classname="tests.AddFurnitureLeadTest" name="addLeadForBasicFurnitureLead" time="6.828"/>
  <testcase classname="tests.AddFurnitureLeadTest" name="addLeadForBasicFurnitureLead" time="6.688"/>
  <testcase classname="tests.AddFurnitureLeadTest" name="addLeadForBasicFurnitureLead" time="6.630"/>
  <testcase classname="tests.AddFurnitureLeadTest" name="addLeadForBasicFurnitureLead" time="6.689"/>
  <testcase classname="tests.AddFurnitureLeadTest" name="addLeadForBasicFurnitureLead" time="6.675"/>
  <testcase classname="tests.AddFurnitureLeadTest" name="addLeadForBasicFurnitureLead" time="6.648"/>
  <testcase classname="tests.AddFurnitureLeadTest" name="addLeadForBasicFurnitureLead" time="6.645"/>
  <testcase classname="tests.AddFurnitureLeadTest" name="addLeadForBasicFurnitureLead" time="6.649"/>
  <testcase classname="tests.AddFurnitureLeadTest" name="addLeadForBasicFurnitureLead" time="6.631"/>
  <testcase classname="tests.AddFurnitureLeadTest" name="addLeadForBasicFurnitureLead" time="6.630"/>
  <testcase classname="tests.AddFurnitureLeadTest" name="addLeadForBasicFurnitureLead" time="6.695"/>
  <testcase classname="tests.AddFurnitureLeadTest" name="addLeadForBasicFurnitureLead" time="6.647"/>
  <testcase classname="tests.AddFurnitureLeadTest" name="addLeadForBasicFurnitureLead" time="6.660"/>
  <testcase classname="tests.AddFurnitureLeadTest" name="addLeadForBasicFurnitureLead" time="6.691"/>
  <testcase classname="tests.AddFurnitureLeadTest" name="addLeadForBasicFurnitureLead" time="6.723"/>
  <testcase classname="tests.AddFurnitureLeadTest" name="addLeadForBasicFurnitureLead" time="6.714"/>
  <testcase classname="tests.AddFurnitureLeadTest" name="addLeadForBasicFurnitureLead" time="6.642"/>
  <testcase classname="tests.AddFurnitureLeadTest" name="addLeadForBasicFurnitureLead" time="6.732"/>
  <testcase classname="tests.AddFurnitureLeadTest" name="addLeadForBasicFurnitureLead" time="6.666"/>
  <testcase classname="tests.AddFurnitureLeadTest" name="addLeadForBasicFurnitureLead" time="6.685"/>
  <testcase classname="tests.AddFurnitureLeadTest" name="addLeadForBasicFurnitureLead" time="6.704"/>
  <testcase classname="tests.AddFurnitureLeadTest" name="addLeadForBasicFurnitureLead" time="6.743"/>
  <testcase classname="tests.AddFurnitureLeadTest" name="addLeadForBasicFurnitureLead" time="6.630"/>
  <testcase classname="tests.AddFurnitureLeadTest" name="addLeadForBasicFurnitureLead" time="6.743"/>
  <testcase classname="tests.AddFurnitureLeadTest" name="addLeadForBasicFurnitureLead" time="6.723"/>
  <testcase classname="tests.AddFurnitureLeadTest" name="addLeadForBasicFurnitureLead" time="6.649"/>
  <testcase classname="tests.AddFurnitureLeadTest" name="addLeadForBasicFurnitureLead" time="6.695"/>
  <testcase classname="tests.AddFurnitureLeadTest" name="addLeadForBasicFurnitureLead" time="6.681"/>
  <testcase classname="tests.AddFurnitureLeadTest" name="addLeadForBasicFurnitureLead" time="6.677"/>
  <testcase classname="tests.AddFurnitureLeadTest" name="addLeadForBasicFurnitureLead" time="6.629"/>
  <testcase classname="tests.AddFurnitureLeadTest" name="addLeadForBasicFurnitureLead" time="6.685"/>
  <testcase classname="tests.AddFurnitureLeadTest" name="addLeadForBasicFurnitureLead" time="6.642"/>
  <testcase classname="tests.AddFurnitureLeadTest" name="addLeadForBasicFurnitureLead" time="6.642"/>
  <testcase classname="tests.AddFurnitureLeadTest" name="addLeadForBasicFurnitureLead" time="6.684"/>
  <testcase classname="tests.AddFurnitureLeadTest" name="addLeadForBasicFurnitureLead" time="6.727"/>
  <testcase classname="tests.AddFurnitureLeadTest" name="addLeadForBasicFurnitureLead" time="6.668"/>
  <testcase classname="tests.AddFurnitureLeadTest" name="addLeadForBasicFurnitureLead" time="6.679"/>
  <testcase classname="tests.AddFurnitureLeadTest" name="addLeadForBasicFurnitureLead" time="6.696"/>
  <testcase classname="tests.AddFurnitureLeadTest" name="addLeadForBasicFurnitureLead" time="6.679"/>
  <testcase classname="tests.AddFurnitureLeadTest" name="addLeadForBasicFurnitureLead" time="6.674"/>
  <testcase classname="tests.AddFurnitureLeadTest" name="addLeadForBasicFurnitureLead" time="6.657"/>
  <testcase classname="tests.AddFurnitureLeadTest" name="addLeadForBasicFurnitureLead" time="6.626"/>
  <testcase classname="tests.AddFurnitureLeadTest" name="addLeadForBasicFurnitureLead" time="9.048"/>
  <testcase classname="tests.AddFurnitureLeadTest" name="addLeadForBasicFurnitureLead" time="6.746"/>
  <testcase classname="tests.AddFurnitureLeadTest" name="addLeadForBasicFurnitureLead" time="6.730"/>
  <testcase classname="tests.AddFurnitureLeadTest" name="addLeadForBasicFurnitureLead" time="6.682"/>
  <testcase classname="tests.AddFurnitureLeadTest" name="addLeadForBasicFurnitureLead" time="6.674"/>
  <testcase classname="tests.AddFurnitureLeadTest" name="addLeadForBasicFurnitureLead" time="6.639"/>
  <testcase classname="tests.AddFurnitureLeadTest" name="addLeadForBasicFurnitureLead" time="6.657"/>
  <testcase classname="tests.AddFurnitureLeadTest" name="addLeadForBasicFurnitureLead" time="6.664"/>
  <testcase classname="tests.AddFurnitureLeadTest" name="addLeadForBasicFurnitureLead" time="6.639"/>
  <testcase classname="tests.AddFurnitureLeadTest" name="addLeadForBasicFurnitureLead" time="6.644"/>
  <testcase classname="tests.AddFurnitureLeadTest" name="addLeadForBasicFurnitureLead" time="6.685"/>
  <testcase classname="tests.AddFurnitureLeadTest" name="addLeadForBasicFurnitureLead" time="6.694"/>
  <testcase classname="tests.AddFurnitureLeadTest" name="addLeadForBasicFurnitureLead" time="6.660"/>
  <testcase classname="tests.AddFurnitureLeadTest" name="addLeadForBasicFurnitureLead" time="6.663"/>
  <testcase classname="tests.AddFurnitureLeadTest" name="addLeadForBasicFurnitureLead" time="6.713"/>
  <testcase classname="tests.AddFurnitureLeadTest" name="addLeadForBasicFurnitureLead" time="6.665"/>
  <testcase classname="tests.AddFurnitureLeadTest" name="addLeadForBasicFurnitureLead" time="6.642"/>
  <testcase classname="tests.AddFurnitureLeadTest" name="addLeadForBasicFurnitureLead" time="6.681"/>
  <testcase classname="tests.AddFurnitureLeadTest" name="addLeadForBasicFurnitureLead" time="6.662"/>
  <testcase classname="tests.AddFurnitureLeadTest" name="addLeadForBasicFurnitureLead" time="6.694"/>
  <testcase classname="tests.AddFurnitureLeadTest" name="addLeadForBasicFurnitureLead" time="6.605"/>
  <testcase classname="tests.AddFurnitureLeadTest" name="addLeadForBasicFurnitureLead" time="6.672"/>
  <testcase classname="tests.AddFurnitureLeadTest" name="addLeadForBasicFurnitureLead" time="6.665"/>
  <testcase classname="tests.AddFurnitureLeadTest" name="addLeadForBasicFurnitureLead" time="6.711"/>
  <testcase classname="tests.AddFurnitureLeadTest" name="addLeadForBasicFurnitureLead" time="6.684"/>
  <testcase classname="tests.AddFurnitureLeadTest" name="addLeadForBasicFurnitureLead" time="6.664"/>
  <testcase classname="tests.AddFurnitureLeadTest" name="addLeadForBasicFurnitureLead" time="6.716"/>
  <testcase classname="tests.AddFurnitureLeadTest" name="addLeadForBasicFurnitureLead" time="6.703"/>
  <testcase classname="tests.AddFurnitureLeadTest" name="addLeadForBasicFurnitureLead" time="6.707"/>
  <testcase classname="tests.AddFurnitureLeadTest" name="addLeadForBasicFurnitureLead" time="6.668"/>
  <testcase classname="tests.AddFurnitureLeadTest" name="addLeadForBasicFurnitureLead" time="6.727"/>
  <testcase classname="tests.AddFurnitureLeadTest" name="addLeadForBasicFurnitureLead" time="6.657"/>
  <testcase classname="tests.AddFurnitureLeadTest" name="addLeadForBasicFurnitureLead" time="6.639"/>
  <testcase classname="tests.AddFurnitureLeadTest" name="addLeadForBasicFurnitureLead" time="6.646"/>
  <testcase classname="tests.AddFurnitureLeadTest" name="addLeadForBasicFurnitureLead" time="6.681"/>
  <testcase classname="tests.AddFurnitureLeadTest" name="addLeadForBasicFurnitureLead" time="6.651"/>
  <testcase classname="tests.AddFurnitureLeadTest" name="addLeadForBasicFurnitureLead" time="6.653"/>
  <testcase classname="tests.AddFurnitureLeadTest" name="addLeadForBasicFurnitureLead" time="6.666"/>
  <testcase classname="tests.AddFurnitureLeadTest" name="addLeadForBasicFurnitureLead" time="6.616"/>
  <testcase classname="tests.AddFurnitureLeadTest" name="addLeadForBasicFurnitureLead" time="6.638"/>
  <testcase classname="tests.AddFurnitureLeadTest" name="addLeadForBasicFurnitureLead" time="6.651"/>
  <testcase classname="tests.AddFurnitureLeadTest" name="addLeadForBasicFurnitureLead" time="6.598"/>
  <testcase classname="tests.AddFurnitureLeadTest" name="addLeadForBasicFurnitureLead" time="6.658"/>
  <testcase classname="tests.AddFurnitureLeadTest" name="addLeadForBasicFurnitureLead" time="6.663"/>
  <testcase classname="tests.AddFurnitureLeadTest" name="addLeadForBasicFurnitureLead" time="6.689"/>
  <testcase classname="tests.AddFurnitureLeadTest" name="addLeadForBasicFurnitureLead" time="6.660"/>
  <testcase classname="tests.AddFurnitureLeadTest" name="addLeadForBasicFurnitureLead" time="6.663"/>
  <testcase classname="tests.AddFurnitureLeadTest" name="addLeadForBasicFurnitureLead" time="6.645"/>
  <testcase classname="tests.AddFurnitureLeadTest" name="addLeadForBasicFurnitureLead" time="6.685"/>
  <testcase classname="tests.AddFurnitureLeadTest" name="addLeadForBasicFurnitureLead" time="6.683"/>
  <testcase classname="tests.AddFurnitureLeadTest" name="addLeadForBasicFurnitureLead" time="6.666"/>
  <testcase classname="tests.AddFurnitureLeadTest" name="addLeadForBasicFurnitureLead" time="6.737"/>
  <testcase classname="tests.AddFurnitureLeadTest" name="addLeadForBasicFurnitureLead" time="6.691"/>
  <testcase classname="tests.AddFurnitureLeadTest" name="addLeadForBasicFurnitureLead" time="6.676"/>
  <testcase classname="tests.AddFurnitureLeadTest" name="addLeadForBasicFurnitureLead" time="6.656"/>
  <testcase classname="tests.AddFurnitureLeadTest" name="addLeadForBasicFurnitureLead" time="5.569">
    <failure message="Full name mismatch. Expected: Rohit Thakkar, Got: Rohit Desai" type="java.lang.AssertionError">
      <![CDATA[java.lang.AssertionError: Full name mismatch. Expected: Rohit Thakkar, Got: Rohit Desai
at pages.AddFurnitureLeadPage.validateLeadWithGeneratedData(AddFurnitureLeadPage.java:131)
at tests.AddFurnitureLeadTest.addLeadForBasicFurnitureLead(AddFurnitureLeadTest.java:101)
at java.base/jdk.internal.reflect.DirectMethodHandleAccessor.invoke(DirectMethodHandleAccessor.java:103)
at java.base/java.lang.reflect.Method.invoke(Method.java:580)
at org.testng.internal.invokers.MethodInvocationHelper.invokeMethod(MethodInvocationHelper.java:141)
at org.testng.internal.invokers.TestInvoker.invokeMethod(TestInvoker.java:687)
at org.testng.internal.invokers.TestInvoker.invokeTestMethod(TestInvoker.java:230)
at org.testng.internal.invokers.MethodRunner.runInSequence(MethodRunner.java:63)
at org.testng.internal.invokers.TestInvoker$MethodInvocationAgent.invoke(TestInvoker.java:995)
at org.testng.internal.invokers.TestInvoker.invokeTestMethods(TestInvoker.java:203)
at org.testng.internal.invokers.TestMethodWorker.invokeTestMethods(TestMethodWorker.java:154)
at org.testng.internal.invokers.TestMethodWorker.run(TestMethodWorker.java:134)
at java.base/java.util.ArrayList.forEach(ArrayList.java:1596)
at org.testng.TestRunner.privateRun(TestRunner.java:741)
at org.testng.TestRunner.run(TestRunner.java:616)
at org.testng.SuiteRunner.runTest(SuiteRunner.java:421)
at org.testng.SuiteRunner.runSequentially(SuiteRunner.java:413)
at org.testng.SuiteRunner.privateRun(SuiteRunner.java:373)
at org.testng.SuiteRunner.run(SuiteRunner.java:312)
at org.testng.SuiteRunnerWorker.runSuite(SuiteRunnerWorker.java:52)
at org.testng.SuiteRunnerWorker.run(SuiteRunnerWorker.java:95)
at org.testng.TestNG.runSuitesSequentially(TestNG.java:1274)
at org.testng.TestNG.runSuitesLocally(TestNG.java:1208)
at org.testng.TestNG.runSuites(TestNG.java:1112)
at org.testng.TestNG.run(TestNG.java:1079)
at org.testng.remote.AbstractRemoteTestNG.run(AbstractRemoteTestNG.java:115)
at org.testng.remote.RemoteTestNG.initAndRun(RemoteTestNG.java:293)
at org.testng.remote.RemoteTestNG.main(RemoteTestNG.java:91)
]]>
    </failure>
  </testcase> <!-- addLeadForBasicFurnitureLead -->
  <testcase classname="tests.AddFurnitureLeadTest" name="addLeadForBasicFurnitureLead" time="6.648"/>
  <testcase classname="tests.AddFurnitureLeadTest" name="addLeadForBasicFurnitureLead" time="6.656"/>
  <testcase classname="tests.AddFurnitureLeadTest" name="addLeadForBasicFurnitureLead" time="6.644"/>
  <testcase classname="tests.AddFurnitureLeadTest" name="addLeadForBasicFurnitureLead" time="6.683"/>
  <testcase classname="tests.AddFurnitureLeadTest" name="addLeadForBasicFurnitureLead" time="6.733"/>
  <testcase classname="tests.AddFurnitureLeadTest" name="addLeadForBasicFurnitureLead" time="6.682"/>
  <testcase classname="tests.AddFurnitureLeadTest" name="addLeadForBasicFurnitureLead" time="6.742"/>
  <testcase classname="tests.AddFurnitureLeadTest" name="addLeadForBasicFurnitureLead" time="6.715"/>
  <testcase classname="tests.AddFurnitureLeadTest" name="addLeadForBasicFurnitureLead" time="6.696"/>
  <testcase classname="tests.AddFurnitureLeadTest" name="addLeadForBasicFurnitureLead" time="6.681"/>
  <testcase classname="tests.AddFurnitureLeadTest" name="addLeadForBasicFurnitureLead" time="6.678"/>
  <testcase classname="tests.AddFurnitureLeadTest" name="addLeadForBasicFurnitureLead" time="6.725"/>
  <testcase classname="tests.AddFurnitureLeadTest" name="addLeadForBasicFurnitureLead" time="5.541">
    <failure message="Full name mismatch. Expected: Karan Mehta, Got: Nirav Chaudhary" type="java.lang.AssertionError">
      <![CDATA[java.lang.AssertionError: Full name mismatch. Expected: Karan Mehta, Got: Nirav Chaudhary
at pages.AddFurnitureLeadPage.validateLeadWithGeneratedData(AddFurnitureLeadPage.java:131)
at tests.AddFurnitureLeadTest.addLeadForBasicFurnitureLead(AddFurnitureLeadTest.java:101)
at java.base/jdk.internal.reflect.DirectMethodHandleAccessor.invoke(DirectMethodHandleAccessor.java:103)
at java.base/java.lang.reflect.Method.invoke(Method.java:580)
at org.testng.internal.invokers.MethodInvocationHelper.invokeMethod(MethodInvocationHelper.java:141)
at org.testng.internal.invokers.TestInvoker.invokeMethod(TestInvoker.java:687)
at org.testng.internal.invokers.TestInvoker.invokeTestMethod(TestInvoker.java:230)
at org.testng.internal.invokers.MethodRunner.runInSequence(MethodRunner.java:63)
at org.testng.internal.invokers.TestInvoker$MethodInvocationAgent.invoke(TestInvoker.java:995)
at org.testng.internal.invokers.TestInvoker.invokeTestMethods(TestInvoker.java:203)
at org.testng.internal.invokers.TestMethodWorker.invokeTestMethods(TestMethodWorker.java:154)
at org.testng.internal.invokers.TestMethodWorker.run(TestMethodWorker.java:134)
at java.base/java.util.ArrayList.forEach(ArrayList.java:1596)
at org.testng.TestRunner.privateRun(TestRunner.java:741)
at org.testng.TestRunner.run(TestRunner.java:616)
at org.testng.SuiteRunner.runTest(SuiteRunner.java:421)
at org.testng.SuiteRunner.runSequentially(SuiteRunner.java:413)
at org.testng.SuiteRunner.privateRun(SuiteRunner.java:373)
at org.testng.SuiteRunner.run(SuiteRunner.java:312)
at org.testng.SuiteRunnerWorker.runSuite(SuiteRunnerWorker.java:52)
at org.testng.SuiteRunnerWorker.run(SuiteRunnerWorker.java:95)
at org.testng.TestNG.runSuitesSequentially(TestNG.java:1274)
at org.testng.TestNG.runSuitesLocally(TestNG.java:1208)
at org.testng.TestNG.runSuites(TestNG.java:1112)
at org.testng.TestNG.run(TestNG.java:1079)
at org.testng.remote.AbstractRemoteTestNG.run(AbstractRemoteTestNG.java:115)
at org.testng.remote.RemoteTestNG.initAndRun(RemoteTestNG.java:293)
at org.testng.remote.RemoteTestNG.main(RemoteTestNG.java:91)
]]>
    </failure>
  </testcase> <!-- addLeadForBasicFurnitureLead -->
  <testcase classname="tests.AddFurnitureLeadTest" name="addLeadForBasicFurnitureLead" time="6.679"/>
  <testcase classname="tests.AddFurnitureLeadTest" name="addLeadForBasicFurnitureLead" time="6.741"/>
  <testcase classname="tests.AddFurnitureLeadTest" name="addLeadForBasicFurnitureLead" time="6.664"/>
  <testcase classname="tests.AddFurnitureLeadTest" name="addLeadForBasicFurnitureLead" time="6.674"/>
  <testcase classname="tests.AddFurnitureLeadTest" name="addLeadForBasicFurnitureLead" time="6.695"/>
  <testcase classname="tests.AddFurnitureLeadTest" name="addLeadForBasicFurnitureLead" time="6.700"/>
  <testcase classname="tests.AddFurnitureLeadTest" name="addLeadForBasicFurnitureLead" time="6.706"/>
  <testcase classname="tests.AddFurnitureLeadTest" name="addLeadForBasicFurnitureLead" time="6.693"/>
  <testcase classname="tests.AddFurnitureLeadTest" name="addLeadForBasicFurnitureLead" time="6.698"/>
  <testcase classname="tests.AddFurnitureLeadTest" name="addLeadForBasicFurnitureLead" time="6.711"/>
  <testcase classname="tests.AddFurnitureLeadTest" name="addLeadForBasicFurnitureLead" time="6.715"/>
  <testcase classname="tests.AddFurnitureLeadTest" name="addLeadForBasicFurnitureLead" time="6.661"/>
  <testcase classname="tests.AddFurnitureLeadTest" name="addLeadForBasicFurnitureLead" time="6.653"/>
  <testcase classname="tests.AddFurnitureLeadTest" name="addLeadForBasicFurnitureLead" time="6.686"/>
  <testcase classname="tests.AddFurnitureLeadTest" name="addLeadForBasicFurnitureLead" time="6.630"/>
  <testcase classname="tests.AddFurnitureLeadTest" name="addLeadForBasicFurnitureLead" time="6.636"/>
  <testcase classname="tests.AddFurnitureLeadTest" name="addLeadForBasicFurnitureLead" time="6.712"/>
  <testcase classname="tests.AddFurnitureLeadTest" name="addLeadForBasicFurnitureLead" time="6.651"/>
  <testcase classname="tests.AddFurnitureLeadTest" name="addLeadForBasicFurnitureLead" time="6.737"/>
  <testcase classname="tests.AddFurnitureLeadTest" name="addLeadForBasicFurnitureLead" time="6.678"/>
  <testcase classname="tests.AddFurnitureLeadTest" name="addLeadForBasicFurnitureLead" time="6.698"/>
  <testcase classname="tests.AddFurnitureLeadTest" name="addLeadForBasicFurnitureLead" time="6.710"/>
  <testcase classname="tests.AddFurnitureLeadTest" name="addLeadForBasicFurnitureLead" time="6.682"/>
  <testcase classname="tests.AddFurnitureLeadTest" name="addLeadForBasicFurnitureLead" time="6.696"/>
  <testcase classname="tests.AddFurnitureLeadTest" name="addLeadForBasicFurnitureLead" time="6.698"/>
  <testcase classname="tests.AddFurnitureLeadTest" name="addLeadForBasicFurnitureLead" time="6.679"/>
  <testcase classname="tests.AddFurnitureLeadTest" name="addLeadForBasicFurnitureLead" time="6.709"/>
  <testcase classname="tests.AddFurnitureLeadTest" name="addLeadForBasicFurnitureLead" time="6.735"/>
  <testcase classname="tests.AddFurnitureLeadTest" name="addLeadForBasicFurnitureLead" time="6.715"/>
  <testcase classname="tests.AddFurnitureLeadTest" name="addLeadForBasicFurnitureLead" time="6.705"/>
  <testcase classname="tests.AddFurnitureLeadTest" name="addLeadForBasicFurnitureLead" time="6.607"/>
  <testcase classname="tests.AddFurnitureLeadTest" name="addLeadForBasicFurnitureLead" time="6.612"/>
  <testcase classname="tests.AddFurnitureLeadTest" name="addLeadForBasicFurnitureLead" time="6.641"/>
  <testcase classname="tests.AddFurnitureLeadTest" name="addLeadForBasicFurnitureLead" time="6.692"/>
  <testcase classname="tests.AddFurnitureLeadTest" name="addLeadForBasicFurnitureLead" time="6.690"/>
  <testcase classname="tests.AddFurnitureLeadTest" name="addLeadForBasicFurnitureLead" time="6.673"/>
  <testcase classname="tests.AddFurnitureLeadTest" name="addLeadForBasicFurnitureLead" time="6.664"/>
  <testcase classname="tests.AddFurnitureLeadTest" name="addLeadForBasicFurnitureLead" time="6.658"/>
  <testcase classname="tests.AddFurnitureLeadTest" name="addLeadForBasicFurnitureLead" time="6.667"/>
  <testcase classname="tests.AddFurnitureLeadTest" name="addLeadForBasicFurnitureLead" time="6.660"/>
  <testcase classname="tests.AddFurnitureLeadTest" name="addLeadForBasicFurnitureLead" time="6.663"/>
  <testcase classname="tests.AddFurnitureLeadTest" name="addLeadForBasicFurnitureLead" time="6.697"/>
  <testcase classname="tests.AddFurnitureLeadTest" name="addLeadForBasicFurnitureLead" time="6.679"/>
  <testcase classname="tests.AddFurnitureLeadTest" name="addLeadForBasicFurnitureLead" time="6.606"/>
  <testcase classname="tests.AddFurnitureLeadTest" name="addLeadForBasicFurnitureLead" time="6.705"/>
  <testcase classname="tests.AddFurnitureLeadTest" name="addLeadForBasicFurnitureLead" time="6.661"/>
  <testcase classname="tests.AddFurnitureLeadTest" name="addLeadForBasicFurnitureLead" time="6.649"/>
  <testcase classname="tests.AddFurnitureLeadTest" name="addLeadForBasicFurnitureLead" time="6.698"/>
  <testcase classname="tests.AddFurnitureLeadTest" name="addLeadForBasicFurnitureLead" time="6.669"/>
  <testcase classname="tests.AddFurnitureLeadTest" name="addLeadForBasicFurnitureLead" time="6.721"/>
  <testcase classname="tests.AddFurnitureLeadTest" name="addLeadForBasicFurnitureLead" time="6.698"/>
  <testcase classname="tests.AddFurnitureLeadTest" name="addLeadForBasicFurnitureLead" time="6.660"/>
  <testcase classname="tests.AddFurnitureLeadTest" name="addLeadForBasicFurnitureLead" time="6.715"/>
  <testcase classname="tests.AddFurnitureLeadTest" name="addLeadForBasicFurnitureLead" time="6.623"/>
  <testcase classname="tests.AddFurnitureLeadTest" name="addLeadForBasicFurnitureLead" time="6.636"/>
  <testcase classname="tests.AddFurnitureLeadTest" name="addLeadForBasicFurnitureLead" time="6.636"/>
  <testcase classname="tests.AddFurnitureLeadTest" name="addLeadForBasicFurnitureLead" time="6.710"/>
  <testcase classname="tests.AddFurnitureLeadTest" name="addLeadForBasicFurnitureLead" time="6.649"/>
  <testcase classname="tests.AddFurnitureLeadTest" name="addLeadForBasicFurnitureLead" time="6.687"/>
  <testcase classname="tests.AddFurnitureLeadTest" name="addLeadForBasicFurnitureLead" time="6.694"/>
  <testcase classname="tests.AddFurnitureLeadTest" name="addLeadForBasicFurnitureLead" time="6.755"/>
  <testcase classname="tests.AddFurnitureLeadTest" name="addLeadForBasicFurnitureLead" time="6.656"/>
  <testcase classname="tests.AddFurnitureLeadTest" name="addLeadForBasicFurnitureLead" time="6.701"/>
  <testcase classname="tests.AddFurnitureLeadTest" name="addLeadForBasicFurnitureLead" time="6.734"/>
  <testcase classname="tests.AddFurnitureLeadTest" name="addLeadForBasicFurnitureLead" time="6.695"/>
  <testcase classname="tests.AddFurnitureLeadTest" name="addLeadForBasicFurnitureLead" time="6.757"/>
  <testcase classname="tests.AddFurnitureLeadTest" name="addLeadForBasicFurnitureLead" time="6.685"/>
  <testcase classname="tests.AddFurnitureLeadTest" name="addLeadForBasicFurnitureLead" time="6.714"/>
  <testcase classname="tests.AddFurnitureLeadTest" name="addLeadForBasicFurnitureLead" time="6.734"/>
  <testcase classname="tests.AddFurnitureLeadTest" name="addLeadForBasicFurnitureLead" time="6.669"/>
  <testcase classname="tests.AddFurnitureLeadTest" name="addLeadForBasicFurnitureLead" time="6.734"/>
  <testcase classname="tests.AddFurnitureLeadTest" name="addLeadForBasicFurnitureLead" time="6.687"/>
  <testcase classname="tests.AddFurnitureLeadTest" name="addLeadForBasicFurnitureLead" time="6.660"/>
  <testcase classname="tests.AddFurnitureLeadTest" name="addLeadForBasicFurnitureLead" time="6.649"/>
  <testcase classname="tests.AddFurnitureLeadTest" name="addLeadForBasicFurnitureLead" time="6.661"/>
  <testcase classname="tests.AddFurnitureLeadTest" name="addLeadForBasicFurnitureLead" time="6.627"/>
  <testcase classname="tests.AddFurnitureLeadTest" name="addLeadForBasicFurnitureLead" time="6.703"/>
  <testcase classname="tests.AddFurnitureLeadTest" name="addLeadForBasicFurnitureLead" time="6.668"/>
  <testcase classname="tests.AddFurnitureLeadTest" name="addLeadForBasicFurnitureLead" time="6.700"/>
  <testcase classname="tests.AddFurnitureLeadTest" name="addLeadForBasicFurnitureLead" time="6.667"/>
  <testcase classname="tests.AddFurnitureLeadTest" name="addLeadForBasicFurnitureLead" time="6.708"/>
  <testcase classname="tests.AddFurnitureLeadTest" name="addLeadForBasicFurnitureLead" time="6.701"/>
  <testcase classname="tests.AddFurnitureLeadTest" name="addLeadForBasicFurnitureLead" time="6.699"/>
  <testcase classname="tests.AddFurnitureLeadTest" name="addLeadForBasicFurnitureLead" time="6.633"/>
  <testcase classname="tests.AddFurnitureLeadTest" name="addLeadForBasicFurnitureLead" time="6.681"/>
  <testcase classname="tests.AddFurnitureLeadTest" name="addLeadForBasicFurnitureLead" time="6.697"/>
  <testcase classname="tests.AddFurnitureLeadTest" name="addLeadForBasicFurnitureLead" time="6.649"/>
  <testcase classname="tests.AddFurnitureLeadTest" name="addLeadForBasicFurnitureLead" time="6.706"/>
  <testcase classname="tests.AddFurnitureLeadTest" name="addLeadForBasicFurnitureLead" time="6.667"/>
  <testcase classname="tests.AddFurnitureLeadTest" name="addLeadForBasicFurnitureLead" time="6.679"/>
  <testcase classname="tests.AddFurnitureLeadTest" name="addLeadForBasicFurnitureLead" time="6.662"/>
  <testcase classname="tests.AddFurnitureLeadTest" name="addLeadForBasicFurnitureLead" time="6.614"/>
  <testcase classname="tests.AddFurnitureLeadTest" name="addLeadForBasicFurnitureLead" time="6.646"/>
  <testcase classname="tests.AddFurnitureLeadTest" name="addLeadForBasicFurnitureLead" time="6.699"/>
  <testcase classname="tests.AddFurnitureLeadTest" name="addLeadForBasicFurnitureLead" time="6.698"/>
  <testcase classname="tests.AddFurnitureLeadTest" name="addLeadForBasicFurnitureLead" time="6.696"/>
  <testcase classname="tests.AddFurnitureLeadTest" name="addLeadForBasicFurnitureLead" time="6.710"/>
  <testcase classname="tests.AddFurnitureLeadTest" name="addLeadForBasicFurnitureLead" time="6.707"/>
  <testcase classname="tests.AddFurnitureLeadTest" name="addLeadForBasicFurnitureLead" time="6.648">
    <failure message="Project mismatch. Expected: Lofy Interior Solutions, Got: Haworth" type="java.lang.AssertionError">
      <![CDATA[java.lang.AssertionError: Project mismatch. Expected: Lofy Interior Solutions, Got: Haworth
at pages.AddFurnitureLeadPage.validateLeadWithGeneratedData(AddFurnitureLeadPage.java:173)
at tests.AddFurnitureLeadTest.addLeadForBasicFurnitureLead(AddFurnitureLeadTest.java:101)
at java.base/jdk.internal.reflect.DirectMethodHandleAccessor.invoke(DirectMethodHandleAccessor.java:103)
at java.base/java.lang.reflect.Method.invoke(Method.java:580)
at org.testng.internal.invokers.MethodInvocationHelper.invokeMethod(MethodInvocationHelper.java:141)
at org.testng.internal.invokers.TestInvoker.invokeMethod(TestInvoker.java:687)
at org.testng.internal.invokers.TestInvoker.invokeTestMethod(TestInvoker.java:230)
at org.testng.internal.invokers.MethodRunner.runInSequence(MethodRunner.java:63)
at org.testng.internal.invokers.TestInvoker$MethodInvocationAgent.invoke(TestInvoker.java:995)
at org.testng.internal.invokers.TestInvoker.invokeTestMethods(TestInvoker.java:203)
at org.testng.internal.invokers.TestMethodWorker.invokeTestMethods(TestMethodWorker.java:154)
at org.testng.internal.invokers.TestMethodWorker.run(TestMethodWorker.java:134)
at java.base/java.util.ArrayList.forEach(ArrayList.java:1596)
at org.testng.TestRunner.privateRun(TestRunner.java:741)
at org.testng.TestRunner.run(TestRunner.java:616)
at org.testng.SuiteRunner.runTest(SuiteRunner.java:421)
at org.testng.SuiteRunner.runSequentially(SuiteRunner.java:413)
at org.testng.SuiteRunner.privateRun(SuiteRunner.java:373)
at org.testng.SuiteRunner.run(SuiteRunner.java:312)
at org.testng.SuiteRunnerWorker.runSuite(SuiteRunnerWorker.java:52)
at org.testng.SuiteRunnerWorker.run(SuiteRunnerWorker.java:95)
at org.testng.TestNG.runSuitesSequentially(TestNG.java:1274)
at org.testng.TestNG.runSuitesLocally(TestNG.java:1208)
at org.testng.TestNG.runSuites(TestNG.java:1112)
at org.testng.TestNG.run(TestNG.java:1079)
at org.testng.remote.AbstractRemoteTestNG.run(AbstractRemoteTestNG.java:115)
at org.testng.remote.RemoteTestNG.initAndRun(RemoteTestNG.java:293)
at org.testng.remote.RemoteTestNG.main(RemoteTestNG.java:91)
]]>
    </failure>
  </testcase> <!-- addLeadForBasicFurnitureLead -->
  <testcase classname="tests.AddFurnitureLeadTest" name="addLeadForBasicFurnitureLead" time="6.648"/>
  <testcase classname="tests.AddFurnitureLeadTest" name="addLeadForBasicFurnitureLead" time="6.653"/>
  <testcase classname="tests.AddFurnitureLeadTest" name="addLeadForBasicFurnitureLead" time="6.692"/>
  <testcase classname="tests.AddFurnitureLeadTest" name="addLeadForBasicFurnitureLead" time="5.572">
    <failure message="Full name mismatch. Expected: Hetal Mehta, Got: Nirav Shah" type="java.lang.AssertionError">
      <![CDATA[java.lang.AssertionError: Full name mismatch. Expected: Hetal Mehta, Got: Nirav Shah
at pages.AddFurnitureLeadPage.validateLeadWithGeneratedData(AddFurnitureLeadPage.java:131)
at tests.AddFurnitureLeadTest.addLeadForBasicFurnitureLead(AddFurnitureLeadTest.java:101)
at java.base/jdk.internal.reflect.DirectMethodHandleAccessor.invoke(DirectMethodHandleAccessor.java:103)
at java.base/java.lang.reflect.Method.invoke(Method.java:580)
at org.testng.internal.invokers.MethodInvocationHelper.invokeMethod(MethodInvocationHelper.java:141)
at org.testng.internal.invokers.TestInvoker.invokeMethod(TestInvoker.java:687)
at org.testng.internal.invokers.TestInvoker.invokeTestMethod(TestInvoker.java:230)
at org.testng.internal.invokers.MethodRunner.runInSequence(MethodRunner.java:63)
at org.testng.internal.invokers.TestInvoker$MethodInvocationAgent.invoke(TestInvoker.java:995)
at org.testng.internal.invokers.TestInvoker.invokeTestMethods(TestInvoker.java:203)
at org.testng.internal.invokers.TestMethodWorker.invokeTestMethods(TestMethodWorker.java:154)
at org.testng.internal.invokers.TestMethodWorker.run(TestMethodWorker.java:134)
at java.base/java.util.ArrayList.forEach(ArrayList.java:1596)
at org.testng.TestRunner.privateRun(TestRunner.java:741)
at org.testng.TestRunner.run(TestRunner.java:616)
at org.testng.SuiteRunner.runTest(SuiteRunner.java:421)
at org.testng.SuiteRunner.runSequentially(SuiteRunner.java:413)
at org.testng.SuiteRunner.privateRun(SuiteRunner.java:373)
at org.testng.SuiteRunner.run(SuiteRunner.java:312)
at org.testng.SuiteRunnerWorker.runSuite(SuiteRunnerWorker.java:52)
at org.testng.SuiteRunnerWorker.run(SuiteRunnerWorker.java:95)
at org.testng.TestNG.runSuitesSequentially(TestNG.java:1274)
at org.testng.TestNG.runSuitesLocally(TestNG.java:1208)
at org.testng.TestNG.runSuites(TestNG.java:1112)
at org.testng.TestNG.run(TestNG.java:1079)
at org.testng.remote.AbstractRemoteTestNG.run(AbstractRemoteTestNG.java:115)
at org.testng.remote.RemoteTestNG.initAndRun(RemoteTestNG.java:293)
at org.testng.remote.RemoteTestNG.main(RemoteTestNG.java:91)
]]>
    </failure>
  </testcase> <!-- addLeadForBasicFurnitureLead -->
  <testcase classname="tests.AddFurnitureLeadTest" name="addLeadForBasicFurnitureLead" time="6.659"/>
  <testcase classname="tests.AddFurnitureLeadTest" name="addLeadForBasicFurnitureLead" time="6.749"/>
  <testcase classname="tests.AddFurnitureLeadTest" name="addLeadForBasicFurnitureLead" time="6.680"/>
  <testcase classname="tests.AddFurnitureLeadTest" name="addLeadForBasicFurnitureLead" time="6.675"/>
  <testcase classname="tests.AddFurnitureLeadTest" name="addLeadForBasicFurnitureLead" time="6.689"/>
  <testcase classname="tests.AddFurnitureLeadTest" name="addLeadForBasicFurnitureLead" time="6.606"/>
  <testcase classname="tests.AddFurnitureLeadTest" name="addLeadForBasicFurnitureLead" time="6.716"/>
  <testcase classname="tests.AddFurnitureLeadTest" name="addLeadForBasicFurnitureLead" time="6.649"/>
  <testcase classname="tests.AddFurnitureLeadTest" name="addLeadForBasicFurnitureLead" time="6.675"/>
  <testcase classname="tests.AddFurnitureLeadTest" name="addLeadForBasicFurnitureLead" time="6.752"/>
  <testcase classname="tests.AddFurnitureLeadTest" name="addLeadForBasicFurnitureLead" time="5.591">
    <failure message="Full name mismatch. Expected: Rohit Mehta, Got: Jigar Choksi" type="java.lang.AssertionError">
      <![CDATA[java.lang.AssertionError: Full name mismatch. Expected: Rohit Mehta, Got: Jigar Choksi
at pages.AddFurnitureLeadPage.validateLeadWithGeneratedData(AddFurnitureLeadPage.java:131)
at tests.AddFurnitureLeadTest.addLeadForBasicFurnitureLead(AddFurnitureLeadTest.java:101)
at java.base/jdk.internal.reflect.DirectMethodHandleAccessor.invoke(DirectMethodHandleAccessor.java:103)
at java.base/java.lang.reflect.Method.invoke(Method.java:580)
at org.testng.internal.invokers.MethodInvocationHelper.invokeMethod(MethodInvocationHelper.java:141)
at org.testng.internal.invokers.TestInvoker.invokeMethod(TestInvoker.java:687)
at org.testng.internal.invokers.TestInvoker.invokeTestMethod(TestInvoker.java:230)
at org.testng.internal.invokers.MethodRunner.runInSequence(MethodRunner.java:63)
at org.testng.internal.invokers.TestInvoker$MethodInvocationAgent.invoke(TestInvoker.java:995)
at org.testng.internal.invokers.TestInvoker.invokeTestMethods(TestInvoker.java:203)
at org.testng.internal.invokers.TestMethodWorker.invokeTestMethods(TestMethodWorker.java:154)
at org.testng.internal.invokers.TestMethodWorker.run(TestMethodWorker.java:134)
at java.base/java.util.ArrayList.forEach(ArrayList.java:1596)
at org.testng.TestRunner.privateRun(TestRunner.java:741)
at org.testng.TestRunner.run(TestRunner.java:616)
at org.testng.SuiteRunner.runTest(SuiteRunner.java:421)
at org.testng.SuiteRunner.runSequentially(SuiteRunner.java:413)
at org.testng.SuiteRunner.privateRun(SuiteRunner.java:373)
at org.testng.SuiteRunner.run(SuiteRunner.java:312)
at org.testng.SuiteRunnerWorker.runSuite(SuiteRunnerWorker.java:52)
at org.testng.SuiteRunnerWorker.run(SuiteRunnerWorker.java:95)
at org.testng.TestNG.runSuitesSequentially(TestNG.java:1274)
at org.testng.TestNG.runSuitesLocally(TestNG.java:1208)
at org.testng.TestNG.runSuites(TestNG.java:1112)
at org.testng.TestNG.run(TestNG.java:1079)
at org.testng.remote.AbstractRemoteTestNG.run(AbstractRemoteTestNG.java:115)
at org.testng.remote.RemoteTestNG.initAndRun(RemoteTestNG.java:293)
at org.testng.remote.RemoteTestNG.main(RemoteTestNG.java:91)
]]>
    </failure>
  </testcase> <!-- addLeadForBasicFurnitureLead -->
  <testcase classname="tests.AddFurnitureLeadTest" name="addLeadForBasicFurnitureLead" time="6.735"/>
  <testcase classname="tests.AddFurnitureLeadTest" name="addLeadForBasicFurnitureLead" time="6.648"/>
  <testcase classname="tests.AddFurnitureLeadTest" name="addLeadForBasicFurnitureLead" time="6.696"/>
  <testcase classname="tests.AddFurnitureLeadTest" name="addLeadForBasicFurnitureLead" time="6.650"/>
  <testcase classname="tests.AddFurnitureLeadTest" name="addLeadForBasicFurnitureLead" time="6.644"/>
  <testcase classname="tests.AddFurnitureLeadTest" name="addLeadForBasicFurnitureLead" time="6.723"/>
  <testcase classname="tests.AddFurnitureLeadTest" name="addLeadForBasicFurnitureLead" time="6.620"/>
  <testcase classname="tests.AddFurnitureLeadTest" name="addLeadForBasicFurnitureLead" time="6.667"/>
  <testcase classname="tests.AddFurnitureLeadTest" name="addLeadForBasicFurnitureLead" time="6.708"/>
  <testcase classname="tests.AddFurnitureLeadTest" name="addLeadForBasicFurnitureLead" time="6.649"/>
  <testcase classname="tests.AddFurnitureLeadTest" name="addLeadForBasicFurnitureLead" time="6.626"/>
  <testcase classname="tests.AddFurnitureLeadTest" name="addLeadForBasicFurnitureLead" time="6.668"/>
  <testcase classname="tests.AddFurnitureLeadTest" name="addLeadForBasicFurnitureLead" time="6.723"/>
  <testcase classname="tests.AddFurnitureLeadTest" name="addLeadForBasicFurnitureLead" time="6.809"/>
  <testcase classname="tests.AddFurnitureLeadTest" name="addLeadForBasicFurnitureLead" time="5.571">
    <failure message="Full name mismatch. Expected: Pooja Joshi, Got: Aarav Joshi" type="java.lang.AssertionError">
      <![CDATA[java.lang.AssertionError: Full name mismatch. Expected: Pooja Joshi, Got: Aarav Joshi
at pages.AddFurnitureLeadPage.validateLeadWithGeneratedData(AddFurnitureLeadPage.java:131)
at tests.AddFurnitureLeadTest.addLeadForBasicFurnitureLead(AddFurnitureLeadTest.java:101)
at java.base/jdk.internal.reflect.DirectMethodHandleAccessor.invoke(DirectMethodHandleAccessor.java:103)
at java.base/java.lang.reflect.Method.invoke(Method.java:580)
at org.testng.internal.invokers.MethodInvocationHelper.invokeMethod(MethodInvocationHelper.java:141)
at org.testng.internal.invokers.TestInvoker.invokeMethod(TestInvoker.java:687)
at org.testng.internal.invokers.TestInvoker.invokeTestMethod(TestInvoker.java:230)
at org.testng.internal.invokers.MethodRunner.runInSequence(MethodRunner.java:63)
at org.testng.internal.invokers.TestInvoker$MethodInvocationAgent.invoke(TestInvoker.java:995)
at org.testng.internal.invokers.TestInvoker.invokeTestMethods(TestInvoker.java:203)
at org.testng.internal.invokers.TestMethodWorker.invokeTestMethods(TestMethodWorker.java:154)
at org.testng.internal.invokers.TestMethodWorker.run(TestMethodWorker.java:134)
at java.base/java.util.ArrayList.forEach(ArrayList.java:1596)
at org.testng.TestRunner.privateRun(TestRunner.java:741)
at org.testng.TestRunner.run(TestRunner.java:616)
at org.testng.SuiteRunner.runTest(SuiteRunner.java:421)
at org.testng.SuiteRunner.runSequentially(SuiteRunner.java:413)
at org.testng.SuiteRunner.privateRun(SuiteRunner.java:373)
at org.testng.SuiteRunner.run(SuiteRunner.java:312)
at org.testng.SuiteRunnerWorker.runSuite(SuiteRunnerWorker.java:52)
at org.testng.SuiteRunnerWorker.run(SuiteRunnerWorker.java:95)
at org.testng.TestNG.runSuitesSequentially(TestNG.java:1274)
at org.testng.TestNG.runSuitesLocally(TestNG.java:1208)
at org.testng.TestNG.runSuites(TestNG.java:1112)
at org.testng.TestNG.run(TestNG.java:1079)
at org.testng.remote.AbstractRemoteTestNG.run(AbstractRemoteTestNG.java:115)
at org.testng.remote.RemoteTestNG.initAndRun(RemoteTestNG.java:293)
at org.testng.remote.RemoteTestNG.main(RemoteTestNG.java:91)
]]>
    </failure>
  </testcase> <!-- addLeadForBasicFurnitureLead -->
  <testcase classname="tests.AddFurnitureLeadTest" name="addLeadForBasicFurnitureLead" time="6.695"/>
  <testcase classname="tests.AddFurnitureLeadTest" name="addLeadForBasicFurnitureLead" time="6.718"/>
  <testcase classname="tests.AddFurnitureLeadTest" name="addLeadForBasicFurnitureLead" time="6.654"/>
  <testcase classname="tests.AddFurnitureLeadTest" name="addLeadForBasicFurnitureLead" time="6.664"/>
  <testcase classname="tests.AddFurnitureLeadTest" name="addLeadForBasicFurnitureLead" time="6.661"/>
  <testcase classname="tests.AddFurnitureLeadTest" name="addLeadForBasicFurnitureLead" time="6.712"/>
  <testcase classname="tests.AddFurnitureLeadTest" name="addLeadForBasicFurnitureLead" time="6.650"/>
  <testcase classname="tests.AddFurnitureLeadTest" name="addLeadForBasicFurnitureLead" time="6.650"/>
  <testcase classname="tests.AddFurnitureLeadTest" name="addLeadForBasicFurnitureLead" time="6.668"/>
  <testcase classname="tests.AddFurnitureLeadTest" name="addLeadForBasicFurnitureLead" time="6.699"/>
  <testcase classname="tests.AddFurnitureLeadTest" name="addLeadForBasicFurnitureLead" time="6.670"/>
  <testcase classname="tests.AddFurnitureLeadTest" name="addLeadForBasicFurnitureLead" time="6.681"/>
  <testcase classname="tests.AddFurnitureLeadTest" name="addLeadForBasicFurnitureLead" time="6.668"/>
  <testcase classname="tests.AddFurnitureLeadTest" name="addLeadForBasicFurnitureLead" time="6.641"/>
  <testcase classname="tests.AddFurnitureLeadTest" name="addLeadForBasicFurnitureLead" time="6.665"/>
  <testcase classname="tests.AddFurnitureLeadTest" name="addLeadForBasicFurnitureLead" time="6.722"/>
  <testcase classname="tests.AddFurnitureLeadTest" name="addLeadForBasicFurnitureLead" time="6.734"/>
  <testcase classname="tests.AddFurnitureLeadTest" name="addLeadForBasicFurnitureLead" time="6.732"/>
  <testcase classname="tests.AddFurnitureLeadTest" name="addLeadForBasicFurnitureLead" time="6.725"/>
  <testcase classname="tests.AddFurnitureLeadTest" name="addLeadForBasicFurnitureLead" time="5.610">
    <failure message="Full name mismatch. Expected: Priya Mehta, Got: Dhruv Modi" type="java.lang.AssertionError">
      <![CDATA[java.lang.AssertionError: Full name mismatch. Expected: Priya Mehta, Got: Dhruv Modi
at pages.AddFurnitureLeadPage.validateLeadWithGeneratedData(AddFurnitureLeadPage.java:131)
at tests.AddFurnitureLeadTest.addLeadForBasicFurnitureLead(AddFurnitureLeadTest.java:101)
at java.base/jdk.internal.reflect.DirectMethodHandleAccessor.invoke(DirectMethodHandleAccessor.java:103)
at java.base/java.lang.reflect.Method.invoke(Method.java:580)
at org.testng.internal.invokers.MethodInvocationHelper.invokeMethod(MethodInvocationHelper.java:141)
at org.testng.internal.invokers.TestInvoker.invokeMethod(TestInvoker.java:687)
at org.testng.internal.invokers.TestInvoker.invokeTestMethod(TestInvoker.java:230)
at org.testng.internal.invokers.MethodRunner.runInSequence(MethodRunner.java:63)
at org.testng.internal.invokers.TestInvoker$MethodInvocationAgent.invoke(TestInvoker.java:995)
at org.testng.internal.invokers.TestInvoker.invokeTestMethods(TestInvoker.java:203)
at org.testng.internal.invokers.TestMethodWorker.invokeTestMethods(TestMethodWorker.java:154)
at org.testng.internal.invokers.TestMethodWorker.run(TestMethodWorker.java:134)
at java.base/java.util.ArrayList.forEach(ArrayList.java:1596)
at org.testng.TestRunner.privateRun(TestRunner.java:741)
at org.testng.TestRunner.run(TestRunner.java:616)
at org.testng.SuiteRunner.runTest(SuiteRunner.java:421)
at org.testng.SuiteRunner.runSequentially(SuiteRunner.java:413)
at org.testng.SuiteRunner.privateRun(SuiteRunner.java:373)
at org.testng.SuiteRunner.run(SuiteRunner.java:312)
at org.testng.SuiteRunnerWorker.runSuite(SuiteRunnerWorker.java:52)
at org.testng.SuiteRunnerWorker.run(SuiteRunnerWorker.java:95)
at org.testng.TestNG.runSuitesSequentially(TestNG.java:1274)
at org.testng.TestNG.runSuitesLocally(TestNG.java:1208)
at org.testng.TestNG.runSuites(TestNG.java:1112)
at org.testng.TestNG.run(TestNG.java:1079)
at org.testng.remote.AbstractRemoteTestNG.run(AbstractRemoteTestNG.java:115)
at org.testng.remote.RemoteTestNG.initAndRun(RemoteTestNG.java:293)
at org.testng.remote.RemoteTestNG.main(RemoteTestNG.java:91)
]]>
    </failure>
  </testcase> <!-- addLeadForBasicFurnitureLead -->
  <testcase classname="tests.AddFurnitureLeadTest" name="addLeadForBasicFurnitureLead" time="6.655"/>
  <testcase classname="tests.AddFurnitureLeadTest" name="addLeadForBasicFurnitureLead" time="6.635"/>
  <testcase classname="tests.AddFurnitureLeadTest" name="addLeadForBasicFurnitureLead" time="6.633"/>
  <testcase classname="tests.AddFurnitureLeadTest" name="addLeadForBasicFurnitureLead" time="7.600"/>
  <testcase classname="tests.AddFurnitureLeadTest" name="addLeadForBasicFurnitureLead" time="6.662"/>
  <testcase classname="tests.AddFurnitureLeadTest" name="addLeadForBasicFurnitureLead" time="6.637"/>
  <testcase classname="tests.AddFurnitureLeadTest" name="addLeadForBasicFurnitureLead" time="6.708"/>
  <testcase classname="tests.AddFurnitureLeadTest" name="addLeadForBasicFurnitureLead" time="6.643"/>
  <testcase classname="tests.AddFurnitureLeadTest" name="addLeadForBasicFurnitureLead" time="6.684"/>
  <testcase classname="tests.AddFurnitureLeadTest" name="addLeadForBasicFurnitureLead" time="6.649"/>
  <testcase classname="tests.AddFurnitureLeadTest" name="addLeadForBasicFurnitureLead" time="6.666"/>
  <testcase classname="tests.AddFurnitureLeadTest" name="addLeadForBasicFurnitureLead" time="6.671"/>
  <testcase classname="tests.AddFurnitureLeadTest" name="addLeadForBasicFurnitureLead" time="6.728"/>
  <testcase classname="tests.AddFurnitureLeadTest" name="addLeadForBasicFurnitureLead" time="6.680"/>
  <testcase classname="tests.AddFurnitureLeadTest" name="addLeadForBasicFurnitureLead" time="6.625"/>
  <testcase classname="tests.AddFurnitureLeadTest" name="addLeadForBasicFurnitureLead" time="6.651"/>
  <testcase classname="tests.AddFurnitureLeadTest" name="addLeadForBasicFurnitureLead" time="6.620"/>
  <testcase classname="tests.AddFurnitureLeadTest" name="addLeadForBasicFurnitureLead" time="6.685"/>
  <testcase classname="tests.AddFurnitureLeadTest" name="addLeadForBasicFurnitureLead" time="6.667"/>
  <testcase classname="tests.AddFurnitureLeadTest" name="addLeadForBasicFurnitureLead" time="6.596"/>
  <testcase classname="tests.AddFurnitureLeadTest" name="addLeadForBasicFurnitureLead" time="6.708"/>
  <testcase classname="tests.AddFurnitureLeadTest" name="addLeadForBasicFurnitureLead" time="6.689"/>
  <testcase classname="tests.AddFurnitureLeadTest" name="addLeadForBasicFurnitureLead" time="6.632"/>
  <testcase classname="tests.AddFurnitureLeadTest" name="addLeadForBasicFurnitureLead" time="6.684"/>
  <testcase classname="tests.AddFurnitureLeadTest" name="addLeadForBasicFurnitureLead" time="6.686"/>
  <testcase classname="tests.AddFurnitureLeadTest" name="addLeadForBasicFurnitureLead" time="6.681"/>
  <testcase classname="tests.AddFurnitureLeadTest" name="addLeadForBasicFurnitureLead" time="6.661"/>
  <testcase classname="tests.AddFurnitureLeadTest" name="addLeadForBasicFurnitureLead" time="6.722"/>
  <testcase classname="tests.AddFurnitureLeadTest" name="addLeadForBasicFurnitureLead" time="6.775"/>
  <testcase classname="tests.AddFurnitureLeadTest" name="addLeadForBasicFurnitureLead" time="6.652"/>
  <testcase classname="tests.AddFurnitureLeadTest" name="addLeadForBasicFurnitureLead" time="6.709"/>
  <testcase classname="tests.AddFurnitureLeadTest" name="addLeadForBasicFurnitureLead" time="6.674"/>
  <testcase classname="tests.AddFurnitureLeadTest" name="addLeadForBasicFurnitureLead" time="6.657"/>
  <testcase classname="tests.AddFurnitureLeadTest" name="addLeadForBasicFurnitureLead" time="6.680"/>
  <testcase classname="tests.AddFurnitureLeadTest" name="addLeadForBasicFurnitureLead" time="6.658"/>
  <testcase classname="tests.AddFurnitureLeadTest" name="addLeadForBasicFurnitureLead" time="6.685"/>
  <testcase classname="tests.AddFurnitureLeadTest" name="addLeadForBasicFurnitureLead" time="6.713"/>
  <testcase classname="tests.AddFurnitureLeadTest" name="addLeadForBasicFurnitureLead" time="6.677"/>
  <testcase classname="tests.AddFurnitureLeadTest" name="addLeadForBasicFurnitureLead" time="6.730"/>
  <testcase classname="tests.AddFurnitureLeadTest" name="addLeadForBasicFurnitureLead" time="6.668"/>
  <testcase classname="tests.AddFurnitureLeadTest" name="addLeadForBasicFurnitureLead" time="6.709"/>
  <testcase classname="tests.AddFurnitureLeadTest" name="addLeadForBasicFurnitureLead" time="6.683"/>
  <testcase classname="tests.AddFurnitureLeadTest" name="addLeadForBasicFurnitureLead" time="6.643"/>
  <testcase classname="tests.AddFurnitureLeadTest" name="addLeadForBasicFurnitureLead" time="6.690"/>
  <testcase classname="tests.AddFurnitureLeadTest" name="addLeadForBasicFurnitureLead" time="6.688"/>
  <testcase classname="tests.AddFurnitureLeadTest" name="addLeadForBasicFurnitureLead" time="6.669"/>
  <testcase classname="tests.AddFurnitureLeadTest" name="addLeadForBasicFurnitureLead" time="6.730"/>
  <testcase classname="tests.AddFurnitureLeadTest" name="addLeadForBasicFurnitureLead" time="6.677"/>
  <testcase classname="tests.AddFurnitureLeadTest" name="addLeadForBasicFurnitureLead" time="6.709"/>
  <testcase classname="tests.AddFurnitureLeadTest" name="addLeadForBasicFurnitureLead" time="6.658"/>
  <testcase classname="tests.AddFurnitureLeadTest" name="addLeadForBasicFurnitureLead" time="6.681"/>
  <testcase classname="tests.AddFurnitureLeadTest" name="addLeadForBasicFurnitureLead" time="6.626"/>
  <testcase classname="tests.AddFurnitureLeadTest" name="addLeadForBasicFurnitureLead" time="6.732"/>
  <testcase classname="tests.AddFurnitureLeadTest" name="addLeadForBasicFurnitureLead" time="6.738"/>
  <testcase classname="tests.AddFurnitureLeadTest" name="addLeadForBasicFurnitureLead" time="6.689"/>
  <testcase classname="tests.AddFurnitureLeadTest" name="addLeadForBasicFurnitureLead" time="6.740"/>
  <testcase classname="tests.AddFurnitureLeadTest" name="addLeadForBasicFurnitureLead" time="6.674"/>
  <testcase classname="tests.AddFurnitureLeadTest" name="addLeadForBasicFurnitureLead" time="6.654"/>
  <testcase classname="tests.AddFurnitureLeadTest" name="addLeadForBasicFurnitureLead" time="6.627"/>
  <testcase classname="tests.AddFurnitureLeadTest" name="addLeadForBasicFurnitureLead" time="6.665"/>
  <testcase classname="tests.AddFurnitureLeadTest" name="addLeadForBasicFurnitureLead" time="6.730"/>
  <testcase classname="tests.AddFurnitureLeadTest" name="addLeadForBasicFurnitureLead" time="6.643"/>
  <testcase classname="tests.AddFurnitureLeadTest" name="addLeadForBasicFurnitureLead" time="6.658"/>
  <testcase classname="tests.AddFurnitureLeadTest" name="addLeadForBasicFurnitureLead" time="6.679"/>
  <testcase classname="tests.AddFurnitureLeadTest" name="addLeadForBasicFurnitureLead" time="6.762"/>
  <testcase classname="tests.AddFurnitureLeadTest" name="addLeadForBasicFurnitureLead" time="6.704"/>
  <testcase classname="tests.AddFurnitureLeadTest" name="addLeadForBasicFurnitureLead" time="6.661"/>
  <testcase classname="tests.AddFurnitureLeadTest" name="addLeadForBasicFurnitureLead" time="6.686"/>
  <testcase classname="tests.AddFurnitureLeadTest" name="addLeadForBasicFurnitureLead" time="6.713"/>
  <testcase classname="tests.AddFurnitureLeadTest" name="addLeadForBasicFurnitureLead" time="6.636"/>
  <testcase classname="tests.AddFurnitureLeadTest" name="addLeadForBasicFurnitureLead" time="6.661"/>
  <testcase classname="tests.AddFurnitureLeadTest" name="addLeadForBasicFurnitureLead" time="6.677"/>
  <testcase classname="tests.AddFurnitureLeadTest" name="addLeadForBasicFurnitureLead" time="6.684"/>
  <testcase classname="tests.AddFurnitureLeadTest" name="addLeadForBasicFurnitureLead" time="6.682"/>
  <testcase classname="tests.AddFurnitureLeadTest" name="addLeadForBasicFurnitureLead" time="6.599"/>
  <testcase classname="tests.AddFurnitureLeadTest" name="addLeadForBasicFurnitureLead" time="6.683"/>
  <testcase classname="tests.AddFurnitureLeadTest" name="addLeadForBasicFurnitureLead" time="6.733"/>
  <testcase classname="tests.AddFurnitureLeadTest" name="addLeadForBasicFurnitureLead" time="6.648"/>
  <testcase classname="tests.AddFurnitureLeadTest" name="addLeadForBasicFurnitureLead" time="6.680"/>
  <testcase classname="tests.AddFurnitureLeadTest" name="addLeadForBasicFurnitureLead" time="6.689"/>
  <testcase classname="tests.AddFurnitureLeadTest" name="addLeadForBasicFurnitureLead" time="6.665"/>
  <testcase classname="tests.AddFurnitureLeadTest" name="addLeadForBasicFurnitureLead" time="6.635"/>
  <testcase classname="tests.AddFurnitureLeadTest" name="addLeadForBasicFurnitureLead" time="6.665"/>
  <testcase classname="tests.AddFurnitureLeadTest" name="addLeadForBasicFurnitureLead" time="6.693"/>
  <testcase classname="tests.AddFurnitureLeadTest" name="addLeadForBasicFurnitureLead" time="6.667"/>
  <testcase classname="tests.AddFurnitureLeadTest" name="addLeadForBasicFurnitureLead" time="6.700"/>
  <testcase classname="tests.AddFurnitureLeadTest" name="addLeadForBasicFurnitureLead" time="6.688"/>
  <testcase classname="tests.AddFurnitureLeadTest" name="addLeadForBasicFurnitureLead" time="6.679"/>
  <testcase classname="tests.AddFurnitureLeadTest" name="addLeadForBasicFurnitureLead" time="6.664"/>
  <testcase classname="tests.AddFurnitureLeadTest" name="addLeadForBasicFurnitureLead" time="6.646"/>
  <testcase classname="tests.AddFurnitureLeadTest" name="addLeadForBasicFurnitureLead" time="6.652"/>
  <testcase classname="tests.AddFurnitureLeadTest" name="addLeadForBasicFurnitureLead" time="6.648"/>
  <testcase classname="tests.AddFurnitureLeadTest" name="addLeadForBasicFurnitureLead" time="6.635"/>
  <testcase classname="tests.AddFurnitureLeadTest" name="addLeadForBasicFurnitureLead" time="6.675"/>
  <testcase classname="tests.AddFurnitureLeadTest" name="addLeadForBasicFurnitureLead" time="6.684"/>
  <testcase classname="tests.AddFurnitureLeadTest" name="addLeadForBasicFurnitureLead" time="6.646"/>
  <testcase classname="tests.AddFurnitureLeadTest" name="addLeadForBasicFurnitureLead" time="6.610"/>
  <testcase classname="tests.AddFurnitureLeadTest" name="addLeadForBasicFurnitureLead" time="6.667"/>
  <testcase classname="tests.AddFurnitureLeadTest" name="addLeadForBasicFurnitureLead" time="6.642"/>
  <testcase classname="tests.AddFurnitureLeadTest" name="addLeadForBasicFurnitureLead" time="6.700"/>
  <testcase classname="tests.AddFurnitureLeadTest" name="addLeadForBasicFurnitureLead" time="6.689"/>
  <testcase classname="tests.AddFurnitureLeadTest" name="addLeadForBasicFurnitureLead" time="6.689"/>
  <testcase classname="tests.AddFurnitureLeadTest" name="addLeadForBasicFurnitureLead" time="6.705"/>
  <testcase classname="tests.AddFurnitureLeadTest" name="addLeadForBasicFurnitureLead" time="6.640"/>
  <testcase classname="tests.AddFurnitureLeadTest" name="addLeadForBasicFurnitureLead" time="6.677"/>
  <testcase classname="tests.AddFurnitureLeadTest" name="addLeadForBasicFurnitureLead" time="6.670"/>
  <testcase classname="tests.AddFurnitureLeadTest" name="addLeadForBasicFurnitureLead" time="6.692"/>
  <testcase classname="tests.AddFurnitureLeadTest" name="addLeadForBasicFurnitureLead" time="6.709"/>
  <testcase classname="tests.AddFurnitureLeadTest" name="addLeadForBasicFurnitureLead" time="6.735"/>
  <testcase classname="tests.AddFurnitureLeadTest" name="addLeadForBasicFurnitureLead" time="6.683"/>
  <testcase classname="tests.AddFurnitureLeadTest" name="addLeadForBasicFurnitureLead" time="6.716"/>
  <testcase classname="tests.AddFurnitureLeadTest" name="addLeadForBasicFurnitureLead" time="6.719"/>
  <testcase classname="tests.AddFurnitureLeadTest" name="addLeadForBasicFurnitureLead" time="6.723"/>
  <testcase classname="tests.AddFurnitureLeadTest" name="addLeadForBasicFurnitureLead" time="6.665"/>
  <testcase classname="tests.AddFurnitureLeadTest" name="addLeadForBasicFurnitureLead" time="6.707"/>
  <testcase classname="tests.AddFurnitureLeadTest" name="addLeadForBasicFurnitureLead" time="6.682"/>
  <testcase classname="tests.AddFurnitureLeadTest" name="addLeadForBasicFurnitureLead" time="6.684"/>
  <testcase classname="tests.AddFurnitureLeadTest" name="addLeadForBasicFurnitureLead" time="6.674"/>
  <testcase classname="tests.AddFurnitureLeadTest" name="addLeadForBasicFurnitureLead" time="6.672"/>
  <testcase classname="tests.AddFurnitureLeadTest" name="addLeadForBasicFurnitureLead" time="6.718"/>
  <testcase classname="tests.AddFurnitureLeadTest" name="addLeadForBasicFurnitureLead" time="6.698"/>
  <testcase classname="tests.AddFurnitureLeadTest" name="addLeadForBasicFurnitureLead" time="6.603"/>
  <testcase classname="tests.AddFurnitureLeadTest" name="addLeadForBasicFurnitureLead" time="6.649"/>
  <testcase classname="tests.AddFurnitureLeadTest" name="addLeadForBasicFurnitureLead" time="6.660"/>
  <testcase classname="tests.AddFurnitureLeadTest" name="addLeadForBasicFurnitureLead" time="6.684"/>
  <testcase classname="tests.AddFurnitureLeadTest" name="addLeadForBasicFurnitureLead" time="6.700"/>
  <testcase classname="tests.AddFurnitureLeadTest" name="addLeadForBasicFurnitureLead" time="6.735"/>
  <testcase classname="tests.AddFurnitureLeadTest" name="addLeadForBasicFurnitureLead" time="6.652"/>
  <testcase classname="tests.AddFurnitureLeadTest" name="addLeadForBasicFurnitureLead" time="6.686"/>
  <testcase classname="tests.AddFurnitureLeadTest" name="addLeadForBasicFurnitureLead" time="6.662"/>
  <testcase classname="tests.AddFurnitureLeadTest" name="addLeadForBasicFurnitureLead" time="6.679"/>
  <testcase classname="tests.AddFurnitureLeadTest" name="addLeadForBasicFurnitureLead" time="6.696"/>
  <testcase classname="tests.AddFurnitureLeadTest" name="addLeadForBasicFurnitureLead" time="6.683"/>
  <testcase classname="tests.AddFurnitureLeadTest" name="addLeadForBasicFurnitureLead" time="6.686"/>
  <testcase classname="tests.AddFurnitureLeadTest" name="addLeadForBasicFurnitureLead" time="6.642"/>
  <testcase classname="tests.AddFurnitureLeadTest" name="addLeadForBasicFurnitureLead" time="6.731"/>
  <testcase classname="tests.AddFurnitureLeadTest" name="addLeadForBasicFurnitureLead" time="6.699"/>
  <testcase classname="tests.AddFurnitureLeadTest" name="addLeadForBasicFurnitureLead" time="6.678"/>
  <testcase classname="tests.AddFurnitureLeadTest" name="addLeadForBasicFurnitureLead" time="6.652"/>
  <testcase classname="tests.AddFurnitureLeadTest" name="addLeadForBasicFurnitureLead" time="6.685"/>
  <testcase classname="tests.AddFurnitureLeadTest" name="addLeadForBasicFurnitureLead" time="6.667"/>
  <testcase classname="tests.AddFurnitureLeadTest" name="addLeadForBasicFurnitureLead" time="6.688"/>
  <testcase classname="tests.AddFurnitureLeadTest" name="addLeadForBasicFurnitureLead" time="6.703"/>
  <testcase classname="tests.AddFurnitureLeadTest" name="addLeadForBasicFurnitureLead" time="6.655"/>
  <testcase classname="tests.AddFurnitureLeadTest" name="addLeadForBasicFurnitureLead" time="6.692"/>
  <testcase classname="tests.AddFurnitureLeadTest" name="addLeadForBasicFurnitureLead" time="6.691"/>
  <testcase classname="tests.AddFurnitureLeadTest" name="addLeadForBasicFurnitureLead" time="6.690"/>
  <testcase classname="tests.AddFurnitureLeadTest" name="addLeadForBasicFurnitureLead" time="6.677"/>
  <testcase classname="tests.AddFurnitureLeadTest" name="addLeadForBasicFurnitureLead" time="6.691"/>
  <testcase classname="tests.AddFurnitureLeadTest" name="addLeadForBasicFurnitureLead" time="6.607"/>
  <testcase classname="tests.AddFurnitureLeadTest" name="addLeadForBasicFurnitureLead" time="6.706"/>
  <testcase classname="tests.AddFurnitureLeadTest" name="addLeadForBasicFurnitureLead" time="6.683"/>
  <testcase classname="tests.AddFurnitureLeadTest" name="addLeadForBasicFurnitureLead" time="6.715"/>
  <testcase classname="tests.AddFurnitureLeadTest" name="addLeadForBasicFurnitureLead" time="6.676"/>
  <testcase classname="tests.AddFurnitureLeadTest" name="addLeadForBasicFurnitureLead" time="6.633"/>
  <testcase classname="tests.AddFurnitureLeadTest" name="addLeadForBasicFurnitureLead" time="6.719"/>
  <testcase classname="tests.AddFurnitureLeadTest" name="addLeadForBasicFurnitureLead" time="6.621"/>
  <testcase classname="tests.AddFurnitureLeadTest" name="addLeadForBasicFurnitureLead" time="6.682"/>
  <testcase classname="tests.AddFurnitureLeadTest" name="addLeadForBasicFurnitureLead" time="6.646"/>
  <testcase classname="tests.AddFurnitureLeadTest" name="addLeadForBasicFurnitureLead" time="6.679"/>
  <testcase classname="tests.AddFurnitureLeadTest" name="addLeadForBasicFurnitureLead" time="6.678"/>
  <testcase classname="tests.AddFurnitureLeadTest" name="addLeadForBasicFurnitureLead" time="6.660"/>
  <testcase classname="tests.AddFurnitureLeadTest" name="addLeadForBasicFurnitureLead" time="6.645"/>
  <testcase classname="tests.AddFurnitureLeadTest" name="addLeadForBasicFurnitureLead" time="6.707"/>
  <testcase classname="tests.AddFurnitureLeadTest" name="addLeadForBasicFurnitureLead" time="6.661"/>
  <testcase classname="tests.AddFurnitureLeadTest" name="addLeadForBasicFurnitureLead" time="6.683"/>
  <testcase classname="tests.AddFurnitureLeadTest" name="addLeadForBasicFurnitureLead" time="6.697"/>
  <testcase classname="tests.AddFurnitureLeadTest" name="addLeadForBasicFurnitureLead" time="6.643"/>
  <testcase classname="tests.AddFurnitureLeadTest" name="addLeadForBasicFurnitureLead" time="6.710"/>
  <testcase classname="tests.AddFurnitureLeadTest" name="addLeadForBasicFurnitureLead" time="6.675"/>
  <testcase classname="tests.AddFurnitureLeadTest" name="addLeadForBasicFurnitureLead" time="6.644"/>
  <testcase classname="tests.AddFurnitureLeadTest" name="addLeadForBasicFurnitureLead" time="6.780"/>
  <testcase classname="tests.AddFurnitureLeadTest" name="addLeadForBasicFurnitureLead" time="6.628"/>
  <testcase classname="tests.AddFurnitureLeadTest" name="addLeadForBasicFurnitureLead" time="6.645"/>
  <testcase classname="tests.AddFurnitureLeadTest" name="addLeadForBasicFurnitureLead" time="6.728"/>
  <testcase classname="tests.AddFurnitureLeadTest" name="addLeadForBasicFurnitureLead" time="8.080"/>
  <testcase classname="tests.AddFurnitureLeadTest" name="addLeadForBasicFurnitureLead" time="6.608"/>
  <testcase classname="tests.AddFurnitureLeadTest" name="addLeadForBasicFurnitureLead" time="6.685"/>
  <testcase classname="tests.AddFurnitureLeadTest" name="addLeadForBasicFurnitureLead" time="6.736"/>
  <testcase classname="tests.AddFurnitureLeadTest" name="addLeadForBasicFurnitureLead" time="6.700"/>
  <testcase classname="tests.AddFurnitureLeadTest" name="addLeadForBasicFurnitureLead" time="6.695"/>
  <testcase classname="tests.AddFurnitureLeadTest" name="addLeadForBasicFurnitureLead" time="6.685"/>
  <testcase classname="tests.AddFurnitureLeadTest" name="addLeadForBasicFurnitureLead" time="6.648"/>
  <testcase classname="tests.AddFurnitureLeadTest" name="addLeadForBasicFurnitureLead" time="6.683"/>
  <testcase classname="tests.AddFurnitureLeadTest" name="addLeadForBasicFurnitureLead" time="6.688"/>
  <testcase classname="tests.AddFurnitureLeadTest" name="addLeadForBasicFurnitureLead" time="6.717"/>
  <testcase classname="tests.AddFurnitureLeadTest" name="addLeadForBasicFurnitureLead" time="6.728"/>
  <testcase classname="tests.AddFurnitureLeadTest" name="addLeadForBasicFurnitureLead" time="6.666"/>
  <testcase classname="tests.AddFurnitureLeadTest" name="addLeadForBasicFurnitureLead" time="6.682"/>
  <testcase classname="tests.AddFurnitureLeadTest" name="addLeadForBasicFurnitureLead" time="6.665"/>
  <testcase classname="tests.AddFurnitureLeadTest" name="addLeadForBasicFurnitureLead" time="6.648"/>
  <testcase classname="tests.AddFurnitureLeadTest" name="addLeadForBasicFurnitureLead" time="6.661"/>
  <testcase classname="tests.AddFurnitureLeadTest" name="addLeadForBasicFurnitureLead" time="6.684"/>
  <testcase classname="tests.AddFurnitureLeadTest" name="addLeadForBasicFurnitureLead" time="6.741"/>
  <testcase classname="tests.AddFurnitureLeadTest" name="addLeadForBasicFurnitureLead" time="6.623"/>
  <testcase classname="tests.AddFurnitureLeadTest" name="addLeadForBasicFurnitureLead" time="6.687"/>
  <testcase classname="tests.AddFurnitureLeadTest" name="addLeadForBasicFurnitureLead" time="6.657"/>
  <testcase classname="tests.AddFurnitureLeadTest" name="addLeadForBasicFurnitureLead" time="6.700"/>
  <testcase classname="tests.AddFurnitureLeadTest" name="addLeadForBasicFurnitureLead" time="6.656"/>
  <testcase classname="tests.AddFurnitureLeadTest" name="addLeadForBasicFurnitureLead" time="6.690"/>
  <testcase classname="tests.AddFurnitureLeadTest" name="addLeadForBasicFurnitureLead" time="6.612"/>
  <testcase classname="tests.AddFurnitureLeadTest" name="addLeadForBasicFurnitureLead" time="6.638"/>
  <testcase classname="tests.AddFurnitureLeadTest" name="addLeadForBasicFurnitureLead" time="6.689"/>
  <testcase classname="tests.AddFurnitureLeadTest" name="addLeadForBasicFurnitureLead" time="6.713">
    <failure message="Project mismatch. Expected: Godrej, Got: Stanley - SBC" type="java.lang.AssertionError">
      <![CDATA[java.lang.AssertionError: Project mismatch. Expected: Godrej, Got: Stanley - SBC
at pages.AddFurnitureLeadPage.validateLeadWithGeneratedData(AddFurnitureLeadPage.java:173)
at tests.AddFurnitureLeadTest.addLeadForBasicFurnitureLead(AddFurnitureLeadTest.java:101)
at java.base/jdk.internal.reflect.DirectMethodHandleAccessor.invoke(DirectMethodHandleAccessor.java:103)
at java.base/java.lang.reflect.Method.invoke(Method.java:580)
at org.testng.internal.invokers.MethodInvocationHelper.invokeMethod(MethodInvocationHelper.java:141)
at org.testng.internal.invokers.TestInvoker.invokeMethod(TestInvoker.java:687)
at org.testng.internal.invokers.TestInvoker.invokeTestMethod(TestInvoker.java:230)
at org.testng.internal.invokers.MethodRunner.runInSequence(MethodRunner.java:63)
at org.testng.internal.invokers.TestInvoker$MethodInvocationAgent.invoke(TestInvoker.java:995)
at org.testng.internal.invokers.TestInvoker.invokeTestMethods(TestInvoker.java:203)
at org.testng.internal.invokers.TestMethodWorker.invokeTestMethods(TestMethodWorker.java:154)
at org.testng.internal.invokers.TestMethodWorker.run(TestMethodWorker.java:134)
at java.base/java.util.ArrayList.forEach(ArrayList.java:1596)
at org.testng.TestRunner.privateRun(TestRunner.java:741)
at org.testng.TestRunner.run(TestRunner.java:616)
at org.testng.SuiteRunner.runTest(SuiteRunner.java:421)
at org.testng.SuiteRunner.runSequentially(SuiteRunner.java:413)
at org.testng.SuiteRunner.privateRun(SuiteRunner.java:373)
at org.testng.SuiteRunner.run(SuiteRunner.java:312)
at org.testng.SuiteRunnerWorker.runSuite(SuiteRunnerWorker.java:52)
at org.testng.SuiteRunnerWorker.run(SuiteRunnerWorker.java:95)
at org.testng.TestNG.runSuitesSequentially(TestNG.java:1274)
at org.testng.TestNG.runSuitesLocally(TestNG.java:1208)
at org.testng.TestNG.runSuites(TestNG.java:1112)
at org.testng.TestNG.run(TestNG.java:1079)
at org.testng.remote.AbstractRemoteTestNG.run(AbstractRemoteTestNG.java:115)
at org.testng.remote.RemoteTestNG.initAndRun(RemoteTestNG.java:293)
at org.testng.remote.RemoteTestNG.main(RemoteTestNG.java:91)
]]>
    </failure>
  </testcase> <!-- addLeadForBasicFurnitureLead -->
  <testcase classname="tests.AddFurnitureLeadTest" name="addLeadForBasicFurnitureLead" time="6.719">
    <failure message="Project mismatch. Expected: Stanley - SBC, Got: Stanley - SLN" type="java.lang.AssertionError">
      <![CDATA[java.lang.AssertionError: Project mismatch. Expected: Stanley - SBC, Got: Stanley - SLN
at pages.AddFurnitureLeadPage.validateLeadWithGeneratedData(AddFurnitureLeadPage.java:173)
at tests.AddFurnitureLeadTest.addLeadForBasicFurnitureLead(AddFurnitureLeadTest.java:101)
at java.base/jdk.internal.reflect.DirectMethodHandleAccessor.invoke(DirectMethodHandleAccessor.java:103)
at java.base/java.lang.reflect.Method.invoke(Method.java:580)
at org.testng.internal.invokers.MethodInvocationHelper.invokeMethod(MethodInvocationHelper.java:141)
at org.testng.internal.invokers.TestInvoker.invokeMethod(TestInvoker.java:687)
at org.testng.internal.invokers.TestInvoker.invokeTestMethod(TestInvoker.java:230)
at org.testng.internal.invokers.MethodRunner.runInSequence(MethodRunner.java:63)
at org.testng.internal.invokers.TestInvoker$MethodInvocationAgent.invoke(TestInvoker.java:995)
at org.testng.internal.invokers.TestInvoker.invokeTestMethods(TestInvoker.java:203)
at org.testng.internal.invokers.TestMethodWorker.invokeTestMethods(TestMethodWorker.java:154)
at org.testng.internal.invokers.TestMethodWorker.run(TestMethodWorker.java:134)
at java.base/java.util.ArrayList.forEach(ArrayList.java:1596)
at org.testng.TestRunner.privateRun(TestRunner.java:741)
at org.testng.TestRunner.run(TestRunner.java:616)
at org.testng.SuiteRunner.runTest(SuiteRunner.java:421)
at org.testng.SuiteRunner.runSequentially(SuiteRunner.java:413)
at org.testng.SuiteRunner.privateRun(SuiteRunner.java:373)
at org.testng.SuiteRunner.run(SuiteRunner.java:312)
at org.testng.SuiteRunnerWorker.runSuite(SuiteRunnerWorker.java:52)
at org.testng.SuiteRunnerWorker.run(SuiteRunnerWorker.java:95)
at org.testng.TestNG.runSuitesSequentially(TestNG.java:1274)
at org.testng.TestNG.runSuitesLocally(TestNG.java:1208)
at org.testng.TestNG.runSuites(TestNG.java:1112)
at org.testng.TestNG.run(TestNG.java:1079)
at org.testng.remote.AbstractRemoteTestNG.run(AbstractRemoteTestNG.java:115)
at org.testng.remote.RemoteTestNG.initAndRun(RemoteTestNG.java:293)
at org.testng.remote.RemoteTestNG.main(RemoteTestNG.java:91)
]]>
    </failure>
  </testcase> <!-- addLeadForBasicFurnitureLead -->
  <testcase classname="tests.AddFurnitureLeadTest" name="addLeadForBasicFurnitureLead" time="6.657"/>
  <testcase classname="tests.AddFurnitureLeadTest" name="addLeadForBasicFurnitureLead" time="6.650"/>
  <testcase classname="tests.AddFurnitureLeadTest" name="addLeadForBasicFurnitureLead" time="6.711"/>
  <testcase classname="tests.AddFurnitureLeadTest" name="addLeadForBasicFurnitureLead" time="6.673"/>
  <testcase classname="tests.AddFurnitureLeadTest" name="addLeadForBasicFurnitureLead" time="6.644"/>
  <testcase classname="tests.AddFurnitureLeadTest" name="addLeadForBasicFurnitureLead" time="6.709"/>
  <testcase classname="tests.AddFurnitureLeadTest" name="addLeadForBasicFurnitureLead" time="6.681"/>
  <testcase classname="tests.AddFurnitureLeadTest" name="addLeadForBasicFurnitureLead" time="6.659"/>
  <testcase classname="tests.AddFurnitureLeadTest" name="addLeadForBasicFurnitureLead" time="6.719"/>
  <testcase classname="tests.AddFurnitureLeadTest" name="addLeadForBasicFurnitureLead" time="6.680"/>
  <testcase classname="tests.AddFurnitureLeadTest" name="addLeadForBasicFurnitureLead" time="6.700"/>
  <testcase classname="tests.AddFurnitureLeadTest" name="addLeadForBasicFurnitureLead" time="6.700"/>
  <testcase classname="tests.AddFurnitureLeadTest" name="addLeadForBasicFurnitureLead" time="6.631"/>
  <testcase classname="tests.AddFurnitureLeadTest" name="addLeadForBasicFurnitureLead" time="6.699"/>
  <testcase classname="tests.AddFurnitureLeadTest" name="addLeadForBasicFurnitureLead" time="6.662"/>
  <testcase classname="tests.AddFurnitureLeadTest" name="addLeadForBasicFurnitureLead" time="6.692"/>
  <testcase classname="tests.AddFurnitureLeadTest" name="addLeadForBasicFurnitureLead" time="6.700"/>
  <testcase classname="tests.AddFurnitureLeadTest" name="addLeadForBasicFurnitureLead" time="6.702"/>
  <testcase classname="tests.AddFurnitureLeadTest" name="addLeadForBasicFurnitureLead" time="6.680"/>
  <testcase classname="tests.AddFurnitureLeadTest" name="addLeadForBasicFurnitureLead" time="6.692"/>
  <testcase classname="tests.AddFurnitureLeadTest" name="addLeadForBasicFurnitureLead" time="6.629"/>
  <testcase classname="tests.AddFurnitureLeadTest" name="addLeadForBasicFurnitureLead" time="6.630"/>
  <testcase classname="tests.AddFurnitureLeadTest" name="addLeadForBasicFurnitureLead" time="7.554"/>
  <testcase classname="tests.AddFurnitureLeadTest" name="addLeadForBasicFurnitureLead" time="6.678"/>
  <testcase classname="tests.AddFurnitureLeadTest" name="addLeadForBasicFurnitureLead" time="6.623"/>
  <testcase classname="tests.AddFurnitureLeadTest" name="addLeadForBasicFurnitureLead" time="6.685"/>
  <testcase classname="tests.AddFurnitureLeadTest" name="addLeadForBasicFurnitureLead" time="6.655"/>
  <testcase classname="tests.AddFurnitureLeadTest" name="addLeadForBasicFurnitureLead" time="6.669"/>
  <testcase classname="tests.AddFurnitureLeadTest" name="addLeadForBasicFurnitureLead" time="6.701"/>
  <testcase classname="tests.AddFurnitureLeadTest" name="addLeadForBasicFurnitureLead" time="6.690"/>
  <testcase classname="tests.AddFurnitureLeadTest" name="addLeadForBasicFurnitureLead" time="6.668"/>
  <testcase classname="tests.AddFurnitureLeadTest" name="addLeadForBasicFurnitureLead" time="6.692"/>
  <testcase classname="tests.AddFurnitureLeadTest" name="addLeadForBasicFurnitureLead" time="6.684"/>
  <testcase classname="tests.AddFurnitureLeadTest" name="addLeadForBasicFurnitureLead" time="6.631"/>
  <testcase classname="tests.AddFurnitureLeadTest" name="addLeadForBasicFurnitureLead" time="6.701"/>
  <testcase classname="tests.AddFurnitureLeadTest" name="addLeadForBasicFurnitureLead" time="6.666"/>
  <testcase classname="tests.AddFurnitureLeadTest" name="addLeadForBasicFurnitureLead" time="6.684"/>
  <testcase classname="tests.AddFurnitureLeadTest" name="addLeadForBasicFurnitureLead" time="6.679"/>
  <testcase classname="tests.AddFurnitureLeadTest" name="addLeadForBasicFurnitureLead" time="6.659"/>
  <testcase classname="tests.AddFurnitureLeadTest" name="addLeadForBasicFurnitureLead" time="6.699"/>
  <testcase classname="tests.AddFurnitureLeadTest" name="addLeadForBasicFurnitureLead" time="6.651"/>
  <testcase classname="tests.AddFurnitureLeadTest" name="addLeadForBasicFurnitureLead" time="6.702"/>
  <testcase classname="tests.AddFurnitureLeadTest" name="addLeadForBasicFurnitureLead" time="7.591"/>
  <testcase classname="tests.AddFurnitureLeadTest" name="addLeadForBasicFurnitureLead" time="6.731"/>
  <testcase classname="tests.AddFurnitureLeadTest" name="addLeadForBasicFurnitureLead" time="6.672"/>
  <testcase classname="tests.AddFurnitureLeadTest" name="addLeadForBasicFurnitureLead" time="6.666"/>
  <testcase classname="tests.AddFurnitureLeadTest" name="addLeadForBasicFurnitureLead" time="6.663"/>
  <testcase classname="tests.AddFurnitureLeadTest" name="addLeadForBasicFurnitureLead" time="6.658"/>
  <testcase classname="tests.AddFurnitureLeadTest" name="addLeadForBasicFurnitureLead" time="6.639"/>
  <testcase classname="tests.AddFurnitureLeadTest" name="addLeadForBasicFurnitureLead" time="6.644"/>
  <testcase classname="tests.AddFurnitureLeadTest" name="addLeadForBasicFurnitureLead" time="6.715"/>
  <testcase classname="tests.AddFurnitureLeadTest" name="addLeadForBasicFurnitureLead" time="6.681"/>
  <testcase classname="tests.AddFurnitureLeadTest" name="addLeadForBasicFurnitureLead" time="6.660"/>
  <testcase classname="tests.AddFurnitureLeadTest" name="addLeadForBasicFurnitureLead" time="6.681"/>
  <testcase classname="tests.AddFurnitureLeadTest" name="addLeadForBasicFurnitureLead" time="6.687"/>
  <testcase classname="tests.AddFurnitureLeadTest" name="addLeadForBasicFurnitureLead" time="6.738"/>
  <testcase classname="tests.AddFurnitureLeadTest" name="addLeadForBasicFurnitureLead" time="6.674"/>
  <testcase classname="tests.AddFurnitureLeadTest" name="addLeadForBasicFurnitureLead" time="6.666"/>
  <testcase classname="tests.AddFurnitureLeadTest" name="addLeadForBasicFurnitureLead" time="6.709"/>
  <testcase classname="tests.AddFurnitureLeadTest" name="addLeadForBasicFurnitureLead" time="6.746"/>
  <testcase classname="tests.AddFurnitureLeadTest" name="addLeadForBasicFurnitureLead" time="6.730"/>
  <testcase classname="tests.AddFurnitureLeadTest" name="addLeadForBasicFurnitureLead" time="6.649"/>
  <testcase classname="tests.AddFurnitureLeadTest" name="addLeadForBasicFurnitureLead" time="6.694"/>
  <testcase classname="tests.AddFurnitureLeadTest" name="addLeadForBasicFurnitureLead" time="6.644"/>
  <testcase classname="tests.AddFurnitureLeadTest" name="addLeadForBasicFurnitureLead" time="6.697"/>
  <testcase classname="tests.AddFurnitureLeadTest" name="addLeadForBasicFurnitureLead" time="6.675"/>
  <testcase classname="tests.AddFurnitureLeadTest" name="addLeadForBasicFurnitureLead" time="6.637"/>
  <testcase classname="tests.AddFurnitureLeadTest" name="addLeadForBasicFurnitureLead" time="6.666"/>
  <testcase classname="tests.AddFurnitureLeadTest" name="addLeadForBasicFurnitureLead" time="6.675"/>
  <testcase classname="tests.AddFurnitureLeadTest" name="addLeadForBasicFurnitureLead" time="6.688"/>
  <testcase classname="tests.AddFurnitureLeadTest" name="addLeadForBasicFurnitureLead" time="6.930">
    <failure message="Project mismatch. Expected: Lofy Interior Solutions, Got: Haworth" type="java.lang.AssertionError">
      <![CDATA[java.lang.AssertionError: Project mismatch. Expected: Lofy Interior Solutions, Got: Haworth
at pages.AddFurnitureLeadPage.validateLeadWithGeneratedData(AddFurnitureLeadPage.java:173)
at tests.AddFurnitureLeadTest.addLeadForBasicFurnitureLead(AddFurnitureLeadTest.java:101)
at java.base/jdk.internal.reflect.DirectMethodHandleAccessor.invoke(DirectMethodHandleAccessor.java:103)
at java.base/java.lang.reflect.Method.invoke(Method.java:580)
at org.testng.internal.invokers.MethodInvocationHelper.invokeMethod(MethodInvocationHelper.java:141)
at org.testng.internal.invokers.TestInvoker.invokeMethod(TestInvoker.java:687)
at org.testng.internal.invokers.TestInvoker.invokeTestMethod(TestInvoker.java:230)
at org.testng.internal.invokers.MethodRunner.runInSequence(MethodRunner.java:63)
at org.testng.internal.invokers.TestInvoker$MethodInvocationAgent.invoke(TestInvoker.java:995)
at org.testng.internal.invokers.TestInvoker.invokeTestMethods(TestInvoker.java:203)
at org.testng.internal.invokers.TestMethodWorker.invokeTestMethods(TestMethodWorker.java:154)
at org.testng.internal.invokers.TestMethodWorker.run(TestMethodWorker.java:134)
at java.base/java.util.ArrayList.forEach(ArrayList.java:1596)
at org.testng.TestRunner.privateRun(TestRunner.java:741)
at org.testng.TestRunner.run(TestRunner.java:616)
at org.testng.SuiteRunner.runTest(SuiteRunner.java:421)
at org.testng.SuiteRunner.runSequentially(SuiteRunner.java:413)
at org.testng.SuiteRunner.privateRun(SuiteRunner.java:373)
at org.testng.SuiteRunner.run(SuiteRunner.java:312)
at org.testng.SuiteRunnerWorker.runSuite(SuiteRunnerWorker.java:52)
at org.testng.SuiteRunnerWorker.run(SuiteRunnerWorker.java:95)
at org.testng.TestNG.runSuitesSequentially(TestNG.java:1274)
at org.testng.TestNG.runSuitesLocally(TestNG.java:1208)
at org.testng.TestNG.runSuites(TestNG.java:1112)
at org.testng.TestNG.run(TestNG.java:1079)
at org.testng.remote.AbstractRemoteTestNG.run(AbstractRemoteTestNG.java:115)
at org.testng.remote.RemoteTestNG.initAndRun(RemoteTestNG.java:293)
at org.testng.remote.RemoteTestNG.main(RemoteTestNG.java:91)
]]>
    </failure>
  </testcase> <!-- addLeadForBasicFurnitureLead -->
  <testcase classname="tests.AddFurnitureLeadTest" name="addLeadForBasicFurnitureLead" time="6.703"/>
  <testcase classname="tests.AddFurnitureLeadTest" name="addLeadForBasicFurnitureLead" time="6.714"/>
  <testcase classname="tests.AddFurnitureLeadTest" name="addLeadForBasicFurnitureLead" time="6.643"/>
  <testcase classname="tests.AddFurnitureLeadTest" name="addLeadForBasicFurnitureLead" time="6.637"/>
  <testcase classname="tests.AddFurnitureLeadTest" name="addLeadForBasicFurnitureLead" time="6.701"/>
  <testcase classname="tests.AddFurnitureLeadTest" name="addLeadForBasicFurnitureLead" time="6.648"/>
  <testcase classname="tests.AddFurnitureLeadTest" name="addLeadForBasicFurnitureLead" time="6.718"/>
  <testcase classname="tests.AddFurnitureLeadTest" name="addLeadForBasicFurnitureLead" time="6.656"/>
  <testcase classname="tests.AddFurnitureLeadTest" name="addLeadForBasicFurnitureLead" time="6.724"/>
  <testcase classname="tests.AddFurnitureLeadTest" name="addLeadForBasicFurnitureLead" time="6.660"/>
  <testcase classname="tests.AddFurnitureLeadTest" name="addLeadForBasicFurnitureLead" time="6.715"/>
  <testcase classname="tests.AddFurnitureLeadTest" name="addLeadForBasicFurnitureLead" time="6.690"/>
  <testcase classname="tests.AddFurnitureLeadTest" name="addLeadForBasicFurnitureLead" time="6.676"/>
  <testcase classname="tests.AddFurnitureLeadTest" name="addLeadForBasicFurnitureLead" time="6.706"/>
  <testcase classname="tests.AddFurnitureLeadTest" name="addLeadForBasicFurnitureLead" time="6.666"/>
  <testcase classname="tests.AddFurnitureLeadTest" name="addLeadForBasicFurnitureLead" time="6.685"/>
  <testcase classname="tests.AddFurnitureLeadTest" name="addLeadForBasicFurnitureLead" time="6.665"/>
  <testcase classname="tests.AddFurnitureLeadTest" name="addLeadForBasicFurnitureLead" time="6.671"/>
  <testcase classname="tests.AddFurnitureLeadTest" name="addLeadForBasicFurnitureLead" time="6.729"/>
  <testcase classname="tests.AddFurnitureLeadTest" name="addLeadForBasicFurnitureLead" time="6.710"/>
  <testcase classname="tests.AddFurnitureLeadTest" name="addLeadForBasicFurnitureLead" time="6.712"/>
  <testcase classname="tests.AddFurnitureLeadTest" name="addLeadForBasicFurnitureLead" time="6.682"/>
  <testcase classname="tests.AddFurnitureLeadTest" name="addLeadForBasicFurnitureLead" time="6.662"/>
  <testcase classname="tests.AddFurnitureLeadTest" name="addLeadForBasicFurnitureLead" time="6.703"/>
  <testcase classname="tests.AddFurnitureLeadTest" name="addLeadForBasicFurnitureLead" time="6.728"/>
  <testcase classname="tests.AddFurnitureLeadTest" name="addLeadForBasicFurnitureLead" time="6.636"/>
  <testcase classname="tests.AddFurnitureLeadTest" name="addLeadForBasicFurnitureLead" time="6.681"/>
  <testcase classname="tests.AddFurnitureLeadTest" name="addLeadForBasicFurnitureLead" time="6.679"/>
  <testcase classname="tests.AddFurnitureLeadTest" name="addLeadForBasicFurnitureLead" time="6.710"/>
  <testcase classname="tests.AddFurnitureLeadTest" name="addLeadForBasicFurnitureLead" time="6.645"/>
  <testcase classname="tests.AddFurnitureLeadTest" name="addLeadForBasicFurnitureLead" time="6.650"/>
  <testcase classname="tests.AddFurnitureLeadTest" name="addLeadForBasicFurnitureLead" time="6.666"/>
  <testcase classname="tests.AddFurnitureLeadTest" name="addLeadForBasicFurnitureLead" time="6.700"/>
  <testcase classname="tests.AddFurnitureLeadTest" name="addLeadForBasicFurnitureLead" time="6.701"/>
  <testcase classname="tests.AddFurnitureLeadTest" name="addLeadForBasicFurnitureLead" time="6.697"/>
  <testcase classname="tests.AddFurnitureLeadTest" name="addLeadForBasicFurnitureLead" time="6.691"/>
  <testcase classname="tests.AddFurnitureLeadTest" name="addLeadForBasicFurnitureLead" time="6.626"/>
  <testcase classname="tests.AddFurnitureLeadTest" name="addLeadForBasicFurnitureLead" time="6.656"/>
  <testcase classname="tests.AddFurnitureLeadTest" name="addLeadForBasicFurnitureLead" time="6.675"/>
  <testcase classname="tests.AddFurnitureLeadTest" name="addLeadForBasicFurnitureLead" time="6.680"/>
  <testcase classname="tests.AddFurnitureLeadTest" name="addLeadForBasicFurnitureLead" time="6.720"/>
  <testcase classname="tests.AddFurnitureLeadTest" name="addLeadForBasicFurnitureLead" time="6.660"/>
  <testcase classname="tests.AddFurnitureLeadTest" name="addLeadForBasicFurnitureLead" time="6.667"/>
  <testcase classname="tests.AddFurnitureLeadTest" name="addLeadForBasicFurnitureLead" time="6.683"/>
  <testcase classname="tests.AddFurnitureLeadTest" name="addLeadForBasicFurnitureLead" time="6.682"/>
  <testcase classname="tests.AddFurnitureLeadTest" name="addLeadForBasicFurnitureLead" time="6.682"/>
  <testcase classname="tests.AddFurnitureLeadTest" name="addLeadForBasicFurnitureLead" time="6.652"/>
  <testcase classname="tests.AddFurnitureLeadTest" name="addLeadForBasicFurnitureLead" time="6.716"/>
  <testcase classname="tests.AddFurnitureLeadTest" name="addLeadForBasicFurnitureLead" time="6.674"/>
  <testcase classname="tests.AddFurnitureLeadTest" name="addLeadForBasicFurnitureLead" time="6.650"/>
  <testcase classname="tests.AddFurnitureLeadTest" name="addLeadForBasicFurnitureLead" time="6.705"/>
  <testcase classname="tests.AddFurnitureLeadTest" name="addLeadForBasicFurnitureLead" time="6.687"/>
  <testcase classname="tests.AddFurnitureLeadTest" name="addLeadForBasicFurnitureLead" time="6.699"/>
  <testcase classname="tests.AddFurnitureLeadTest" name="addLeadForBasicFurnitureLead" time="6.762"/>
  <testcase classname="tests.AddFurnitureLeadTest" name="addLeadForBasicFurnitureLead" time="6.632"/>
  <testcase classname="tests.AddFurnitureLeadTest" name="addLeadForBasicFurnitureLead" time="6.654"/>
  <testcase classname="tests.AddFurnitureLeadTest" name="addLeadForBasicFurnitureLead" time="6.677"/>
  <testcase classname="tests.AddFurnitureLeadTest" name="addLeadForBasicFurnitureLead" time="6.701"/>
  <testcase classname="tests.AddFurnitureLeadTest" name="addLeadForBasicFurnitureLead" time="6.660"/>
  <testcase classname="tests.AddFurnitureLeadTest" name="addLeadForBasicFurnitureLead" time="6.655"/>
  <testcase classname="tests.AddFurnitureLeadTest" name="addLeadForBasicFurnitureLead" time="6.669"/>
  <testcase classname="tests.AddFurnitureLeadTest" name="addLeadForBasicFurnitureLead" time="6.753"/>
  <testcase classname="tests.AddFurnitureLeadTest" name="addLeadForBasicFurnitureLead" time="6.693"/>
  <testcase classname="tests.AddFurnitureLeadTest" name="addLeadForBasicFurnitureLead" time="6.658"/>
  <testcase classname="tests.AddFurnitureLeadTest" name="addLeadForBasicFurnitureLead" time="6.672"/>
  <testcase classname="tests.AddFurnitureLeadTest" name="addLeadForBasicFurnitureLead" time="6.727"/>
  <testcase classname="tests.AddFurnitureLeadTest" name="addLeadForBasicFurnitureLead" time="6.628"/>
  <testcase classname="tests.AddFurnitureLeadTest" name="addLeadForBasicFurnitureLead" time="6.666"/>
  <testcase classname="tests.AddFurnitureLeadTest" name="addLeadForBasicFurnitureLead" time="6.670"/>
  <testcase classname="tests.AddFurnitureLeadTest" name="addLeadForBasicFurnitureLead" time="6.694"/>
  <testcase classname="tests.AddFurnitureLeadTest" name="addLeadForBasicFurnitureLead" time="10.142"/>
  <testcase classname="tests.AddFurnitureLeadTest" name="addLeadForBasicFurnitureLead" time="6.707"/>
  <testcase classname="tests.AddFurnitureLeadTest" name="addLeadForBasicFurnitureLead" time="6.648"/>
  <testcase classname="tests.AddFurnitureLeadTest" name="addLeadForBasicFurnitureLead" time="6.665"/>
  <testcase classname="tests.AddFurnitureLeadTest" name="addLeadForBasicFurnitureLead" time="6.677"/>
  <testcase classname="tests.AddFurnitureLeadTest" name="addLeadForBasicFurnitureLead" time="6.691"/>
  <testcase classname="tests.AddFurnitureLeadTest" name="addLeadForBasicFurnitureLead" time="6.715"/>
  <testcase classname="tests.AddFurnitureLeadTest" name="addLeadForBasicFurnitureLead" time="6.679"/>
  <testcase classname="tests.AddFurnitureLeadTest" name="addLeadForBasicFurnitureLead" time="6.733"/>
  <testcase classname="tests.AddFurnitureLeadTest" name="addLeadForBasicFurnitureLead" time="6.687"/>
  <testcase classname="tests.AddFurnitureLeadTest" name="addLeadForBasicFurnitureLead" time="6.712"/>
  <testcase classname="tests.AddFurnitureLeadTest" name="addLeadForBasicFurnitureLead" time="6.681"/>
  <testcase classname="tests.AddFurnitureLeadTest" name="addLeadForBasicFurnitureLead" time="6.626"/>
  <testcase classname="tests.AddFurnitureLeadTest" name="addLeadForBasicFurnitureLead" time="6.718"/>
  <testcase classname="tests.AddFurnitureLeadTest" name="addLeadForBasicFurnitureLead" time="6.662"/>
  <testcase classname="tests.AddFurnitureLeadTest" name="addLeadForBasicFurnitureLead" time="6.668"/>
  <testcase classname="tests.AddFurnitureLeadTest" name="addLeadForBasicFurnitureLead" time="6.744"/>
  <testcase classname="tests.AddFurnitureLeadTest" name="addLeadForBasicFurnitureLead" time="6.694"/>
  <testcase classname="tests.AddFurnitureLeadTest" name="addLeadForBasicFurnitureLead" time="6.687"/>
  <testcase classname="tests.AddFurnitureLeadTest" name="addLeadForBasicFurnitureLead" time="6.699"/>
  <testcase classname="tests.AddFurnitureLeadTest" name="addLeadForBasicFurnitureLead" time="6.683"/>
  <testcase classname="tests.AddFurnitureLeadTest" name="addLeadForBasicFurnitureLead" time="6.704"/>
  <testcase classname="tests.AddFurnitureLeadTest" name="addLeadForBasicFurnitureLead" time="6.629"/>
  <testcase classname="tests.AddFurnitureLeadTest" name="addLeadForBasicFurnitureLead" time="6.716"/>
  <testcase classname="tests.AddFurnitureLeadTest" name="addLeadForBasicFurnitureLead" time="8.066"/>
  <testcase classname="tests.AddFurnitureLeadTest" name="addLeadForBasicFurnitureLead" time="6.716"/>
  <testcase classname="tests.AddFurnitureLeadTest" name="addLeadForBasicFurnitureLead" time="6.708"/>
  <testcase classname="tests.AddFurnitureLeadTest" name="addLeadForBasicFurnitureLead" time="6.651"/>
  <testcase classname="tests.AddFurnitureLeadTest" name="addLeadForBasicFurnitureLead" time="6.613"/>
  <testcase classname="tests.AddFurnitureLeadTest" name="addLeadForBasicFurnitureLead" time="6.642"/>
  <testcase classname="tests.AddFurnitureLeadTest" name="addLeadForBasicFurnitureLead" time="6.627"/>
  <testcase classname="tests.AddFurnitureLeadTest" name="addLeadForBasicFurnitureLead" time="6.679"/>
  <testcase classname="tests.AddFurnitureLeadTest" name="addLeadForBasicFurnitureLead" time="6.689"/>
  <testcase classname="tests.AddFurnitureLeadTest" name="addLeadForBasicFurnitureLead" time="6.658"/>
  <testcase classname="tests.AddFurnitureLeadTest" name="addLeadForBasicFurnitureLead" time="6.699"/>
  <testcase classname="tests.AddFurnitureLeadTest" name="addLeadForBasicFurnitureLead" time="6.674"/>
  <testcase classname="tests.AddFurnitureLeadTest" name="addLeadForBasicFurnitureLead" time="6.701"/>
  <testcase classname="tests.AddFurnitureLeadTest" name="addLeadForBasicFurnitureLead" time="6.640"/>
  <testcase classname="tests.AddFurnitureLeadTest" name="addLeadForBasicFurnitureLead" time="6.711"/>
  <testcase classname="tests.AddFurnitureLeadTest" name="addLeadForBasicFurnitureLead" time="6.674"/>
  <testcase classname="tests.AddFurnitureLeadTest" name="addLeadForBasicFurnitureLead" time="6.619"/>
  <testcase classname="tests.AddFurnitureLeadTest" name="addLeadForBasicFurnitureLead" time="6.617"/>
  <testcase classname="tests.AddFurnitureLeadTest" name="addLeadForBasicFurnitureLead" time="6.698"/>
  <testcase classname="tests.AddFurnitureLeadTest" name="addLeadForBasicFurnitureLead" time="6.682"/>
  <testcase classname="tests.AddFurnitureLeadTest" name="addLeadForBasicFurnitureLead" time="6.681"/>
  <testcase classname="tests.AddFurnitureLeadTest" name="addLeadForBasicFurnitureLead" time="6.772"/>
  <testcase classname="tests.AddFurnitureLeadTest" name="addLeadForBasicFurnitureLead" time="6.713"/>
  <testcase classname="tests.AddFurnitureLeadTest" name="addLeadForBasicFurnitureLead" time="6.669"/>
  <testcase classname="tests.AddFurnitureLeadTest" name="addLeadForBasicFurnitureLead" time="6.673"/>
  <testcase classname="tests.AddFurnitureLeadTest" name="addLeadForBasicFurnitureLead" time="6.702"/>
  <testcase classname="tests.AddFurnitureLeadTest" name="addLeadForBasicFurnitureLead" time="6.738"/>
  <testcase classname="tests.AddFurnitureLeadTest" name="addLeadForBasicFurnitureLead" time="6.687"/>
  <testcase classname="tests.AddFurnitureLeadTest" name="addLeadForBasicFurnitureLead" time="6.687"/>
  <testcase classname="tests.AddFurnitureLeadTest" name="addLeadForBasicFurnitureLead" time="6.654"/>
  <testcase classname="tests.AddFurnitureLeadTest" name="addLeadForBasicFurnitureLead" time="5.614">
    <failure message="Full name mismatch. Expected: Priya Patel, Got: Bhavna Dave" type="java.lang.AssertionError">
      <![CDATA[java.lang.AssertionError: Full name mismatch. Expected: Priya Patel, Got: Bhavna Dave
at pages.AddFurnitureLeadPage.validateLeadWithGeneratedData(AddFurnitureLeadPage.java:131)
at tests.AddFurnitureLeadTest.addLeadForBasicFurnitureLead(AddFurnitureLeadTest.java:101)
at java.base/jdk.internal.reflect.DirectMethodHandleAccessor.invoke(DirectMethodHandleAccessor.java:103)
at java.base/java.lang.reflect.Method.invoke(Method.java:580)
at org.testng.internal.invokers.MethodInvocationHelper.invokeMethod(MethodInvocationHelper.java:141)
at org.testng.internal.invokers.TestInvoker.invokeMethod(TestInvoker.java:687)
at org.testng.internal.invokers.TestInvoker.invokeTestMethod(TestInvoker.java:230)
at org.testng.internal.invokers.MethodRunner.runInSequence(MethodRunner.java:63)
at org.testng.internal.invokers.TestInvoker$MethodInvocationAgent.invoke(TestInvoker.java:995)
at org.testng.internal.invokers.TestInvoker.invokeTestMethods(TestInvoker.java:203)
at org.testng.internal.invokers.TestMethodWorker.invokeTestMethods(TestMethodWorker.java:154)
at org.testng.internal.invokers.TestMethodWorker.run(TestMethodWorker.java:134)
at java.base/java.util.ArrayList.forEach(ArrayList.java:1596)
at org.testng.TestRunner.privateRun(TestRunner.java:741)
at org.testng.TestRunner.run(TestRunner.java:616)
at org.testng.SuiteRunner.runTest(SuiteRunner.java:421)
at org.testng.SuiteRunner.runSequentially(SuiteRunner.java:413)
at org.testng.SuiteRunner.privateRun(SuiteRunner.java:373)
at org.testng.SuiteRunner.run(SuiteRunner.java:312)
at org.testng.SuiteRunnerWorker.runSuite(SuiteRunnerWorker.java:52)
at org.testng.SuiteRunnerWorker.run(SuiteRunnerWorker.java:95)
at org.testng.TestNG.runSuitesSequentially(TestNG.java:1274)
at org.testng.TestNG.runSuitesLocally(TestNG.java:1208)
at org.testng.TestNG.runSuites(TestNG.java:1112)
at org.testng.TestNG.run(TestNG.java:1079)
at org.testng.remote.AbstractRemoteTestNG.run(AbstractRemoteTestNG.java:115)
at org.testng.remote.RemoteTestNG.initAndRun(RemoteTestNG.java:293)
at org.testng.remote.RemoteTestNG.main(RemoteTestNG.java:91)
]]>
    </failure>
  </testcase> <!-- addLeadForBasicFurnitureLead -->
  <testcase classname="tests.AddFurnitureLeadTest" name="addLeadForBasicFurnitureLead" time="6.660"/>
  <testcase classname="tests.AddFurnitureLeadTest" name="addLeadForBasicFurnitureLead" time="6.672"/>
  <testcase classname="tests.AddFurnitureLeadTest" name="addLeadForBasicFurnitureLead" time="6.709"/>
  <testcase classname="tests.AddFurnitureLeadTest" name="addLeadForBasicFurnitureLead" time="6.715"/>
  <testcase classname="tests.AddFurnitureLeadTest" name="addLeadForBasicFurnitureLead" time="6.719"/>
  <testcase classname="tests.AddFurnitureLeadTest" name="addLeadForBasicFurnitureLead" time="6.689"/>
  <testcase classname="tests.AddFurnitureLeadTest" name="addLeadForBasicFurnitureLead" time="6.701"/>
  <testcase classname="tests.AddFurnitureLeadTest" name="addLeadForBasicFurnitureLead" time="6.710"/>
  <testcase classname="tests.AddFurnitureLeadTest" name="addLeadForBasicFurnitureLead" time="6.680"/>
  <testcase classname="tests.AddFurnitureLeadTest" name="addLeadForBasicFurnitureLead" time="6.649"/>
  <testcase classname="tests.AddFurnitureLeadTest" name="addLeadForBasicFurnitureLead" time="6.660"/>
  <testcase classname="tests.AddFurnitureLeadTest" name="addLeadForBasicFurnitureLead" time="6.672"/>
  <testcase classname="tests.AddFurnitureLeadTest" name="addLeadForBasicFurnitureLead" time="6.656"/>
  <testcase classname="tests.AddFurnitureLeadTest" name="addLeadForBasicFurnitureLead" time="6.717"/>
  <testcase classname="tests.AddFurnitureLeadTest" name="addLeadForBasicFurnitureLead" time="6.673"/>
  <testcase classname="tests.AddFurnitureLeadTest" name="addLeadForBasicFurnitureLead" time="6.668"/>
  <testcase classname="tests.AddFurnitureLeadTest" name="addLeadForBasicFurnitureLead" time="6.716"/>
  <testcase classname="tests.AddFurnitureLeadTest" name="addLeadForBasicFurnitureLead" time="6.702"/>
  <testcase classname="tests.AddFurnitureLeadTest" name="addLeadForBasicFurnitureLead" time="6.714"/>
  <testcase classname="tests.AddFurnitureLeadTest" name="addLeadForBasicFurnitureLead" time="6.719"/>
  <testcase classname="tests.AddFurnitureLeadTest" name="addLeadForBasicFurnitureLead" time="6.699"/>
  <testcase classname="tests.AddFurnitureLeadTest" name="addLeadForBasicFurnitureLead" time="6.701">
    <failure message="Project mismatch. Expected: Stanley - SLN, Got: Lofy Interior Solutions" type="java.lang.AssertionError">
      <![CDATA[java.lang.AssertionError: Project mismatch. Expected: Stanley - SLN, Got: Lofy Interior Solutions
at pages.AddFurnitureLeadPage.validateLeadWithGeneratedData(AddFurnitureLeadPage.java:173)
at tests.AddFurnitureLeadTest.addLeadForBasicFurnitureLead(AddFurnitureLeadTest.java:101)
at java.base/jdk.internal.reflect.DirectMethodHandleAccessor.invoke(DirectMethodHandleAccessor.java:103)
at java.base/java.lang.reflect.Method.invoke(Method.java:580)
at org.testng.internal.invokers.MethodInvocationHelper.invokeMethod(MethodInvocationHelper.java:141)
at org.testng.internal.invokers.TestInvoker.invokeMethod(TestInvoker.java:687)
at org.testng.internal.invokers.TestInvoker.invokeTestMethod(TestInvoker.java:230)
at org.testng.internal.invokers.MethodRunner.runInSequence(MethodRunner.java:63)
at org.testng.internal.invokers.TestInvoker$MethodInvocationAgent.invoke(TestInvoker.java:995)
at org.testng.internal.invokers.TestInvoker.invokeTestMethods(TestInvoker.java:203)
at org.testng.internal.invokers.TestMethodWorker.invokeTestMethods(TestMethodWorker.java:154)
at org.testng.internal.invokers.TestMethodWorker.run(TestMethodWorker.java:134)
at java.base/java.util.ArrayList.forEach(ArrayList.java:1596)
at org.testng.TestRunner.privateRun(TestRunner.java:741)
at org.testng.TestRunner.run(TestRunner.java:616)
at org.testng.SuiteRunner.runTest(SuiteRunner.java:421)
at org.testng.SuiteRunner.runSequentially(SuiteRunner.java:413)
at org.testng.SuiteRunner.privateRun(SuiteRunner.java:373)
at org.testng.SuiteRunner.run(SuiteRunner.java:312)
at org.testng.SuiteRunnerWorker.runSuite(SuiteRunnerWorker.java:52)
at org.testng.SuiteRunnerWorker.run(SuiteRunnerWorker.java:95)
at org.testng.TestNG.runSuitesSequentially(TestNG.java:1274)
at org.testng.TestNG.runSuitesLocally(TestNG.java:1208)
at org.testng.TestNG.runSuites(TestNG.java:1112)
at org.testng.TestNG.run(TestNG.java:1079)
at org.testng.remote.AbstractRemoteTestNG.run(AbstractRemoteTestNG.java:115)
at org.testng.remote.RemoteTestNG.initAndRun(RemoteTestNG.java:293)
at org.testng.remote.RemoteTestNG.main(RemoteTestNG.java:91)
]]>
    </failure>
  </testcase> <!-- addLeadForBasicFurnitureLead -->
  <testcase classname="tests.AddFurnitureLeadTest" name="addLeadForBasicFurnitureLead" time="6.656"/>
  <testcase classname="tests.AddFurnitureLeadTest" name="addLeadForBasicFurnitureLead" time="6.703"/>
  <testcase classname="tests.AddFurnitureLeadTest" name="addLeadForBasicFurnitureLead" time="6.693"/>
  <testcase classname="tests.AddFurnitureLeadTest" name="addLeadForBasicFurnitureLead" time="6.667"/>
  <testcase classname="tests.AddFurnitureLeadTest" name="addLeadForBasicFurnitureLead" time="6.673"/>
  <testcase classname="tests.AddFurnitureLeadTest" name="addLeadForBasicFurnitureLead" time="6.667"/>
  <testcase classname="tests.AddFurnitureLeadTest" name="addLeadForBasicFurnitureLead" time="6.679"/>
  <testcase classname="tests.AddFurnitureLeadTest" name="addLeadForBasicFurnitureLead" time="6.656"/>
  <testcase classname="tests.AddFurnitureLeadTest" name="addLeadForBasicFurnitureLead" time="6.626"/>
  <testcase classname="tests.AddFurnitureLeadTest" name="addLeadForBasicFurnitureLead" time="6.681"/>
  <testcase classname="tests.AddFurnitureLeadTest" name="addLeadForBasicFurnitureLead" time="6.705"/>
  <testcase classname="tests.AddFurnitureLeadTest" name="addLeadForBasicFurnitureLead" time="6.676"/>
  <testcase classname="tests.AddFurnitureLeadTest" name="addLeadForBasicFurnitureLead" time="6.693"/>
  <testcase classname="tests.AddFurnitureLeadTest" name="addLeadForBasicFurnitureLead" time="6.696"/>
  <testcase classname="tests.AddFurnitureLeadTest" name="addLeadForBasicFurnitureLead" time="6.686"/>
  <testcase classname="tests.AddFurnitureLeadTest" name="addLeadForBasicFurnitureLead" time="6.669"/>
  <testcase classname="tests.AddFurnitureLeadTest" name="addLeadForBasicFurnitureLead" time="6.735"/>
  <testcase classname="tests.AddFurnitureLeadTest" name="addLeadForBasicFurnitureLead" time="6.617"/>
  <testcase classname="tests.AddFurnitureLeadTest" name="addLeadForBasicFurnitureLead" time="6.651"/>
  <testcase classname="tests.AddFurnitureLeadTest" name="addLeadForBasicFurnitureLead" time="6.677"/>
  <testcase classname="tests.AddFurnitureLeadTest" name="addLeadForBasicFurnitureLead" time="6.754"/>
  <testcase classname="tests.AddFurnitureLeadTest" name="addLeadForBasicFurnitureLead" time="6.733"/>
  <testcase classname="tests.AddFurnitureLeadTest" name="addLeadForBasicFurnitureLead" time="6.719"/>
  <testcase classname="tests.AddFurnitureLeadTest" name="addLeadForBasicFurnitureLead" time="6.685"/>
  <testcase classname="tests.AddFurnitureLeadTest" name="addLeadForBasicFurnitureLead" time="6.672"/>
  <testcase classname="tests.AddFurnitureLeadTest" name="addLeadForBasicFurnitureLead" time="6.685"/>
  <testcase classname="tests.AddFurnitureLeadTest" name="addLeadForBasicFurnitureLead" time="6.682"/>
  <testcase classname="tests.AddFurnitureLeadTest" name="addLeadForBasicFurnitureLead" time="6.727"/>
  <testcase classname="tests.AddFurnitureLeadTest" name="addLeadForBasicFurnitureLead" time="6.676"/>
  <testcase classname="tests.AddFurnitureLeadTest" name="addLeadForBasicFurnitureLead" time="6.676"/>
  <testcase classname="tests.AddFurnitureLeadTest" name="addLeadForBasicFurnitureLead" time="6.727">
    <failure message="Project mismatch. Expected: Godrej, Got: Stanley - SBC" type="java.lang.AssertionError">
      <![CDATA[java.lang.AssertionError: Project mismatch. Expected: Godrej, Got: Stanley - SBC
at pages.AddFurnitureLeadPage.validateLeadWithGeneratedData(AddFurnitureLeadPage.java:173)
at tests.AddFurnitureLeadTest.addLeadForBasicFurnitureLead(AddFurnitureLeadTest.java:101)
at java.base/jdk.internal.reflect.DirectMethodHandleAccessor.invoke(DirectMethodHandleAccessor.java:103)
at java.base/java.lang.reflect.Method.invoke(Method.java:580)
at org.testng.internal.invokers.MethodInvocationHelper.invokeMethod(MethodInvocationHelper.java:141)
at org.testng.internal.invokers.TestInvoker.invokeMethod(TestInvoker.java:687)
at org.testng.internal.invokers.TestInvoker.invokeTestMethod(TestInvoker.java:230)
at org.testng.internal.invokers.MethodRunner.runInSequence(MethodRunner.java:63)
at org.testng.internal.invokers.TestInvoker$MethodInvocationAgent.invoke(TestInvoker.java:995)
at org.testng.internal.invokers.TestInvoker.invokeTestMethods(TestInvoker.java:203)
at org.testng.internal.invokers.TestMethodWorker.invokeTestMethods(TestMethodWorker.java:154)
at org.testng.internal.invokers.TestMethodWorker.run(TestMethodWorker.java:134)
at java.base/java.util.ArrayList.forEach(ArrayList.java:1596)
at org.testng.TestRunner.privateRun(TestRunner.java:741)
at org.testng.TestRunner.run(TestRunner.java:616)
at org.testng.SuiteRunner.runTest(SuiteRunner.java:421)
at org.testng.SuiteRunner.runSequentially(SuiteRunner.java:413)
at org.testng.SuiteRunner.privateRun(SuiteRunner.java:373)
at org.testng.SuiteRunner.run(SuiteRunner.java:312)
at org.testng.SuiteRunnerWorker.runSuite(SuiteRunnerWorker.java:52)
at org.testng.SuiteRunnerWorker.run(SuiteRunnerWorker.java:95)
at org.testng.TestNG.runSuitesSequentially(TestNG.java:1274)
at org.testng.TestNG.runSuitesLocally(TestNG.java:1208)
at org.testng.TestNG.runSuites(TestNG.java:1112)
at org.testng.TestNG.run(TestNG.java:1079)
at org.testng.remote.AbstractRemoteTestNG.run(AbstractRemoteTestNG.java:115)
at org.testng.remote.RemoteTestNG.initAndRun(RemoteTestNG.java:293)
at org.testng.remote.RemoteTestNG.main(RemoteTestNG.java:91)
]]>
    </failure>
  </testcase> <!-- addLeadForBasicFurnitureLead -->
  <testcase classname="tests.AddFurnitureLeadTest" name="addLeadForBasicFurnitureLead" time="6.665"/>
  <testcase classname="tests.AddFurnitureLeadTest" name="addLeadForBasicFurnitureLead" time="6.661"/>
  <testcase classname="tests.AddFurnitureLeadTest" name="addLeadForBasicFurnitureLead" time="6.635"/>
  <testcase classname="tests.AddFurnitureLeadTest" name="addLeadForBasicFurnitureLead" time="6.673"/>
  <testcase classname="tests.AddFurnitureLeadTest" name="addLeadForBasicFurnitureLead" time="6.692"/>
  <testcase classname="tests.AddFurnitureLeadTest" name="addLeadForBasicFurnitureLead" time="6.676"/>
  <testcase classname="tests.AddFurnitureLeadTest" name="addLeadForBasicFurnitureLead" time="6.705"/>
  <testcase classname="tests.AddFurnitureLeadTest" name="addLeadForBasicFurnitureLead" time="6.690"/>
  <testcase classname="tests.AddFurnitureLeadTest" name="addLeadForBasicFurnitureLead" time="6.734"/>
  <testcase classname="tests.AddFurnitureLeadTest" name="addLeadForBasicFurnitureLead" time="6.640"/>
  <testcase classname="tests.AddFurnitureLeadTest" name="addLeadForBasicFurnitureLead" time="6.693"/>
  <testcase classname="tests.AddFurnitureLeadTest" name="addLeadForBasicFurnitureLead" time="6.685"/>
  <testcase classname="tests.AddFurnitureLeadTest" name="addLeadForBasicFurnitureLead" time="6.762"/>
  <testcase classname="tests.AddFurnitureLeadTest" name="addLeadForBasicFurnitureLead" time="6.762"/>
  <testcase classname="tests.AddFurnitureLeadTest" name="addLeadForBasicFurnitureLead" time="6.719"/>
  <testcase classname="tests.AddFurnitureLeadTest" name="addLeadForBasicFurnitureLead" time="6.649"/>
  <testcase classname="tests.AddFurnitureLeadTest" name="addLeadForBasicFurnitureLead" time="6.615"/>
  <testcase classname="tests.AddFurnitureLeadTest" name="addLeadForBasicFurnitureLead" time="6.684"/>
  <testcase classname="tests.AddFurnitureLeadTest" name="addLeadForBasicFurnitureLead" time="6.677"/>
  <testcase classname="tests.AddFurnitureLeadTest" name="addLeadForBasicFurnitureLead" time="6.684"/>
  <testcase classname="tests.AddFurnitureLeadTest" name="addLeadForBasicFurnitureLead" time="6.674"/>
  <testcase classname="tests.AddFurnitureLeadTest" name="addLeadForBasicFurnitureLead" time="6.705"/>
  <testcase classname="tests.AddFurnitureLeadTest" name="addLeadForBasicFurnitureLead" time="6.644"/>
  <testcase classname="tests.AddFurnitureLeadTest" name="addLeadForBasicFurnitureLead" time="6.625"/>
  <testcase classname="tests.AddFurnitureLeadTest" name="addLeadForBasicFurnitureLead" time="6.646"/>
  <testcase classname="tests.AddFurnitureLeadTest" name="addLeadForBasicFurnitureLead" time="6.675"/>
  <testcase classname="tests.AddFurnitureLeadTest" name="addLeadForBasicFurnitureLead" time="6.702"/>
  <testcase classname="tests.AddFurnitureLeadTest" name="addLeadForBasicFurnitureLead" time="6.614"/>
  <testcase classname="tests.AddFurnitureLeadTest" name="addLeadForBasicFurnitureLead" time="6.703"/>
  <testcase classname="tests.AddFurnitureLeadTest" name="addLeadForBasicFurnitureLead" time="6.597"/>
  <testcase classname="tests.AddFurnitureLeadTest" name="addLeadForBasicFurnitureLead" time="6.696"/>
  <testcase classname="tests.AddFurnitureLeadTest" name="addLeadForBasicFurnitureLead" time="6.706"/>
  <testcase classname="tests.AddFurnitureLeadTest" name="addLeadForBasicFurnitureLead" time="6.703"/>
  <testcase classname="tests.AddFurnitureLeadTest" name="addLeadForBasicFurnitureLead" time="6.676"/>
  <testcase classname="tests.AddFurnitureLeadTest" name="addLeadForBasicFurnitureLead" time="6.711"/>
  <testcase classname="tests.AddFurnitureLeadTest" name="addLeadForBasicFurnitureLead" time="6.697"/>
  <testcase classname="tests.AddFurnitureLeadTest" name="addLeadForBasicFurnitureLead" time="6.630"/>
  <testcase classname="tests.AddFurnitureLeadTest" name="addLeadForBasicFurnitureLead" time="6.676"/>
  <testcase classname="tests.AddFurnitureLeadTest" name="addLeadForBasicFurnitureLead" time="6.757"/>
  <testcase classname="tests.AddFurnitureLeadTest" name="addLeadForBasicFurnitureLead" time="6.665"/>
  <testcase classname="tests.AddFurnitureLeadTest" name="addLeadForBasicFurnitureLead" time="6.641"/>
  <testcase classname="tests.AddFurnitureLeadTest" name="addLeadForBasicFurnitureLead" time="6.703"/>
  <testcase classname="tests.AddFurnitureLeadTest" name="addLeadForBasicFurnitureLead" time="6.638"/>
  <testcase classname="tests.AddFurnitureLeadTest" name="addLeadForBasicFurnitureLead" time="6.704"/>
  <testcase classname="tests.AddFurnitureLeadTest" name="addLeadForBasicFurnitureLead" time="6.702"/>
  <testcase classname="tests.AddFurnitureLeadTest" name="addLeadForBasicFurnitureLead" time="6.657"/>
  <testcase classname="tests.AddFurnitureLeadTest" name="addLeadForBasicFurnitureLead" time="6.684"/>
  <testcase classname="tests.AddFurnitureLeadTest" name="addLeadForBasicFurnitureLead" time="6.668"/>
  <testcase classname="tests.AddFurnitureLeadTest" name="addLeadForBasicFurnitureLead" time="6.676"/>
  <testcase classname="tests.AddFurnitureLeadTest" name="addLeadForBasicFurnitureLead" time="6.674"/>
  <testcase classname="tests.AddFurnitureLeadTest" name="addLeadForBasicFurnitureLead" time="6.692"/>
  <testcase classname="tests.AddFurnitureLeadTest" name="addLeadForBasicFurnitureLead" time="6.727"/>
  <testcase classname="tests.AddFurnitureLeadTest" name="addLeadForBasicFurnitureLead" time="6.679"/>
  <testcase classname="tests.AddFurnitureLeadTest" name="addLeadForBasicFurnitureLead" time="6.711"/>
  <testcase classname="tests.AddFurnitureLeadTest" name="addLeadForBasicFurnitureLead" time="6.768"/>
  <testcase classname="tests.AddFurnitureLeadTest" name="addLeadForBasicFurnitureLead" time="6.703"/>
  <testcase classname="tests.AddFurnitureLeadTest" name="addLeadForBasicFurnitureLead" time="6.729"/>
  <testcase classname="tests.AddFurnitureLeadTest" name="addLeadForBasicFurnitureLead" time="6.706"/>
  <testcase classname="tests.AddFurnitureLeadTest" name="addLeadForBasicFurnitureLead" time="6.713"/>
  <testcase classname="tests.AddFurnitureLeadTest" name="addLeadForBasicFurnitureLead" time="6.683"/>
  <testcase classname="tests.AddFurnitureLeadTest" name="addLeadForBasicFurnitureLead" time="6.647"/>
  <testcase classname="tests.AddFurnitureLeadTest" name="addLeadForBasicFurnitureLead" time="6.679"/>
  <testcase classname="tests.AddFurnitureLeadTest" name="addLeadForBasicFurnitureLead" time="6.736"/>
  <testcase classname="tests.AddFurnitureLeadTest" name="addLeadForBasicFurnitureLead" time="6.694"/>
  <testcase classname="tests.AddFurnitureLeadTest" name="addLeadForBasicFurnitureLead" time="6.701"/>
  <testcase classname="tests.AddFurnitureLeadTest" name="addLeadForBasicFurnitureLead" time="6.665"/>
  <testcase classname="tests.AddFurnitureLeadTest" name="addLeadForBasicFurnitureLead" time="6.696"/>
  <testcase classname="tests.AddFurnitureLeadTest" name="addLeadForBasicFurnitureLead" time="6.716"/>
  <testcase classname="tests.AddFurnitureLeadTest" name="addLeadForBasicFurnitureLead" time="6.713"/>
  <testcase classname="tests.AddFurnitureLeadTest" name="addLeadForBasicFurnitureLead" time="6.703"/>
  <testcase classname="tests.AddFurnitureLeadTest" name="addLeadForBasicFurnitureLead" time="6.650"/>
  <testcase classname="tests.AddFurnitureLeadTest" name="addLeadForBasicFurnitureLead" time="6.731"/>
  <testcase classname="tests.AddFurnitureLeadTest" name="addLeadForBasicFurnitureLead" time="6.713"/>
  <testcase classname="tests.AddFurnitureLeadTest" name="addLeadForBasicFurnitureLead" time="6.686"/>
  <testcase classname="tests.AddFurnitureLeadTest" name="addLeadForBasicFurnitureLead" time="6.674"/>
  <testcase classname="tests.AddFurnitureLeadTest" name="addLeadForBasicFurnitureLead" time="6.624"/>
  <testcase classname="tests.AddFurnitureLeadTest" name="addLeadForBasicFurnitureLead" time="6.628"/>
  <testcase classname="tests.AddFurnitureLeadTest" name="addLeadForBasicFurnitureLead" time="6.736"/>
  <testcase classname="tests.AddFurnitureLeadTest" name="addLeadForBasicFurnitureLead" time="6.639"/>
  <testcase classname="tests.AddFurnitureLeadTest" name="addLeadForBasicFurnitureLead" time="6.658"/>
  <testcase classname="tests.AddFurnitureLeadTest" name="addLeadForBasicFurnitureLead" time="6.723"/>
  <testcase classname="tests.AddFurnitureLeadTest" name="addLeadForBasicFurnitureLead" time="6.631"/>
  <testcase classname="tests.AddFurnitureLeadTest" name="addLeadForBasicFurnitureLead" time="6.658"/>
  <testcase classname="tests.AddFurnitureLeadTest" name="addLeadForBasicFurnitureLead" time="6.766"/>
  <testcase classname="tests.AddFurnitureLeadTest" name="addLeadForBasicFurnitureLead" time="6.597"/>
  <testcase classname="tests.AddFurnitureLeadTest" name="addLeadForBasicFurnitureLead" time="6.701"/>
  <testcase classname="tests.AddFurnitureLeadTest" name="addLeadForBasicFurnitureLead" time="6.686"/>
  <testcase classname="tests.AddFurnitureLeadTest" name="addLeadForBasicFurnitureLead" time="6.699"/>
  <testcase classname="tests.AddFurnitureLeadTest" name="addLeadForBasicFurnitureLead" time="6.690"/>
  <testcase classname="tests.AddFurnitureLeadTest" name="addLeadForBasicFurnitureLead" time="6.660"/>
  <testcase classname="tests.AddFurnitureLeadTest" name="addLeadForBasicFurnitureLead" time="6.684"/>
  <testcase classname="tests.AddFurnitureLeadTest" name="addLeadForBasicFurnitureLead" time="6.661"/>
  <testcase classname="tests.AddFurnitureLeadTest" name="addLeadForBasicFurnitureLead" time="6.703">
    <failure message="Project mismatch. Expected: Stanley - SLN, Got: Lofy Interior Solutions" type="java.lang.AssertionError">
      <![CDATA[java.lang.AssertionError: Project mismatch. Expected: Stanley - SLN, Got: Lofy Interior Solutions
at pages.AddFurnitureLeadPage.validateLeadWithGeneratedData(AddFurnitureLeadPage.java:173)
at tests.AddFurnitureLeadTest.addLeadForBasicFurnitureLead(AddFurnitureLeadTest.java:101)
at java.base/jdk.internal.reflect.DirectMethodHandleAccessor.invoke(DirectMethodHandleAccessor.java:103)
at java.base/java.lang.reflect.Method.invoke(Method.java:580)
at org.testng.internal.invokers.MethodInvocationHelper.invokeMethod(MethodInvocationHelper.java:141)
at org.testng.internal.invokers.TestInvoker.invokeMethod(TestInvoker.java:687)
at org.testng.internal.invokers.TestInvoker.invokeTestMethod(TestInvoker.java:230)
at org.testng.internal.invokers.MethodRunner.runInSequence(MethodRunner.java:63)
at org.testng.internal.invokers.TestInvoker$MethodInvocationAgent.invoke(TestInvoker.java:995)
at org.testng.internal.invokers.TestInvoker.invokeTestMethods(TestInvoker.java:203)
at org.testng.internal.invokers.TestMethodWorker.invokeTestMethods(TestMethodWorker.java:154)
at org.testng.internal.invokers.TestMethodWorker.run(TestMethodWorker.java:134)
at java.base/java.util.ArrayList.forEach(ArrayList.java:1596)
at org.testng.TestRunner.privateRun(TestRunner.java:741)
at org.testng.TestRunner.run(TestRunner.java:616)
at org.testng.SuiteRunner.runTest(SuiteRunner.java:421)
at org.testng.SuiteRunner.runSequentially(SuiteRunner.java:413)
at org.testng.SuiteRunner.privateRun(SuiteRunner.java:373)
at org.testng.SuiteRunner.run(SuiteRunner.java:312)
at org.testng.SuiteRunnerWorker.runSuite(SuiteRunnerWorker.java:52)
at org.testng.SuiteRunnerWorker.run(SuiteRunnerWorker.java:95)
at org.testng.TestNG.runSuitesSequentially(TestNG.java:1274)
at org.testng.TestNG.runSuitesLocally(TestNG.java:1208)
at org.testng.TestNG.runSuites(TestNG.java:1112)
at org.testng.TestNG.run(TestNG.java:1079)
at org.testng.remote.AbstractRemoteTestNG.run(AbstractRemoteTestNG.java:115)
at org.testng.remote.RemoteTestNG.initAndRun(RemoteTestNG.java:293)
at org.testng.remote.RemoteTestNG.main(RemoteTestNG.java:91)
]]>
    </failure>
  </testcase> <!-- addLeadForBasicFurnitureLead -->
  <testcase classname="tests.AddFurnitureLeadTest" name="addLeadForBasicFurnitureLead" time="6.743"/>
  <testcase classname="tests.AddFurnitureLeadTest" name="addLeadForBasicFurnitureLead" time="6.688"/>
  <testcase classname="tests.AddFurnitureLeadTest" name="addLeadForBasicFurnitureLead" time="6.675"/>
  <testcase classname="tests.AddFurnitureLeadTest" name="addLeadForBasicFurnitureLead" time="6.692"/>
  <testcase classname="tests.AddFurnitureLeadTest" name="addLeadForBasicFurnitureLead" time="6.686"/>
  <testcase classname="tests.AddFurnitureLeadTest" name="addLeadForBasicFurnitureLead" time="6.676"/>
  <testcase classname="tests.AddFurnitureLeadTest" name="addLeadForBasicFurnitureLead" time="6.704">
    <failure message="Project mismatch. Expected: Haworth, Got: Lofy Home Store" type="java.lang.AssertionError">
      <![CDATA[java.lang.AssertionError: Project mismatch. Expected: Haworth, Got: Lofy Home Store
at pages.AddFurnitureLeadPage.validateLeadWithGeneratedData(AddFurnitureLeadPage.java:173)
at tests.AddFurnitureLeadTest.addLeadForBasicFurnitureLead(AddFurnitureLeadTest.java:101)
at java.base/jdk.internal.reflect.DirectMethodHandleAccessor.invoke(DirectMethodHandleAccessor.java:103)
at java.base/java.lang.reflect.Method.invoke(Method.java:580)
at org.testng.internal.invokers.MethodInvocationHelper.invokeMethod(MethodInvocationHelper.java:141)
at org.testng.internal.invokers.TestInvoker.invokeMethod(TestInvoker.java:687)
at org.testng.internal.invokers.TestInvoker.invokeTestMethod(TestInvoker.java:230)
at org.testng.internal.invokers.MethodRunner.runInSequence(MethodRunner.java:63)
at org.testng.internal.invokers.TestInvoker$MethodInvocationAgent.invoke(TestInvoker.java:995)
at org.testng.internal.invokers.TestInvoker.invokeTestMethods(TestInvoker.java:203)
at org.testng.internal.invokers.TestMethodWorker.invokeTestMethods(TestMethodWorker.java:154)
at org.testng.internal.invokers.TestMethodWorker.run(TestMethodWorker.java:134)
at java.base/java.util.ArrayList.forEach(ArrayList.java:1596)
at org.testng.TestRunner.privateRun(TestRunner.java:741)
at org.testng.TestRunner.run(TestRunner.java:616)
at org.testng.SuiteRunner.runTest(SuiteRunner.java:421)
at org.testng.SuiteRunner.runSequentially(SuiteRunner.java:413)
at org.testng.SuiteRunner.privateRun(SuiteRunner.java:373)
at org.testng.SuiteRunner.run(SuiteRunner.java:312)
at org.testng.SuiteRunnerWorker.runSuite(SuiteRunnerWorker.java:52)
at org.testng.SuiteRunnerWorker.run(SuiteRunnerWorker.java:95)
at org.testng.TestNG.runSuitesSequentially(TestNG.java:1274)
at org.testng.TestNG.runSuitesLocally(TestNG.java:1208)
at org.testng.TestNG.runSuites(TestNG.java:1112)
at org.testng.TestNG.run(TestNG.java:1079)
at org.testng.remote.AbstractRemoteTestNG.run(AbstractRemoteTestNG.java:115)
at org.testng.remote.RemoteTestNG.initAndRun(RemoteTestNG.java:293)
at org.testng.remote.RemoteTestNG.main(RemoteTestNG.java:91)
]]>
    </failure>
  </testcase> <!-- addLeadForBasicFurnitureLead -->
  <testcase classname="tests.AddFurnitureLeadTest" name="addLeadForBasicFurnitureLead" time="6.694"/>
  <testcase classname="tests.AddFurnitureLeadTest" name="addLeadForBasicFurnitureLead" time="6.701"/>
  <testcase classname="tests.AddFurnitureLeadTest" name="addLeadForBasicFurnitureLead" time="6.648"/>
  <testcase classname="tests.AddFurnitureLeadTest" name="addLeadForBasicFurnitureLead" time="6.771"/>
  <testcase classname="tests.AddFurnitureLeadTest" name="addLeadForBasicFurnitureLead" time="6.638"/>
  <testcase classname="tests.AddFurnitureLeadTest" name="addLeadForBasicFurnitureLead" time="6.729"/>
  <testcase classname="tests.AddFurnitureLeadTest" name="addLeadForBasicFurnitureLead" time="6.745"/>
  <testcase classname="tests.AddFurnitureLeadTest" name="addLeadForBasicFurnitureLead" time="6.706">
    <failure message="Project mismatch. Expected: Stanley - SBC, Got: Stanley - SLN" type="java.lang.AssertionError">
      <![CDATA[java.lang.AssertionError: Project mismatch. Expected: Stanley - SBC, Got: Stanley - SLN
at pages.AddFurnitureLeadPage.validateLeadWithGeneratedData(AddFurnitureLeadPage.java:173)
at tests.AddFurnitureLeadTest.addLeadForBasicFurnitureLead(AddFurnitureLeadTest.java:101)
at java.base/jdk.internal.reflect.DirectMethodHandleAccessor.invoke(DirectMethodHandleAccessor.java:103)
at java.base/java.lang.reflect.Method.invoke(Method.java:580)
at org.testng.internal.invokers.MethodInvocationHelper.invokeMethod(MethodInvocationHelper.java:141)
at org.testng.internal.invokers.TestInvoker.invokeMethod(TestInvoker.java:687)
at org.testng.internal.invokers.TestInvoker.invokeTestMethod(TestInvoker.java:230)
at org.testng.internal.invokers.MethodRunner.runInSequence(MethodRunner.java:63)
at org.testng.internal.invokers.TestInvoker$MethodInvocationAgent.invoke(TestInvoker.java:995)
at org.testng.internal.invokers.TestInvoker.invokeTestMethods(TestInvoker.java:203)
at org.testng.internal.invokers.TestMethodWorker.invokeTestMethods(TestMethodWorker.java:154)
at org.testng.internal.invokers.TestMethodWorker.run(TestMethodWorker.java:134)
at java.base/java.util.ArrayList.forEach(ArrayList.java:1596)
at org.testng.TestRunner.privateRun(TestRunner.java:741)
at org.testng.TestRunner.run(TestRunner.java:616)
at org.testng.SuiteRunner.runTest(SuiteRunner.java:421)
at org.testng.SuiteRunner.runSequentially(SuiteRunner.java:413)
at org.testng.SuiteRunner.privateRun(SuiteRunner.java:373)
at org.testng.SuiteRunner.run(SuiteRunner.java:312)
at org.testng.SuiteRunnerWorker.runSuite(SuiteRunnerWorker.java:52)
at org.testng.SuiteRunnerWorker.run(SuiteRunnerWorker.java:95)
at org.testng.TestNG.runSuitesSequentially(TestNG.java:1274)
at org.testng.TestNG.runSuitesLocally(TestNG.java:1208)
at org.testng.TestNG.runSuites(TestNG.java:1112)
at org.testng.TestNG.run(TestNG.java:1079)
at org.testng.remote.AbstractRemoteTestNG.run(AbstractRemoteTestNG.java:115)
at org.testng.remote.RemoteTestNG.initAndRun(RemoteTestNG.java:293)
at org.testng.remote.RemoteTestNG.main(RemoteTestNG.java:91)
]]>
    </failure>
  </testcase> <!-- addLeadForBasicFurnitureLead -->
  <testcase classname="tests.AddFurnitureLeadTest" name="addLeadForBasicFurnitureLead" time="6.678"/>
  <testcase classname="tests.AddFurnitureLeadTest" name="addLeadForBasicFurnitureLead" time="6.710"/>
  <testcase classname="tests.AddFurnitureLeadTest" name="addLeadForBasicFurnitureLead" time="6.651"/>
  <testcase classname="tests.AddFurnitureLeadTest" name="addLeadForBasicFurnitureLead" time="6.683"/>
  <testcase classname="tests.AddFurnitureLeadTest" name="addLeadForBasicFurnitureLead" time="6.684"/>
  <testcase classname="tests.AddFurnitureLeadTest" name="addLeadForBasicFurnitureLead" time="6.683"/>
  <testcase classname="tests.AddFurnitureLeadTest" name="addLeadForBasicFurnitureLead" time="6.642"/>
  <testcase classname="tests.AddFurnitureLeadTest" name="addLeadForBasicFurnitureLead" time="6.681"/>
  <testcase classname="tests.AddFurnitureLeadTest" name="addLeadForBasicFurnitureLead" time="6.710"/>
  <testcase classname="tests.AddFurnitureLeadTest" name="addLeadForBasicFurnitureLead" time="6.669"/>
  <testcase classname="tests.AddFurnitureLeadTest" name="addLeadForBasicFurnitureLead" time="6.678"/>
  <testcase classname="tests.AddFurnitureLeadTest" name="addLeadForBasicFurnitureLead" time="6.623"/>
  <testcase classname="tests.AddFurnitureLeadTest" name="addLeadForBasicFurnitureLead" time="6.685"/>
  <testcase classname="tests.AddFurnitureLeadTest" name="addLeadForBasicFurnitureLead" time="6.665"/>
  <testcase classname="tests.AddFurnitureLeadTest" name="addLeadForBasicFurnitureLead" time="6.691"/>
  <testcase classname="tests.AddFurnitureLeadTest" name="addLeadForBasicFurnitureLead" time="6.717"/>
  <testcase classname="tests.AddFurnitureLeadTest" name="addLeadForBasicFurnitureLead" time="6.695"/>
  <testcase classname="tests.AddFurnitureLeadTest" name="addLeadForBasicFurnitureLead" time="6.674"/>
  <testcase classname="tests.AddFurnitureLeadTest" name="addLeadForBasicFurnitureLead" time="6.682"/>
  <testcase classname="tests.AddFurnitureLeadTest" name="addLeadForBasicFurnitureLead" time="6.688"/>
  <testcase classname="tests.AddFurnitureLeadTest" name="addLeadForBasicFurnitureLead" time="6.651"/>
  <testcase classname="tests.AddFurnitureLeadTest" name="addLeadForBasicFurnitureLead" time="6.720"/>
  <testcase classname="tests.AddFurnitureLeadTest" name="addLeadForBasicFurnitureLead" time="6.649"/>
  <testcase classname="tests.AddFurnitureLeadTest" name="addLeadForBasicFurnitureLead" time="6.703"/>
  <testcase classname="tests.AddFurnitureLeadTest" name="addLeadForBasicFurnitureLead" time="6.702"/>
  <testcase classname="tests.AddFurnitureLeadTest" name="addLeadForBasicFurnitureLead" time="6.690"/>
  <testcase classname="tests.AddFurnitureLeadTest" name="addLeadForBasicFurnitureLead" time="6.697"/>
  <testcase classname="tests.AddFurnitureLeadTest" name="addLeadForBasicFurnitureLead" time="6.676"/>
  <testcase classname="tests.AddFurnitureLeadTest" name="addLeadForBasicFurnitureLead" time="7.599"/>
  <testcase classname="tests.AddFurnitureLeadTest" name="addLeadForBasicFurnitureLead" time="6.617"/>
  <testcase classname="tests.AddFurnitureLeadTest" name="addLeadForBasicFurnitureLead" time="6.677"/>
  <testcase classname="tests.AddFurnitureLeadTest" name="addLeadForBasicFurnitureLead" time="6.685"/>
  <testcase classname="tests.AddFurnitureLeadTest" name="addLeadForBasicFurnitureLead" time="6.697"/>
  <testcase classname="tests.AddFurnitureLeadTest" name="addLeadForBasicFurnitureLead" time="6.722"/>
  <testcase classname="tests.AddFurnitureLeadTest" name="addLeadForBasicFurnitureLead" time="6.677"/>
  <testcase classname="tests.AddFurnitureLeadTest" name="addLeadForBasicFurnitureLead" time="6.740"/>
  <testcase classname="tests.AddFurnitureLeadTest" name="addLeadForBasicFurnitureLead" time="6.681"/>
  <testcase classname="tests.AddFurnitureLeadTest" name="addLeadForBasicFurnitureLead" time="6.692"/>
  <testcase classname="tests.AddFurnitureLeadTest" name="addLeadForBasicFurnitureLead" time="6.762"/>
  <testcase classname="tests.AddFurnitureLeadTest" name="addLeadForBasicFurnitureLead" time="6.717"/>
  <testcase classname="tests.AddFurnitureLeadTest" name="addLeadForBasicFurnitureLead" time="6.646"/>
  <testcase classname="tests.AddFurnitureLeadTest" name="addLeadForBasicFurnitureLead" time="6.711"/>
  <testcase classname="tests.AddFurnitureLeadTest" name="addLeadForBasicFurnitureLead" time="6.719"/>
  <testcase classname="tests.AddFurnitureLeadTest" name="addLeadForBasicFurnitureLead" time="6.693"/>
  <testcase classname="tests.AddFurnitureLeadTest" name="addLeadForBasicFurnitureLead" time="6.696"/>
  <testcase classname="tests.AddFurnitureLeadTest" name="addLeadForBasicFurnitureLead" time="6.662"/>
  <testcase classname="tests.AddFurnitureLeadTest" name="addLeadForBasicFurnitureLead" time="6.705"/>
  <testcase classname="tests.AddFurnitureLeadTest" name="addLeadForBasicFurnitureLead" time="6.680"/>
  <testcase classname="tests.AddFurnitureLeadTest" name="addLeadForBasicFurnitureLead" time="6.692"/>
  <testcase classname="tests.AddFurnitureLeadTest" name="addLeadForBasicFurnitureLead" time="6.716"/>
  <testcase classname="tests.AddFurnitureLeadTest" name="addLeadForBasicFurnitureLead" time="6.682"/>
  <testcase classname="tests.AddFurnitureLeadTest" name="addLeadForBasicFurnitureLead" time="6.636"/>
  <testcase classname="tests.AddFurnitureLeadTest" name="addLeadForBasicFurnitureLead" time="6.633"/>
  <testcase classname="tests.AddFurnitureLeadTest" name="addLeadForBasicFurnitureLead" time="6.713"/>
  <testcase classname="tests.AddFurnitureLeadTest" name="addLeadForBasicFurnitureLead" time="6.735"/>
  <testcase classname="tests.AddFurnitureLeadTest" name="addLeadForBasicFurnitureLead" time="6.636"/>
  <testcase classname="tests.AddFurnitureLeadTest" name="addLeadForBasicFurnitureLead" time="6.820"/>
  <testcase classname="tests.AddFurnitureLeadTest" name="addLeadForBasicFurnitureLead" time="6.728"/>
  <testcase classname="tests.AddFurnitureLeadTest" name="addLeadForBasicFurnitureLead" time="6.684"/>
  <testcase classname="tests.AddFurnitureLeadTest" name="addLeadForBasicFurnitureLead" time="6.675"/>
  <testcase classname="tests.AddFurnitureLeadTest" name="addLeadForBasicFurnitureLead" time="6.690"/>
  <testcase classname="tests.AddFurnitureLeadTest" name="addLeadForBasicFurnitureLead" time="6.648"/>
  <testcase classname="tests.AddFurnitureLeadTest" name="addLeadForBasicFurnitureLead" time="6.641"/>
  <testcase classname="tests.AddFurnitureLeadTest" name="addLeadForBasicFurnitureLead" time="6.634"/>
  <testcase classname="tests.AddFurnitureLeadTest" name="addLeadForBasicFurnitureLead" time="6.643"/>
  <testcase classname="tests.AddFurnitureLeadTest" name="addLeadForBasicFurnitureLead" time="6.666"/>
  <testcase classname="tests.AddFurnitureLeadTest" name="addLeadForBasicFurnitureLead" time="5.594">
    <failure message="Full name mismatch. Expected: Hetal Modi, Got: Anjali Chaudhary" type="java.lang.AssertionError">
      <![CDATA[java.lang.AssertionError: Full name mismatch. Expected: Hetal Modi, Got: Anjali Chaudhary
at pages.AddFurnitureLeadPage.validateLeadWithGeneratedData(AddFurnitureLeadPage.java:131)
at tests.AddFurnitureLeadTest.addLeadForBasicFurnitureLead(AddFurnitureLeadTest.java:101)
at java.base/jdk.internal.reflect.DirectMethodHandleAccessor.invoke(DirectMethodHandleAccessor.java:103)
at java.base/java.lang.reflect.Method.invoke(Method.java:580)
at org.testng.internal.invokers.MethodInvocationHelper.invokeMethod(MethodInvocationHelper.java:141)
at org.testng.internal.invokers.TestInvoker.invokeMethod(TestInvoker.java:687)
at org.testng.internal.invokers.TestInvoker.invokeTestMethod(TestInvoker.java:230)
at org.testng.internal.invokers.MethodRunner.runInSequence(MethodRunner.java:63)
at org.testng.internal.invokers.TestInvoker$MethodInvocationAgent.invoke(TestInvoker.java:995)
at org.testng.internal.invokers.TestInvoker.invokeTestMethods(TestInvoker.java:203)
at org.testng.internal.invokers.TestMethodWorker.invokeTestMethods(TestMethodWorker.java:154)
at org.testng.internal.invokers.TestMethodWorker.run(TestMethodWorker.java:134)
at java.base/java.util.ArrayList.forEach(ArrayList.java:1596)
at org.testng.TestRunner.privateRun(TestRunner.java:741)
at org.testng.TestRunner.run(TestRunner.java:616)
at org.testng.SuiteRunner.runTest(SuiteRunner.java:421)
at org.testng.SuiteRunner.runSequentially(SuiteRunner.java:413)
at org.testng.SuiteRunner.privateRun(SuiteRunner.java:373)
at org.testng.SuiteRunner.run(SuiteRunner.java:312)
at org.testng.SuiteRunnerWorker.runSuite(SuiteRunnerWorker.java:52)
at org.testng.SuiteRunnerWorker.run(SuiteRunnerWorker.java:95)
at org.testng.TestNG.runSuitesSequentially(TestNG.java:1274)
at org.testng.TestNG.runSuitesLocally(TestNG.java:1208)
at org.testng.TestNG.runSuites(TestNG.java:1112)
at org.testng.TestNG.run(TestNG.java:1079)
at org.testng.remote.AbstractRemoteTestNG.run(AbstractRemoteTestNG.java:115)
at org.testng.remote.RemoteTestNG.initAndRun(RemoteTestNG.java:293)
at org.testng.remote.RemoteTestNG.main(RemoteTestNG.java:91)
]]>
    </failure>
  </testcase> <!-- addLeadForBasicFurnitureLead -->
  <testcase classname="tests.AddFurnitureLeadTest" name="addLeadForBasicFurnitureLead" time="6.686"/>
  <testcase classname="tests.AddFurnitureLeadTest" name="addLeadForBasicFurnitureLead" time="6.676"/>
  <testcase classname="tests.AddFurnitureLeadTest" name="addLeadForBasicFurnitureLead" time="6.663"/>
  <testcase classname="tests.AddFurnitureLeadTest" name="addLeadForBasicFurnitureLead" time="6.699"/>
  <testcase classname="tests.AddFurnitureLeadTest" name="addLeadForBasicFurnitureLead" time="6.697"/>
  <testcase classname="tests.AddFurnitureLeadTest" name="addLeadForBasicFurnitureLead" time="6.658"/>
  <testcase classname="tests.AddFurnitureLeadTest" name="addLeadForBasicFurnitureLead" time="6.690"/>
  <testcase classname="tests.AddFurnitureLeadTest" name="addLeadForBasicFurnitureLead" time="6.685"/>
  <testcase classname="tests.AddFurnitureLeadTest" name="addLeadForBasicFurnitureLead" time="6.692"/>
  <testcase classname="tests.AddFurnitureLeadTest" name="addLeadForBasicFurnitureLead" time="6.693"/>
  <testcase classname="tests.AddFurnitureLeadTest" name="addLeadForBasicFurnitureLead" time="6.697"/>
  <testcase classname="tests.AddFurnitureLeadTest" name="addLeadForBasicFurnitureLead" time="6.679"/>
  <testcase classname="tests.AddFurnitureLeadTest" name="addLeadForBasicFurnitureLead" time="6.728"/>
  <testcase classname="tests.AddFurnitureLeadTest" name="addLeadForBasicFurnitureLead" time="6.654"/>
  <testcase classname="tests.AddFurnitureLeadTest" name="addLeadForBasicFurnitureLead" time="6.698"/>
  <testcase classname="tests.AddFurnitureLeadTest" name="addLeadForBasicFurnitureLead" time="6.647"/>
  <testcase classname="tests.AddFurnitureLeadTest" name="addLeadForBasicFurnitureLead" time="6.706"/>
  <testcase classname="tests.AddFurnitureLeadTest" name="addLeadForBasicFurnitureLead" time="6.649"/>
  <testcase classname="tests.AddFurnitureLeadTest" name="addLeadForBasicFurnitureLead" time="6.651"/>
  <testcase classname="tests.AddFurnitureLeadTest" name="addLeadForBasicFurnitureLead" time="6.650"/>
  <testcase classname="tests.AddFurnitureLeadTest" name="addLeadForBasicFurnitureLead" time="6.671"/>
  <testcase classname="tests.AddFurnitureLeadTest" name="addLeadForBasicFurnitureLead" time="6.721"/>
  <testcase classname="tests.AddFurnitureLeadTest" name="addLeadForBasicFurnitureLead" time="6.694"/>
  <testcase classname="tests.AddFurnitureLeadTest" name="addLeadForBasicFurnitureLead" time="6.717"/>
  <testcase classname="tests.AddFurnitureLeadTest" name="addLeadForBasicFurnitureLead" time="6.719"/>
  <testcase classname="tests.AddFurnitureLeadTest" name="addLeadForBasicFurnitureLead" time="6.674"/>
  <testcase classname="tests.AddFurnitureLeadTest" name="addLeadForBasicFurnitureLead" time="6.652"/>
  <testcase classname="tests.AddFurnitureLeadTest" name="addLeadForBasicFurnitureLead" time="6.755"/>
  <testcase classname="tests.AddFurnitureLeadTest" name="addLeadForBasicFurnitureLead" time="6.704"/>
  <testcase classname="tests.AddFurnitureLeadTest" name="addLeadForBasicFurnitureLead" time="6.693"/>
  <testcase classname="tests.AddFurnitureLeadTest" name="addLeadForBasicFurnitureLead" time="6.658"/>
  <testcase classname="tests.AddFurnitureLeadTest" name="addLeadForBasicFurnitureLead" time="6.667"/>
  <testcase classname="tests.AddFurnitureLeadTest" name="addLeadForBasicFurnitureLead" time="6.631"/>
  <testcase classname="tests.AddFurnitureLeadTest" name="addLeadForBasicFurnitureLead" time="6.718"/>
  <testcase classname="tests.AddFurnitureLeadTest" name="addLeadForBasicFurnitureLead" time="6.723"/>
  <testcase classname="tests.AddFurnitureLeadTest" name="addLeadForBasicFurnitureLead" time="6.655"/>
  <testcase classname="tests.AddFurnitureLeadTest" name="addLeadForBasicFurnitureLead" time="6.648"/>
  <testcase classname="tests.AddFurnitureLeadTest" name="addLeadForBasicFurnitureLead" time="6.663"/>
  <testcase classname="tests.AddFurnitureLeadTest" name="addLeadForBasicFurnitureLead" time="6.700"/>
  <testcase classname="tests.AddFurnitureLeadTest" name="addLeadForBasicFurnitureLead" time="6.692"/>
  <testcase classname="tests.AddFurnitureLeadTest" name="addLeadForBasicFurnitureLead" time="6.663"/>
  <testcase classname="tests.AddFurnitureLeadTest" name="addLeadForBasicFurnitureLead" time="6.719"/>
  <testcase classname="tests.AddFurnitureLeadTest" name="addLeadForBasicFurnitureLead" time="6.699"/>
  <testcase classname="tests.AddFurnitureLeadTest" name="addLeadForBasicFurnitureLead" time="6.679"/>
  <testcase classname="tests.AddFurnitureLeadTest" name="addLeadForBasicFurnitureLead" time="6.653"/>
  <testcase classname="tests.AddFurnitureLeadTest" name="addLeadForBasicFurnitureLead" time="6.672"/>
  <testcase classname="tests.AddFurnitureLeadTest" name="addLeadForBasicFurnitureLead" time="6.642"/>
  <testcase classname="tests.AddFurnitureLeadTest" name="addLeadForBasicFurnitureLead" time="6.702"/>
  <testcase classname="tests.AddFurnitureLeadTest" name="addLeadForBasicFurnitureLead" time="6.703"/>
  <testcase classname="tests.AddFurnitureLeadTest" name="addLeadForBasicFurnitureLead" time="6.693"/>
  <testcase classname="tests.AddFurnitureLeadTest" name="addLeadForBasicFurnitureLead" time="6.670"/>
  <testcase classname="tests.AddFurnitureLeadTest" name="addLeadForBasicFurnitureLead" time="6.634"/>
  <testcase classname="tests.AddFurnitureLeadTest" name="addLeadForBasicFurnitureLead" time="6.697"/>
  <testcase classname="tests.AddFurnitureLeadTest" name="addLeadForBasicFurnitureLead" time="6.682"/>
  <testcase classname="tests.AddFurnitureLeadTest" name="addLeadForBasicFurnitureLead" time="6.682"/>
  <testcase classname="tests.AddFurnitureLeadTest" name="addLeadForBasicFurnitureLead" time="6.634"/>
  <testcase classname="tests.AddFurnitureLeadTest" name="addLeadForBasicFurnitureLead" time="6.641"/>
  <testcase classname="tests.AddFurnitureLeadTest" name="addLeadForBasicFurnitureLead" time="6.666"/>
  <testcase classname="tests.AddFurnitureLeadTest" name="addLeadForBasicFurnitureLead" time="6.679"/>
  <testcase classname="tests.AddFurnitureLeadTest" name="addLeadForBasicFurnitureLead" time="6.611"/>
  <testcase classname="tests.AddFurnitureLeadTest" name="addLeadForBasicFurnitureLead" time="6.697"/>
  <testcase classname="tests.AddFurnitureLeadTest" name="addLeadForBasicFurnitureLead" time="6.699"/>
  <testcase classname="tests.AddFurnitureLeadTest" name="addLeadForBasicFurnitureLead" time="6.633"/>
  <testcase classname="tests.AddFurnitureLeadTest" name="addLeadForBasicFurnitureLead" time="6.696"/>
  <testcase classname="tests.AddFurnitureLeadTest" name="addLeadForBasicFurnitureLead" time="6.652"/>
  <testcase classname="tests.AddFurnitureLeadTest" name="addLeadForBasicFurnitureLead" time="6.685"/>
  <testcase classname="tests.AddFurnitureLeadTest" name="addLeadForBasicFurnitureLead" time="6.669"/>
  <testcase classname="tests.AddFurnitureLeadTest" name="addLeadForBasicFurnitureLead" time="6.699"/>
  <testcase classname="tests.AddFurnitureLeadTest" name="addLeadForBasicFurnitureLead" time="6.698"/>
  <testcase classname="tests.AddFurnitureLeadTest" name="addLeadForBasicFurnitureLead" time="6.611"/>
  <testcase classname="tests.AddFurnitureLeadTest" name="addLeadForBasicFurnitureLead" time="6.738"/>
  <testcase classname="tests.AddFurnitureLeadTest" name="addLeadForBasicFurnitureLead" time="6.705"/>
  <testcase classname="tests.AddFurnitureLeadTest" name="addLeadForBasicFurnitureLead" time="6.682"/>
  <testcase classname="tests.AddFurnitureLeadTest" name="addLeadForBasicFurnitureLead" time="6.739"/>
  <testcase classname="tests.AddFurnitureLeadTest" name="addLeadForBasicFurnitureLead" time="6.647"/>
  <testcase classname="tests.AddFurnitureLeadTest" name="addLeadForBasicFurnitureLead" time="6.684"/>
  <testcase classname="tests.AddFurnitureLeadTest" name="addLeadForBasicFurnitureLead" time="6.693"/>
  <testcase classname="tests.AddFurnitureLeadTest" name="addLeadForBasicFurnitureLead" time="6.675"/>
  <testcase classname="tests.AddFurnitureLeadTest" name="addLeadForBasicFurnitureLead" time="6.696"/>
  <testcase classname="tests.AddFurnitureLeadTest" name="addLeadForBasicFurnitureLead" time="6.702"/>
  <testcase classname="tests.AddFurnitureLeadTest" name="addLeadForBasicFurnitureLead" time="6.646"/>
  <testcase classname="tests.AddFurnitureLeadTest" name="addLeadForBasicFurnitureLead" time="6.685"/>
  <testcase classname="tests.AddFurnitureLeadTest" name="addLeadForBasicFurnitureLead" time="6.624"/>
  <testcase classname="tests.AddFurnitureLeadTest" name="addLeadForBasicFurnitureLead" time="6.749"/>
  <testcase classname="tests.AddFurnitureLeadTest" name="addLeadForBasicFurnitureLead" time="6.647"/>
  <testcase classname="tests.AddFurnitureLeadTest" name="addLeadForBasicFurnitureLead" time="6.667"/>
  <testcase classname="tests.AddFurnitureLeadTest" name="addLeadForBasicFurnitureLead" time="6.700"/>
  <testcase classname="tests.AddFurnitureLeadTest" name="addLeadForBasicFurnitureLead" time="6.653"/>
  <testcase classname="tests.AddFurnitureLeadTest" name="addLeadForBasicFurnitureLead" time="6.694"/>
  <testcase classname="tests.AddFurnitureLeadTest" name="addLeadForBasicFurnitureLead" time="6.677"/>
  <testcase classname="tests.AddFurnitureLeadTest" name="addLeadForBasicFurnitureLead" time="6.682"/>
  <testcase classname="tests.AddFurnitureLeadTest" name="addLeadForBasicFurnitureLead" time="6.711"/>
  <testcase classname="tests.AddFurnitureLeadTest" name="addLeadForBasicFurnitureLead" time="6.636"/>
  <testcase classname="tests.AddFurnitureLeadTest" name="addLeadForBasicFurnitureLead" time="6.698"/>
  <testcase classname="tests.AddFurnitureLeadTest" name="addLeadForBasicFurnitureLead" time="6.683"/>
  <testcase classname="tests.AddFurnitureLeadTest" name="addLeadForBasicFurnitureLead" time="6.697"/>
  <testcase classname="tests.AddFurnitureLeadTest" name="addLeadForBasicFurnitureLead" time="6.753"/>
  <testcase classname="tests.AddFurnitureLeadTest" name="addLeadForBasicFurnitureLead" time="6.690"/>
  <testcase classname="tests.AddFurnitureLeadTest" name="addLeadForBasicFurnitureLead" time="6.678"/>
  <testcase classname="tests.AddFurnitureLeadTest" name="addLeadForBasicFurnitureLead" time="6.717"/>
  <testcase classname="tests.AddFurnitureLeadTest" name="addLeadForBasicFurnitureLead" time="6.681"/>
  <testcase classname="tests.AddFurnitureLeadTest" name="addLeadForBasicFurnitureLead" time="6.680"/>
  <testcase classname="tests.AddFurnitureLeadTest" name="addLeadForBasicFurnitureLead" time="6.660"/>
  <testcase classname="tests.AddFurnitureLeadTest" name="addLeadForBasicFurnitureLead" time="6.708"/>
  <testcase classname="tests.AddFurnitureLeadTest" name="addLeadForBasicFurnitureLead" time="6.671"/>
  <testcase classname="tests.AddFurnitureLeadTest" name="addLeadForBasicFurnitureLead" time="6.663"/>
  <testcase classname="tests.AddFurnitureLeadTest" name="addLeadForBasicFurnitureLead" time="6.669"/>
  <testcase classname="tests.AddFurnitureLeadTest" name="addLeadForBasicFurnitureLead" time="6.679"/>
  <testcase classname="tests.AddFurnitureLeadTest" name="addLeadForBasicFurnitureLead" time="6.647"/>
  <testcase classname="tests.AddFurnitureLeadTest" name="addLeadForBasicFurnitureLead" time="6.646"/>
  <testcase classname="tests.AddFurnitureLeadTest" name="addLeadForBasicFurnitureLead" time="6.657"/>
  <testcase classname="tests.AddFurnitureLeadTest" name="addLeadForBasicFurnitureLead" time="6.681"/>
  <testcase classname="tests.AddFurnitureLeadTest" name="addLeadForBasicFurnitureLead" time="6.687"/>
  <testcase classname="tests.AddFurnitureLeadTest" name="addLeadForBasicFurnitureLead" time="6.661"/>
  <testcase classname="tests.AddFurnitureLeadTest" name="addLeadForBasicFurnitureLead" time="6.625"/>
  <testcase classname="tests.AddFurnitureLeadTest" name="addLeadForBasicFurnitureLead" time="6.677"/>
  <testcase classname="tests.AddFurnitureLeadTest" name="addLeadForBasicFurnitureLead" time="6.742"/>
  <testcase classname="tests.AddFurnitureLeadTest" name="addLeadForBasicFurnitureLead" time="6.655"/>
  <testcase classname="tests.AddFurnitureLeadTest" name="addLeadForBasicFurnitureLead" time="6.659"/>
  <testcase classname="tests.AddFurnitureLeadTest" name="addLeadForBasicFurnitureLead" time="8.035"/>
  <testcase classname="tests.AddFurnitureLeadTest" name="addLeadForBasicFurnitureLead" time="6.717"/>
  <testcase classname="tests.AddFurnitureLeadTest" name="addLeadForBasicFurnitureLead" time="6.683"/>
  <testcase classname="tests.AddFurnitureLeadTest" name="addLeadForBasicFurnitureLead" time="6.653"/>
  <testcase classname="tests.AddFurnitureLeadTest" name="addLeadForBasicFurnitureLead" time="6.652"/>
  <testcase classname="tests.AddFurnitureLeadTest" name="addLeadForBasicFurnitureLead" time="6.674"/>
  <testcase classname="tests.AddFurnitureLeadTest" name="addLeadForBasicFurnitureLead" time="6.688"/>
  <testcase classname="tests.AddFurnitureLeadTest" name="addLeadForBasicFurnitureLead" time="6.649"/>
  <testcase classname="tests.AddFurnitureLeadTest" name="addLeadForBasicFurnitureLead" time="6.672"/>
  <testcase classname="tests.AddFurnitureLeadTest" name="addLeadForBasicFurnitureLead" time="6.649"/>
  <testcase classname="tests.AddFurnitureLeadTest" name="addLeadForBasicFurnitureLead" time="6.729"/>
  <testcase classname="tests.AddFurnitureLeadTest" name="addLeadForBasicFurnitureLead" time="6.692"/>
  <testcase classname="tests.AddFurnitureLeadTest" name="addLeadForBasicFurnitureLead" time="6.661"/>
  <testcase classname="tests.AddFurnitureLeadTest" name="addLeadForBasicFurnitureLead" time="6.651"/>
  <testcase classname="tests.AddFurnitureLeadTest" name="addLeadForBasicFurnitureLead" time="6.757"/>
  <testcase classname="tests.AddFurnitureLeadTest" name="addLeadForBasicFurnitureLead" time="6.742"/>
  <testcase classname="tests.AddFurnitureLeadTest" name="addLeadForBasicFurnitureLead" time="6.730"/>
  <testcase classname="tests.AddFurnitureLeadTest" name="addLeadForBasicFurnitureLead" time="6.664"/>
  <testcase classname="tests.AddFurnitureLeadTest" name="addLeadForBasicFurnitureLead" time="6.617"/>
  <testcase classname="tests.AddFurnitureLeadTest" name="addLeadForBasicFurnitureLead" time="6.635"/>
  <testcase classname="tests.AddFurnitureLeadTest" name="addLeadForBasicFurnitureLead" time="6.682"/>
  <testcase classname="tests.AddFurnitureLeadTest" name="addLeadForBasicFurnitureLead" time="6.686"/>
  <testcase classname="tests.AddFurnitureLeadTest" name="addLeadForBasicFurnitureLead" time="6.755"/>
  <testcase classname="tests.AddFurnitureLeadTest" name="addLeadForBasicFurnitureLead" time="6.705"/>
  <testcase classname="tests.AddFurnitureLeadTest" name="addLeadForBasicFurnitureLead" time="6.677"/>
  <testcase classname="tests.AddFurnitureLeadTest" name="addLeadForBasicFurnitureLead" time="6.686"/>
  <testcase classname="tests.AddFurnitureLeadTest" name="addLeadForBasicFurnitureLead" time="6.729"/>
  <testcase classname="tests.AddFurnitureLeadTest" name="addLeadForBasicFurnitureLead" time="6.597"/>
  <testcase classname="tests.AddFurnitureLeadTest" name="addLeadForBasicFurnitureLead" time="6.673"/>
  <testcase classname="tests.AddFurnitureLeadTest" name="addLeadForBasicFurnitureLead" time="6.629"/>
  <testcase classname="tests.AddFurnitureLeadTest" name="addLeadForBasicFurnitureLead" time="6.711"/>
  <testcase classname="tests.AddFurnitureLeadTest" name="addLeadForBasicFurnitureLead" time="6.690"/>
  <testcase classname="tests.AddFurnitureLeadTest" name="addLeadForBasicFurnitureLead" time="6.676"/>
  <testcase classname="tests.AddFurnitureLeadTest" name="addLeadForBasicFurnitureLead" time="6.663"/>
  <testcase classname="tests.AddFurnitureLeadTest" name="addLeadForBasicFurnitureLead" time="6.664"/>
  <testcase classname="tests.AddFurnitureLeadTest" name="addLeadForBasicFurnitureLead" time="6.672"/>
  <testcase classname="tests.AddFurnitureLeadTest" name="addLeadForBasicFurnitureLead" time="6.698"/>
  <testcase classname="tests.AddFurnitureLeadTest" name="addLeadForBasicFurnitureLead" time="6.598"/>
  <testcase classname="tests.AddFurnitureLeadTest" name="addLeadForBasicFurnitureLead" time="6.650"/>
  <testcase classname="tests.AddFurnitureLeadTest" name="addLeadForBasicFurnitureLead" time="6.720"/>
  <testcase classname="tests.AddFurnitureLeadTest" name="addLeadForBasicFurnitureLead" time="6.668"/>
  <testcase classname="tests.AddFurnitureLeadTest" name="addLeadForBasicFurnitureLead" time="6.695"/>
  <testcase classname="tests.AddFurnitureLeadTest" name="addLeadForBasicFurnitureLead" time="6.661"/>
  <testcase classname="tests.AddFurnitureLeadTest" name="addLeadForBasicFurnitureLead" time="6.631"/>
  <testcase classname="tests.AddFurnitureLeadTest" name="addLeadForBasicFurnitureLead" time="6.693"/>
  <testcase classname="tests.AddFurnitureLeadTest" name="addLeadForBasicFurnitureLead" time="6.670"/>
  <testcase classname="tests.AddFurnitureLeadTest" name="addLeadForBasicFurnitureLead" time="6.672"/>
  <testcase classname="tests.AddFurnitureLeadTest" name="addLeadForBasicFurnitureLead" time="6.669"/>
  <testcase classname="tests.AddFurnitureLeadTest" name="addLeadForBasicFurnitureLead" time="6.696"/>
  <testcase classname="tests.AddFurnitureLeadTest" name="addLeadForBasicFurnitureLead" time="6.660"/>
  <testcase classname="tests.AddFurnitureLeadTest" name="addLeadForBasicFurnitureLead" time="6.654"/>
  <testcase classname="tests.AddFurnitureLeadTest" name="addLeadForBasicFurnitureLead" time="6.697"/>
  <testcase classname="tests.AddFurnitureLeadTest" name="addLeadForBasicFurnitureLead" time="6.665"/>
  <testcase classname="tests.AddFurnitureLeadTest" name="addLeadForBasicFurnitureLead" time="6.867"/>
  <testcase classname="tests.AddFurnitureLeadTest" name="addLeadForBasicFurnitureLead" time="6.698"/>
  <testcase classname="tests.AddFurnitureLeadTest" name="addLeadForBasicFurnitureLead" time="6.649"/>
  <testcase classname="tests.AddFurnitureLeadTest" name="addLeadForBasicFurnitureLead" time="6.740">
    <failure message="Project mismatch. Expected: Haworth, Got: Lofy Home Store" type="java.lang.AssertionError">
      <![CDATA[java.lang.AssertionError: Project mismatch. Expected: Haworth, Got: Lofy Home Store
at pages.AddFurnitureLeadPage.validateLeadWithGeneratedData(AddFurnitureLeadPage.java:173)
at tests.AddFurnitureLeadTest.addLeadForBasicFurnitureLead(AddFurnitureLeadTest.java:101)
at java.base/jdk.internal.reflect.DirectMethodHandleAccessor.invoke(DirectMethodHandleAccessor.java:103)
at java.base/java.lang.reflect.Method.invoke(Method.java:580)
at org.testng.internal.invokers.MethodInvocationHelper.invokeMethod(MethodInvocationHelper.java:141)
at org.testng.internal.invokers.TestInvoker.invokeMethod(TestInvoker.java:687)
at org.testng.internal.invokers.TestInvoker.invokeTestMethod(TestInvoker.java:230)
at org.testng.internal.invokers.MethodRunner.runInSequence(MethodRunner.java:63)
at org.testng.internal.invokers.TestInvoker$MethodInvocationAgent.invoke(TestInvoker.java:995)
at org.testng.internal.invokers.TestInvoker.invokeTestMethods(TestInvoker.java:203)
at org.testng.internal.invokers.TestMethodWorker.invokeTestMethods(TestMethodWorker.java:154)
at org.testng.internal.invokers.TestMethodWorker.run(TestMethodWorker.java:134)
at java.base/java.util.ArrayList.forEach(ArrayList.java:1596)
at org.testng.TestRunner.privateRun(TestRunner.java:741)
at org.testng.TestRunner.run(TestRunner.java:616)
at org.testng.SuiteRunner.runTest(SuiteRunner.java:421)
at org.testng.SuiteRunner.runSequentially(SuiteRunner.java:413)
at org.testng.SuiteRunner.privateRun(SuiteRunner.java:373)
at org.testng.SuiteRunner.run(SuiteRunner.java:312)
at org.testng.SuiteRunnerWorker.runSuite(SuiteRunnerWorker.java:52)
at org.testng.SuiteRunnerWorker.run(SuiteRunnerWorker.java:95)
at org.testng.TestNG.runSuitesSequentially(TestNG.java:1274)
at org.testng.TestNG.runSuitesLocally(TestNG.java:1208)
at org.testng.TestNG.runSuites(TestNG.java:1112)
at org.testng.TestNG.run(TestNG.java:1079)
at org.testng.remote.AbstractRemoteTestNG.run(AbstractRemoteTestNG.java:115)
at org.testng.remote.RemoteTestNG.initAndRun(RemoteTestNG.java:293)
at org.testng.remote.RemoteTestNG.main(RemoteTestNG.java:91)
]]>
    </failure>
  </testcase> <!-- addLeadForBasicFurnitureLead -->
  <testcase classname="tests.AddFurnitureLeadTest" name="addLeadForBasicFurnitureLead" time="6.675"/>
</testsuite> <!-- tests.AddFurnitureLeadTest -->
