<?xml version="1.0" encoding="UTF-8"?>
<!-- Generated by org.testng.reporters.JUnitReportReporter -->
<testsuite hostname="Tushars-Mac-mini.local" failures="0" tests="100" name="playwright.CucumberTestNGRunner" time="105.992" errors="0" timestamp="2025-08-26T18:54:07 IST" skipped="0">
  <testcase classname="playwright.CucumberTestNGRunner" name="runScenario" time="1.035"/>
  <testcase classname="playwright.CucumberTestNGRunner" name="runScenario" time="1.198"/>
  <testcase classname="playwright.CucumberTestNGRunner" name="runScenario" time="1.012"/>
  <testcase classname="playwright.CucumberTestNGRunner" name="runScenario" time="1.127"/>
  <testcase classname="playwright.CucumberTestNGRunner" name="runScenario" time="1.081"/>
  <testcase classname="playwright.CucumberTestNGRunner" name="runScenario" time="0.589"/>
  <testcase classname="playwright.CucumberTestNGRunner" name="runScenario" time="1.059"/>
  <testcase classname="playwright.CucumberTestNGRunner" name="runScenario" time="1.027"/>
  <testcase classname="playwright.CucumberTestNGRunner" name="runScenario" time="1.100"/>
  <testcase classname="playwright.CucumberTestNGRunner" name="runScenario" time="1.083"/>
  <testcase classname="playwright.CucumberTestNGRunner" name="runScenario" time="1.121"/>
  <testcase classname="playwright.CucumberTestNGRunner" name="runScenario" time="0.997"/>
  <testcase classname="playwright.CucumberTestNGRunner" name="runScenario" time="1.042"/>
  <testcase classname="playwright.CucumberTestNGRunner" name="runScenario" time="0.620"/>
  <testcase classname="playwright.CucumberTestNGRunner" name="runScenario" time="1.075"/>
  <testcase classname="playwright.CucumberTestNGRunner" name="runScenario" time="1.076"/>
  <testcase classname="playwright.CucumberTestNGRunner" name="runScenario" time="1.051"/>
  <testcase classname="playwright.CucumberTestNGRunner" name="runScenario" time="1.658"/>
  <testcase classname="playwright.CucumberTestNGRunner" name="runScenario" time="1.016"/>
  <testcase classname="playwright.CucumberTestNGRunner" name="runScenario" time="1.579"/>
  <testcase classname="playwright.CucumberTestNGRunner" name="runScenario" time="1.073"/>
  <testcase classname="playwright.CucumberTestNGRunner" name="runScenario" time="1.062"/>
  <testcase classname="playwright.CucumberTestNGRunner" name="runScenario" time="1.043"/>
  <testcase classname="playwright.CucumberTestNGRunner" name="runScenario" time="1.053"/>
  <testcase classname="playwright.CucumberTestNGRunner" name="runScenario" time="0.791"/>
  <testcase classname="playwright.CucumberTestNGRunner" name="runScenario" time="1.041"/>
  <testcase classname="playwright.CucumberTestNGRunner" name="runScenario" time="1.101"/>
  <testcase classname="playwright.CucumberTestNGRunner" name="runScenario" time="0.872"/>
  <testcase classname="playwright.CucumberTestNGRunner" name="runScenario" time="1.050"/>
  <testcase classname="playwright.CucumberTestNGRunner" name="runScenario" time="1.165"/>
  <testcase classname="playwright.CucumberTestNGRunner" name="runScenario" time="1.106"/>
  <testcase classname="playwright.CucumberTestNGRunner" name="runScenario" time="1.282"/>
  <testcase classname="playwright.CucumberTestNGRunner" name="runScenario" time="1.088"/>
  <testcase classname="playwright.CucumberTestNGRunner" name="runScenario" time="1.393"/>
  <testcase classname="playwright.CucumberTestNGRunner" name="runScenario" time="1.036"/>
  <testcase classname="playwright.CucumberTestNGRunner" name="runScenario" time="1.119"/>
  <testcase classname="playwright.CucumberTestNGRunner" name="runScenario" time="1.069"/>
  <testcase classname="playwright.CucumberTestNGRunner" name="runScenario" time="0.681"/>
  <testcase classname="playwright.CucumberTestNGRunner" name="runScenario" time="1.051"/>
  <testcase classname="playwright.CucumberTestNGRunner" name="runScenario" time="1.098"/>
  <testcase classname="playwright.CucumberTestNGRunner" name="runScenario" time="0.990"/>
  <testcase classname="playwright.CucumberTestNGRunner" name="runScenario" time="1.139"/>
  <testcase classname="playwright.CucumberTestNGRunner" name="runScenario" time="1.012"/>
  <testcase classname="playwright.CucumberTestNGRunner" name="runScenario" time="1.066"/>
  <testcase classname="playwright.CucumberTestNGRunner" name="runScenario" time="1.061"/>
  <testcase classname="playwright.CucumberTestNGRunner" name="runScenario" time="1.116"/>
  <testcase classname="playwright.CucumberTestNGRunner" name="runScenario" time="1.032"/>
  <testcase classname="playwright.CucumberTestNGRunner" name="runScenario" time="1.054"/>
  <testcase classname="playwright.CucumberTestNGRunner" name="runScenario" time="1.009"/>
  <testcase classname="playwright.CucumberTestNGRunner" name="runScenario" time="1.039"/>
  <testcase classname="playwright.CucumberTestNGRunner" name="runScenario" time="1.043"/>
  <testcase classname="playwright.CucumberTestNGRunner" name="runScenario" time="1.079"/>
  <testcase classname="playwright.CucumberTestNGRunner" name="runScenario" time="1.059"/>
  <testcase classname="playwright.CucumberTestNGRunner" name="runScenario" time="1.034"/>
  <testcase classname="playwright.CucumberTestNGRunner" name="runScenario" time="1.081"/>
  <testcase classname="playwright.CucumberTestNGRunner" name="runScenario" time="1.097"/>
  <testcase classname="playwright.CucumberTestNGRunner" name="runScenario" time="1.063"/>
  <testcase classname="playwright.CucumberTestNGRunner" name="runScenario" time="0.598"/>
  <testcase classname="playwright.CucumberTestNGRunner" name="runScenario" time="1.115"/>
  <testcase classname="playwright.CucumberTestNGRunner" name="runScenario" time="1.162"/>
  <testcase classname="playwright.CucumberTestNGRunner" name="runScenario" time="0.616"/>
  <testcase classname="playwright.CucumberTestNGRunner" name="runScenario" time="0.615"/>
  <testcase classname="playwright.CucumberTestNGRunner" name="runScenario" time="1.558"/>
  <testcase classname="playwright.CucumberTestNGRunner" name="runScenario" time="0.649"/>
  <testcase classname="playwright.CucumberTestNGRunner" name="runScenario" time="1.090"/>
  <testcase classname="playwright.CucumberTestNGRunner" name="runScenario" time="1.592"/>
  <testcase classname="playwright.CucumberTestNGRunner" name="runScenario" time="1.764"/>
  <testcase classname="playwright.CucumberTestNGRunner" name="runScenario" time="1.109"/>
  <testcase classname="playwright.CucumberTestNGRunner" name="runScenario" time="1.079"/>
  <testcase classname="playwright.CucumberTestNGRunner" name="runScenario" time="1.086"/>
  <testcase classname="playwright.CucumberTestNGRunner" name="runScenario" time="1.041"/>
  <testcase classname="playwright.CucumberTestNGRunner" name="runScenario" time="1.120"/>
  <testcase classname="playwright.CucumberTestNGRunner" name="runScenario" time="1.101"/>
  <testcase classname="playwright.CucumberTestNGRunner" name="runScenario" time="1.180"/>
  <testcase classname="playwright.CucumberTestNGRunner" name="runScenario" time="0.634"/>
  <testcase classname="playwright.CucumberTestNGRunner" name="runScenario" time="1.113"/>
  <testcase classname="playwright.CucumberTestNGRunner" name="runScenario" time="1.098"/>
  <testcase classname="playwright.CucumberTestNGRunner" name="runScenario" time="1.090"/>
  <testcase classname="playwright.CucumberTestNGRunner" name="runScenario" time="1.065"/>
  <testcase classname="playwright.CucumberTestNGRunner" name="runScenario" time="1.058"/>
  <testcase classname="playwright.CucumberTestNGRunner" name="runScenario" time="1.124"/>
  <testcase classname="playwright.CucumberTestNGRunner" name="runScenario" time="0.779"/>
  <testcase classname="playwright.CucumberTestNGRunner" name="runScenario" time="1.137"/>
  <testcase classname="playwright.CucumberTestNGRunner" name="runScenario" time="0.995"/>
  <testcase classname="playwright.CucumberTestNGRunner" name="runScenario" time="1.030"/>
  <testcase classname="playwright.CucumberTestNGRunner" name="runScenario" time="1.361"/>
  <testcase classname="playwright.CucumberTestNGRunner" name="runScenario" time="1.019"/>
  <testcase classname="playwright.CucumberTestNGRunner" name="runScenario" time="1.046"/>
  <testcase classname="playwright.CucumberTestNGRunner" name="runScenario" time="1.118"/>
  <testcase classname="playwright.CucumberTestNGRunner" name="runScenario" time="1.015"/>
  <testcase classname="playwright.CucumberTestNGRunner" name="runScenario" time="1.023"/>
  <testcase classname="playwright.CucumberTestNGRunner" name="runScenario" time="1.054"/>
  <testcase classname="playwright.CucumberTestNGRunner" name="runScenario" time="1.066"/>
  <testcase classname="playwright.CucumberTestNGRunner" name="runScenario" time="0.616"/>
  <testcase classname="playwright.CucumberTestNGRunner" name="runScenario" time="1.085"/>
  <testcase classname="playwright.CucumberTestNGRunner" name="runScenario" time="1.064"/>
  <testcase classname="playwright.CucumberTestNGRunner" name="runScenario" time="1.046"/>
  <testcase classname="playwright.CucumberTestNGRunner" name="runScenario" time="1.044"/>
  <testcase classname="playwright.CucumberTestNGRunner" name="runScenario" time="1.083"/>
  <testcase classname="playwright.CucumberTestNGRunner" name="runScenario" time="1.060"/>
</testsuite> <!-- playwright.CucumberTestNGRunner -->
