<?xml version="1.0" encoding="UTF-8"?>
<!-- Generated by org.testng.reporters.JUnitReportReporter -->
<testsuite hostname="Tushars-Mac-mini.local" failures="5" tests="30" name="tests.AddProjectLeadTest" time="256.600" errors="0" timestamp="2025-10-06T16:42:13 IST" skipped="0">
  <testcase classname="tests.AddProjectLeadTest" name="addLeadForBasicProjectLead" time="8.778"/>
  <testcase classname="tests.AddProjectLeadTest" name="addLeadForBasicProjectLead" time="8.755"/>
  <testcase classname="tests.AddProjectLeadTest" name="addLeadForBasicProjectLead" time="8.830"/>
  <testcase classname="tests.AddProjectLeadTest" name="addLeadForBasicProjectLead" time="8.750"/>
  <testcase classname="tests.AddProjectLeadTest" name="addLeadForBasicProjectLead" time="8.707"/>
  <testcase classname="tests.AddProjectLeadTest" name="addLeadForBasicProjectLead" time="7.697">
    <failure message="Source mismatch. Expected: Print Media, Got: Print media" type="java.lang.AssertionError">
      <![CDATA[java.lang.AssertionError: Source mismatch. Expected: Print Media, Got: Print media
at pages.AddProjectLeadPage.validateLeadWithBasicInfo(AddProjectLeadPage.java:347)
at tests.AddProjectLeadTest.addLeadForBasicProjectLead(AddProjectLeadTest.java:169)
at java.base/jdk.internal.reflect.DirectMethodHandleAccessor.invoke(DirectMethodHandleAccessor.java:103)
at java.base/java.lang.reflect.Method.invoke(Method.java:580)
at org.testng.internal.invokers.MethodInvocationHelper.invokeMethod(MethodInvocationHelper.java:141)
at org.testng.internal.invokers.TestInvoker.invokeMethod(TestInvoker.java:687)
at org.testng.internal.invokers.TestInvoker.invokeTestMethod(TestInvoker.java:230)
at org.testng.internal.invokers.MethodRunner.runInSequence(MethodRunner.java:63)
at org.testng.internal.invokers.TestInvoker$MethodInvocationAgent.invoke(TestInvoker.java:995)
at org.testng.internal.invokers.TestInvoker.invokeTestMethods(TestInvoker.java:203)
at org.testng.internal.invokers.TestMethodWorker.invokeTestMethods(TestMethodWorker.java:154)
at org.testng.internal.invokers.TestMethodWorker.run(TestMethodWorker.java:134)
at java.base/java.util.ArrayList.forEach(ArrayList.java:1596)
at org.testng.TestRunner.privateRun(TestRunner.java:741)
at org.testng.TestRunner.run(TestRunner.java:616)
at org.testng.SuiteRunner.runTest(SuiteRunner.java:421)
at org.testng.SuiteRunner.runSequentially(SuiteRunner.java:413)
at org.testng.SuiteRunner.privateRun(SuiteRunner.java:373)
at org.testng.SuiteRunner.run(SuiteRunner.java:312)
at org.testng.SuiteRunnerWorker.runSuite(SuiteRunnerWorker.java:52)
at org.testng.SuiteRunnerWorker.run(SuiteRunnerWorker.java:95)
at org.testng.TestNG.runSuitesSequentially(TestNG.java:1274)
at org.testng.TestNG.runSuitesLocally(TestNG.java:1208)
at org.testng.TestNG.runSuites(TestNG.java:1112)
at org.testng.TestNG.run(TestNG.java:1079)
at org.testng.remote.AbstractRemoteTestNG.run(AbstractRemoteTestNG.java:115)
at org.testng.remote.RemoteTestNG.initAndRun(RemoteTestNG.java:293)
at org.testng.remote.RemoteTestNG.main(RemoteTestNG.java:91)
]]>
    </failure>
  </testcase> <!-- addLeadForBasicProjectLead -->
  <testcase classname="tests.AddProjectLeadTest" name="addLeadForBasicProjectLead" time="8.841"/>
  <testcase classname="tests.AddProjectLeadTest" name="addLeadForBasicProjectLead" time="8.755"/>
  <testcase classname="tests.AddProjectLeadTest" name="addLeadForBasicProjectLead" time="8.787"/>
  <testcase classname="tests.AddProjectLeadTest" name="addLeadForBasicProjectLead" time="8.750"/>
  <testcase classname="tests.AddProjectLeadTest" name="addLeadForBasicProjectLead" time="8.772"/>
  <testcase classname="tests.AddProjectLeadTest" name="addLeadForBasicProjectLead" time="8.784"/>
  <testcase classname="tests.AddProjectLeadTest" name="addLeadForBasicProjectLead" time="8.756"/>
  <testcase classname="tests.AddProjectLeadTest" name="addLeadForBasicProjectLead" time="8.766"/>
  <testcase classname="tests.AddProjectLeadTest" name="addLeadForBasicProjectLead" time="8.829"/>
  <testcase classname="tests.AddProjectLeadTest" name="addLeadForBasicProjectLead" time="8.833"/>
  <testcase classname="tests.AddProjectLeadTest" name="addLeadForBasicProjectLead" time="7.427">
    <failure message="Source mismatch. Expected: Channel Sales, Got: Channel sales" type="java.lang.AssertionError">
      <![CDATA[java.lang.AssertionError: Source mismatch. Expected: Channel Sales, Got: Channel sales
at pages.AddProjectLeadPage.validateLeadWithBasicInfo(AddProjectLeadPage.java:347)
at tests.AddProjectLeadTest.addLeadForBasicProjectLead(AddProjectLeadTest.java:169)
at java.base/jdk.internal.reflect.DirectMethodHandleAccessor.invoke(DirectMethodHandleAccessor.java:103)
at java.base/java.lang.reflect.Method.invoke(Method.java:580)
at org.testng.internal.invokers.MethodInvocationHelper.invokeMethod(MethodInvocationHelper.java:141)
at org.testng.internal.invokers.TestInvoker.invokeMethod(TestInvoker.java:687)
at org.testng.internal.invokers.TestInvoker.invokeTestMethod(TestInvoker.java:230)
at org.testng.internal.invokers.MethodRunner.runInSequence(MethodRunner.java:63)
at org.testng.internal.invokers.TestInvoker$MethodInvocationAgent.invoke(TestInvoker.java:995)
at org.testng.internal.invokers.TestInvoker.invokeTestMethods(TestInvoker.java:203)
at org.testng.internal.invokers.TestMethodWorker.invokeTestMethods(TestMethodWorker.java:154)
at org.testng.internal.invokers.TestMethodWorker.run(TestMethodWorker.java:134)
at java.base/java.util.ArrayList.forEach(ArrayList.java:1596)
at org.testng.TestRunner.privateRun(TestRunner.java:741)
at org.testng.TestRunner.run(TestRunner.java:616)
at org.testng.SuiteRunner.runTest(SuiteRunner.java:421)
at org.testng.SuiteRunner.runSequentially(SuiteRunner.java:413)
at org.testng.SuiteRunner.privateRun(SuiteRunner.java:373)
at org.testng.SuiteRunner.run(SuiteRunner.java:312)
at org.testng.SuiteRunnerWorker.runSuite(SuiteRunnerWorker.java:52)
at org.testng.SuiteRunnerWorker.run(SuiteRunnerWorker.java:95)
at org.testng.TestNG.runSuitesSequentially(TestNG.java:1274)
at org.testng.TestNG.runSuitesLocally(TestNG.java:1208)
at org.testng.TestNG.runSuites(TestNG.java:1112)
at org.testng.TestNG.run(TestNG.java:1079)
at org.testng.remote.AbstractRemoteTestNG.run(AbstractRemoteTestNG.java:115)
at org.testng.remote.RemoteTestNG.initAndRun(RemoteTestNG.java:293)
at org.testng.remote.RemoteTestNG.main(RemoteTestNG.java:91)
]]>
    </failure>
  </testcase> <!-- addLeadForBasicProjectLead -->
  <testcase classname="tests.AddProjectLeadTest" name="addLeadForBasicProjectLead" time="7.445">
    <failure message="Source mismatch. Expected: Channel Sales, Got: Channel sales" type="java.lang.AssertionError">
      <![CDATA[java.lang.AssertionError: Source mismatch. Expected: Channel Sales, Got: Channel sales
at pages.AddProjectLeadPage.validateLeadWithBasicInfo(AddProjectLeadPage.java:347)
at tests.AddProjectLeadTest.addLeadForBasicProjectLead(AddProjectLeadTest.java:169)
at java.base/jdk.internal.reflect.DirectMethodHandleAccessor.invoke(DirectMethodHandleAccessor.java:103)
at java.base/java.lang.reflect.Method.invoke(Method.java:580)
at org.testng.internal.invokers.MethodInvocationHelper.invokeMethod(MethodInvocationHelper.java:141)
at org.testng.internal.invokers.TestInvoker.invokeMethod(TestInvoker.java:687)
at org.testng.internal.invokers.TestInvoker.invokeTestMethod(TestInvoker.java:230)
at org.testng.internal.invokers.MethodRunner.runInSequence(MethodRunner.java:63)
at org.testng.internal.invokers.TestInvoker$MethodInvocationAgent.invoke(TestInvoker.java:995)
at org.testng.internal.invokers.TestInvoker.invokeTestMethods(TestInvoker.java:203)
at org.testng.internal.invokers.TestMethodWorker.invokeTestMethods(TestMethodWorker.java:154)
at org.testng.internal.invokers.TestMethodWorker.run(TestMethodWorker.java:134)
at java.base/java.util.ArrayList.forEach(ArrayList.java:1596)
at org.testng.TestRunner.privateRun(TestRunner.java:741)
at org.testng.TestRunner.run(TestRunner.java:616)
at org.testng.SuiteRunner.runTest(SuiteRunner.java:421)
at org.testng.SuiteRunner.runSequentially(SuiteRunner.java:413)
at org.testng.SuiteRunner.privateRun(SuiteRunner.java:373)
at org.testng.SuiteRunner.run(SuiteRunner.java:312)
at org.testng.SuiteRunnerWorker.runSuite(SuiteRunnerWorker.java:52)
at org.testng.SuiteRunnerWorker.run(SuiteRunnerWorker.java:95)
at org.testng.TestNG.runSuitesSequentially(TestNG.java:1274)
at org.testng.TestNG.runSuitesLocally(TestNG.java:1208)
at org.testng.TestNG.runSuites(TestNG.java:1112)
at org.testng.TestNG.run(TestNG.java:1079)
at org.testng.remote.AbstractRemoteTestNG.run(AbstractRemoteTestNG.java:115)
at org.testng.remote.RemoteTestNG.initAndRun(RemoteTestNG.java:293)
at org.testng.remote.RemoteTestNG.main(RemoteTestNG.java:91)
]]>
    </failure>
  </testcase> <!-- addLeadForBasicProjectLead -->
  <testcase classname="tests.AddProjectLeadTest" name="addLeadForBasicProjectLead" time="8.708"/>
  <testcase classname="tests.AddProjectLeadTest" name="addLeadForBasicProjectLead" time="8.780"/>
  <testcase classname="tests.AddProjectLeadTest" name="addLeadForBasicProjectLead" time="8.722"/>
  <testcase classname="tests.AddProjectLeadTest" name="addLeadForBasicProjectLead" time="7.409">
    <failure message="Source mismatch. Expected: Print Media, Got: Print media" type="java.lang.AssertionError">
      <![CDATA[java.lang.AssertionError: Source mismatch. Expected: Print Media, Got: Print media
at pages.AddProjectLeadPage.validateLeadWithBasicInfo(AddProjectLeadPage.java:347)
at tests.AddProjectLeadTest.addLeadForBasicProjectLead(AddProjectLeadTest.java:169)
at java.base/jdk.internal.reflect.DirectMethodHandleAccessor.invoke(DirectMethodHandleAccessor.java:103)
at java.base/java.lang.reflect.Method.invoke(Method.java:580)
at org.testng.internal.invokers.MethodInvocationHelper.invokeMethod(MethodInvocationHelper.java:141)
at org.testng.internal.invokers.TestInvoker.invokeMethod(TestInvoker.java:687)
at org.testng.internal.invokers.TestInvoker.invokeTestMethod(TestInvoker.java:230)
at org.testng.internal.invokers.MethodRunner.runInSequence(MethodRunner.java:63)
at org.testng.internal.invokers.TestInvoker$MethodInvocationAgent.invoke(TestInvoker.java:995)
at org.testng.internal.invokers.TestInvoker.invokeTestMethods(TestInvoker.java:203)
at org.testng.internal.invokers.TestMethodWorker.invokeTestMethods(TestMethodWorker.java:154)
at org.testng.internal.invokers.TestMethodWorker.run(TestMethodWorker.java:134)
at java.base/java.util.ArrayList.forEach(ArrayList.java:1596)
at org.testng.TestRunner.privateRun(TestRunner.java:741)
at org.testng.TestRunner.run(TestRunner.java:616)
at org.testng.SuiteRunner.runTest(SuiteRunner.java:421)
at org.testng.SuiteRunner.runSequentially(SuiteRunner.java:413)
at org.testng.SuiteRunner.privateRun(SuiteRunner.java:373)
at org.testng.SuiteRunner.run(SuiteRunner.java:312)
at org.testng.SuiteRunnerWorker.runSuite(SuiteRunnerWorker.java:52)
at org.testng.SuiteRunnerWorker.run(SuiteRunnerWorker.java:95)
at org.testng.TestNG.runSuitesSequentially(TestNG.java:1274)
at org.testng.TestNG.runSuitesLocally(TestNG.java:1208)
at org.testng.TestNG.runSuites(TestNG.java:1112)
at org.testng.TestNG.run(TestNG.java:1079)
at org.testng.remote.AbstractRemoteTestNG.run(AbstractRemoteTestNG.java:115)
at org.testng.remote.RemoteTestNG.initAndRun(RemoteTestNG.java:293)
at org.testng.remote.RemoteTestNG.main(RemoteTestNG.java:91)
]]>
    </failure>
  </testcase> <!-- addLeadForBasicProjectLead -->
  <testcase classname="tests.AddProjectLeadTest" name="addLeadForBasicProjectLead" time="8.806"/>
  <testcase classname="tests.AddProjectLeadTest" name="addLeadForBasicProjectLead" time="8.794"/>
  <testcase classname="tests.AddProjectLeadTest" name="addLeadForBasicProjectLead" time="8.798"/>
  <testcase classname="tests.AddProjectLeadTest" name="addLeadForBasicProjectLead" time="8.634"/>
  <testcase classname="tests.AddProjectLeadTest" name="addLeadForBasicProjectLead" time="8.750"/>
  <testcase classname="tests.AddProjectLeadTest" name="addLeadForBasicProjectLead" time="8.746"/>
  <testcase classname="tests.AddProjectLeadTest" name="addLeadForBasicProjectLead" time="7.427">
    <failure message="Source mismatch. Expected: Print Media, Got: Print media" type="java.lang.AssertionError">
      <![CDATA[java.lang.AssertionError: Source mismatch. Expected: Print Media, Got: Print media
at pages.AddProjectLeadPage.validateLeadWithBasicInfo(AddProjectLeadPage.java:347)
at tests.AddProjectLeadTest.addLeadForBasicProjectLead(AddProjectLeadTest.java:169)
at java.base/jdk.internal.reflect.DirectMethodHandleAccessor.invoke(DirectMethodHandleAccessor.java:103)
at java.base/java.lang.reflect.Method.invoke(Method.java:580)
at org.testng.internal.invokers.MethodInvocationHelper.invokeMethod(MethodInvocationHelper.java:141)
at org.testng.internal.invokers.TestInvoker.invokeMethod(TestInvoker.java:687)
at org.testng.internal.invokers.TestInvoker.invokeTestMethod(TestInvoker.java:230)
at org.testng.internal.invokers.MethodRunner.runInSequence(MethodRunner.java:63)
at org.testng.internal.invokers.TestInvoker$MethodInvocationAgent.invoke(TestInvoker.java:995)
at org.testng.internal.invokers.TestInvoker.invokeTestMethods(TestInvoker.java:203)
at org.testng.internal.invokers.TestMethodWorker.invokeTestMethods(TestMethodWorker.java:154)
at org.testng.internal.invokers.TestMethodWorker.run(TestMethodWorker.java:134)
at java.base/java.util.ArrayList.forEach(ArrayList.java:1596)
at org.testng.TestRunner.privateRun(TestRunner.java:741)
at org.testng.TestRunner.run(TestRunner.java:616)
at org.testng.SuiteRunner.runTest(SuiteRunner.java:421)
at org.testng.SuiteRunner.runSequentially(SuiteRunner.java:413)
at org.testng.SuiteRunner.privateRun(SuiteRunner.java:373)
at org.testng.SuiteRunner.run(SuiteRunner.java:312)
at org.testng.SuiteRunnerWorker.runSuite(SuiteRunnerWorker.java:52)
at org.testng.SuiteRunnerWorker.run(SuiteRunnerWorker.java:95)
at org.testng.TestNG.runSuitesSequentially(TestNG.java:1274)
at org.testng.TestNG.runSuitesLocally(TestNG.java:1208)
at org.testng.TestNG.runSuites(TestNG.java:1112)
at org.testng.TestNG.run(TestNG.java:1079)
at org.testng.remote.AbstractRemoteTestNG.run(AbstractRemoteTestNG.java:115)
at org.testng.remote.RemoteTestNG.initAndRun(RemoteTestNG.java:293)
at org.testng.remote.RemoteTestNG.main(RemoteTestNG.java:91)
]]>
    </failure>
  </testcase> <!-- addLeadForBasicProjectLead -->
  <testcase classname="tests.AddProjectLeadTest" name="addLeadForBasicProjectLead" time="8.764"/>
</testsuite> <!-- tests.AddProjectLeadTest -->
