<?xml version="1.0" encoding="UTF-8"?>
<!-- Generated by org.testng.reporters.JUnitReportReporter -->
<testsuite hostname="Tushars-Mac-mini.local" failures="0" tests="11" name="tests.AddLandLeadTest" time="0.002" errors="1" timestamp="2025-09-25T11:39:55 IST" skipped="10">
  <testcase classname="tests.AddLandLeadTest" name="beforemethod" time="0.002">
    <error message="Cannot invoke &quot;pages.AddLandLeadPage.OpenAddLandLeadForm()&quot; because &quot;this.addLandLead&quot; is null" type="java.lang.NullPointerException">
      <![CDATA[java.lang.NullPointerException: Cannot invoke "pages.AddLandLeadPage.OpenAddLandLeadForm()" because "this.addLandLead" is null
at tests.AddLandLeadTest.beforemethod(AddLandLeadTest.java:21)
at java.base/jdk.internal.reflect.DirectMethodHandleAccessor.invoke(DirectMethodHandleAccessor.java:103)
at java.base/java.lang.reflect.Method.invoke(Method.java:580)
at org.testng.internal.invokers.MethodInvocationHelper.invokeMethod(MethodInvocationHelper.java:141)
at org.testng.internal.invokers.MethodInvocationHelper.invokeMethodConsideringTimeout(MethodInvocationHelper.java:71)
at org.testng.internal.invokers.ConfigInvoker.invokeConfigurationMethod(ConfigInvoker.java:400)
at org.testng.internal.invokers.ConfigInvoker.invokeConfigurations(ConfigInvoker.java:333)
at org.testng.internal.invokers.TestInvoker.runConfigMethods(TestInvoker.java:836)
at org.testng.internal.invokers.TestInvoker.invokeMethod(TestInvoker.java:601)
at org.testng.internal.invokers.TestInvoker.invokeTestMethod(TestInvoker.java:230)
at org.testng.internal.invokers.MethodRunner.runInSequence(MethodRunner.java:63)
at org.testng.internal.invokers.TestInvoker$MethodInvocationAgent.invoke(TestInvoker.java:995)
at org.testng.internal.invokers.TestInvoker.invokeTestMethods(TestInvoker.java:203)
at org.testng.internal.invokers.TestMethodWorker.invokeTestMethods(TestMethodWorker.java:154)
at org.testng.internal.invokers.TestMethodWorker.run(TestMethodWorker.java:134)
at java.base/java.util.ArrayList.forEach(ArrayList.java:1596)
at org.testng.TestRunner.privateRun(TestRunner.java:741)
at org.testng.TestRunner.run(TestRunner.java:616)
at org.testng.SuiteRunner.runTest(SuiteRunner.java:421)
at org.testng.SuiteRunner.runSequentially(SuiteRunner.java:413)
at org.testng.SuiteRunner.privateRun(SuiteRunner.java:373)
at org.testng.SuiteRunner.run(SuiteRunner.java:312)
at org.testng.SuiteRunnerWorker.runSuite(SuiteRunnerWorker.java:52)
at org.testng.SuiteRunnerWorker.run(SuiteRunnerWorker.java:95)
at org.testng.TestNG.runSuitesSequentially(TestNG.java:1274)
at org.testng.TestNG.runSuitesLocally(TestNG.java:1208)
at org.testng.TestNG.runSuites(TestNG.java:1112)
at org.testng.TestNG.run(TestNG.java:1079)
at org.testng.remote.AbstractRemoteTestNG.run(AbstractRemoteTestNG.java:115)
at org.testng.remote.RemoteTestNG.initAndRun(RemoteTestNG.java:293)
at org.testng.remote.RemoteTestNG.main(RemoteTestNG.java:91)
]]>
    </error>
  </testcase> <!-- beforemethod -->
  <testcase classname="tests.AddLandLeadTest" name="Sachana" time="0.000">
    <skipped/>
  </testcase> <!-- Sachana -->
  <testcase classname="tests.AddLandLeadTest" name="Ognaj" time="0.000">
    <skipped/>
  </testcase> <!-- Ognaj -->
  <testcase classname="tests.AddLandLeadTest" name="Shilaj" time="0.000">
    <skipped/>
  </testcase> <!-- Shilaj -->
  <testcase classname="tests.AddLandLeadTest" name="Satellite" time="0.000">
    <skipped/>
  </testcase> <!-- Satellite -->
  <testcase classname="tests.AddLandLeadTest" name="Bodakdev" time="0.000">
    <skipped/>
  </testcase> <!-- Bodakdev -->
  <testcase classname="tests.AddLandLeadTest" name="Panjrapole" time="0.000">
    <skipped/>
  </testcase> <!-- Panjrapole -->
  <testcase classname="tests.AddLandLeadTest" name="GiftCity" time="0.000">
    <skipped/>
  </testcase> <!-- GiftCity -->
  <testcase classname="tests.AddLandLeadTest" name="Ambli" time="0.000">
    <skipped/>
  </testcase> <!-- Ambli -->
  <testcase classname="tests.AddLandLeadTest" name="VaishnoDevi" time="0.000">
    <skipped/>
  </testcase> <!-- VaishnoDevi -->
  <testcase classname="tests.AddLandLeadTest" name="Shela" time="0.000">
    <skipped/>
  </testcase> <!-- Shela -->
</testsuite> <!-- tests.AddLandLeadTest -->
