<?xml version="1.0" encoding="UTF-8"?>
<!-- Generated by org.testng.reporters.JUnitReportReporter -->
<testsuite hostname="Tushars-Mac-mini.local" failures="0" tests="1" name="playwright.AddProjectLead" time="6.933" errors="0" timestamp="2025-09-01T13:29:44 IST" skipped="0">
  <testcase classname="playwright.AddProjectLead" name="addLeadForProject_Event_GIHED" time="6.933"/>
</testsuite> <!-- playwright.AddProjectLead -->
