<?xml version="1.0" encoding="UTF-8"?>
<!-- Generated by org.testng.reporters.JUnitReportReporter -->
<testsuite hostname="Tushars-Mac-mini.local" failures="0" tests="101" name="TestNG_Runer.CucumberTestNGRunner" time="119.801" errors="0" timestamp="2025-08-27T11:09:17 IST" skipped="0">
  <testcase classname="TestNG_Runer.CucumberTestNGRunner" name="runScenario" time="1.071"/>
  <testcase classname="TestNG_Runer.CucumberTestNGRunner" name="runScenario" time="1.198"/>
  <testcase classname="TestNG_Runer.CucumberTestNGRunner" name="runScenario" time="0.660"/>
  <testcase classname="TestNG_Runer.CucumberTestNGRunner" name="runScenario" time="1.141"/>
  <testcase classname="TestNG_Runer.CucumberTestNGRunner" name="runScenario" time="1.098"/>
  <testcase classname="TestNG_Runer.CucumberTestNGRunner" name="runScenario" time="1.097"/>
  <testcase classname="TestNG_Runer.CucumberTestNGRunner" name="runScenario" time="1.299"/>
  <testcase classname="TestNG_Runer.CucumberTestNGRunner" name="runScenario" time="1.100"/>
  <testcase classname="TestNG_Runer.CucumberTestNGRunner" name="runScenario" time="0.690"/>
  <testcase classname="TestNG_Runer.CucumberTestNGRunner" name="runScenario" time="1.269"/>
  <testcase classname="TestNG_Runer.CucumberTestNGRunner" name="runScenario" time="1.030"/>
  <testcase classname="TestNG_Runer.CucumberTestNGRunner" name="runScenario" time="0.696"/>
  <testcase classname="TestNG_Runer.CucumberTestNGRunner" name="runScenario" time="1.170"/>
  <testcase classname="TestNG_Runer.CucumberTestNGRunner" name="runScenario" time="1.634"/>
  <testcase classname="TestNG_Runer.CucumberTestNGRunner" name="runScenario" time="1.126"/>
  <testcase classname="TestNG_Runer.CucumberTestNGRunner" name="runScenario" time="1.159"/>
  <testcase classname="TestNG_Runer.CucumberTestNGRunner" name="runScenario" time="1.004"/>
  <testcase classname="TestNG_Runer.CucumberTestNGRunner" name="runScenario" time="1.120"/>
  <testcase classname="TestNG_Runer.CucumberTestNGRunner" name="runScenario" time="1.145"/>
  <testcase classname="TestNG_Runer.CucumberTestNGRunner" name="runScenario" time="1.632"/>
  <testcase classname="TestNG_Runer.CucumberTestNGRunner" name="runScenario" time="1.081"/>
  <testcase classname="TestNG_Runer.CucumberTestNGRunner" name="runScenario" time="1.054"/>
  <testcase classname="TestNG_Runer.CucumberTestNGRunner" name="runScenario" time="0.219"/>
  <testcase classname="TestNG_Runer.CucumberTestNGRunner" name="runScenario" time="0.732"/>
  <testcase classname="TestNG_Runer.CucumberTestNGRunner" name="runScenario" time="1.210"/>
  <testcase classname="TestNG_Runer.CucumberTestNGRunner" name="runScenario" time="4.561"/>
  <testcase classname="TestNG_Runer.CucumberTestNGRunner" name="runScenario" time="1.098"/>
  <testcase classname="TestNG_Runer.CucumberTestNGRunner" name="runScenario" time="1.863"/>
  <testcase classname="TestNG_Runer.CucumberTestNGRunner" name="runScenario" time="1.107"/>
  <testcase classname="TestNG_Runer.CucumberTestNGRunner" name="runScenario" time="1.389"/>
  <testcase classname="TestNG_Runer.CucumberTestNGRunner" name="runScenario" time="1.058"/>
  <testcase classname="TestNG_Runer.CucumberTestNGRunner" name="runScenario" time="1.132"/>
  <testcase classname="TestNG_Runer.CucumberTestNGRunner" name="runScenario" time="1.144"/>
  <testcase classname="TestNG_Runer.CucumberTestNGRunner" name="runScenario" time="1.120"/>
  <testcase classname="TestNG_Runer.CucumberTestNGRunner" name="runScenario" time="1.094"/>
  <testcase classname="TestNG_Runer.CucumberTestNGRunner" name="runScenario" time="1.099"/>
  <testcase classname="TestNG_Runer.CucumberTestNGRunner" name="runScenario" time="1.430"/>
  <testcase classname="TestNG_Runer.CucumberTestNGRunner" name="runScenario" time="0.697"/>
  <testcase classname="TestNG_Runer.CucumberTestNGRunner" name="runScenario" time="1.113"/>
  <testcase classname="TestNG_Runer.CucumberTestNGRunner" name="runScenario" time="1.244"/>
  <testcase classname="TestNG_Runer.CucumberTestNGRunner" name="runScenario" time="0.666"/>
  <testcase classname="TestNG_Runer.CucumberTestNGRunner" name="runScenario" time="0.808"/>
  <testcase classname="TestNG_Runer.CucumberTestNGRunner" name="runScenario" time="1.168"/>
  <testcase classname="TestNG_Runer.CucumberTestNGRunner" name="runScenario" time="1.153"/>
  <testcase classname="TestNG_Runer.CucumberTestNGRunner" name="runScenario" time="0.634"/>
  <testcase classname="TestNG_Runer.CucumberTestNGRunner" name="runScenario" time="1.135"/>
  <testcase classname="TestNG_Runer.CucumberTestNGRunner" name="runScenario" time="2.724"/>
  <testcase classname="TestNG_Runer.CucumberTestNGRunner" name="runScenario" time="1.064"/>
  <testcase classname="TestNG_Runer.CucumberTestNGRunner" name="runScenario" time="1.212"/>
  <testcase classname="TestNG_Runer.CucumberTestNGRunner" name="runScenario" time="1.107"/>
  <testcase classname="TestNG_Runer.CucumberTestNGRunner" name="runScenario" time="1.117"/>
  <testcase classname="TestNG_Runer.CucumberTestNGRunner" name="runScenario" time="1.102"/>
  <testcase classname="TestNG_Runer.CucumberTestNGRunner" name="runScenario" time="1.064"/>
  <testcase classname="TestNG_Runer.CucumberTestNGRunner" name="runScenario" time="1.094"/>
  <testcase classname="TestNG_Runer.CucumberTestNGRunner" name="runScenario" time="1.350"/>
  <testcase classname="TestNG_Runer.CucumberTestNGRunner" name="runScenario" time="1.173"/>
  <testcase classname="TestNG_Runer.CucumberTestNGRunner" name="runScenario" time="1.195"/>
  <testcase classname="TestNG_Runer.CucumberTestNGRunner" name="runScenario" time="0.694"/>
  <testcase classname="TestNG_Runer.CucumberTestNGRunner" name="runScenario" time="1.731"/>
  <testcase classname="TestNG_Runer.CucumberTestNGRunner" name="runScenario" time="1.103"/>
  <testcase classname="TestNG_Runer.CucumberTestNGRunner" name="runScenario" time="1.113"/>
  <testcase classname="TestNG_Runer.CucumberTestNGRunner" name="runScenario" time="1.103"/>
  <testcase classname="TestNG_Runer.CucumberTestNGRunner" name="runScenario" time="1.358"/>
  <testcase classname="TestNG_Runer.CucumberTestNGRunner" name="runScenario" time="1.672"/>
  <testcase classname="TestNG_Runer.CucumberTestNGRunner" name="runScenario" time="1.111"/>
  <testcase classname="TestNG_Runer.CucumberTestNGRunner" name="runScenario" time="1.089"/>
  <testcase classname="TestNG_Runer.CucumberTestNGRunner" name="runScenario" time="1.100"/>
  <testcase classname="TestNG_Runer.CucumberTestNGRunner" name="runScenario" time="0.728"/>
  <testcase classname="TestNG_Runer.CucumberTestNGRunner" name="runScenario" time="1.117"/>
  <testcase classname="TestNG_Runer.CucumberTestNGRunner" name="runScenario" time="1.088"/>
  <testcase classname="TestNG_Runer.CucumberTestNGRunner" name="runScenario" time="1.037"/>
  <testcase classname="TestNG_Runer.CucumberTestNGRunner" name="runScenario" time="1.218"/>
  <testcase classname="TestNG_Runer.CucumberTestNGRunner" name="runScenario" time="1.085"/>
  <testcase classname="TestNG_Runer.CucumberTestNGRunner" name="runScenario" time="1.177"/>
  <testcase classname="TestNG_Runer.CucumberTestNGRunner" name="runScenario" time="1.093"/>
  <testcase classname="TestNG_Runer.CucumberTestNGRunner" name="runScenario" time="1.175"/>
  <testcase classname="TestNG_Runer.CucumberTestNGRunner" name="runScenario" time="1.170"/>
  <testcase classname="TestNG_Runer.CucumberTestNGRunner" name="runScenario" time="1.066"/>
  <testcase classname="TestNG_Runer.CucumberTestNGRunner" name="runScenario" time="1.481"/>
  <testcase classname="TestNG_Runer.CucumberTestNGRunner" name="runScenario" time="1.665"/>
  <testcase classname="TestNG_Runer.CucumberTestNGRunner" name="runScenario" time="0.848"/>
  <testcase classname="TestNG_Runer.CucumberTestNGRunner" name="runScenario" time="0.660"/>
  <testcase classname="TestNG_Runer.CucumberTestNGRunner" name="runScenario" time="1.202"/>
  <testcase classname="TestNG_Runer.CucumberTestNGRunner" name="runScenario" time="1.368"/>
  <testcase classname="TestNG_Runer.CucumberTestNGRunner" name="runScenario" time="1.063"/>
  <testcase classname="TestNG_Runer.CucumberTestNGRunner" name="runScenario" time="2.204"/>
  <testcase classname="TestNG_Runer.CucumberTestNGRunner" name="runScenario" time="1.116"/>
  <testcase classname="TestNG_Runer.CucumberTestNGRunner" name="runScenario" time="1.101"/>
  <testcase classname="TestNG_Runer.CucumberTestNGRunner" name="runScenario" time="1.214"/>
  <testcase classname="TestNG_Runer.CucumberTestNGRunner" name="runScenario" time="1.072"/>
  <testcase classname="TestNG_Runer.CucumberTestNGRunner" name="runScenario" time="1.104"/>
  <testcase classname="TestNG_Runer.CucumberTestNGRunner" name="runScenario" time="0.644"/>
  <testcase classname="TestNG_Runer.CucumberTestNGRunner" name="runScenario" time="1.121"/>
  <testcase classname="TestNG_Runer.CucumberTestNGRunner" name="runScenario" time="1.155"/>
  <testcase classname="TestNG_Runer.CucumberTestNGRunner" name="runScenario" time="1.166"/>
  <testcase classname="TestNG_Runer.CucumberTestNGRunner" name="runScenario" time="1.100"/>
  <testcase classname="TestNG_Runer.CucumberTestNGRunner" name="runScenario" time="2.461"/>
  <testcase classname="TestNG_Runer.CucumberTestNGRunner" name="runScenario" time="1.070"/>
  <testcase classname="TestNG_Runer.CucumberTestNGRunner" name="runScenario" time="1.135"/>
  <testcase classname="TestNG_Runer.CucumberTestNGRunner" name="runScenario" time="1.177"/>
  <testcase classname="TestNG_Runer.CucumberTestNGRunner" name="runScenario" time="1.096"/>
</testsuite> <!-- TestNG_Runer.CucumberTestNGRunner -->
