<?xml version="1.0" encoding="UTF-8"?>
<!-- Generated by org.testng.reporters.JUnitReportReporter -->
<testsuite hostname="Tushars-Mac-mini.local" failures="0" tests="100" name="playwright.Add100leadForProject" time="160.175" errors="100" timestamp="2025-08-29T15:01:05 IST" skipped="0">
  <testcase classname="playwright.Add100leadForProject" name="addMultipleLeads" time="0.012">
    <error message="Error {
  message=&#039;Target page, context or browser has been closed
  name=&#039;TargetClosedError
  stack=&#039;TargetClosedError: Target page, context or browser has been closed
    at DispatcherConnection.dispatch (/private/var/folders/1b/cqmvqvbd4sg1xvl1gc93cfyh0000gn/T/playwright-java-4501332805832521530/package/lib/server/dispatchers/dispatcher.js:243:69)
    at transport.onmessage (/private/var/folders/1b/cqmvqvbd4sg1xvl1gc93cfyh0000gn/T/playwright-java-4501332805832521530/package/lib/cli/driver.js:53:59)
    at Immediate._onImmediate (/private/var/folders/1b/cqmvqvbd4sg1xvl1gc93cfyh0000gn/T/playwright-java-4501332805832521530/package/lib/server/utils/pipeTransport.js:76:16)
    at process.processImmediate (node:internal/timers:485:21)
}" type="com.microsoft.playwright.impl.TargetClosedError">
      <![CDATA[com.microsoft.playwright.impl.TargetClosedError: Error {
  message='Target page, context or browser has been closed
  name='TargetClosedError
  stack='TargetClosedError: Target page, context or browser has been closed
    at DispatcherConnection.dispatch (/private/var/folders/1b/cqmvqvbd4sg1xvl1gc93cfyh0000gn/T/playwright-java-4501332805832521530/package/lib/server/dispatchers/dispatcher.js:243:69)
    at transport.onmessage (/private/var/folders/1b/cqmvqvbd4sg1xvl1gc93cfyh0000gn/T/playwright-java-4501332805832521530/package/lib/cli/driver.js:53:59)
    at Immediate._onImmediate (/private/var/folders/1b/cqmvqvbd4sg1xvl1gc93cfyh0000gn/T/playwright-java-4501332805832521530/package/lib/server/utils/pipeTransport.js:76:16)
    at process.processImmediate (node:internal/timers:485:21)
}
at com.microsoft.playwright.impl.WaitableResult.get(WaitableResult.java:54)
at com.microsoft.playwright.impl.ChannelOwner.runUntil(ChannelOwner.java:138)
at com.microsoft.playwright.impl.Connection.sendMessage(Connection.java:131)
at com.microsoft.playwright.impl.ChannelOwner.sendMessage(ChannelOwner.java:124)
at com.microsoft.playwright.impl.FrameImpl.clickImpl(FrameImpl.java:241)
at com.microsoft.playwright.impl.PageImpl.click(PageImpl.java:680)
at com.microsoft.playwright.Page.click(Page.java:3931)
at playwright.Add100leadForProject.addLead(Add100leadForProject.java:67)
at playwright.Add100leadForProject.addMultipleLeads(Add100leadForProject.java:111)
at java.base/jdk.internal.reflect.DirectMethodHandleAccessor.invoke(DirectMethodHandleAccessor.java:103)
at java.base/java.lang.reflect.Method.invoke(Method.java:580)
at org.testng.internal.invokers.MethodInvocationHelper.invokeMethod(MethodInvocationHelper.java:141)
at org.testng.internal.invokers.TestInvoker.invokeMethod(TestInvoker.java:687)
at org.testng.internal.invokers.TestInvoker.invokeTestMethod(TestInvoker.java:230)
at org.testng.internal.invokers.TestMethodWithDataProviderMethodWorker.call(TestMethodWithDataProviderMethodWorker.java:81)
at org.testng.internal.thread.Async$AsyncTask.run(Async.java:34)
at java.base/java.util.concurrent.ThreadPoolExecutor.runWorker(ThreadPoolExecutor.java:1144)
at java.base/java.util.concurrent.ThreadPoolExecutor$Worker.run(ThreadPoolExecutor.java:642)
at java.base/java.lang.Thread.run(Thread.java:1583)
Caused by: com.microsoft.playwright.impl.TargetClosedError: Error {
  message='Target page, context or browser has been closed
  name='TargetClosedError
  stack='TargetClosedError: Target page, context or browser has been closed
    at DispatcherConnection.dispatch (/private/var/folders/1b/cqmvqvbd4sg1xvl1gc93cfyh0000gn/T/playwright-java-4501332805832521530/package/lib/server/dispatchers/dispatcher.js:243:69)
    at transport.onmessage (/private/var/folders/1b/cqmvqvbd4sg1xvl1gc93cfyh0000gn/T/playwright-java-4501332805832521530/package/lib/cli/driver.js:53:59)
    at Immediate._onImmediate (/private/var/folders/1b/cqmvqvbd4sg1xvl1gc93cfyh0000gn/T/playwright-java-4501332805832521530/package/lib/server/utils/pipeTransport.js:76:16)
    at process.processImmediate (node:internal/timers:485:21)
}
at com.microsoft.playwright.impl.Connection.dispatch(Connection.java:259)
at com.microsoft.playwright.impl.Connection.processOneMessage(Connection.java:214)
at com.microsoft.playwright.impl.ChannelOwner.runUntil(ChannelOwner.java:136)
... 17 more
]]>
    </error>
  </testcase> <!-- addMultipleLeads -->
  <testcase classname="playwright.Add100leadForProject" name="addMultipleLeads" time="0.012">
    <error message="Error {
  message=&#039;Target page, context or browser has been closed
  name=&#039;TargetClosedError
  stack=&#039;TargetClosedError: Target page, context or browser has been closed
    at DispatcherConnection.dispatch (/private/var/folders/1b/cqmvqvbd4sg1xvl1gc93cfyh0000gn/T/playwright-java-4501332805832521530/package/lib/server/dispatchers/dispatcher.js:243:69)
    at transport.onmessage (/private/var/folders/1b/cqmvqvbd4sg1xvl1gc93cfyh0000gn/T/playwright-java-4501332805832521530/package/lib/cli/driver.js:53:59)
    at Immediate._onImmediate (/private/var/folders/1b/cqmvqvbd4sg1xvl1gc93cfyh0000gn/T/playwright-java-4501332805832521530/package/lib/server/utils/pipeTransport.js:76:16)
    at process.processImmediate (node:internal/timers:485:21)
}" type="com.microsoft.playwright.impl.TargetClosedError">
      <![CDATA[com.microsoft.playwright.impl.TargetClosedError: Error {
  message='Target page, context or browser has been closed
  name='TargetClosedError
  stack='TargetClosedError: Target page, context or browser has been closed
    at DispatcherConnection.dispatch (/private/var/folders/1b/cqmvqvbd4sg1xvl1gc93cfyh0000gn/T/playwright-java-4501332805832521530/package/lib/server/dispatchers/dispatcher.js:243:69)
    at transport.onmessage (/private/var/folders/1b/cqmvqvbd4sg1xvl1gc93cfyh0000gn/T/playwright-java-4501332805832521530/package/lib/cli/driver.js:53:59)
    at Immediate._onImmediate (/private/var/folders/1b/cqmvqvbd4sg1xvl1gc93cfyh0000gn/T/playwright-java-4501332805832521530/package/lib/server/utils/pipeTransport.js:76:16)
    at process.processImmediate (node:internal/timers:485:21)
}
at com.microsoft.playwright.impl.WaitableResult.get(WaitableResult.java:54)
at com.microsoft.playwright.impl.ChannelOwner.runUntil(ChannelOwner.java:138)
at com.microsoft.playwright.impl.Connection.sendMessage(Connection.java:131)
at com.microsoft.playwright.impl.ChannelOwner.sendMessage(ChannelOwner.java:124)
at com.microsoft.playwright.impl.FrameImpl.clickImpl(FrameImpl.java:241)
at com.microsoft.playwright.impl.PageImpl.click(PageImpl.java:680)
at com.microsoft.playwright.Page.click(Page.java:3931)
at playwright.Add100leadForProject.addLead(Add100leadForProject.java:67)
at playwright.Add100leadForProject.addMultipleLeads(Add100leadForProject.java:111)
at java.base/jdk.internal.reflect.DirectMethodHandleAccessor.invoke(DirectMethodHandleAccessor.java:103)
at java.base/java.lang.reflect.Method.invoke(Method.java:580)
at org.testng.internal.invokers.MethodInvocationHelper.invokeMethod(MethodInvocationHelper.java:141)
at org.testng.internal.invokers.TestInvoker.invokeMethod(TestInvoker.java:687)
at org.testng.internal.invokers.TestInvoker.invokeTestMethod(TestInvoker.java:230)
at org.testng.internal.invokers.TestMethodWithDataProviderMethodWorker.call(TestMethodWithDataProviderMethodWorker.java:81)
at org.testng.internal.thread.Async$AsyncTask.run(Async.java:34)
at java.base/java.util.concurrent.ThreadPoolExecutor.runWorker(ThreadPoolExecutor.java:1144)
at java.base/java.util.concurrent.ThreadPoolExecutor$Worker.run(ThreadPoolExecutor.java:642)
at java.base/java.lang.Thread.run(Thread.java:1583)
Caused by: com.microsoft.playwright.impl.TargetClosedError: Error {
  message='Target page, context or browser has been closed
  name='TargetClosedError
  stack='TargetClosedError: Target page, context or browser has been closed
    at DispatcherConnection.dispatch (/private/var/folders/1b/cqmvqvbd4sg1xvl1gc93cfyh0000gn/T/playwright-java-4501332805832521530/package/lib/server/dispatchers/dispatcher.js:243:69)
    at transport.onmessage (/private/var/folders/1b/cqmvqvbd4sg1xvl1gc93cfyh0000gn/T/playwright-java-4501332805832521530/package/lib/cli/driver.js:53:59)
    at Immediate._onImmediate (/private/var/folders/1b/cqmvqvbd4sg1xvl1gc93cfyh0000gn/T/playwright-java-4501332805832521530/package/lib/server/utils/pipeTransport.js:76:16)
    at process.processImmediate (node:internal/timers:485:21)
}
at com.microsoft.playwright.impl.Connection.dispatch(Connection.java:259)
at com.microsoft.playwright.impl.Connection.processOneMessage(Connection.java:214)
at com.microsoft.playwright.impl.ChannelOwner.runUntil(ChannelOwner.java:136)
... 17 more
]]>
    </error>
  </testcase> <!-- addMultipleLeads -->
  <testcase classname="playwright.Add100leadForProject" name="addMultipleLeads" time="0.012">
    <error message="Error {
  message=&#039;Target page, context or browser has been closed
  name=&#039;TargetClosedError
  stack=&#039;TargetClosedError: Target page, context or browser has been closed
    at DispatcherConnection.dispatch (/private/var/folders/1b/cqmvqvbd4sg1xvl1gc93cfyh0000gn/T/playwright-java-4501332805832521530/package/lib/server/dispatchers/dispatcher.js:243:69)
    at transport.onmessage (/private/var/folders/1b/cqmvqvbd4sg1xvl1gc93cfyh0000gn/T/playwright-java-4501332805832521530/package/lib/cli/driver.js:53:59)
    at Immediate._onImmediate (/private/var/folders/1b/cqmvqvbd4sg1xvl1gc93cfyh0000gn/T/playwright-java-4501332805832521530/package/lib/server/utils/pipeTransport.js:76:16)
    at process.processImmediate (node:internal/timers:485:21)
}" type="com.microsoft.playwright.impl.TargetClosedError">
      <![CDATA[com.microsoft.playwright.impl.TargetClosedError: Error {
  message='Target page, context or browser has been closed
  name='TargetClosedError
  stack='TargetClosedError: Target page, context or browser has been closed
    at DispatcherConnection.dispatch (/private/var/folders/1b/cqmvqvbd4sg1xvl1gc93cfyh0000gn/T/playwright-java-4501332805832521530/package/lib/server/dispatchers/dispatcher.js:243:69)
    at transport.onmessage (/private/var/folders/1b/cqmvqvbd4sg1xvl1gc93cfyh0000gn/T/playwright-java-4501332805832521530/package/lib/cli/driver.js:53:59)
    at Immediate._onImmediate (/private/var/folders/1b/cqmvqvbd4sg1xvl1gc93cfyh0000gn/T/playwright-java-4501332805832521530/package/lib/server/utils/pipeTransport.js:76:16)
    at process.processImmediate (node:internal/timers:485:21)
}
at com.microsoft.playwright.impl.WaitableResult.get(WaitableResult.java:54)
at com.microsoft.playwright.impl.ChannelOwner.runUntil(ChannelOwner.java:138)
at com.microsoft.playwright.impl.Connection.sendMessage(Connection.java:131)
at com.microsoft.playwright.impl.ChannelOwner.sendMessage(ChannelOwner.java:124)
at com.microsoft.playwright.impl.FrameImpl.clickImpl(FrameImpl.java:241)
at com.microsoft.playwright.impl.PageImpl.click(PageImpl.java:680)
at com.microsoft.playwright.Page.click(Page.java:3931)
at playwright.Add100leadForProject.addLead(Add100leadForProject.java:67)
at playwright.Add100leadForProject.addMultipleLeads(Add100leadForProject.java:111)
at java.base/jdk.internal.reflect.DirectMethodHandleAccessor.invoke(DirectMethodHandleAccessor.java:103)
at java.base/java.lang.reflect.Method.invoke(Method.java:580)
at org.testng.internal.invokers.MethodInvocationHelper.invokeMethod(MethodInvocationHelper.java:141)
at org.testng.internal.invokers.TestInvoker.invokeMethod(TestInvoker.java:687)
at org.testng.internal.invokers.TestInvoker.invokeTestMethod(TestInvoker.java:230)
at org.testng.internal.invokers.TestMethodWithDataProviderMethodWorker.call(TestMethodWithDataProviderMethodWorker.java:81)
at org.testng.internal.thread.Async$AsyncTask.run(Async.java:34)
at java.base/java.util.concurrent.ThreadPoolExecutor.runWorker(ThreadPoolExecutor.java:1144)
at java.base/java.util.concurrent.ThreadPoolExecutor$Worker.run(ThreadPoolExecutor.java:642)
at java.base/java.lang.Thread.run(Thread.java:1583)
Caused by: com.microsoft.playwright.impl.TargetClosedError: Error {
  message='Target page, context or browser has been closed
  name='TargetClosedError
  stack='TargetClosedError: Target page, context or browser has been closed
    at DispatcherConnection.dispatch (/private/var/folders/1b/cqmvqvbd4sg1xvl1gc93cfyh0000gn/T/playwright-java-4501332805832521530/package/lib/server/dispatchers/dispatcher.js:243:69)
    at transport.onmessage (/private/var/folders/1b/cqmvqvbd4sg1xvl1gc93cfyh0000gn/T/playwright-java-4501332805832521530/package/lib/cli/driver.js:53:59)
    at Immediate._onImmediate (/private/var/folders/1b/cqmvqvbd4sg1xvl1gc93cfyh0000gn/T/playwright-java-4501332805832521530/package/lib/server/utils/pipeTransport.js:76:16)
    at process.processImmediate (node:internal/timers:485:21)
}
at com.microsoft.playwright.impl.Connection.dispatch(Connection.java:259)
at com.microsoft.playwright.impl.Connection.processOneMessage(Connection.java:214)
at com.microsoft.playwright.impl.ChannelOwner.runUntil(ChannelOwner.java:136)
... 17 more
]]>
    </error>
  </testcase> <!-- addMultipleLeads -->
  <testcase classname="playwright.Add100leadForProject" name="addMultipleLeads" time="15.885">
    <error message="Error {
  message=&#039;Target page, context or browser has been closed
  name=&#039;TargetClosedError
  stack=&#039;TargetClosedError:Target page, context or browser has been closed
Error
    at captureRawStack (/private/var/folders/1b/cqmvqvbd4sg1xvl1gc93cfyh0000gn/T/playwright-java-4501332805832521530/package/lib/utils/isomorphic/stackTrace.js:32:17)
    at LongStandingScope._race (/private/var/folders/1b/cqmvqvbd4sg1xvl1gc93cfyh0000gn/T/playwright-java-4501332805832521530/package/lib/utils/isomorphic/manualPromise.js:87:58)
    at LongStandingScope.race (/private/var/folders/1b/cqmvqvbd4sg1xvl1gc93cfyh0000gn/T/playwright-java-4501332805832521530/package/lib/utils/isomorphic/manualPromise.js:80:17)
    at /private/var/folders/1b/cqmvqvbd4sg1xvl1gc93cfyh0000gn/T/playwright-java-4501332805832521530/package/lib/utils/isomorphic/manualPromise.js:77:45
    at Array.map (&lt;anonymous&gt;)
    at LongStandingScope.raceMultiple (/private/var/folders/1b/cqmvqvbd4sg1xvl1gc93cfyh0000gn/T/playwright-java-4501332805832521530/package/lib/utils/isomorphic/manualPromise.js:77:32)
    at Frame.retryWithProgressAndTimeouts (/private/var/folders/1b/cqmvqvbd4sg1xvl1gc93cfyh0000gn/T/playwright-java-4501332805832521530/package/lib/server/frames.js:877:46)
    at runNextTicks (node:internal/process/task_queues:65:5)
    at process.processImmediate (node:internal/timers:453:9)
    at async /private/var/folders/1b/cqmvqvbd4sg1xvl1gc93cfyh0000gn/T/playwright-java-4501332805832521530/package/lib/server/frames.js:960:29
    at async ProgressController.run (/private/var/folders/1b/cqmvqvbd4sg1xvl1gc93cfyh0000gn/T/playwright-java-4501332805832521530/package/lib/server/progress.js:80:22)
    at async FrameDispatcher.click (/private/var/folders/1b/cqmvqvbd4sg1xvl1gc93cfyh0000gn/T/playwright-java-4501332805832521530/package/lib/server/dispatchers/frameDispatcher.js:117:12)
    at async LongStandingScope._race (/private/var/folders/1b/cqmvqvbd4sg1xvl1gc93cfyh0000gn/T/playwright-java-4501332805832521530/package/lib/utils/isomorphic/manualPromise.js:94:14)
    at async FrameDispatcher._handleCommand (/private/var/folders/1b/cqmvqvbd4sg1xvl1gc93cfyh0000gn/T/playwright-java-4501332805832521530/package/lib/server/dispatchers/dispatcher.js:90:14)
    at async DispatcherConnection.dispatch (/private/var/folders/1b/cqmvqvbd4sg1xvl1gc93cfyh0000gn/T/playwright-java-4501332805832521530/package/lib/server/dispatchers/dispatcher.js:309:22)
}
Call log:
-   - waiting for locator(&quot;xpath=(//p[@data-size=&#039;sm&#039;])[4]&quot;)
" type="com.microsoft.playwright.impl.TargetClosedError">
      <![CDATA[com.microsoft.playwright.impl.TargetClosedError: Error {
  message='Target page, context or browser has been closed
  name='TargetClosedError
  stack='TargetClosedError:Target page, context or browser has been closed
Error
    at captureRawStack (/private/var/folders/1b/cqmvqvbd4sg1xvl1gc93cfyh0000gn/T/playwright-java-4501332805832521530/package/lib/utils/isomorphic/stackTrace.js:32:17)
    at LongStandingScope._race (/private/var/folders/1b/cqmvqvbd4sg1xvl1gc93cfyh0000gn/T/playwright-java-4501332805832521530/package/lib/utils/isomorphic/manualPromise.js:87:58)
    at LongStandingScope.race (/private/var/folders/1b/cqmvqvbd4sg1xvl1gc93cfyh0000gn/T/playwright-java-4501332805832521530/package/lib/utils/isomorphic/manualPromise.js:80:17)
    at /private/var/folders/1b/cqmvqvbd4sg1xvl1gc93cfyh0000gn/T/playwright-java-4501332805832521530/package/lib/utils/isomorphic/manualPromise.js:77:45
    at Array.map (<anonymous>)
    at LongStandingScope.raceMultiple (/private/var/folders/1b/cqmvqvbd4sg1xvl1gc93cfyh0000gn/T/playwright-java-4501332805832521530/package/lib/utils/isomorphic/manualPromise.js:77:32)
    at Frame.retryWithProgressAndTimeouts (/private/var/folders/1b/cqmvqvbd4sg1xvl1gc93cfyh0000gn/T/playwright-java-4501332805832521530/package/lib/server/frames.js:877:46)
    at runNextTicks (node:internal/process/task_queues:65:5)
    at process.processImmediate (node:internal/timers:453:9)
    at async /private/var/folders/1b/cqmvqvbd4sg1xvl1gc93cfyh0000gn/T/playwright-java-4501332805832521530/package/lib/server/frames.js:960:29
    at async ProgressController.run (/private/var/folders/1b/cqmvqvbd4sg1xvl1gc93cfyh0000gn/T/playwright-java-4501332805832521530/package/lib/server/progress.js:80:22)
    at async FrameDispatcher.click (/private/var/folders/1b/cqmvqvbd4sg1xvl1gc93cfyh0000gn/T/playwright-java-4501332805832521530/package/lib/server/dispatchers/frameDispatcher.js:117:12)
    at async LongStandingScope._race (/private/var/folders/1b/cqmvqvbd4sg1xvl1gc93cfyh0000gn/T/playwright-java-4501332805832521530/package/lib/utils/isomorphic/manualPromise.js:94:14)
    at async FrameDispatcher._handleCommand (/private/var/folders/1b/cqmvqvbd4sg1xvl1gc93cfyh0000gn/T/playwright-java-4501332805832521530/package/lib/server/dispatchers/dispatcher.js:90:14)
    at async DispatcherConnection.dispatch (/private/var/folders/1b/cqmvqvbd4sg1xvl1gc93cfyh0000gn/T/playwright-java-4501332805832521530/package/lib/server/dispatchers/dispatcher.js:309:22)
}
Call log:
-   - waiting for locator("xpath=(//p[@data-size='sm'])[4]")

at com.microsoft.playwright.impl.WaitableResult.get(WaitableResult.java:54)
at com.microsoft.playwright.impl.ChannelOwner.runUntil(ChannelOwner.java:138)
at com.microsoft.playwright.impl.Connection.sendMessage(Connection.java:131)
at com.microsoft.playwright.impl.ChannelOwner.sendMessage(ChannelOwner.java:124)
at com.microsoft.playwright.impl.FrameImpl.clickImpl(FrameImpl.java:241)
at com.microsoft.playwright.impl.PageImpl.click(PageImpl.java:680)
at com.microsoft.playwright.Page.click(Page.java:3931)
at playwright.Add100leadForProject.addLead(Add100leadForProject.java:67)
at playwright.Add100leadForProject.addMultipleLeads(Add100leadForProject.java:111)
at java.base/jdk.internal.reflect.DirectMethodHandleAccessor.invoke(DirectMethodHandleAccessor.java:103)
at java.base/java.lang.reflect.Method.invoke(Method.java:580)
at org.testng.internal.invokers.MethodInvocationHelper.invokeMethod(MethodInvocationHelper.java:141)
at org.testng.internal.invokers.TestInvoker.invokeMethod(TestInvoker.java:687)
at org.testng.internal.invokers.TestInvoker.invokeTestMethod(TestInvoker.java:230)
at org.testng.internal.invokers.TestMethodWithDataProviderMethodWorker.call(TestMethodWithDataProviderMethodWorker.java:81)
at org.testng.internal.thread.Async$AsyncTask.run(Async.java:34)
at java.base/java.util.concurrent.ThreadPoolExecutor.runWorker(ThreadPoolExecutor.java:1144)
at java.base/java.util.concurrent.ThreadPoolExecutor$Worker.run(ThreadPoolExecutor.java:642)
at java.base/java.lang.Thread.run(Thread.java:1583)
Caused by: com.microsoft.playwright.impl.TargetClosedError: Error {
  message='Target page, context or browser has been closed
  name='TargetClosedError
  stack='TargetClosedError:Target page, context or browser has been closed
Error
    at captureRawStack (/private/var/folders/1b/cqmvqvbd4sg1xvl1gc93cfyh0000gn/T/playwright-java-4501332805832521530/package/lib/utils/isomorphic/stackTrace.js:32:17)
    at LongStandingScope._race (/private/var/folders/1b/cqmvqvbd4sg1xvl1gc93cfyh0000gn/T/playwright-java-4501332805832521530/package/lib/utils/isomorphic/manualPromise.js:87:58)
    at LongStandingScope.race (/private/var/folders/1b/cqmvqvbd4sg1xvl1gc93cfyh0000gn/T/playwright-java-4501332805832521530/package/lib/utils/isomorphic/manualPromise.js:80:17)
    at /private/var/folders/1b/cqmvqvbd4sg1xvl1gc93cfyh0000gn/T/playwright-java-4501332805832521530/package/lib/utils/isomorphic/manualPromise.js:77:45
    at Array.map (<anonymous>)
    at LongStandingScope.raceMultiple (/private/var/folders/1b/cqmvqvbd4sg1xvl1gc93cfyh0000gn/T/playwright-java-4501332805832521530/package/lib/utils/isomorphic/manualPromise.js:77:32)
    at Frame.retryWithProgressAndTimeouts (/private/var/folders/1b/cqmvqvbd4sg1xvl1gc93cfyh0000gn/T/playwright-java-4501332805832521530/package/lib/server/frames.js:877:46)
    at runNextTicks (node:internal/process/task_queues:65:5)
    at process.processImmediate (node:internal/timers:453:9)
    at async /private/var/folders/1b/cqmvqvbd4sg1xvl1gc93cfyh0000gn/T/playwright-java-4501332805832521530/package/lib/server/frames.js:960:29
    at async ProgressController.run (/private/var/folders/1b/cqmvqvbd4sg1xvl1gc93cfyh0000gn/T/playwright-java-4501332805832521530/package/lib/server/progress.js:80:22)
    at async FrameDispatcher.click (/private/var/folders/1b/cqmvqvbd4sg1xvl1gc93cfyh0000gn/T/playwright-java-4501332805832521530/package/lib/server/dispatchers/frameDispatcher.js:117:12)
    at async LongStandingScope._race (/private/var/folders/1b/cqmvqvbd4sg1xvl1gc93cfyh0000gn/T/playwright-java-4501332805832521530/package/lib/utils/isomorphic/manualPromise.js:94:14)
    at async FrameDispatcher._handleCommand (/private/var/folders/1b/cqmvqvbd4sg1xvl1gc93cfyh0000gn/T/playwright-java-4501332805832521530/package/lib/server/dispatchers/dispatcher.js:90:14)
    at async DispatcherConnection.dispatch (/private/var/folders/1b/cqmvqvbd4sg1xvl1gc93cfyh0000gn/T/playwright-java-4501332805832521530/package/lib/server/dispatchers/dispatcher.js:309:22)
}
Call log:
-   - waiting for locator("xpath=(//p[@data-size='sm'])[4]")

at com.microsoft.playwright.impl.Connection.dispatch(Connection.java:259)
at com.microsoft.playwright.impl.Connection.processOneMessage(Connection.java:214)
at com.microsoft.playwright.impl.ChannelOwner.runUntil(ChannelOwner.java:136)
... 17 more
]]>
    </error>
  </testcase> <!-- addMultipleLeads -->
  <testcase classname="playwright.Add100leadForProject" name="addMultipleLeads" time="0.019">
    <error message="Error {
  message=&#039;Target page, context or browser has been closed
  name=&#039;TargetClosedError
  stack=&#039;TargetClosedError: Target page, context or browser has been closed
    at DispatcherConnection.dispatch (/private/var/folders/1b/cqmvqvbd4sg1xvl1gc93cfyh0000gn/T/playwright-java-4501332805832521530/package/lib/server/dispatchers/dispatcher.js:243:69)
    at transport.onmessage (/private/var/folders/1b/cqmvqvbd4sg1xvl1gc93cfyh0000gn/T/playwright-java-4501332805832521530/package/lib/cli/driver.js:53:59)
    at Immediate._onImmediate (/private/var/folders/1b/cqmvqvbd4sg1xvl1gc93cfyh0000gn/T/playwright-java-4501332805832521530/package/lib/server/utils/pipeTransport.js:76:16)
    at process.processImmediate (node:internal/timers:485:21)
}" type="com.microsoft.playwright.impl.TargetClosedError">
      <![CDATA[com.microsoft.playwright.impl.TargetClosedError: Error {
  message='Target page, context or browser has been closed
  name='TargetClosedError
  stack='TargetClosedError: Target page, context or browser has been closed
    at DispatcherConnection.dispatch (/private/var/folders/1b/cqmvqvbd4sg1xvl1gc93cfyh0000gn/T/playwright-java-4501332805832521530/package/lib/server/dispatchers/dispatcher.js:243:69)
    at transport.onmessage (/private/var/folders/1b/cqmvqvbd4sg1xvl1gc93cfyh0000gn/T/playwright-java-4501332805832521530/package/lib/cli/driver.js:53:59)
    at Immediate._onImmediate (/private/var/folders/1b/cqmvqvbd4sg1xvl1gc93cfyh0000gn/T/playwright-java-4501332805832521530/package/lib/server/utils/pipeTransport.js:76:16)
    at process.processImmediate (node:internal/timers:485:21)
}
at com.microsoft.playwright.impl.WaitableResult.get(WaitableResult.java:54)
at com.microsoft.playwright.impl.ChannelOwner.runUntil(ChannelOwner.java:138)
at com.microsoft.playwright.impl.Connection.sendMessage(Connection.java:131)
at com.microsoft.playwright.impl.ChannelOwner.sendMessage(ChannelOwner.java:124)
at com.microsoft.playwright.impl.FrameImpl.clickImpl(FrameImpl.java:241)
at com.microsoft.playwright.impl.PageImpl.click(PageImpl.java:680)
at com.microsoft.playwright.Page.click(Page.java:3931)
at playwright.Add100leadForProject.addLead(Add100leadForProject.java:67)
at playwright.Add100leadForProject.addMultipleLeads(Add100leadForProject.java:111)
at java.base/jdk.internal.reflect.DirectMethodHandleAccessor.invoke(DirectMethodHandleAccessor.java:103)
at java.base/java.lang.reflect.Method.invoke(Method.java:580)
at org.testng.internal.invokers.MethodInvocationHelper.invokeMethod(MethodInvocationHelper.java:141)
at org.testng.internal.invokers.TestInvoker.invokeMethod(TestInvoker.java:687)
at org.testng.internal.invokers.TestInvoker.invokeTestMethod(TestInvoker.java:230)
at org.testng.internal.invokers.TestMethodWithDataProviderMethodWorker.call(TestMethodWithDataProviderMethodWorker.java:81)
at org.testng.internal.thread.Async$AsyncTask.run(Async.java:34)
at java.base/java.util.concurrent.ThreadPoolExecutor.runWorker(ThreadPoolExecutor.java:1144)
at java.base/java.util.concurrent.ThreadPoolExecutor$Worker.run(ThreadPoolExecutor.java:642)
at java.base/java.lang.Thread.run(Thread.java:1583)
Caused by: com.microsoft.playwright.impl.TargetClosedError: Error {
  message='Target page, context or browser has been closed
  name='TargetClosedError
  stack='TargetClosedError: Target page, context or browser has been closed
    at DispatcherConnection.dispatch (/private/var/folders/1b/cqmvqvbd4sg1xvl1gc93cfyh0000gn/T/playwright-java-4501332805832521530/package/lib/server/dispatchers/dispatcher.js:243:69)
    at transport.onmessage (/private/var/folders/1b/cqmvqvbd4sg1xvl1gc93cfyh0000gn/T/playwright-java-4501332805832521530/package/lib/cli/driver.js:53:59)
    at Immediate._onImmediate (/private/var/folders/1b/cqmvqvbd4sg1xvl1gc93cfyh0000gn/T/playwright-java-4501332805832521530/package/lib/server/utils/pipeTransport.js:76:16)
    at process.processImmediate (node:internal/timers:485:21)
}
at com.microsoft.playwright.impl.Connection.dispatch(Connection.java:259)
at com.microsoft.playwright.impl.Connection.processOneMessage(Connection.java:214)
at com.microsoft.playwright.impl.ChannelOwner.runUntil(ChannelOwner.java:136)
... 17 more
]]>
    </error>
  </testcase> <!-- addMultipleLeads -->
  <testcase classname="playwright.Add100leadForProject" name="addMultipleLeads" time="0.012">
    <error message="Error {
  message=&#039;Target page, context or browser has been closed
  name=&#039;TargetClosedError
  stack=&#039;TargetClosedError: Target page, context or browser has been closed
    at DispatcherConnection.dispatch (/private/var/folders/1b/cqmvqvbd4sg1xvl1gc93cfyh0000gn/T/playwright-java-4501332805832521530/package/lib/server/dispatchers/dispatcher.js:243:69)
    at transport.onmessage (/private/var/folders/1b/cqmvqvbd4sg1xvl1gc93cfyh0000gn/T/playwright-java-4501332805832521530/package/lib/cli/driver.js:53:59)
    at Immediate._onImmediate (/private/var/folders/1b/cqmvqvbd4sg1xvl1gc93cfyh0000gn/T/playwright-java-4501332805832521530/package/lib/server/utils/pipeTransport.js:76:16)
    at process.processImmediate (node:internal/timers:485:21)
}" type="com.microsoft.playwright.impl.TargetClosedError">
      <![CDATA[com.microsoft.playwright.impl.TargetClosedError: Error {
  message='Target page, context or browser has been closed
  name='TargetClosedError
  stack='TargetClosedError: Target page, context or browser has been closed
    at DispatcherConnection.dispatch (/private/var/folders/1b/cqmvqvbd4sg1xvl1gc93cfyh0000gn/T/playwright-java-4501332805832521530/package/lib/server/dispatchers/dispatcher.js:243:69)
    at transport.onmessage (/private/var/folders/1b/cqmvqvbd4sg1xvl1gc93cfyh0000gn/T/playwright-java-4501332805832521530/package/lib/cli/driver.js:53:59)
    at Immediate._onImmediate (/private/var/folders/1b/cqmvqvbd4sg1xvl1gc93cfyh0000gn/T/playwright-java-4501332805832521530/package/lib/server/utils/pipeTransport.js:76:16)
    at process.processImmediate (node:internal/timers:485:21)
}
at com.microsoft.playwright.impl.WaitableResult.get(WaitableResult.java:54)
at com.microsoft.playwright.impl.ChannelOwner.runUntil(ChannelOwner.java:138)
at com.microsoft.playwright.impl.Connection.sendMessage(Connection.java:131)
at com.microsoft.playwright.impl.ChannelOwner.sendMessage(ChannelOwner.java:124)
at com.microsoft.playwright.impl.FrameImpl.clickImpl(FrameImpl.java:241)
at com.microsoft.playwright.impl.PageImpl.click(PageImpl.java:680)
at com.microsoft.playwright.Page.click(Page.java:3931)
at playwright.Add100leadForProject.addLead(Add100leadForProject.java:67)
at playwright.Add100leadForProject.addMultipleLeads(Add100leadForProject.java:111)
at java.base/jdk.internal.reflect.DirectMethodHandleAccessor.invoke(DirectMethodHandleAccessor.java:103)
at java.base/java.lang.reflect.Method.invoke(Method.java:580)
at org.testng.internal.invokers.MethodInvocationHelper.invokeMethod(MethodInvocationHelper.java:141)
at org.testng.internal.invokers.TestInvoker.invokeMethod(TestInvoker.java:687)
at org.testng.internal.invokers.TestInvoker.invokeTestMethod(TestInvoker.java:230)
at org.testng.internal.invokers.TestMethodWithDataProviderMethodWorker.call(TestMethodWithDataProviderMethodWorker.java:81)
at org.testng.internal.thread.Async$AsyncTask.run(Async.java:34)
at java.base/java.util.concurrent.ThreadPoolExecutor.runWorker(ThreadPoolExecutor.java:1144)
at java.base/java.util.concurrent.ThreadPoolExecutor$Worker.run(ThreadPoolExecutor.java:642)
at java.base/java.lang.Thread.run(Thread.java:1583)
Caused by: com.microsoft.playwright.impl.TargetClosedError: Error {
  message='Target page, context or browser has been closed
  name='TargetClosedError
  stack='TargetClosedError: Target page, context or browser has been closed
    at DispatcherConnection.dispatch (/private/var/folders/1b/cqmvqvbd4sg1xvl1gc93cfyh0000gn/T/playwright-java-4501332805832521530/package/lib/server/dispatchers/dispatcher.js:243:69)
    at transport.onmessage (/private/var/folders/1b/cqmvqvbd4sg1xvl1gc93cfyh0000gn/T/playwright-java-4501332805832521530/package/lib/cli/driver.js:53:59)
    at Immediate._onImmediate (/private/var/folders/1b/cqmvqvbd4sg1xvl1gc93cfyh0000gn/T/playwright-java-4501332805832521530/package/lib/server/utils/pipeTransport.js:76:16)
    at process.processImmediate (node:internal/timers:485:21)
}
at com.microsoft.playwright.impl.Connection.dispatch(Connection.java:259)
at com.microsoft.playwright.impl.Connection.processOneMessage(Connection.java:214)
at com.microsoft.playwright.impl.ChannelOwner.runUntil(ChannelOwner.java:136)
... 17 more
]]>
    </error>
  </testcase> <!-- addMultipleLeads -->
  <testcase classname="playwright.Add100leadForProject" name="addMultipleLeads" time="0.027">
    <error message="Error {
  message=&#039;Target page, context or browser has been closed
  name=&#039;TargetClosedError
  stack=&#039;TargetClosedError: Target page, context or browser has been closed
    at DispatcherConnection.dispatch (/private/var/folders/1b/cqmvqvbd4sg1xvl1gc93cfyh0000gn/T/playwright-java-4501332805832521530/package/lib/server/dispatchers/dispatcher.js:243:69)
    at transport.onmessage (/private/var/folders/1b/cqmvqvbd4sg1xvl1gc93cfyh0000gn/T/playwright-java-4501332805832521530/package/lib/cli/driver.js:53:59)
    at Immediate._onImmediate (/private/var/folders/1b/cqmvqvbd4sg1xvl1gc93cfyh0000gn/T/playwright-java-4501332805832521530/package/lib/server/utils/pipeTransport.js:76:16)
    at process.processImmediate (node:internal/timers:485:21)
}" type="com.microsoft.playwright.impl.TargetClosedError">
      <![CDATA[com.microsoft.playwright.impl.TargetClosedError: Error {
  message='Target page, context or browser has been closed
  name='TargetClosedError
  stack='TargetClosedError: Target page, context or browser has been closed
    at DispatcherConnection.dispatch (/private/var/folders/1b/cqmvqvbd4sg1xvl1gc93cfyh0000gn/T/playwright-java-4501332805832521530/package/lib/server/dispatchers/dispatcher.js:243:69)
    at transport.onmessage (/private/var/folders/1b/cqmvqvbd4sg1xvl1gc93cfyh0000gn/T/playwright-java-4501332805832521530/package/lib/cli/driver.js:53:59)
    at Immediate._onImmediate (/private/var/folders/1b/cqmvqvbd4sg1xvl1gc93cfyh0000gn/T/playwright-java-4501332805832521530/package/lib/server/utils/pipeTransport.js:76:16)
    at process.processImmediate (node:internal/timers:485:21)
}
at com.microsoft.playwright.impl.WaitableResult.get(WaitableResult.java:54)
at com.microsoft.playwright.impl.ChannelOwner.runUntil(ChannelOwner.java:138)
at com.microsoft.playwright.impl.Connection.sendMessage(Connection.java:131)
at com.microsoft.playwright.impl.ChannelOwner.sendMessage(ChannelOwner.java:124)
at com.microsoft.playwright.impl.FrameImpl.clickImpl(FrameImpl.java:241)
at com.microsoft.playwright.impl.PageImpl.click(PageImpl.java:680)
at com.microsoft.playwright.Page.click(Page.java:3931)
at playwright.Add100leadForProject.addLead(Add100leadForProject.java:67)
at playwright.Add100leadForProject.addMultipleLeads(Add100leadForProject.java:111)
at java.base/jdk.internal.reflect.DirectMethodHandleAccessor.invoke(DirectMethodHandleAccessor.java:103)
at java.base/java.lang.reflect.Method.invoke(Method.java:580)
at org.testng.internal.invokers.MethodInvocationHelper.invokeMethod(MethodInvocationHelper.java:141)
at org.testng.internal.invokers.TestInvoker.invokeMethod(TestInvoker.java:687)
at org.testng.internal.invokers.TestInvoker.invokeTestMethod(TestInvoker.java:230)
at org.testng.internal.invokers.TestMethodWithDataProviderMethodWorker.call(TestMethodWithDataProviderMethodWorker.java:81)
at org.testng.internal.thread.Async$AsyncTask.run(Async.java:34)
at java.base/java.util.concurrent.ThreadPoolExecutor.runWorker(ThreadPoolExecutor.java:1144)
at java.base/java.util.concurrent.ThreadPoolExecutor$Worker.run(ThreadPoolExecutor.java:642)
at java.base/java.lang.Thread.run(Thread.java:1583)
Caused by: com.microsoft.playwright.impl.TargetClosedError: Error {
  message='Target page, context or browser has been closed
  name='TargetClosedError
  stack='TargetClosedError: Target page, context or browser has been closed
    at DispatcherConnection.dispatch (/private/var/folders/1b/cqmvqvbd4sg1xvl1gc93cfyh0000gn/T/playwright-java-4501332805832521530/package/lib/server/dispatchers/dispatcher.js:243:69)
    at transport.onmessage (/private/var/folders/1b/cqmvqvbd4sg1xvl1gc93cfyh0000gn/T/playwright-java-4501332805832521530/package/lib/cli/driver.js:53:59)
    at Immediate._onImmediate (/private/var/folders/1b/cqmvqvbd4sg1xvl1gc93cfyh0000gn/T/playwright-java-4501332805832521530/package/lib/server/utils/pipeTransport.js:76:16)
    at process.processImmediate (node:internal/timers:485:21)
}
at com.microsoft.playwright.impl.Connection.dispatch(Connection.java:259)
at com.microsoft.playwright.impl.Connection.processOneMessage(Connection.java:214)
at com.microsoft.playwright.impl.ChannelOwner.runUntil(ChannelOwner.java:136)
... 17 more
]]>
    </error>
  </testcase> <!-- addMultipleLeads -->
  <testcase classname="playwright.Add100leadForProject" name="addMultipleLeads" time="0.025">
    <error message="Error {
  message=&#039;Target page, context or browser has been closed
  name=&#039;TargetClosedError
  stack=&#039;TargetClosedError: Target page, context or browser has been closed
    at DispatcherConnection.dispatch (/private/var/folders/1b/cqmvqvbd4sg1xvl1gc93cfyh0000gn/T/playwright-java-4501332805832521530/package/lib/server/dispatchers/dispatcher.js:243:69)
    at transport.onmessage (/private/var/folders/1b/cqmvqvbd4sg1xvl1gc93cfyh0000gn/T/playwright-java-4501332805832521530/package/lib/cli/driver.js:53:59)
    at Immediate._onImmediate (/private/var/folders/1b/cqmvqvbd4sg1xvl1gc93cfyh0000gn/T/playwright-java-4501332805832521530/package/lib/server/utils/pipeTransport.js:76:16)
    at process.processImmediate (node:internal/timers:485:21)
}" type="com.microsoft.playwright.impl.TargetClosedError">
      <![CDATA[com.microsoft.playwright.impl.TargetClosedError: Error {
  message='Target page, context or browser has been closed
  name='TargetClosedError
  stack='TargetClosedError: Target page, context or browser has been closed
    at DispatcherConnection.dispatch (/private/var/folders/1b/cqmvqvbd4sg1xvl1gc93cfyh0000gn/T/playwright-java-4501332805832521530/package/lib/server/dispatchers/dispatcher.js:243:69)
    at transport.onmessage (/private/var/folders/1b/cqmvqvbd4sg1xvl1gc93cfyh0000gn/T/playwright-java-4501332805832521530/package/lib/cli/driver.js:53:59)
    at Immediate._onImmediate (/private/var/folders/1b/cqmvqvbd4sg1xvl1gc93cfyh0000gn/T/playwright-java-4501332805832521530/package/lib/server/utils/pipeTransport.js:76:16)
    at process.processImmediate (node:internal/timers:485:21)
}
at com.microsoft.playwright.impl.WaitableResult.get(WaitableResult.java:54)
at com.microsoft.playwright.impl.ChannelOwner.runUntil(ChannelOwner.java:138)
at com.microsoft.playwright.impl.Connection.sendMessage(Connection.java:131)
at com.microsoft.playwright.impl.ChannelOwner.sendMessage(ChannelOwner.java:124)
at com.microsoft.playwright.impl.FrameImpl.clickImpl(FrameImpl.java:241)
at com.microsoft.playwright.impl.PageImpl.click(PageImpl.java:680)
at com.microsoft.playwright.Page.click(Page.java:3931)
at playwright.Add100leadForProject.addLead(Add100leadForProject.java:67)
at playwright.Add100leadForProject.addMultipleLeads(Add100leadForProject.java:111)
at java.base/jdk.internal.reflect.DirectMethodHandleAccessor.invoke(DirectMethodHandleAccessor.java:103)
at java.base/java.lang.reflect.Method.invoke(Method.java:580)
at org.testng.internal.invokers.MethodInvocationHelper.invokeMethod(MethodInvocationHelper.java:141)
at org.testng.internal.invokers.TestInvoker.invokeMethod(TestInvoker.java:687)
at org.testng.internal.invokers.TestInvoker.invokeTestMethod(TestInvoker.java:230)
at org.testng.internal.invokers.TestMethodWithDataProviderMethodWorker.call(TestMethodWithDataProviderMethodWorker.java:81)
at org.testng.internal.thread.Async$AsyncTask.run(Async.java:34)
at java.base/java.util.concurrent.ThreadPoolExecutor.runWorker(ThreadPoolExecutor.java:1144)
at java.base/java.util.concurrent.ThreadPoolExecutor$Worker.run(ThreadPoolExecutor.java:642)
at java.base/java.lang.Thread.run(Thread.java:1583)
Caused by: com.microsoft.playwright.impl.TargetClosedError: Error {
  message='Target page, context or browser has been closed
  name='TargetClosedError
  stack='TargetClosedError: Target page, context or browser has been closed
    at DispatcherConnection.dispatch (/private/var/folders/1b/cqmvqvbd4sg1xvl1gc93cfyh0000gn/T/playwright-java-4501332805832521530/package/lib/server/dispatchers/dispatcher.js:243:69)
    at transport.onmessage (/private/var/folders/1b/cqmvqvbd4sg1xvl1gc93cfyh0000gn/T/playwright-java-4501332805832521530/package/lib/cli/driver.js:53:59)
    at Immediate._onImmediate (/private/var/folders/1b/cqmvqvbd4sg1xvl1gc93cfyh0000gn/T/playwright-java-4501332805832521530/package/lib/server/utils/pipeTransport.js:76:16)
    at process.processImmediate (node:internal/timers:485:21)
}
at com.microsoft.playwright.impl.Connection.dispatch(Connection.java:259)
at com.microsoft.playwright.impl.Connection.processOneMessage(Connection.java:214)
at com.microsoft.playwright.impl.ChannelOwner.runUntil(ChannelOwner.java:136)
... 17 more
]]>
    </error>
  </testcase> <!-- addMultipleLeads -->
  <testcase classname="playwright.Add100leadForProject" name="addMultipleLeads" time="0.029">
    <error message="Error {
  message=&#039;Target page, context or browser has been closed
  name=&#039;TargetClosedError
  stack=&#039;TargetClosedError: Target page, context or browser has been closed
    at DispatcherConnection.dispatch (/private/var/folders/1b/cqmvqvbd4sg1xvl1gc93cfyh0000gn/T/playwright-java-4501332805832521530/package/lib/server/dispatchers/dispatcher.js:243:69)
    at transport.onmessage (/private/var/folders/1b/cqmvqvbd4sg1xvl1gc93cfyh0000gn/T/playwright-java-4501332805832521530/package/lib/cli/driver.js:53:59)
    at Immediate._onImmediate (/private/var/folders/1b/cqmvqvbd4sg1xvl1gc93cfyh0000gn/T/playwright-java-4501332805832521530/package/lib/server/utils/pipeTransport.js:76:16)
    at process.processImmediate (node:internal/timers:485:21)
}" type="com.microsoft.playwright.impl.TargetClosedError">
      <![CDATA[com.microsoft.playwright.impl.TargetClosedError: Error {
  message='Target page, context or browser has been closed
  name='TargetClosedError
  stack='TargetClosedError: Target page, context or browser has been closed
    at DispatcherConnection.dispatch (/private/var/folders/1b/cqmvqvbd4sg1xvl1gc93cfyh0000gn/T/playwright-java-4501332805832521530/package/lib/server/dispatchers/dispatcher.js:243:69)
    at transport.onmessage (/private/var/folders/1b/cqmvqvbd4sg1xvl1gc93cfyh0000gn/T/playwright-java-4501332805832521530/package/lib/cli/driver.js:53:59)
    at Immediate._onImmediate (/private/var/folders/1b/cqmvqvbd4sg1xvl1gc93cfyh0000gn/T/playwright-java-4501332805832521530/package/lib/server/utils/pipeTransport.js:76:16)
    at process.processImmediate (node:internal/timers:485:21)
}
at com.microsoft.playwright.impl.WaitableResult.get(WaitableResult.java:54)
at com.microsoft.playwright.impl.ChannelOwner.runUntil(ChannelOwner.java:138)
at com.microsoft.playwright.impl.Connection.sendMessage(Connection.java:131)
at com.microsoft.playwright.impl.ChannelOwner.sendMessage(ChannelOwner.java:124)
at com.microsoft.playwright.impl.FrameImpl.clickImpl(FrameImpl.java:241)
at com.microsoft.playwright.impl.PageImpl.click(PageImpl.java:680)
at com.microsoft.playwright.Page.click(Page.java:3931)
at playwright.Add100leadForProject.addLead(Add100leadForProject.java:67)
at playwright.Add100leadForProject.addMultipleLeads(Add100leadForProject.java:111)
at java.base/jdk.internal.reflect.DirectMethodHandleAccessor.invoke(DirectMethodHandleAccessor.java:103)
at java.base/java.lang.reflect.Method.invoke(Method.java:580)
at org.testng.internal.invokers.MethodInvocationHelper.invokeMethod(MethodInvocationHelper.java:141)
at org.testng.internal.invokers.TestInvoker.invokeMethod(TestInvoker.java:687)
at org.testng.internal.invokers.TestInvoker.invokeTestMethod(TestInvoker.java:230)
at org.testng.internal.invokers.TestMethodWithDataProviderMethodWorker.call(TestMethodWithDataProviderMethodWorker.java:81)
at org.testng.internal.thread.Async$AsyncTask.run(Async.java:34)
at java.base/java.util.concurrent.ThreadPoolExecutor.runWorker(ThreadPoolExecutor.java:1144)
at java.base/java.util.concurrent.ThreadPoolExecutor$Worker.run(ThreadPoolExecutor.java:642)
at java.base/java.lang.Thread.run(Thread.java:1583)
Caused by: com.microsoft.playwright.impl.TargetClosedError: Error {
  message='Target page, context or browser has been closed
  name='TargetClosedError
  stack='TargetClosedError: Target page, context or browser has been closed
    at DispatcherConnection.dispatch (/private/var/folders/1b/cqmvqvbd4sg1xvl1gc93cfyh0000gn/T/playwright-java-4501332805832521530/package/lib/server/dispatchers/dispatcher.js:243:69)
    at transport.onmessage (/private/var/folders/1b/cqmvqvbd4sg1xvl1gc93cfyh0000gn/T/playwright-java-4501332805832521530/package/lib/cli/driver.js:53:59)
    at Immediate._onImmediate (/private/var/folders/1b/cqmvqvbd4sg1xvl1gc93cfyh0000gn/T/playwright-java-4501332805832521530/package/lib/server/utils/pipeTransport.js:76:16)
    at process.processImmediate (node:internal/timers:485:21)
}
at com.microsoft.playwright.impl.Connection.dispatch(Connection.java:259)
at com.microsoft.playwright.impl.Connection.processOneMessage(Connection.java:214)
at com.microsoft.playwright.impl.ChannelOwner.runUntil(ChannelOwner.java:136)
... 17 more
]]>
    </error>
  </testcase> <!-- addMultipleLeads -->
  <testcase classname="playwright.Add100leadForProject" name="addMultipleLeads" time="0.020">
    <error message="Error {
  message=&#039;Target page, context or browser has been closed
  name=&#039;TargetClosedError
  stack=&#039;TargetClosedError: Target page, context or browser has been closed
    at DispatcherConnection.dispatch (/private/var/folders/1b/cqmvqvbd4sg1xvl1gc93cfyh0000gn/T/playwright-java-4501332805832521530/package/lib/server/dispatchers/dispatcher.js:243:69)
    at transport.onmessage (/private/var/folders/1b/cqmvqvbd4sg1xvl1gc93cfyh0000gn/T/playwright-java-4501332805832521530/package/lib/cli/driver.js:53:59)
    at Immediate._onImmediate (/private/var/folders/1b/cqmvqvbd4sg1xvl1gc93cfyh0000gn/T/playwright-java-4501332805832521530/package/lib/server/utils/pipeTransport.js:76:16)
    at process.processImmediate (node:internal/timers:485:21)
}" type="com.microsoft.playwright.impl.TargetClosedError">
      <![CDATA[com.microsoft.playwright.impl.TargetClosedError: Error {
  message='Target page, context or browser has been closed
  name='TargetClosedError
  stack='TargetClosedError: Target page, context or browser has been closed
    at DispatcherConnection.dispatch (/private/var/folders/1b/cqmvqvbd4sg1xvl1gc93cfyh0000gn/T/playwright-java-4501332805832521530/package/lib/server/dispatchers/dispatcher.js:243:69)
    at transport.onmessage (/private/var/folders/1b/cqmvqvbd4sg1xvl1gc93cfyh0000gn/T/playwright-java-4501332805832521530/package/lib/cli/driver.js:53:59)
    at Immediate._onImmediate (/private/var/folders/1b/cqmvqvbd4sg1xvl1gc93cfyh0000gn/T/playwright-java-4501332805832521530/package/lib/server/utils/pipeTransport.js:76:16)
    at process.processImmediate (node:internal/timers:485:21)
}
at com.microsoft.playwright.impl.WaitableResult.get(WaitableResult.java:54)
at com.microsoft.playwright.impl.ChannelOwner.runUntil(ChannelOwner.java:138)
at com.microsoft.playwright.impl.Connection.sendMessage(Connection.java:131)
at com.microsoft.playwright.impl.ChannelOwner.sendMessage(ChannelOwner.java:124)
at com.microsoft.playwright.impl.FrameImpl.clickImpl(FrameImpl.java:241)
at com.microsoft.playwright.impl.PageImpl.click(PageImpl.java:680)
at com.microsoft.playwright.Page.click(Page.java:3931)
at playwright.Add100leadForProject.addLead(Add100leadForProject.java:67)
at playwright.Add100leadForProject.addMultipleLeads(Add100leadForProject.java:111)
at java.base/jdk.internal.reflect.DirectMethodHandleAccessor.invoke(DirectMethodHandleAccessor.java:103)
at java.base/java.lang.reflect.Method.invoke(Method.java:580)
at org.testng.internal.invokers.MethodInvocationHelper.invokeMethod(MethodInvocationHelper.java:141)
at org.testng.internal.invokers.TestInvoker.invokeMethod(TestInvoker.java:687)
at org.testng.internal.invokers.TestInvoker.invokeTestMethod(TestInvoker.java:230)
at org.testng.internal.invokers.TestMethodWithDataProviderMethodWorker.call(TestMethodWithDataProviderMethodWorker.java:81)
at org.testng.internal.thread.Async$AsyncTask.run(Async.java:34)
at java.base/java.util.concurrent.ThreadPoolExecutor.runWorker(ThreadPoolExecutor.java:1144)
at java.base/java.util.concurrent.ThreadPoolExecutor$Worker.run(ThreadPoolExecutor.java:642)
at java.base/java.lang.Thread.run(Thread.java:1583)
Caused by: com.microsoft.playwright.impl.TargetClosedError: Error {
  message='Target page, context or browser has been closed
  name='TargetClosedError
  stack='TargetClosedError: Target page, context or browser has been closed
    at DispatcherConnection.dispatch (/private/var/folders/1b/cqmvqvbd4sg1xvl1gc93cfyh0000gn/T/playwright-java-4501332805832521530/package/lib/server/dispatchers/dispatcher.js:243:69)
    at transport.onmessage (/private/var/folders/1b/cqmvqvbd4sg1xvl1gc93cfyh0000gn/T/playwright-java-4501332805832521530/package/lib/cli/driver.js:53:59)
    at Immediate._onImmediate (/private/var/folders/1b/cqmvqvbd4sg1xvl1gc93cfyh0000gn/T/playwright-java-4501332805832521530/package/lib/server/utils/pipeTransport.js:76:16)
    at process.processImmediate (node:internal/timers:485:21)
}
at com.microsoft.playwright.impl.Connection.dispatch(Connection.java:259)
at com.microsoft.playwright.impl.Connection.processOneMessage(Connection.java:214)
at com.microsoft.playwright.impl.ChannelOwner.runUntil(ChannelOwner.java:136)
... 17 more
]]>
    </error>
  </testcase> <!-- addMultipleLeads -->
  <testcase classname="playwright.Add100leadForProject" name="addMultipleLeads" time="0.001">
    <error message="Error {
  message=&#039;Target page, context or browser has been closed
  name=&#039;TargetClosedError
  stack=&#039;TargetClosedError: Target page, context or browser has been closed
    at DispatcherConnection.dispatch (/private/var/folders/1b/cqmvqvbd4sg1xvl1gc93cfyh0000gn/T/playwright-java-4501332805832521530/package/lib/server/dispatchers/dispatcher.js:243:69)
    at transport.onmessage (/private/var/folders/1b/cqmvqvbd4sg1xvl1gc93cfyh0000gn/T/playwright-java-4501332805832521530/package/lib/cli/driver.js:53:59)
    at Immediate._onImmediate (/private/var/folders/1b/cqmvqvbd4sg1xvl1gc93cfyh0000gn/T/playwright-java-4501332805832521530/package/lib/server/utils/pipeTransport.js:76:16)
    at process.processImmediate (node:internal/timers:485:21)
}" type="com.microsoft.playwright.impl.TargetClosedError">
      <![CDATA[com.microsoft.playwright.impl.TargetClosedError: Error {
  message='Target page, context or browser has been closed
  name='TargetClosedError
  stack='TargetClosedError: Target page, context or browser has been closed
    at DispatcherConnection.dispatch (/private/var/folders/1b/cqmvqvbd4sg1xvl1gc93cfyh0000gn/T/playwright-java-4501332805832521530/package/lib/server/dispatchers/dispatcher.js:243:69)
    at transport.onmessage (/private/var/folders/1b/cqmvqvbd4sg1xvl1gc93cfyh0000gn/T/playwright-java-4501332805832521530/package/lib/cli/driver.js:53:59)
    at Immediate._onImmediate (/private/var/folders/1b/cqmvqvbd4sg1xvl1gc93cfyh0000gn/T/playwright-java-4501332805832521530/package/lib/server/utils/pipeTransport.js:76:16)
    at process.processImmediate (node:internal/timers:485:21)
}
at com.microsoft.playwright.impl.WaitableResult.get(WaitableResult.java:54)
at com.microsoft.playwright.impl.ChannelOwner.runUntil(ChannelOwner.java:138)
at com.microsoft.playwright.impl.Connection.sendMessage(Connection.java:131)
at com.microsoft.playwright.impl.ChannelOwner.sendMessage(ChannelOwner.java:124)
at com.microsoft.playwright.impl.FrameImpl.clickImpl(FrameImpl.java:241)
at com.microsoft.playwright.impl.PageImpl.click(PageImpl.java:680)
at com.microsoft.playwright.Page.click(Page.java:3931)
at playwright.Add100leadForProject.addLead(Add100leadForProject.java:67)
at playwright.Add100leadForProject.addMultipleLeads(Add100leadForProject.java:111)
at java.base/jdk.internal.reflect.DirectMethodHandleAccessor.invoke(DirectMethodHandleAccessor.java:103)
at java.base/java.lang.reflect.Method.invoke(Method.java:580)
at org.testng.internal.invokers.MethodInvocationHelper.invokeMethod(MethodInvocationHelper.java:141)
at org.testng.internal.invokers.TestInvoker.invokeMethod(TestInvoker.java:687)
at org.testng.internal.invokers.TestInvoker.invokeTestMethod(TestInvoker.java:230)
at org.testng.internal.invokers.TestMethodWithDataProviderMethodWorker.call(TestMethodWithDataProviderMethodWorker.java:81)
at org.testng.internal.thread.Async$AsyncTask.run(Async.java:34)
at java.base/java.util.concurrent.ThreadPoolExecutor.runWorker(ThreadPoolExecutor.java:1144)
at java.base/java.util.concurrent.ThreadPoolExecutor$Worker.run(ThreadPoolExecutor.java:642)
at java.base/java.lang.Thread.run(Thread.java:1583)
Caused by: com.microsoft.playwright.impl.TargetClosedError: Error {
  message='Target page, context or browser has been closed
  name='TargetClosedError
  stack='TargetClosedError: Target page, context or browser has been closed
    at DispatcherConnection.dispatch (/private/var/folders/1b/cqmvqvbd4sg1xvl1gc93cfyh0000gn/T/playwright-java-4501332805832521530/package/lib/server/dispatchers/dispatcher.js:243:69)
    at transport.onmessage (/private/var/folders/1b/cqmvqvbd4sg1xvl1gc93cfyh0000gn/T/playwright-java-4501332805832521530/package/lib/cli/driver.js:53:59)
    at Immediate._onImmediate (/private/var/folders/1b/cqmvqvbd4sg1xvl1gc93cfyh0000gn/T/playwright-java-4501332805832521530/package/lib/server/utils/pipeTransport.js:76:16)
    at process.processImmediate (node:internal/timers:485:21)
}
at com.microsoft.playwright.impl.Connection.dispatch(Connection.java:259)
at com.microsoft.playwright.impl.Connection.processOneMessage(Connection.java:214)
at com.microsoft.playwright.impl.ChannelOwner.runUntil(ChannelOwner.java:136)
... 17 more
]]>
    </error>
  </testcase> <!-- addMultipleLeads -->
  <testcase classname="playwright.Add100leadForProject" name="addMultipleLeads" time="0.017">
    <error message="Error {
  message=&#039;Target page, context or browser has been closed
  name=&#039;TargetClosedError
  stack=&#039;TargetClosedError: Target page, context or browser has been closed
    at DispatcherConnection.dispatch (/private/var/folders/1b/cqmvqvbd4sg1xvl1gc93cfyh0000gn/T/playwright-java-4501332805832521530/package/lib/server/dispatchers/dispatcher.js:243:69)
    at transport.onmessage (/private/var/folders/1b/cqmvqvbd4sg1xvl1gc93cfyh0000gn/T/playwright-java-4501332805832521530/package/lib/cli/driver.js:53:59)
    at Immediate._onImmediate (/private/var/folders/1b/cqmvqvbd4sg1xvl1gc93cfyh0000gn/T/playwright-java-4501332805832521530/package/lib/server/utils/pipeTransport.js:76:16)
    at process.processImmediate (node:internal/timers:485:21)
}" type="com.microsoft.playwright.impl.TargetClosedError">
      <![CDATA[com.microsoft.playwright.impl.TargetClosedError: Error {
  message='Target page, context or browser has been closed
  name='TargetClosedError
  stack='TargetClosedError: Target page, context or browser has been closed
    at DispatcherConnection.dispatch (/private/var/folders/1b/cqmvqvbd4sg1xvl1gc93cfyh0000gn/T/playwright-java-4501332805832521530/package/lib/server/dispatchers/dispatcher.js:243:69)
    at transport.onmessage (/private/var/folders/1b/cqmvqvbd4sg1xvl1gc93cfyh0000gn/T/playwright-java-4501332805832521530/package/lib/cli/driver.js:53:59)
    at Immediate._onImmediate (/private/var/folders/1b/cqmvqvbd4sg1xvl1gc93cfyh0000gn/T/playwright-java-4501332805832521530/package/lib/server/utils/pipeTransport.js:76:16)
    at process.processImmediate (node:internal/timers:485:21)
}
at com.microsoft.playwright.impl.WaitableResult.get(WaitableResult.java:54)
at com.microsoft.playwright.impl.ChannelOwner.runUntil(ChannelOwner.java:138)
at com.microsoft.playwright.impl.Connection.sendMessage(Connection.java:131)
at com.microsoft.playwright.impl.ChannelOwner.sendMessage(ChannelOwner.java:124)
at com.microsoft.playwright.impl.FrameImpl.clickImpl(FrameImpl.java:241)
at com.microsoft.playwright.impl.PageImpl.click(PageImpl.java:680)
at com.microsoft.playwright.Page.click(Page.java:3931)
at playwright.Add100leadForProject.addLead(Add100leadForProject.java:67)
at playwright.Add100leadForProject.addMultipleLeads(Add100leadForProject.java:111)
at java.base/jdk.internal.reflect.DirectMethodHandleAccessor.invoke(DirectMethodHandleAccessor.java:103)
at java.base/java.lang.reflect.Method.invoke(Method.java:580)
at org.testng.internal.invokers.MethodInvocationHelper.invokeMethod(MethodInvocationHelper.java:141)
at org.testng.internal.invokers.TestInvoker.invokeMethod(TestInvoker.java:687)
at org.testng.internal.invokers.TestInvoker.invokeTestMethod(TestInvoker.java:230)
at org.testng.internal.invokers.TestMethodWithDataProviderMethodWorker.call(TestMethodWithDataProviderMethodWorker.java:81)
at org.testng.internal.thread.Async$AsyncTask.run(Async.java:34)
at java.base/java.util.concurrent.ThreadPoolExecutor.runWorker(ThreadPoolExecutor.java:1144)
at java.base/java.util.concurrent.ThreadPoolExecutor$Worker.run(ThreadPoolExecutor.java:642)
at java.base/java.lang.Thread.run(Thread.java:1583)
Caused by: com.microsoft.playwright.impl.TargetClosedError: Error {
  message='Target page, context or browser has been closed
  name='TargetClosedError
  stack='TargetClosedError: Target page, context or browser has been closed
    at DispatcherConnection.dispatch (/private/var/folders/1b/cqmvqvbd4sg1xvl1gc93cfyh0000gn/T/playwright-java-4501332805832521530/package/lib/server/dispatchers/dispatcher.js:243:69)
    at transport.onmessage (/private/var/folders/1b/cqmvqvbd4sg1xvl1gc93cfyh0000gn/T/playwright-java-4501332805832521530/package/lib/cli/driver.js:53:59)
    at Immediate._onImmediate (/private/var/folders/1b/cqmvqvbd4sg1xvl1gc93cfyh0000gn/T/playwright-java-4501332805832521530/package/lib/server/utils/pipeTransport.js:76:16)
    at process.processImmediate (node:internal/timers:485:21)
}
at com.microsoft.playwright.impl.Connection.dispatch(Connection.java:259)
at com.microsoft.playwright.impl.Connection.processOneMessage(Connection.java:214)
at com.microsoft.playwright.impl.ChannelOwner.runUntil(ChannelOwner.java:136)
... 17 more
]]>
    </error>
  </testcase> <!-- addMultipleLeads -->
  <testcase classname="playwright.Add100leadForProject" name="addMultipleLeads" time="0.011">
    <error message="Error {
  message=&#039;Target page, context or browser has been closed
  name=&#039;TargetClosedError
  stack=&#039;TargetClosedError: Target page, context or browser has been closed
    at DispatcherConnection.dispatch (/private/var/folders/1b/cqmvqvbd4sg1xvl1gc93cfyh0000gn/T/playwright-java-4501332805832521530/package/lib/server/dispatchers/dispatcher.js:243:69)
    at transport.onmessage (/private/var/folders/1b/cqmvqvbd4sg1xvl1gc93cfyh0000gn/T/playwright-java-4501332805832521530/package/lib/cli/driver.js:53:59)
    at Immediate._onImmediate (/private/var/folders/1b/cqmvqvbd4sg1xvl1gc93cfyh0000gn/T/playwright-java-4501332805832521530/package/lib/server/utils/pipeTransport.js:76:16)
    at process.processImmediate (node:internal/timers:485:21)
}" type="com.microsoft.playwright.impl.TargetClosedError">
      <![CDATA[com.microsoft.playwright.impl.TargetClosedError: Error {
  message='Target page, context or browser has been closed
  name='TargetClosedError
  stack='TargetClosedError: Target page, context or browser has been closed
    at DispatcherConnection.dispatch (/private/var/folders/1b/cqmvqvbd4sg1xvl1gc93cfyh0000gn/T/playwright-java-4501332805832521530/package/lib/server/dispatchers/dispatcher.js:243:69)
    at transport.onmessage (/private/var/folders/1b/cqmvqvbd4sg1xvl1gc93cfyh0000gn/T/playwright-java-4501332805832521530/package/lib/cli/driver.js:53:59)
    at Immediate._onImmediate (/private/var/folders/1b/cqmvqvbd4sg1xvl1gc93cfyh0000gn/T/playwright-java-4501332805832521530/package/lib/server/utils/pipeTransport.js:76:16)
    at process.processImmediate (node:internal/timers:485:21)
}
at com.microsoft.playwright.impl.WaitableResult.get(WaitableResult.java:54)
at com.microsoft.playwright.impl.ChannelOwner.runUntil(ChannelOwner.java:138)
at com.microsoft.playwright.impl.Connection.sendMessage(Connection.java:131)
at com.microsoft.playwright.impl.ChannelOwner.sendMessage(ChannelOwner.java:124)
at com.microsoft.playwright.impl.FrameImpl.clickImpl(FrameImpl.java:241)
at com.microsoft.playwright.impl.PageImpl.click(PageImpl.java:680)
at com.microsoft.playwright.Page.click(Page.java:3931)
at playwright.Add100leadForProject.addLead(Add100leadForProject.java:67)
at playwright.Add100leadForProject.addMultipleLeads(Add100leadForProject.java:111)
at java.base/jdk.internal.reflect.DirectMethodHandleAccessor.invoke(DirectMethodHandleAccessor.java:103)
at java.base/java.lang.reflect.Method.invoke(Method.java:580)
at org.testng.internal.invokers.MethodInvocationHelper.invokeMethod(MethodInvocationHelper.java:141)
at org.testng.internal.invokers.TestInvoker.invokeMethod(TestInvoker.java:687)
at org.testng.internal.invokers.TestInvoker.invokeTestMethod(TestInvoker.java:230)
at org.testng.internal.invokers.TestMethodWithDataProviderMethodWorker.call(TestMethodWithDataProviderMethodWorker.java:81)
at org.testng.internal.thread.Async$AsyncTask.run(Async.java:34)
at java.base/java.util.concurrent.ThreadPoolExecutor.runWorker(ThreadPoolExecutor.java:1144)
at java.base/java.util.concurrent.ThreadPoolExecutor$Worker.run(ThreadPoolExecutor.java:642)
at java.base/java.lang.Thread.run(Thread.java:1583)
Caused by: com.microsoft.playwright.impl.TargetClosedError: Error {
  message='Target page, context or browser has been closed
  name='TargetClosedError
  stack='TargetClosedError: Target page, context or browser has been closed
    at DispatcherConnection.dispatch (/private/var/folders/1b/cqmvqvbd4sg1xvl1gc93cfyh0000gn/T/playwright-java-4501332805832521530/package/lib/server/dispatchers/dispatcher.js:243:69)
    at transport.onmessage (/private/var/folders/1b/cqmvqvbd4sg1xvl1gc93cfyh0000gn/T/playwright-java-4501332805832521530/package/lib/cli/driver.js:53:59)
    at Immediate._onImmediate (/private/var/folders/1b/cqmvqvbd4sg1xvl1gc93cfyh0000gn/T/playwright-java-4501332805832521530/package/lib/server/utils/pipeTransport.js:76:16)
    at process.processImmediate (node:internal/timers:485:21)
}
at com.microsoft.playwright.impl.Connection.dispatch(Connection.java:259)
at com.microsoft.playwright.impl.Connection.processOneMessage(Connection.java:214)
at com.microsoft.playwright.impl.ChannelOwner.runUntil(ChannelOwner.java:136)
... 17 more
]]>
    </error>
  </testcase> <!-- addMultipleLeads -->
  <testcase classname="playwright.Add100leadForProject" name="addMultipleLeads" time="0.005">
    <error message="Error {
  message=&#039;Target page, context or browser has been closed
  name=&#039;TargetClosedError
  stack=&#039;TargetClosedError: Target page, context or browser has been closed
    at DispatcherConnection.dispatch (/private/var/folders/1b/cqmvqvbd4sg1xvl1gc93cfyh0000gn/T/playwright-java-4501332805832521530/package/lib/server/dispatchers/dispatcher.js:243:69)
    at transport.onmessage (/private/var/folders/1b/cqmvqvbd4sg1xvl1gc93cfyh0000gn/T/playwright-java-4501332805832521530/package/lib/cli/driver.js:53:59)
    at Immediate._onImmediate (/private/var/folders/1b/cqmvqvbd4sg1xvl1gc93cfyh0000gn/T/playwright-java-4501332805832521530/package/lib/server/utils/pipeTransport.js:76:16)
    at process.processImmediate (node:internal/timers:485:21)
}" type="com.microsoft.playwright.impl.TargetClosedError">
      <![CDATA[com.microsoft.playwright.impl.TargetClosedError: Error {
  message='Target page, context or browser has been closed
  name='TargetClosedError
  stack='TargetClosedError: Target page, context or browser has been closed
    at DispatcherConnection.dispatch (/private/var/folders/1b/cqmvqvbd4sg1xvl1gc93cfyh0000gn/T/playwright-java-4501332805832521530/package/lib/server/dispatchers/dispatcher.js:243:69)
    at transport.onmessage (/private/var/folders/1b/cqmvqvbd4sg1xvl1gc93cfyh0000gn/T/playwright-java-4501332805832521530/package/lib/cli/driver.js:53:59)
    at Immediate._onImmediate (/private/var/folders/1b/cqmvqvbd4sg1xvl1gc93cfyh0000gn/T/playwright-java-4501332805832521530/package/lib/server/utils/pipeTransport.js:76:16)
    at process.processImmediate (node:internal/timers:485:21)
}
at com.microsoft.playwright.impl.WaitableResult.get(WaitableResult.java:54)
at com.microsoft.playwright.impl.ChannelOwner.runUntil(ChannelOwner.java:138)
at com.microsoft.playwright.impl.Connection.sendMessage(Connection.java:131)
at com.microsoft.playwright.impl.ChannelOwner.sendMessage(ChannelOwner.java:124)
at com.microsoft.playwright.impl.FrameImpl.clickImpl(FrameImpl.java:241)
at com.microsoft.playwright.impl.PageImpl.click(PageImpl.java:680)
at com.microsoft.playwright.Page.click(Page.java:3931)
at playwright.Add100leadForProject.addLead(Add100leadForProject.java:67)
at playwright.Add100leadForProject.addMultipleLeads(Add100leadForProject.java:111)
at java.base/jdk.internal.reflect.DirectMethodHandleAccessor.invoke(DirectMethodHandleAccessor.java:103)
at java.base/java.lang.reflect.Method.invoke(Method.java:580)
at org.testng.internal.invokers.MethodInvocationHelper.invokeMethod(MethodInvocationHelper.java:141)
at org.testng.internal.invokers.TestInvoker.invokeMethod(TestInvoker.java:687)
at org.testng.internal.invokers.TestInvoker.invokeTestMethod(TestInvoker.java:230)
at org.testng.internal.invokers.TestMethodWithDataProviderMethodWorker.call(TestMethodWithDataProviderMethodWorker.java:81)
at org.testng.internal.thread.Async$AsyncTask.run(Async.java:34)
at java.base/java.util.concurrent.ThreadPoolExecutor.runWorker(ThreadPoolExecutor.java:1144)
at java.base/java.util.concurrent.ThreadPoolExecutor$Worker.run(ThreadPoolExecutor.java:642)
at java.base/java.lang.Thread.run(Thread.java:1583)
Caused by: com.microsoft.playwright.impl.TargetClosedError: Error {
  message='Target page, context or browser has been closed
  name='TargetClosedError
  stack='TargetClosedError: Target page, context or browser has been closed
    at DispatcherConnection.dispatch (/private/var/folders/1b/cqmvqvbd4sg1xvl1gc93cfyh0000gn/T/playwright-java-4501332805832521530/package/lib/server/dispatchers/dispatcher.js:243:69)
    at transport.onmessage (/private/var/folders/1b/cqmvqvbd4sg1xvl1gc93cfyh0000gn/T/playwright-java-4501332805832521530/package/lib/cli/driver.js:53:59)
    at Immediate._onImmediate (/private/var/folders/1b/cqmvqvbd4sg1xvl1gc93cfyh0000gn/T/playwright-java-4501332805832521530/package/lib/server/utils/pipeTransport.js:76:16)
    at process.processImmediate (node:internal/timers:485:21)
}
at com.microsoft.playwright.impl.Connection.dispatch(Connection.java:259)
at com.microsoft.playwright.impl.Connection.processOneMessage(Connection.java:214)
at com.microsoft.playwright.impl.ChannelOwner.runUntil(ChannelOwner.java:136)
... 17 more
]]>
    </error>
  </testcase> <!-- addMultipleLeads -->
  <testcase classname="playwright.Add100leadForProject" name="addMultipleLeads" time="0.012">
    <error message="Error {
  message=&#039;Target page, context or browser has been closed
  name=&#039;TargetClosedError
  stack=&#039;TargetClosedError: Target page, context or browser has been closed
    at DispatcherConnection.dispatch (/private/var/folders/1b/cqmvqvbd4sg1xvl1gc93cfyh0000gn/T/playwright-java-4501332805832521530/package/lib/server/dispatchers/dispatcher.js:243:69)
    at transport.onmessage (/private/var/folders/1b/cqmvqvbd4sg1xvl1gc93cfyh0000gn/T/playwright-java-4501332805832521530/package/lib/cli/driver.js:53:59)
    at Immediate._onImmediate (/private/var/folders/1b/cqmvqvbd4sg1xvl1gc93cfyh0000gn/T/playwright-java-4501332805832521530/package/lib/server/utils/pipeTransport.js:76:16)
    at process.processImmediate (node:internal/timers:485:21)
}" type="com.microsoft.playwright.impl.TargetClosedError">
      <![CDATA[com.microsoft.playwright.impl.TargetClosedError: Error {
  message='Target page, context or browser has been closed
  name='TargetClosedError
  stack='TargetClosedError: Target page, context or browser has been closed
    at DispatcherConnection.dispatch (/private/var/folders/1b/cqmvqvbd4sg1xvl1gc93cfyh0000gn/T/playwright-java-4501332805832521530/package/lib/server/dispatchers/dispatcher.js:243:69)
    at transport.onmessage (/private/var/folders/1b/cqmvqvbd4sg1xvl1gc93cfyh0000gn/T/playwright-java-4501332805832521530/package/lib/cli/driver.js:53:59)
    at Immediate._onImmediate (/private/var/folders/1b/cqmvqvbd4sg1xvl1gc93cfyh0000gn/T/playwright-java-4501332805832521530/package/lib/server/utils/pipeTransport.js:76:16)
    at process.processImmediate (node:internal/timers:485:21)
}
at com.microsoft.playwright.impl.WaitableResult.get(WaitableResult.java:54)
at com.microsoft.playwright.impl.ChannelOwner.runUntil(ChannelOwner.java:138)
at com.microsoft.playwright.impl.Connection.sendMessage(Connection.java:131)
at com.microsoft.playwright.impl.ChannelOwner.sendMessage(ChannelOwner.java:124)
at com.microsoft.playwright.impl.FrameImpl.clickImpl(FrameImpl.java:241)
at com.microsoft.playwright.impl.PageImpl.click(PageImpl.java:680)
at com.microsoft.playwright.Page.click(Page.java:3931)
at playwright.Add100leadForProject.addLead(Add100leadForProject.java:67)
at playwright.Add100leadForProject.addMultipleLeads(Add100leadForProject.java:111)
at java.base/jdk.internal.reflect.DirectMethodHandleAccessor.invoke(DirectMethodHandleAccessor.java:103)
at java.base/java.lang.reflect.Method.invoke(Method.java:580)
at org.testng.internal.invokers.MethodInvocationHelper.invokeMethod(MethodInvocationHelper.java:141)
at org.testng.internal.invokers.TestInvoker.invokeMethod(TestInvoker.java:687)
at org.testng.internal.invokers.TestInvoker.invokeTestMethod(TestInvoker.java:230)
at org.testng.internal.invokers.TestMethodWithDataProviderMethodWorker.call(TestMethodWithDataProviderMethodWorker.java:81)
at org.testng.internal.thread.Async$AsyncTask.run(Async.java:34)
at java.base/java.util.concurrent.ThreadPoolExecutor.runWorker(ThreadPoolExecutor.java:1144)
at java.base/java.util.concurrent.ThreadPoolExecutor$Worker.run(ThreadPoolExecutor.java:642)
at java.base/java.lang.Thread.run(Thread.java:1583)
Caused by: com.microsoft.playwright.impl.TargetClosedError: Error {
  message='Target page, context or browser has been closed
  name='TargetClosedError
  stack='TargetClosedError: Target page, context or browser has been closed
    at DispatcherConnection.dispatch (/private/var/folders/1b/cqmvqvbd4sg1xvl1gc93cfyh0000gn/T/playwright-java-4501332805832521530/package/lib/server/dispatchers/dispatcher.js:243:69)
    at transport.onmessage (/private/var/folders/1b/cqmvqvbd4sg1xvl1gc93cfyh0000gn/T/playwright-java-4501332805832521530/package/lib/cli/driver.js:53:59)
    at Immediate._onImmediate (/private/var/folders/1b/cqmvqvbd4sg1xvl1gc93cfyh0000gn/T/playwright-java-4501332805832521530/package/lib/server/utils/pipeTransport.js:76:16)
    at process.processImmediate (node:internal/timers:485:21)
}
at com.microsoft.playwright.impl.Connection.dispatch(Connection.java:259)
at com.microsoft.playwright.impl.Connection.processOneMessage(Connection.java:214)
at com.microsoft.playwright.impl.ChannelOwner.runUntil(ChannelOwner.java:136)
... 17 more
]]>
    </error>
  </testcase> <!-- addMultipleLeads -->
  <testcase classname="playwright.Add100leadForProject" name="addMultipleLeads" time="15.875">
    <error message="Error {
  message=&#039;Target page, context or browser has been closed
  name=&#039;TargetClosedError
  stack=&#039;TargetClosedError:Target page, context or browser has been closed
Error
    at captureRawStack (/private/var/folders/1b/cqmvqvbd4sg1xvl1gc93cfyh0000gn/T/playwright-java-4501332805832521530/package/lib/utils/isomorphic/stackTrace.js:32:17)
    at LongStandingScope._race (/private/var/folders/1b/cqmvqvbd4sg1xvl1gc93cfyh0000gn/T/playwright-java-4501332805832521530/package/lib/utils/isomorphic/manualPromise.js:87:58)
    at LongStandingScope.race (/private/var/folders/1b/cqmvqvbd4sg1xvl1gc93cfyh0000gn/T/playwright-java-4501332805832521530/package/lib/utils/isomorphic/manualPromise.js:80:17)
    at /private/var/folders/1b/cqmvqvbd4sg1xvl1gc93cfyh0000gn/T/playwright-java-4501332805832521530/package/lib/utils/isomorphic/manualPromise.js:77:45
    at Array.map (&lt;anonymous&gt;)
    at LongStandingScope.raceMultiple (/private/var/folders/1b/cqmvqvbd4sg1xvl1gc93cfyh0000gn/T/playwright-java-4501332805832521530/package/lib/utils/isomorphic/manualPromise.js:77:32)
    at Frame.retryWithProgressAndTimeouts (/private/var/folders/1b/cqmvqvbd4sg1xvl1gc93cfyh0000gn/T/playwright-java-4501332805832521530/package/lib/server/frames.js:877:46)
    at runNextTicks (node:internal/process/task_queues:65:5)
    at process.processImmediate (node:internal/timers:453:9)
    at async /private/var/folders/1b/cqmvqvbd4sg1xvl1gc93cfyh0000gn/T/playwright-java-4501332805832521530/package/lib/server/frames.js:960:29
    at async ProgressController.run (/private/var/folders/1b/cqmvqvbd4sg1xvl1gc93cfyh0000gn/T/playwright-java-4501332805832521530/package/lib/server/progress.js:80:22)
    at async FrameDispatcher.click (/private/var/folders/1b/cqmvqvbd4sg1xvl1gc93cfyh0000gn/T/playwright-java-4501332805832521530/package/lib/server/dispatchers/frameDispatcher.js:117:12)
    at async LongStandingScope._race (/private/var/folders/1b/cqmvqvbd4sg1xvl1gc93cfyh0000gn/T/playwright-java-4501332805832521530/package/lib/utils/isomorphic/manualPromise.js:94:14)
    at async FrameDispatcher._handleCommand (/private/var/folders/1b/cqmvqvbd4sg1xvl1gc93cfyh0000gn/T/playwright-java-4501332805832521530/package/lib/server/dispatchers/dispatcher.js:90:14)
    at async DispatcherConnection.dispatch (/private/var/folders/1b/cqmvqvbd4sg1xvl1gc93cfyh0000gn/T/playwright-java-4501332805832521530/package/lib/server/dispatchers/dispatcher.js:309:22)
}
Call log:
-   - waiting for locator(&quot;xpath=(//p[@data-size=&#039;sm&#039;])[4]&quot;)
" type="com.microsoft.playwright.impl.TargetClosedError">
      <![CDATA[com.microsoft.playwright.impl.TargetClosedError: Error {
  message='Target page, context or browser has been closed
  name='TargetClosedError
  stack='TargetClosedError:Target page, context or browser has been closed
Error
    at captureRawStack (/private/var/folders/1b/cqmvqvbd4sg1xvl1gc93cfyh0000gn/T/playwright-java-4501332805832521530/package/lib/utils/isomorphic/stackTrace.js:32:17)
    at LongStandingScope._race (/private/var/folders/1b/cqmvqvbd4sg1xvl1gc93cfyh0000gn/T/playwright-java-4501332805832521530/package/lib/utils/isomorphic/manualPromise.js:87:58)
    at LongStandingScope.race (/private/var/folders/1b/cqmvqvbd4sg1xvl1gc93cfyh0000gn/T/playwright-java-4501332805832521530/package/lib/utils/isomorphic/manualPromise.js:80:17)
    at /private/var/folders/1b/cqmvqvbd4sg1xvl1gc93cfyh0000gn/T/playwright-java-4501332805832521530/package/lib/utils/isomorphic/manualPromise.js:77:45
    at Array.map (<anonymous>)
    at LongStandingScope.raceMultiple (/private/var/folders/1b/cqmvqvbd4sg1xvl1gc93cfyh0000gn/T/playwright-java-4501332805832521530/package/lib/utils/isomorphic/manualPromise.js:77:32)
    at Frame.retryWithProgressAndTimeouts (/private/var/folders/1b/cqmvqvbd4sg1xvl1gc93cfyh0000gn/T/playwright-java-4501332805832521530/package/lib/server/frames.js:877:46)
    at runNextTicks (node:internal/process/task_queues:65:5)
    at process.processImmediate (node:internal/timers:453:9)
    at async /private/var/folders/1b/cqmvqvbd4sg1xvl1gc93cfyh0000gn/T/playwright-java-4501332805832521530/package/lib/server/frames.js:960:29
    at async ProgressController.run (/private/var/folders/1b/cqmvqvbd4sg1xvl1gc93cfyh0000gn/T/playwright-java-4501332805832521530/package/lib/server/progress.js:80:22)
    at async FrameDispatcher.click (/private/var/folders/1b/cqmvqvbd4sg1xvl1gc93cfyh0000gn/T/playwright-java-4501332805832521530/package/lib/server/dispatchers/frameDispatcher.js:117:12)
    at async LongStandingScope._race (/private/var/folders/1b/cqmvqvbd4sg1xvl1gc93cfyh0000gn/T/playwright-java-4501332805832521530/package/lib/utils/isomorphic/manualPromise.js:94:14)
    at async FrameDispatcher._handleCommand (/private/var/folders/1b/cqmvqvbd4sg1xvl1gc93cfyh0000gn/T/playwright-java-4501332805832521530/package/lib/server/dispatchers/dispatcher.js:90:14)
    at async DispatcherConnection.dispatch (/private/var/folders/1b/cqmvqvbd4sg1xvl1gc93cfyh0000gn/T/playwright-java-4501332805832521530/package/lib/server/dispatchers/dispatcher.js:309:22)
}
Call log:
-   - waiting for locator("xpath=(//p[@data-size='sm'])[4]")

at com.microsoft.playwright.impl.WaitableResult.get(WaitableResult.java:54)
at com.microsoft.playwright.impl.ChannelOwner.runUntil(ChannelOwner.java:138)
at com.microsoft.playwright.impl.Connection.sendMessage(Connection.java:131)
at com.microsoft.playwright.impl.ChannelOwner.sendMessage(ChannelOwner.java:124)
at com.microsoft.playwright.impl.FrameImpl.clickImpl(FrameImpl.java:241)
at com.microsoft.playwright.impl.PageImpl.click(PageImpl.java:680)
at com.microsoft.playwright.Page.click(Page.java:3931)
at playwright.Add100leadForProject.addLead(Add100leadForProject.java:67)
at playwright.Add100leadForProject.addMultipleLeads(Add100leadForProject.java:111)
at java.base/jdk.internal.reflect.DirectMethodHandleAccessor.invoke(DirectMethodHandleAccessor.java:103)
at java.base/java.lang.reflect.Method.invoke(Method.java:580)
at org.testng.internal.invokers.MethodInvocationHelper.invokeMethod(MethodInvocationHelper.java:141)
at org.testng.internal.invokers.TestInvoker.invokeMethod(TestInvoker.java:687)
at org.testng.internal.invokers.TestInvoker.invokeTestMethod(TestInvoker.java:230)
at org.testng.internal.invokers.TestMethodWithDataProviderMethodWorker.call(TestMethodWithDataProviderMethodWorker.java:81)
at org.testng.internal.thread.Async$AsyncTask.run(Async.java:34)
at java.base/java.util.concurrent.ThreadPoolExecutor.runWorker(ThreadPoolExecutor.java:1144)
at java.base/java.util.concurrent.ThreadPoolExecutor$Worker.run(ThreadPoolExecutor.java:642)
at java.base/java.lang.Thread.run(Thread.java:1583)
Caused by: com.microsoft.playwright.impl.TargetClosedError: Error {
  message='Target page, context or browser has been closed
  name='TargetClosedError
  stack='TargetClosedError:Target page, context or browser has been closed
Error
    at captureRawStack (/private/var/folders/1b/cqmvqvbd4sg1xvl1gc93cfyh0000gn/T/playwright-java-4501332805832521530/package/lib/utils/isomorphic/stackTrace.js:32:17)
    at LongStandingScope._race (/private/var/folders/1b/cqmvqvbd4sg1xvl1gc93cfyh0000gn/T/playwright-java-4501332805832521530/package/lib/utils/isomorphic/manualPromise.js:87:58)
    at LongStandingScope.race (/private/var/folders/1b/cqmvqvbd4sg1xvl1gc93cfyh0000gn/T/playwright-java-4501332805832521530/package/lib/utils/isomorphic/manualPromise.js:80:17)
    at /private/var/folders/1b/cqmvqvbd4sg1xvl1gc93cfyh0000gn/T/playwright-java-4501332805832521530/package/lib/utils/isomorphic/manualPromise.js:77:45
    at Array.map (<anonymous>)
    at LongStandingScope.raceMultiple (/private/var/folders/1b/cqmvqvbd4sg1xvl1gc93cfyh0000gn/T/playwright-java-4501332805832521530/package/lib/utils/isomorphic/manualPromise.js:77:32)
    at Frame.retryWithProgressAndTimeouts (/private/var/folders/1b/cqmvqvbd4sg1xvl1gc93cfyh0000gn/T/playwright-java-4501332805832521530/package/lib/server/frames.js:877:46)
    at runNextTicks (node:internal/process/task_queues:65:5)
    at process.processImmediate (node:internal/timers:453:9)
    at async /private/var/folders/1b/cqmvqvbd4sg1xvl1gc93cfyh0000gn/T/playwright-java-4501332805832521530/package/lib/server/frames.js:960:29
    at async ProgressController.run (/private/var/folders/1b/cqmvqvbd4sg1xvl1gc93cfyh0000gn/T/playwright-java-4501332805832521530/package/lib/server/progress.js:80:22)
    at async FrameDispatcher.click (/private/var/folders/1b/cqmvqvbd4sg1xvl1gc93cfyh0000gn/T/playwright-java-4501332805832521530/package/lib/server/dispatchers/frameDispatcher.js:117:12)
    at async LongStandingScope._race (/private/var/folders/1b/cqmvqvbd4sg1xvl1gc93cfyh0000gn/T/playwright-java-4501332805832521530/package/lib/utils/isomorphic/manualPromise.js:94:14)
    at async FrameDispatcher._handleCommand (/private/var/folders/1b/cqmvqvbd4sg1xvl1gc93cfyh0000gn/T/playwright-java-4501332805832521530/package/lib/server/dispatchers/dispatcher.js:90:14)
    at async DispatcherConnection.dispatch (/private/var/folders/1b/cqmvqvbd4sg1xvl1gc93cfyh0000gn/T/playwright-java-4501332805832521530/package/lib/server/dispatchers/dispatcher.js:309:22)
}
Call log:
-   - waiting for locator("xpath=(//p[@data-size='sm'])[4]")

at com.microsoft.playwright.impl.Connection.dispatch(Connection.java:259)
at com.microsoft.playwright.impl.Connection.processOneMessage(Connection.java:214)
at com.microsoft.playwright.impl.ChannelOwner.runUntil(ChannelOwner.java:136)
... 17 more
]]>
    </error>
  </testcase> <!-- addMultipleLeads -->
  <testcase classname="playwright.Add100leadForProject" name="addMultipleLeads" time="0.008">
    <error message="Error {
  message=&#039;Target page, context or browser has been closed
  name=&#039;TargetClosedError
  stack=&#039;TargetClosedError: Target page, context or browser has been closed
    at DispatcherConnection.dispatch (/private/var/folders/1b/cqmvqvbd4sg1xvl1gc93cfyh0000gn/T/playwright-java-4501332805832521530/package/lib/server/dispatchers/dispatcher.js:243:69)
    at transport.onmessage (/private/var/folders/1b/cqmvqvbd4sg1xvl1gc93cfyh0000gn/T/playwright-java-4501332805832521530/package/lib/cli/driver.js:53:59)
    at Immediate._onImmediate (/private/var/folders/1b/cqmvqvbd4sg1xvl1gc93cfyh0000gn/T/playwright-java-4501332805832521530/package/lib/server/utils/pipeTransport.js:76:16)
    at process.processImmediate (node:internal/timers:485:21)
}" type="com.microsoft.playwright.impl.TargetClosedError">
      <![CDATA[com.microsoft.playwright.impl.TargetClosedError: Error {
  message='Target page, context or browser has been closed
  name='TargetClosedError
  stack='TargetClosedError: Target page, context or browser has been closed
    at DispatcherConnection.dispatch (/private/var/folders/1b/cqmvqvbd4sg1xvl1gc93cfyh0000gn/T/playwright-java-4501332805832521530/package/lib/server/dispatchers/dispatcher.js:243:69)
    at transport.onmessage (/private/var/folders/1b/cqmvqvbd4sg1xvl1gc93cfyh0000gn/T/playwright-java-4501332805832521530/package/lib/cli/driver.js:53:59)
    at Immediate._onImmediate (/private/var/folders/1b/cqmvqvbd4sg1xvl1gc93cfyh0000gn/T/playwright-java-4501332805832521530/package/lib/server/utils/pipeTransport.js:76:16)
    at process.processImmediate (node:internal/timers:485:21)
}
at com.microsoft.playwright.impl.WaitableResult.get(WaitableResult.java:54)
at com.microsoft.playwright.impl.ChannelOwner.runUntil(ChannelOwner.java:138)
at com.microsoft.playwright.impl.Connection.sendMessage(Connection.java:131)
at com.microsoft.playwright.impl.ChannelOwner.sendMessage(ChannelOwner.java:124)
at com.microsoft.playwright.impl.FrameImpl.clickImpl(FrameImpl.java:241)
at com.microsoft.playwright.impl.PageImpl.click(PageImpl.java:680)
at com.microsoft.playwright.Page.click(Page.java:3931)
at playwright.Add100leadForProject.addLead(Add100leadForProject.java:67)
at playwright.Add100leadForProject.addMultipleLeads(Add100leadForProject.java:111)
at java.base/jdk.internal.reflect.DirectMethodHandleAccessor.invoke(DirectMethodHandleAccessor.java:103)
at java.base/java.lang.reflect.Method.invoke(Method.java:580)
at org.testng.internal.invokers.MethodInvocationHelper.invokeMethod(MethodInvocationHelper.java:141)
at org.testng.internal.invokers.TestInvoker.invokeMethod(TestInvoker.java:687)
at org.testng.internal.invokers.TestInvoker.invokeTestMethod(TestInvoker.java:230)
at org.testng.internal.invokers.TestMethodWithDataProviderMethodWorker.call(TestMethodWithDataProviderMethodWorker.java:81)
at org.testng.internal.thread.Async$AsyncTask.run(Async.java:34)
at java.base/java.util.concurrent.ThreadPoolExecutor.runWorker(ThreadPoolExecutor.java:1144)
at java.base/java.util.concurrent.ThreadPoolExecutor$Worker.run(ThreadPoolExecutor.java:642)
at java.base/java.lang.Thread.run(Thread.java:1583)
Caused by: com.microsoft.playwright.impl.TargetClosedError: Error {
  message='Target page, context or browser has been closed
  name='TargetClosedError
  stack='TargetClosedError: Target page, context or browser has been closed
    at DispatcherConnection.dispatch (/private/var/folders/1b/cqmvqvbd4sg1xvl1gc93cfyh0000gn/T/playwright-java-4501332805832521530/package/lib/server/dispatchers/dispatcher.js:243:69)
    at transport.onmessage (/private/var/folders/1b/cqmvqvbd4sg1xvl1gc93cfyh0000gn/T/playwright-java-4501332805832521530/package/lib/cli/driver.js:53:59)
    at Immediate._onImmediate (/private/var/folders/1b/cqmvqvbd4sg1xvl1gc93cfyh0000gn/T/playwright-java-4501332805832521530/package/lib/server/utils/pipeTransport.js:76:16)
    at process.processImmediate (node:internal/timers:485:21)
}
at com.microsoft.playwright.impl.Connection.dispatch(Connection.java:259)
at com.microsoft.playwright.impl.Connection.processOneMessage(Connection.java:214)
at com.microsoft.playwright.impl.ChannelOwner.runUntil(ChannelOwner.java:136)
... 17 more
]]>
    </error>
  </testcase> <!-- addMultipleLeads -->
  <testcase classname="playwright.Add100leadForProject" name="addMultipleLeads" time="0.015">
    <error message="Error {
  message=&#039;Target page, context or browser has been closed
  name=&#039;TargetClosedError
  stack=&#039;TargetClosedError: Target page, context or browser has been closed
    at DispatcherConnection.dispatch (/private/var/folders/1b/cqmvqvbd4sg1xvl1gc93cfyh0000gn/T/playwright-java-4501332805832521530/package/lib/server/dispatchers/dispatcher.js:243:69)
    at transport.onmessage (/private/var/folders/1b/cqmvqvbd4sg1xvl1gc93cfyh0000gn/T/playwright-java-4501332805832521530/package/lib/cli/driver.js:53:59)
    at Immediate._onImmediate (/private/var/folders/1b/cqmvqvbd4sg1xvl1gc93cfyh0000gn/T/playwright-java-4501332805832521530/package/lib/server/utils/pipeTransport.js:76:16)
    at process.processImmediate (node:internal/timers:485:21)
}" type="com.microsoft.playwright.impl.TargetClosedError">
      <![CDATA[com.microsoft.playwright.impl.TargetClosedError: Error {
  message='Target page, context or browser has been closed
  name='TargetClosedError
  stack='TargetClosedError: Target page, context or browser has been closed
    at DispatcherConnection.dispatch (/private/var/folders/1b/cqmvqvbd4sg1xvl1gc93cfyh0000gn/T/playwright-java-4501332805832521530/package/lib/server/dispatchers/dispatcher.js:243:69)
    at transport.onmessage (/private/var/folders/1b/cqmvqvbd4sg1xvl1gc93cfyh0000gn/T/playwright-java-4501332805832521530/package/lib/cli/driver.js:53:59)
    at Immediate._onImmediate (/private/var/folders/1b/cqmvqvbd4sg1xvl1gc93cfyh0000gn/T/playwright-java-4501332805832521530/package/lib/server/utils/pipeTransport.js:76:16)
    at process.processImmediate (node:internal/timers:485:21)
}
at com.microsoft.playwright.impl.WaitableResult.get(WaitableResult.java:54)
at com.microsoft.playwright.impl.ChannelOwner.runUntil(ChannelOwner.java:138)
at com.microsoft.playwright.impl.Connection.sendMessage(Connection.java:131)
at com.microsoft.playwright.impl.ChannelOwner.sendMessage(ChannelOwner.java:124)
at com.microsoft.playwright.impl.FrameImpl.clickImpl(FrameImpl.java:241)
at com.microsoft.playwright.impl.PageImpl.click(PageImpl.java:680)
at com.microsoft.playwright.Page.click(Page.java:3931)
at playwright.Add100leadForProject.addLead(Add100leadForProject.java:67)
at playwright.Add100leadForProject.addMultipleLeads(Add100leadForProject.java:111)
at java.base/jdk.internal.reflect.DirectMethodHandleAccessor.invoke(DirectMethodHandleAccessor.java:103)
at java.base/java.lang.reflect.Method.invoke(Method.java:580)
at org.testng.internal.invokers.MethodInvocationHelper.invokeMethod(MethodInvocationHelper.java:141)
at org.testng.internal.invokers.TestInvoker.invokeMethod(TestInvoker.java:687)
at org.testng.internal.invokers.TestInvoker.invokeTestMethod(TestInvoker.java:230)
at org.testng.internal.invokers.TestMethodWithDataProviderMethodWorker.call(TestMethodWithDataProviderMethodWorker.java:81)
at org.testng.internal.thread.Async$AsyncTask.run(Async.java:34)
at java.base/java.util.concurrent.ThreadPoolExecutor.runWorker(ThreadPoolExecutor.java:1144)
at java.base/java.util.concurrent.ThreadPoolExecutor$Worker.run(ThreadPoolExecutor.java:642)
at java.base/java.lang.Thread.run(Thread.java:1583)
Caused by: com.microsoft.playwright.impl.TargetClosedError: Error {
  message='Target page, context or browser has been closed
  name='TargetClosedError
  stack='TargetClosedError: Target page, context or browser has been closed
    at DispatcherConnection.dispatch (/private/var/folders/1b/cqmvqvbd4sg1xvl1gc93cfyh0000gn/T/playwright-java-4501332805832521530/package/lib/server/dispatchers/dispatcher.js:243:69)
    at transport.onmessage (/private/var/folders/1b/cqmvqvbd4sg1xvl1gc93cfyh0000gn/T/playwright-java-4501332805832521530/package/lib/cli/driver.js:53:59)
    at Immediate._onImmediate (/private/var/folders/1b/cqmvqvbd4sg1xvl1gc93cfyh0000gn/T/playwright-java-4501332805832521530/package/lib/server/utils/pipeTransport.js:76:16)
    at process.processImmediate (node:internal/timers:485:21)
}
at com.microsoft.playwright.impl.Connection.dispatch(Connection.java:259)
at com.microsoft.playwright.impl.Connection.processOneMessage(Connection.java:214)
at com.microsoft.playwright.impl.ChannelOwner.runUntil(ChannelOwner.java:136)
... 17 more
]]>
    </error>
  </testcase> <!-- addMultipleLeads -->
  <testcase classname="playwright.Add100leadForProject" name="addMultipleLeads" time="0.014">
    <error message="Error {
  message=&#039;Target page, context or browser has been closed
  name=&#039;TargetClosedError
  stack=&#039;TargetClosedError: Target page, context or browser has been closed
    at DispatcherConnection.dispatch (/private/var/folders/1b/cqmvqvbd4sg1xvl1gc93cfyh0000gn/T/playwright-java-4501332805832521530/package/lib/server/dispatchers/dispatcher.js:243:69)
    at transport.onmessage (/private/var/folders/1b/cqmvqvbd4sg1xvl1gc93cfyh0000gn/T/playwright-java-4501332805832521530/package/lib/cli/driver.js:53:59)
    at Immediate._onImmediate (/private/var/folders/1b/cqmvqvbd4sg1xvl1gc93cfyh0000gn/T/playwright-java-4501332805832521530/package/lib/server/utils/pipeTransport.js:76:16)
    at process.processImmediate (node:internal/timers:485:21)
}" type="com.microsoft.playwright.impl.TargetClosedError">
      <![CDATA[com.microsoft.playwright.impl.TargetClosedError: Error {
  message='Target page, context or browser has been closed
  name='TargetClosedError
  stack='TargetClosedError: Target page, context or browser has been closed
    at DispatcherConnection.dispatch (/private/var/folders/1b/cqmvqvbd4sg1xvl1gc93cfyh0000gn/T/playwright-java-4501332805832521530/package/lib/server/dispatchers/dispatcher.js:243:69)
    at transport.onmessage (/private/var/folders/1b/cqmvqvbd4sg1xvl1gc93cfyh0000gn/T/playwright-java-4501332805832521530/package/lib/cli/driver.js:53:59)
    at Immediate._onImmediate (/private/var/folders/1b/cqmvqvbd4sg1xvl1gc93cfyh0000gn/T/playwright-java-4501332805832521530/package/lib/server/utils/pipeTransport.js:76:16)
    at process.processImmediate (node:internal/timers:485:21)
}
at com.microsoft.playwright.impl.WaitableResult.get(WaitableResult.java:54)
at com.microsoft.playwright.impl.ChannelOwner.runUntil(ChannelOwner.java:138)
at com.microsoft.playwright.impl.Connection.sendMessage(Connection.java:131)
at com.microsoft.playwright.impl.ChannelOwner.sendMessage(ChannelOwner.java:124)
at com.microsoft.playwright.impl.FrameImpl.clickImpl(FrameImpl.java:241)
at com.microsoft.playwright.impl.PageImpl.click(PageImpl.java:680)
at com.microsoft.playwright.Page.click(Page.java:3931)
at playwright.Add100leadForProject.addLead(Add100leadForProject.java:67)
at playwright.Add100leadForProject.addMultipleLeads(Add100leadForProject.java:111)
at java.base/jdk.internal.reflect.DirectMethodHandleAccessor.invoke(DirectMethodHandleAccessor.java:103)
at java.base/java.lang.reflect.Method.invoke(Method.java:580)
at org.testng.internal.invokers.MethodInvocationHelper.invokeMethod(MethodInvocationHelper.java:141)
at org.testng.internal.invokers.TestInvoker.invokeMethod(TestInvoker.java:687)
at org.testng.internal.invokers.TestInvoker.invokeTestMethod(TestInvoker.java:230)
at org.testng.internal.invokers.TestMethodWithDataProviderMethodWorker.call(TestMethodWithDataProviderMethodWorker.java:81)
at org.testng.internal.thread.Async$AsyncTask.run(Async.java:34)
at java.base/java.util.concurrent.ThreadPoolExecutor.runWorker(ThreadPoolExecutor.java:1144)
at java.base/java.util.concurrent.ThreadPoolExecutor$Worker.run(ThreadPoolExecutor.java:642)
at java.base/java.lang.Thread.run(Thread.java:1583)
Caused by: com.microsoft.playwright.impl.TargetClosedError: Error {
  message='Target page, context or browser has been closed
  name='TargetClosedError
  stack='TargetClosedError: Target page, context or browser has been closed
    at DispatcherConnection.dispatch (/private/var/folders/1b/cqmvqvbd4sg1xvl1gc93cfyh0000gn/T/playwright-java-4501332805832521530/package/lib/server/dispatchers/dispatcher.js:243:69)
    at transport.onmessage (/private/var/folders/1b/cqmvqvbd4sg1xvl1gc93cfyh0000gn/T/playwright-java-4501332805832521530/package/lib/cli/driver.js:53:59)
    at Immediate._onImmediate (/private/var/folders/1b/cqmvqvbd4sg1xvl1gc93cfyh0000gn/T/playwright-java-4501332805832521530/package/lib/server/utils/pipeTransport.js:76:16)
    at process.processImmediate (node:internal/timers:485:21)
}
at com.microsoft.playwright.impl.Connection.dispatch(Connection.java:259)
at com.microsoft.playwright.impl.Connection.processOneMessage(Connection.java:214)
at com.microsoft.playwright.impl.ChannelOwner.runUntil(ChannelOwner.java:136)
... 17 more
]]>
    </error>
  </testcase> <!-- addMultipleLeads -->
  <testcase classname="playwright.Add100leadForProject" name="addMultipleLeads" time="0.011">
    <error message="Error {
  message=&#039;Target page, context or browser has been closed
  name=&#039;TargetClosedError
  stack=&#039;TargetClosedError: Target page, context or browser has been closed
    at DispatcherConnection.dispatch (/private/var/folders/1b/cqmvqvbd4sg1xvl1gc93cfyh0000gn/T/playwright-java-4501332805832521530/package/lib/server/dispatchers/dispatcher.js:243:69)
    at transport.onmessage (/private/var/folders/1b/cqmvqvbd4sg1xvl1gc93cfyh0000gn/T/playwright-java-4501332805832521530/package/lib/cli/driver.js:53:59)
    at Immediate._onImmediate (/private/var/folders/1b/cqmvqvbd4sg1xvl1gc93cfyh0000gn/T/playwright-java-4501332805832521530/package/lib/server/utils/pipeTransport.js:76:16)
    at process.processImmediate (node:internal/timers:485:21)
}" type="com.microsoft.playwright.impl.TargetClosedError">
      <![CDATA[com.microsoft.playwright.impl.TargetClosedError: Error {
  message='Target page, context or browser has been closed
  name='TargetClosedError
  stack='TargetClosedError: Target page, context or browser has been closed
    at DispatcherConnection.dispatch (/private/var/folders/1b/cqmvqvbd4sg1xvl1gc93cfyh0000gn/T/playwright-java-4501332805832521530/package/lib/server/dispatchers/dispatcher.js:243:69)
    at transport.onmessage (/private/var/folders/1b/cqmvqvbd4sg1xvl1gc93cfyh0000gn/T/playwright-java-4501332805832521530/package/lib/cli/driver.js:53:59)
    at Immediate._onImmediate (/private/var/folders/1b/cqmvqvbd4sg1xvl1gc93cfyh0000gn/T/playwright-java-4501332805832521530/package/lib/server/utils/pipeTransport.js:76:16)
    at process.processImmediate (node:internal/timers:485:21)
}
at com.microsoft.playwright.impl.WaitableResult.get(WaitableResult.java:54)
at com.microsoft.playwright.impl.ChannelOwner.runUntil(ChannelOwner.java:138)
at com.microsoft.playwright.impl.Connection.sendMessage(Connection.java:131)
at com.microsoft.playwright.impl.ChannelOwner.sendMessage(ChannelOwner.java:124)
at com.microsoft.playwright.impl.FrameImpl.clickImpl(FrameImpl.java:241)
at com.microsoft.playwright.impl.PageImpl.click(PageImpl.java:680)
at com.microsoft.playwright.Page.click(Page.java:3931)
at playwright.Add100leadForProject.addLead(Add100leadForProject.java:67)
at playwright.Add100leadForProject.addMultipleLeads(Add100leadForProject.java:111)
at java.base/jdk.internal.reflect.DirectMethodHandleAccessor.invoke(DirectMethodHandleAccessor.java:103)
at java.base/java.lang.reflect.Method.invoke(Method.java:580)
at org.testng.internal.invokers.MethodInvocationHelper.invokeMethod(MethodInvocationHelper.java:141)
at org.testng.internal.invokers.TestInvoker.invokeMethod(TestInvoker.java:687)
at org.testng.internal.invokers.TestInvoker.invokeTestMethod(TestInvoker.java:230)
at org.testng.internal.invokers.TestMethodWithDataProviderMethodWorker.call(TestMethodWithDataProviderMethodWorker.java:81)
at org.testng.internal.thread.Async$AsyncTask.run(Async.java:34)
at java.base/java.util.concurrent.ThreadPoolExecutor.runWorker(ThreadPoolExecutor.java:1144)
at java.base/java.util.concurrent.ThreadPoolExecutor$Worker.run(ThreadPoolExecutor.java:642)
at java.base/java.lang.Thread.run(Thread.java:1583)
Caused by: com.microsoft.playwright.impl.TargetClosedError: Error {
  message='Target page, context or browser has been closed
  name='TargetClosedError
  stack='TargetClosedError: Target page, context or browser has been closed
    at DispatcherConnection.dispatch (/private/var/folders/1b/cqmvqvbd4sg1xvl1gc93cfyh0000gn/T/playwright-java-4501332805832521530/package/lib/server/dispatchers/dispatcher.js:243:69)
    at transport.onmessage (/private/var/folders/1b/cqmvqvbd4sg1xvl1gc93cfyh0000gn/T/playwright-java-4501332805832521530/package/lib/cli/driver.js:53:59)
    at Immediate._onImmediate (/private/var/folders/1b/cqmvqvbd4sg1xvl1gc93cfyh0000gn/T/playwright-java-4501332805832521530/package/lib/server/utils/pipeTransport.js:76:16)
    at process.processImmediate (node:internal/timers:485:21)
}
at com.microsoft.playwright.impl.Connection.dispatch(Connection.java:259)
at com.microsoft.playwright.impl.Connection.processOneMessage(Connection.java:214)
at com.microsoft.playwright.impl.ChannelOwner.runUntil(ChannelOwner.java:136)
... 17 more
]]>
    </error>
  </testcase> <!-- addMultipleLeads -->
  <testcase classname="playwright.Add100leadForProject" name="addMultipleLeads" time="0.011">
    <error message="Error {
  message=&#039;Target page, context or browser has been closed
  name=&#039;TargetClosedError
  stack=&#039;TargetClosedError: Target page, context or browser has been closed
    at DispatcherConnection.dispatch (/private/var/folders/1b/cqmvqvbd4sg1xvl1gc93cfyh0000gn/T/playwright-java-4501332805832521530/package/lib/server/dispatchers/dispatcher.js:243:69)
    at transport.onmessage (/private/var/folders/1b/cqmvqvbd4sg1xvl1gc93cfyh0000gn/T/playwright-java-4501332805832521530/package/lib/cli/driver.js:53:59)
    at Immediate._onImmediate (/private/var/folders/1b/cqmvqvbd4sg1xvl1gc93cfyh0000gn/T/playwright-java-4501332805832521530/package/lib/server/utils/pipeTransport.js:76:16)
    at process.processImmediate (node:internal/timers:485:21)
}" type="com.microsoft.playwright.impl.TargetClosedError">
      <![CDATA[com.microsoft.playwright.impl.TargetClosedError: Error {
  message='Target page, context or browser has been closed
  name='TargetClosedError
  stack='TargetClosedError: Target page, context or browser has been closed
    at DispatcherConnection.dispatch (/private/var/folders/1b/cqmvqvbd4sg1xvl1gc93cfyh0000gn/T/playwright-java-4501332805832521530/package/lib/server/dispatchers/dispatcher.js:243:69)
    at transport.onmessage (/private/var/folders/1b/cqmvqvbd4sg1xvl1gc93cfyh0000gn/T/playwright-java-4501332805832521530/package/lib/cli/driver.js:53:59)
    at Immediate._onImmediate (/private/var/folders/1b/cqmvqvbd4sg1xvl1gc93cfyh0000gn/T/playwright-java-4501332805832521530/package/lib/server/utils/pipeTransport.js:76:16)
    at process.processImmediate (node:internal/timers:485:21)
}
at com.microsoft.playwright.impl.WaitableResult.get(WaitableResult.java:54)
at com.microsoft.playwright.impl.ChannelOwner.runUntil(ChannelOwner.java:138)
at com.microsoft.playwright.impl.Connection.sendMessage(Connection.java:131)
at com.microsoft.playwright.impl.ChannelOwner.sendMessage(ChannelOwner.java:124)
at com.microsoft.playwright.impl.FrameImpl.clickImpl(FrameImpl.java:241)
at com.microsoft.playwright.impl.PageImpl.click(PageImpl.java:680)
at com.microsoft.playwright.Page.click(Page.java:3931)
at playwright.Add100leadForProject.addLead(Add100leadForProject.java:67)
at playwright.Add100leadForProject.addMultipleLeads(Add100leadForProject.java:111)
at java.base/jdk.internal.reflect.DirectMethodHandleAccessor.invoke(DirectMethodHandleAccessor.java:103)
at java.base/java.lang.reflect.Method.invoke(Method.java:580)
at org.testng.internal.invokers.MethodInvocationHelper.invokeMethod(MethodInvocationHelper.java:141)
at org.testng.internal.invokers.TestInvoker.invokeMethod(TestInvoker.java:687)
at org.testng.internal.invokers.TestInvoker.invokeTestMethod(TestInvoker.java:230)
at org.testng.internal.invokers.TestMethodWithDataProviderMethodWorker.call(TestMethodWithDataProviderMethodWorker.java:81)
at org.testng.internal.thread.Async$AsyncTask.run(Async.java:34)
at java.base/java.util.concurrent.ThreadPoolExecutor.runWorker(ThreadPoolExecutor.java:1144)
at java.base/java.util.concurrent.ThreadPoolExecutor$Worker.run(ThreadPoolExecutor.java:642)
at java.base/java.lang.Thread.run(Thread.java:1583)
Caused by: com.microsoft.playwright.impl.TargetClosedError: Error {
  message='Target page, context or browser has been closed
  name='TargetClosedError
  stack='TargetClosedError: Target page, context or browser has been closed
    at DispatcherConnection.dispatch (/private/var/folders/1b/cqmvqvbd4sg1xvl1gc93cfyh0000gn/T/playwright-java-4501332805832521530/package/lib/server/dispatchers/dispatcher.js:243:69)
    at transport.onmessage (/private/var/folders/1b/cqmvqvbd4sg1xvl1gc93cfyh0000gn/T/playwright-java-4501332805832521530/package/lib/cli/driver.js:53:59)
    at Immediate._onImmediate (/private/var/folders/1b/cqmvqvbd4sg1xvl1gc93cfyh0000gn/T/playwright-java-4501332805832521530/package/lib/server/utils/pipeTransport.js:76:16)
    at process.processImmediate (node:internal/timers:485:21)
}
at com.microsoft.playwright.impl.Connection.dispatch(Connection.java:259)
at com.microsoft.playwright.impl.Connection.processOneMessage(Connection.java:214)
at com.microsoft.playwright.impl.ChannelOwner.runUntil(ChannelOwner.java:136)
... 17 more
]]>
    </error>
  </testcase> <!-- addMultipleLeads -->
  <testcase classname="playwright.Add100leadForProject" name="addMultipleLeads" time="0.004">
    <error message="Error {
  message=&#039;Target page, context or browser has been closed
  name=&#039;TargetClosedError
  stack=&#039;TargetClosedError: Target page, context or browser has been closed
    at DispatcherConnection.dispatch (/private/var/folders/1b/cqmvqvbd4sg1xvl1gc93cfyh0000gn/T/playwright-java-4501332805832521530/package/lib/server/dispatchers/dispatcher.js:243:69)
    at transport.onmessage (/private/var/folders/1b/cqmvqvbd4sg1xvl1gc93cfyh0000gn/T/playwright-java-4501332805832521530/package/lib/cli/driver.js:53:59)
    at Immediate._onImmediate (/private/var/folders/1b/cqmvqvbd4sg1xvl1gc93cfyh0000gn/T/playwright-java-4501332805832521530/package/lib/server/utils/pipeTransport.js:76:16)
    at process.processImmediate (node:internal/timers:485:21)
}" type="com.microsoft.playwright.impl.TargetClosedError">
      <![CDATA[com.microsoft.playwright.impl.TargetClosedError: Error {
  message='Target page, context or browser has been closed
  name='TargetClosedError
  stack='TargetClosedError: Target page, context or browser has been closed
    at DispatcherConnection.dispatch (/private/var/folders/1b/cqmvqvbd4sg1xvl1gc93cfyh0000gn/T/playwright-java-4501332805832521530/package/lib/server/dispatchers/dispatcher.js:243:69)
    at transport.onmessage (/private/var/folders/1b/cqmvqvbd4sg1xvl1gc93cfyh0000gn/T/playwright-java-4501332805832521530/package/lib/cli/driver.js:53:59)
    at Immediate._onImmediate (/private/var/folders/1b/cqmvqvbd4sg1xvl1gc93cfyh0000gn/T/playwright-java-4501332805832521530/package/lib/server/utils/pipeTransport.js:76:16)
    at process.processImmediate (node:internal/timers:485:21)
}
at com.microsoft.playwright.impl.WaitableResult.get(WaitableResult.java:54)
at com.microsoft.playwright.impl.ChannelOwner.runUntil(ChannelOwner.java:138)
at com.microsoft.playwright.impl.Connection.sendMessage(Connection.java:131)
at com.microsoft.playwright.impl.ChannelOwner.sendMessage(ChannelOwner.java:124)
at com.microsoft.playwright.impl.FrameImpl.clickImpl(FrameImpl.java:241)
at com.microsoft.playwright.impl.PageImpl.click(PageImpl.java:680)
at com.microsoft.playwright.Page.click(Page.java:3931)
at playwright.Add100leadForProject.addLead(Add100leadForProject.java:67)
at playwright.Add100leadForProject.addMultipleLeads(Add100leadForProject.java:111)
at java.base/jdk.internal.reflect.DirectMethodHandleAccessor.invoke(DirectMethodHandleAccessor.java:103)
at java.base/java.lang.reflect.Method.invoke(Method.java:580)
at org.testng.internal.invokers.MethodInvocationHelper.invokeMethod(MethodInvocationHelper.java:141)
at org.testng.internal.invokers.TestInvoker.invokeMethod(TestInvoker.java:687)
at org.testng.internal.invokers.TestInvoker.invokeTestMethod(TestInvoker.java:230)
at org.testng.internal.invokers.TestMethodWithDataProviderMethodWorker.call(TestMethodWithDataProviderMethodWorker.java:81)
at org.testng.internal.thread.Async$AsyncTask.run(Async.java:34)
at java.base/java.util.concurrent.ThreadPoolExecutor.runWorker(ThreadPoolExecutor.java:1144)
at java.base/java.util.concurrent.ThreadPoolExecutor$Worker.run(ThreadPoolExecutor.java:642)
at java.base/java.lang.Thread.run(Thread.java:1583)
Caused by: com.microsoft.playwright.impl.TargetClosedError: Error {
  message='Target page, context or browser has been closed
  name='TargetClosedError
  stack='TargetClosedError: Target page, context or browser has been closed
    at DispatcherConnection.dispatch (/private/var/folders/1b/cqmvqvbd4sg1xvl1gc93cfyh0000gn/T/playwright-java-4501332805832521530/package/lib/server/dispatchers/dispatcher.js:243:69)
    at transport.onmessage (/private/var/folders/1b/cqmvqvbd4sg1xvl1gc93cfyh0000gn/T/playwright-java-4501332805832521530/package/lib/cli/driver.js:53:59)
    at Immediate._onImmediate (/private/var/folders/1b/cqmvqvbd4sg1xvl1gc93cfyh0000gn/T/playwright-java-4501332805832521530/package/lib/server/utils/pipeTransport.js:76:16)
    at process.processImmediate (node:internal/timers:485:21)
}
at com.microsoft.playwright.impl.Connection.dispatch(Connection.java:259)
at com.microsoft.playwright.impl.Connection.processOneMessage(Connection.java:214)
at com.microsoft.playwright.impl.ChannelOwner.runUntil(ChannelOwner.java:136)
... 17 more
]]>
    </error>
  </testcase> <!-- addMultipleLeads -->
  <testcase classname="playwright.Add100leadForProject" name="addMultipleLeads" time="0.005">
    <error message="Error {
  message=&#039;Target page, context or browser has been closed
  name=&#039;TargetClosedError
  stack=&#039;TargetClosedError: Target page, context or browser has been closed
    at DispatcherConnection.dispatch (/private/var/folders/1b/cqmvqvbd4sg1xvl1gc93cfyh0000gn/T/playwright-java-4501332805832521530/package/lib/server/dispatchers/dispatcher.js:243:69)
    at transport.onmessage (/private/var/folders/1b/cqmvqvbd4sg1xvl1gc93cfyh0000gn/T/playwright-java-4501332805832521530/package/lib/cli/driver.js:53:59)
    at Immediate._onImmediate (/private/var/folders/1b/cqmvqvbd4sg1xvl1gc93cfyh0000gn/T/playwright-java-4501332805832521530/package/lib/server/utils/pipeTransport.js:76:16)
    at process.processImmediate (node:internal/timers:485:21)
}" type="com.microsoft.playwright.impl.TargetClosedError">
      <![CDATA[com.microsoft.playwright.impl.TargetClosedError: Error {
  message='Target page, context or browser has been closed
  name='TargetClosedError
  stack='TargetClosedError: Target page, context or browser has been closed
    at DispatcherConnection.dispatch (/private/var/folders/1b/cqmvqvbd4sg1xvl1gc93cfyh0000gn/T/playwright-java-4501332805832521530/package/lib/server/dispatchers/dispatcher.js:243:69)
    at transport.onmessage (/private/var/folders/1b/cqmvqvbd4sg1xvl1gc93cfyh0000gn/T/playwright-java-4501332805832521530/package/lib/cli/driver.js:53:59)
    at Immediate._onImmediate (/private/var/folders/1b/cqmvqvbd4sg1xvl1gc93cfyh0000gn/T/playwright-java-4501332805832521530/package/lib/server/utils/pipeTransport.js:76:16)
    at process.processImmediate (node:internal/timers:485:21)
}
at com.microsoft.playwright.impl.WaitableResult.get(WaitableResult.java:54)
at com.microsoft.playwright.impl.ChannelOwner.runUntil(ChannelOwner.java:138)
at com.microsoft.playwright.impl.Connection.sendMessage(Connection.java:131)
at com.microsoft.playwright.impl.ChannelOwner.sendMessage(ChannelOwner.java:124)
at com.microsoft.playwright.impl.FrameImpl.clickImpl(FrameImpl.java:241)
at com.microsoft.playwright.impl.PageImpl.click(PageImpl.java:680)
at com.microsoft.playwright.Page.click(Page.java:3931)
at playwright.Add100leadForProject.addLead(Add100leadForProject.java:67)
at playwright.Add100leadForProject.addMultipleLeads(Add100leadForProject.java:111)
at java.base/jdk.internal.reflect.DirectMethodHandleAccessor.invoke(DirectMethodHandleAccessor.java:103)
at java.base/java.lang.reflect.Method.invoke(Method.java:580)
at org.testng.internal.invokers.MethodInvocationHelper.invokeMethod(MethodInvocationHelper.java:141)
at org.testng.internal.invokers.TestInvoker.invokeMethod(TestInvoker.java:687)
at org.testng.internal.invokers.TestInvoker.invokeTestMethod(TestInvoker.java:230)
at org.testng.internal.invokers.TestMethodWithDataProviderMethodWorker.call(TestMethodWithDataProviderMethodWorker.java:81)
at org.testng.internal.thread.Async$AsyncTask.run(Async.java:34)
at java.base/java.util.concurrent.ThreadPoolExecutor.runWorker(ThreadPoolExecutor.java:1144)
at java.base/java.util.concurrent.ThreadPoolExecutor$Worker.run(ThreadPoolExecutor.java:642)
at java.base/java.lang.Thread.run(Thread.java:1583)
Caused by: com.microsoft.playwright.impl.TargetClosedError: Error {
  message='Target page, context or browser has been closed
  name='TargetClosedError
  stack='TargetClosedError: Target page, context or browser has been closed
    at DispatcherConnection.dispatch (/private/var/folders/1b/cqmvqvbd4sg1xvl1gc93cfyh0000gn/T/playwright-java-4501332805832521530/package/lib/server/dispatchers/dispatcher.js:243:69)
    at transport.onmessage (/private/var/folders/1b/cqmvqvbd4sg1xvl1gc93cfyh0000gn/T/playwright-java-4501332805832521530/package/lib/cli/driver.js:53:59)
    at Immediate._onImmediate (/private/var/folders/1b/cqmvqvbd4sg1xvl1gc93cfyh0000gn/T/playwright-java-4501332805832521530/package/lib/server/utils/pipeTransport.js:76:16)
    at process.processImmediate (node:internal/timers:485:21)
}
at com.microsoft.playwright.impl.Connection.dispatch(Connection.java:259)
at com.microsoft.playwright.impl.Connection.processOneMessage(Connection.java:214)
at com.microsoft.playwright.impl.ChannelOwner.runUntil(ChannelOwner.java:136)
... 17 more
]]>
    </error>
  </testcase> <!-- addMultipleLeads -->
  <testcase classname="playwright.Add100leadForProject" name="addMultipleLeads" time="0.007">
    <error message="Error {
  message=&#039;Target page, context or browser has been closed
  name=&#039;TargetClosedError
  stack=&#039;TargetClosedError: Target page, context or browser has been closed
    at DispatcherConnection.dispatch (/private/var/folders/1b/cqmvqvbd4sg1xvl1gc93cfyh0000gn/T/playwright-java-4501332805832521530/package/lib/server/dispatchers/dispatcher.js:243:69)
    at transport.onmessage (/private/var/folders/1b/cqmvqvbd4sg1xvl1gc93cfyh0000gn/T/playwright-java-4501332805832521530/package/lib/cli/driver.js:53:59)
    at Immediate._onImmediate (/private/var/folders/1b/cqmvqvbd4sg1xvl1gc93cfyh0000gn/T/playwright-java-4501332805832521530/package/lib/server/utils/pipeTransport.js:76:16)
    at process.processImmediate (node:internal/timers:485:21)
}" type="com.microsoft.playwright.impl.TargetClosedError">
      <![CDATA[com.microsoft.playwright.impl.TargetClosedError: Error {
  message='Target page, context or browser has been closed
  name='TargetClosedError
  stack='TargetClosedError: Target page, context or browser has been closed
    at DispatcherConnection.dispatch (/private/var/folders/1b/cqmvqvbd4sg1xvl1gc93cfyh0000gn/T/playwright-java-4501332805832521530/package/lib/server/dispatchers/dispatcher.js:243:69)
    at transport.onmessage (/private/var/folders/1b/cqmvqvbd4sg1xvl1gc93cfyh0000gn/T/playwright-java-4501332805832521530/package/lib/cli/driver.js:53:59)
    at Immediate._onImmediate (/private/var/folders/1b/cqmvqvbd4sg1xvl1gc93cfyh0000gn/T/playwright-java-4501332805832521530/package/lib/server/utils/pipeTransport.js:76:16)
    at process.processImmediate (node:internal/timers:485:21)
}
at com.microsoft.playwright.impl.WaitableResult.get(WaitableResult.java:54)
at com.microsoft.playwright.impl.ChannelOwner.runUntil(ChannelOwner.java:138)
at com.microsoft.playwright.impl.Connection.sendMessage(Connection.java:131)
at com.microsoft.playwright.impl.ChannelOwner.sendMessage(ChannelOwner.java:124)
at com.microsoft.playwright.impl.FrameImpl.clickImpl(FrameImpl.java:241)
at com.microsoft.playwright.impl.PageImpl.click(PageImpl.java:680)
at com.microsoft.playwright.Page.click(Page.java:3931)
at playwright.Add100leadForProject.addLead(Add100leadForProject.java:67)
at playwright.Add100leadForProject.addMultipleLeads(Add100leadForProject.java:111)
at java.base/jdk.internal.reflect.DirectMethodHandleAccessor.invoke(DirectMethodHandleAccessor.java:103)
at java.base/java.lang.reflect.Method.invoke(Method.java:580)
at org.testng.internal.invokers.MethodInvocationHelper.invokeMethod(MethodInvocationHelper.java:141)
at org.testng.internal.invokers.TestInvoker.invokeMethod(TestInvoker.java:687)
at org.testng.internal.invokers.TestInvoker.invokeTestMethod(TestInvoker.java:230)
at org.testng.internal.invokers.TestMethodWithDataProviderMethodWorker.call(TestMethodWithDataProviderMethodWorker.java:81)
at org.testng.internal.thread.Async$AsyncTask.run(Async.java:34)
at java.base/java.util.concurrent.ThreadPoolExecutor.runWorker(ThreadPoolExecutor.java:1144)
at java.base/java.util.concurrent.ThreadPoolExecutor$Worker.run(ThreadPoolExecutor.java:642)
at java.base/java.lang.Thread.run(Thread.java:1583)
Caused by: com.microsoft.playwright.impl.TargetClosedError: Error {
  message='Target page, context or browser has been closed
  name='TargetClosedError
  stack='TargetClosedError: Target page, context or browser has been closed
    at DispatcherConnection.dispatch (/private/var/folders/1b/cqmvqvbd4sg1xvl1gc93cfyh0000gn/T/playwright-java-4501332805832521530/package/lib/server/dispatchers/dispatcher.js:243:69)
    at transport.onmessage (/private/var/folders/1b/cqmvqvbd4sg1xvl1gc93cfyh0000gn/T/playwright-java-4501332805832521530/package/lib/cli/driver.js:53:59)
    at Immediate._onImmediate (/private/var/folders/1b/cqmvqvbd4sg1xvl1gc93cfyh0000gn/T/playwright-java-4501332805832521530/package/lib/server/utils/pipeTransport.js:76:16)
    at process.processImmediate (node:internal/timers:485:21)
}
at com.microsoft.playwright.impl.Connection.dispatch(Connection.java:259)
at com.microsoft.playwright.impl.Connection.processOneMessage(Connection.java:214)
at com.microsoft.playwright.impl.ChannelOwner.runUntil(ChannelOwner.java:136)
... 17 more
]]>
    </error>
  </testcase> <!-- addMultipleLeads -->
  <testcase classname="playwright.Add100leadForProject" name="addMultipleLeads" time="0.016">
    <error message="Error {
  message=&#039;Target page, context or browser has been closed
  name=&#039;TargetClosedError
  stack=&#039;TargetClosedError: Target page, context or browser has been closed
    at DispatcherConnection.dispatch (/private/var/folders/1b/cqmvqvbd4sg1xvl1gc93cfyh0000gn/T/playwright-java-4501332805832521530/package/lib/server/dispatchers/dispatcher.js:243:69)
    at transport.onmessage (/private/var/folders/1b/cqmvqvbd4sg1xvl1gc93cfyh0000gn/T/playwright-java-4501332805832521530/package/lib/cli/driver.js:53:59)
    at Immediate._onImmediate (/private/var/folders/1b/cqmvqvbd4sg1xvl1gc93cfyh0000gn/T/playwright-java-4501332805832521530/package/lib/server/utils/pipeTransport.js:76:16)
    at process.processImmediate (node:internal/timers:485:21)
}" type="com.microsoft.playwright.impl.TargetClosedError">
      <![CDATA[com.microsoft.playwright.impl.TargetClosedError: Error {
  message='Target page, context or browser has been closed
  name='TargetClosedError
  stack='TargetClosedError: Target page, context or browser has been closed
    at DispatcherConnection.dispatch (/private/var/folders/1b/cqmvqvbd4sg1xvl1gc93cfyh0000gn/T/playwright-java-4501332805832521530/package/lib/server/dispatchers/dispatcher.js:243:69)
    at transport.onmessage (/private/var/folders/1b/cqmvqvbd4sg1xvl1gc93cfyh0000gn/T/playwright-java-4501332805832521530/package/lib/cli/driver.js:53:59)
    at Immediate._onImmediate (/private/var/folders/1b/cqmvqvbd4sg1xvl1gc93cfyh0000gn/T/playwright-java-4501332805832521530/package/lib/server/utils/pipeTransport.js:76:16)
    at process.processImmediate (node:internal/timers:485:21)
}
at com.microsoft.playwright.impl.WaitableResult.get(WaitableResult.java:54)
at com.microsoft.playwright.impl.ChannelOwner.runUntil(ChannelOwner.java:138)
at com.microsoft.playwright.impl.Connection.sendMessage(Connection.java:131)
at com.microsoft.playwright.impl.ChannelOwner.sendMessage(ChannelOwner.java:124)
at com.microsoft.playwright.impl.FrameImpl.clickImpl(FrameImpl.java:241)
at com.microsoft.playwright.impl.PageImpl.click(PageImpl.java:680)
at com.microsoft.playwright.Page.click(Page.java:3931)
at playwright.Add100leadForProject.addLead(Add100leadForProject.java:67)
at playwright.Add100leadForProject.addMultipleLeads(Add100leadForProject.java:111)
at java.base/jdk.internal.reflect.DirectMethodHandleAccessor.invoke(DirectMethodHandleAccessor.java:103)
at java.base/java.lang.reflect.Method.invoke(Method.java:580)
at org.testng.internal.invokers.MethodInvocationHelper.invokeMethod(MethodInvocationHelper.java:141)
at org.testng.internal.invokers.TestInvoker.invokeMethod(TestInvoker.java:687)
at org.testng.internal.invokers.TestInvoker.invokeTestMethod(TestInvoker.java:230)
at org.testng.internal.invokers.TestMethodWithDataProviderMethodWorker.call(TestMethodWithDataProviderMethodWorker.java:81)
at org.testng.internal.thread.Async$AsyncTask.run(Async.java:34)
at java.base/java.util.concurrent.ThreadPoolExecutor.runWorker(ThreadPoolExecutor.java:1144)
at java.base/java.util.concurrent.ThreadPoolExecutor$Worker.run(ThreadPoolExecutor.java:642)
at java.base/java.lang.Thread.run(Thread.java:1583)
Caused by: com.microsoft.playwright.impl.TargetClosedError: Error {
  message='Target page, context or browser has been closed
  name='TargetClosedError
  stack='TargetClosedError: Target page, context or browser has been closed
    at DispatcherConnection.dispatch (/private/var/folders/1b/cqmvqvbd4sg1xvl1gc93cfyh0000gn/T/playwright-java-4501332805832521530/package/lib/server/dispatchers/dispatcher.js:243:69)
    at transport.onmessage (/private/var/folders/1b/cqmvqvbd4sg1xvl1gc93cfyh0000gn/T/playwright-java-4501332805832521530/package/lib/cli/driver.js:53:59)
    at Immediate._onImmediate (/private/var/folders/1b/cqmvqvbd4sg1xvl1gc93cfyh0000gn/T/playwright-java-4501332805832521530/package/lib/server/utils/pipeTransport.js:76:16)
    at process.processImmediate (node:internal/timers:485:21)
}
at com.microsoft.playwright.impl.Connection.dispatch(Connection.java:259)
at com.microsoft.playwright.impl.Connection.processOneMessage(Connection.java:214)
at com.microsoft.playwright.impl.ChannelOwner.runUntil(ChannelOwner.java:136)
... 17 more
]]>
    </error>
  </testcase> <!-- addMultipleLeads -->
  <testcase classname="playwright.Add100leadForProject" name="addMultipleLeads" time="0.007">
    <error message="Error {
  message=&#039;Target page, context or browser has been closed
  name=&#039;TargetClosedError
  stack=&#039;TargetClosedError: Target page, context or browser has been closed
    at DispatcherConnection.dispatch (/private/var/folders/1b/cqmvqvbd4sg1xvl1gc93cfyh0000gn/T/playwright-java-4501332805832521530/package/lib/server/dispatchers/dispatcher.js:243:69)
    at transport.onmessage (/private/var/folders/1b/cqmvqvbd4sg1xvl1gc93cfyh0000gn/T/playwright-java-4501332805832521530/package/lib/cli/driver.js:53:59)
    at Immediate._onImmediate (/private/var/folders/1b/cqmvqvbd4sg1xvl1gc93cfyh0000gn/T/playwright-java-4501332805832521530/package/lib/server/utils/pipeTransport.js:76:16)
    at process.processImmediate (node:internal/timers:485:21)
}" type="com.microsoft.playwright.impl.TargetClosedError">
      <![CDATA[com.microsoft.playwright.impl.TargetClosedError: Error {
  message='Target page, context or browser has been closed
  name='TargetClosedError
  stack='TargetClosedError: Target page, context or browser has been closed
    at DispatcherConnection.dispatch (/private/var/folders/1b/cqmvqvbd4sg1xvl1gc93cfyh0000gn/T/playwright-java-4501332805832521530/package/lib/server/dispatchers/dispatcher.js:243:69)
    at transport.onmessage (/private/var/folders/1b/cqmvqvbd4sg1xvl1gc93cfyh0000gn/T/playwright-java-4501332805832521530/package/lib/cli/driver.js:53:59)
    at Immediate._onImmediate (/private/var/folders/1b/cqmvqvbd4sg1xvl1gc93cfyh0000gn/T/playwright-java-4501332805832521530/package/lib/server/utils/pipeTransport.js:76:16)
    at process.processImmediate (node:internal/timers:485:21)
}
at com.microsoft.playwright.impl.WaitableResult.get(WaitableResult.java:54)
at com.microsoft.playwright.impl.ChannelOwner.runUntil(ChannelOwner.java:138)
at com.microsoft.playwright.impl.Connection.sendMessage(Connection.java:131)
at com.microsoft.playwright.impl.ChannelOwner.sendMessage(ChannelOwner.java:124)
at com.microsoft.playwright.impl.FrameImpl.clickImpl(FrameImpl.java:241)
at com.microsoft.playwright.impl.PageImpl.click(PageImpl.java:680)
at com.microsoft.playwright.Page.click(Page.java:3931)
at playwright.Add100leadForProject.addLead(Add100leadForProject.java:67)
at playwright.Add100leadForProject.addMultipleLeads(Add100leadForProject.java:111)
at java.base/jdk.internal.reflect.DirectMethodHandleAccessor.invoke(DirectMethodHandleAccessor.java:103)
at java.base/java.lang.reflect.Method.invoke(Method.java:580)
at org.testng.internal.invokers.MethodInvocationHelper.invokeMethod(MethodInvocationHelper.java:141)
at org.testng.internal.invokers.TestInvoker.invokeMethod(TestInvoker.java:687)
at org.testng.internal.invokers.TestInvoker.invokeTestMethod(TestInvoker.java:230)
at org.testng.internal.invokers.TestMethodWithDataProviderMethodWorker.call(TestMethodWithDataProviderMethodWorker.java:81)
at org.testng.internal.thread.Async$AsyncTask.run(Async.java:34)
at java.base/java.util.concurrent.ThreadPoolExecutor.runWorker(ThreadPoolExecutor.java:1144)
at java.base/java.util.concurrent.ThreadPoolExecutor$Worker.run(ThreadPoolExecutor.java:642)
at java.base/java.lang.Thread.run(Thread.java:1583)
Caused by: com.microsoft.playwright.impl.TargetClosedError: Error {
  message='Target page, context or browser has been closed
  name='TargetClosedError
  stack='TargetClosedError: Target page, context or browser has been closed
    at DispatcherConnection.dispatch (/private/var/folders/1b/cqmvqvbd4sg1xvl1gc93cfyh0000gn/T/playwright-java-4501332805832521530/package/lib/server/dispatchers/dispatcher.js:243:69)
    at transport.onmessage (/private/var/folders/1b/cqmvqvbd4sg1xvl1gc93cfyh0000gn/T/playwright-java-4501332805832521530/package/lib/cli/driver.js:53:59)
    at Immediate._onImmediate (/private/var/folders/1b/cqmvqvbd4sg1xvl1gc93cfyh0000gn/T/playwright-java-4501332805832521530/package/lib/server/utils/pipeTransport.js:76:16)
    at process.processImmediate (node:internal/timers:485:21)
}
at com.microsoft.playwright.impl.Connection.dispatch(Connection.java:259)
at com.microsoft.playwright.impl.Connection.processOneMessage(Connection.java:214)
at com.microsoft.playwright.impl.ChannelOwner.runUntil(ChannelOwner.java:136)
... 17 more
]]>
    </error>
  </testcase> <!-- addMultipleLeads -->
  <testcase classname="playwright.Add100leadForProject" name="addMultipleLeads" time="0.006">
    <error message="Error {
  message=&#039;Target page, context or browser has been closed
  name=&#039;TargetClosedError
  stack=&#039;TargetClosedError: Target page, context or browser has been closed
    at DispatcherConnection.dispatch (/private/var/folders/1b/cqmvqvbd4sg1xvl1gc93cfyh0000gn/T/playwright-java-4501332805832521530/package/lib/server/dispatchers/dispatcher.js:243:69)
    at transport.onmessage (/private/var/folders/1b/cqmvqvbd4sg1xvl1gc93cfyh0000gn/T/playwright-java-4501332805832521530/package/lib/cli/driver.js:53:59)
    at Immediate._onImmediate (/private/var/folders/1b/cqmvqvbd4sg1xvl1gc93cfyh0000gn/T/playwright-java-4501332805832521530/package/lib/server/utils/pipeTransport.js:76:16)
    at process.processImmediate (node:internal/timers:485:21)
}" type="com.microsoft.playwright.impl.TargetClosedError">
      <![CDATA[com.microsoft.playwright.impl.TargetClosedError: Error {
  message='Target page, context or browser has been closed
  name='TargetClosedError
  stack='TargetClosedError: Target page, context or browser has been closed
    at DispatcherConnection.dispatch (/private/var/folders/1b/cqmvqvbd4sg1xvl1gc93cfyh0000gn/T/playwright-java-4501332805832521530/package/lib/server/dispatchers/dispatcher.js:243:69)
    at transport.onmessage (/private/var/folders/1b/cqmvqvbd4sg1xvl1gc93cfyh0000gn/T/playwright-java-4501332805832521530/package/lib/cli/driver.js:53:59)
    at Immediate._onImmediate (/private/var/folders/1b/cqmvqvbd4sg1xvl1gc93cfyh0000gn/T/playwright-java-4501332805832521530/package/lib/server/utils/pipeTransport.js:76:16)
    at process.processImmediate (node:internal/timers:485:21)
}
at com.microsoft.playwright.impl.WaitableResult.get(WaitableResult.java:54)
at com.microsoft.playwright.impl.ChannelOwner.runUntil(ChannelOwner.java:138)
at com.microsoft.playwright.impl.Connection.sendMessage(Connection.java:131)
at com.microsoft.playwright.impl.ChannelOwner.sendMessage(ChannelOwner.java:124)
at com.microsoft.playwright.impl.FrameImpl.clickImpl(FrameImpl.java:241)
at com.microsoft.playwright.impl.PageImpl.click(PageImpl.java:680)
at com.microsoft.playwright.Page.click(Page.java:3931)
at playwright.Add100leadForProject.addLead(Add100leadForProject.java:67)
at playwright.Add100leadForProject.addMultipleLeads(Add100leadForProject.java:111)
at java.base/jdk.internal.reflect.DirectMethodHandleAccessor.invoke(DirectMethodHandleAccessor.java:103)
at java.base/java.lang.reflect.Method.invoke(Method.java:580)
at org.testng.internal.invokers.MethodInvocationHelper.invokeMethod(MethodInvocationHelper.java:141)
at org.testng.internal.invokers.TestInvoker.invokeMethod(TestInvoker.java:687)
at org.testng.internal.invokers.TestInvoker.invokeTestMethod(TestInvoker.java:230)
at org.testng.internal.invokers.TestMethodWithDataProviderMethodWorker.call(TestMethodWithDataProviderMethodWorker.java:81)
at org.testng.internal.thread.Async$AsyncTask.run(Async.java:34)
at java.base/java.util.concurrent.ThreadPoolExecutor.runWorker(ThreadPoolExecutor.java:1144)
at java.base/java.util.concurrent.ThreadPoolExecutor$Worker.run(ThreadPoolExecutor.java:642)
at java.base/java.lang.Thread.run(Thread.java:1583)
Caused by: com.microsoft.playwright.impl.TargetClosedError: Error {
  message='Target page, context or browser has been closed
  name='TargetClosedError
  stack='TargetClosedError: Target page, context or browser has been closed
    at DispatcherConnection.dispatch (/private/var/folders/1b/cqmvqvbd4sg1xvl1gc93cfyh0000gn/T/playwright-java-4501332805832521530/package/lib/server/dispatchers/dispatcher.js:243:69)
    at transport.onmessage (/private/var/folders/1b/cqmvqvbd4sg1xvl1gc93cfyh0000gn/T/playwright-java-4501332805832521530/package/lib/cli/driver.js:53:59)
    at Immediate._onImmediate (/private/var/folders/1b/cqmvqvbd4sg1xvl1gc93cfyh0000gn/T/playwright-java-4501332805832521530/package/lib/server/utils/pipeTransport.js:76:16)
    at process.processImmediate (node:internal/timers:485:21)
}
at com.microsoft.playwright.impl.Connection.dispatch(Connection.java:259)
at com.microsoft.playwright.impl.Connection.processOneMessage(Connection.java:214)
at com.microsoft.playwright.impl.ChannelOwner.runUntil(ChannelOwner.java:136)
... 17 more
]]>
    </error>
  </testcase> <!-- addMultipleLeads -->
  <testcase classname="playwright.Add100leadForProject" name="addMultipleLeads" time="0.022">
    <error message="Error {
  message=&#039;Target page, context or browser has been closed
  name=&#039;TargetClosedError
  stack=&#039;TargetClosedError: Target page, context or browser has been closed
    at DispatcherConnection.dispatch (/private/var/folders/1b/cqmvqvbd4sg1xvl1gc93cfyh0000gn/T/playwright-java-4501332805832521530/package/lib/server/dispatchers/dispatcher.js:243:69)
    at transport.onmessage (/private/var/folders/1b/cqmvqvbd4sg1xvl1gc93cfyh0000gn/T/playwright-java-4501332805832521530/package/lib/cli/driver.js:53:59)
    at Immediate._onImmediate (/private/var/folders/1b/cqmvqvbd4sg1xvl1gc93cfyh0000gn/T/playwright-java-4501332805832521530/package/lib/server/utils/pipeTransport.js:76:16)
    at process.processImmediate (node:internal/timers:485:21)
}" type="com.microsoft.playwright.impl.TargetClosedError">
      <![CDATA[com.microsoft.playwright.impl.TargetClosedError: Error {
  message='Target page, context or browser has been closed
  name='TargetClosedError
  stack='TargetClosedError: Target page, context or browser has been closed
    at DispatcherConnection.dispatch (/private/var/folders/1b/cqmvqvbd4sg1xvl1gc93cfyh0000gn/T/playwright-java-4501332805832521530/package/lib/server/dispatchers/dispatcher.js:243:69)
    at transport.onmessage (/private/var/folders/1b/cqmvqvbd4sg1xvl1gc93cfyh0000gn/T/playwright-java-4501332805832521530/package/lib/cli/driver.js:53:59)
    at Immediate._onImmediate (/private/var/folders/1b/cqmvqvbd4sg1xvl1gc93cfyh0000gn/T/playwright-java-4501332805832521530/package/lib/server/utils/pipeTransport.js:76:16)
    at process.processImmediate (node:internal/timers:485:21)
}
at com.microsoft.playwright.impl.WaitableResult.get(WaitableResult.java:54)
at com.microsoft.playwright.impl.ChannelOwner.runUntil(ChannelOwner.java:138)
at com.microsoft.playwright.impl.Connection.sendMessage(Connection.java:131)
at com.microsoft.playwright.impl.ChannelOwner.sendMessage(ChannelOwner.java:124)
at com.microsoft.playwright.impl.FrameImpl.clickImpl(FrameImpl.java:241)
at com.microsoft.playwright.impl.PageImpl.click(PageImpl.java:680)
at com.microsoft.playwright.Page.click(Page.java:3931)
at playwright.Add100leadForProject.addLead(Add100leadForProject.java:67)
at playwright.Add100leadForProject.addMultipleLeads(Add100leadForProject.java:111)
at java.base/jdk.internal.reflect.DirectMethodHandleAccessor.invoke(DirectMethodHandleAccessor.java:103)
at java.base/java.lang.reflect.Method.invoke(Method.java:580)
at org.testng.internal.invokers.MethodInvocationHelper.invokeMethod(MethodInvocationHelper.java:141)
at org.testng.internal.invokers.TestInvoker.invokeMethod(TestInvoker.java:687)
at org.testng.internal.invokers.TestInvoker.invokeTestMethod(TestInvoker.java:230)
at org.testng.internal.invokers.TestMethodWithDataProviderMethodWorker.call(TestMethodWithDataProviderMethodWorker.java:81)
at org.testng.internal.thread.Async$AsyncTask.run(Async.java:34)
at java.base/java.util.concurrent.ThreadPoolExecutor.runWorker(ThreadPoolExecutor.java:1144)
at java.base/java.util.concurrent.ThreadPoolExecutor$Worker.run(ThreadPoolExecutor.java:642)
at java.base/java.lang.Thread.run(Thread.java:1583)
Caused by: com.microsoft.playwright.impl.TargetClosedError: Error {
  message='Target page, context or browser has been closed
  name='TargetClosedError
  stack='TargetClosedError: Target page, context or browser has been closed
    at DispatcherConnection.dispatch (/private/var/folders/1b/cqmvqvbd4sg1xvl1gc93cfyh0000gn/T/playwright-java-4501332805832521530/package/lib/server/dispatchers/dispatcher.js:243:69)
    at transport.onmessage (/private/var/folders/1b/cqmvqvbd4sg1xvl1gc93cfyh0000gn/T/playwright-java-4501332805832521530/package/lib/cli/driver.js:53:59)
    at Immediate._onImmediate (/private/var/folders/1b/cqmvqvbd4sg1xvl1gc93cfyh0000gn/T/playwright-java-4501332805832521530/package/lib/server/utils/pipeTransport.js:76:16)
    at process.processImmediate (node:internal/timers:485:21)
}
at com.microsoft.playwright.impl.Connection.dispatch(Connection.java:259)
at com.microsoft.playwright.impl.Connection.processOneMessage(Connection.java:214)
at com.microsoft.playwright.impl.ChannelOwner.runUntil(ChannelOwner.java:136)
... 17 more
]]>
    </error>
  </testcase> <!-- addMultipleLeads -->
  <testcase classname="playwright.Add100leadForProject" name="addMultipleLeads" time="0.023">
    <error message="Error {
  message=&#039;Target page, context or browser has been closed
  name=&#039;TargetClosedError
  stack=&#039;TargetClosedError: Target page, context or browser has been closed
    at DispatcherConnection.dispatch (/private/var/folders/1b/cqmvqvbd4sg1xvl1gc93cfyh0000gn/T/playwright-java-4501332805832521530/package/lib/server/dispatchers/dispatcher.js:243:69)
    at transport.onmessage (/private/var/folders/1b/cqmvqvbd4sg1xvl1gc93cfyh0000gn/T/playwright-java-4501332805832521530/package/lib/cli/driver.js:53:59)
    at Immediate._onImmediate (/private/var/folders/1b/cqmvqvbd4sg1xvl1gc93cfyh0000gn/T/playwright-java-4501332805832521530/package/lib/server/utils/pipeTransport.js:76:16)
    at process.processImmediate (node:internal/timers:485:21)
}" type="com.microsoft.playwright.impl.TargetClosedError">
      <![CDATA[com.microsoft.playwright.impl.TargetClosedError: Error {
  message='Target page, context or browser has been closed
  name='TargetClosedError
  stack='TargetClosedError: Target page, context or browser has been closed
    at DispatcherConnection.dispatch (/private/var/folders/1b/cqmvqvbd4sg1xvl1gc93cfyh0000gn/T/playwright-java-4501332805832521530/package/lib/server/dispatchers/dispatcher.js:243:69)
    at transport.onmessage (/private/var/folders/1b/cqmvqvbd4sg1xvl1gc93cfyh0000gn/T/playwright-java-4501332805832521530/package/lib/cli/driver.js:53:59)
    at Immediate._onImmediate (/private/var/folders/1b/cqmvqvbd4sg1xvl1gc93cfyh0000gn/T/playwright-java-4501332805832521530/package/lib/server/utils/pipeTransport.js:76:16)
    at process.processImmediate (node:internal/timers:485:21)
}
at com.microsoft.playwright.impl.WaitableResult.get(WaitableResult.java:54)
at com.microsoft.playwright.impl.ChannelOwner.runUntil(ChannelOwner.java:138)
at com.microsoft.playwright.impl.Connection.sendMessage(Connection.java:131)
at com.microsoft.playwright.impl.ChannelOwner.sendMessage(ChannelOwner.java:124)
at com.microsoft.playwright.impl.FrameImpl.clickImpl(FrameImpl.java:241)
at com.microsoft.playwright.impl.PageImpl.click(PageImpl.java:680)
at com.microsoft.playwright.Page.click(Page.java:3931)
at playwright.Add100leadForProject.addLead(Add100leadForProject.java:67)
at playwright.Add100leadForProject.addMultipleLeads(Add100leadForProject.java:111)
at java.base/jdk.internal.reflect.DirectMethodHandleAccessor.invoke(DirectMethodHandleAccessor.java:103)
at java.base/java.lang.reflect.Method.invoke(Method.java:580)
at org.testng.internal.invokers.MethodInvocationHelper.invokeMethod(MethodInvocationHelper.java:141)
at org.testng.internal.invokers.TestInvoker.invokeMethod(TestInvoker.java:687)
at org.testng.internal.invokers.TestInvoker.invokeTestMethod(TestInvoker.java:230)
at org.testng.internal.invokers.TestMethodWithDataProviderMethodWorker.call(TestMethodWithDataProviderMethodWorker.java:81)
at org.testng.internal.thread.Async$AsyncTask.run(Async.java:34)
at java.base/java.util.concurrent.ThreadPoolExecutor.runWorker(ThreadPoolExecutor.java:1144)
at java.base/java.util.concurrent.ThreadPoolExecutor$Worker.run(ThreadPoolExecutor.java:642)
at java.base/java.lang.Thread.run(Thread.java:1583)
Caused by: com.microsoft.playwright.impl.TargetClosedError: Error {
  message='Target page, context or browser has been closed
  name='TargetClosedError
  stack='TargetClosedError: Target page, context or browser has been closed
    at DispatcherConnection.dispatch (/private/var/folders/1b/cqmvqvbd4sg1xvl1gc93cfyh0000gn/T/playwright-java-4501332805832521530/package/lib/server/dispatchers/dispatcher.js:243:69)
    at transport.onmessage (/private/var/folders/1b/cqmvqvbd4sg1xvl1gc93cfyh0000gn/T/playwright-java-4501332805832521530/package/lib/cli/driver.js:53:59)
    at Immediate._onImmediate (/private/var/folders/1b/cqmvqvbd4sg1xvl1gc93cfyh0000gn/T/playwright-java-4501332805832521530/package/lib/server/utils/pipeTransport.js:76:16)
    at process.processImmediate (node:internal/timers:485:21)
}
at com.microsoft.playwright.impl.Connection.dispatch(Connection.java:259)
at com.microsoft.playwright.impl.Connection.processOneMessage(Connection.java:214)
at com.microsoft.playwright.impl.ChannelOwner.runUntil(ChannelOwner.java:136)
... 17 more
]]>
    </error>
  </testcase> <!-- addMultipleLeads -->
  <testcase classname="playwright.Add100leadForProject" name="addMultipleLeads" time="0.037">
    <error message="Error {
  message=&#039;Target page, context or browser has been closed
  name=&#039;TargetClosedError
  stack=&#039;TargetClosedError: Target page, context or browser has been closed
    at DispatcherConnection.dispatch (/private/var/folders/1b/cqmvqvbd4sg1xvl1gc93cfyh0000gn/T/playwright-java-4501332805832521530/package/lib/server/dispatchers/dispatcher.js:243:69)
    at transport.onmessage (/private/var/folders/1b/cqmvqvbd4sg1xvl1gc93cfyh0000gn/T/playwright-java-4501332805832521530/package/lib/cli/driver.js:53:59)
    at Immediate._onImmediate (/private/var/folders/1b/cqmvqvbd4sg1xvl1gc93cfyh0000gn/T/playwright-java-4501332805832521530/package/lib/server/utils/pipeTransport.js:76:16)
    at process.processImmediate (node:internal/timers:485:21)
}" type="com.microsoft.playwright.impl.TargetClosedError">
      <![CDATA[com.microsoft.playwright.impl.TargetClosedError: Error {
  message='Target page, context or browser has been closed
  name='TargetClosedError
  stack='TargetClosedError: Target page, context or browser has been closed
    at DispatcherConnection.dispatch (/private/var/folders/1b/cqmvqvbd4sg1xvl1gc93cfyh0000gn/T/playwright-java-4501332805832521530/package/lib/server/dispatchers/dispatcher.js:243:69)
    at transport.onmessage (/private/var/folders/1b/cqmvqvbd4sg1xvl1gc93cfyh0000gn/T/playwright-java-4501332805832521530/package/lib/cli/driver.js:53:59)
    at Immediate._onImmediate (/private/var/folders/1b/cqmvqvbd4sg1xvl1gc93cfyh0000gn/T/playwright-java-4501332805832521530/package/lib/server/utils/pipeTransport.js:76:16)
    at process.processImmediate (node:internal/timers:485:21)
}
at com.microsoft.playwright.impl.WaitableResult.get(WaitableResult.java:54)
at com.microsoft.playwright.impl.ChannelOwner.runUntil(ChannelOwner.java:138)
at com.microsoft.playwright.impl.Connection.sendMessage(Connection.java:131)
at com.microsoft.playwright.impl.ChannelOwner.sendMessage(ChannelOwner.java:124)
at com.microsoft.playwright.impl.FrameImpl.clickImpl(FrameImpl.java:241)
at com.microsoft.playwright.impl.PageImpl.click(PageImpl.java:680)
at com.microsoft.playwright.Page.click(Page.java:3931)
at playwright.Add100leadForProject.addLead(Add100leadForProject.java:67)
at playwright.Add100leadForProject.addMultipleLeads(Add100leadForProject.java:111)
at java.base/jdk.internal.reflect.DirectMethodHandleAccessor.invoke(DirectMethodHandleAccessor.java:103)
at java.base/java.lang.reflect.Method.invoke(Method.java:580)
at org.testng.internal.invokers.MethodInvocationHelper.invokeMethod(MethodInvocationHelper.java:141)
at org.testng.internal.invokers.TestInvoker.invokeMethod(TestInvoker.java:687)
at org.testng.internal.invokers.TestInvoker.invokeTestMethod(TestInvoker.java:230)
at org.testng.internal.invokers.TestMethodWithDataProviderMethodWorker.call(TestMethodWithDataProviderMethodWorker.java:81)
at org.testng.internal.thread.Async$AsyncTask.run(Async.java:34)
at java.base/java.util.concurrent.ThreadPoolExecutor.runWorker(ThreadPoolExecutor.java:1144)
at java.base/java.util.concurrent.ThreadPoolExecutor$Worker.run(ThreadPoolExecutor.java:642)
at java.base/java.lang.Thread.run(Thread.java:1583)
Caused by: com.microsoft.playwright.impl.TargetClosedError: Error {
  message='Target page, context or browser has been closed
  name='TargetClosedError
  stack='TargetClosedError: Target page, context or browser has been closed
    at DispatcherConnection.dispatch (/private/var/folders/1b/cqmvqvbd4sg1xvl1gc93cfyh0000gn/T/playwright-java-4501332805832521530/package/lib/server/dispatchers/dispatcher.js:243:69)
    at transport.onmessage (/private/var/folders/1b/cqmvqvbd4sg1xvl1gc93cfyh0000gn/T/playwright-java-4501332805832521530/package/lib/cli/driver.js:53:59)
    at Immediate._onImmediate (/private/var/folders/1b/cqmvqvbd4sg1xvl1gc93cfyh0000gn/T/playwright-java-4501332805832521530/package/lib/server/utils/pipeTransport.js:76:16)
    at process.processImmediate (node:internal/timers:485:21)
}
at com.microsoft.playwright.impl.Connection.dispatch(Connection.java:259)
at com.microsoft.playwright.impl.Connection.processOneMessage(Connection.java:214)
at com.microsoft.playwright.impl.ChannelOwner.runUntil(ChannelOwner.java:136)
... 17 more
]]>
    </error>
  </testcase> <!-- addMultipleLeads -->
  <testcase classname="playwright.Add100leadForProject" name="addMultipleLeads" time="0.016">
    <error message="Error {
  message=&#039;Target page, context or browser has been closed
  name=&#039;TargetClosedError
  stack=&#039;TargetClosedError: Target page, context or browser has been closed
    at DispatcherConnection.dispatch (/private/var/folders/1b/cqmvqvbd4sg1xvl1gc93cfyh0000gn/T/playwright-java-4501332805832521530/package/lib/server/dispatchers/dispatcher.js:243:69)
    at transport.onmessage (/private/var/folders/1b/cqmvqvbd4sg1xvl1gc93cfyh0000gn/T/playwright-java-4501332805832521530/package/lib/cli/driver.js:53:59)
    at Immediate._onImmediate (/private/var/folders/1b/cqmvqvbd4sg1xvl1gc93cfyh0000gn/T/playwright-java-4501332805832521530/package/lib/server/utils/pipeTransport.js:76:16)
    at process.processImmediate (node:internal/timers:485:21)
}" type="com.microsoft.playwright.impl.TargetClosedError">
      <![CDATA[com.microsoft.playwright.impl.TargetClosedError: Error {
  message='Target page, context or browser has been closed
  name='TargetClosedError
  stack='TargetClosedError: Target page, context or browser has been closed
    at DispatcherConnection.dispatch (/private/var/folders/1b/cqmvqvbd4sg1xvl1gc93cfyh0000gn/T/playwright-java-4501332805832521530/package/lib/server/dispatchers/dispatcher.js:243:69)
    at transport.onmessage (/private/var/folders/1b/cqmvqvbd4sg1xvl1gc93cfyh0000gn/T/playwright-java-4501332805832521530/package/lib/cli/driver.js:53:59)
    at Immediate._onImmediate (/private/var/folders/1b/cqmvqvbd4sg1xvl1gc93cfyh0000gn/T/playwright-java-4501332805832521530/package/lib/server/utils/pipeTransport.js:76:16)
    at process.processImmediate (node:internal/timers:485:21)
}
at com.microsoft.playwright.impl.WaitableResult.get(WaitableResult.java:54)
at com.microsoft.playwright.impl.ChannelOwner.runUntil(ChannelOwner.java:138)
at com.microsoft.playwright.impl.Connection.sendMessage(Connection.java:131)
at com.microsoft.playwright.impl.ChannelOwner.sendMessage(ChannelOwner.java:124)
at com.microsoft.playwright.impl.FrameImpl.clickImpl(FrameImpl.java:241)
at com.microsoft.playwright.impl.PageImpl.click(PageImpl.java:680)
at com.microsoft.playwright.Page.click(Page.java:3931)
at playwright.Add100leadForProject.addLead(Add100leadForProject.java:67)
at playwright.Add100leadForProject.addMultipleLeads(Add100leadForProject.java:111)
at java.base/jdk.internal.reflect.DirectMethodHandleAccessor.invoke(DirectMethodHandleAccessor.java:103)
at java.base/java.lang.reflect.Method.invoke(Method.java:580)
at org.testng.internal.invokers.MethodInvocationHelper.invokeMethod(MethodInvocationHelper.java:141)
at org.testng.internal.invokers.TestInvoker.invokeMethod(TestInvoker.java:687)
at org.testng.internal.invokers.TestInvoker.invokeTestMethod(TestInvoker.java:230)
at org.testng.internal.invokers.TestMethodWithDataProviderMethodWorker.call(TestMethodWithDataProviderMethodWorker.java:81)
at org.testng.internal.thread.Async$AsyncTask.run(Async.java:34)
at java.base/java.util.concurrent.ThreadPoolExecutor.runWorker(ThreadPoolExecutor.java:1144)
at java.base/java.util.concurrent.ThreadPoolExecutor$Worker.run(ThreadPoolExecutor.java:642)
at java.base/java.lang.Thread.run(Thread.java:1583)
Caused by: com.microsoft.playwright.impl.TargetClosedError: Error {
  message='Target page, context or browser has been closed
  name='TargetClosedError
  stack='TargetClosedError: Target page, context or browser has been closed
    at DispatcherConnection.dispatch (/private/var/folders/1b/cqmvqvbd4sg1xvl1gc93cfyh0000gn/T/playwright-java-4501332805832521530/package/lib/server/dispatchers/dispatcher.js:243:69)
    at transport.onmessage (/private/var/folders/1b/cqmvqvbd4sg1xvl1gc93cfyh0000gn/T/playwright-java-4501332805832521530/package/lib/cli/driver.js:53:59)
    at Immediate._onImmediate (/private/var/folders/1b/cqmvqvbd4sg1xvl1gc93cfyh0000gn/T/playwright-java-4501332805832521530/package/lib/server/utils/pipeTransport.js:76:16)
    at process.processImmediate (node:internal/timers:485:21)
}
at com.microsoft.playwright.impl.Connection.dispatch(Connection.java:259)
at com.microsoft.playwright.impl.Connection.processOneMessage(Connection.java:214)
at com.microsoft.playwright.impl.ChannelOwner.runUntil(ChannelOwner.java:136)
... 17 more
]]>
    </error>
  </testcase> <!-- addMultipleLeads -->
  <testcase classname="playwright.Add100leadForProject" name="addMultipleLeads" time="0.012">
    <error message="Error {
  message=&#039;Target page, context or browser has been closed
  name=&#039;TargetClosedError
  stack=&#039;TargetClosedError: Target page, context or browser has been closed
    at DispatcherConnection.dispatch (/private/var/folders/1b/cqmvqvbd4sg1xvl1gc93cfyh0000gn/T/playwright-java-4501332805832521530/package/lib/server/dispatchers/dispatcher.js:243:69)
    at transport.onmessage (/private/var/folders/1b/cqmvqvbd4sg1xvl1gc93cfyh0000gn/T/playwright-java-4501332805832521530/package/lib/cli/driver.js:53:59)
    at Immediate._onImmediate (/private/var/folders/1b/cqmvqvbd4sg1xvl1gc93cfyh0000gn/T/playwright-java-4501332805832521530/package/lib/server/utils/pipeTransport.js:76:16)
    at process.processImmediate (node:internal/timers:485:21)
}" type="com.microsoft.playwright.impl.TargetClosedError">
      <![CDATA[com.microsoft.playwright.impl.TargetClosedError: Error {
  message='Target page, context or browser has been closed
  name='TargetClosedError
  stack='TargetClosedError: Target page, context or browser has been closed
    at DispatcherConnection.dispatch (/private/var/folders/1b/cqmvqvbd4sg1xvl1gc93cfyh0000gn/T/playwright-java-4501332805832521530/package/lib/server/dispatchers/dispatcher.js:243:69)
    at transport.onmessage (/private/var/folders/1b/cqmvqvbd4sg1xvl1gc93cfyh0000gn/T/playwright-java-4501332805832521530/package/lib/cli/driver.js:53:59)
    at Immediate._onImmediate (/private/var/folders/1b/cqmvqvbd4sg1xvl1gc93cfyh0000gn/T/playwright-java-4501332805832521530/package/lib/server/utils/pipeTransport.js:76:16)
    at process.processImmediate (node:internal/timers:485:21)
}
at com.microsoft.playwright.impl.WaitableResult.get(WaitableResult.java:54)
at com.microsoft.playwright.impl.ChannelOwner.runUntil(ChannelOwner.java:138)
at com.microsoft.playwright.impl.Connection.sendMessage(Connection.java:131)
at com.microsoft.playwright.impl.ChannelOwner.sendMessage(ChannelOwner.java:124)
at com.microsoft.playwright.impl.FrameImpl.clickImpl(FrameImpl.java:241)
at com.microsoft.playwright.impl.PageImpl.click(PageImpl.java:680)
at com.microsoft.playwright.Page.click(Page.java:3931)
at playwright.Add100leadForProject.addLead(Add100leadForProject.java:67)
at playwright.Add100leadForProject.addMultipleLeads(Add100leadForProject.java:111)
at java.base/jdk.internal.reflect.DirectMethodHandleAccessor.invoke(DirectMethodHandleAccessor.java:103)
at java.base/java.lang.reflect.Method.invoke(Method.java:580)
at org.testng.internal.invokers.MethodInvocationHelper.invokeMethod(MethodInvocationHelper.java:141)
at org.testng.internal.invokers.TestInvoker.invokeMethod(TestInvoker.java:687)
at org.testng.internal.invokers.TestInvoker.invokeTestMethod(TestInvoker.java:230)
at org.testng.internal.invokers.TestMethodWithDataProviderMethodWorker.call(TestMethodWithDataProviderMethodWorker.java:81)
at org.testng.internal.thread.Async$AsyncTask.run(Async.java:34)
at java.base/java.util.concurrent.ThreadPoolExecutor.runWorker(ThreadPoolExecutor.java:1144)
at java.base/java.util.concurrent.ThreadPoolExecutor$Worker.run(ThreadPoolExecutor.java:642)
at java.base/java.lang.Thread.run(Thread.java:1583)
Caused by: com.microsoft.playwright.impl.TargetClosedError: Error {
  message='Target page, context or browser has been closed
  name='TargetClosedError
  stack='TargetClosedError: Target page, context or browser has been closed
    at DispatcherConnection.dispatch (/private/var/folders/1b/cqmvqvbd4sg1xvl1gc93cfyh0000gn/T/playwright-java-4501332805832521530/package/lib/server/dispatchers/dispatcher.js:243:69)
    at transport.onmessage (/private/var/folders/1b/cqmvqvbd4sg1xvl1gc93cfyh0000gn/T/playwright-java-4501332805832521530/package/lib/cli/driver.js:53:59)
    at Immediate._onImmediate (/private/var/folders/1b/cqmvqvbd4sg1xvl1gc93cfyh0000gn/T/playwright-java-4501332805832521530/package/lib/server/utils/pipeTransport.js:76:16)
    at process.processImmediate (node:internal/timers:485:21)
}
at com.microsoft.playwright.impl.Connection.dispatch(Connection.java:259)
at com.microsoft.playwright.impl.Connection.processOneMessage(Connection.java:214)
at com.microsoft.playwright.impl.ChannelOwner.runUntil(ChannelOwner.java:136)
... 17 more
]]>
    </error>
  </testcase> <!-- addMultipleLeads -->
  <testcase classname="playwright.Add100leadForProject" name="addMultipleLeads" time="0.013">
    <error message="Error {
  message=&#039;Target page, context or browser has been closed
  name=&#039;TargetClosedError
  stack=&#039;TargetClosedError: Target page, context or browser has been closed
    at DispatcherConnection.dispatch (/private/var/folders/1b/cqmvqvbd4sg1xvl1gc93cfyh0000gn/T/playwright-java-4501332805832521530/package/lib/server/dispatchers/dispatcher.js:243:69)
    at transport.onmessage (/private/var/folders/1b/cqmvqvbd4sg1xvl1gc93cfyh0000gn/T/playwright-java-4501332805832521530/package/lib/cli/driver.js:53:59)
    at Immediate._onImmediate (/private/var/folders/1b/cqmvqvbd4sg1xvl1gc93cfyh0000gn/T/playwright-java-4501332805832521530/package/lib/server/utils/pipeTransport.js:76:16)
    at process.processImmediate (node:internal/timers:485:21)
}" type="com.microsoft.playwright.impl.TargetClosedError">
      <![CDATA[com.microsoft.playwright.impl.TargetClosedError: Error {
  message='Target page, context or browser has been closed
  name='TargetClosedError
  stack='TargetClosedError: Target page, context or browser has been closed
    at DispatcherConnection.dispatch (/private/var/folders/1b/cqmvqvbd4sg1xvl1gc93cfyh0000gn/T/playwright-java-4501332805832521530/package/lib/server/dispatchers/dispatcher.js:243:69)
    at transport.onmessage (/private/var/folders/1b/cqmvqvbd4sg1xvl1gc93cfyh0000gn/T/playwright-java-4501332805832521530/package/lib/cli/driver.js:53:59)
    at Immediate._onImmediate (/private/var/folders/1b/cqmvqvbd4sg1xvl1gc93cfyh0000gn/T/playwright-java-4501332805832521530/package/lib/server/utils/pipeTransport.js:76:16)
    at process.processImmediate (node:internal/timers:485:21)
}
at com.microsoft.playwright.impl.WaitableResult.get(WaitableResult.java:54)
at com.microsoft.playwright.impl.ChannelOwner.runUntil(ChannelOwner.java:138)
at com.microsoft.playwright.impl.Connection.sendMessage(Connection.java:131)
at com.microsoft.playwright.impl.ChannelOwner.sendMessage(ChannelOwner.java:124)
at com.microsoft.playwright.impl.FrameImpl.clickImpl(FrameImpl.java:241)
at com.microsoft.playwright.impl.PageImpl.click(PageImpl.java:680)
at com.microsoft.playwright.Page.click(Page.java:3931)
at playwright.Add100leadForProject.addLead(Add100leadForProject.java:67)
at playwright.Add100leadForProject.addMultipleLeads(Add100leadForProject.java:111)
at java.base/jdk.internal.reflect.DirectMethodHandleAccessor.invoke(DirectMethodHandleAccessor.java:103)
at java.base/java.lang.reflect.Method.invoke(Method.java:580)
at org.testng.internal.invokers.MethodInvocationHelper.invokeMethod(MethodInvocationHelper.java:141)
at org.testng.internal.invokers.TestInvoker.invokeMethod(TestInvoker.java:687)
at org.testng.internal.invokers.TestInvoker.invokeTestMethod(TestInvoker.java:230)
at org.testng.internal.invokers.TestMethodWithDataProviderMethodWorker.call(TestMethodWithDataProviderMethodWorker.java:81)
at org.testng.internal.thread.Async$AsyncTask.run(Async.java:34)
at java.base/java.util.concurrent.ThreadPoolExecutor.runWorker(ThreadPoolExecutor.java:1144)
at java.base/java.util.concurrent.ThreadPoolExecutor$Worker.run(ThreadPoolExecutor.java:642)
at java.base/java.lang.Thread.run(Thread.java:1583)
Caused by: com.microsoft.playwright.impl.TargetClosedError: Error {
  message='Target page, context or browser has been closed
  name='TargetClosedError
  stack='TargetClosedError: Target page, context or browser has been closed
    at DispatcherConnection.dispatch (/private/var/folders/1b/cqmvqvbd4sg1xvl1gc93cfyh0000gn/T/playwright-java-4501332805832521530/package/lib/server/dispatchers/dispatcher.js:243:69)
    at transport.onmessage (/private/var/folders/1b/cqmvqvbd4sg1xvl1gc93cfyh0000gn/T/playwright-java-4501332805832521530/package/lib/cli/driver.js:53:59)
    at Immediate._onImmediate (/private/var/folders/1b/cqmvqvbd4sg1xvl1gc93cfyh0000gn/T/playwright-java-4501332805832521530/package/lib/server/utils/pipeTransport.js:76:16)
    at process.processImmediate (node:internal/timers:485:21)
}
at com.microsoft.playwright.impl.Connection.dispatch(Connection.java:259)
at com.microsoft.playwright.impl.Connection.processOneMessage(Connection.java:214)
at com.microsoft.playwright.impl.ChannelOwner.runUntil(ChannelOwner.java:136)
... 17 more
]]>
    </error>
  </testcase> <!-- addMultipleLeads -->
  <testcase classname="playwright.Add100leadForProject" name="addMultipleLeads" time="0.019">
    <error message="Error {
  message=&#039;Target page, context or browser has been closed
  name=&#039;TargetClosedError
  stack=&#039;TargetClosedError: Target page, context or browser has been closed
    at DispatcherConnection.dispatch (/private/var/folders/1b/cqmvqvbd4sg1xvl1gc93cfyh0000gn/T/playwright-java-4501332805832521530/package/lib/server/dispatchers/dispatcher.js:243:69)
    at transport.onmessage (/private/var/folders/1b/cqmvqvbd4sg1xvl1gc93cfyh0000gn/T/playwright-java-4501332805832521530/package/lib/cli/driver.js:53:59)
    at Immediate._onImmediate (/private/var/folders/1b/cqmvqvbd4sg1xvl1gc93cfyh0000gn/T/playwright-java-4501332805832521530/package/lib/server/utils/pipeTransport.js:76:16)
    at process.processImmediate (node:internal/timers:485:21)
}" type="com.microsoft.playwright.impl.TargetClosedError">
      <![CDATA[com.microsoft.playwright.impl.TargetClosedError: Error {
  message='Target page, context or browser has been closed
  name='TargetClosedError
  stack='TargetClosedError: Target page, context or browser has been closed
    at DispatcherConnection.dispatch (/private/var/folders/1b/cqmvqvbd4sg1xvl1gc93cfyh0000gn/T/playwright-java-4501332805832521530/package/lib/server/dispatchers/dispatcher.js:243:69)
    at transport.onmessage (/private/var/folders/1b/cqmvqvbd4sg1xvl1gc93cfyh0000gn/T/playwright-java-4501332805832521530/package/lib/cli/driver.js:53:59)
    at Immediate._onImmediate (/private/var/folders/1b/cqmvqvbd4sg1xvl1gc93cfyh0000gn/T/playwright-java-4501332805832521530/package/lib/server/utils/pipeTransport.js:76:16)
    at process.processImmediate (node:internal/timers:485:21)
}
at com.microsoft.playwright.impl.WaitableResult.get(WaitableResult.java:54)
at com.microsoft.playwright.impl.ChannelOwner.runUntil(ChannelOwner.java:138)
at com.microsoft.playwright.impl.Connection.sendMessage(Connection.java:131)
at com.microsoft.playwright.impl.ChannelOwner.sendMessage(ChannelOwner.java:124)
at com.microsoft.playwright.impl.FrameImpl.clickImpl(FrameImpl.java:241)
at com.microsoft.playwright.impl.PageImpl.click(PageImpl.java:680)
at com.microsoft.playwright.Page.click(Page.java:3931)
at playwright.Add100leadForProject.addLead(Add100leadForProject.java:67)
at playwright.Add100leadForProject.addMultipleLeads(Add100leadForProject.java:111)
at java.base/jdk.internal.reflect.DirectMethodHandleAccessor.invoke(DirectMethodHandleAccessor.java:103)
at java.base/java.lang.reflect.Method.invoke(Method.java:580)
at org.testng.internal.invokers.MethodInvocationHelper.invokeMethod(MethodInvocationHelper.java:141)
at org.testng.internal.invokers.TestInvoker.invokeMethod(TestInvoker.java:687)
at org.testng.internal.invokers.TestInvoker.invokeTestMethod(TestInvoker.java:230)
at org.testng.internal.invokers.TestMethodWithDataProviderMethodWorker.call(TestMethodWithDataProviderMethodWorker.java:81)
at org.testng.internal.thread.Async$AsyncTask.run(Async.java:34)
at java.base/java.util.concurrent.ThreadPoolExecutor.runWorker(ThreadPoolExecutor.java:1144)
at java.base/java.util.concurrent.ThreadPoolExecutor$Worker.run(ThreadPoolExecutor.java:642)
at java.base/java.lang.Thread.run(Thread.java:1583)
Caused by: com.microsoft.playwright.impl.TargetClosedError: Error {
  message='Target page, context or browser has been closed
  name='TargetClosedError
  stack='TargetClosedError: Target page, context or browser has been closed
    at DispatcherConnection.dispatch (/private/var/folders/1b/cqmvqvbd4sg1xvl1gc93cfyh0000gn/T/playwright-java-4501332805832521530/package/lib/server/dispatchers/dispatcher.js:243:69)
    at transport.onmessage (/private/var/folders/1b/cqmvqvbd4sg1xvl1gc93cfyh0000gn/T/playwright-java-4501332805832521530/package/lib/cli/driver.js:53:59)
    at Immediate._onImmediate (/private/var/folders/1b/cqmvqvbd4sg1xvl1gc93cfyh0000gn/T/playwright-java-4501332805832521530/package/lib/server/utils/pipeTransport.js:76:16)
    at process.processImmediate (node:internal/timers:485:21)
}
at com.microsoft.playwright.impl.Connection.dispatch(Connection.java:259)
at com.microsoft.playwright.impl.Connection.processOneMessage(Connection.java:214)
at com.microsoft.playwright.impl.ChannelOwner.runUntil(ChannelOwner.java:136)
... 17 more
]]>
    </error>
  </testcase> <!-- addMultipleLeads -->
  <testcase classname="playwright.Add100leadForProject" name="addMultipleLeads" time="0.016">
    <error message="Error {
  message=&#039;Target page, context or browser has been closed
  name=&#039;TargetClosedError
  stack=&#039;TargetClosedError: Target page, context or browser has been closed
    at DispatcherConnection.dispatch (/private/var/folders/1b/cqmvqvbd4sg1xvl1gc93cfyh0000gn/T/playwright-java-4501332805832521530/package/lib/server/dispatchers/dispatcher.js:243:69)
    at transport.onmessage (/private/var/folders/1b/cqmvqvbd4sg1xvl1gc93cfyh0000gn/T/playwright-java-4501332805832521530/package/lib/cli/driver.js:53:59)
    at Immediate._onImmediate (/private/var/folders/1b/cqmvqvbd4sg1xvl1gc93cfyh0000gn/T/playwright-java-4501332805832521530/package/lib/server/utils/pipeTransport.js:76:16)
    at process.processImmediate (node:internal/timers:485:21)
}" type="com.microsoft.playwright.impl.TargetClosedError">
      <![CDATA[com.microsoft.playwright.impl.TargetClosedError: Error {
  message='Target page, context or browser has been closed
  name='TargetClosedError
  stack='TargetClosedError: Target page, context or browser has been closed
    at DispatcherConnection.dispatch (/private/var/folders/1b/cqmvqvbd4sg1xvl1gc93cfyh0000gn/T/playwright-java-4501332805832521530/package/lib/server/dispatchers/dispatcher.js:243:69)
    at transport.onmessage (/private/var/folders/1b/cqmvqvbd4sg1xvl1gc93cfyh0000gn/T/playwright-java-4501332805832521530/package/lib/cli/driver.js:53:59)
    at Immediate._onImmediate (/private/var/folders/1b/cqmvqvbd4sg1xvl1gc93cfyh0000gn/T/playwright-java-4501332805832521530/package/lib/server/utils/pipeTransport.js:76:16)
    at process.processImmediate (node:internal/timers:485:21)
}
at com.microsoft.playwright.impl.WaitableResult.get(WaitableResult.java:54)
at com.microsoft.playwright.impl.ChannelOwner.runUntil(ChannelOwner.java:138)
at com.microsoft.playwright.impl.Connection.sendMessage(Connection.java:131)
at com.microsoft.playwright.impl.ChannelOwner.sendMessage(ChannelOwner.java:124)
at com.microsoft.playwright.impl.FrameImpl.clickImpl(FrameImpl.java:241)
at com.microsoft.playwright.impl.PageImpl.click(PageImpl.java:680)
at com.microsoft.playwright.Page.click(Page.java:3931)
at playwright.Add100leadForProject.addLead(Add100leadForProject.java:67)
at playwright.Add100leadForProject.addMultipleLeads(Add100leadForProject.java:111)
at java.base/jdk.internal.reflect.DirectMethodHandleAccessor.invoke(DirectMethodHandleAccessor.java:103)
at java.base/java.lang.reflect.Method.invoke(Method.java:580)
at org.testng.internal.invokers.MethodInvocationHelper.invokeMethod(MethodInvocationHelper.java:141)
at org.testng.internal.invokers.TestInvoker.invokeMethod(TestInvoker.java:687)
at org.testng.internal.invokers.TestInvoker.invokeTestMethod(TestInvoker.java:230)
at org.testng.internal.invokers.TestMethodWithDataProviderMethodWorker.call(TestMethodWithDataProviderMethodWorker.java:81)
at org.testng.internal.thread.Async$AsyncTask.run(Async.java:34)
at java.base/java.util.concurrent.ThreadPoolExecutor.runWorker(ThreadPoolExecutor.java:1144)
at java.base/java.util.concurrent.ThreadPoolExecutor$Worker.run(ThreadPoolExecutor.java:642)
at java.base/java.lang.Thread.run(Thread.java:1583)
Caused by: com.microsoft.playwright.impl.TargetClosedError: Error {
  message='Target page, context or browser has been closed
  name='TargetClosedError
  stack='TargetClosedError: Target page, context or browser has been closed
    at DispatcherConnection.dispatch (/private/var/folders/1b/cqmvqvbd4sg1xvl1gc93cfyh0000gn/T/playwright-java-4501332805832521530/package/lib/server/dispatchers/dispatcher.js:243:69)
    at transport.onmessage (/private/var/folders/1b/cqmvqvbd4sg1xvl1gc93cfyh0000gn/T/playwright-java-4501332805832521530/package/lib/cli/driver.js:53:59)
    at Immediate._onImmediate (/private/var/folders/1b/cqmvqvbd4sg1xvl1gc93cfyh0000gn/T/playwright-java-4501332805832521530/package/lib/server/utils/pipeTransport.js:76:16)
    at process.processImmediate (node:internal/timers:485:21)
}
at com.microsoft.playwright.impl.Connection.dispatch(Connection.java:259)
at com.microsoft.playwright.impl.Connection.processOneMessage(Connection.java:214)
at com.microsoft.playwright.impl.ChannelOwner.runUntil(ChannelOwner.java:136)
... 17 more
]]>
    </error>
  </testcase> <!-- addMultipleLeads -->
  <testcase classname="playwright.Add100leadForProject" name="addMultipleLeads" time="0.004">
    <error message="Error {
  message=&#039;Target page, context or browser has been closed
  name=&#039;TargetClosedError
  stack=&#039;TargetClosedError: Target page, context or browser has been closed
    at DispatcherConnection.dispatch (/private/var/folders/1b/cqmvqvbd4sg1xvl1gc93cfyh0000gn/T/playwright-java-4501332805832521530/package/lib/server/dispatchers/dispatcher.js:243:69)
    at transport.onmessage (/private/var/folders/1b/cqmvqvbd4sg1xvl1gc93cfyh0000gn/T/playwright-java-4501332805832521530/package/lib/cli/driver.js:53:59)
    at Immediate._onImmediate (/private/var/folders/1b/cqmvqvbd4sg1xvl1gc93cfyh0000gn/T/playwright-java-4501332805832521530/package/lib/server/utils/pipeTransport.js:76:16)
    at process.processImmediate (node:internal/timers:485:21)
}" type="com.microsoft.playwright.impl.TargetClosedError">
      <![CDATA[com.microsoft.playwright.impl.TargetClosedError: Error {
  message='Target page, context or browser has been closed
  name='TargetClosedError
  stack='TargetClosedError: Target page, context or browser has been closed
    at DispatcherConnection.dispatch (/private/var/folders/1b/cqmvqvbd4sg1xvl1gc93cfyh0000gn/T/playwright-java-4501332805832521530/package/lib/server/dispatchers/dispatcher.js:243:69)
    at transport.onmessage (/private/var/folders/1b/cqmvqvbd4sg1xvl1gc93cfyh0000gn/T/playwright-java-4501332805832521530/package/lib/cli/driver.js:53:59)
    at Immediate._onImmediate (/private/var/folders/1b/cqmvqvbd4sg1xvl1gc93cfyh0000gn/T/playwright-java-4501332805832521530/package/lib/server/utils/pipeTransport.js:76:16)
    at process.processImmediate (node:internal/timers:485:21)
}
at com.microsoft.playwright.impl.WaitableResult.get(WaitableResult.java:54)
at com.microsoft.playwright.impl.ChannelOwner.runUntil(ChannelOwner.java:138)
at com.microsoft.playwright.impl.Connection.sendMessage(Connection.java:131)
at com.microsoft.playwright.impl.ChannelOwner.sendMessage(ChannelOwner.java:124)
at com.microsoft.playwright.impl.FrameImpl.clickImpl(FrameImpl.java:241)
at com.microsoft.playwright.impl.PageImpl.click(PageImpl.java:680)
at com.microsoft.playwright.Page.click(Page.java:3931)
at playwright.Add100leadForProject.addLead(Add100leadForProject.java:67)
at playwright.Add100leadForProject.addMultipleLeads(Add100leadForProject.java:111)
at java.base/jdk.internal.reflect.DirectMethodHandleAccessor.invoke(DirectMethodHandleAccessor.java:103)
at java.base/java.lang.reflect.Method.invoke(Method.java:580)
at org.testng.internal.invokers.MethodInvocationHelper.invokeMethod(MethodInvocationHelper.java:141)
at org.testng.internal.invokers.TestInvoker.invokeMethod(TestInvoker.java:687)
at org.testng.internal.invokers.TestInvoker.invokeTestMethod(TestInvoker.java:230)
at org.testng.internal.invokers.TestMethodWithDataProviderMethodWorker.call(TestMethodWithDataProviderMethodWorker.java:81)
at org.testng.internal.thread.Async$AsyncTask.run(Async.java:34)
at java.base/java.util.concurrent.ThreadPoolExecutor.runWorker(ThreadPoolExecutor.java:1144)
at java.base/java.util.concurrent.ThreadPoolExecutor$Worker.run(ThreadPoolExecutor.java:642)
at java.base/java.lang.Thread.run(Thread.java:1583)
Caused by: com.microsoft.playwright.impl.TargetClosedError: Error {
  message='Target page, context or browser has been closed
  name='TargetClosedError
  stack='TargetClosedError: Target page, context or browser has been closed
    at DispatcherConnection.dispatch (/private/var/folders/1b/cqmvqvbd4sg1xvl1gc93cfyh0000gn/T/playwright-java-4501332805832521530/package/lib/server/dispatchers/dispatcher.js:243:69)
    at transport.onmessage (/private/var/folders/1b/cqmvqvbd4sg1xvl1gc93cfyh0000gn/T/playwright-java-4501332805832521530/package/lib/cli/driver.js:53:59)
    at Immediate._onImmediate (/private/var/folders/1b/cqmvqvbd4sg1xvl1gc93cfyh0000gn/T/playwright-java-4501332805832521530/package/lib/server/utils/pipeTransport.js:76:16)
    at process.processImmediate (node:internal/timers:485:21)
}
at com.microsoft.playwright.impl.Connection.dispatch(Connection.java:259)
at com.microsoft.playwright.impl.Connection.processOneMessage(Connection.java:214)
at com.microsoft.playwright.impl.ChannelOwner.runUntil(ChannelOwner.java:136)
... 17 more
]]>
    </error>
  </testcase> <!-- addMultipleLeads -->
  <testcase classname="playwright.Add100leadForProject" name="addMultipleLeads" time="0.013">
    <error message="Error {
  message=&#039;Target page, context or browser has been closed
  name=&#039;TargetClosedError
  stack=&#039;TargetClosedError: Target page, context or browser has been closed
    at DispatcherConnection.dispatch (/private/var/folders/1b/cqmvqvbd4sg1xvl1gc93cfyh0000gn/T/playwright-java-4501332805832521530/package/lib/server/dispatchers/dispatcher.js:243:69)
    at transport.onmessage (/private/var/folders/1b/cqmvqvbd4sg1xvl1gc93cfyh0000gn/T/playwright-java-4501332805832521530/package/lib/cli/driver.js:53:59)
    at Immediate._onImmediate (/private/var/folders/1b/cqmvqvbd4sg1xvl1gc93cfyh0000gn/T/playwright-java-4501332805832521530/package/lib/server/utils/pipeTransport.js:76:16)
    at process.processImmediate (node:internal/timers:485:21)
}" type="com.microsoft.playwright.impl.TargetClosedError">
      <![CDATA[com.microsoft.playwright.impl.TargetClosedError: Error {
  message='Target page, context or browser has been closed
  name='TargetClosedError
  stack='TargetClosedError: Target page, context or browser has been closed
    at DispatcherConnection.dispatch (/private/var/folders/1b/cqmvqvbd4sg1xvl1gc93cfyh0000gn/T/playwright-java-4501332805832521530/package/lib/server/dispatchers/dispatcher.js:243:69)
    at transport.onmessage (/private/var/folders/1b/cqmvqvbd4sg1xvl1gc93cfyh0000gn/T/playwright-java-4501332805832521530/package/lib/cli/driver.js:53:59)
    at Immediate._onImmediate (/private/var/folders/1b/cqmvqvbd4sg1xvl1gc93cfyh0000gn/T/playwright-java-4501332805832521530/package/lib/server/utils/pipeTransport.js:76:16)
    at process.processImmediate (node:internal/timers:485:21)
}
at com.microsoft.playwright.impl.WaitableResult.get(WaitableResult.java:54)
at com.microsoft.playwright.impl.ChannelOwner.runUntil(ChannelOwner.java:138)
at com.microsoft.playwright.impl.Connection.sendMessage(Connection.java:131)
at com.microsoft.playwright.impl.ChannelOwner.sendMessage(ChannelOwner.java:124)
at com.microsoft.playwright.impl.FrameImpl.clickImpl(FrameImpl.java:241)
at com.microsoft.playwright.impl.PageImpl.click(PageImpl.java:680)
at com.microsoft.playwright.Page.click(Page.java:3931)
at playwright.Add100leadForProject.addLead(Add100leadForProject.java:67)
at playwright.Add100leadForProject.addMultipleLeads(Add100leadForProject.java:111)
at java.base/jdk.internal.reflect.DirectMethodHandleAccessor.invoke(DirectMethodHandleAccessor.java:103)
at java.base/java.lang.reflect.Method.invoke(Method.java:580)
at org.testng.internal.invokers.MethodInvocationHelper.invokeMethod(MethodInvocationHelper.java:141)
at org.testng.internal.invokers.TestInvoker.invokeMethod(TestInvoker.java:687)
at org.testng.internal.invokers.TestInvoker.invokeTestMethod(TestInvoker.java:230)
at org.testng.internal.invokers.TestMethodWithDataProviderMethodWorker.call(TestMethodWithDataProviderMethodWorker.java:81)
at org.testng.internal.thread.Async$AsyncTask.run(Async.java:34)
at java.base/java.util.concurrent.ThreadPoolExecutor.runWorker(ThreadPoolExecutor.java:1144)
at java.base/java.util.concurrent.ThreadPoolExecutor$Worker.run(ThreadPoolExecutor.java:642)
at java.base/java.lang.Thread.run(Thread.java:1583)
Caused by: com.microsoft.playwright.impl.TargetClosedError: Error {
  message='Target page, context or browser has been closed
  name='TargetClosedError
  stack='TargetClosedError: Target page, context or browser has been closed
    at DispatcherConnection.dispatch (/private/var/folders/1b/cqmvqvbd4sg1xvl1gc93cfyh0000gn/T/playwright-java-4501332805832521530/package/lib/server/dispatchers/dispatcher.js:243:69)
    at transport.onmessage (/private/var/folders/1b/cqmvqvbd4sg1xvl1gc93cfyh0000gn/T/playwright-java-4501332805832521530/package/lib/cli/driver.js:53:59)
    at Immediate._onImmediate (/private/var/folders/1b/cqmvqvbd4sg1xvl1gc93cfyh0000gn/T/playwright-java-4501332805832521530/package/lib/server/utils/pipeTransport.js:76:16)
    at process.processImmediate (node:internal/timers:485:21)
}
at com.microsoft.playwright.impl.Connection.dispatch(Connection.java:259)
at com.microsoft.playwright.impl.Connection.processOneMessage(Connection.java:214)
at com.microsoft.playwright.impl.ChannelOwner.runUntil(ChannelOwner.java:136)
... 17 more
]]>
    </error>
  </testcase> <!-- addMultipleLeads -->
  <testcase classname="playwright.Add100leadForProject" name="addMultipleLeads" time="0.016">
    <error message="Error {
  message=&#039;Target page, context or browser has been closed
  name=&#039;TargetClosedError
  stack=&#039;TargetClosedError: Target page, context or browser has been closed
    at DispatcherConnection.dispatch (/private/var/folders/1b/cqmvqvbd4sg1xvl1gc93cfyh0000gn/T/playwright-java-4501332805832521530/package/lib/server/dispatchers/dispatcher.js:243:69)
    at transport.onmessage (/private/var/folders/1b/cqmvqvbd4sg1xvl1gc93cfyh0000gn/T/playwright-java-4501332805832521530/package/lib/cli/driver.js:53:59)
    at Immediate._onImmediate (/private/var/folders/1b/cqmvqvbd4sg1xvl1gc93cfyh0000gn/T/playwright-java-4501332805832521530/package/lib/server/utils/pipeTransport.js:76:16)
    at process.processImmediate (node:internal/timers:485:21)
}" type="com.microsoft.playwright.impl.TargetClosedError">
      <![CDATA[com.microsoft.playwright.impl.TargetClosedError: Error {
  message='Target page, context or browser has been closed
  name='TargetClosedError
  stack='TargetClosedError: Target page, context or browser has been closed
    at DispatcherConnection.dispatch (/private/var/folders/1b/cqmvqvbd4sg1xvl1gc93cfyh0000gn/T/playwright-java-4501332805832521530/package/lib/server/dispatchers/dispatcher.js:243:69)
    at transport.onmessage (/private/var/folders/1b/cqmvqvbd4sg1xvl1gc93cfyh0000gn/T/playwright-java-4501332805832521530/package/lib/cli/driver.js:53:59)
    at Immediate._onImmediate (/private/var/folders/1b/cqmvqvbd4sg1xvl1gc93cfyh0000gn/T/playwright-java-4501332805832521530/package/lib/server/utils/pipeTransport.js:76:16)
    at process.processImmediate (node:internal/timers:485:21)
}
at com.microsoft.playwright.impl.WaitableResult.get(WaitableResult.java:54)
at com.microsoft.playwright.impl.ChannelOwner.runUntil(ChannelOwner.java:138)
at com.microsoft.playwright.impl.Connection.sendMessage(Connection.java:131)
at com.microsoft.playwright.impl.ChannelOwner.sendMessage(ChannelOwner.java:124)
at com.microsoft.playwright.impl.FrameImpl.clickImpl(FrameImpl.java:241)
at com.microsoft.playwright.impl.PageImpl.click(PageImpl.java:680)
at com.microsoft.playwright.Page.click(Page.java:3931)
at playwright.Add100leadForProject.addLead(Add100leadForProject.java:67)
at playwright.Add100leadForProject.addMultipleLeads(Add100leadForProject.java:111)
at java.base/jdk.internal.reflect.DirectMethodHandleAccessor.invoke(DirectMethodHandleAccessor.java:103)
at java.base/java.lang.reflect.Method.invoke(Method.java:580)
at org.testng.internal.invokers.MethodInvocationHelper.invokeMethod(MethodInvocationHelper.java:141)
at org.testng.internal.invokers.TestInvoker.invokeMethod(TestInvoker.java:687)
at org.testng.internal.invokers.TestInvoker.invokeTestMethod(TestInvoker.java:230)
at org.testng.internal.invokers.TestMethodWithDataProviderMethodWorker.call(TestMethodWithDataProviderMethodWorker.java:81)
at org.testng.internal.thread.Async$AsyncTask.run(Async.java:34)
at java.base/java.util.concurrent.ThreadPoolExecutor.runWorker(ThreadPoolExecutor.java:1144)
at java.base/java.util.concurrent.ThreadPoolExecutor$Worker.run(ThreadPoolExecutor.java:642)
at java.base/java.lang.Thread.run(Thread.java:1583)
Caused by: com.microsoft.playwright.impl.TargetClosedError: Error {
  message='Target page, context or browser has been closed
  name='TargetClosedError
  stack='TargetClosedError: Target page, context or browser has been closed
    at DispatcherConnection.dispatch (/private/var/folders/1b/cqmvqvbd4sg1xvl1gc93cfyh0000gn/T/playwright-java-4501332805832521530/package/lib/server/dispatchers/dispatcher.js:243:69)
    at transport.onmessage (/private/var/folders/1b/cqmvqvbd4sg1xvl1gc93cfyh0000gn/T/playwright-java-4501332805832521530/package/lib/cli/driver.js:53:59)
    at Immediate._onImmediate (/private/var/folders/1b/cqmvqvbd4sg1xvl1gc93cfyh0000gn/T/playwright-java-4501332805832521530/package/lib/server/utils/pipeTransport.js:76:16)
    at process.processImmediate (node:internal/timers:485:21)
}
at com.microsoft.playwright.impl.Connection.dispatch(Connection.java:259)
at com.microsoft.playwright.impl.Connection.processOneMessage(Connection.java:214)
at com.microsoft.playwright.impl.ChannelOwner.runUntil(ChannelOwner.java:136)
... 17 more
]]>
    </error>
  </testcase> <!-- addMultipleLeads -->
  <testcase classname="playwright.Add100leadForProject" name="addMultipleLeads" time="15.886">
    <error message="Error {
  message=&#039;Target page, context or browser has been closed
  name=&#039;TargetClosedError
  stack=&#039;TargetClosedError:Target page, context or browser has been closed
Error
    at captureRawStack (/private/var/folders/1b/cqmvqvbd4sg1xvl1gc93cfyh0000gn/T/playwright-java-4501332805832521530/package/lib/utils/isomorphic/stackTrace.js:32:17)
    at LongStandingScope._race (/private/var/folders/1b/cqmvqvbd4sg1xvl1gc93cfyh0000gn/T/playwright-java-4501332805832521530/package/lib/utils/isomorphic/manualPromise.js:87:58)
    at LongStandingScope.race (/private/var/folders/1b/cqmvqvbd4sg1xvl1gc93cfyh0000gn/T/playwright-java-4501332805832521530/package/lib/utils/isomorphic/manualPromise.js:80:17)
    at /private/var/folders/1b/cqmvqvbd4sg1xvl1gc93cfyh0000gn/T/playwright-java-4501332805832521530/package/lib/utils/isomorphic/manualPromise.js:77:45
    at Array.map (&lt;anonymous&gt;)
    at LongStandingScope.raceMultiple (/private/var/folders/1b/cqmvqvbd4sg1xvl1gc93cfyh0000gn/T/playwright-java-4501332805832521530/package/lib/utils/isomorphic/manualPromise.js:77:32)
    at Frame.retryWithProgressAndTimeouts (/private/var/folders/1b/cqmvqvbd4sg1xvl1gc93cfyh0000gn/T/playwright-java-4501332805832521530/package/lib/server/frames.js:877:46)
    at runNextTicks (node:internal/process/task_queues:65:5)
    at process.processImmediate (node:internal/timers:453:9)
    at async /private/var/folders/1b/cqmvqvbd4sg1xvl1gc93cfyh0000gn/T/playwright-java-4501332805832521530/package/lib/server/frames.js:960:29
    at async ProgressController.run (/private/var/folders/1b/cqmvqvbd4sg1xvl1gc93cfyh0000gn/T/playwright-java-4501332805832521530/package/lib/server/progress.js:80:22)
    at async FrameDispatcher.click (/private/var/folders/1b/cqmvqvbd4sg1xvl1gc93cfyh0000gn/T/playwright-java-4501332805832521530/package/lib/server/dispatchers/frameDispatcher.js:117:12)
    at async LongStandingScope._race (/private/var/folders/1b/cqmvqvbd4sg1xvl1gc93cfyh0000gn/T/playwright-java-4501332805832521530/package/lib/utils/isomorphic/manualPromise.js:94:14)
    at async FrameDispatcher._handleCommand (/private/var/folders/1b/cqmvqvbd4sg1xvl1gc93cfyh0000gn/T/playwright-java-4501332805832521530/package/lib/server/dispatchers/dispatcher.js:90:14)
    at async DispatcherConnection.dispatch (/private/var/folders/1b/cqmvqvbd4sg1xvl1gc93cfyh0000gn/T/playwright-java-4501332805832521530/package/lib/server/dispatchers/dispatcher.js:309:22)
}
Call log:
-   - waiting for locator(&quot;xpath=(//p[@data-size=&#039;sm&#039;])[4]&quot;)
" type="com.microsoft.playwright.impl.TargetClosedError">
      <![CDATA[com.microsoft.playwright.impl.TargetClosedError: Error {
  message='Target page, context or browser has been closed
  name='TargetClosedError
  stack='TargetClosedError:Target page, context or browser has been closed
Error
    at captureRawStack (/private/var/folders/1b/cqmvqvbd4sg1xvl1gc93cfyh0000gn/T/playwright-java-4501332805832521530/package/lib/utils/isomorphic/stackTrace.js:32:17)
    at LongStandingScope._race (/private/var/folders/1b/cqmvqvbd4sg1xvl1gc93cfyh0000gn/T/playwright-java-4501332805832521530/package/lib/utils/isomorphic/manualPromise.js:87:58)
    at LongStandingScope.race (/private/var/folders/1b/cqmvqvbd4sg1xvl1gc93cfyh0000gn/T/playwright-java-4501332805832521530/package/lib/utils/isomorphic/manualPromise.js:80:17)
    at /private/var/folders/1b/cqmvqvbd4sg1xvl1gc93cfyh0000gn/T/playwright-java-4501332805832521530/package/lib/utils/isomorphic/manualPromise.js:77:45
    at Array.map (<anonymous>)
    at LongStandingScope.raceMultiple (/private/var/folders/1b/cqmvqvbd4sg1xvl1gc93cfyh0000gn/T/playwright-java-4501332805832521530/package/lib/utils/isomorphic/manualPromise.js:77:32)
    at Frame.retryWithProgressAndTimeouts (/private/var/folders/1b/cqmvqvbd4sg1xvl1gc93cfyh0000gn/T/playwright-java-4501332805832521530/package/lib/server/frames.js:877:46)
    at runNextTicks (node:internal/process/task_queues:65:5)
    at process.processImmediate (node:internal/timers:453:9)
    at async /private/var/folders/1b/cqmvqvbd4sg1xvl1gc93cfyh0000gn/T/playwright-java-4501332805832521530/package/lib/server/frames.js:960:29
    at async ProgressController.run (/private/var/folders/1b/cqmvqvbd4sg1xvl1gc93cfyh0000gn/T/playwright-java-4501332805832521530/package/lib/server/progress.js:80:22)
    at async FrameDispatcher.click (/private/var/folders/1b/cqmvqvbd4sg1xvl1gc93cfyh0000gn/T/playwright-java-4501332805832521530/package/lib/server/dispatchers/frameDispatcher.js:117:12)
    at async LongStandingScope._race (/private/var/folders/1b/cqmvqvbd4sg1xvl1gc93cfyh0000gn/T/playwright-java-4501332805832521530/package/lib/utils/isomorphic/manualPromise.js:94:14)
    at async FrameDispatcher._handleCommand (/private/var/folders/1b/cqmvqvbd4sg1xvl1gc93cfyh0000gn/T/playwright-java-4501332805832521530/package/lib/server/dispatchers/dispatcher.js:90:14)
    at async DispatcherConnection.dispatch (/private/var/folders/1b/cqmvqvbd4sg1xvl1gc93cfyh0000gn/T/playwright-java-4501332805832521530/package/lib/server/dispatchers/dispatcher.js:309:22)
}
Call log:
-   - waiting for locator("xpath=(//p[@data-size='sm'])[4]")

at com.microsoft.playwright.impl.WaitableResult.get(WaitableResult.java:54)
at com.microsoft.playwright.impl.ChannelOwner.runUntil(ChannelOwner.java:138)
at com.microsoft.playwright.impl.Connection.sendMessage(Connection.java:131)
at com.microsoft.playwright.impl.ChannelOwner.sendMessage(ChannelOwner.java:124)
at com.microsoft.playwright.impl.FrameImpl.clickImpl(FrameImpl.java:241)
at com.microsoft.playwright.impl.PageImpl.click(PageImpl.java:680)
at com.microsoft.playwright.Page.click(Page.java:3931)
at playwright.Add100leadForProject.addLead(Add100leadForProject.java:67)
at playwright.Add100leadForProject.addMultipleLeads(Add100leadForProject.java:111)
at java.base/jdk.internal.reflect.DirectMethodHandleAccessor.invoke(DirectMethodHandleAccessor.java:103)
at java.base/java.lang.reflect.Method.invoke(Method.java:580)
at org.testng.internal.invokers.MethodInvocationHelper.invokeMethod(MethodInvocationHelper.java:141)
at org.testng.internal.invokers.TestInvoker.invokeMethod(TestInvoker.java:687)
at org.testng.internal.invokers.TestInvoker.invokeTestMethod(TestInvoker.java:230)
at org.testng.internal.invokers.TestMethodWithDataProviderMethodWorker.call(TestMethodWithDataProviderMethodWorker.java:81)
at org.testng.internal.thread.Async$AsyncTask.run(Async.java:34)
at java.base/java.util.concurrent.ThreadPoolExecutor.runWorker(ThreadPoolExecutor.java:1144)
at java.base/java.util.concurrent.ThreadPoolExecutor$Worker.run(ThreadPoolExecutor.java:642)
at java.base/java.lang.Thread.run(Thread.java:1583)
Caused by: com.microsoft.playwright.impl.TargetClosedError: Error {
  message='Target page, context or browser has been closed
  name='TargetClosedError
  stack='TargetClosedError:Target page, context or browser has been closed
Error
    at captureRawStack (/private/var/folders/1b/cqmvqvbd4sg1xvl1gc93cfyh0000gn/T/playwright-java-4501332805832521530/package/lib/utils/isomorphic/stackTrace.js:32:17)
    at LongStandingScope._race (/private/var/folders/1b/cqmvqvbd4sg1xvl1gc93cfyh0000gn/T/playwright-java-4501332805832521530/package/lib/utils/isomorphic/manualPromise.js:87:58)
    at LongStandingScope.race (/private/var/folders/1b/cqmvqvbd4sg1xvl1gc93cfyh0000gn/T/playwright-java-4501332805832521530/package/lib/utils/isomorphic/manualPromise.js:80:17)
    at /private/var/folders/1b/cqmvqvbd4sg1xvl1gc93cfyh0000gn/T/playwright-java-4501332805832521530/package/lib/utils/isomorphic/manualPromise.js:77:45
    at Array.map (<anonymous>)
    at LongStandingScope.raceMultiple (/private/var/folders/1b/cqmvqvbd4sg1xvl1gc93cfyh0000gn/T/playwright-java-4501332805832521530/package/lib/utils/isomorphic/manualPromise.js:77:32)
    at Frame.retryWithProgressAndTimeouts (/private/var/folders/1b/cqmvqvbd4sg1xvl1gc93cfyh0000gn/T/playwright-java-4501332805832521530/package/lib/server/frames.js:877:46)
    at runNextTicks (node:internal/process/task_queues:65:5)
    at process.processImmediate (node:internal/timers:453:9)
    at async /private/var/folders/1b/cqmvqvbd4sg1xvl1gc93cfyh0000gn/T/playwright-java-4501332805832521530/package/lib/server/frames.js:960:29
    at async ProgressController.run (/private/var/folders/1b/cqmvqvbd4sg1xvl1gc93cfyh0000gn/T/playwright-java-4501332805832521530/package/lib/server/progress.js:80:22)
    at async FrameDispatcher.click (/private/var/folders/1b/cqmvqvbd4sg1xvl1gc93cfyh0000gn/T/playwright-java-4501332805832521530/package/lib/server/dispatchers/frameDispatcher.js:117:12)
    at async LongStandingScope._race (/private/var/folders/1b/cqmvqvbd4sg1xvl1gc93cfyh0000gn/T/playwright-java-4501332805832521530/package/lib/utils/isomorphic/manualPromise.js:94:14)
    at async FrameDispatcher._handleCommand (/private/var/folders/1b/cqmvqvbd4sg1xvl1gc93cfyh0000gn/T/playwright-java-4501332805832521530/package/lib/server/dispatchers/dispatcher.js:90:14)
    at async DispatcherConnection.dispatch (/private/var/folders/1b/cqmvqvbd4sg1xvl1gc93cfyh0000gn/T/playwright-java-4501332805832521530/package/lib/server/dispatchers/dispatcher.js:309:22)
}
Call log:
-   - waiting for locator("xpath=(//p[@data-size='sm'])[4]")

at com.microsoft.playwright.impl.Connection.dispatch(Connection.java:259)
at com.microsoft.playwright.impl.Connection.processOneMessage(Connection.java:214)
at com.microsoft.playwright.impl.ChannelOwner.runUntil(ChannelOwner.java:136)
... 17 more
]]>
    </error>
  </testcase> <!-- addMultipleLeads -->
  <testcase classname="playwright.Add100leadForProject" name="addMultipleLeads" time="0.008">
    <error message="Error {
  message=&#039;Target page, context or browser has been closed
  name=&#039;TargetClosedError
  stack=&#039;TargetClosedError: Target page, context or browser has been closed
    at DispatcherConnection.dispatch (/private/var/folders/1b/cqmvqvbd4sg1xvl1gc93cfyh0000gn/T/playwright-java-4501332805832521530/package/lib/server/dispatchers/dispatcher.js:243:69)
    at transport.onmessage (/private/var/folders/1b/cqmvqvbd4sg1xvl1gc93cfyh0000gn/T/playwright-java-4501332805832521530/package/lib/cli/driver.js:53:59)
    at Immediate._onImmediate (/private/var/folders/1b/cqmvqvbd4sg1xvl1gc93cfyh0000gn/T/playwright-java-4501332805832521530/package/lib/server/utils/pipeTransport.js:76:16)
    at process.processImmediate (node:internal/timers:485:21)
}" type="com.microsoft.playwright.impl.TargetClosedError">
      <![CDATA[com.microsoft.playwright.impl.TargetClosedError: Error {
  message='Target page, context or browser has been closed
  name='TargetClosedError
  stack='TargetClosedError: Target page, context or browser has been closed
    at DispatcherConnection.dispatch (/private/var/folders/1b/cqmvqvbd4sg1xvl1gc93cfyh0000gn/T/playwright-java-4501332805832521530/package/lib/server/dispatchers/dispatcher.js:243:69)
    at transport.onmessage (/private/var/folders/1b/cqmvqvbd4sg1xvl1gc93cfyh0000gn/T/playwright-java-4501332805832521530/package/lib/cli/driver.js:53:59)
    at Immediate._onImmediate (/private/var/folders/1b/cqmvqvbd4sg1xvl1gc93cfyh0000gn/T/playwright-java-4501332805832521530/package/lib/server/utils/pipeTransport.js:76:16)
    at process.processImmediate (node:internal/timers:485:21)
}
at com.microsoft.playwright.impl.WaitableResult.get(WaitableResult.java:54)
at com.microsoft.playwright.impl.ChannelOwner.runUntil(ChannelOwner.java:138)
at com.microsoft.playwright.impl.Connection.sendMessage(Connection.java:131)
at com.microsoft.playwright.impl.ChannelOwner.sendMessage(ChannelOwner.java:124)
at com.microsoft.playwright.impl.FrameImpl.clickImpl(FrameImpl.java:241)
at com.microsoft.playwright.impl.PageImpl.click(PageImpl.java:680)
at com.microsoft.playwright.Page.click(Page.java:3931)
at playwright.Add100leadForProject.addLead(Add100leadForProject.java:67)
at playwright.Add100leadForProject.addMultipleLeads(Add100leadForProject.java:111)
at java.base/jdk.internal.reflect.DirectMethodHandleAccessor.invoke(DirectMethodHandleAccessor.java:103)
at java.base/java.lang.reflect.Method.invoke(Method.java:580)
at org.testng.internal.invokers.MethodInvocationHelper.invokeMethod(MethodInvocationHelper.java:141)
at org.testng.internal.invokers.TestInvoker.invokeMethod(TestInvoker.java:687)
at org.testng.internal.invokers.TestInvoker.invokeTestMethod(TestInvoker.java:230)
at org.testng.internal.invokers.TestMethodWithDataProviderMethodWorker.call(TestMethodWithDataProviderMethodWorker.java:81)
at org.testng.internal.thread.Async$AsyncTask.run(Async.java:34)
at java.base/java.util.concurrent.ThreadPoolExecutor.runWorker(ThreadPoolExecutor.java:1144)
at java.base/java.util.concurrent.ThreadPoolExecutor$Worker.run(ThreadPoolExecutor.java:642)
at java.base/java.lang.Thread.run(Thread.java:1583)
Caused by: com.microsoft.playwright.impl.TargetClosedError: Error {
  message='Target page, context or browser has been closed
  name='TargetClosedError
  stack='TargetClosedError: Target page, context or browser has been closed
    at DispatcherConnection.dispatch (/private/var/folders/1b/cqmvqvbd4sg1xvl1gc93cfyh0000gn/T/playwright-java-4501332805832521530/package/lib/server/dispatchers/dispatcher.js:243:69)
    at transport.onmessage (/private/var/folders/1b/cqmvqvbd4sg1xvl1gc93cfyh0000gn/T/playwright-java-4501332805832521530/package/lib/cli/driver.js:53:59)
    at Immediate._onImmediate (/private/var/folders/1b/cqmvqvbd4sg1xvl1gc93cfyh0000gn/T/playwright-java-4501332805832521530/package/lib/server/utils/pipeTransport.js:76:16)
    at process.processImmediate (node:internal/timers:485:21)
}
at com.microsoft.playwright.impl.Connection.dispatch(Connection.java:259)
at com.microsoft.playwright.impl.Connection.processOneMessage(Connection.java:214)
at com.microsoft.playwright.impl.ChannelOwner.runUntil(ChannelOwner.java:136)
... 17 more
]]>
    </error>
  </testcase> <!-- addMultipleLeads -->
  <testcase classname="playwright.Add100leadForProject" name="addMultipleLeads" time="0.022">
    <error message="Error {
  message=&#039;Target page, context or browser has been closed
  name=&#039;TargetClosedError
  stack=&#039;TargetClosedError: Target page, context or browser has been closed
    at DispatcherConnection.dispatch (/private/var/folders/1b/cqmvqvbd4sg1xvl1gc93cfyh0000gn/T/playwright-java-4501332805832521530/package/lib/server/dispatchers/dispatcher.js:243:69)
    at transport.onmessage (/private/var/folders/1b/cqmvqvbd4sg1xvl1gc93cfyh0000gn/T/playwright-java-4501332805832521530/package/lib/cli/driver.js:53:59)
    at Immediate._onImmediate (/private/var/folders/1b/cqmvqvbd4sg1xvl1gc93cfyh0000gn/T/playwright-java-4501332805832521530/package/lib/server/utils/pipeTransport.js:76:16)
    at process.processImmediate (node:internal/timers:485:21)
}" type="com.microsoft.playwright.impl.TargetClosedError">
      <![CDATA[com.microsoft.playwright.impl.TargetClosedError: Error {
  message='Target page, context or browser has been closed
  name='TargetClosedError
  stack='TargetClosedError: Target page, context or browser has been closed
    at DispatcherConnection.dispatch (/private/var/folders/1b/cqmvqvbd4sg1xvl1gc93cfyh0000gn/T/playwright-java-4501332805832521530/package/lib/server/dispatchers/dispatcher.js:243:69)
    at transport.onmessage (/private/var/folders/1b/cqmvqvbd4sg1xvl1gc93cfyh0000gn/T/playwright-java-4501332805832521530/package/lib/cli/driver.js:53:59)
    at Immediate._onImmediate (/private/var/folders/1b/cqmvqvbd4sg1xvl1gc93cfyh0000gn/T/playwright-java-4501332805832521530/package/lib/server/utils/pipeTransport.js:76:16)
    at process.processImmediate (node:internal/timers:485:21)
}
at com.microsoft.playwright.impl.WaitableResult.get(WaitableResult.java:54)
at com.microsoft.playwright.impl.ChannelOwner.runUntil(ChannelOwner.java:138)
at com.microsoft.playwright.impl.Connection.sendMessage(Connection.java:131)
at com.microsoft.playwright.impl.ChannelOwner.sendMessage(ChannelOwner.java:124)
at com.microsoft.playwright.impl.FrameImpl.clickImpl(FrameImpl.java:241)
at com.microsoft.playwright.impl.PageImpl.click(PageImpl.java:680)
at com.microsoft.playwright.Page.click(Page.java:3931)
at playwright.Add100leadForProject.addLead(Add100leadForProject.java:67)
at playwright.Add100leadForProject.addMultipleLeads(Add100leadForProject.java:111)
at java.base/jdk.internal.reflect.DirectMethodHandleAccessor.invoke(DirectMethodHandleAccessor.java:103)
at java.base/java.lang.reflect.Method.invoke(Method.java:580)
at org.testng.internal.invokers.MethodInvocationHelper.invokeMethod(MethodInvocationHelper.java:141)
at org.testng.internal.invokers.TestInvoker.invokeMethod(TestInvoker.java:687)
at org.testng.internal.invokers.TestInvoker.invokeTestMethod(TestInvoker.java:230)
at org.testng.internal.invokers.TestMethodWithDataProviderMethodWorker.call(TestMethodWithDataProviderMethodWorker.java:81)
at org.testng.internal.thread.Async$AsyncTask.run(Async.java:34)
at java.base/java.util.concurrent.ThreadPoolExecutor.runWorker(ThreadPoolExecutor.java:1144)
at java.base/java.util.concurrent.ThreadPoolExecutor$Worker.run(ThreadPoolExecutor.java:642)
at java.base/java.lang.Thread.run(Thread.java:1583)
Caused by: com.microsoft.playwright.impl.TargetClosedError: Error {
  message='Target page, context or browser has been closed
  name='TargetClosedError
  stack='TargetClosedError: Target page, context or browser has been closed
    at DispatcherConnection.dispatch (/private/var/folders/1b/cqmvqvbd4sg1xvl1gc93cfyh0000gn/T/playwright-java-4501332805832521530/package/lib/server/dispatchers/dispatcher.js:243:69)
    at transport.onmessage (/private/var/folders/1b/cqmvqvbd4sg1xvl1gc93cfyh0000gn/T/playwright-java-4501332805832521530/package/lib/cli/driver.js:53:59)
    at Immediate._onImmediate (/private/var/folders/1b/cqmvqvbd4sg1xvl1gc93cfyh0000gn/T/playwright-java-4501332805832521530/package/lib/server/utils/pipeTransport.js:76:16)
    at process.processImmediate (node:internal/timers:485:21)
}
at com.microsoft.playwright.impl.Connection.dispatch(Connection.java:259)
at com.microsoft.playwright.impl.Connection.processOneMessage(Connection.java:214)
at com.microsoft.playwright.impl.ChannelOwner.runUntil(ChannelOwner.java:136)
... 17 more
]]>
    </error>
  </testcase> <!-- addMultipleLeads -->
  <testcase classname="playwright.Add100leadForProject" name="addMultipleLeads" time="0.014">
    <error message="Error {
  message=&#039;Target page, context or browser has been closed
  name=&#039;TargetClosedError
  stack=&#039;TargetClosedError: Target page, context or browser has been closed
    at DispatcherConnection.dispatch (/private/var/folders/1b/cqmvqvbd4sg1xvl1gc93cfyh0000gn/T/playwright-java-4501332805832521530/package/lib/server/dispatchers/dispatcher.js:243:69)
    at transport.onmessage (/private/var/folders/1b/cqmvqvbd4sg1xvl1gc93cfyh0000gn/T/playwright-java-4501332805832521530/package/lib/cli/driver.js:53:59)
    at Immediate._onImmediate (/private/var/folders/1b/cqmvqvbd4sg1xvl1gc93cfyh0000gn/T/playwright-java-4501332805832521530/package/lib/server/utils/pipeTransport.js:76:16)
    at process.processImmediate (node:internal/timers:485:21)
}" type="com.microsoft.playwright.impl.TargetClosedError">
      <![CDATA[com.microsoft.playwright.impl.TargetClosedError: Error {
  message='Target page, context or browser has been closed
  name='TargetClosedError
  stack='TargetClosedError: Target page, context or browser has been closed
    at DispatcherConnection.dispatch (/private/var/folders/1b/cqmvqvbd4sg1xvl1gc93cfyh0000gn/T/playwright-java-4501332805832521530/package/lib/server/dispatchers/dispatcher.js:243:69)
    at transport.onmessage (/private/var/folders/1b/cqmvqvbd4sg1xvl1gc93cfyh0000gn/T/playwright-java-4501332805832521530/package/lib/cli/driver.js:53:59)
    at Immediate._onImmediate (/private/var/folders/1b/cqmvqvbd4sg1xvl1gc93cfyh0000gn/T/playwright-java-4501332805832521530/package/lib/server/utils/pipeTransport.js:76:16)
    at process.processImmediate (node:internal/timers:485:21)
}
at com.microsoft.playwright.impl.WaitableResult.get(WaitableResult.java:54)
at com.microsoft.playwright.impl.ChannelOwner.runUntil(ChannelOwner.java:138)
at com.microsoft.playwright.impl.Connection.sendMessage(Connection.java:131)
at com.microsoft.playwright.impl.ChannelOwner.sendMessage(ChannelOwner.java:124)
at com.microsoft.playwright.impl.FrameImpl.clickImpl(FrameImpl.java:241)
at com.microsoft.playwright.impl.PageImpl.click(PageImpl.java:680)
at com.microsoft.playwright.Page.click(Page.java:3931)
at playwright.Add100leadForProject.addLead(Add100leadForProject.java:67)
at playwright.Add100leadForProject.addMultipleLeads(Add100leadForProject.java:111)
at java.base/jdk.internal.reflect.DirectMethodHandleAccessor.invoke(DirectMethodHandleAccessor.java:103)
at java.base/java.lang.reflect.Method.invoke(Method.java:580)
at org.testng.internal.invokers.MethodInvocationHelper.invokeMethod(MethodInvocationHelper.java:141)
at org.testng.internal.invokers.TestInvoker.invokeMethod(TestInvoker.java:687)
at org.testng.internal.invokers.TestInvoker.invokeTestMethod(TestInvoker.java:230)
at org.testng.internal.invokers.TestMethodWithDataProviderMethodWorker.call(TestMethodWithDataProviderMethodWorker.java:81)
at org.testng.internal.thread.Async$AsyncTask.run(Async.java:34)
at java.base/java.util.concurrent.ThreadPoolExecutor.runWorker(ThreadPoolExecutor.java:1144)
at java.base/java.util.concurrent.ThreadPoolExecutor$Worker.run(ThreadPoolExecutor.java:642)
at java.base/java.lang.Thread.run(Thread.java:1583)
Caused by: com.microsoft.playwright.impl.TargetClosedError: Error {
  message='Target page, context or browser has been closed
  name='TargetClosedError
  stack='TargetClosedError: Target page, context or browser has been closed
    at DispatcherConnection.dispatch (/private/var/folders/1b/cqmvqvbd4sg1xvl1gc93cfyh0000gn/T/playwright-java-4501332805832521530/package/lib/server/dispatchers/dispatcher.js:243:69)
    at transport.onmessage (/private/var/folders/1b/cqmvqvbd4sg1xvl1gc93cfyh0000gn/T/playwright-java-4501332805832521530/package/lib/cli/driver.js:53:59)
    at Immediate._onImmediate (/private/var/folders/1b/cqmvqvbd4sg1xvl1gc93cfyh0000gn/T/playwright-java-4501332805832521530/package/lib/server/utils/pipeTransport.js:76:16)
    at process.processImmediate (node:internal/timers:485:21)
}
at com.microsoft.playwright.impl.Connection.dispatch(Connection.java:259)
at com.microsoft.playwright.impl.Connection.processOneMessage(Connection.java:214)
at com.microsoft.playwright.impl.ChannelOwner.runUntil(ChannelOwner.java:136)
... 17 more
]]>
    </error>
  </testcase> <!-- addMultipleLeads -->
  <testcase classname="playwright.Add100leadForProject" name="addMultipleLeads" time="0.011">
    <error message="Error {
  message=&#039;Target page, context or browser has been closed
  name=&#039;TargetClosedError
  stack=&#039;TargetClosedError: Target page, context or browser has been closed
    at DispatcherConnection.dispatch (/private/var/folders/1b/cqmvqvbd4sg1xvl1gc93cfyh0000gn/T/playwright-java-4501332805832521530/package/lib/server/dispatchers/dispatcher.js:243:69)
    at transport.onmessage (/private/var/folders/1b/cqmvqvbd4sg1xvl1gc93cfyh0000gn/T/playwright-java-4501332805832521530/package/lib/cli/driver.js:53:59)
    at Immediate._onImmediate (/private/var/folders/1b/cqmvqvbd4sg1xvl1gc93cfyh0000gn/T/playwright-java-4501332805832521530/package/lib/server/utils/pipeTransport.js:76:16)
    at process.processImmediate (node:internal/timers:485:21)
}" type="com.microsoft.playwright.impl.TargetClosedError">
      <![CDATA[com.microsoft.playwright.impl.TargetClosedError: Error {
  message='Target page, context or browser has been closed
  name='TargetClosedError
  stack='TargetClosedError: Target page, context or browser has been closed
    at DispatcherConnection.dispatch (/private/var/folders/1b/cqmvqvbd4sg1xvl1gc93cfyh0000gn/T/playwright-java-4501332805832521530/package/lib/server/dispatchers/dispatcher.js:243:69)
    at transport.onmessage (/private/var/folders/1b/cqmvqvbd4sg1xvl1gc93cfyh0000gn/T/playwright-java-4501332805832521530/package/lib/cli/driver.js:53:59)
    at Immediate._onImmediate (/private/var/folders/1b/cqmvqvbd4sg1xvl1gc93cfyh0000gn/T/playwright-java-4501332805832521530/package/lib/server/utils/pipeTransport.js:76:16)
    at process.processImmediate (node:internal/timers:485:21)
}
at com.microsoft.playwright.impl.WaitableResult.get(WaitableResult.java:54)
at com.microsoft.playwright.impl.ChannelOwner.runUntil(ChannelOwner.java:138)
at com.microsoft.playwright.impl.Connection.sendMessage(Connection.java:131)
at com.microsoft.playwright.impl.ChannelOwner.sendMessage(ChannelOwner.java:124)
at com.microsoft.playwright.impl.FrameImpl.clickImpl(FrameImpl.java:241)
at com.microsoft.playwright.impl.PageImpl.click(PageImpl.java:680)
at com.microsoft.playwright.Page.click(Page.java:3931)
at playwright.Add100leadForProject.addLead(Add100leadForProject.java:67)
at playwright.Add100leadForProject.addMultipleLeads(Add100leadForProject.java:111)
at java.base/jdk.internal.reflect.DirectMethodHandleAccessor.invoke(DirectMethodHandleAccessor.java:103)
at java.base/java.lang.reflect.Method.invoke(Method.java:580)
at org.testng.internal.invokers.MethodInvocationHelper.invokeMethod(MethodInvocationHelper.java:141)
at org.testng.internal.invokers.TestInvoker.invokeMethod(TestInvoker.java:687)
at org.testng.internal.invokers.TestInvoker.invokeTestMethod(TestInvoker.java:230)
at org.testng.internal.invokers.TestMethodWithDataProviderMethodWorker.call(TestMethodWithDataProviderMethodWorker.java:81)
at org.testng.internal.thread.Async$AsyncTask.run(Async.java:34)
at java.base/java.util.concurrent.ThreadPoolExecutor.runWorker(ThreadPoolExecutor.java:1144)
at java.base/java.util.concurrent.ThreadPoolExecutor$Worker.run(ThreadPoolExecutor.java:642)
at java.base/java.lang.Thread.run(Thread.java:1583)
Caused by: com.microsoft.playwright.impl.TargetClosedError: Error {
  message='Target page, context or browser has been closed
  name='TargetClosedError
  stack='TargetClosedError: Target page, context or browser has been closed
    at DispatcherConnection.dispatch (/private/var/folders/1b/cqmvqvbd4sg1xvl1gc93cfyh0000gn/T/playwright-java-4501332805832521530/package/lib/server/dispatchers/dispatcher.js:243:69)
    at transport.onmessage (/private/var/folders/1b/cqmvqvbd4sg1xvl1gc93cfyh0000gn/T/playwright-java-4501332805832521530/package/lib/cli/driver.js:53:59)
    at Immediate._onImmediate (/private/var/folders/1b/cqmvqvbd4sg1xvl1gc93cfyh0000gn/T/playwright-java-4501332805832521530/package/lib/server/utils/pipeTransport.js:76:16)
    at process.processImmediate (node:internal/timers:485:21)
}
at com.microsoft.playwright.impl.Connection.dispatch(Connection.java:259)
at com.microsoft.playwright.impl.Connection.processOneMessage(Connection.java:214)
at com.microsoft.playwright.impl.ChannelOwner.runUntil(ChannelOwner.java:136)
... 17 more
]]>
    </error>
  </testcase> <!-- addMultipleLeads -->
  <testcase classname="playwright.Add100leadForProject" name="addMultipleLeads" time="15.887">
    <error message="Error {
  message=&#039;Target page, context or browser has been closed
  name=&#039;TargetClosedError
  stack=&#039;TargetClosedError:Target page, context or browser has been closed
Error
    at captureRawStack (/private/var/folders/1b/cqmvqvbd4sg1xvl1gc93cfyh0000gn/T/playwright-java-4501332805832521530/package/lib/utils/isomorphic/stackTrace.js:32:17)
    at LongStandingScope._race (/private/var/folders/1b/cqmvqvbd4sg1xvl1gc93cfyh0000gn/T/playwright-java-4501332805832521530/package/lib/utils/isomorphic/manualPromise.js:87:58)
    at LongStandingScope.race (/private/var/folders/1b/cqmvqvbd4sg1xvl1gc93cfyh0000gn/T/playwright-java-4501332805832521530/package/lib/utils/isomorphic/manualPromise.js:80:17)
    at /private/var/folders/1b/cqmvqvbd4sg1xvl1gc93cfyh0000gn/T/playwright-java-4501332805832521530/package/lib/utils/isomorphic/manualPromise.js:77:45
    at Array.map (&lt;anonymous&gt;)
    at LongStandingScope.raceMultiple (/private/var/folders/1b/cqmvqvbd4sg1xvl1gc93cfyh0000gn/T/playwright-java-4501332805832521530/package/lib/utils/isomorphic/manualPromise.js:77:32)
    at Frame.retryWithProgressAndTimeouts (/private/var/folders/1b/cqmvqvbd4sg1xvl1gc93cfyh0000gn/T/playwright-java-4501332805832521530/package/lib/server/frames.js:877:46)
    at runNextTicks (node:internal/process/task_queues:65:5)
    at process.processImmediate (node:internal/timers:453:9)
    at async /private/var/folders/1b/cqmvqvbd4sg1xvl1gc93cfyh0000gn/T/playwright-java-4501332805832521530/package/lib/server/frames.js:960:29
    at async ProgressController.run (/private/var/folders/1b/cqmvqvbd4sg1xvl1gc93cfyh0000gn/T/playwright-java-4501332805832521530/package/lib/server/progress.js:80:22)
    at async FrameDispatcher.click (/private/var/folders/1b/cqmvqvbd4sg1xvl1gc93cfyh0000gn/T/playwright-java-4501332805832521530/package/lib/server/dispatchers/frameDispatcher.js:117:12)
    at async LongStandingScope._race (/private/var/folders/1b/cqmvqvbd4sg1xvl1gc93cfyh0000gn/T/playwright-java-4501332805832521530/package/lib/utils/isomorphic/manualPromise.js:94:14)
    at async FrameDispatcher._handleCommand (/private/var/folders/1b/cqmvqvbd4sg1xvl1gc93cfyh0000gn/T/playwright-java-4501332805832521530/package/lib/server/dispatchers/dispatcher.js:90:14)
    at async DispatcherConnection.dispatch (/private/var/folders/1b/cqmvqvbd4sg1xvl1gc93cfyh0000gn/T/playwright-java-4501332805832521530/package/lib/server/dispatchers/dispatcher.js:309:22)
}
Call log:
-   - waiting for locator(&quot;xpath=(//p[@data-size=&#039;sm&#039;])[4]&quot;)
" type="com.microsoft.playwright.impl.TargetClosedError">
      <![CDATA[com.microsoft.playwright.impl.TargetClosedError: Error {
  message='Target page, context or browser has been closed
  name='TargetClosedError
  stack='TargetClosedError:Target page, context or browser has been closed
Error
    at captureRawStack (/private/var/folders/1b/cqmvqvbd4sg1xvl1gc93cfyh0000gn/T/playwright-java-4501332805832521530/package/lib/utils/isomorphic/stackTrace.js:32:17)
    at LongStandingScope._race (/private/var/folders/1b/cqmvqvbd4sg1xvl1gc93cfyh0000gn/T/playwright-java-4501332805832521530/package/lib/utils/isomorphic/manualPromise.js:87:58)
    at LongStandingScope.race (/private/var/folders/1b/cqmvqvbd4sg1xvl1gc93cfyh0000gn/T/playwright-java-4501332805832521530/package/lib/utils/isomorphic/manualPromise.js:80:17)
    at /private/var/folders/1b/cqmvqvbd4sg1xvl1gc93cfyh0000gn/T/playwright-java-4501332805832521530/package/lib/utils/isomorphic/manualPromise.js:77:45
    at Array.map (<anonymous>)
    at LongStandingScope.raceMultiple (/private/var/folders/1b/cqmvqvbd4sg1xvl1gc93cfyh0000gn/T/playwright-java-4501332805832521530/package/lib/utils/isomorphic/manualPromise.js:77:32)
    at Frame.retryWithProgressAndTimeouts (/private/var/folders/1b/cqmvqvbd4sg1xvl1gc93cfyh0000gn/T/playwright-java-4501332805832521530/package/lib/server/frames.js:877:46)
    at runNextTicks (node:internal/process/task_queues:65:5)
    at process.processImmediate (node:internal/timers:453:9)
    at async /private/var/folders/1b/cqmvqvbd4sg1xvl1gc93cfyh0000gn/T/playwright-java-4501332805832521530/package/lib/server/frames.js:960:29
    at async ProgressController.run (/private/var/folders/1b/cqmvqvbd4sg1xvl1gc93cfyh0000gn/T/playwright-java-4501332805832521530/package/lib/server/progress.js:80:22)
    at async FrameDispatcher.click (/private/var/folders/1b/cqmvqvbd4sg1xvl1gc93cfyh0000gn/T/playwright-java-4501332805832521530/package/lib/server/dispatchers/frameDispatcher.js:117:12)
    at async LongStandingScope._race (/private/var/folders/1b/cqmvqvbd4sg1xvl1gc93cfyh0000gn/T/playwright-java-4501332805832521530/package/lib/utils/isomorphic/manualPromise.js:94:14)
    at async FrameDispatcher._handleCommand (/private/var/folders/1b/cqmvqvbd4sg1xvl1gc93cfyh0000gn/T/playwright-java-4501332805832521530/package/lib/server/dispatchers/dispatcher.js:90:14)
    at async DispatcherConnection.dispatch (/private/var/folders/1b/cqmvqvbd4sg1xvl1gc93cfyh0000gn/T/playwright-java-4501332805832521530/package/lib/server/dispatchers/dispatcher.js:309:22)
}
Call log:
-   - waiting for locator("xpath=(//p[@data-size='sm'])[4]")

at com.microsoft.playwright.impl.WaitableResult.get(WaitableResult.java:54)
at com.microsoft.playwright.impl.ChannelOwner.runUntil(ChannelOwner.java:138)
at com.microsoft.playwright.impl.Connection.sendMessage(Connection.java:131)
at com.microsoft.playwright.impl.ChannelOwner.sendMessage(ChannelOwner.java:124)
at com.microsoft.playwright.impl.FrameImpl.clickImpl(FrameImpl.java:241)
at com.microsoft.playwright.impl.PageImpl.click(PageImpl.java:680)
at com.microsoft.playwright.Page.click(Page.java:3931)
at playwright.Add100leadForProject.addLead(Add100leadForProject.java:67)
at playwright.Add100leadForProject.addMultipleLeads(Add100leadForProject.java:111)
at java.base/jdk.internal.reflect.DirectMethodHandleAccessor.invoke(DirectMethodHandleAccessor.java:103)
at java.base/java.lang.reflect.Method.invoke(Method.java:580)
at org.testng.internal.invokers.MethodInvocationHelper.invokeMethod(MethodInvocationHelper.java:141)
at org.testng.internal.invokers.TestInvoker.invokeMethod(TestInvoker.java:687)
at org.testng.internal.invokers.TestInvoker.invokeTestMethod(TestInvoker.java:230)
at org.testng.internal.invokers.TestMethodWithDataProviderMethodWorker.call(TestMethodWithDataProviderMethodWorker.java:81)
at org.testng.internal.thread.Async$AsyncTask.run(Async.java:34)
at java.base/java.util.concurrent.ThreadPoolExecutor.runWorker(ThreadPoolExecutor.java:1144)
at java.base/java.util.concurrent.ThreadPoolExecutor$Worker.run(ThreadPoolExecutor.java:642)
at java.base/java.lang.Thread.run(Thread.java:1583)
Caused by: com.microsoft.playwright.impl.TargetClosedError: Error {
  message='Target page, context or browser has been closed
  name='TargetClosedError
  stack='TargetClosedError:Target page, context or browser has been closed
Error
    at captureRawStack (/private/var/folders/1b/cqmvqvbd4sg1xvl1gc93cfyh0000gn/T/playwright-java-4501332805832521530/package/lib/utils/isomorphic/stackTrace.js:32:17)
    at LongStandingScope._race (/private/var/folders/1b/cqmvqvbd4sg1xvl1gc93cfyh0000gn/T/playwright-java-4501332805832521530/package/lib/utils/isomorphic/manualPromise.js:87:58)
    at LongStandingScope.race (/private/var/folders/1b/cqmvqvbd4sg1xvl1gc93cfyh0000gn/T/playwright-java-4501332805832521530/package/lib/utils/isomorphic/manualPromise.js:80:17)
    at /private/var/folders/1b/cqmvqvbd4sg1xvl1gc93cfyh0000gn/T/playwright-java-4501332805832521530/package/lib/utils/isomorphic/manualPromise.js:77:45
    at Array.map (<anonymous>)
    at LongStandingScope.raceMultiple (/private/var/folders/1b/cqmvqvbd4sg1xvl1gc93cfyh0000gn/T/playwright-java-4501332805832521530/package/lib/utils/isomorphic/manualPromise.js:77:32)
    at Frame.retryWithProgressAndTimeouts (/private/var/folders/1b/cqmvqvbd4sg1xvl1gc93cfyh0000gn/T/playwright-java-4501332805832521530/package/lib/server/frames.js:877:46)
    at runNextTicks (node:internal/process/task_queues:65:5)
    at process.processImmediate (node:internal/timers:453:9)
    at async /private/var/folders/1b/cqmvqvbd4sg1xvl1gc93cfyh0000gn/T/playwright-java-4501332805832521530/package/lib/server/frames.js:960:29
    at async ProgressController.run (/private/var/folders/1b/cqmvqvbd4sg1xvl1gc93cfyh0000gn/T/playwright-java-4501332805832521530/package/lib/server/progress.js:80:22)
    at async FrameDispatcher.click (/private/var/folders/1b/cqmvqvbd4sg1xvl1gc93cfyh0000gn/T/playwright-java-4501332805832521530/package/lib/server/dispatchers/frameDispatcher.js:117:12)
    at async LongStandingScope._race (/private/var/folders/1b/cqmvqvbd4sg1xvl1gc93cfyh0000gn/T/playwright-java-4501332805832521530/package/lib/utils/isomorphic/manualPromise.js:94:14)
    at async FrameDispatcher._handleCommand (/private/var/folders/1b/cqmvqvbd4sg1xvl1gc93cfyh0000gn/T/playwright-java-4501332805832521530/package/lib/server/dispatchers/dispatcher.js:90:14)
    at async DispatcherConnection.dispatch (/private/var/folders/1b/cqmvqvbd4sg1xvl1gc93cfyh0000gn/T/playwright-java-4501332805832521530/package/lib/server/dispatchers/dispatcher.js:309:22)
}
Call log:
-   - waiting for locator("xpath=(//p[@data-size='sm'])[4]")

at com.microsoft.playwright.impl.Connection.dispatch(Connection.java:259)
at com.microsoft.playwright.impl.Connection.processOneMessage(Connection.java:214)
at com.microsoft.playwright.impl.ChannelOwner.runUntil(ChannelOwner.java:136)
... 17 more
]]>
    </error>
  </testcase> <!-- addMultipleLeads -->
  <testcase classname="playwright.Add100leadForProject" name="addMultipleLeads" time="0.015">
    <error message="Error {
  message=&#039;Target page, context or browser has been closed
  name=&#039;TargetClosedError
  stack=&#039;TargetClosedError: Target page, context or browser has been closed
    at DispatcherConnection.dispatch (/private/var/folders/1b/cqmvqvbd4sg1xvl1gc93cfyh0000gn/T/playwright-java-4501332805832521530/package/lib/server/dispatchers/dispatcher.js:243:69)
    at transport.onmessage (/private/var/folders/1b/cqmvqvbd4sg1xvl1gc93cfyh0000gn/T/playwright-java-4501332805832521530/package/lib/cli/driver.js:53:59)
    at Immediate._onImmediate (/private/var/folders/1b/cqmvqvbd4sg1xvl1gc93cfyh0000gn/T/playwright-java-4501332805832521530/package/lib/server/utils/pipeTransport.js:76:16)
    at process.processImmediate (node:internal/timers:485:21)
}" type="com.microsoft.playwright.impl.TargetClosedError">
      <![CDATA[com.microsoft.playwright.impl.TargetClosedError: Error {
  message='Target page, context or browser has been closed
  name='TargetClosedError
  stack='TargetClosedError: Target page, context or browser has been closed
    at DispatcherConnection.dispatch (/private/var/folders/1b/cqmvqvbd4sg1xvl1gc93cfyh0000gn/T/playwright-java-4501332805832521530/package/lib/server/dispatchers/dispatcher.js:243:69)
    at transport.onmessage (/private/var/folders/1b/cqmvqvbd4sg1xvl1gc93cfyh0000gn/T/playwright-java-4501332805832521530/package/lib/cli/driver.js:53:59)
    at Immediate._onImmediate (/private/var/folders/1b/cqmvqvbd4sg1xvl1gc93cfyh0000gn/T/playwright-java-4501332805832521530/package/lib/server/utils/pipeTransport.js:76:16)
    at process.processImmediate (node:internal/timers:485:21)
}
at com.microsoft.playwright.impl.WaitableResult.get(WaitableResult.java:54)
at com.microsoft.playwright.impl.ChannelOwner.runUntil(ChannelOwner.java:138)
at com.microsoft.playwright.impl.Connection.sendMessage(Connection.java:131)
at com.microsoft.playwright.impl.ChannelOwner.sendMessage(ChannelOwner.java:124)
at com.microsoft.playwright.impl.FrameImpl.clickImpl(FrameImpl.java:241)
at com.microsoft.playwright.impl.PageImpl.click(PageImpl.java:680)
at com.microsoft.playwright.Page.click(Page.java:3931)
at playwright.Add100leadForProject.addLead(Add100leadForProject.java:67)
at playwright.Add100leadForProject.addMultipleLeads(Add100leadForProject.java:111)
at java.base/jdk.internal.reflect.DirectMethodHandleAccessor.invoke(DirectMethodHandleAccessor.java:103)
at java.base/java.lang.reflect.Method.invoke(Method.java:580)
at org.testng.internal.invokers.MethodInvocationHelper.invokeMethod(MethodInvocationHelper.java:141)
at org.testng.internal.invokers.TestInvoker.invokeMethod(TestInvoker.java:687)
at org.testng.internal.invokers.TestInvoker.invokeTestMethod(TestInvoker.java:230)
at org.testng.internal.invokers.TestMethodWithDataProviderMethodWorker.call(TestMethodWithDataProviderMethodWorker.java:81)
at org.testng.internal.thread.Async$AsyncTask.run(Async.java:34)
at java.base/java.util.concurrent.ThreadPoolExecutor.runWorker(ThreadPoolExecutor.java:1144)
at java.base/java.util.concurrent.ThreadPoolExecutor$Worker.run(ThreadPoolExecutor.java:642)
at java.base/java.lang.Thread.run(Thread.java:1583)
Caused by: com.microsoft.playwright.impl.TargetClosedError: Error {
  message='Target page, context or browser has been closed
  name='TargetClosedError
  stack='TargetClosedError: Target page, context or browser has been closed
    at DispatcherConnection.dispatch (/private/var/folders/1b/cqmvqvbd4sg1xvl1gc93cfyh0000gn/T/playwright-java-4501332805832521530/package/lib/server/dispatchers/dispatcher.js:243:69)
    at transport.onmessage (/private/var/folders/1b/cqmvqvbd4sg1xvl1gc93cfyh0000gn/T/playwright-java-4501332805832521530/package/lib/cli/driver.js:53:59)
    at Immediate._onImmediate (/private/var/folders/1b/cqmvqvbd4sg1xvl1gc93cfyh0000gn/T/playwright-java-4501332805832521530/package/lib/server/utils/pipeTransport.js:76:16)
    at process.processImmediate (node:internal/timers:485:21)
}
at com.microsoft.playwright.impl.Connection.dispatch(Connection.java:259)
at com.microsoft.playwright.impl.Connection.processOneMessage(Connection.java:214)
at com.microsoft.playwright.impl.ChannelOwner.runUntil(ChannelOwner.java:136)
... 17 more
]]>
    </error>
  </testcase> <!-- addMultipleLeads -->
  <testcase classname="playwright.Add100leadForProject" name="addMultipleLeads" time="0.005">
    <error message="Error {
  message=&#039;Target page, context or browser has been closed
  name=&#039;TargetClosedError
  stack=&#039;TargetClosedError: Target page, context or browser has been closed
    at DispatcherConnection.dispatch (/private/var/folders/1b/cqmvqvbd4sg1xvl1gc93cfyh0000gn/T/playwright-java-4501332805832521530/package/lib/server/dispatchers/dispatcher.js:243:69)
    at transport.onmessage (/private/var/folders/1b/cqmvqvbd4sg1xvl1gc93cfyh0000gn/T/playwright-java-4501332805832521530/package/lib/cli/driver.js:53:59)
    at Immediate._onImmediate (/private/var/folders/1b/cqmvqvbd4sg1xvl1gc93cfyh0000gn/T/playwright-java-4501332805832521530/package/lib/server/utils/pipeTransport.js:76:16)
    at process.processImmediate (node:internal/timers:485:21)
}" type="com.microsoft.playwright.impl.TargetClosedError">
      <![CDATA[com.microsoft.playwright.impl.TargetClosedError: Error {
  message='Target page, context or browser has been closed
  name='TargetClosedError
  stack='TargetClosedError: Target page, context or browser has been closed
    at DispatcherConnection.dispatch (/private/var/folders/1b/cqmvqvbd4sg1xvl1gc93cfyh0000gn/T/playwright-java-4501332805832521530/package/lib/server/dispatchers/dispatcher.js:243:69)
    at transport.onmessage (/private/var/folders/1b/cqmvqvbd4sg1xvl1gc93cfyh0000gn/T/playwright-java-4501332805832521530/package/lib/cli/driver.js:53:59)
    at Immediate._onImmediate (/private/var/folders/1b/cqmvqvbd4sg1xvl1gc93cfyh0000gn/T/playwright-java-4501332805832521530/package/lib/server/utils/pipeTransport.js:76:16)
    at process.processImmediate (node:internal/timers:485:21)
}
at com.microsoft.playwright.impl.WaitableResult.get(WaitableResult.java:54)
at com.microsoft.playwright.impl.ChannelOwner.runUntil(ChannelOwner.java:138)
at com.microsoft.playwright.impl.Connection.sendMessage(Connection.java:131)
at com.microsoft.playwright.impl.ChannelOwner.sendMessage(ChannelOwner.java:124)
at com.microsoft.playwright.impl.FrameImpl.clickImpl(FrameImpl.java:241)
at com.microsoft.playwright.impl.PageImpl.click(PageImpl.java:680)
at com.microsoft.playwright.Page.click(Page.java:3931)
at playwright.Add100leadForProject.addLead(Add100leadForProject.java:67)
at playwright.Add100leadForProject.addMultipleLeads(Add100leadForProject.java:111)
at java.base/jdk.internal.reflect.DirectMethodHandleAccessor.invoke(DirectMethodHandleAccessor.java:103)
at java.base/java.lang.reflect.Method.invoke(Method.java:580)
at org.testng.internal.invokers.MethodInvocationHelper.invokeMethod(MethodInvocationHelper.java:141)
at org.testng.internal.invokers.TestInvoker.invokeMethod(TestInvoker.java:687)
at org.testng.internal.invokers.TestInvoker.invokeTestMethod(TestInvoker.java:230)
at org.testng.internal.invokers.TestMethodWithDataProviderMethodWorker.call(TestMethodWithDataProviderMethodWorker.java:81)
at org.testng.internal.thread.Async$AsyncTask.run(Async.java:34)
at java.base/java.util.concurrent.ThreadPoolExecutor.runWorker(ThreadPoolExecutor.java:1144)
at java.base/java.util.concurrent.ThreadPoolExecutor$Worker.run(ThreadPoolExecutor.java:642)
at java.base/java.lang.Thread.run(Thread.java:1583)
Caused by: com.microsoft.playwright.impl.TargetClosedError: Error {
  message='Target page, context or browser has been closed
  name='TargetClosedError
  stack='TargetClosedError: Target page, context or browser has been closed
    at DispatcherConnection.dispatch (/private/var/folders/1b/cqmvqvbd4sg1xvl1gc93cfyh0000gn/T/playwright-java-4501332805832521530/package/lib/server/dispatchers/dispatcher.js:243:69)
    at transport.onmessage (/private/var/folders/1b/cqmvqvbd4sg1xvl1gc93cfyh0000gn/T/playwright-java-4501332805832521530/package/lib/cli/driver.js:53:59)
    at Immediate._onImmediate (/private/var/folders/1b/cqmvqvbd4sg1xvl1gc93cfyh0000gn/T/playwright-java-4501332805832521530/package/lib/server/utils/pipeTransport.js:76:16)
    at process.processImmediate (node:internal/timers:485:21)
}
at com.microsoft.playwright.impl.Connection.dispatch(Connection.java:259)
at com.microsoft.playwright.impl.Connection.processOneMessage(Connection.java:214)
at com.microsoft.playwright.impl.ChannelOwner.runUntil(ChannelOwner.java:136)
... 17 more
]]>
    </error>
  </testcase> <!-- addMultipleLeads -->
  <testcase classname="playwright.Add100leadForProject" name="addMultipleLeads" time="0.017">
    <error message="Error {
  message=&#039;Target page, context or browser has been closed
  name=&#039;TargetClosedError
  stack=&#039;TargetClosedError: Target page, context or browser has been closed
    at DispatcherConnection.dispatch (/private/var/folders/1b/cqmvqvbd4sg1xvl1gc93cfyh0000gn/T/playwright-java-4501332805832521530/package/lib/server/dispatchers/dispatcher.js:243:69)
    at transport.onmessage (/private/var/folders/1b/cqmvqvbd4sg1xvl1gc93cfyh0000gn/T/playwright-java-4501332805832521530/package/lib/cli/driver.js:53:59)
    at Immediate._onImmediate (/private/var/folders/1b/cqmvqvbd4sg1xvl1gc93cfyh0000gn/T/playwright-java-4501332805832521530/package/lib/server/utils/pipeTransport.js:76:16)
    at process.processImmediate (node:internal/timers:485:21)
}" type="com.microsoft.playwright.impl.TargetClosedError">
      <![CDATA[com.microsoft.playwright.impl.TargetClosedError: Error {
  message='Target page, context or browser has been closed
  name='TargetClosedError
  stack='TargetClosedError: Target page, context or browser has been closed
    at DispatcherConnection.dispatch (/private/var/folders/1b/cqmvqvbd4sg1xvl1gc93cfyh0000gn/T/playwright-java-4501332805832521530/package/lib/server/dispatchers/dispatcher.js:243:69)
    at transport.onmessage (/private/var/folders/1b/cqmvqvbd4sg1xvl1gc93cfyh0000gn/T/playwright-java-4501332805832521530/package/lib/cli/driver.js:53:59)
    at Immediate._onImmediate (/private/var/folders/1b/cqmvqvbd4sg1xvl1gc93cfyh0000gn/T/playwright-java-4501332805832521530/package/lib/server/utils/pipeTransport.js:76:16)
    at process.processImmediate (node:internal/timers:485:21)
}
at com.microsoft.playwright.impl.WaitableResult.get(WaitableResult.java:54)
at com.microsoft.playwright.impl.ChannelOwner.runUntil(ChannelOwner.java:138)
at com.microsoft.playwright.impl.Connection.sendMessage(Connection.java:131)
at com.microsoft.playwright.impl.ChannelOwner.sendMessage(ChannelOwner.java:124)
at com.microsoft.playwright.impl.FrameImpl.clickImpl(FrameImpl.java:241)
at com.microsoft.playwright.impl.PageImpl.click(PageImpl.java:680)
at com.microsoft.playwright.Page.click(Page.java:3931)
at playwright.Add100leadForProject.addLead(Add100leadForProject.java:67)
at playwright.Add100leadForProject.addMultipleLeads(Add100leadForProject.java:111)
at java.base/jdk.internal.reflect.DirectMethodHandleAccessor.invoke(DirectMethodHandleAccessor.java:103)
at java.base/java.lang.reflect.Method.invoke(Method.java:580)
at org.testng.internal.invokers.MethodInvocationHelper.invokeMethod(MethodInvocationHelper.java:141)
at org.testng.internal.invokers.TestInvoker.invokeMethod(TestInvoker.java:687)
at org.testng.internal.invokers.TestInvoker.invokeTestMethod(TestInvoker.java:230)
at org.testng.internal.invokers.TestMethodWithDataProviderMethodWorker.call(TestMethodWithDataProviderMethodWorker.java:81)
at org.testng.internal.thread.Async$AsyncTask.run(Async.java:34)
at java.base/java.util.concurrent.ThreadPoolExecutor.runWorker(ThreadPoolExecutor.java:1144)
at java.base/java.util.concurrent.ThreadPoolExecutor$Worker.run(ThreadPoolExecutor.java:642)
at java.base/java.lang.Thread.run(Thread.java:1583)
Caused by: com.microsoft.playwright.impl.TargetClosedError: Error {
  message='Target page, context or browser has been closed
  name='TargetClosedError
  stack='TargetClosedError: Target page, context or browser has been closed
    at DispatcherConnection.dispatch (/private/var/folders/1b/cqmvqvbd4sg1xvl1gc93cfyh0000gn/T/playwright-java-4501332805832521530/package/lib/server/dispatchers/dispatcher.js:243:69)
    at transport.onmessage (/private/var/folders/1b/cqmvqvbd4sg1xvl1gc93cfyh0000gn/T/playwright-java-4501332805832521530/package/lib/cli/driver.js:53:59)
    at Immediate._onImmediate (/private/var/folders/1b/cqmvqvbd4sg1xvl1gc93cfyh0000gn/T/playwright-java-4501332805832521530/package/lib/server/utils/pipeTransport.js:76:16)
    at process.processImmediate (node:internal/timers:485:21)
}
at com.microsoft.playwright.impl.Connection.dispatch(Connection.java:259)
at com.microsoft.playwright.impl.Connection.processOneMessage(Connection.java:214)
at com.microsoft.playwright.impl.ChannelOwner.runUntil(ChannelOwner.java:136)
... 17 more
]]>
    </error>
  </testcase> <!-- addMultipleLeads -->
  <testcase classname="playwright.Add100leadForProject" name="addMultipleLeads" time="0.016">
    <error message="Error {
  message=&#039;Target page, context or browser has been closed
  name=&#039;TargetClosedError
  stack=&#039;TargetClosedError: Target page, context or browser has been closed
    at DispatcherConnection.dispatch (/private/var/folders/1b/cqmvqvbd4sg1xvl1gc93cfyh0000gn/T/playwright-java-4501332805832521530/package/lib/server/dispatchers/dispatcher.js:243:69)
    at transport.onmessage (/private/var/folders/1b/cqmvqvbd4sg1xvl1gc93cfyh0000gn/T/playwright-java-4501332805832521530/package/lib/cli/driver.js:53:59)
    at Immediate._onImmediate (/private/var/folders/1b/cqmvqvbd4sg1xvl1gc93cfyh0000gn/T/playwright-java-4501332805832521530/package/lib/server/utils/pipeTransport.js:76:16)
    at process.processImmediate (node:internal/timers:485:21)
}" type="com.microsoft.playwright.impl.TargetClosedError">
      <![CDATA[com.microsoft.playwright.impl.TargetClosedError: Error {
  message='Target page, context or browser has been closed
  name='TargetClosedError
  stack='TargetClosedError: Target page, context or browser has been closed
    at DispatcherConnection.dispatch (/private/var/folders/1b/cqmvqvbd4sg1xvl1gc93cfyh0000gn/T/playwright-java-4501332805832521530/package/lib/server/dispatchers/dispatcher.js:243:69)
    at transport.onmessage (/private/var/folders/1b/cqmvqvbd4sg1xvl1gc93cfyh0000gn/T/playwright-java-4501332805832521530/package/lib/cli/driver.js:53:59)
    at Immediate._onImmediate (/private/var/folders/1b/cqmvqvbd4sg1xvl1gc93cfyh0000gn/T/playwright-java-4501332805832521530/package/lib/server/utils/pipeTransport.js:76:16)
    at process.processImmediate (node:internal/timers:485:21)
}
at com.microsoft.playwright.impl.WaitableResult.get(WaitableResult.java:54)
at com.microsoft.playwright.impl.ChannelOwner.runUntil(ChannelOwner.java:138)
at com.microsoft.playwright.impl.Connection.sendMessage(Connection.java:131)
at com.microsoft.playwright.impl.ChannelOwner.sendMessage(ChannelOwner.java:124)
at com.microsoft.playwright.impl.FrameImpl.clickImpl(FrameImpl.java:241)
at com.microsoft.playwright.impl.PageImpl.click(PageImpl.java:680)
at com.microsoft.playwright.Page.click(Page.java:3931)
at playwright.Add100leadForProject.addLead(Add100leadForProject.java:67)
at playwright.Add100leadForProject.addMultipleLeads(Add100leadForProject.java:111)
at java.base/jdk.internal.reflect.DirectMethodHandleAccessor.invoke(DirectMethodHandleAccessor.java:103)
at java.base/java.lang.reflect.Method.invoke(Method.java:580)
at org.testng.internal.invokers.MethodInvocationHelper.invokeMethod(MethodInvocationHelper.java:141)
at org.testng.internal.invokers.TestInvoker.invokeMethod(TestInvoker.java:687)
at org.testng.internal.invokers.TestInvoker.invokeTestMethod(TestInvoker.java:230)
at org.testng.internal.invokers.TestMethodWithDataProviderMethodWorker.call(TestMethodWithDataProviderMethodWorker.java:81)
at org.testng.internal.thread.Async$AsyncTask.run(Async.java:34)
at java.base/java.util.concurrent.ThreadPoolExecutor.runWorker(ThreadPoolExecutor.java:1144)
at java.base/java.util.concurrent.ThreadPoolExecutor$Worker.run(ThreadPoolExecutor.java:642)
at java.base/java.lang.Thread.run(Thread.java:1583)
Caused by: com.microsoft.playwright.impl.TargetClosedError: Error {
  message='Target page, context or browser has been closed
  name='TargetClosedError
  stack='TargetClosedError: Target page, context or browser has been closed
    at DispatcherConnection.dispatch (/private/var/folders/1b/cqmvqvbd4sg1xvl1gc93cfyh0000gn/T/playwright-java-4501332805832521530/package/lib/server/dispatchers/dispatcher.js:243:69)
    at transport.onmessage (/private/var/folders/1b/cqmvqvbd4sg1xvl1gc93cfyh0000gn/T/playwright-java-4501332805832521530/package/lib/cli/driver.js:53:59)
    at Immediate._onImmediate (/private/var/folders/1b/cqmvqvbd4sg1xvl1gc93cfyh0000gn/T/playwright-java-4501332805832521530/package/lib/server/utils/pipeTransport.js:76:16)
    at process.processImmediate (node:internal/timers:485:21)
}
at com.microsoft.playwright.impl.Connection.dispatch(Connection.java:259)
at com.microsoft.playwright.impl.Connection.processOneMessage(Connection.java:214)
at com.microsoft.playwright.impl.ChannelOwner.runUntil(ChannelOwner.java:136)
... 17 more
]]>
    </error>
  </testcase> <!-- addMultipleLeads -->
  <testcase classname="playwright.Add100leadForProject" name="addMultipleLeads" time="0.012">
    <error message="Error {
  message=&#039;Target page, context or browser has been closed
  name=&#039;TargetClosedError
  stack=&#039;TargetClosedError: Target page, context or browser has been closed
    at DispatcherConnection.dispatch (/private/var/folders/1b/cqmvqvbd4sg1xvl1gc93cfyh0000gn/T/playwright-java-4501332805832521530/package/lib/server/dispatchers/dispatcher.js:243:69)
    at transport.onmessage (/private/var/folders/1b/cqmvqvbd4sg1xvl1gc93cfyh0000gn/T/playwright-java-4501332805832521530/package/lib/cli/driver.js:53:59)
    at Immediate._onImmediate (/private/var/folders/1b/cqmvqvbd4sg1xvl1gc93cfyh0000gn/T/playwright-java-4501332805832521530/package/lib/server/utils/pipeTransport.js:76:16)
    at process.processImmediate (node:internal/timers:485:21)
}" type="com.microsoft.playwright.impl.TargetClosedError">
      <![CDATA[com.microsoft.playwright.impl.TargetClosedError: Error {
  message='Target page, context or browser has been closed
  name='TargetClosedError
  stack='TargetClosedError: Target page, context or browser has been closed
    at DispatcherConnection.dispatch (/private/var/folders/1b/cqmvqvbd4sg1xvl1gc93cfyh0000gn/T/playwright-java-4501332805832521530/package/lib/server/dispatchers/dispatcher.js:243:69)
    at transport.onmessage (/private/var/folders/1b/cqmvqvbd4sg1xvl1gc93cfyh0000gn/T/playwright-java-4501332805832521530/package/lib/cli/driver.js:53:59)
    at Immediate._onImmediate (/private/var/folders/1b/cqmvqvbd4sg1xvl1gc93cfyh0000gn/T/playwright-java-4501332805832521530/package/lib/server/utils/pipeTransport.js:76:16)
    at process.processImmediate (node:internal/timers:485:21)
}
at com.microsoft.playwright.impl.WaitableResult.get(WaitableResult.java:54)
at com.microsoft.playwright.impl.ChannelOwner.runUntil(ChannelOwner.java:138)
at com.microsoft.playwright.impl.Connection.sendMessage(Connection.java:131)
at com.microsoft.playwright.impl.ChannelOwner.sendMessage(ChannelOwner.java:124)
at com.microsoft.playwright.impl.FrameImpl.clickImpl(FrameImpl.java:241)
at com.microsoft.playwright.impl.PageImpl.click(PageImpl.java:680)
at com.microsoft.playwright.Page.click(Page.java:3931)
at playwright.Add100leadForProject.addLead(Add100leadForProject.java:67)
at playwright.Add100leadForProject.addMultipleLeads(Add100leadForProject.java:111)
at java.base/jdk.internal.reflect.DirectMethodHandleAccessor.invoke(DirectMethodHandleAccessor.java:103)
at java.base/java.lang.reflect.Method.invoke(Method.java:580)
at org.testng.internal.invokers.MethodInvocationHelper.invokeMethod(MethodInvocationHelper.java:141)
at org.testng.internal.invokers.TestInvoker.invokeMethod(TestInvoker.java:687)
at org.testng.internal.invokers.TestInvoker.invokeTestMethod(TestInvoker.java:230)
at org.testng.internal.invokers.TestMethodWithDataProviderMethodWorker.call(TestMethodWithDataProviderMethodWorker.java:81)
at org.testng.internal.thread.Async$AsyncTask.run(Async.java:34)
at java.base/java.util.concurrent.ThreadPoolExecutor.runWorker(ThreadPoolExecutor.java:1144)
at java.base/java.util.concurrent.ThreadPoolExecutor$Worker.run(ThreadPoolExecutor.java:642)
at java.base/java.lang.Thread.run(Thread.java:1583)
Caused by: com.microsoft.playwright.impl.TargetClosedError: Error {
  message='Target page, context or browser has been closed
  name='TargetClosedError
  stack='TargetClosedError: Target page, context or browser has been closed
    at DispatcherConnection.dispatch (/private/var/folders/1b/cqmvqvbd4sg1xvl1gc93cfyh0000gn/T/playwright-java-4501332805832521530/package/lib/server/dispatchers/dispatcher.js:243:69)
    at transport.onmessage (/private/var/folders/1b/cqmvqvbd4sg1xvl1gc93cfyh0000gn/T/playwright-java-4501332805832521530/package/lib/cli/driver.js:53:59)
    at Immediate._onImmediate (/private/var/folders/1b/cqmvqvbd4sg1xvl1gc93cfyh0000gn/T/playwright-java-4501332805832521530/package/lib/server/utils/pipeTransport.js:76:16)
    at process.processImmediate (node:internal/timers:485:21)
}
at com.microsoft.playwright.impl.Connection.dispatch(Connection.java:259)
at com.microsoft.playwright.impl.Connection.processOneMessage(Connection.java:214)
at com.microsoft.playwright.impl.ChannelOwner.runUntil(ChannelOwner.java:136)
... 17 more
]]>
    </error>
  </testcase> <!-- addMultipleLeads -->
  <testcase classname="playwright.Add100leadForProject" name="addMultipleLeads" time="0.019">
    <error message="Error {
  message=&#039;Target page, context or browser has been closed
  name=&#039;TargetClosedError
  stack=&#039;TargetClosedError: Target page, context or browser has been closed
    at DispatcherConnection.dispatch (/private/var/folders/1b/cqmvqvbd4sg1xvl1gc93cfyh0000gn/T/playwright-java-4501332805832521530/package/lib/server/dispatchers/dispatcher.js:243:69)
    at transport.onmessage (/private/var/folders/1b/cqmvqvbd4sg1xvl1gc93cfyh0000gn/T/playwright-java-4501332805832521530/package/lib/cli/driver.js:53:59)
    at Immediate._onImmediate (/private/var/folders/1b/cqmvqvbd4sg1xvl1gc93cfyh0000gn/T/playwright-java-4501332805832521530/package/lib/server/utils/pipeTransport.js:76:16)
    at process.processImmediate (node:internal/timers:485:21)
}" type="com.microsoft.playwright.impl.TargetClosedError">
      <![CDATA[com.microsoft.playwright.impl.TargetClosedError: Error {
  message='Target page, context or browser has been closed
  name='TargetClosedError
  stack='TargetClosedError: Target page, context or browser has been closed
    at DispatcherConnection.dispatch (/private/var/folders/1b/cqmvqvbd4sg1xvl1gc93cfyh0000gn/T/playwright-java-4501332805832521530/package/lib/server/dispatchers/dispatcher.js:243:69)
    at transport.onmessage (/private/var/folders/1b/cqmvqvbd4sg1xvl1gc93cfyh0000gn/T/playwright-java-4501332805832521530/package/lib/cli/driver.js:53:59)
    at Immediate._onImmediate (/private/var/folders/1b/cqmvqvbd4sg1xvl1gc93cfyh0000gn/T/playwright-java-4501332805832521530/package/lib/server/utils/pipeTransport.js:76:16)
    at process.processImmediate (node:internal/timers:485:21)
}
at com.microsoft.playwright.impl.WaitableResult.get(WaitableResult.java:54)
at com.microsoft.playwright.impl.ChannelOwner.runUntil(ChannelOwner.java:138)
at com.microsoft.playwright.impl.Connection.sendMessage(Connection.java:131)
at com.microsoft.playwright.impl.ChannelOwner.sendMessage(ChannelOwner.java:124)
at com.microsoft.playwright.impl.FrameImpl.clickImpl(FrameImpl.java:241)
at com.microsoft.playwright.impl.PageImpl.click(PageImpl.java:680)
at com.microsoft.playwright.Page.click(Page.java:3931)
at playwright.Add100leadForProject.addLead(Add100leadForProject.java:67)
at playwright.Add100leadForProject.addMultipleLeads(Add100leadForProject.java:111)
at java.base/jdk.internal.reflect.DirectMethodHandleAccessor.invoke(DirectMethodHandleAccessor.java:103)
at java.base/java.lang.reflect.Method.invoke(Method.java:580)
at org.testng.internal.invokers.MethodInvocationHelper.invokeMethod(MethodInvocationHelper.java:141)
at org.testng.internal.invokers.TestInvoker.invokeMethod(TestInvoker.java:687)
at org.testng.internal.invokers.TestInvoker.invokeTestMethod(TestInvoker.java:230)
at org.testng.internal.invokers.TestMethodWithDataProviderMethodWorker.call(TestMethodWithDataProviderMethodWorker.java:81)
at org.testng.internal.thread.Async$AsyncTask.run(Async.java:34)
at java.base/java.util.concurrent.ThreadPoolExecutor.runWorker(ThreadPoolExecutor.java:1144)
at java.base/java.util.concurrent.ThreadPoolExecutor$Worker.run(ThreadPoolExecutor.java:642)
at java.base/java.lang.Thread.run(Thread.java:1583)
Caused by: com.microsoft.playwright.impl.TargetClosedError: Error {
  message='Target page, context or browser has been closed
  name='TargetClosedError
  stack='TargetClosedError: Target page, context or browser has been closed
    at DispatcherConnection.dispatch (/private/var/folders/1b/cqmvqvbd4sg1xvl1gc93cfyh0000gn/T/playwright-java-4501332805832521530/package/lib/server/dispatchers/dispatcher.js:243:69)
    at transport.onmessage (/private/var/folders/1b/cqmvqvbd4sg1xvl1gc93cfyh0000gn/T/playwright-java-4501332805832521530/package/lib/cli/driver.js:53:59)
    at Immediate._onImmediate (/private/var/folders/1b/cqmvqvbd4sg1xvl1gc93cfyh0000gn/T/playwright-java-4501332805832521530/package/lib/server/utils/pipeTransport.js:76:16)
    at process.processImmediate (node:internal/timers:485:21)
}
at com.microsoft.playwright.impl.Connection.dispatch(Connection.java:259)
at com.microsoft.playwright.impl.Connection.processOneMessage(Connection.java:214)
at com.microsoft.playwright.impl.ChannelOwner.runUntil(ChannelOwner.java:136)
... 17 more
]]>
    </error>
  </testcase> <!-- addMultipleLeads -->
  <testcase classname="playwright.Add100leadForProject" name="addMultipleLeads" time="0.014">
    <error message="Error {
  message=&#039;Target page, context or browser has been closed
  name=&#039;TargetClosedError
  stack=&#039;TargetClosedError: Target page, context or browser has been closed
    at DispatcherConnection.dispatch (/private/var/folders/1b/cqmvqvbd4sg1xvl1gc93cfyh0000gn/T/playwright-java-4501332805832521530/package/lib/server/dispatchers/dispatcher.js:243:69)
    at transport.onmessage (/private/var/folders/1b/cqmvqvbd4sg1xvl1gc93cfyh0000gn/T/playwright-java-4501332805832521530/package/lib/cli/driver.js:53:59)
    at Immediate._onImmediate (/private/var/folders/1b/cqmvqvbd4sg1xvl1gc93cfyh0000gn/T/playwright-java-4501332805832521530/package/lib/server/utils/pipeTransport.js:76:16)
    at process.processImmediate (node:internal/timers:485:21)
}" type="com.microsoft.playwright.impl.TargetClosedError">
      <![CDATA[com.microsoft.playwright.impl.TargetClosedError: Error {
  message='Target page, context or browser has been closed
  name='TargetClosedError
  stack='TargetClosedError: Target page, context or browser has been closed
    at DispatcherConnection.dispatch (/private/var/folders/1b/cqmvqvbd4sg1xvl1gc93cfyh0000gn/T/playwright-java-4501332805832521530/package/lib/server/dispatchers/dispatcher.js:243:69)
    at transport.onmessage (/private/var/folders/1b/cqmvqvbd4sg1xvl1gc93cfyh0000gn/T/playwright-java-4501332805832521530/package/lib/cli/driver.js:53:59)
    at Immediate._onImmediate (/private/var/folders/1b/cqmvqvbd4sg1xvl1gc93cfyh0000gn/T/playwright-java-4501332805832521530/package/lib/server/utils/pipeTransport.js:76:16)
    at process.processImmediate (node:internal/timers:485:21)
}
at com.microsoft.playwright.impl.WaitableResult.get(WaitableResult.java:54)
at com.microsoft.playwright.impl.ChannelOwner.runUntil(ChannelOwner.java:138)
at com.microsoft.playwright.impl.Connection.sendMessage(Connection.java:131)
at com.microsoft.playwright.impl.ChannelOwner.sendMessage(ChannelOwner.java:124)
at com.microsoft.playwright.impl.FrameImpl.clickImpl(FrameImpl.java:241)
at com.microsoft.playwright.impl.PageImpl.click(PageImpl.java:680)
at com.microsoft.playwright.Page.click(Page.java:3931)
at playwright.Add100leadForProject.addLead(Add100leadForProject.java:67)
at playwright.Add100leadForProject.addMultipleLeads(Add100leadForProject.java:111)
at java.base/jdk.internal.reflect.DirectMethodHandleAccessor.invoke(DirectMethodHandleAccessor.java:103)
at java.base/java.lang.reflect.Method.invoke(Method.java:580)
at org.testng.internal.invokers.MethodInvocationHelper.invokeMethod(MethodInvocationHelper.java:141)
at org.testng.internal.invokers.TestInvoker.invokeMethod(TestInvoker.java:687)
at org.testng.internal.invokers.TestInvoker.invokeTestMethod(TestInvoker.java:230)
at org.testng.internal.invokers.TestMethodWithDataProviderMethodWorker.call(TestMethodWithDataProviderMethodWorker.java:81)
at org.testng.internal.thread.Async$AsyncTask.run(Async.java:34)
at java.base/java.util.concurrent.ThreadPoolExecutor.runWorker(ThreadPoolExecutor.java:1144)
at java.base/java.util.concurrent.ThreadPoolExecutor$Worker.run(ThreadPoolExecutor.java:642)
at java.base/java.lang.Thread.run(Thread.java:1583)
Caused by: com.microsoft.playwright.impl.TargetClosedError: Error {
  message='Target page, context or browser has been closed
  name='TargetClosedError
  stack='TargetClosedError: Target page, context or browser has been closed
    at DispatcherConnection.dispatch (/private/var/folders/1b/cqmvqvbd4sg1xvl1gc93cfyh0000gn/T/playwright-java-4501332805832521530/package/lib/server/dispatchers/dispatcher.js:243:69)
    at transport.onmessage (/private/var/folders/1b/cqmvqvbd4sg1xvl1gc93cfyh0000gn/T/playwright-java-4501332805832521530/package/lib/cli/driver.js:53:59)
    at Immediate._onImmediate (/private/var/folders/1b/cqmvqvbd4sg1xvl1gc93cfyh0000gn/T/playwright-java-4501332805832521530/package/lib/server/utils/pipeTransport.js:76:16)
    at process.processImmediate (node:internal/timers:485:21)
}
at com.microsoft.playwright.impl.Connection.dispatch(Connection.java:259)
at com.microsoft.playwright.impl.Connection.processOneMessage(Connection.java:214)
at com.microsoft.playwright.impl.ChannelOwner.runUntil(ChannelOwner.java:136)
... 17 more
]]>
    </error>
  </testcase> <!-- addMultipleLeads -->
  <testcase classname="playwright.Add100leadForProject" name="addMultipleLeads" time="0.006">
    <error message="Error {
  message=&#039;Target page, context or browser has been closed
  name=&#039;TargetClosedError
  stack=&#039;TargetClosedError: Target page, context or browser has been closed
    at DispatcherConnection.dispatch (/private/var/folders/1b/cqmvqvbd4sg1xvl1gc93cfyh0000gn/T/playwright-java-4501332805832521530/package/lib/server/dispatchers/dispatcher.js:243:69)
    at transport.onmessage (/private/var/folders/1b/cqmvqvbd4sg1xvl1gc93cfyh0000gn/T/playwright-java-4501332805832521530/package/lib/cli/driver.js:53:59)
    at Immediate._onImmediate (/private/var/folders/1b/cqmvqvbd4sg1xvl1gc93cfyh0000gn/T/playwright-java-4501332805832521530/package/lib/server/utils/pipeTransport.js:76:16)
    at process.processImmediate (node:internal/timers:485:21)
}" type="com.microsoft.playwright.impl.TargetClosedError">
      <![CDATA[com.microsoft.playwright.impl.TargetClosedError: Error {
  message='Target page, context or browser has been closed
  name='TargetClosedError
  stack='TargetClosedError: Target page, context or browser has been closed
    at DispatcherConnection.dispatch (/private/var/folders/1b/cqmvqvbd4sg1xvl1gc93cfyh0000gn/T/playwright-java-4501332805832521530/package/lib/server/dispatchers/dispatcher.js:243:69)
    at transport.onmessage (/private/var/folders/1b/cqmvqvbd4sg1xvl1gc93cfyh0000gn/T/playwright-java-4501332805832521530/package/lib/cli/driver.js:53:59)
    at Immediate._onImmediate (/private/var/folders/1b/cqmvqvbd4sg1xvl1gc93cfyh0000gn/T/playwright-java-4501332805832521530/package/lib/server/utils/pipeTransport.js:76:16)
    at process.processImmediate (node:internal/timers:485:21)
}
at com.microsoft.playwright.impl.WaitableResult.get(WaitableResult.java:54)
at com.microsoft.playwright.impl.ChannelOwner.runUntil(ChannelOwner.java:138)
at com.microsoft.playwright.impl.Connection.sendMessage(Connection.java:131)
at com.microsoft.playwright.impl.ChannelOwner.sendMessage(ChannelOwner.java:124)
at com.microsoft.playwright.impl.FrameImpl.clickImpl(FrameImpl.java:241)
at com.microsoft.playwright.impl.PageImpl.click(PageImpl.java:680)
at com.microsoft.playwright.Page.click(Page.java:3931)
at playwright.Add100leadForProject.addLead(Add100leadForProject.java:67)
at playwright.Add100leadForProject.addMultipleLeads(Add100leadForProject.java:111)
at java.base/jdk.internal.reflect.DirectMethodHandleAccessor.invoke(DirectMethodHandleAccessor.java:103)
at java.base/java.lang.reflect.Method.invoke(Method.java:580)
at org.testng.internal.invokers.MethodInvocationHelper.invokeMethod(MethodInvocationHelper.java:141)
at org.testng.internal.invokers.TestInvoker.invokeMethod(TestInvoker.java:687)
at org.testng.internal.invokers.TestInvoker.invokeTestMethod(TestInvoker.java:230)
at org.testng.internal.invokers.TestMethodWithDataProviderMethodWorker.call(TestMethodWithDataProviderMethodWorker.java:81)
at org.testng.internal.thread.Async$AsyncTask.run(Async.java:34)
at java.base/java.util.concurrent.ThreadPoolExecutor.runWorker(ThreadPoolExecutor.java:1144)
at java.base/java.util.concurrent.ThreadPoolExecutor$Worker.run(ThreadPoolExecutor.java:642)
at java.base/java.lang.Thread.run(Thread.java:1583)
Caused by: com.microsoft.playwright.impl.TargetClosedError: Error {
  message='Target page, context or browser has been closed
  name='TargetClosedError
  stack='TargetClosedError: Target page, context or browser has been closed
    at DispatcherConnection.dispatch (/private/var/folders/1b/cqmvqvbd4sg1xvl1gc93cfyh0000gn/T/playwright-java-4501332805832521530/package/lib/server/dispatchers/dispatcher.js:243:69)
    at transport.onmessage (/private/var/folders/1b/cqmvqvbd4sg1xvl1gc93cfyh0000gn/T/playwright-java-4501332805832521530/package/lib/cli/driver.js:53:59)
    at Immediate._onImmediate (/private/var/folders/1b/cqmvqvbd4sg1xvl1gc93cfyh0000gn/T/playwright-java-4501332805832521530/package/lib/server/utils/pipeTransport.js:76:16)
    at process.processImmediate (node:internal/timers:485:21)
}
at com.microsoft.playwright.impl.Connection.dispatch(Connection.java:259)
at com.microsoft.playwright.impl.Connection.processOneMessage(Connection.java:214)
at com.microsoft.playwright.impl.ChannelOwner.runUntil(ChannelOwner.java:136)
... 17 more
]]>
    </error>
  </testcase> <!-- addMultipleLeads -->
  <testcase classname="playwright.Add100leadForProject" name="addMultipleLeads" time="0.024">
    <error message="Error {
  message=&#039;Target page, context or browser has been closed
  name=&#039;TargetClosedError
  stack=&#039;TargetClosedError: Target page, context or browser has been closed
    at DispatcherConnection.dispatch (/private/var/folders/1b/cqmvqvbd4sg1xvl1gc93cfyh0000gn/T/playwright-java-4501332805832521530/package/lib/server/dispatchers/dispatcher.js:243:69)
    at transport.onmessage (/private/var/folders/1b/cqmvqvbd4sg1xvl1gc93cfyh0000gn/T/playwright-java-4501332805832521530/package/lib/cli/driver.js:53:59)
    at Immediate._onImmediate (/private/var/folders/1b/cqmvqvbd4sg1xvl1gc93cfyh0000gn/T/playwright-java-4501332805832521530/package/lib/server/utils/pipeTransport.js:76:16)
    at process.processImmediate (node:internal/timers:485:21)
}" type="com.microsoft.playwright.impl.TargetClosedError">
      <![CDATA[com.microsoft.playwright.impl.TargetClosedError: Error {
  message='Target page, context or browser has been closed
  name='TargetClosedError
  stack='TargetClosedError: Target page, context or browser has been closed
    at DispatcherConnection.dispatch (/private/var/folders/1b/cqmvqvbd4sg1xvl1gc93cfyh0000gn/T/playwright-java-4501332805832521530/package/lib/server/dispatchers/dispatcher.js:243:69)
    at transport.onmessage (/private/var/folders/1b/cqmvqvbd4sg1xvl1gc93cfyh0000gn/T/playwright-java-4501332805832521530/package/lib/cli/driver.js:53:59)
    at Immediate._onImmediate (/private/var/folders/1b/cqmvqvbd4sg1xvl1gc93cfyh0000gn/T/playwright-java-4501332805832521530/package/lib/server/utils/pipeTransport.js:76:16)
    at process.processImmediate (node:internal/timers:485:21)
}
at com.microsoft.playwright.impl.WaitableResult.get(WaitableResult.java:54)
at com.microsoft.playwright.impl.ChannelOwner.runUntil(ChannelOwner.java:138)
at com.microsoft.playwright.impl.Connection.sendMessage(Connection.java:131)
at com.microsoft.playwright.impl.ChannelOwner.sendMessage(ChannelOwner.java:124)
at com.microsoft.playwright.impl.FrameImpl.clickImpl(FrameImpl.java:241)
at com.microsoft.playwright.impl.PageImpl.click(PageImpl.java:680)
at com.microsoft.playwright.Page.click(Page.java:3931)
at playwright.Add100leadForProject.addLead(Add100leadForProject.java:67)
at playwright.Add100leadForProject.addMultipleLeads(Add100leadForProject.java:111)
at java.base/jdk.internal.reflect.DirectMethodHandleAccessor.invoke(DirectMethodHandleAccessor.java:103)
at java.base/java.lang.reflect.Method.invoke(Method.java:580)
at org.testng.internal.invokers.MethodInvocationHelper.invokeMethod(MethodInvocationHelper.java:141)
at org.testng.internal.invokers.TestInvoker.invokeMethod(TestInvoker.java:687)
at org.testng.internal.invokers.TestInvoker.invokeTestMethod(TestInvoker.java:230)
at org.testng.internal.invokers.TestMethodWithDataProviderMethodWorker.call(TestMethodWithDataProviderMethodWorker.java:81)
at org.testng.internal.thread.Async$AsyncTask.run(Async.java:34)
at java.base/java.util.concurrent.ThreadPoolExecutor.runWorker(ThreadPoolExecutor.java:1144)
at java.base/java.util.concurrent.ThreadPoolExecutor$Worker.run(ThreadPoolExecutor.java:642)
at java.base/java.lang.Thread.run(Thread.java:1583)
Caused by: com.microsoft.playwright.impl.TargetClosedError: Error {
  message='Target page, context or browser has been closed
  name='TargetClosedError
  stack='TargetClosedError: Target page, context or browser has been closed
    at DispatcherConnection.dispatch (/private/var/folders/1b/cqmvqvbd4sg1xvl1gc93cfyh0000gn/T/playwright-java-4501332805832521530/package/lib/server/dispatchers/dispatcher.js:243:69)
    at transport.onmessage (/private/var/folders/1b/cqmvqvbd4sg1xvl1gc93cfyh0000gn/T/playwright-java-4501332805832521530/package/lib/cli/driver.js:53:59)
    at Immediate._onImmediate (/private/var/folders/1b/cqmvqvbd4sg1xvl1gc93cfyh0000gn/T/playwright-java-4501332805832521530/package/lib/server/utils/pipeTransport.js:76:16)
    at process.processImmediate (node:internal/timers:485:21)
}
at com.microsoft.playwright.impl.Connection.dispatch(Connection.java:259)
at com.microsoft.playwright.impl.Connection.processOneMessage(Connection.java:214)
at com.microsoft.playwright.impl.ChannelOwner.runUntil(ChannelOwner.java:136)
... 17 more
]]>
    </error>
  </testcase> <!-- addMultipleLeads -->
  <testcase classname="playwright.Add100leadForProject" name="addMultipleLeads" time="0.024">
    <error message="Error {
  message=&#039;Target page, context or browser has been closed
  name=&#039;TargetClosedError
  stack=&#039;TargetClosedError: Target page, context or browser has been closed
    at DispatcherConnection.dispatch (/private/var/folders/1b/cqmvqvbd4sg1xvl1gc93cfyh0000gn/T/playwright-java-4501332805832521530/package/lib/server/dispatchers/dispatcher.js:243:69)
    at transport.onmessage (/private/var/folders/1b/cqmvqvbd4sg1xvl1gc93cfyh0000gn/T/playwright-java-4501332805832521530/package/lib/cli/driver.js:53:59)
    at Immediate._onImmediate (/private/var/folders/1b/cqmvqvbd4sg1xvl1gc93cfyh0000gn/T/playwright-java-4501332805832521530/package/lib/server/utils/pipeTransport.js:76:16)
    at process.processImmediate (node:internal/timers:485:21)
}" type="com.microsoft.playwright.impl.TargetClosedError">
      <![CDATA[com.microsoft.playwright.impl.TargetClosedError: Error {
  message='Target page, context or browser has been closed
  name='TargetClosedError
  stack='TargetClosedError: Target page, context or browser has been closed
    at DispatcherConnection.dispatch (/private/var/folders/1b/cqmvqvbd4sg1xvl1gc93cfyh0000gn/T/playwright-java-4501332805832521530/package/lib/server/dispatchers/dispatcher.js:243:69)
    at transport.onmessage (/private/var/folders/1b/cqmvqvbd4sg1xvl1gc93cfyh0000gn/T/playwright-java-4501332805832521530/package/lib/cli/driver.js:53:59)
    at Immediate._onImmediate (/private/var/folders/1b/cqmvqvbd4sg1xvl1gc93cfyh0000gn/T/playwright-java-4501332805832521530/package/lib/server/utils/pipeTransport.js:76:16)
    at process.processImmediate (node:internal/timers:485:21)
}
at com.microsoft.playwright.impl.WaitableResult.get(WaitableResult.java:54)
at com.microsoft.playwright.impl.ChannelOwner.runUntil(ChannelOwner.java:138)
at com.microsoft.playwright.impl.Connection.sendMessage(Connection.java:131)
at com.microsoft.playwright.impl.ChannelOwner.sendMessage(ChannelOwner.java:124)
at com.microsoft.playwright.impl.FrameImpl.clickImpl(FrameImpl.java:241)
at com.microsoft.playwright.impl.PageImpl.click(PageImpl.java:680)
at com.microsoft.playwright.Page.click(Page.java:3931)
at playwright.Add100leadForProject.addLead(Add100leadForProject.java:67)
at playwright.Add100leadForProject.addMultipleLeads(Add100leadForProject.java:111)
at java.base/jdk.internal.reflect.DirectMethodHandleAccessor.invoke(DirectMethodHandleAccessor.java:103)
at java.base/java.lang.reflect.Method.invoke(Method.java:580)
at org.testng.internal.invokers.MethodInvocationHelper.invokeMethod(MethodInvocationHelper.java:141)
at org.testng.internal.invokers.TestInvoker.invokeMethod(TestInvoker.java:687)
at org.testng.internal.invokers.TestInvoker.invokeTestMethod(TestInvoker.java:230)
at org.testng.internal.invokers.TestMethodWithDataProviderMethodWorker.call(TestMethodWithDataProviderMethodWorker.java:81)
at org.testng.internal.thread.Async$AsyncTask.run(Async.java:34)
at java.base/java.util.concurrent.ThreadPoolExecutor.runWorker(ThreadPoolExecutor.java:1144)
at java.base/java.util.concurrent.ThreadPoolExecutor$Worker.run(ThreadPoolExecutor.java:642)
at java.base/java.lang.Thread.run(Thread.java:1583)
Caused by: com.microsoft.playwright.impl.TargetClosedError: Error {
  message='Target page, context or browser has been closed
  name='TargetClosedError
  stack='TargetClosedError: Target page, context or browser has been closed
    at DispatcherConnection.dispatch (/private/var/folders/1b/cqmvqvbd4sg1xvl1gc93cfyh0000gn/T/playwright-java-4501332805832521530/package/lib/server/dispatchers/dispatcher.js:243:69)
    at transport.onmessage (/private/var/folders/1b/cqmvqvbd4sg1xvl1gc93cfyh0000gn/T/playwright-java-4501332805832521530/package/lib/cli/driver.js:53:59)
    at Immediate._onImmediate (/private/var/folders/1b/cqmvqvbd4sg1xvl1gc93cfyh0000gn/T/playwright-java-4501332805832521530/package/lib/server/utils/pipeTransport.js:76:16)
    at process.processImmediate (node:internal/timers:485:21)
}
at com.microsoft.playwright.impl.Connection.dispatch(Connection.java:259)
at com.microsoft.playwright.impl.Connection.processOneMessage(Connection.java:214)
at com.microsoft.playwright.impl.ChannelOwner.runUntil(ChannelOwner.java:136)
... 17 more
]]>
    </error>
  </testcase> <!-- addMultipleLeads -->
  <testcase classname="playwright.Add100leadForProject" name="addMultipleLeads" time="0.019">
    <error message="Error {
  message=&#039;Target page, context or browser has been closed
  name=&#039;TargetClosedError
  stack=&#039;TargetClosedError: Target page, context or browser has been closed
    at DispatcherConnection.dispatch (/private/var/folders/1b/cqmvqvbd4sg1xvl1gc93cfyh0000gn/T/playwright-java-4501332805832521530/package/lib/server/dispatchers/dispatcher.js:243:69)
    at transport.onmessage (/private/var/folders/1b/cqmvqvbd4sg1xvl1gc93cfyh0000gn/T/playwright-java-4501332805832521530/package/lib/cli/driver.js:53:59)
    at Immediate._onImmediate (/private/var/folders/1b/cqmvqvbd4sg1xvl1gc93cfyh0000gn/T/playwright-java-4501332805832521530/package/lib/server/utils/pipeTransport.js:76:16)
    at process.processImmediate (node:internal/timers:485:21)
}" type="com.microsoft.playwright.impl.TargetClosedError">
      <![CDATA[com.microsoft.playwright.impl.TargetClosedError: Error {
  message='Target page, context or browser has been closed
  name='TargetClosedError
  stack='TargetClosedError: Target page, context or browser has been closed
    at DispatcherConnection.dispatch (/private/var/folders/1b/cqmvqvbd4sg1xvl1gc93cfyh0000gn/T/playwright-java-4501332805832521530/package/lib/server/dispatchers/dispatcher.js:243:69)
    at transport.onmessage (/private/var/folders/1b/cqmvqvbd4sg1xvl1gc93cfyh0000gn/T/playwright-java-4501332805832521530/package/lib/cli/driver.js:53:59)
    at Immediate._onImmediate (/private/var/folders/1b/cqmvqvbd4sg1xvl1gc93cfyh0000gn/T/playwright-java-4501332805832521530/package/lib/server/utils/pipeTransport.js:76:16)
    at process.processImmediate (node:internal/timers:485:21)
}
at com.microsoft.playwright.impl.WaitableResult.get(WaitableResult.java:54)
at com.microsoft.playwright.impl.ChannelOwner.runUntil(ChannelOwner.java:138)
at com.microsoft.playwright.impl.Connection.sendMessage(Connection.java:131)
at com.microsoft.playwright.impl.ChannelOwner.sendMessage(ChannelOwner.java:124)
at com.microsoft.playwright.impl.FrameImpl.clickImpl(FrameImpl.java:241)
at com.microsoft.playwright.impl.PageImpl.click(PageImpl.java:680)
at com.microsoft.playwright.Page.click(Page.java:3931)
at playwright.Add100leadForProject.addLead(Add100leadForProject.java:67)
at playwright.Add100leadForProject.addMultipleLeads(Add100leadForProject.java:111)
at java.base/jdk.internal.reflect.DirectMethodHandleAccessor.invoke(DirectMethodHandleAccessor.java:103)
at java.base/java.lang.reflect.Method.invoke(Method.java:580)
at org.testng.internal.invokers.MethodInvocationHelper.invokeMethod(MethodInvocationHelper.java:141)
at org.testng.internal.invokers.TestInvoker.invokeMethod(TestInvoker.java:687)
at org.testng.internal.invokers.TestInvoker.invokeTestMethod(TestInvoker.java:230)
at org.testng.internal.invokers.TestMethodWithDataProviderMethodWorker.call(TestMethodWithDataProviderMethodWorker.java:81)
at org.testng.internal.thread.Async$AsyncTask.run(Async.java:34)
at java.base/java.util.concurrent.ThreadPoolExecutor.runWorker(ThreadPoolExecutor.java:1144)
at java.base/java.util.concurrent.ThreadPoolExecutor$Worker.run(ThreadPoolExecutor.java:642)
at java.base/java.lang.Thread.run(Thread.java:1583)
Caused by: com.microsoft.playwright.impl.TargetClosedError: Error {
  message='Target page, context or browser has been closed
  name='TargetClosedError
  stack='TargetClosedError: Target page, context or browser has been closed
    at DispatcherConnection.dispatch (/private/var/folders/1b/cqmvqvbd4sg1xvl1gc93cfyh0000gn/T/playwright-java-4501332805832521530/package/lib/server/dispatchers/dispatcher.js:243:69)
    at transport.onmessage (/private/var/folders/1b/cqmvqvbd4sg1xvl1gc93cfyh0000gn/T/playwright-java-4501332805832521530/package/lib/cli/driver.js:53:59)
    at Immediate._onImmediate (/private/var/folders/1b/cqmvqvbd4sg1xvl1gc93cfyh0000gn/T/playwright-java-4501332805832521530/package/lib/server/utils/pipeTransport.js:76:16)
    at process.processImmediate (node:internal/timers:485:21)
}
at com.microsoft.playwright.impl.Connection.dispatch(Connection.java:259)
at com.microsoft.playwright.impl.Connection.processOneMessage(Connection.java:214)
at com.microsoft.playwright.impl.ChannelOwner.runUntil(ChannelOwner.java:136)
... 17 more
]]>
    </error>
  </testcase> <!-- addMultipleLeads -->
  <testcase classname="playwright.Add100leadForProject" name="addMultipleLeads" time="0.009">
    <error message="Error {
  message=&#039;Target page, context or browser has been closed
  name=&#039;TargetClosedError
  stack=&#039;TargetClosedError: Target page, context or browser has been closed
    at DispatcherConnection.dispatch (/private/var/folders/1b/cqmvqvbd4sg1xvl1gc93cfyh0000gn/T/playwright-java-4501332805832521530/package/lib/server/dispatchers/dispatcher.js:243:69)
    at transport.onmessage (/private/var/folders/1b/cqmvqvbd4sg1xvl1gc93cfyh0000gn/T/playwright-java-4501332805832521530/package/lib/cli/driver.js:53:59)
    at Immediate._onImmediate (/private/var/folders/1b/cqmvqvbd4sg1xvl1gc93cfyh0000gn/T/playwright-java-4501332805832521530/package/lib/server/utils/pipeTransport.js:76:16)
    at process.processImmediate (node:internal/timers:485:21)
}" type="com.microsoft.playwright.impl.TargetClosedError">
      <![CDATA[com.microsoft.playwright.impl.TargetClosedError: Error {
  message='Target page, context or browser has been closed
  name='TargetClosedError
  stack='TargetClosedError: Target page, context or browser has been closed
    at DispatcherConnection.dispatch (/private/var/folders/1b/cqmvqvbd4sg1xvl1gc93cfyh0000gn/T/playwright-java-4501332805832521530/package/lib/server/dispatchers/dispatcher.js:243:69)
    at transport.onmessage (/private/var/folders/1b/cqmvqvbd4sg1xvl1gc93cfyh0000gn/T/playwright-java-4501332805832521530/package/lib/cli/driver.js:53:59)
    at Immediate._onImmediate (/private/var/folders/1b/cqmvqvbd4sg1xvl1gc93cfyh0000gn/T/playwright-java-4501332805832521530/package/lib/server/utils/pipeTransport.js:76:16)
    at process.processImmediate (node:internal/timers:485:21)
}
at com.microsoft.playwright.impl.WaitableResult.get(WaitableResult.java:54)
at com.microsoft.playwright.impl.ChannelOwner.runUntil(ChannelOwner.java:138)
at com.microsoft.playwright.impl.Connection.sendMessage(Connection.java:131)
at com.microsoft.playwright.impl.ChannelOwner.sendMessage(ChannelOwner.java:124)
at com.microsoft.playwright.impl.FrameImpl.clickImpl(FrameImpl.java:241)
at com.microsoft.playwright.impl.PageImpl.click(PageImpl.java:680)
at com.microsoft.playwright.Page.click(Page.java:3931)
at playwright.Add100leadForProject.addLead(Add100leadForProject.java:67)
at playwright.Add100leadForProject.addMultipleLeads(Add100leadForProject.java:111)
at java.base/jdk.internal.reflect.DirectMethodHandleAccessor.invoke(DirectMethodHandleAccessor.java:103)
at java.base/java.lang.reflect.Method.invoke(Method.java:580)
at org.testng.internal.invokers.MethodInvocationHelper.invokeMethod(MethodInvocationHelper.java:141)
at org.testng.internal.invokers.TestInvoker.invokeMethod(TestInvoker.java:687)
at org.testng.internal.invokers.TestInvoker.invokeTestMethod(TestInvoker.java:230)
at org.testng.internal.invokers.TestMethodWithDataProviderMethodWorker.call(TestMethodWithDataProviderMethodWorker.java:81)
at org.testng.internal.thread.Async$AsyncTask.run(Async.java:34)
at java.base/java.util.concurrent.ThreadPoolExecutor.runWorker(ThreadPoolExecutor.java:1144)
at java.base/java.util.concurrent.ThreadPoolExecutor$Worker.run(ThreadPoolExecutor.java:642)
at java.base/java.lang.Thread.run(Thread.java:1583)
Caused by: com.microsoft.playwright.impl.TargetClosedError: Error {
  message='Target page, context or browser has been closed
  name='TargetClosedError
  stack='TargetClosedError: Target page, context or browser has been closed
    at DispatcherConnection.dispatch (/private/var/folders/1b/cqmvqvbd4sg1xvl1gc93cfyh0000gn/T/playwright-java-4501332805832521530/package/lib/server/dispatchers/dispatcher.js:243:69)
    at transport.onmessage (/private/var/folders/1b/cqmvqvbd4sg1xvl1gc93cfyh0000gn/T/playwright-java-4501332805832521530/package/lib/cli/driver.js:53:59)
    at Immediate._onImmediate (/private/var/folders/1b/cqmvqvbd4sg1xvl1gc93cfyh0000gn/T/playwright-java-4501332805832521530/package/lib/server/utils/pipeTransport.js:76:16)
    at process.processImmediate (node:internal/timers:485:21)
}
at com.microsoft.playwright.impl.Connection.dispatch(Connection.java:259)
at com.microsoft.playwright.impl.Connection.processOneMessage(Connection.java:214)
at com.microsoft.playwright.impl.ChannelOwner.runUntil(ChannelOwner.java:136)
... 17 more
]]>
    </error>
  </testcase> <!-- addMultipleLeads -->
  <testcase classname="playwright.Add100leadForProject" name="addMultipleLeads" time="0.003">
    <error message="Error {
  message=&#039;Target page, context or browser has been closed
  name=&#039;TargetClosedError
  stack=&#039;TargetClosedError: Target page, context or browser has been closed
    at DispatcherConnection.dispatch (/private/var/folders/1b/cqmvqvbd4sg1xvl1gc93cfyh0000gn/T/playwright-java-4501332805832521530/package/lib/server/dispatchers/dispatcher.js:243:69)
    at transport.onmessage (/private/var/folders/1b/cqmvqvbd4sg1xvl1gc93cfyh0000gn/T/playwright-java-4501332805832521530/package/lib/cli/driver.js:53:59)
    at Immediate._onImmediate (/private/var/folders/1b/cqmvqvbd4sg1xvl1gc93cfyh0000gn/T/playwright-java-4501332805832521530/package/lib/server/utils/pipeTransport.js:76:16)
    at process.processImmediate (node:internal/timers:485:21)
}" type="com.microsoft.playwright.impl.TargetClosedError">
      <![CDATA[com.microsoft.playwright.impl.TargetClosedError: Error {
  message='Target page, context or browser has been closed
  name='TargetClosedError
  stack='TargetClosedError: Target page, context or browser has been closed
    at DispatcherConnection.dispatch (/private/var/folders/1b/cqmvqvbd4sg1xvl1gc93cfyh0000gn/T/playwright-java-4501332805832521530/package/lib/server/dispatchers/dispatcher.js:243:69)
    at transport.onmessage (/private/var/folders/1b/cqmvqvbd4sg1xvl1gc93cfyh0000gn/T/playwright-java-4501332805832521530/package/lib/cli/driver.js:53:59)
    at Immediate._onImmediate (/private/var/folders/1b/cqmvqvbd4sg1xvl1gc93cfyh0000gn/T/playwright-java-4501332805832521530/package/lib/server/utils/pipeTransport.js:76:16)
    at process.processImmediate (node:internal/timers:485:21)
}
at com.microsoft.playwright.impl.WaitableResult.get(WaitableResult.java:54)
at com.microsoft.playwright.impl.ChannelOwner.runUntil(ChannelOwner.java:138)
at com.microsoft.playwright.impl.Connection.sendMessage(Connection.java:131)
at com.microsoft.playwright.impl.ChannelOwner.sendMessage(ChannelOwner.java:124)
at com.microsoft.playwright.impl.FrameImpl.clickImpl(FrameImpl.java:241)
at com.microsoft.playwright.impl.PageImpl.click(PageImpl.java:680)
at com.microsoft.playwright.Page.click(Page.java:3931)
at playwright.Add100leadForProject.addLead(Add100leadForProject.java:67)
at playwright.Add100leadForProject.addMultipleLeads(Add100leadForProject.java:111)
at java.base/jdk.internal.reflect.DirectMethodHandleAccessor.invoke(DirectMethodHandleAccessor.java:103)
at java.base/java.lang.reflect.Method.invoke(Method.java:580)
at org.testng.internal.invokers.MethodInvocationHelper.invokeMethod(MethodInvocationHelper.java:141)
at org.testng.internal.invokers.TestInvoker.invokeMethod(TestInvoker.java:687)
at org.testng.internal.invokers.TestInvoker.invokeTestMethod(TestInvoker.java:230)
at org.testng.internal.invokers.TestMethodWithDataProviderMethodWorker.call(TestMethodWithDataProviderMethodWorker.java:81)
at org.testng.internal.thread.Async$AsyncTask.run(Async.java:34)
at java.base/java.util.concurrent.ThreadPoolExecutor.runWorker(ThreadPoolExecutor.java:1144)
at java.base/java.util.concurrent.ThreadPoolExecutor$Worker.run(ThreadPoolExecutor.java:642)
at java.base/java.lang.Thread.run(Thread.java:1583)
Caused by: com.microsoft.playwright.impl.TargetClosedError: Error {
  message='Target page, context or browser has been closed
  name='TargetClosedError
  stack='TargetClosedError: Target page, context or browser has been closed
    at DispatcherConnection.dispatch (/private/var/folders/1b/cqmvqvbd4sg1xvl1gc93cfyh0000gn/T/playwright-java-4501332805832521530/package/lib/server/dispatchers/dispatcher.js:243:69)
    at transport.onmessage (/private/var/folders/1b/cqmvqvbd4sg1xvl1gc93cfyh0000gn/T/playwright-java-4501332805832521530/package/lib/cli/driver.js:53:59)
    at Immediate._onImmediate (/private/var/folders/1b/cqmvqvbd4sg1xvl1gc93cfyh0000gn/T/playwright-java-4501332805832521530/package/lib/server/utils/pipeTransport.js:76:16)
    at process.processImmediate (node:internal/timers:485:21)
}
at com.microsoft.playwright.impl.Connection.dispatch(Connection.java:259)
at com.microsoft.playwright.impl.Connection.processOneMessage(Connection.java:214)
at com.microsoft.playwright.impl.ChannelOwner.runUntil(ChannelOwner.java:136)
... 17 more
]]>
    </error>
  </testcase> <!-- addMultipleLeads -->
  <testcase classname="playwright.Add100leadForProject" name="addMultipleLeads" time="15.899">
    <error message="Error {
  message=&#039;Target page, context or browser has been closed
  name=&#039;TargetClosedError
  stack=&#039;TargetClosedError:Target page, context or browser has been closed
Error
    at captureRawStack (/private/var/folders/1b/cqmvqvbd4sg1xvl1gc93cfyh0000gn/T/playwright-java-4501332805832521530/package/lib/utils/isomorphic/stackTrace.js:32:17)
    at LongStandingScope._race (/private/var/folders/1b/cqmvqvbd4sg1xvl1gc93cfyh0000gn/T/playwright-java-4501332805832521530/package/lib/utils/isomorphic/manualPromise.js:87:58)
    at LongStandingScope.race (/private/var/folders/1b/cqmvqvbd4sg1xvl1gc93cfyh0000gn/T/playwright-java-4501332805832521530/package/lib/utils/isomorphic/manualPromise.js:80:17)
    at /private/var/folders/1b/cqmvqvbd4sg1xvl1gc93cfyh0000gn/T/playwright-java-4501332805832521530/package/lib/utils/isomorphic/manualPromise.js:77:45
    at Array.map (&lt;anonymous&gt;)
    at LongStandingScope.raceMultiple (/private/var/folders/1b/cqmvqvbd4sg1xvl1gc93cfyh0000gn/T/playwright-java-4501332805832521530/package/lib/utils/isomorphic/manualPromise.js:77:32)
    at Frame.retryWithProgressAndTimeouts (/private/var/folders/1b/cqmvqvbd4sg1xvl1gc93cfyh0000gn/T/playwright-java-4501332805832521530/package/lib/server/frames.js:877:46)
    at async /private/var/folders/1b/cqmvqvbd4sg1xvl1gc93cfyh0000gn/T/playwright-java-4501332805832521530/package/lib/server/frames.js:960:29
    at async ProgressController.run (/private/var/folders/1b/cqmvqvbd4sg1xvl1gc93cfyh0000gn/T/playwright-java-4501332805832521530/package/lib/server/progress.js:80:22)
    at async FrameDispatcher.click (/private/var/folders/1b/cqmvqvbd4sg1xvl1gc93cfyh0000gn/T/playwright-java-4501332805832521530/package/lib/server/dispatchers/frameDispatcher.js:117:12)
    at async LongStandingScope._race (/private/var/folders/1b/cqmvqvbd4sg1xvl1gc93cfyh0000gn/T/playwright-java-4501332805832521530/package/lib/utils/isomorphic/manualPromise.js:94:14)
    at async FrameDispatcher._handleCommand (/private/var/folders/1b/cqmvqvbd4sg1xvl1gc93cfyh0000gn/T/playwright-java-4501332805832521530/package/lib/server/dispatchers/dispatcher.js:90:14)
    at async DispatcherConnection.dispatch (/private/var/folders/1b/cqmvqvbd4sg1xvl1gc93cfyh0000gn/T/playwright-java-4501332805832521530/package/lib/server/dispatchers/dispatcher.js:309:22)
}
Call log:
-   - waiting for locator(&quot;xpath=(//p[@data-size=&#039;sm&#039;])[4]&quot;)
" type="com.microsoft.playwright.impl.TargetClosedError">
      <![CDATA[com.microsoft.playwright.impl.TargetClosedError: Error {
  message='Target page, context or browser has been closed
  name='TargetClosedError
  stack='TargetClosedError:Target page, context or browser has been closed
Error
    at captureRawStack (/private/var/folders/1b/cqmvqvbd4sg1xvl1gc93cfyh0000gn/T/playwright-java-4501332805832521530/package/lib/utils/isomorphic/stackTrace.js:32:17)
    at LongStandingScope._race (/private/var/folders/1b/cqmvqvbd4sg1xvl1gc93cfyh0000gn/T/playwright-java-4501332805832521530/package/lib/utils/isomorphic/manualPromise.js:87:58)
    at LongStandingScope.race (/private/var/folders/1b/cqmvqvbd4sg1xvl1gc93cfyh0000gn/T/playwright-java-4501332805832521530/package/lib/utils/isomorphic/manualPromise.js:80:17)
    at /private/var/folders/1b/cqmvqvbd4sg1xvl1gc93cfyh0000gn/T/playwright-java-4501332805832521530/package/lib/utils/isomorphic/manualPromise.js:77:45
    at Array.map (<anonymous>)
    at LongStandingScope.raceMultiple (/private/var/folders/1b/cqmvqvbd4sg1xvl1gc93cfyh0000gn/T/playwright-java-4501332805832521530/package/lib/utils/isomorphic/manualPromise.js:77:32)
    at Frame.retryWithProgressAndTimeouts (/private/var/folders/1b/cqmvqvbd4sg1xvl1gc93cfyh0000gn/T/playwright-java-4501332805832521530/package/lib/server/frames.js:877:46)
    at async /private/var/folders/1b/cqmvqvbd4sg1xvl1gc93cfyh0000gn/T/playwright-java-4501332805832521530/package/lib/server/frames.js:960:29
    at async ProgressController.run (/private/var/folders/1b/cqmvqvbd4sg1xvl1gc93cfyh0000gn/T/playwright-java-4501332805832521530/package/lib/server/progress.js:80:22)
    at async FrameDispatcher.click (/private/var/folders/1b/cqmvqvbd4sg1xvl1gc93cfyh0000gn/T/playwright-java-4501332805832521530/package/lib/server/dispatchers/frameDispatcher.js:117:12)
    at async LongStandingScope._race (/private/var/folders/1b/cqmvqvbd4sg1xvl1gc93cfyh0000gn/T/playwright-java-4501332805832521530/package/lib/utils/isomorphic/manualPromise.js:94:14)
    at async FrameDispatcher._handleCommand (/private/var/folders/1b/cqmvqvbd4sg1xvl1gc93cfyh0000gn/T/playwright-java-4501332805832521530/package/lib/server/dispatchers/dispatcher.js:90:14)
    at async DispatcherConnection.dispatch (/private/var/folders/1b/cqmvqvbd4sg1xvl1gc93cfyh0000gn/T/playwright-java-4501332805832521530/package/lib/server/dispatchers/dispatcher.js:309:22)
}
Call log:
-   - waiting for locator("xpath=(//p[@data-size='sm'])[4]")

at com.microsoft.playwright.impl.WaitableResult.get(WaitableResult.java:54)
at com.microsoft.playwright.impl.ChannelOwner.runUntil(ChannelOwner.java:138)
at com.microsoft.playwright.impl.Connection.sendMessage(Connection.java:131)
at com.microsoft.playwright.impl.ChannelOwner.sendMessage(ChannelOwner.java:124)
at com.microsoft.playwright.impl.FrameImpl.clickImpl(FrameImpl.java:241)
at com.microsoft.playwright.impl.PageImpl.click(PageImpl.java:680)
at com.microsoft.playwright.Page.click(Page.java:3931)
at playwright.Add100leadForProject.addLead(Add100leadForProject.java:67)
at playwright.Add100leadForProject.addMultipleLeads(Add100leadForProject.java:111)
at java.base/jdk.internal.reflect.DirectMethodHandleAccessor.invoke(DirectMethodHandleAccessor.java:103)
at java.base/java.lang.reflect.Method.invoke(Method.java:580)
at org.testng.internal.invokers.MethodInvocationHelper.invokeMethod(MethodInvocationHelper.java:141)
at org.testng.internal.invokers.TestInvoker.invokeMethod(TestInvoker.java:687)
at org.testng.internal.invokers.TestInvoker.invokeTestMethod(TestInvoker.java:230)
at org.testng.internal.invokers.TestMethodWithDataProviderMethodWorker.call(TestMethodWithDataProviderMethodWorker.java:81)
at org.testng.internal.thread.Async$AsyncTask.run(Async.java:34)
at java.base/java.util.concurrent.ThreadPoolExecutor.runWorker(ThreadPoolExecutor.java:1144)
at java.base/java.util.concurrent.ThreadPoolExecutor$Worker.run(ThreadPoolExecutor.java:642)
at java.base/java.lang.Thread.run(Thread.java:1583)
Caused by: com.microsoft.playwright.impl.TargetClosedError: Error {
  message='Target page, context or browser has been closed
  name='TargetClosedError
  stack='TargetClosedError:Target page, context or browser has been closed
Error
    at captureRawStack (/private/var/folders/1b/cqmvqvbd4sg1xvl1gc93cfyh0000gn/T/playwright-java-4501332805832521530/package/lib/utils/isomorphic/stackTrace.js:32:17)
    at LongStandingScope._race (/private/var/folders/1b/cqmvqvbd4sg1xvl1gc93cfyh0000gn/T/playwright-java-4501332805832521530/package/lib/utils/isomorphic/manualPromise.js:87:58)
    at LongStandingScope.race (/private/var/folders/1b/cqmvqvbd4sg1xvl1gc93cfyh0000gn/T/playwright-java-4501332805832521530/package/lib/utils/isomorphic/manualPromise.js:80:17)
    at /private/var/folders/1b/cqmvqvbd4sg1xvl1gc93cfyh0000gn/T/playwright-java-4501332805832521530/package/lib/utils/isomorphic/manualPromise.js:77:45
    at Array.map (<anonymous>)
    at LongStandingScope.raceMultiple (/private/var/folders/1b/cqmvqvbd4sg1xvl1gc93cfyh0000gn/T/playwright-java-4501332805832521530/package/lib/utils/isomorphic/manualPromise.js:77:32)
    at Frame.retryWithProgressAndTimeouts (/private/var/folders/1b/cqmvqvbd4sg1xvl1gc93cfyh0000gn/T/playwright-java-4501332805832521530/package/lib/server/frames.js:877:46)
    at async /private/var/folders/1b/cqmvqvbd4sg1xvl1gc93cfyh0000gn/T/playwright-java-4501332805832521530/package/lib/server/frames.js:960:29
    at async ProgressController.run (/private/var/folders/1b/cqmvqvbd4sg1xvl1gc93cfyh0000gn/T/playwright-java-4501332805832521530/package/lib/server/progress.js:80:22)
    at async FrameDispatcher.click (/private/var/folders/1b/cqmvqvbd4sg1xvl1gc93cfyh0000gn/T/playwright-java-4501332805832521530/package/lib/server/dispatchers/frameDispatcher.js:117:12)
    at async LongStandingScope._race (/private/var/folders/1b/cqmvqvbd4sg1xvl1gc93cfyh0000gn/T/playwright-java-4501332805832521530/package/lib/utils/isomorphic/manualPromise.js:94:14)
    at async FrameDispatcher._handleCommand (/private/var/folders/1b/cqmvqvbd4sg1xvl1gc93cfyh0000gn/T/playwright-java-4501332805832521530/package/lib/server/dispatchers/dispatcher.js:90:14)
    at async DispatcherConnection.dispatch (/private/var/folders/1b/cqmvqvbd4sg1xvl1gc93cfyh0000gn/T/playwright-java-4501332805832521530/package/lib/server/dispatchers/dispatcher.js:309:22)
}
Call log:
-   - waiting for locator("xpath=(//p[@data-size='sm'])[4]")

at com.microsoft.playwright.impl.Connection.dispatch(Connection.java:259)
at com.microsoft.playwright.impl.Connection.processOneMessage(Connection.java:214)
at com.microsoft.playwright.impl.ChannelOwner.runUntil(ChannelOwner.java:136)
... 17 more
]]>
    </error>
  </testcase> <!-- addMultipleLeads -->
  <testcase classname="playwright.Add100leadForProject" name="addMultipleLeads" time="0.003">
    <error message="Error {
  message=&#039;Target page, context or browser has been closed
  name=&#039;TargetClosedError
  stack=&#039;TargetClosedError: Target page, context or browser has been closed
    at DispatcherConnection.dispatch (/private/var/folders/1b/cqmvqvbd4sg1xvl1gc93cfyh0000gn/T/playwright-java-4501332805832521530/package/lib/server/dispatchers/dispatcher.js:243:69)
    at transport.onmessage (/private/var/folders/1b/cqmvqvbd4sg1xvl1gc93cfyh0000gn/T/playwright-java-4501332805832521530/package/lib/cli/driver.js:53:59)
    at Immediate._onImmediate (/private/var/folders/1b/cqmvqvbd4sg1xvl1gc93cfyh0000gn/T/playwright-java-4501332805832521530/package/lib/server/utils/pipeTransport.js:76:16)
    at process.processImmediate (node:internal/timers:485:21)
}" type="com.microsoft.playwright.impl.TargetClosedError">
      <![CDATA[com.microsoft.playwright.impl.TargetClosedError: Error {
  message='Target page, context or browser has been closed
  name='TargetClosedError
  stack='TargetClosedError: Target page, context or browser has been closed
    at DispatcherConnection.dispatch (/private/var/folders/1b/cqmvqvbd4sg1xvl1gc93cfyh0000gn/T/playwright-java-4501332805832521530/package/lib/server/dispatchers/dispatcher.js:243:69)
    at transport.onmessage (/private/var/folders/1b/cqmvqvbd4sg1xvl1gc93cfyh0000gn/T/playwright-java-4501332805832521530/package/lib/cli/driver.js:53:59)
    at Immediate._onImmediate (/private/var/folders/1b/cqmvqvbd4sg1xvl1gc93cfyh0000gn/T/playwright-java-4501332805832521530/package/lib/server/utils/pipeTransport.js:76:16)
    at process.processImmediate (node:internal/timers:485:21)
}
at com.microsoft.playwright.impl.WaitableResult.get(WaitableResult.java:54)
at com.microsoft.playwright.impl.ChannelOwner.runUntil(ChannelOwner.java:138)
at com.microsoft.playwright.impl.Connection.sendMessage(Connection.java:131)
at com.microsoft.playwright.impl.ChannelOwner.sendMessage(ChannelOwner.java:124)
at com.microsoft.playwright.impl.FrameImpl.clickImpl(FrameImpl.java:241)
at com.microsoft.playwright.impl.PageImpl.click(PageImpl.java:680)
at com.microsoft.playwright.Page.click(Page.java:3931)
at playwright.Add100leadForProject.addLead(Add100leadForProject.java:67)
at playwright.Add100leadForProject.addMultipleLeads(Add100leadForProject.java:111)
at java.base/jdk.internal.reflect.DirectMethodHandleAccessor.invoke(DirectMethodHandleAccessor.java:103)
at java.base/java.lang.reflect.Method.invoke(Method.java:580)
at org.testng.internal.invokers.MethodInvocationHelper.invokeMethod(MethodInvocationHelper.java:141)
at org.testng.internal.invokers.TestInvoker.invokeMethod(TestInvoker.java:687)
at org.testng.internal.invokers.TestInvoker.invokeTestMethod(TestInvoker.java:230)
at org.testng.internal.invokers.TestMethodWithDataProviderMethodWorker.call(TestMethodWithDataProviderMethodWorker.java:81)
at org.testng.internal.thread.Async$AsyncTask.run(Async.java:34)
at java.base/java.util.concurrent.ThreadPoolExecutor.runWorker(ThreadPoolExecutor.java:1144)
at java.base/java.util.concurrent.ThreadPoolExecutor$Worker.run(ThreadPoolExecutor.java:642)
at java.base/java.lang.Thread.run(Thread.java:1583)
Caused by: com.microsoft.playwright.impl.TargetClosedError: Error {
  message='Target page, context or browser has been closed
  name='TargetClosedError
  stack='TargetClosedError: Target page, context or browser has been closed
    at DispatcherConnection.dispatch (/private/var/folders/1b/cqmvqvbd4sg1xvl1gc93cfyh0000gn/T/playwright-java-4501332805832521530/package/lib/server/dispatchers/dispatcher.js:243:69)
    at transport.onmessage (/private/var/folders/1b/cqmvqvbd4sg1xvl1gc93cfyh0000gn/T/playwright-java-4501332805832521530/package/lib/cli/driver.js:53:59)
    at Immediate._onImmediate (/private/var/folders/1b/cqmvqvbd4sg1xvl1gc93cfyh0000gn/T/playwright-java-4501332805832521530/package/lib/server/utils/pipeTransport.js:76:16)
    at process.processImmediate (node:internal/timers:485:21)
}
at com.microsoft.playwright.impl.Connection.dispatch(Connection.java:259)
at com.microsoft.playwright.impl.Connection.processOneMessage(Connection.java:214)
at com.microsoft.playwright.impl.ChannelOwner.runUntil(ChannelOwner.java:136)
... 17 more
]]>
    </error>
  </testcase> <!-- addMultipleLeads -->
  <testcase classname="playwright.Add100leadForProject" name="addMultipleLeads" time="0.048">
    <error message="Error {
  message=&#039;Target page, context or browser has been closed
  name=&#039;TargetClosedError
  stack=&#039;TargetClosedError: Target page, context or browser has been closed
    at DispatcherConnection.dispatch (/private/var/folders/1b/cqmvqvbd4sg1xvl1gc93cfyh0000gn/T/playwright-java-4501332805832521530/package/lib/server/dispatchers/dispatcher.js:243:69)
    at transport.onmessage (/private/var/folders/1b/cqmvqvbd4sg1xvl1gc93cfyh0000gn/T/playwright-java-4501332805832521530/package/lib/cli/driver.js:53:59)
    at Immediate._onImmediate (/private/var/folders/1b/cqmvqvbd4sg1xvl1gc93cfyh0000gn/T/playwright-java-4501332805832521530/package/lib/server/utils/pipeTransport.js:76:16)
    at process.processImmediate (node:internal/timers:485:21)
}" type="com.microsoft.playwright.impl.TargetClosedError">
      <![CDATA[com.microsoft.playwright.impl.TargetClosedError: Error {
  message='Target page, context or browser has been closed
  name='TargetClosedError
  stack='TargetClosedError: Target page, context or browser has been closed
    at DispatcherConnection.dispatch (/private/var/folders/1b/cqmvqvbd4sg1xvl1gc93cfyh0000gn/T/playwright-java-4501332805832521530/package/lib/server/dispatchers/dispatcher.js:243:69)
    at transport.onmessage (/private/var/folders/1b/cqmvqvbd4sg1xvl1gc93cfyh0000gn/T/playwright-java-4501332805832521530/package/lib/cli/driver.js:53:59)
    at Immediate._onImmediate (/private/var/folders/1b/cqmvqvbd4sg1xvl1gc93cfyh0000gn/T/playwright-java-4501332805832521530/package/lib/server/utils/pipeTransport.js:76:16)
    at process.processImmediate (node:internal/timers:485:21)
}
at com.microsoft.playwright.impl.WaitableResult.get(WaitableResult.java:54)
at com.microsoft.playwright.impl.ChannelOwner.runUntil(ChannelOwner.java:138)
at com.microsoft.playwright.impl.Connection.sendMessage(Connection.java:131)
at com.microsoft.playwright.impl.ChannelOwner.sendMessage(ChannelOwner.java:124)
at com.microsoft.playwright.impl.FrameImpl.clickImpl(FrameImpl.java:241)
at com.microsoft.playwright.impl.PageImpl.click(PageImpl.java:680)
at com.microsoft.playwright.Page.click(Page.java:3931)
at playwright.Add100leadForProject.addLead(Add100leadForProject.java:67)
at playwright.Add100leadForProject.addMultipleLeads(Add100leadForProject.java:111)
at java.base/jdk.internal.reflect.DirectMethodHandleAccessor.invoke(DirectMethodHandleAccessor.java:103)
at java.base/java.lang.reflect.Method.invoke(Method.java:580)
at org.testng.internal.invokers.MethodInvocationHelper.invokeMethod(MethodInvocationHelper.java:141)
at org.testng.internal.invokers.TestInvoker.invokeMethod(TestInvoker.java:687)
at org.testng.internal.invokers.TestInvoker.invokeTestMethod(TestInvoker.java:230)
at org.testng.internal.invokers.TestMethodWithDataProviderMethodWorker.call(TestMethodWithDataProviderMethodWorker.java:81)
at org.testng.internal.thread.Async$AsyncTask.run(Async.java:34)
at java.base/java.util.concurrent.ThreadPoolExecutor.runWorker(ThreadPoolExecutor.java:1144)
at java.base/java.util.concurrent.ThreadPoolExecutor$Worker.run(ThreadPoolExecutor.java:642)
at java.base/java.lang.Thread.run(Thread.java:1583)
Caused by: com.microsoft.playwright.impl.TargetClosedError: Error {
  message='Target page, context or browser has been closed
  name='TargetClosedError
  stack='TargetClosedError: Target page, context or browser has been closed
    at DispatcherConnection.dispatch (/private/var/folders/1b/cqmvqvbd4sg1xvl1gc93cfyh0000gn/T/playwright-java-4501332805832521530/package/lib/server/dispatchers/dispatcher.js:243:69)
    at transport.onmessage (/private/var/folders/1b/cqmvqvbd4sg1xvl1gc93cfyh0000gn/T/playwright-java-4501332805832521530/package/lib/cli/driver.js:53:59)
    at Immediate._onImmediate (/private/var/folders/1b/cqmvqvbd4sg1xvl1gc93cfyh0000gn/T/playwright-java-4501332805832521530/package/lib/server/utils/pipeTransport.js:76:16)
    at process.processImmediate (node:internal/timers:485:21)
}
at com.microsoft.playwright.impl.Connection.dispatch(Connection.java:259)
at com.microsoft.playwright.impl.Connection.processOneMessage(Connection.java:214)
at com.microsoft.playwright.impl.ChannelOwner.runUntil(ChannelOwner.java:136)
... 17 more
]]>
    </error>
  </testcase> <!-- addMultipleLeads -->
  <testcase classname="playwright.Add100leadForProject" name="addMultipleLeads" time="0.019">
    <error message="Error {
  message=&#039;Target page, context or browser has been closed
  name=&#039;TargetClosedError
  stack=&#039;TargetClosedError: Target page, context or browser has been closed
    at DispatcherConnection.dispatch (/private/var/folders/1b/cqmvqvbd4sg1xvl1gc93cfyh0000gn/T/playwright-java-4501332805832521530/package/lib/server/dispatchers/dispatcher.js:243:69)
    at transport.onmessage (/private/var/folders/1b/cqmvqvbd4sg1xvl1gc93cfyh0000gn/T/playwright-java-4501332805832521530/package/lib/cli/driver.js:53:59)
    at Immediate._onImmediate (/private/var/folders/1b/cqmvqvbd4sg1xvl1gc93cfyh0000gn/T/playwright-java-4501332805832521530/package/lib/server/utils/pipeTransport.js:76:16)
    at process.processImmediate (node:internal/timers:485:21)
}" type="com.microsoft.playwright.impl.TargetClosedError">
      <![CDATA[com.microsoft.playwright.impl.TargetClosedError: Error {
  message='Target page, context or browser has been closed
  name='TargetClosedError
  stack='TargetClosedError: Target page, context or browser has been closed
    at DispatcherConnection.dispatch (/private/var/folders/1b/cqmvqvbd4sg1xvl1gc93cfyh0000gn/T/playwright-java-4501332805832521530/package/lib/server/dispatchers/dispatcher.js:243:69)
    at transport.onmessage (/private/var/folders/1b/cqmvqvbd4sg1xvl1gc93cfyh0000gn/T/playwright-java-4501332805832521530/package/lib/cli/driver.js:53:59)
    at Immediate._onImmediate (/private/var/folders/1b/cqmvqvbd4sg1xvl1gc93cfyh0000gn/T/playwright-java-4501332805832521530/package/lib/server/utils/pipeTransport.js:76:16)
    at process.processImmediate (node:internal/timers:485:21)
}
at com.microsoft.playwright.impl.WaitableResult.get(WaitableResult.java:54)
at com.microsoft.playwright.impl.ChannelOwner.runUntil(ChannelOwner.java:138)
at com.microsoft.playwright.impl.Connection.sendMessage(Connection.java:131)
at com.microsoft.playwright.impl.ChannelOwner.sendMessage(ChannelOwner.java:124)
at com.microsoft.playwright.impl.FrameImpl.clickImpl(FrameImpl.java:241)
at com.microsoft.playwright.impl.PageImpl.click(PageImpl.java:680)
at com.microsoft.playwright.Page.click(Page.java:3931)
at playwright.Add100leadForProject.addLead(Add100leadForProject.java:67)
at playwright.Add100leadForProject.addMultipleLeads(Add100leadForProject.java:111)
at java.base/jdk.internal.reflect.DirectMethodHandleAccessor.invoke(DirectMethodHandleAccessor.java:103)
at java.base/java.lang.reflect.Method.invoke(Method.java:580)
at org.testng.internal.invokers.MethodInvocationHelper.invokeMethod(MethodInvocationHelper.java:141)
at org.testng.internal.invokers.TestInvoker.invokeMethod(TestInvoker.java:687)
at org.testng.internal.invokers.TestInvoker.invokeTestMethod(TestInvoker.java:230)
at org.testng.internal.invokers.TestMethodWithDataProviderMethodWorker.call(TestMethodWithDataProviderMethodWorker.java:81)
at org.testng.internal.thread.Async$AsyncTask.run(Async.java:34)
at java.base/java.util.concurrent.ThreadPoolExecutor.runWorker(ThreadPoolExecutor.java:1144)
at java.base/java.util.concurrent.ThreadPoolExecutor$Worker.run(ThreadPoolExecutor.java:642)
at java.base/java.lang.Thread.run(Thread.java:1583)
Caused by: com.microsoft.playwright.impl.TargetClosedError: Error {
  message='Target page, context or browser has been closed
  name='TargetClosedError
  stack='TargetClosedError: Target page, context or browser has been closed
    at DispatcherConnection.dispatch (/private/var/folders/1b/cqmvqvbd4sg1xvl1gc93cfyh0000gn/T/playwright-java-4501332805832521530/package/lib/server/dispatchers/dispatcher.js:243:69)
    at transport.onmessage (/private/var/folders/1b/cqmvqvbd4sg1xvl1gc93cfyh0000gn/T/playwright-java-4501332805832521530/package/lib/cli/driver.js:53:59)
    at Immediate._onImmediate (/private/var/folders/1b/cqmvqvbd4sg1xvl1gc93cfyh0000gn/T/playwright-java-4501332805832521530/package/lib/server/utils/pipeTransport.js:76:16)
    at process.processImmediate (node:internal/timers:485:21)
}
at com.microsoft.playwright.impl.Connection.dispatch(Connection.java:259)
at com.microsoft.playwright.impl.Connection.processOneMessage(Connection.java:214)
at com.microsoft.playwright.impl.ChannelOwner.runUntil(ChannelOwner.java:136)
... 17 more
]]>
    </error>
  </testcase> <!-- addMultipleLeads -->
  <testcase classname="playwright.Add100leadForProject" name="addMultipleLeads" time="0.005">
    <error message="Error {
  message=&#039;Target page, context or browser has been closed
  name=&#039;TargetClosedError
  stack=&#039;TargetClosedError: Target page, context or browser has been closed
    at DispatcherConnection.dispatch (/private/var/folders/1b/cqmvqvbd4sg1xvl1gc93cfyh0000gn/T/playwright-java-4501332805832521530/package/lib/server/dispatchers/dispatcher.js:243:69)
    at transport.onmessage (/private/var/folders/1b/cqmvqvbd4sg1xvl1gc93cfyh0000gn/T/playwright-java-4501332805832521530/package/lib/cli/driver.js:53:59)
    at Immediate._onImmediate (/private/var/folders/1b/cqmvqvbd4sg1xvl1gc93cfyh0000gn/T/playwright-java-4501332805832521530/package/lib/server/utils/pipeTransport.js:76:16)
    at process.processImmediate (node:internal/timers:485:21)
}" type="com.microsoft.playwright.impl.TargetClosedError">
      <![CDATA[com.microsoft.playwright.impl.TargetClosedError: Error {
  message='Target page, context or browser has been closed
  name='TargetClosedError
  stack='TargetClosedError: Target page, context or browser has been closed
    at DispatcherConnection.dispatch (/private/var/folders/1b/cqmvqvbd4sg1xvl1gc93cfyh0000gn/T/playwright-java-4501332805832521530/package/lib/server/dispatchers/dispatcher.js:243:69)
    at transport.onmessage (/private/var/folders/1b/cqmvqvbd4sg1xvl1gc93cfyh0000gn/T/playwright-java-4501332805832521530/package/lib/cli/driver.js:53:59)
    at Immediate._onImmediate (/private/var/folders/1b/cqmvqvbd4sg1xvl1gc93cfyh0000gn/T/playwright-java-4501332805832521530/package/lib/server/utils/pipeTransport.js:76:16)
    at process.processImmediate (node:internal/timers:485:21)
}
at com.microsoft.playwright.impl.WaitableResult.get(WaitableResult.java:54)
at com.microsoft.playwright.impl.ChannelOwner.runUntil(ChannelOwner.java:138)
at com.microsoft.playwright.impl.Connection.sendMessage(Connection.java:131)
at com.microsoft.playwright.impl.ChannelOwner.sendMessage(ChannelOwner.java:124)
at com.microsoft.playwright.impl.FrameImpl.clickImpl(FrameImpl.java:241)
at com.microsoft.playwright.impl.PageImpl.click(PageImpl.java:680)
at com.microsoft.playwright.Page.click(Page.java:3931)
at playwright.Add100leadForProject.addLead(Add100leadForProject.java:67)
at playwright.Add100leadForProject.addMultipleLeads(Add100leadForProject.java:111)
at java.base/jdk.internal.reflect.DirectMethodHandleAccessor.invoke(DirectMethodHandleAccessor.java:103)
at java.base/java.lang.reflect.Method.invoke(Method.java:580)
at org.testng.internal.invokers.MethodInvocationHelper.invokeMethod(MethodInvocationHelper.java:141)
at org.testng.internal.invokers.TestInvoker.invokeMethod(TestInvoker.java:687)
at org.testng.internal.invokers.TestInvoker.invokeTestMethod(TestInvoker.java:230)
at org.testng.internal.invokers.TestMethodWithDataProviderMethodWorker.call(TestMethodWithDataProviderMethodWorker.java:81)
at org.testng.internal.thread.Async$AsyncTask.run(Async.java:34)
at java.base/java.util.concurrent.ThreadPoolExecutor.runWorker(ThreadPoolExecutor.java:1144)
at java.base/java.util.concurrent.ThreadPoolExecutor$Worker.run(ThreadPoolExecutor.java:642)
at java.base/java.lang.Thread.run(Thread.java:1583)
Caused by: com.microsoft.playwright.impl.TargetClosedError: Error {
  message='Target page, context or browser has been closed
  name='TargetClosedError
  stack='TargetClosedError: Target page, context or browser has been closed
    at DispatcherConnection.dispatch (/private/var/folders/1b/cqmvqvbd4sg1xvl1gc93cfyh0000gn/T/playwright-java-4501332805832521530/package/lib/server/dispatchers/dispatcher.js:243:69)
    at transport.onmessage (/private/var/folders/1b/cqmvqvbd4sg1xvl1gc93cfyh0000gn/T/playwright-java-4501332805832521530/package/lib/cli/driver.js:53:59)
    at Immediate._onImmediate (/private/var/folders/1b/cqmvqvbd4sg1xvl1gc93cfyh0000gn/T/playwright-java-4501332805832521530/package/lib/server/utils/pipeTransport.js:76:16)
    at process.processImmediate (node:internal/timers:485:21)
}
at com.microsoft.playwright.impl.Connection.dispatch(Connection.java:259)
at com.microsoft.playwright.impl.Connection.processOneMessage(Connection.java:214)
at com.microsoft.playwright.impl.ChannelOwner.runUntil(ChannelOwner.java:136)
... 17 more
]]>
    </error>
  </testcase> <!-- addMultipleLeads -->
  <testcase classname="playwright.Add100leadForProject" name="addMultipleLeads" time="0.007">
    <error message="Error {
  message=&#039;Target page, context or browser has been closed
  name=&#039;TargetClosedError
  stack=&#039;TargetClosedError: Target page, context or browser has been closed
    at DispatcherConnection.dispatch (/private/var/folders/1b/cqmvqvbd4sg1xvl1gc93cfyh0000gn/T/playwright-java-4501332805832521530/package/lib/server/dispatchers/dispatcher.js:243:69)
    at transport.onmessage (/private/var/folders/1b/cqmvqvbd4sg1xvl1gc93cfyh0000gn/T/playwright-java-4501332805832521530/package/lib/cli/driver.js:53:59)
    at Immediate._onImmediate (/private/var/folders/1b/cqmvqvbd4sg1xvl1gc93cfyh0000gn/T/playwright-java-4501332805832521530/package/lib/server/utils/pipeTransport.js:76:16)
    at process.processImmediate (node:internal/timers:485:21)
}" type="com.microsoft.playwright.impl.TargetClosedError">
      <![CDATA[com.microsoft.playwright.impl.TargetClosedError: Error {
  message='Target page, context or browser has been closed
  name='TargetClosedError
  stack='TargetClosedError: Target page, context or browser has been closed
    at DispatcherConnection.dispatch (/private/var/folders/1b/cqmvqvbd4sg1xvl1gc93cfyh0000gn/T/playwright-java-4501332805832521530/package/lib/server/dispatchers/dispatcher.js:243:69)
    at transport.onmessage (/private/var/folders/1b/cqmvqvbd4sg1xvl1gc93cfyh0000gn/T/playwright-java-4501332805832521530/package/lib/cli/driver.js:53:59)
    at Immediate._onImmediate (/private/var/folders/1b/cqmvqvbd4sg1xvl1gc93cfyh0000gn/T/playwright-java-4501332805832521530/package/lib/server/utils/pipeTransport.js:76:16)
    at process.processImmediate (node:internal/timers:485:21)
}
at com.microsoft.playwright.impl.WaitableResult.get(WaitableResult.java:54)
at com.microsoft.playwright.impl.ChannelOwner.runUntil(ChannelOwner.java:138)
at com.microsoft.playwright.impl.Connection.sendMessage(Connection.java:131)
at com.microsoft.playwright.impl.ChannelOwner.sendMessage(ChannelOwner.java:124)
at com.microsoft.playwright.impl.FrameImpl.clickImpl(FrameImpl.java:241)
at com.microsoft.playwright.impl.PageImpl.click(PageImpl.java:680)
at com.microsoft.playwright.Page.click(Page.java:3931)
at playwright.Add100leadForProject.addLead(Add100leadForProject.java:67)
at playwright.Add100leadForProject.addMultipleLeads(Add100leadForProject.java:111)
at java.base/jdk.internal.reflect.DirectMethodHandleAccessor.invoke(DirectMethodHandleAccessor.java:103)
at java.base/java.lang.reflect.Method.invoke(Method.java:580)
at org.testng.internal.invokers.MethodInvocationHelper.invokeMethod(MethodInvocationHelper.java:141)
at org.testng.internal.invokers.TestInvoker.invokeMethod(TestInvoker.java:687)
at org.testng.internal.invokers.TestInvoker.invokeTestMethod(TestInvoker.java:230)
at org.testng.internal.invokers.TestMethodWithDataProviderMethodWorker.call(TestMethodWithDataProviderMethodWorker.java:81)
at org.testng.internal.thread.Async$AsyncTask.run(Async.java:34)
at java.base/java.util.concurrent.ThreadPoolExecutor.runWorker(ThreadPoolExecutor.java:1144)
at java.base/java.util.concurrent.ThreadPoolExecutor$Worker.run(ThreadPoolExecutor.java:642)
at java.base/java.lang.Thread.run(Thread.java:1583)
Caused by: com.microsoft.playwright.impl.TargetClosedError: Error {
  message='Target page, context or browser has been closed
  name='TargetClosedError
  stack='TargetClosedError: Target page, context or browser has been closed
    at DispatcherConnection.dispatch (/private/var/folders/1b/cqmvqvbd4sg1xvl1gc93cfyh0000gn/T/playwright-java-4501332805832521530/package/lib/server/dispatchers/dispatcher.js:243:69)
    at transport.onmessage (/private/var/folders/1b/cqmvqvbd4sg1xvl1gc93cfyh0000gn/T/playwright-java-4501332805832521530/package/lib/cli/driver.js:53:59)
    at Immediate._onImmediate (/private/var/folders/1b/cqmvqvbd4sg1xvl1gc93cfyh0000gn/T/playwright-java-4501332805832521530/package/lib/server/utils/pipeTransport.js:76:16)
    at process.processImmediate (node:internal/timers:485:21)
}
at com.microsoft.playwright.impl.Connection.dispatch(Connection.java:259)
at com.microsoft.playwright.impl.Connection.processOneMessage(Connection.java:214)
at com.microsoft.playwright.impl.ChannelOwner.runUntil(ChannelOwner.java:136)
... 17 more
]]>
    </error>
  </testcase> <!-- addMultipleLeads -->
  <testcase classname="playwright.Add100leadForProject" name="addMultipleLeads" time="0.020">
    <error message="Error {
  message=&#039;Target page, context or browser has been closed
  name=&#039;TargetClosedError
  stack=&#039;TargetClosedError: Target page, context or browser has been closed
    at DispatcherConnection.dispatch (/private/var/folders/1b/cqmvqvbd4sg1xvl1gc93cfyh0000gn/T/playwright-java-4501332805832521530/package/lib/server/dispatchers/dispatcher.js:243:69)
    at transport.onmessage (/private/var/folders/1b/cqmvqvbd4sg1xvl1gc93cfyh0000gn/T/playwright-java-4501332805832521530/package/lib/cli/driver.js:53:59)
    at Immediate._onImmediate (/private/var/folders/1b/cqmvqvbd4sg1xvl1gc93cfyh0000gn/T/playwright-java-4501332805832521530/package/lib/server/utils/pipeTransport.js:76:16)
    at process.processImmediate (node:internal/timers:485:21)
}" type="com.microsoft.playwright.impl.TargetClosedError">
      <![CDATA[com.microsoft.playwright.impl.TargetClosedError: Error {
  message='Target page, context or browser has been closed
  name='TargetClosedError
  stack='TargetClosedError: Target page, context or browser has been closed
    at DispatcherConnection.dispatch (/private/var/folders/1b/cqmvqvbd4sg1xvl1gc93cfyh0000gn/T/playwright-java-4501332805832521530/package/lib/server/dispatchers/dispatcher.js:243:69)
    at transport.onmessage (/private/var/folders/1b/cqmvqvbd4sg1xvl1gc93cfyh0000gn/T/playwright-java-4501332805832521530/package/lib/cli/driver.js:53:59)
    at Immediate._onImmediate (/private/var/folders/1b/cqmvqvbd4sg1xvl1gc93cfyh0000gn/T/playwright-java-4501332805832521530/package/lib/server/utils/pipeTransport.js:76:16)
    at process.processImmediate (node:internal/timers:485:21)
}
at com.microsoft.playwright.impl.WaitableResult.get(WaitableResult.java:54)
at com.microsoft.playwright.impl.ChannelOwner.runUntil(ChannelOwner.java:138)
at com.microsoft.playwright.impl.Connection.sendMessage(Connection.java:131)
at com.microsoft.playwright.impl.ChannelOwner.sendMessage(ChannelOwner.java:124)
at com.microsoft.playwright.impl.FrameImpl.clickImpl(FrameImpl.java:241)
at com.microsoft.playwright.impl.PageImpl.click(PageImpl.java:680)
at com.microsoft.playwright.Page.click(Page.java:3931)
at playwright.Add100leadForProject.addLead(Add100leadForProject.java:67)
at playwright.Add100leadForProject.addMultipleLeads(Add100leadForProject.java:111)
at java.base/jdk.internal.reflect.DirectMethodHandleAccessor.invoke(DirectMethodHandleAccessor.java:103)
at java.base/java.lang.reflect.Method.invoke(Method.java:580)
at org.testng.internal.invokers.MethodInvocationHelper.invokeMethod(MethodInvocationHelper.java:141)
at org.testng.internal.invokers.TestInvoker.invokeMethod(TestInvoker.java:687)
at org.testng.internal.invokers.TestInvoker.invokeTestMethod(TestInvoker.java:230)
at org.testng.internal.invokers.TestMethodWithDataProviderMethodWorker.call(TestMethodWithDataProviderMethodWorker.java:81)
at org.testng.internal.thread.Async$AsyncTask.run(Async.java:34)
at java.base/java.util.concurrent.ThreadPoolExecutor.runWorker(ThreadPoolExecutor.java:1144)
at java.base/java.util.concurrent.ThreadPoolExecutor$Worker.run(ThreadPoolExecutor.java:642)
at java.base/java.lang.Thread.run(Thread.java:1583)
Caused by: com.microsoft.playwright.impl.TargetClosedError: Error {
  message='Target page, context or browser has been closed
  name='TargetClosedError
  stack='TargetClosedError: Target page, context or browser has been closed
    at DispatcherConnection.dispatch (/private/var/folders/1b/cqmvqvbd4sg1xvl1gc93cfyh0000gn/T/playwright-java-4501332805832521530/package/lib/server/dispatchers/dispatcher.js:243:69)
    at transport.onmessage (/private/var/folders/1b/cqmvqvbd4sg1xvl1gc93cfyh0000gn/T/playwright-java-4501332805832521530/package/lib/cli/driver.js:53:59)
    at Immediate._onImmediate (/private/var/folders/1b/cqmvqvbd4sg1xvl1gc93cfyh0000gn/T/playwright-java-4501332805832521530/package/lib/server/utils/pipeTransport.js:76:16)
    at process.processImmediate (node:internal/timers:485:21)
}
at com.microsoft.playwright.impl.Connection.dispatch(Connection.java:259)
at com.microsoft.playwright.impl.Connection.processOneMessage(Connection.java:214)
at com.microsoft.playwright.impl.ChannelOwner.runUntil(ChannelOwner.java:136)
... 17 more
]]>
    </error>
  </testcase> <!-- addMultipleLeads -->
  <testcase classname="playwright.Add100leadForProject" name="addMultipleLeads" time="0.006">
    <error message="Error {
  message=&#039;Target page, context or browser has been closed
  name=&#039;TargetClosedError
  stack=&#039;TargetClosedError: Target page, context or browser has been closed
    at DispatcherConnection.dispatch (/private/var/folders/1b/cqmvqvbd4sg1xvl1gc93cfyh0000gn/T/playwright-java-4501332805832521530/package/lib/server/dispatchers/dispatcher.js:243:69)
    at transport.onmessage (/private/var/folders/1b/cqmvqvbd4sg1xvl1gc93cfyh0000gn/T/playwright-java-4501332805832521530/package/lib/cli/driver.js:53:59)
    at Immediate._onImmediate (/private/var/folders/1b/cqmvqvbd4sg1xvl1gc93cfyh0000gn/T/playwright-java-4501332805832521530/package/lib/server/utils/pipeTransport.js:76:16)
    at process.processImmediate (node:internal/timers:485:21)
}" type="com.microsoft.playwright.impl.TargetClosedError">
      <![CDATA[com.microsoft.playwright.impl.TargetClosedError: Error {
  message='Target page, context or browser has been closed
  name='TargetClosedError
  stack='TargetClosedError: Target page, context or browser has been closed
    at DispatcherConnection.dispatch (/private/var/folders/1b/cqmvqvbd4sg1xvl1gc93cfyh0000gn/T/playwright-java-4501332805832521530/package/lib/server/dispatchers/dispatcher.js:243:69)
    at transport.onmessage (/private/var/folders/1b/cqmvqvbd4sg1xvl1gc93cfyh0000gn/T/playwright-java-4501332805832521530/package/lib/cli/driver.js:53:59)
    at Immediate._onImmediate (/private/var/folders/1b/cqmvqvbd4sg1xvl1gc93cfyh0000gn/T/playwright-java-4501332805832521530/package/lib/server/utils/pipeTransport.js:76:16)
    at process.processImmediate (node:internal/timers:485:21)
}
at com.microsoft.playwright.impl.WaitableResult.get(WaitableResult.java:54)
at com.microsoft.playwright.impl.ChannelOwner.runUntil(ChannelOwner.java:138)
at com.microsoft.playwright.impl.Connection.sendMessage(Connection.java:131)
at com.microsoft.playwright.impl.ChannelOwner.sendMessage(ChannelOwner.java:124)
at com.microsoft.playwright.impl.FrameImpl.clickImpl(FrameImpl.java:241)
at com.microsoft.playwright.impl.PageImpl.click(PageImpl.java:680)
at com.microsoft.playwright.Page.click(Page.java:3931)
at playwright.Add100leadForProject.addLead(Add100leadForProject.java:67)
at playwright.Add100leadForProject.addMultipleLeads(Add100leadForProject.java:111)
at java.base/jdk.internal.reflect.DirectMethodHandleAccessor.invoke(DirectMethodHandleAccessor.java:103)
at java.base/java.lang.reflect.Method.invoke(Method.java:580)
at org.testng.internal.invokers.MethodInvocationHelper.invokeMethod(MethodInvocationHelper.java:141)
at org.testng.internal.invokers.TestInvoker.invokeMethod(TestInvoker.java:687)
at org.testng.internal.invokers.TestInvoker.invokeTestMethod(TestInvoker.java:230)
at org.testng.internal.invokers.TestMethodWithDataProviderMethodWorker.call(TestMethodWithDataProviderMethodWorker.java:81)
at org.testng.internal.thread.Async$AsyncTask.run(Async.java:34)
at java.base/java.util.concurrent.ThreadPoolExecutor.runWorker(ThreadPoolExecutor.java:1144)
at java.base/java.util.concurrent.ThreadPoolExecutor$Worker.run(ThreadPoolExecutor.java:642)
at java.base/java.lang.Thread.run(Thread.java:1583)
Caused by: com.microsoft.playwright.impl.TargetClosedError: Error {
  message='Target page, context or browser has been closed
  name='TargetClosedError
  stack='TargetClosedError: Target page, context or browser has been closed
    at DispatcherConnection.dispatch (/private/var/folders/1b/cqmvqvbd4sg1xvl1gc93cfyh0000gn/T/playwright-java-4501332805832521530/package/lib/server/dispatchers/dispatcher.js:243:69)
    at transport.onmessage (/private/var/folders/1b/cqmvqvbd4sg1xvl1gc93cfyh0000gn/T/playwright-java-4501332805832521530/package/lib/cli/driver.js:53:59)
    at Immediate._onImmediate (/private/var/folders/1b/cqmvqvbd4sg1xvl1gc93cfyh0000gn/T/playwright-java-4501332805832521530/package/lib/server/utils/pipeTransport.js:76:16)
    at process.processImmediate (node:internal/timers:485:21)
}
at com.microsoft.playwright.impl.Connection.dispatch(Connection.java:259)
at com.microsoft.playwright.impl.Connection.processOneMessage(Connection.java:214)
at com.microsoft.playwright.impl.ChannelOwner.runUntil(ChannelOwner.java:136)
... 17 more
]]>
    </error>
  </testcase> <!-- addMultipleLeads -->
  <testcase classname="playwright.Add100leadForProject" name="addMultipleLeads" time="0.010">
    <error message="Error {
  message=&#039;Target page, context or browser has been closed
  name=&#039;TargetClosedError
  stack=&#039;TargetClosedError: Target page, context or browser has been closed
    at DispatcherConnection.dispatch (/private/var/folders/1b/cqmvqvbd4sg1xvl1gc93cfyh0000gn/T/playwright-java-4501332805832521530/package/lib/server/dispatchers/dispatcher.js:243:69)
    at transport.onmessage (/private/var/folders/1b/cqmvqvbd4sg1xvl1gc93cfyh0000gn/T/playwright-java-4501332805832521530/package/lib/cli/driver.js:53:59)
    at Immediate._onImmediate (/private/var/folders/1b/cqmvqvbd4sg1xvl1gc93cfyh0000gn/T/playwright-java-4501332805832521530/package/lib/server/utils/pipeTransport.js:76:16)
    at process.processImmediate (node:internal/timers:485:21)
}" type="com.microsoft.playwright.impl.TargetClosedError">
      <![CDATA[com.microsoft.playwright.impl.TargetClosedError: Error {
  message='Target page, context or browser has been closed
  name='TargetClosedError
  stack='TargetClosedError: Target page, context or browser has been closed
    at DispatcherConnection.dispatch (/private/var/folders/1b/cqmvqvbd4sg1xvl1gc93cfyh0000gn/T/playwright-java-4501332805832521530/package/lib/server/dispatchers/dispatcher.js:243:69)
    at transport.onmessage (/private/var/folders/1b/cqmvqvbd4sg1xvl1gc93cfyh0000gn/T/playwright-java-4501332805832521530/package/lib/cli/driver.js:53:59)
    at Immediate._onImmediate (/private/var/folders/1b/cqmvqvbd4sg1xvl1gc93cfyh0000gn/T/playwright-java-4501332805832521530/package/lib/server/utils/pipeTransport.js:76:16)
    at process.processImmediate (node:internal/timers:485:21)
}
at com.microsoft.playwright.impl.WaitableResult.get(WaitableResult.java:54)
at com.microsoft.playwright.impl.ChannelOwner.runUntil(ChannelOwner.java:138)
at com.microsoft.playwright.impl.Connection.sendMessage(Connection.java:131)
at com.microsoft.playwright.impl.ChannelOwner.sendMessage(ChannelOwner.java:124)
at com.microsoft.playwright.impl.FrameImpl.clickImpl(FrameImpl.java:241)
at com.microsoft.playwright.impl.PageImpl.click(PageImpl.java:680)
at com.microsoft.playwright.Page.click(Page.java:3931)
at playwright.Add100leadForProject.addLead(Add100leadForProject.java:67)
at playwright.Add100leadForProject.addMultipleLeads(Add100leadForProject.java:111)
at java.base/jdk.internal.reflect.DirectMethodHandleAccessor.invoke(DirectMethodHandleAccessor.java:103)
at java.base/java.lang.reflect.Method.invoke(Method.java:580)
at org.testng.internal.invokers.MethodInvocationHelper.invokeMethod(MethodInvocationHelper.java:141)
at org.testng.internal.invokers.TestInvoker.invokeMethod(TestInvoker.java:687)
at org.testng.internal.invokers.TestInvoker.invokeTestMethod(TestInvoker.java:230)
at org.testng.internal.invokers.TestMethodWithDataProviderMethodWorker.call(TestMethodWithDataProviderMethodWorker.java:81)
at org.testng.internal.thread.Async$AsyncTask.run(Async.java:34)
at java.base/java.util.concurrent.ThreadPoolExecutor.runWorker(ThreadPoolExecutor.java:1144)
at java.base/java.util.concurrent.ThreadPoolExecutor$Worker.run(ThreadPoolExecutor.java:642)
at java.base/java.lang.Thread.run(Thread.java:1583)
Caused by: com.microsoft.playwright.impl.TargetClosedError: Error {
  message='Target page, context or browser has been closed
  name='TargetClosedError
  stack='TargetClosedError: Target page, context or browser has been closed
    at DispatcherConnection.dispatch (/private/var/folders/1b/cqmvqvbd4sg1xvl1gc93cfyh0000gn/T/playwright-java-4501332805832521530/package/lib/server/dispatchers/dispatcher.js:243:69)
    at transport.onmessage (/private/var/folders/1b/cqmvqvbd4sg1xvl1gc93cfyh0000gn/T/playwright-java-4501332805832521530/package/lib/cli/driver.js:53:59)
    at Immediate._onImmediate (/private/var/folders/1b/cqmvqvbd4sg1xvl1gc93cfyh0000gn/T/playwright-java-4501332805832521530/package/lib/server/utils/pipeTransport.js:76:16)
    at process.processImmediate (node:internal/timers:485:21)
}
at com.microsoft.playwright.impl.Connection.dispatch(Connection.java:259)
at com.microsoft.playwright.impl.Connection.processOneMessage(Connection.java:214)
at com.microsoft.playwright.impl.ChannelOwner.runUntil(ChannelOwner.java:136)
... 17 more
]]>
    </error>
  </testcase> <!-- addMultipleLeads -->
  <testcase classname="playwright.Add100leadForProject" name="addMultipleLeads" time="0.019">
    <error message="Error {
  message=&#039;Target page, context or browser has been closed
  name=&#039;TargetClosedError
  stack=&#039;TargetClosedError: Target page, context or browser has been closed
    at DispatcherConnection.dispatch (/private/var/folders/1b/cqmvqvbd4sg1xvl1gc93cfyh0000gn/T/playwright-java-4501332805832521530/package/lib/server/dispatchers/dispatcher.js:243:69)
    at transport.onmessage (/private/var/folders/1b/cqmvqvbd4sg1xvl1gc93cfyh0000gn/T/playwright-java-4501332805832521530/package/lib/cli/driver.js:53:59)
    at Immediate._onImmediate (/private/var/folders/1b/cqmvqvbd4sg1xvl1gc93cfyh0000gn/T/playwright-java-4501332805832521530/package/lib/server/utils/pipeTransport.js:76:16)
    at process.processImmediate (node:internal/timers:485:21)
}" type="com.microsoft.playwright.impl.TargetClosedError">
      <![CDATA[com.microsoft.playwright.impl.TargetClosedError: Error {
  message='Target page, context or browser has been closed
  name='TargetClosedError
  stack='TargetClosedError: Target page, context or browser has been closed
    at DispatcherConnection.dispatch (/private/var/folders/1b/cqmvqvbd4sg1xvl1gc93cfyh0000gn/T/playwright-java-4501332805832521530/package/lib/server/dispatchers/dispatcher.js:243:69)
    at transport.onmessage (/private/var/folders/1b/cqmvqvbd4sg1xvl1gc93cfyh0000gn/T/playwright-java-4501332805832521530/package/lib/cli/driver.js:53:59)
    at Immediate._onImmediate (/private/var/folders/1b/cqmvqvbd4sg1xvl1gc93cfyh0000gn/T/playwright-java-4501332805832521530/package/lib/server/utils/pipeTransport.js:76:16)
    at process.processImmediate (node:internal/timers:485:21)
}
at com.microsoft.playwright.impl.WaitableResult.get(WaitableResult.java:54)
at com.microsoft.playwright.impl.ChannelOwner.runUntil(ChannelOwner.java:138)
at com.microsoft.playwright.impl.Connection.sendMessage(Connection.java:131)
at com.microsoft.playwright.impl.ChannelOwner.sendMessage(ChannelOwner.java:124)
at com.microsoft.playwright.impl.FrameImpl.clickImpl(FrameImpl.java:241)
at com.microsoft.playwright.impl.PageImpl.click(PageImpl.java:680)
at com.microsoft.playwright.Page.click(Page.java:3931)
at playwright.Add100leadForProject.addLead(Add100leadForProject.java:67)
at playwright.Add100leadForProject.addMultipleLeads(Add100leadForProject.java:111)
at java.base/jdk.internal.reflect.DirectMethodHandleAccessor.invoke(DirectMethodHandleAccessor.java:103)
at java.base/java.lang.reflect.Method.invoke(Method.java:580)
at org.testng.internal.invokers.MethodInvocationHelper.invokeMethod(MethodInvocationHelper.java:141)
at org.testng.internal.invokers.TestInvoker.invokeMethod(TestInvoker.java:687)
at org.testng.internal.invokers.TestInvoker.invokeTestMethod(TestInvoker.java:230)
at org.testng.internal.invokers.TestMethodWithDataProviderMethodWorker.call(TestMethodWithDataProviderMethodWorker.java:81)
at org.testng.internal.thread.Async$AsyncTask.run(Async.java:34)
at java.base/java.util.concurrent.ThreadPoolExecutor.runWorker(ThreadPoolExecutor.java:1144)
at java.base/java.util.concurrent.ThreadPoolExecutor$Worker.run(ThreadPoolExecutor.java:642)
at java.base/java.lang.Thread.run(Thread.java:1583)
Caused by: com.microsoft.playwright.impl.TargetClosedError: Error {
  message='Target page, context or browser has been closed
  name='TargetClosedError
  stack='TargetClosedError: Target page, context or browser has been closed
    at DispatcherConnection.dispatch (/private/var/folders/1b/cqmvqvbd4sg1xvl1gc93cfyh0000gn/T/playwright-java-4501332805832521530/package/lib/server/dispatchers/dispatcher.js:243:69)
    at transport.onmessage (/private/var/folders/1b/cqmvqvbd4sg1xvl1gc93cfyh0000gn/T/playwright-java-4501332805832521530/package/lib/cli/driver.js:53:59)
    at Immediate._onImmediate (/private/var/folders/1b/cqmvqvbd4sg1xvl1gc93cfyh0000gn/T/playwright-java-4501332805832521530/package/lib/server/utils/pipeTransport.js:76:16)
    at process.processImmediate (node:internal/timers:485:21)
}
at com.microsoft.playwright.impl.Connection.dispatch(Connection.java:259)
at com.microsoft.playwright.impl.Connection.processOneMessage(Connection.java:214)
at com.microsoft.playwright.impl.ChannelOwner.runUntil(ChannelOwner.java:136)
... 17 more
]]>
    </error>
  </testcase> <!-- addMultipleLeads -->
  <testcase classname="playwright.Add100leadForProject" name="addMultipleLeads" time="0.010">
    <error message="Error {
  message=&#039;Target page, context or browser has been closed
  name=&#039;TargetClosedError
  stack=&#039;TargetClosedError: Target page, context or browser has been closed
    at DispatcherConnection.dispatch (/private/var/folders/1b/cqmvqvbd4sg1xvl1gc93cfyh0000gn/T/playwright-java-4501332805832521530/package/lib/server/dispatchers/dispatcher.js:243:69)
    at transport.onmessage (/private/var/folders/1b/cqmvqvbd4sg1xvl1gc93cfyh0000gn/T/playwright-java-4501332805832521530/package/lib/cli/driver.js:53:59)
    at Immediate._onImmediate (/private/var/folders/1b/cqmvqvbd4sg1xvl1gc93cfyh0000gn/T/playwright-java-4501332805832521530/package/lib/server/utils/pipeTransport.js:76:16)
    at process.processImmediate (node:internal/timers:485:21)
}" type="com.microsoft.playwright.impl.TargetClosedError">
      <![CDATA[com.microsoft.playwright.impl.TargetClosedError: Error {
  message='Target page, context or browser has been closed
  name='TargetClosedError
  stack='TargetClosedError: Target page, context or browser has been closed
    at DispatcherConnection.dispatch (/private/var/folders/1b/cqmvqvbd4sg1xvl1gc93cfyh0000gn/T/playwright-java-4501332805832521530/package/lib/server/dispatchers/dispatcher.js:243:69)
    at transport.onmessage (/private/var/folders/1b/cqmvqvbd4sg1xvl1gc93cfyh0000gn/T/playwright-java-4501332805832521530/package/lib/cli/driver.js:53:59)
    at Immediate._onImmediate (/private/var/folders/1b/cqmvqvbd4sg1xvl1gc93cfyh0000gn/T/playwright-java-4501332805832521530/package/lib/server/utils/pipeTransport.js:76:16)
    at process.processImmediate (node:internal/timers:485:21)
}
at com.microsoft.playwright.impl.WaitableResult.get(WaitableResult.java:54)
at com.microsoft.playwright.impl.ChannelOwner.runUntil(ChannelOwner.java:138)
at com.microsoft.playwright.impl.Connection.sendMessage(Connection.java:131)
at com.microsoft.playwright.impl.ChannelOwner.sendMessage(ChannelOwner.java:124)
at com.microsoft.playwright.impl.FrameImpl.clickImpl(FrameImpl.java:241)
at com.microsoft.playwright.impl.PageImpl.click(PageImpl.java:680)
at com.microsoft.playwright.Page.click(Page.java:3931)
at playwright.Add100leadForProject.addLead(Add100leadForProject.java:67)
at playwright.Add100leadForProject.addMultipleLeads(Add100leadForProject.java:111)
at java.base/jdk.internal.reflect.DirectMethodHandleAccessor.invoke(DirectMethodHandleAccessor.java:103)
at java.base/java.lang.reflect.Method.invoke(Method.java:580)
at org.testng.internal.invokers.MethodInvocationHelper.invokeMethod(MethodInvocationHelper.java:141)
at org.testng.internal.invokers.TestInvoker.invokeMethod(TestInvoker.java:687)
at org.testng.internal.invokers.TestInvoker.invokeTestMethod(TestInvoker.java:230)
at org.testng.internal.invokers.TestMethodWithDataProviderMethodWorker.call(TestMethodWithDataProviderMethodWorker.java:81)
at org.testng.internal.thread.Async$AsyncTask.run(Async.java:34)
at java.base/java.util.concurrent.ThreadPoolExecutor.runWorker(ThreadPoolExecutor.java:1144)
at java.base/java.util.concurrent.ThreadPoolExecutor$Worker.run(ThreadPoolExecutor.java:642)
at java.base/java.lang.Thread.run(Thread.java:1583)
Caused by: com.microsoft.playwright.impl.TargetClosedError: Error {
  message='Target page, context or browser has been closed
  name='TargetClosedError
  stack='TargetClosedError: Target page, context or browser has been closed
    at DispatcherConnection.dispatch (/private/var/folders/1b/cqmvqvbd4sg1xvl1gc93cfyh0000gn/T/playwright-java-4501332805832521530/package/lib/server/dispatchers/dispatcher.js:243:69)
    at transport.onmessage (/private/var/folders/1b/cqmvqvbd4sg1xvl1gc93cfyh0000gn/T/playwright-java-4501332805832521530/package/lib/cli/driver.js:53:59)
    at Immediate._onImmediate (/private/var/folders/1b/cqmvqvbd4sg1xvl1gc93cfyh0000gn/T/playwright-java-4501332805832521530/package/lib/server/utils/pipeTransport.js:76:16)
    at process.processImmediate (node:internal/timers:485:21)
}
at com.microsoft.playwright.impl.Connection.dispatch(Connection.java:259)
at com.microsoft.playwright.impl.Connection.processOneMessage(Connection.java:214)
at com.microsoft.playwright.impl.ChannelOwner.runUntil(ChannelOwner.java:136)
... 17 more
]]>
    </error>
  </testcase> <!-- addMultipleLeads -->
  <testcase classname="playwright.Add100leadForProject" name="addMultipleLeads" time="0.016">
    <error message="Error {
  message=&#039;Target page, context or browser has been closed
  name=&#039;TargetClosedError
  stack=&#039;TargetClosedError: Target page, context or browser has been closed
    at DispatcherConnection.dispatch (/private/var/folders/1b/cqmvqvbd4sg1xvl1gc93cfyh0000gn/T/playwright-java-4501332805832521530/package/lib/server/dispatchers/dispatcher.js:243:69)
    at transport.onmessage (/private/var/folders/1b/cqmvqvbd4sg1xvl1gc93cfyh0000gn/T/playwright-java-4501332805832521530/package/lib/cli/driver.js:53:59)
    at Immediate._onImmediate (/private/var/folders/1b/cqmvqvbd4sg1xvl1gc93cfyh0000gn/T/playwright-java-4501332805832521530/package/lib/server/utils/pipeTransport.js:76:16)
    at process.processImmediate (node:internal/timers:485:21)
}" type="com.microsoft.playwright.impl.TargetClosedError">
      <![CDATA[com.microsoft.playwright.impl.TargetClosedError: Error {
  message='Target page, context or browser has been closed
  name='TargetClosedError
  stack='TargetClosedError: Target page, context or browser has been closed
    at DispatcherConnection.dispatch (/private/var/folders/1b/cqmvqvbd4sg1xvl1gc93cfyh0000gn/T/playwright-java-4501332805832521530/package/lib/server/dispatchers/dispatcher.js:243:69)
    at transport.onmessage (/private/var/folders/1b/cqmvqvbd4sg1xvl1gc93cfyh0000gn/T/playwright-java-4501332805832521530/package/lib/cli/driver.js:53:59)
    at Immediate._onImmediate (/private/var/folders/1b/cqmvqvbd4sg1xvl1gc93cfyh0000gn/T/playwright-java-4501332805832521530/package/lib/server/utils/pipeTransport.js:76:16)
    at process.processImmediate (node:internal/timers:485:21)
}
at com.microsoft.playwright.impl.WaitableResult.get(WaitableResult.java:54)
at com.microsoft.playwright.impl.ChannelOwner.runUntil(ChannelOwner.java:138)
at com.microsoft.playwright.impl.Connection.sendMessage(Connection.java:131)
at com.microsoft.playwright.impl.ChannelOwner.sendMessage(ChannelOwner.java:124)
at com.microsoft.playwright.impl.FrameImpl.clickImpl(FrameImpl.java:241)
at com.microsoft.playwright.impl.PageImpl.click(PageImpl.java:680)
at com.microsoft.playwright.Page.click(Page.java:3931)
at playwright.Add100leadForProject.addLead(Add100leadForProject.java:67)
at playwright.Add100leadForProject.addMultipleLeads(Add100leadForProject.java:111)
at java.base/jdk.internal.reflect.DirectMethodHandleAccessor.invoke(DirectMethodHandleAccessor.java:103)
at java.base/java.lang.reflect.Method.invoke(Method.java:580)
at org.testng.internal.invokers.MethodInvocationHelper.invokeMethod(MethodInvocationHelper.java:141)
at org.testng.internal.invokers.TestInvoker.invokeMethod(TestInvoker.java:687)
at org.testng.internal.invokers.TestInvoker.invokeTestMethod(TestInvoker.java:230)
at org.testng.internal.invokers.TestMethodWithDataProviderMethodWorker.call(TestMethodWithDataProviderMethodWorker.java:81)
at org.testng.internal.thread.Async$AsyncTask.run(Async.java:34)
at java.base/java.util.concurrent.ThreadPoolExecutor.runWorker(ThreadPoolExecutor.java:1144)
at java.base/java.util.concurrent.ThreadPoolExecutor$Worker.run(ThreadPoolExecutor.java:642)
at java.base/java.lang.Thread.run(Thread.java:1583)
Caused by: com.microsoft.playwright.impl.TargetClosedError: Error {
  message='Target page, context or browser has been closed
  name='TargetClosedError
  stack='TargetClosedError: Target page, context or browser has been closed
    at DispatcherConnection.dispatch (/private/var/folders/1b/cqmvqvbd4sg1xvl1gc93cfyh0000gn/T/playwright-java-4501332805832521530/package/lib/server/dispatchers/dispatcher.js:243:69)
    at transport.onmessage (/private/var/folders/1b/cqmvqvbd4sg1xvl1gc93cfyh0000gn/T/playwright-java-4501332805832521530/package/lib/cli/driver.js:53:59)
    at Immediate._onImmediate (/private/var/folders/1b/cqmvqvbd4sg1xvl1gc93cfyh0000gn/T/playwright-java-4501332805832521530/package/lib/server/utils/pipeTransport.js:76:16)
    at process.processImmediate (node:internal/timers:485:21)
}
at com.microsoft.playwright.impl.Connection.dispatch(Connection.java:259)
at com.microsoft.playwright.impl.Connection.processOneMessage(Connection.java:214)
at com.microsoft.playwright.impl.ChannelOwner.runUntil(ChannelOwner.java:136)
... 17 more
]]>
    </error>
  </testcase> <!-- addMultipleLeads -->
  <testcase classname="playwright.Add100leadForProject" name="addMultipleLeads" time="15.901">
    <error message="Error {
  message=&#039;Target page, context or browser has been closed
  name=&#039;TargetClosedError
  stack=&#039;TargetClosedError:Target page, context or browser has been closed
Error
    at captureRawStack (/private/var/folders/1b/cqmvqvbd4sg1xvl1gc93cfyh0000gn/T/playwright-java-4501332805832521530/package/lib/utils/isomorphic/stackTrace.js:32:17)
    at LongStandingScope._race (/private/var/folders/1b/cqmvqvbd4sg1xvl1gc93cfyh0000gn/T/playwright-java-4501332805832521530/package/lib/utils/isomorphic/manualPromise.js:87:58)
    at LongStandingScope.race (/private/var/folders/1b/cqmvqvbd4sg1xvl1gc93cfyh0000gn/T/playwright-java-4501332805832521530/package/lib/utils/isomorphic/manualPromise.js:80:17)
    at /private/var/folders/1b/cqmvqvbd4sg1xvl1gc93cfyh0000gn/T/playwright-java-4501332805832521530/package/lib/utils/isomorphic/manualPromise.js:77:45
    at Array.map (&lt;anonymous&gt;)
    at LongStandingScope.raceMultiple (/private/var/folders/1b/cqmvqvbd4sg1xvl1gc93cfyh0000gn/T/playwright-java-4501332805832521530/package/lib/utils/isomorphic/manualPromise.js:77:32)
    at Frame.retryWithProgressAndTimeouts (/private/var/folders/1b/cqmvqvbd4sg1xvl1gc93cfyh0000gn/T/playwright-java-4501332805832521530/package/lib/server/frames.js:877:46)
    at runNextTicks (node:internal/process/task_queues:65:5)
    at process.processImmediate (node:internal/timers:453:9)
    at async /private/var/folders/1b/cqmvqvbd4sg1xvl1gc93cfyh0000gn/T/playwright-java-4501332805832521530/package/lib/server/frames.js:960:29
    at async ProgressController.run (/private/var/folders/1b/cqmvqvbd4sg1xvl1gc93cfyh0000gn/T/playwright-java-4501332805832521530/package/lib/server/progress.js:80:22)
    at async FrameDispatcher.click (/private/var/folders/1b/cqmvqvbd4sg1xvl1gc93cfyh0000gn/T/playwright-java-4501332805832521530/package/lib/server/dispatchers/frameDispatcher.js:117:12)
    at async LongStandingScope._race (/private/var/folders/1b/cqmvqvbd4sg1xvl1gc93cfyh0000gn/T/playwright-java-4501332805832521530/package/lib/utils/isomorphic/manualPromise.js:94:14)
    at async FrameDispatcher._handleCommand (/private/var/folders/1b/cqmvqvbd4sg1xvl1gc93cfyh0000gn/T/playwright-java-4501332805832521530/package/lib/server/dispatchers/dispatcher.js:90:14)
    at async DispatcherConnection.dispatch (/private/var/folders/1b/cqmvqvbd4sg1xvl1gc93cfyh0000gn/T/playwright-java-4501332805832521530/package/lib/server/dispatchers/dispatcher.js:309:22)
}
Call log:
-   - waiting for locator(&quot;xpath=(//p[@data-size=&#039;sm&#039;])[4]&quot;)
" type="com.microsoft.playwright.impl.TargetClosedError">
      <![CDATA[com.microsoft.playwright.impl.TargetClosedError: Error {
  message='Target page, context or browser has been closed
  name='TargetClosedError
  stack='TargetClosedError:Target page, context or browser has been closed
Error
    at captureRawStack (/private/var/folders/1b/cqmvqvbd4sg1xvl1gc93cfyh0000gn/T/playwright-java-4501332805832521530/package/lib/utils/isomorphic/stackTrace.js:32:17)
    at LongStandingScope._race (/private/var/folders/1b/cqmvqvbd4sg1xvl1gc93cfyh0000gn/T/playwright-java-4501332805832521530/package/lib/utils/isomorphic/manualPromise.js:87:58)
    at LongStandingScope.race (/private/var/folders/1b/cqmvqvbd4sg1xvl1gc93cfyh0000gn/T/playwright-java-4501332805832521530/package/lib/utils/isomorphic/manualPromise.js:80:17)
    at /private/var/folders/1b/cqmvqvbd4sg1xvl1gc93cfyh0000gn/T/playwright-java-4501332805832521530/package/lib/utils/isomorphic/manualPromise.js:77:45
    at Array.map (<anonymous>)
    at LongStandingScope.raceMultiple (/private/var/folders/1b/cqmvqvbd4sg1xvl1gc93cfyh0000gn/T/playwright-java-4501332805832521530/package/lib/utils/isomorphic/manualPromise.js:77:32)
    at Frame.retryWithProgressAndTimeouts (/private/var/folders/1b/cqmvqvbd4sg1xvl1gc93cfyh0000gn/T/playwright-java-4501332805832521530/package/lib/server/frames.js:877:46)
    at runNextTicks (node:internal/process/task_queues:65:5)
    at process.processImmediate (node:internal/timers:453:9)
    at async /private/var/folders/1b/cqmvqvbd4sg1xvl1gc93cfyh0000gn/T/playwright-java-4501332805832521530/package/lib/server/frames.js:960:29
    at async ProgressController.run (/private/var/folders/1b/cqmvqvbd4sg1xvl1gc93cfyh0000gn/T/playwright-java-4501332805832521530/package/lib/server/progress.js:80:22)
    at async FrameDispatcher.click (/private/var/folders/1b/cqmvqvbd4sg1xvl1gc93cfyh0000gn/T/playwright-java-4501332805832521530/package/lib/server/dispatchers/frameDispatcher.js:117:12)
    at async LongStandingScope._race (/private/var/folders/1b/cqmvqvbd4sg1xvl1gc93cfyh0000gn/T/playwright-java-4501332805832521530/package/lib/utils/isomorphic/manualPromise.js:94:14)
    at async FrameDispatcher._handleCommand (/private/var/folders/1b/cqmvqvbd4sg1xvl1gc93cfyh0000gn/T/playwright-java-4501332805832521530/package/lib/server/dispatchers/dispatcher.js:90:14)
    at async DispatcherConnection.dispatch (/private/var/folders/1b/cqmvqvbd4sg1xvl1gc93cfyh0000gn/T/playwright-java-4501332805832521530/package/lib/server/dispatchers/dispatcher.js:309:22)
}
Call log:
-   - waiting for locator("xpath=(//p[@data-size='sm'])[4]")

at com.microsoft.playwright.impl.WaitableResult.get(WaitableResult.java:54)
at com.microsoft.playwright.impl.ChannelOwner.runUntil(ChannelOwner.java:138)
at com.microsoft.playwright.impl.Connection.sendMessage(Connection.java:131)
at com.microsoft.playwright.impl.ChannelOwner.sendMessage(ChannelOwner.java:124)
at com.microsoft.playwright.impl.FrameImpl.clickImpl(FrameImpl.java:241)
at com.microsoft.playwright.impl.PageImpl.click(PageImpl.java:680)
at com.microsoft.playwright.Page.click(Page.java:3931)
at playwright.Add100leadForProject.addLead(Add100leadForProject.java:67)
at playwright.Add100leadForProject.addMultipleLeads(Add100leadForProject.java:111)
at java.base/jdk.internal.reflect.DirectMethodHandleAccessor.invoke(DirectMethodHandleAccessor.java:103)
at java.base/java.lang.reflect.Method.invoke(Method.java:580)
at org.testng.internal.invokers.MethodInvocationHelper.invokeMethod(MethodInvocationHelper.java:141)
at org.testng.internal.invokers.TestInvoker.invokeMethod(TestInvoker.java:687)
at org.testng.internal.invokers.TestInvoker.invokeTestMethod(TestInvoker.java:230)
at org.testng.internal.invokers.TestMethodWithDataProviderMethodWorker.call(TestMethodWithDataProviderMethodWorker.java:81)
at org.testng.internal.thread.Async$AsyncTask.run(Async.java:34)
at java.base/java.util.concurrent.ThreadPoolExecutor.runWorker(ThreadPoolExecutor.java:1144)
at java.base/java.util.concurrent.ThreadPoolExecutor$Worker.run(ThreadPoolExecutor.java:642)
at java.base/java.lang.Thread.run(Thread.java:1583)
Caused by: com.microsoft.playwright.impl.TargetClosedError: Error {
  message='Target page, context or browser has been closed
  name='TargetClosedError
  stack='TargetClosedError:Target page, context or browser has been closed
Error
    at captureRawStack (/private/var/folders/1b/cqmvqvbd4sg1xvl1gc93cfyh0000gn/T/playwright-java-4501332805832521530/package/lib/utils/isomorphic/stackTrace.js:32:17)
    at LongStandingScope._race (/private/var/folders/1b/cqmvqvbd4sg1xvl1gc93cfyh0000gn/T/playwright-java-4501332805832521530/package/lib/utils/isomorphic/manualPromise.js:87:58)
    at LongStandingScope.race (/private/var/folders/1b/cqmvqvbd4sg1xvl1gc93cfyh0000gn/T/playwright-java-4501332805832521530/package/lib/utils/isomorphic/manualPromise.js:80:17)
    at /private/var/folders/1b/cqmvqvbd4sg1xvl1gc93cfyh0000gn/T/playwright-java-4501332805832521530/package/lib/utils/isomorphic/manualPromise.js:77:45
    at Array.map (<anonymous>)
    at LongStandingScope.raceMultiple (/private/var/folders/1b/cqmvqvbd4sg1xvl1gc93cfyh0000gn/T/playwright-java-4501332805832521530/package/lib/utils/isomorphic/manualPromise.js:77:32)
    at Frame.retryWithProgressAndTimeouts (/private/var/folders/1b/cqmvqvbd4sg1xvl1gc93cfyh0000gn/T/playwright-java-4501332805832521530/package/lib/server/frames.js:877:46)
    at runNextTicks (node:internal/process/task_queues:65:5)
    at process.processImmediate (node:internal/timers:453:9)
    at async /private/var/folders/1b/cqmvqvbd4sg1xvl1gc93cfyh0000gn/T/playwright-java-4501332805832521530/package/lib/server/frames.js:960:29
    at async ProgressController.run (/private/var/folders/1b/cqmvqvbd4sg1xvl1gc93cfyh0000gn/T/playwright-java-4501332805832521530/package/lib/server/progress.js:80:22)
    at async FrameDispatcher.click (/private/var/folders/1b/cqmvqvbd4sg1xvl1gc93cfyh0000gn/T/playwright-java-4501332805832521530/package/lib/server/dispatchers/frameDispatcher.js:117:12)
    at async LongStandingScope._race (/private/var/folders/1b/cqmvqvbd4sg1xvl1gc93cfyh0000gn/T/playwright-java-4501332805832521530/package/lib/utils/isomorphic/manualPromise.js:94:14)
    at async FrameDispatcher._handleCommand (/private/var/folders/1b/cqmvqvbd4sg1xvl1gc93cfyh0000gn/T/playwright-java-4501332805832521530/package/lib/server/dispatchers/dispatcher.js:90:14)
    at async DispatcherConnection.dispatch (/private/var/folders/1b/cqmvqvbd4sg1xvl1gc93cfyh0000gn/T/playwright-java-4501332805832521530/package/lib/server/dispatchers/dispatcher.js:309:22)
}
Call log:
-   - waiting for locator("xpath=(//p[@data-size='sm'])[4]")

at com.microsoft.playwright.impl.Connection.dispatch(Connection.java:259)
at com.microsoft.playwright.impl.Connection.processOneMessage(Connection.java:214)
at com.microsoft.playwright.impl.ChannelOwner.runUntil(ChannelOwner.java:136)
... 17 more
]]>
    </error>
  </testcase> <!-- addMultipleLeads -->
  <testcase classname="playwright.Add100leadForProject" name="addMultipleLeads" time="0.013">
    <error message="Error {
  message=&#039;Target page, context or browser has been closed
  name=&#039;TargetClosedError
  stack=&#039;TargetClosedError: Target page, context or browser has been closed
    at DispatcherConnection.dispatch (/private/var/folders/1b/cqmvqvbd4sg1xvl1gc93cfyh0000gn/T/playwright-java-4501332805832521530/package/lib/server/dispatchers/dispatcher.js:243:69)
    at transport.onmessage (/private/var/folders/1b/cqmvqvbd4sg1xvl1gc93cfyh0000gn/T/playwright-java-4501332805832521530/package/lib/cli/driver.js:53:59)
    at Immediate._onImmediate (/private/var/folders/1b/cqmvqvbd4sg1xvl1gc93cfyh0000gn/T/playwright-java-4501332805832521530/package/lib/server/utils/pipeTransport.js:76:16)
    at process.processImmediate (node:internal/timers:485:21)
}" type="com.microsoft.playwright.impl.TargetClosedError">
      <![CDATA[com.microsoft.playwright.impl.TargetClosedError: Error {
  message='Target page, context or browser has been closed
  name='TargetClosedError
  stack='TargetClosedError: Target page, context or browser has been closed
    at DispatcherConnection.dispatch (/private/var/folders/1b/cqmvqvbd4sg1xvl1gc93cfyh0000gn/T/playwright-java-4501332805832521530/package/lib/server/dispatchers/dispatcher.js:243:69)
    at transport.onmessage (/private/var/folders/1b/cqmvqvbd4sg1xvl1gc93cfyh0000gn/T/playwright-java-4501332805832521530/package/lib/cli/driver.js:53:59)
    at Immediate._onImmediate (/private/var/folders/1b/cqmvqvbd4sg1xvl1gc93cfyh0000gn/T/playwright-java-4501332805832521530/package/lib/server/utils/pipeTransport.js:76:16)
    at process.processImmediate (node:internal/timers:485:21)
}
at com.microsoft.playwright.impl.WaitableResult.get(WaitableResult.java:54)
at com.microsoft.playwright.impl.ChannelOwner.runUntil(ChannelOwner.java:138)
at com.microsoft.playwright.impl.Connection.sendMessage(Connection.java:131)
at com.microsoft.playwright.impl.ChannelOwner.sendMessage(ChannelOwner.java:124)
at com.microsoft.playwright.impl.FrameImpl.clickImpl(FrameImpl.java:241)
at com.microsoft.playwright.impl.PageImpl.click(PageImpl.java:680)
at com.microsoft.playwright.Page.click(Page.java:3931)
at playwright.Add100leadForProject.addLead(Add100leadForProject.java:67)
at playwright.Add100leadForProject.addMultipleLeads(Add100leadForProject.java:111)
at java.base/jdk.internal.reflect.DirectMethodHandleAccessor.invoke(DirectMethodHandleAccessor.java:103)
at java.base/java.lang.reflect.Method.invoke(Method.java:580)
at org.testng.internal.invokers.MethodInvocationHelper.invokeMethod(MethodInvocationHelper.java:141)
at org.testng.internal.invokers.TestInvoker.invokeMethod(TestInvoker.java:687)
at org.testng.internal.invokers.TestInvoker.invokeTestMethod(TestInvoker.java:230)
at org.testng.internal.invokers.TestMethodWithDataProviderMethodWorker.call(TestMethodWithDataProviderMethodWorker.java:81)
at org.testng.internal.thread.Async$AsyncTask.run(Async.java:34)
at java.base/java.util.concurrent.ThreadPoolExecutor.runWorker(ThreadPoolExecutor.java:1144)
at java.base/java.util.concurrent.ThreadPoolExecutor$Worker.run(ThreadPoolExecutor.java:642)
at java.base/java.lang.Thread.run(Thread.java:1583)
Caused by: com.microsoft.playwright.impl.TargetClosedError: Error {
  message='Target page, context or browser has been closed
  name='TargetClosedError
  stack='TargetClosedError: Target page, context or browser has been closed
    at DispatcherConnection.dispatch (/private/var/folders/1b/cqmvqvbd4sg1xvl1gc93cfyh0000gn/T/playwright-java-4501332805832521530/package/lib/server/dispatchers/dispatcher.js:243:69)
    at transport.onmessage (/private/var/folders/1b/cqmvqvbd4sg1xvl1gc93cfyh0000gn/T/playwright-java-4501332805832521530/package/lib/cli/driver.js:53:59)
    at Immediate._onImmediate (/private/var/folders/1b/cqmvqvbd4sg1xvl1gc93cfyh0000gn/T/playwright-java-4501332805832521530/package/lib/server/utils/pipeTransport.js:76:16)
    at process.processImmediate (node:internal/timers:485:21)
}
at com.microsoft.playwright.impl.Connection.dispatch(Connection.java:259)
at com.microsoft.playwright.impl.Connection.processOneMessage(Connection.java:214)
at com.microsoft.playwright.impl.ChannelOwner.runUntil(ChannelOwner.java:136)
... 17 more
]]>
    </error>
  </testcase> <!-- addMultipleLeads -->
  <testcase classname="playwright.Add100leadForProject" name="addMultipleLeads" time="0.021">
    <error message="Error {
  message=&#039;Target page, context or browser has been closed
  name=&#039;TargetClosedError
  stack=&#039;TargetClosedError: Target page, context or browser has been closed
    at DispatcherConnection.dispatch (/private/var/folders/1b/cqmvqvbd4sg1xvl1gc93cfyh0000gn/T/playwright-java-4501332805832521530/package/lib/server/dispatchers/dispatcher.js:243:69)
    at transport.onmessage (/private/var/folders/1b/cqmvqvbd4sg1xvl1gc93cfyh0000gn/T/playwright-java-4501332805832521530/package/lib/cli/driver.js:53:59)
    at Immediate._onImmediate (/private/var/folders/1b/cqmvqvbd4sg1xvl1gc93cfyh0000gn/T/playwright-java-4501332805832521530/package/lib/server/utils/pipeTransport.js:76:16)
    at process.processImmediate (node:internal/timers:485:21)
}" type="com.microsoft.playwright.impl.TargetClosedError">
      <![CDATA[com.microsoft.playwright.impl.TargetClosedError: Error {
  message='Target page, context or browser has been closed
  name='TargetClosedError
  stack='TargetClosedError: Target page, context or browser has been closed
    at DispatcherConnection.dispatch (/private/var/folders/1b/cqmvqvbd4sg1xvl1gc93cfyh0000gn/T/playwright-java-4501332805832521530/package/lib/server/dispatchers/dispatcher.js:243:69)
    at transport.onmessage (/private/var/folders/1b/cqmvqvbd4sg1xvl1gc93cfyh0000gn/T/playwright-java-4501332805832521530/package/lib/cli/driver.js:53:59)
    at Immediate._onImmediate (/private/var/folders/1b/cqmvqvbd4sg1xvl1gc93cfyh0000gn/T/playwright-java-4501332805832521530/package/lib/server/utils/pipeTransport.js:76:16)
    at process.processImmediate (node:internal/timers:485:21)
}
at com.microsoft.playwright.impl.WaitableResult.get(WaitableResult.java:54)
at com.microsoft.playwright.impl.ChannelOwner.runUntil(ChannelOwner.java:138)
at com.microsoft.playwright.impl.Connection.sendMessage(Connection.java:131)
at com.microsoft.playwright.impl.ChannelOwner.sendMessage(ChannelOwner.java:124)
at com.microsoft.playwright.impl.FrameImpl.clickImpl(FrameImpl.java:241)
at com.microsoft.playwright.impl.PageImpl.click(PageImpl.java:680)
at com.microsoft.playwright.Page.click(Page.java:3931)
at playwright.Add100leadForProject.addLead(Add100leadForProject.java:67)
at playwright.Add100leadForProject.addMultipleLeads(Add100leadForProject.java:111)
at java.base/jdk.internal.reflect.DirectMethodHandleAccessor.invoke(DirectMethodHandleAccessor.java:103)
at java.base/java.lang.reflect.Method.invoke(Method.java:580)
at org.testng.internal.invokers.MethodInvocationHelper.invokeMethod(MethodInvocationHelper.java:141)
at org.testng.internal.invokers.TestInvoker.invokeMethod(TestInvoker.java:687)
at org.testng.internal.invokers.TestInvoker.invokeTestMethod(TestInvoker.java:230)
at org.testng.internal.invokers.TestMethodWithDataProviderMethodWorker.call(TestMethodWithDataProviderMethodWorker.java:81)
at org.testng.internal.thread.Async$AsyncTask.run(Async.java:34)
at java.base/java.util.concurrent.ThreadPoolExecutor.runWorker(ThreadPoolExecutor.java:1144)
at java.base/java.util.concurrent.ThreadPoolExecutor$Worker.run(ThreadPoolExecutor.java:642)
at java.base/java.lang.Thread.run(Thread.java:1583)
Caused by: com.microsoft.playwright.impl.TargetClosedError: Error {
  message='Target page, context or browser has been closed
  name='TargetClosedError
  stack='TargetClosedError: Target page, context or browser has been closed
    at DispatcherConnection.dispatch (/private/var/folders/1b/cqmvqvbd4sg1xvl1gc93cfyh0000gn/T/playwright-java-4501332805832521530/package/lib/server/dispatchers/dispatcher.js:243:69)
    at transport.onmessage (/private/var/folders/1b/cqmvqvbd4sg1xvl1gc93cfyh0000gn/T/playwright-java-4501332805832521530/package/lib/cli/driver.js:53:59)
    at Immediate._onImmediate (/private/var/folders/1b/cqmvqvbd4sg1xvl1gc93cfyh0000gn/T/playwright-java-4501332805832521530/package/lib/server/utils/pipeTransport.js:76:16)
    at process.processImmediate (node:internal/timers:485:21)
}
at com.microsoft.playwright.impl.Connection.dispatch(Connection.java:259)
at com.microsoft.playwright.impl.Connection.processOneMessage(Connection.java:214)
at com.microsoft.playwright.impl.ChannelOwner.runUntil(ChannelOwner.java:136)
... 17 more
]]>
    </error>
  </testcase> <!-- addMultipleLeads -->
  <testcase classname="playwright.Add100leadForProject" name="addMultipleLeads" time="0.018">
    <error message="Error {
  message=&#039;Target page, context or browser has been closed
  name=&#039;TargetClosedError
  stack=&#039;TargetClosedError: Target page, context or browser has been closed
    at DispatcherConnection.dispatch (/private/var/folders/1b/cqmvqvbd4sg1xvl1gc93cfyh0000gn/T/playwright-java-4501332805832521530/package/lib/server/dispatchers/dispatcher.js:243:69)
    at transport.onmessage (/private/var/folders/1b/cqmvqvbd4sg1xvl1gc93cfyh0000gn/T/playwright-java-4501332805832521530/package/lib/cli/driver.js:53:59)
    at Immediate._onImmediate (/private/var/folders/1b/cqmvqvbd4sg1xvl1gc93cfyh0000gn/T/playwright-java-4501332805832521530/package/lib/server/utils/pipeTransport.js:76:16)
    at process.processImmediate (node:internal/timers:485:21)
}" type="com.microsoft.playwright.impl.TargetClosedError">
      <![CDATA[com.microsoft.playwright.impl.TargetClosedError: Error {
  message='Target page, context or browser has been closed
  name='TargetClosedError
  stack='TargetClosedError: Target page, context or browser has been closed
    at DispatcherConnection.dispatch (/private/var/folders/1b/cqmvqvbd4sg1xvl1gc93cfyh0000gn/T/playwright-java-4501332805832521530/package/lib/server/dispatchers/dispatcher.js:243:69)
    at transport.onmessage (/private/var/folders/1b/cqmvqvbd4sg1xvl1gc93cfyh0000gn/T/playwright-java-4501332805832521530/package/lib/cli/driver.js:53:59)
    at Immediate._onImmediate (/private/var/folders/1b/cqmvqvbd4sg1xvl1gc93cfyh0000gn/T/playwright-java-4501332805832521530/package/lib/server/utils/pipeTransport.js:76:16)
    at process.processImmediate (node:internal/timers:485:21)
}
at com.microsoft.playwright.impl.WaitableResult.get(WaitableResult.java:54)
at com.microsoft.playwright.impl.ChannelOwner.runUntil(ChannelOwner.java:138)
at com.microsoft.playwright.impl.Connection.sendMessage(Connection.java:131)
at com.microsoft.playwright.impl.ChannelOwner.sendMessage(ChannelOwner.java:124)
at com.microsoft.playwright.impl.FrameImpl.clickImpl(FrameImpl.java:241)
at com.microsoft.playwright.impl.PageImpl.click(PageImpl.java:680)
at com.microsoft.playwright.Page.click(Page.java:3931)
at playwright.Add100leadForProject.addLead(Add100leadForProject.java:67)
at playwright.Add100leadForProject.addMultipleLeads(Add100leadForProject.java:111)
at java.base/jdk.internal.reflect.DirectMethodHandleAccessor.invoke(DirectMethodHandleAccessor.java:103)
at java.base/java.lang.reflect.Method.invoke(Method.java:580)
at org.testng.internal.invokers.MethodInvocationHelper.invokeMethod(MethodInvocationHelper.java:141)
at org.testng.internal.invokers.TestInvoker.invokeMethod(TestInvoker.java:687)
at org.testng.internal.invokers.TestInvoker.invokeTestMethod(TestInvoker.java:230)
at org.testng.internal.invokers.TestMethodWithDataProviderMethodWorker.call(TestMethodWithDataProviderMethodWorker.java:81)
at org.testng.internal.thread.Async$AsyncTask.run(Async.java:34)
at java.base/java.util.concurrent.ThreadPoolExecutor.runWorker(ThreadPoolExecutor.java:1144)
at java.base/java.util.concurrent.ThreadPoolExecutor$Worker.run(ThreadPoolExecutor.java:642)
at java.base/java.lang.Thread.run(Thread.java:1583)
Caused by: com.microsoft.playwright.impl.TargetClosedError: Error {
  message='Target page, context or browser has been closed
  name='TargetClosedError
  stack='TargetClosedError: Target page, context or browser has been closed
    at DispatcherConnection.dispatch (/private/var/folders/1b/cqmvqvbd4sg1xvl1gc93cfyh0000gn/T/playwright-java-4501332805832521530/package/lib/server/dispatchers/dispatcher.js:243:69)
    at transport.onmessage (/private/var/folders/1b/cqmvqvbd4sg1xvl1gc93cfyh0000gn/T/playwright-java-4501332805832521530/package/lib/cli/driver.js:53:59)
    at Immediate._onImmediate (/private/var/folders/1b/cqmvqvbd4sg1xvl1gc93cfyh0000gn/T/playwright-java-4501332805832521530/package/lib/server/utils/pipeTransport.js:76:16)
    at process.processImmediate (node:internal/timers:485:21)
}
at com.microsoft.playwright.impl.Connection.dispatch(Connection.java:259)
at com.microsoft.playwright.impl.Connection.processOneMessage(Connection.java:214)
at com.microsoft.playwright.impl.ChannelOwner.runUntil(ChannelOwner.java:136)
... 17 more
]]>
    </error>
  </testcase> <!-- addMultipleLeads -->
  <testcase classname="playwright.Add100leadForProject" name="addMultipleLeads" time="15.897">
    <error message="Error {
  message=&#039;Target page, context or browser has been closed
  name=&#039;TargetClosedError
  stack=&#039;TargetClosedError:Target page, context or browser has been closed
Error
    at captureRawStack (/private/var/folders/1b/cqmvqvbd4sg1xvl1gc93cfyh0000gn/T/playwright-java-4501332805832521530/package/lib/utils/isomorphic/stackTrace.js:32:17)
    at LongStandingScope._race (/private/var/folders/1b/cqmvqvbd4sg1xvl1gc93cfyh0000gn/T/playwright-java-4501332805832521530/package/lib/utils/isomorphic/manualPromise.js:87:58)
    at LongStandingScope.race (/private/var/folders/1b/cqmvqvbd4sg1xvl1gc93cfyh0000gn/T/playwright-java-4501332805832521530/package/lib/utils/isomorphic/manualPromise.js:80:17)
    at /private/var/folders/1b/cqmvqvbd4sg1xvl1gc93cfyh0000gn/T/playwright-java-4501332805832521530/package/lib/utils/isomorphic/manualPromise.js:77:45
    at Array.map (&lt;anonymous&gt;)
    at LongStandingScope.raceMultiple (/private/var/folders/1b/cqmvqvbd4sg1xvl1gc93cfyh0000gn/T/playwright-java-4501332805832521530/package/lib/utils/isomorphic/manualPromise.js:77:32)
    at Frame.retryWithProgressAndTimeouts (/private/var/folders/1b/cqmvqvbd4sg1xvl1gc93cfyh0000gn/T/playwright-java-4501332805832521530/package/lib/server/frames.js:877:46)
    at runNextTicks (node:internal/process/task_queues:65:5)
    at process.processImmediate (node:internal/timers:453:9)
    at async /private/var/folders/1b/cqmvqvbd4sg1xvl1gc93cfyh0000gn/T/playwright-java-4501332805832521530/package/lib/server/frames.js:960:29
    at async ProgressController.run (/private/var/folders/1b/cqmvqvbd4sg1xvl1gc93cfyh0000gn/T/playwright-java-4501332805832521530/package/lib/server/progress.js:80:22)
    at async FrameDispatcher.click (/private/var/folders/1b/cqmvqvbd4sg1xvl1gc93cfyh0000gn/T/playwright-java-4501332805832521530/package/lib/server/dispatchers/frameDispatcher.js:117:12)
    at async LongStandingScope._race (/private/var/folders/1b/cqmvqvbd4sg1xvl1gc93cfyh0000gn/T/playwright-java-4501332805832521530/package/lib/utils/isomorphic/manualPromise.js:94:14)
    at async FrameDispatcher._handleCommand (/private/var/folders/1b/cqmvqvbd4sg1xvl1gc93cfyh0000gn/T/playwright-java-4501332805832521530/package/lib/server/dispatchers/dispatcher.js:90:14)
    at async DispatcherConnection.dispatch (/private/var/folders/1b/cqmvqvbd4sg1xvl1gc93cfyh0000gn/T/playwright-java-4501332805832521530/package/lib/server/dispatchers/dispatcher.js:309:22)
}
Call log:
-   - waiting for locator(&quot;xpath=(//p[@data-size=&#039;sm&#039;])[4]&quot;)
" type="com.microsoft.playwright.impl.TargetClosedError">
      <![CDATA[com.microsoft.playwright.impl.TargetClosedError: Error {
  message='Target page, context or browser has been closed
  name='TargetClosedError
  stack='TargetClosedError:Target page, context or browser has been closed
Error
    at captureRawStack (/private/var/folders/1b/cqmvqvbd4sg1xvl1gc93cfyh0000gn/T/playwright-java-4501332805832521530/package/lib/utils/isomorphic/stackTrace.js:32:17)
    at LongStandingScope._race (/private/var/folders/1b/cqmvqvbd4sg1xvl1gc93cfyh0000gn/T/playwright-java-4501332805832521530/package/lib/utils/isomorphic/manualPromise.js:87:58)
    at LongStandingScope.race (/private/var/folders/1b/cqmvqvbd4sg1xvl1gc93cfyh0000gn/T/playwright-java-4501332805832521530/package/lib/utils/isomorphic/manualPromise.js:80:17)
    at /private/var/folders/1b/cqmvqvbd4sg1xvl1gc93cfyh0000gn/T/playwright-java-4501332805832521530/package/lib/utils/isomorphic/manualPromise.js:77:45
    at Array.map (<anonymous>)
    at LongStandingScope.raceMultiple (/private/var/folders/1b/cqmvqvbd4sg1xvl1gc93cfyh0000gn/T/playwright-java-4501332805832521530/package/lib/utils/isomorphic/manualPromise.js:77:32)
    at Frame.retryWithProgressAndTimeouts (/private/var/folders/1b/cqmvqvbd4sg1xvl1gc93cfyh0000gn/T/playwright-java-4501332805832521530/package/lib/server/frames.js:877:46)
    at runNextTicks (node:internal/process/task_queues:65:5)
    at process.processImmediate (node:internal/timers:453:9)
    at async /private/var/folders/1b/cqmvqvbd4sg1xvl1gc93cfyh0000gn/T/playwright-java-4501332805832521530/package/lib/server/frames.js:960:29
    at async ProgressController.run (/private/var/folders/1b/cqmvqvbd4sg1xvl1gc93cfyh0000gn/T/playwright-java-4501332805832521530/package/lib/server/progress.js:80:22)
    at async FrameDispatcher.click (/private/var/folders/1b/cqmvqvbd4sg1xvl1gc93cfyh0000gn/T/playwright-java-4501332805832521530/package/lib/server/dispatchers/frameDispatcher.js:117:12)
    at async LongStandingScope._race (/private/var/folders/1b/cqmvqvbd4sg1xvl1gc93cfyh0000gn/T/playwright-java-4501332805832521530/package/lib/utils/isomorphic/manualPromise.js:94:14)
    at async FrameDispatcher._handleCommand (/private/var/folders/1b/cqmvqvbd4sg1xvl1gc93cfyh0000gn/T/playwright-java-4501332805832521530/package/lib/server/dispatchers/dispatcher.js:90:14)
    at async DispatcherConnection.dispatch (/private/var/folders/1b/cqmvqvbd4sg1xvl1gc93cfyh0000gn/T/playwright-java-4501332805832521530/package/lib/server/dispatchers/dispatcher.js:309:22)
}
Call log:
-   - waiting for locator("xpath=(//p[@data-size='sm'])[4]")

at com.microsoft.playwright.impl.WaitableResult.get(WaitableResult.java:54)
at com.microsoft.playwright.impl.ChannelOwner.runUntil(ChannelOwner.java:138)
at com.microsoft.playwright.impl.Connection.sendMessage(Connection.java:131)
at com.microsoft.playwright.impl.ChannelOwner.sendMessage(ChannelOwner.java:124)
at com.microsoft.playwright.impl.FrameImpl.clickImpl(FrameImpl.java:241)
at com.microsoft.playwright.impl.PageImpl.click(PageImpl.java:680)
at com.microsoft.playwright.Page.click(Page.java:3931)
at playwright.Add100leadForProject.addLead(Add100leadForProject.java:67)
at playwright.Add100leadForProject.addMultipleLeads(Add100leadForProject.java:111)
at java.base/jdk.internal.reflect.DirectMethodHandleAccessor.invoke(DirectMethodHandleAccessor.java:103)
at java.base/java.lang.reflect.Method.invoke(Method.java:580)
at org.testng.internal.invokers.MethodInvocationHelper.invokeMethod(MethodInvocationHelper.java:141)
at org.testng.internal.invokers.TestInvoker.invokeMethod(TestInvoker.java:687)
at org.testng.internal.invokers.TestInvoker.invokeTestMethod(TestInvoker.java:230)
at org.testng.internal.invokers.TestMethodWithDataProviderMethodWorker.call(TestMethodWithDataProviderMethodWorker.java:81)
at org.testng.internal.thread.Async$AsyncTask.run(Async.java:34)
at java.base/java.util.concurrent.ThreadPoolExecutor.runWorker(ThreadPoolExecutor.java:1144)
at java.base/java.util.concurrent.ThreadPoolExecutor$Worker.run(ThreadPoolExecutor.java:642)
at java.base/java.lang.Thread.run(Thread.java:1583)
Caused by: com.microsoft.playwright.impl.TargetClosedError: Error {
  message='Target page, context or browser has been closed
  name='TargetClosedError
  stack='TargetClosedError:Target page, context or browser has been closed
Error
    at captureRawStack (/private/var/folders/1b/cqmvqvbd4sg1xvl1gc93cfyh0000gn/T/playwright-java-4501332805832521530/package/lib/utils/isomorphic/stackTrace.js:32:17)
    at LongStandingScope._race (/private/var/folders/1b/cqmvqvbd4sg1xvl1gc93cfyh0000gn/T/playwright-java-4501332805832521530/package/lib/utils/isomorphic/manualPromise.js:87:58)
    at LongStandingScope.race (/private/var/folders/1b/cqmvqvbd4sg1xvl1gc93cfyh0000gn/T/playwright-java-4501332805832521530/package/lib/utils/isomorphic/manualPromise.js:80:17)
    at /private/var/folders/1b/cqmvqvbd4sg1xvl1gc93cfyh0000gn/T/playwright-java-4501332805832521530/package/lib/utils/isomorphic/manualPromise.js:77:45
    at Array.map (<anonymous>)
    at LongStandingScope.raceMultiple (/private/var/folders/1b/cqmvqvbd4sg1xvl1gc93cfyh0000gn/T/playwright-java-4501332805832521530/package/lib/utils/isomorphic/manualPromise.js:77:32)
    at Frame.retryWithProgressAndTimeouts (/private/var/folders/1b/cqmvqvbd4sg1xvl1gc93cfyh0000gn/T/playwright-java-4501332805832521530/package/lib/server/frames.js:877:46)
    at runNextTicks (node:internal/process/task_queues:65:5)
    at process.processImmediate (node:internal/timers:453:9)
    at async /private/var/folders/1b/cqmvqvbd4sg1xvl1gc93cfyh0000gn/T/playwright-java-4501332805832521530/package/lib/server/frames.js:960:29
    at async ProgressController.run (/private/var/folders/1b/cqmvqvbd4sg1xvl1gc93cfyh0000gn/T/playwright-java-4501332805832521530/package/lib/server/progress.js:80:22)
    at async FrameDispatcher.click (/private/var/folders/1b/cqmvqvbd4sg1xvl1gc93cfyh0000gn/T/playwright-java-4501332805832521530/package/lib/server/dispatchers/frameDispatcher.js:117:12)
    at async LongStandingScope._race (/private/var/folders/1b/cqmvqvbd4sg1xvl1gc93cfyh0000gn/T/playwright-java-4501332805832521530/package/lib/utils/isomorphic/manualPromise.js:94:14)
    at async FrameDispatcher._handleCommand (/private/var/folders/1b/cqmvqvbd4sg1xvl1gc93cfyh0000gn/T/playwright-java-4501332805832521530/package/lib/server/dispatchers/dispatcher.js:90:14)
    at async DispatcherConnection.dispatch (/private/var/folders/1b/cqmvqvbd4sg1xvl1gc93cfyh0000gn/T/playwright-java-4501332805832521530/package/lib/server/dispatchers/dispatcher.js:309:22)
}
Call log:
-   - waiting for locator("xpath=(//p[@data-size='sm'])[4]")

at com.microsoft.playwright.impl.Connection.dispatch(Connection.java:259)
at com.microsoft.playwright.impl.Connection.processOneMessage(Connection.java:214)
at com.microsoft.playwright.impl.ChannelOwner.runUntil(ChannelOwner.java:136)
... 17 more
]]>
    </error>
  </testcase> <!-- addMultipleLeads -->
  <testcase classname="playwright.Add100leadForProject" name="addMultipleLeads" time="0.008">
    <error message="Error {
  message=&#039;Target page, context or browser has been closed
  name=&#039;TargetClosedError
  stack=&#039;TargetClosedError: Target page, context or browser has been closed
    at DispatcherConnection.dispatch (/private/var/folders/1b/cqmvqvbd4sg1xvl1gc93cfyh0000gn/T/playwright-java-4501332805832521530/package/lib/server/dispatchers/dispatcher.js:243:69)
    at transport.onmessage (/private/var/folders/1b/cqmvqvbd4sg1xvl1gc93cfyh0000gn/T/playwright-java-4501332805832521530/package/lib/cli/driver.js:53:59)
    at Immediate._onImmediate (/private/var/folders/1b/cqmvqvbd4sg1xvl1gc93cfyh0000gn/T/playwright-java-4501332805832521530/package/lib/server/utils/pipeTransport.js:76:16)
    at process.processImmediate (node:internal/timers:485:21)
}" type="com.microsoft.playwright.impl.TargetClosedError">
      <![CDATA[com.microsoft.playwright.impl.TargetClosedError: Error {
  message='Target page, context or browser has been closed
  name='TargetClosedError
  stack='TargetClosedError: Target page, context or browser has been closed
    at DispatcherConnection.dispatch (/private/var/folders/1b/cqmvqvbd4sg1xvl1gc93cfyh0000gn/T/playwright-java-4501332805832521530/package/lib/server/dispatchers/dispatcher.js:243:69)
    at transport.onmessage (/private/var/folders/1b/cqmvqvbd4sg1xvl1gc93cfyh0000gn/T/playwright-java-4501332805832521530/package/lib/cli/driver.js:53:59)
    at Immediate._onImmediate (/private/var/folders/1b/cqmvqvbd4sg1xvl1gc93cfyh0000gn/T/playwright-java-4501332805832521530/package/lib/server/utils/pipeTransport.js:76:16)
    at process.processImmediate (node:internal/timers:485:21)
}
at com.microsoft.playwright.impl.WaitableResult.get(WaitableResult.java:54)
at com.microsoft.playwright.impl.ChannelOwner.runUntil(ChannelOwner.java:138)
at com.microsoft.playwright.impl.Connection.sendMessage(Connection.java:131)
at com.microsoft.playwright.impl.ChannelOwner.sendMessage(ChannelOwner.java:124)
at com.microsoft.playwright.impl.FrameImpl.clickImpl(FrameImpl.java:241)
at com.microsoft.playwright.impl.PageImpl.click(PageImpl.java:680)
at com.microsoft.playwright.Page.click(Page.java:3931)
at playwright.Add100leadForProject.addLead(Add100leadForProject.java:67)
at playwright.Add100leadForProject.addMultipleLeads(Add100leadForProject.java:111)
at java.base/jdk.internal.reflect.DirectMethodHandleAccessor.invoke(DirectMethodHandleAccessor.java:103)
at java.base/java.lang.reflect.Method.invoke(Method.java:580)
at org.testng.internal.invokers.MethodInvocationHelper.invokeMethod(MethodInvocationHelper.java:141)
at org.testng.internal.invokers.TestInvoker.invokeMethod(TestInvoker.java:687)
at org.testng.internal.invokers.TestInvoker.invokeTestMethod(TestInvoker.java:230)
at org.testng.internal.invokers.TestMethodWithDataProviderMethodWorker.call(TestMethodWithDataProviderMethodWorker.java:81)
at org.testng.internal.thread.Async$AsyncTask.run(Async.java:34)
at java.base/java.util.concurrent.ThreadPoolExecutor.runWorker(ThreadPoolExecutor.java:1144)
at java.base/java.util.concurrent.ThreadPoolExecutor$Worker.run(ThreadPoolExecutor.java:642)
at java.base/java.lang.Thread.run(Thread.java:1583)
Caused by: com.microsoft.playwright.impl.TargetClosedError: Error {
  message='Target page, context or browser has been closed
  name='TargetClosedError
  stack='TargetClosedError: Target page, context or browser has been closed
    at DispatcherConnection.dispatch (/private/var/folders/1b/cqmvqvbd4sg1xvl1gc93cfyh0000gn/T/playwright-java-4501332805832521530/package/lib/server/dispatchers/dispatcher.js:243:69)
    at transport.onmessage (/private/var/folders/1b/cqmvqvbd4sg1xvl1gc93cfyh0000gn/T/playwright-java-4501332805832521530/package/lib/cli/driver.js:53:59)
    at Immediate._onImmediate (/private/var/folders/1b/cqmvqvbd4sg1xvl1gc93cfyh0000gn/T/playwright-java-4501332805832521530/package/lib/server/utils/pipeTransport.js:76:16)
    at process.processImmediate (node:internal/timers:485:21)
}
at com.microsoft.playwright.impl.Connection.dispatch(Connection.java:259)
at com.microsoft.playwright.impl.Connection.processOneMessage(Connection.java:214)
at com.microsoft.playwright.impl.ChannelOwner.runUntil(ChannelOwner.java:136)
... 17 more
]]>
    </error>
  </testcase> <!-- addMultipleLeads -->
  <testcase classname="playwright.Add100leadForProject" name="addMultipleLeads" time="0.015">
    <error message="Error {
  message=&#039;Target page, context or browser has been closed
  name=&#039;TargetClosedError
  stack=&#039;TargetClosedError: Target page, context or browser has been closed
    at DispatcherConnection.dispatch (/private/var/folders/1b/cqmvqvbd4sg1xvl1gc93cfyh0000gn/T/playwright-java-4501332805832521530/package/lib/server/dispatchers/dispatcher.js:243:69)
    at transport.onmessage (/private/var/folders/1b/cqmvqvbd4sg1xvl1gc93cfyh0000gn/T/playwright-java-4501332805832521530/package/lib/cli/driver.js:53:59)
    at Immediate._onImmediate (/private/var/folders/1b/cqmvqvbd4sg1xvl1gc93cfyh0000gn/T/playwright-java-4501332805832521530/package/lib/server/utils/pipeTransport.js:76:16)
    at process.processImmediate (node:internal/timers:485:21)
}" type="com.microsoft.playwright.impl.TargetClosedError">
      <![CDATA[com.microsoft.playwright.impl.TargetClosedError: Error {
  message='Target page, context or browser has been closed
  name='TargetClosedError
  stack='TargetClosedError: Target page, context or browser has been closed
    at DispatcherConnection.dispatch (/private/var/folders/1b/cqmvqvbd4sg1xvl1gc93cfyh0000gn/T/playwright-java-4501332805832521530/package/lib/server/dispatchers/dispatcher.js:243:69)
    at transport.onmessage (/private/var/folders/1b/cqmvqvbd4sg1xvl1gc93cfyh0000gn/T/playwright-java-4501332805832521530/package/lib/cli/driver.js:53:59)
    at Immediate._onImmediate (/private/var/folders/1b/cqmvqvbd4sg1xvl1gc93cfyh0000gn/T/playwright-java-4501332805832521530/package/lib/server/utils/pipeTransport.js:76:16)
    at process.processImmediate (node:internal/timers:485:21)
}
at com.microsoft.playwright.impl.WaitableResult.get(WaitableResult.java:54)
at com.microsoft.playwright.impl.ChannelOwner.runUntil(ChannelOwner.java:138)
at com.microsoft.playwright.impl.Connection.sendMessage(Connection.java:131)
at com.microsoft.playwright.impl.ChannelOwner.sendMessage(ChannelOwner.java:124)
at com.microsoft.playwright.impl.FrameImpl.clickImpl(FrameImpl.java:241)
at com.microsoft.playwright.impl.PageImpl.click(PageImpl.java:680)
at com.microsoft.playwright.Page.click(Page.java:3931)
at playwright.Add100leadForProject.addLead(Add100leadForProject.java:67)
at playwright.Add100leadForProject.addMultipleLeads(Add100leadForProject.java:111)
at java.base/jdk.internal.reflect.DirectMethodHandleAccessor.invoke(DirectMethodHandleAccessor.java:103)
at java.base/java.lang.reflect.Method.invoke(Method.java:580)
at org.testng.internal.invokers.MethodInvocationHelper.invokeMethod(MethodInvocationHelper.java:141)
at org.testng.internal.invokers.TestInvoker.invokeMethod(TestInvoker.java:687)
at org.testng.internal.invokers.TestInvoker.invokeTestMethod(TestInvoker.java:230)
at org.testng.internal.invokers.TestMethodWithDataProviderMethodWorker.call(TestMethodWithDataProviderMethodWorker.java:81)
at org.testng.internal.thread.Async$AsyncTask.run(Async.java:34)
at java.base/java.util.concurrent.ThreadPoolExecutor.runWorker(ThreadPoolExecutor.java:1144)
at java.base/java.util.concurrent.ThreadPoolExecutor$Worker.run(ThreadPoolExecutor.java:642)
at java.base/java.lang.Thread.run(Thread.java:1583)
Caused by: com.microsoft.playwright.impl.TargetClosedError: Error {
  message='Target page, context or browser has been closed
  name='TargetClosedError
  stack='TargetClosedError: Target page, context or browser has been closed
    at DispatcherConnection.dispatch (/private/var/folders/1b/cqmvqvbd4sg1xvl1gc93cfyh0000gn/T/playwright-java-4501332805832521530/package/lib/server/dispatchers/dispatcher.js:243:69)
    at transport.onmessage (/private/var/folders/1b/cqmvqvbd4sg1xvl1gc93cfyh0000gn/T/playwright-java-4501332805832521530/package/lib/cli/driver.js:53:59)
    at Immediate._onImmediate (/private/var/folders/1b/cqmvqvbd4sg1xvl1gc93cfyh0000gn/T/playwright-java-4501332805832521530/package/lib/server/utils/pipeTransport.js:76:16)
    at process.processImmediate (node:internal/timers:485:21)
}
at com.microsoft.playwright.impl.Connection.dispatch(Connection.java:259)
at com.microsoft.playwright.impl.Connection.processOneMessage(Connection.java:214)
at com.microsoft.playwright.impl.ChannelOwner.runUntil(ChannelOwner.java:136)
... 17 more
]]>
    </error>
  </testcase> <!-- addMultipleLeads -->
  <testcase classname="playwright.Add100leadForProject" name="addMultipleLeads" time="0.010">
    <error message="Error {
  message=&#039;Target page, context or browser has been closed
  name=&#039;TargetClosedError
  stack=&#039;TargetClosedError: Target page, context or browser has been closed
    at DispatcherConnection.dispatch (/private/var/folders/1b/cqmvqvbd4sg1xvl1gc93cfyh0000gn/T/playwright-java-4501332805832521530/package/lib/server/dispatchers/dispatcher.js:243:69)
    at transport.onmessage (/private/var/folders/1b/cqmvqvbd4sg1xvl1gc93cfyh0000gn/T/playwright-java-4501332805832521530/package/lib/cli/driver.js:53:59)
    at Immediate._onImmediate (/private/var/folders/1b/cqmvqvbd4sg1xvl1gc93cfyh0000gn/T/playwright-java-4501332805832521530/package/lib/server/utils/pipeTransport.js:76:16)
    at process.processImmediate (node:internal/timers:485:21)
}" type="com.microsoft.playwright.impl.TargetClosedError">
      <![CDATA[com.microsoft.playwright.impl.TargetClosedError: Error {
  message='Target page, context or browser has been closed
  name='TargetClosedError
  stack='TargetClosedError: Target page, context or browser has been closed
    at DispatcherConnection.dispatch (/private/var/folders/1b/cqmvqvbd4sg1xvl1gc93cfyh0000gn/T/playwright-java-4501332805832521530/package/lib/server/dispatchers/dispatcher.js:243:69)
    at transport.onmessage (/private/var/folders/1b/cqmvqvbd4sg1xvl1gc93cfyh0000gn/T/playwright-java-4501332805832521530/package/lib/cli/driver.js:53:59)
    at Immediate._onImmediate (/private/var/folders/1b/cqmvqvbd4sg1xvl1gc93cfyh0000gn/T/playwright-java-4501332805832521530/package/lib/server/utils/pipeTransport.js:76:16)
    at process.processImmediate (node:internal/timers:485:21)
}
at com.microsoft.playwright.impl.WaitableResult.get(WaitableResult.java:54)
at com.microsoft.playwright.impl.ChannelOwner.runUntil(ChannelOwner.java:138)
at com.microsoft.playwright.impl.Connection.sendMessage(Connection.java:131)
at com.microsoft.playwright.impl.ChannelOwner.sendMessage(ChannelOwner.java:124)
at com.microsoft.playwright.impl.FrameImpl.clickImpl(FrameImpl.java:241)
at com.microsoft.playwright.impl.PageImpl.click(PageImpl.java:680)
at com.microsoft.playwright.Page.click(Page.java:3931)
at playwright.Add100leadForProject.addLead(Add100leadForProject.java:67)
at playwright.Add100leadForProject.addMultipleLeads(Add100leadForProject.java:111)
at java.base/jdk.internal.reflect.DirectMethodHandleAccessor.invoke(DirectMethodHandleAccessor.java:103)
at java.base/java.lang.reflect.Method.invoke(Method.java:580)
at org.testng.internal.invokers.MethodInvocationHelper.invokeMethod(MethodInvocationHelper.java:141)
at org.testng.internal.invokers.TestInvoker.invokeMethod(TestInvoker.java:687)
at org.testng.internal.invokers.TestInvoker.invokeTestMethod(TestInvoker.java:230)
at org.testng.internal.invokers.TestMethodWithDataProviderMethodWorker.call(TestMethodWithDataProviderMethodWorker.java:81)
at org.testng.internal.thread.Async$AsyncTask.run(Async.java:34)
at java.base/java.util.concurrent.ThreadPoolExecutor.runWorker(ThreadPoolExecutor.java:1144)
at java.base/java.util.concurrent.ThreadPoolExecutor$Worker.run(ThreadPoolExecutor.java:642)
at java.base/java.lang.Thread.run(Thread.java:1583)
Caused by: com.microsoft.playwright.impl.TargetClosedError: Error {
  message='Target page, context or browser has been closed
  name='TargetClosedError
  stack='TargetClosedError: Target page, context or browser has been closed
    at DispatcherConnection.dispatch (/private/var/folders/1b/cqmvqvbd4sg1xvl1gc93cfyh0000gn/T/playwright-java-4501332805832521530/package/lib/server/dispatchers/dispatcher.js:243:69)
    at transport.onmessage (/private/var/folders/1b/cqmvqvbd4sg1xvl1gc93cfyh0000gn/T/playwright-java-4501332805832521530/package/lib/cli/driver.js:53:59)
    at Immediate._onImmediate (/private/var/folders/1b/cqmvqvbd4sg1xvl1gc93cfyh0000gn/T/playwright-java-4501332805832521530/package/lib/server/utils/pipeTransport.js:76:16)
    at process.processImmediate (node:internal/timers:485:21)
}
at com.microsoft.playwright.impl.Connection.dispatch(Connection.java:259)
at com.microsoft.playwright.impl.Connection.processOneMessage(Connection.java:214)
at com.microsoft.playwright.impl.ChannelOwner.runUntil(ChannelOwner.java:136)
... 17 more
]]>
    </error>
  </testcase> <!-- addMultipleLeads -->
  <testcase classname="playwright.Add100leadForProject" name="addMultipleLeads" time="15.896">
    <error message="Error {
  message=&#039;Target page, context or browser has been closed
  name=&#039;TargetClosedError
  stack=&#039;TargetClosedError:Target page, context or browser has been closed
Error
    at captureRawStack (/private/var/folders/1b/cqmvqvbd4sg1xvl1gc93cfyh0000gn/T/playwright-java-4501332805832521530/package/lib/utils/isomorphic/stackTrace.js:32:17)
    at LongStandingScope._race (/private/var/folders/1b/cqmvqvbd4sg1xvl1gc93cfyh0000gn/T/playwright-java-4501332805832521530/package/lib/utils/isomorphic/manualPromise.js:87:58)
    at LongStandingScope.race (/private/var/folders/1b/cqmvqvbd4sg1xvl1gc93cfyh0000gn/T/playwright-java-4501332805832521530/package/lib/utils/isomorphic/manualPromise.js:80:17)
    at /private/var/folders/1b/cqmvqvbd4sg1xvl1gc93cfyh0000gn/T/playwright-java-4501332805832521530/package/lib/utils/isomorphic/manualPromise.js:77:45
    at Array.map (&lt;anonymous&gt;)
    at LongStandingScope.raceMultiple (/private/var/folders/1b/cqmvqvbd4sg1xvl1gc93cfyh0000gn/T/playwright-java-4501332805832521530/package/lib/utils/isomorphic/manualPromise.js:77:32)
    at Frame.retryWithProgressAndTimeouts (/private/var/folders/1b/cqmvqvbd4sg1xvl1gc93cfyh0000gn/T/playwright-java-4501332805832521530/package/lib/server/frames.js:877:46)
    at runNextTicks (node:internal/process/task_queues:65:5)
    at process.processImmediate (node:internal/timers:453:9)
    at async /private/var/folders/1b/cqmvqvbd4sg1xvl1gc93cfyh0000gn/T/playwright-java-4501332805832521530/package/lib/server/frames.js:960:29
    at async ProgressController.run (/private/var/folders/1b/cqmvqvbd4sg1xvl1gc93cfyh0000gn/T/playwright-java-4501332805832521530/package/lib/server/progress.js:80:22)
    at async FrameDispatcher.click (/private/var/folders/1b/cqmvqvbd4sg1xvl1gc93cfyh0000gn/T/playwright-java-4501332805832521530/package/lib/server/dispatchers/frameDispatcher.js:117:12)
    at async LongStandingScope._race (/private/var/folders/1b/cqmvqvbd4sg1xvl1gc93cfyh0000gn/T/playwright-java-4501332805832521530/package/lib/utils/isomorphic/manualPromise.js:94:14)
    at async FrameDispatcher._handleCommand (/private/var/folders/1b/cqmvqvbd4sg1xvl1gc93cfyh0000gn/T/playwright-java-4501332805832521530/package/lib/server/dispatchers/dispatcher.js:90:14)
    at async DispatcherConnection.dispatch (/private/var/folders/1b/cqmvqvbd4sg1xvl1gc93cfyh0000gn/T/playwright-java-4501332805832521530/package/lib/server/dispatchers/dispatcher.js:309:22)
}
Call log:
-   - waiting for locator(&quot;xpath=(//p[@data-size=&#039;sm&#039;])[4]&quot;)
" type="com.microsoft.playwright.impl.TargetClosedError">
      <![CDATA[com.microsoft.playwright.impl.TargetClosedError: Error {
  message='Target page, context or browser has been closed
  name='TargetClosedError
  stack='TargetClosedError:Target page, context or browser has been closed
Error
    at captureRawStack (/private/var/folders/1b/cqmvqvbd4sg1xvl1gc93cfyh0000gn/T/playwright-java-4501332805832521530/package/lib/utils/isomorphic/stackTrace.js:32:17)
    at LongStandingScope._race (/private/var/folders/1b/cqmvqvbd4sg1xvl1gc93cfyh0000gn/T/playwright-java-4501332805832521530/package/lib/utils/isomorphic/manualPromise.js:87:58)
    at LongStandingScope.race (/private/var/folders/1b/cqmvqvbd4sg1xvl1gc93cfyh0000gn/T/playwright-java-4501332805832521530/package/lib/utils/isomorphic/manualPromise.js:80:17)
    at /private/var/folders/1b/cqmvqvbd4sg1xvl1gc93cfyh0000gn/T/playwright-java-4501332805832521530/package/lib/utils/isomorphic/manualPromise.js:77:45
    at Array.map (<anonymous>)
    at LongStandingScope.raceMultiple (/private/var/folders/1b/cqmvqvbd4sg1xvl1gc93cfyh0000gn/T/playwright-java-4501332805832521530/package/lib/utils/isomorphic/manualPromise.js:77:32)
    at Frame.retryWithProgressAndTimeouts (/private/var/folders/1b/cqmvqvbd4sg1xvl1gc93cfyh0000gn/T/playwright-java-4501332805832521530/package/lib/server/frames.js:877:46)
    at runNextTicks (node:internal/process/task_queues:65:5)
    at process.processImmediate (node:internal/timers:453:9)
    at async /private/var/folders/1b/cqmvqvbd4sg1xvl1gc93cfyh0000gn/T/playwright-java-4501332805832521530/package/lib/server/frames.js:960:29
    at async ProgressController.run (/private/var/folders/1b/cqmvqvbd4sg1xvl1gc93cfyh0000gn/T/playwright-java-4501332805832521530/package/lib/server/progress.js:80:22)
    at async FrameDispatcher.click (/private/var/folders/1b/cqmvqvbd4sg1xvl1gc93cfyh0000gn/T/playwright-java-4501332805832521530/package/lib/server/dispatchers/frameDispatcher.js:117:12)
    at async LongStandingScope._race (/private/var/folders/1b/cqmvqvbd4sg1xvl1gc93cfyh0000gn/T/playwright-java-4501332805832521530/package/lib/utils/isomorphic/manualPromise.js:94:14)
    at async FrameDispatcher._handleCommand (/private/var/folders/1b/cqmvqvbd4sg1xvl1gc93cfyh0000gn/T/playwright-java-4501332805832521530/package/lib/server/dispatchers/dispatcher.js:90:14)
    at async DispatcherConnection.dispatch (/private/var/folders/1b/cqmvqvbd4sg1xvl1gc93cfyh0000gn/T/playwright-java-4501332805832521530/package/lib/server/dispatchers/dispatcher.js:309:22)
}
Call log:
-   - waiting for locator("xpath=(//p[@data-size='sm'])[4]")

at com.microsoft.playwright.impl.WaitableResult.get(WaitableResult.java:54)
at com.microsoft.playwright.impl.ChannelOwner.runUntil(ChannelOwner.java:138)
at com.microsoft.playwright.impl.Connection.sendMessage(Connection.java:131)
at com.microsoft.playwright.impl.ChannelOwner.sendMessage(ChannelOwner.java:124)
at com.microsoft.playwright.impl.FrameImpl.clickImpl(FrameImpl.java:241)
at com.microsoft.playwright.impl.PageImpl.click(PageImpl.java:680)
at com.microsoft.playwright.Page.click(Page.java:3931)
at playwright.Add100leadForProject.addLead(Add100leadForProject.java:67)
at playwright.Add100leadForProject.addMultipleLeads(Add100leadForProject.java:111)
at java.base/jdk.internal.reflect.DirectMethodHandleAccessor.invoke(DirectMethodHandleAccessor.java:103)
at java.base/java.lang.reflect.Method.invoke(Method.java:580)
at org.testng.internal.invokers.MethodInvocationHelper.invokeMethod(MethodInvocationHelper.java:141)
at org.testng.internal.invokers.TestInvoker.invokeMethod(TestInvoker.java:687)
at org.testng.internal.invokers.TestInvoker.invokeTestMethod(TestInvoker.java:230)
at org.testng.internal.invokers.TestMethodWithDataProviderMethodWorker.call(TestMethodWithDataProviderMethodWorker.java:81)
at org.testng.internal.thread.Async$AsyncTask.run(Async.java:34)
at java.base/java.util.concurrent.ThreadPoolExecutor.runWorker(ThreadPoolExecutor.java:1144)
at java.base/java.util.concurrent.ThreadPoolExecutor$Worker.run(ThreadPoolExecutor.java:642)
at java.base/java.lang.Thread.run(Thread.java:1583)
Caused by: com.microsoft.playwright.impl.TargetClosedError: Error {
  message='Target page, context or browser has been closed
  name='TargetClosedError
  stack='TargetClosedError:Target page, context or browser has been closed
Error
    at captureRawStack (/private/var/folders/1b/cqmvqvbd4sg1xvl1gc93cfyh0000gn/T/playwright-java-4501332805832521530/package/lib/utils/isomorphic/stackTrace.js:32:17)
    at LongStandingScope._race (/private/var/folders/1b/cqmvqvbd4sg1xvl1gc93cfyh0000gn/T/playwright-java-4501332805832521530/package/lib/utils/isomorphic/manualPromise.js:87:58)
    at LongStandingScope.race (/private/var/folders/1b/cqmvqvbd4sg1xvl1gc93cfyh0000gn/T/playwright-java-4501332805832521530/package/lib/utils/isomorphic/manualPromise.js:80:17)
    at /private/var/folders/1b/cqmvqvbd4sg1xvl1gc93cfyh0000gn/T/playwright-java-4501332805832521530/package/lib/utils/isomorphic/manualPromise.js:77:45
    at Array.map (<anonymous>)
    at LongStandingScope.raceMultiple (/private/var/folders/1b/cqmvqvbd4sg1xvl1gc93cfyh0000gn/T/playwright-java-4501332805832521530/package/lib/utils/isomorphic/manualPromise.js:77:32)
    at Frame.retryWithProgressAndTimeouts (/private/var/folders/1b/cqmvqvbd4sg1xvl1gc93cfyh0000gn/T/playwright-java-4501332805832521530/package/lib/server/frames.js:877:46)
    at runNextTicks (node:internal/process/task_queues:65:5)
    at process.processImmediate (node:internal/timers:453:9)
    at async /private/var/folders/1b/cqmvqvbd4sg1xvl1gc93cfyh0000gn/T/playwright-java-4501332805832521530/package/lib/server/frames.js:960:29
    at async ProgressController.run (/private/var/folders/1b/cqmvqvbd4sg1xvl1gc93cfyh0000gn/T/playwright-java-4501332805832521530/package/lib/server/progress.js:80:22)
    at async FrameDispatcher.click (/private/var/folders/1b/cqmvqvbd4sg1xvl1gc93cfyh0000gn/T/playwright-java-4501332805832521530/package/lib/server/dispatchers/frameDispatcher.js:117:12)
    at async LongStandingScope._race (/private/var/folders/1b/cqmvqvbd4sg1xvl1gc93cfyh0000gn/T/playwright-java-4501332805832521530/package/lib/utils/isomorphic/manualPromise.js:94:14)
    at async FrameDispatcher._handleCommand (/private/var/folders/1b/cqmvqvbd4sg1xvl1gc93cfyh0000gn/T/playwright-java-4501332805832521530/package/lib/server/dispatchers/dispatcher.js:90:14)
    at async DispatcherConnection.dispatch (/private/var/folders/1b/cqmvqvbd4sg1xvl1gc93cfyh0000gn/T/playwright-java-4501332805832521530/package/lib/server/dispatchers/dispatcher.js:309:22)
}
Call log:
-   - waiting for locator("xpath=(//p[@data-size='sm'])[4]")

at com.microsoft.playwright.impl.Connection.dispatch(Connection.java:259)
at com.microsoft.playwright.impl.Connection.processOneMessage(Connection.java:214)
at com.microsoft.playwright.impl.ChannelOwner.runUntil(ChannelOwner.java:136)
... 17 more
]]>
    </error>
  </testcase> <!-- addMultipleLeads -->
  <testcase classname="playwright.Add100leadForProject" name="addMultipleLeads" time="0.029">
    <error message="Error {
  message=&#039;Target page, context or browser has been closed
  name=&#039;TargetClosedError
  stack=&#039;TargetClosedError: Target page, context or browser has been closed
    at DispatcherConnection.dispatch (/private/var/folders/1b/cqmvqvbd4sg1xvl1gc93cfyh0000gn/T/playwright-java-4501332805832521530/package/lib/server/dispatchers/dispatcher.js:243:69)
    at transport.onmessage (/private/var/folders/1b/cqmvqvbd4sg1xvl1gc93cfyh0000gn/T/playwright-java-4501332805832521530/package/lib/cli/driver.js:53:59)
    at Immediate._onImmediate (/private/var/folders/1b/cqmvqvbd4sg1xvl1gc93cfyh0000gn/T/playwright-java-4501332805832521530/package/lib/server/utils/pipeTransport.js:76:16)
    at process.processImmediate (node:internal/timers:485:21)
}" type="com.microsoft.playwright.impl.TargetClosedError">
      <![CDATA[com.microsoft.playwright.impl.TargetClosedError: Error {
  message='Target page, context or browser has been closed
  name='TargetClosedError
  stack='TargetClosedError: Target page, context or browser has been closed
    at DispatcherConnection.dispatch (/private/var/folders/1b/cqmvqvbd4sg1xvl1gc93cfyh0000gn/T/playwright-java-4501332805832521530/package/lib/server/dispatchers/dispatcher.js:243:69)
    at transport.onmessage (/private/var/folders/1b/cqmvqvbd4sg1xvl1gc93cfyh0000gn/T/playwright-java-4501332805832521530/package/lib/cli/driver.js:53:59)
    at Immediate._onImmediate (/private/var/folders/1b/cqmvqvbd4sg1xvl1gc93cfyh0000gn/T/playwright-java-4501332805832521530/package/lib/server/utils/pipeTransport.js:76:16)
    at process.processImmediate (node:internal/timers:485:21)
}
at com.microsoft.playwright.impl.WaitableResult.get(WaitableResult.java:54)
at com.microsoft.playwright.impl.ChannelOwner.runUntil(ChannelOwner.java:138)
at com.microsoft.playwright.impl.Connection.sendMessage(Connection.java:131)
at com.microsoft.playwright.impl.ChannelOwner.sendMessage(ChannelOwner.java:124)
at com.microsoft.playwright.impl.FrameImpl.clickImpl(FrameImpl.java:241)
at com.microsoft.playwright.impl.PageImpl.click(PageImpl.java:680)
at com.microsoft.playwright.Page.click(Page.java:3931)
at playwright.Add100leadForProject.addLead(Add100leadForProject.java:67)
at playwright.Add100leadForProject.addMultipleLeads(Add100leadForProject.java:111)
at java.base/jdk.internal.reflect.DirectMethodHandleAccessor.invoke(DirectMethodHandleAccessor.java:103)
at java.base/java.lang.reflect.Method.invoke(Method.java:580)
at org.testng.internal.invokers.MethodInvocationHelper.invokeMethod(MethodInvocationHelper.java:141)
at org.testng.internal.invokers.TestInvoker.invokeMethod(TestInvoker.java:687)
at org.testng.internal.invokers.TestInvoker.invokeTestMethod(TestInvoker.java:230)
at org.testng.internal.invokers.TestMethodWithDataProviderMethodWorker.call(TestMethodWithDataProviderMethodWorker.java:81)
at org.testng.internal.thread.Async$AsyncTask.run(Async.java:34)
at java.base/java.util.concurrent.ThreadPoolExecutor.runWorker(ThreadPoolExecutor.java:1144)
at java.base/java.util.concurrent.ThreadPoolExecutor$Worker.run(ThreadPoolExecutor.java:642)
at java.base/java.lang.Thread.run(Thread.java:1583)
Caused by: com.microsoft.playwright.impl.TargetClosedError: Error {
  message='Target page, context or browser has been closed
  name='TargetClosedError
  stack='TargetClosedError: Target page, context or browser has been closed
    at DispatcherConnection.dispatch (/private/var/folders/1b/cqmvqvbd4sg1xvl1gc93cfyh0000gn/T/playwright-java-4501332805832521530/package/lib/server/dispatchers/dispatcher.js:243:69)
    at transport.onmessage (/private/var/folders/1b/cqmvqvbd4sg1xvl1gc93cfyh0000gn/T/playwright-java-4501332805832521530/package/lib/cli/driver.js:53:59)
    at Immediate._onImmediate (/private/var/folders/1b/cqmvqvbd4sg1xvl1gc93cfyh0000gn/T/playwright-java-4501332805832521530/package/lib/server/utils/pipeTransport.js:76:16)
    at process.processImmediate (node:internal/timers:485:21)
}
at com.microsoft.playwright.impl.Connection.dispatch(Connection.java:259)
at com.microsoft.playwright.impl.Connection.processOneMessage(Connection.java:214)
at com.microsoft.playwright.impl.ChannelOwner.runUntil(ChannelOwner.java:136)
... 17 more
]]>
    </error>
  </testcase> <!-- addMultipleLeads -->
  <testcase classname="playwright.Add100leadForProject" name="addMultipleLeads" time="0.008">
    <error message="Error {
  message=&#039;Target page, context or browser has been closed
  name=&#039;TargetClosedError
  stack=&#039;TargetClosedError: Target page, context or browser has been closed
    at DispatcherConnection.dispatch (/private/var/folders/1b/cqmvqvbd4sg1xvl1gc93cfyh0000gn/T/playwright-java-4501332805832521530/package/lib/server/dispatchers/dispatcher.js:243:69)
    at transport.onmessage (/private/var/folders/1b/cqmvqvbd4sg1xvl1gc93cfyh0000gn/T/playwright-java-4501332805832521530/package/lib/cli/driver.js:53:59)
    at Immediate._onImmediate (/private/var/folders/1b/cqmvqvbd4sg1xvl1gc93cfyh0000gn/T/playwright-java-4501332805832521530/package/lib/server/utils/pipeTransport.js:76:16)
    at process.processImmediate (node:internal/timers:485:21)
}" type="com.microsoft.playwright.impl.TargetClosedError">
      <![CDATA[com.microsoft.playwright.impl.TargetClosedError: Error {
  message='Target page, context or browser has been closed
  name='TargetClosedError
  stack='TargetClosedError: Target page, context or browser has been closed
    at DispatcherConnection.dispatch (/private/var/folders/1b/cqmvqvbd4sg1xvl1gc93cfyh0000gn/T/playwright-java-4501332805832521530/package/lib/server/dispatchers/dispatcher.js:243:69)
    at transport.onmessage (/private/var/folders/1b/cqmvqvbd4sg1xvl1gc93cfyh0000gn/T/playwright-java-4501332805832521530/package/lib/cli/driver.js:53:59)
    at Immediate._onImmediate (/private/var/folders/1b/cqmvqvbd4sg1xvl1gc93cfyh0000gn/T/playwright-java-4501332805832521530/package/lib/server/utils/pipeTransport.js:76:16)
    at process.processImmediate (node:internal/timers:485:21)
}
at com.microsoft.playwright.impl.WaitableResult.get(WaitableResult.java:54)
at com.microsoft.playwright.impl.ChannelOwner.runUntil(ChannelOwner.java:138)
at com.microsoft.playwright.impl.Connection.sendMessage(Connection.java:131)
at com.microsoft.playwright.impl.ChannelOwner.sendMessage(ChannelOwner.java:124)
at com.microsoft.playwright.impl.FrameImpl.clickImpl(FrameImpl.java:241)
at com.microsoft.playwright.impl.PageImpl.click(PageImpl.java:680)
at com.microsoft.playwright.Page.click(Page.java:3931)
at playwright.Add100leadForProject.addLead(Add100leadForProject.java:67)
at playwright.Add100leadForProject.addMultipleLeads(Add100leadForProject.java:111)
at java.base/jdk.internal.reflect.DirectMethodHandleAccessor.invoke(DirectMethodHandleAccessor.java:103)
at java.base/java.lang.reflect.Method.invoke(Method.java:580)
at org.testng.internal.invokers.MethodInvocationHelper.invokeMethod(MethodInvocationHelper.java:141)
at org.testng.internal.invokers.TestInvoker.invokeMethod(TestInvoker.java:687)
at org.testng.internal.invokers.TestInvoker.invokeTestMethod(TestInvoker.java:230)
at org.testng.internal.invokers.TestMethodWithDataProviderMethodWorker.call(TestMethodWithDataProviderMethodWorker.java:81)
at org.testng.internal.thread.Async$AsyncTask.run(Async.java:34)
at java.base/java.util.concurrent.ThreadPoolExecutor.runWorker(ThreadPoolExecutor.java:1144)
at java.base/java.util.concurrent.ThreadPoolExecutor$Worker.run(ThreadPoolExecutor.java:642)
at java.base/java.lang.Thread.run(Thread.java:1583)
Caused by: com.microsoft.playwright.impl.TargetClosedError: Error {
  message='Target page, context or browser has been closed
  name='TargetClosedError
  stack='TargetClosedError: Target page, context or browser has been closed
    at DispatcherConnection.dispatch (/private/var/folders/1b/cqmvqvbd4sg1xvl1gc93cfyh0000gn/T/playwright-java-4501332805832521530/package/lib/server/dispatchers/dispatcher.js:243:69)
    at transport.onmessage (/private/var/folders/1b/cqmvqvbd4sg1xvl1gc93cfyh0000gn/T/playwright-java-4501332805832521530/package/lib/cli/driver.js:53:59)
    at Immediate._onImmediate (/private/var/folders/1b/cqmvqvbd4sg1xvl1gc93cfyh0000gn/T/playwright-java-4501332805832521530/package/lib/server/utils/pipeTransport.js:76:16)
    at process.processImmediate (node:internal/timers:485:21)
}
at com.microsoft.playwright.impl.Connection.dispatch(Connection.java:259)
at com.microsoft.playwright.impl.Connection.processOneMessage(Connection.java:214)
at com.microsoft.playwright.impl.ChannelOwner.runUntil(ChannelOwner.java:136)
... 17 more
]]>
    </error>
  </testcase> <!-- addMultipleLeads -->
  <testcase classname="playwright.Add100leadForProject" name="addMultipleLeads" time="0.005">
    <error message="Error {
  message=&#039;Target page, context or browser has been closed
  name=&#039;TargetClosedError
  stack=&#039;TargetClosedError: Target page, context or browser has been closed
    at DispatcherConnection.dispatch (/private/var/folders/1b/cqmvqvbd4sg1xvl1gc93cfyh0000gn/T/playwright-java-4501332805832521530/package/lib/server/dispatchers/dispatcher.js:243:69)
    at transport.onmessage (/private/var/folders/1b/cqmvqvbd4sg1xvl1gc93cfyh0000gn/T/playwright-java-4501332805832521530/package/lib/cli/driver.js:53:59)
    at Immediate._onImmediate (/private/var/folders/1b/cqmvqvbd4sg1xvl1gc93cfyh0000gn/T/playwright-java-4501332805832521530/package/lib/server/utils/pipeTransport.js:76:16)
    at process.processImmediate (node:internal/timers:485:21)
}" type="com.microsoft.playwright.impl.TargetClosedError">
      <![CDATA[com.microsoft.playwright.impl.TargetClosedError: Error {
  message='Target page, context or browser has been closed
  name='TargetClosedError
  stack='TargetClosedError: Target page, context or browser has been closed
    at DispatcherConnection.dispatch (/private/var/folders/1b/cqmvqvbd4sg1xvl1gc93cfyh0000gn/T/playwright-java-4501332805832521530/package/lib/server/dispatchers/dispatcher.js:243:69)
    at transport.onmessage (/private/var/folders/1b/cqmvqvbd4sg1xvl1gc93cfyh0000gn/T/playwright-java-4501332805832521530/package/lib/cli/driver.js:53:59)
    at Immediate._onImmediate (/private/var/folders/1b/cqmvqvbd4sg1xvl1gc93cfyh0000gn/T/playwright-java-4501332805832521530/package/lib/server/utils/pipeTransport.js:76:16)
    at process.processImmediate (node:internal/timers:485:21)
}
at com.microsoft.playwright.impl.WaitableResult.get(WaitableResult.java:54)
at com.microsoft.playwright.impl.ChannelOwner.runUntil(ChannelOwner.java:138)
at com.microsoft.playwright.impl.Connection.sendMessage(Connection.java:131)
at com.microsoft.playwright.impl.ChannelOwner.sendMessage(ChannelOwner.java:124)
at com.microsoft.playwright.impl.FrameImpl.clickImpl(FrameImpl.java:241)
at com.microsoft.playwright.impl.PageImpl.click(PageImpl.java:680)
at com.microsoft.playwright.Page.click(Page.java:3931)
at playwright.Add100leadForProject.addLead(Add100leadForProject.java:67)
at playwright.Add100leadForProject.addMultipleLeads(Add100leadForProject.java:111)
at java.base/jdk.internal.reflect.DirectMethodHandleAccessor.invoke(DirectMethodHandleAccessor.java:103)
at java.base/java.lang.reflect.Method.invoke(Method.java:580)
at org.testng.internal.invokers.MethodInvocationHelper.invokeMethod(MethodInvocationHelper.java:141)
at org.testng.internal.invokers.TestInvoker.invokeMethod(TestInvoker.java:687)
at org.testng.internal.invokers.TestInvoker.invokeTestMethod(TestInvoker.java:230)
at org.testng.internal.invokers.TestMethodWithDataProviderMethodWorker.call(TestMethodWithDataProviderMethodWorker.java:81)
at org.testng.internal.thread.Async$AsyncTask.run(Async.java:34)
at java.base/java.util.concurrent.ThreadPoolExecutor.runWorker(ThreadPoolExecutor.java:1144)
at java.base/java.util.concurrent.ThreadPoolExecutor$Worker.run(ThreadPoolExecutor.java:642)
at java.base/java.lang.Thread.run(Thread.java:1583)
Caused by: com.microsoft.playwright.impl.TargetClosedError: Error {
  message='Target page, context or browser has been closed
  name='TargetClosedError
  stack='TargetClosedError: Target page, context or browser has been closed
    at DispatcherConnection.dispatch (/private/var/folders/1b/cqmvqvbd4sg1xvl1gc93cfyh0000gn/T/playwright-java-4501332805832521530/package/lib/server/dispatchers/dispatcher.js:243:69)
    at transport.onmessage (/private/var/folders/1b/cqmvqvbd4sg1xvl1gc93cfyh0000gn/T/playwright-java-4501332805832521530/package/lib/cli/driver.js:53:59)
    at Immediate._onImmediate (/private/var/folders/1b/cqmvqvbd4sg1xvl1gc93cfyh0000gn/T/playwright-java-4501332805832521530/package/lib/server/utils/pipeTransport.js:76:16)
    at process.processImmediate (node:internal/timers:485:21)
}
at com.microsoft.playwright.impl.Connection.dispatch(Connection.java:259)
at com.microsoft.playwright.impl.Connection.processOneMessage(Connection.java:214)
at com.microsoft.playwright.impl.ChannelOwner.runUntil(ChannelOwner.java:136)
... 17 more
]]>
    </error>
  </testcase> <!-- addMultipleLeads -->
  <testcase classname="playwright.Add100leadForProject" name="addMultipleLeads" time="0.018">
    <error message="Error {
  message=&#039;Target page, context or browser has been closed
  name=&#039;TargetClosedError
  stack=&#039;TargetClosedError: Target page, context or browser has been closed
    at DispatcherConnection.dispatch (/private/var/folders/1b/cqmvqvbd4sg1xvl1gc93cfyh0000gn/T/playwright-java-4501332805832521530/package/lib/server/dispatchers/dispatcher.js:243:69)
    at transport.onmessage (/private/var/folders/1b/cqmvqvbd4sg1xvl1gc93cfyh0000gn/T/playwright-java-4501332805832521530/package/lib/cli/driver.js:53:59)
    at Immediate._onImmediate (/private/var/folders/1b/cqmvqvbd4sg1xvl1gc93cfyh0000gn/T/playwright-java-4501332805832521530/package/lib/server/utils/pipeTransport.js:76:16)
    at process.processImmediate (node:internal/timers:485:21)
}" type="com.microsoft.playwright.impl.TargetClosedError">
      <![CDATA[com.microsoft.playwright.impl.TargetClosedError: Error {
  message='Target page, context or browser has been closed
  name='TargetClosedError
  stack='TargetClosedError: Target page, context or browser has been closed
    at DispatcherConnection.dispatch (/private/var/folders/1b/cqmvqvbd4sg1xvl1gc93cfyh0000gn/T/playwright-java-4501332805832521530/package/lib/server/dispatchers/dispatcher.js:243:69)
    at transport.onmessage (/private/var/folders/1b/cqmvqvbd4sg1xvl1gc93cfyh0000gn/T/playwright-java-4501332805832521530/package/lib/cli/driver.js:53:59)
    at Immediate._onImmediate (/private/var/folders/1b/cqmvqvbd4sg1xvl1gc93cfyh0000gn/T/playwright-java-4501332805832521530/package/lib/server/utils/pipeTransport.js:76:16)
    at process.processImmediate (node:internal/timers:485:21)
}
at com.microsoft.playwright.impl.WaitableResult.get(WaitableResult.java:54)
at com.microsoft.playwright.impl.ChannelOwner.runUntil(ChannelOwner.java:138)
at com.microsoft.playwright.impl.Connection.sendMessage(Connection.java:131)
at com.microsoft.playwright.impl.ChannelOwner.sendMessage(ChannelOwner.java:124)
at com.microsoft.playwright.impl.FrameImpl.clickImpl(FrameImpl.java:241)
at com.microsoft.playwright.impl.PageImpl.click(PageImpl.java:680)
at com.microsoft.playwright.Page.click(Page.java:3931)
at playwright.Add100leadForProject.addLead(Add100leadForProject.java:67)
at playwright.Add100leadForProject.addMultipleLeads(Add100leadForProject.java:111)
at java.base/jdk.internal.reflect.DirectMethodHandleAccessor.invoke(DirectMethodHandleAccessor.java:103)
at java.base/java.lang.reflect.Method.invoke(Method.java:580)
at org.testng.internal.invokers.MethodInvocationHelper.invokeMethod(MethodInvocationHelper.java:141)
at org.testng.internal.invokers.TestInvoker.invokeMethod(TestInvoker.java:687)
at org.testng.internal.invokers.TestInvoker.invokeTestMethod(TestInvoker.java:230)
at org.testng.internal.invokers.TestMethodWithDataProviderMethodWorker.call(TestMethodWithDataProviderMethodWorker.java:81)
at org.testng.internal.thread.Async$AsyncTask.run(Async.java:34)
at java.base/java.util.concurrent.ThreadPoolExecutor.runWorker(ThreadPoolExecutor.java:1144)
at java.base/java.util.concurrent.ThreadPoolExecutor$Worker.run(ThreadPoolExecutor.java:642)
at java.base/java.lang.Thread.run(Thread.java:1583)
Caused by: com.microsoft.playwright.impl.TargetClosedError: Error {
  message='Target page, context or browser has been closed
  name='TargetClosedError
  stack='TargetClosedError: Target page, context or browser has been closed
    at DispatcherConnection.dispatch (/private/var/folders/1b/cqmvqvbd4sg1xvl1gc93cfyh0000gn/T/playwright-java-4501332805832521530/package/lib/server/dispatchers/dispatcher.js:243:69)
    at transport.onmessage (/private/var/folders/1b/cqmvqvbd4sg1xvl1gc93cfyh0000gn/T/playwright-java-4501332805832521530/package/lib/cli/driver.js:53:59)
    at Immediate._onImmediate (/private/var/folders/1b/cqmvqvbd4sg1xvl1gc93cfyh0000gn/T/playwright-java-4501332805832521530/package/lib/server/utils/pipeTransport.js:76:16)
    at process.processImmediate (node:internal/timers:485:21)
}
at com.microsoft.playwright.impl.Connection.dispatch(Connection.java:259)
at com.microsoft.playwright.impl.Connection.processOneMessage(Connection.java:214)
at com.microsoft.playwright.impl.ChannelOwner.runUntil(ChannelOwner.java:136)
... 17 more
]]>
    </error>
  </testcase> <!-- addMultipleLeads -->
  <testcase classname="playwright.Add100leadForProject" name="addMultipleLeads" time="0.010">
    <error message="Error {
  message=&#039;Target page, context or browser has been closed
  name=&#039;TargetClosedError
  stack=&#039;TargetClosedError: Target page, context or browser has been closed
    at DispatcherConnection.dispatch (/private/var/folders/1b/cqmvqvbd4sg1xvl1gc93cfyh0000gn/T/playwright-java-4501332805832521530/package/lib/server/dispatchers/dispatcher.js:243:69)
    at transport.onmessage (/private/var/folders/1b/cqmvqvbd4sg1xvl1gc93cfyh0000gn/T/playwright-java-4501332805832521530/package/lib/cli/driver.js:53:59)
    at Immediate._onImmediate (/private/var/folders/1b/cqmvqvbd4sg1xvl1gc93cfyh0000gn/T/playwright-java-4501332805832521530/package/lib/server/utils/pipeTransport.js:76:16)
    at process.processImmediate (node:internal/timers:485:21)
}" type="com.microsoft.playwright.impl.TargetClosedError">
      <![CDATA[com.microsoft.playwright.impl.TargetClosedError: Error {
  message='Target page, context or browser has been closed
  name='TargetClosedError
  stack='TargetClosedError: Target page, context or browser has been closed
    at DispatcherConnection.dispatch (/private/var/folders/1b/cqmvqvbd4sg1xvl1gc93cfyh0000gn/T/playwright-java-4501332805832521530/package/lib/server/dispatchers/dispatcher.js:243:69)
    at transport.onmessage (/private/var/folders/1b/cqmvqvbd4sg1xvl1gc93cfyh0000gn/T/playwright-java-4501332805832521530/package/lib/cli/driver.js:53:59)
    at Immediate._onImmediate (/private/var/folders/1b/cqmvqvbd4sg1xvl1gc93cfyh0000gn/T/playwright-java-4501332805832521530/package/lib/server/utils/pipeTransport.js:76:16)
    at process.processImmediate (node:internal/timers:485:21)
}
at com.microsoft.playwright.impl.WaitableResult.get(WaitableResult.java:54)
at com.microsoft.playwright.impl.ChannelOwner.runUntil(ChannelOwner.java:138)
at com.microsoft.playwright.impl.Connection.sendMessage(Connection.java:131)
at com.microsoft.playwright.impl.ChannelOwner.sendMessage(ChannelOwner.java:124)
at com.microsoft.playwright.impl.FrameImpl.clickImpl(FrameImpl.java:241)
at com.microsoft.playwright.impl.PageImpl.click(PageImpl.java:680)
at com.microsoft.playwright.Page.click(Page.java:3931)
at playwright.Add100leadForProject.addLead(Add100leadForProject.java:67)
at playwright.Add100leadForProject.addMultipleLeads(Add100leadForProject.java:111)
at java.base/jdk.internal.reflect.DirectMethodHandleAccessor.invoke(DirectMethodHandleAccessor.java:103)
at java.base/java.lang.reflect.Method.invoke(Method.java:580)
at org.testng.internal.invokers.MethodInvocationHelper.invokeMethod(MethodInvocationHelper.java:141)
at org.testng.internal.invokers.TestInvoker.invokeMethod(TestInvoker.java:687)
at org.testng.internal.invokers.TestInvoker.invokeTestMethod(TestInvoker.java:230)
at org.testng.internal.invokers.TestMethodWithDataProviderMethodWorker.call(TestMethodWithDataProviderMethodWorker.java:81)
at org.testng.internal.thread.Async$AsyncTask.run(Async.java:34)
at java.base/java.util.concurrent.ThreadPoolExecutor.runWorker(ThreadPoolExecutor.java:1144)
at java.base/java.util.concurrent.ThreadPoolExecutor$Worker.run(ThreadPoolExecutor.java:642)
at java.base/java.lang.Thread.run(Thread.java:1583)
Caused by: com.microsoft.playwright.impl.TargetClosedError: Error {
  message='Target page, context or browser has been closed
  name='TargetClosedError
  stack='TargetClosedError: Target page, context or browser has been closed
    at DispatcherConnection.dispatch (/private/var/folders/1b/cqmvqvbd4sg1xvl1gc93cfyh0000gn/T/playwright-java-4501332805832521530/package/lib/server/dispatchers/dispatcher.js:243:69)
    at transport.onmessage (/private/var/folders/1b/cqmvqvbd4sg1xvl1gc93cfyh0000gn/T/playwright-java-4501332805832521530/package/lib/cli/driver.js:53:59)
    at Immediate._onImmediate (/private/var/folders/1b/cqmvqvbd4sg1xvl1gc93cfyh0000gn/T/playwright-java-4501332805832521530/package/lib/server/utils/pipeTransport.js:76:16)
    at process.processImmediate (node:internal/timers:485:21)
}
at com.microsoft.playwright.impl.Connection.dispatch(Connection.java:259)
at com.microsoft.playwright.impl.Connection.processOneMessage(Connection.java:214)
at com.microsoft.playwright.impl.ChannelOwner.runUntil(ChannelOwner.java:136)
... 17 more
]]>
    </error>
  </testcase> <!-- addMultipleLeads -->
  <testcase classname="playwright.Add100leadForProject" name="addMultipleLeads" time="0.006">
    <error message="Error {
  message=&#039;Target page, context or browser has been closed
  name=&#039;TargetClosedError
  stack=&#039;TargetClosedError: Target page, context or browser has been closed
    at DispatcherConnection.dispatch (/private/var/folders/1b/cqmvqvbd4sg1xvl1gc93cfyh0000gn/T/playwright-java-4501332805832521530/package/lib/server/dispatchers/dispatcher.js:243:69)
    at transport.onmessage (/private/var/folders/1b/cqmvqvbd4sg1xvl1gc93cfyh0000gn/T/playwright-java-4501332805832521530/package/lib/cli/driver.js:53:59)
    at Immediate._onImmediate (/private/var/folders/1b/cqmvqvbd4sg1xvl1gc93cfyh0000gn/T/playwright-java-4501332805832521530/package/lib/server/utils/pipeTransport.js:76:16)
    at process.processImmediate (node:internal/timers:485:21)
}" type="com.microsoft.playwright.impl.TargetClosedError">
      <![CDATA[com.microsoft.playwright.impl.TargetClosedError: Error {
  message='Target page, context or browser has been closed
  name='TargetClosedError
  stack='TargetClosedError: Target page, context or browser has been closed
    at DispatcherConnection.dispatch (/private/var/folders/1b/cqmvqvbd4sg1xvl1gc93cfyh0000gn/T/playwright-java-4501332805832521530/package/lib/server/dispatchers/dispatcher.js:243:69)
    at transport.onmessage (/private/var/folders/1b/cqmvqvbd4sg1xvl1gc93cfyh0000gn/T/playwright-java-4501332805832521530/package/lib/cli/driver.js:53:59)
    at Immediate._onImmediate (/private/var/folders/1b/cqmvqvbd4sg1xvl1gc93cfyh0000gn/T/playwright-java-4501332805832521530/package/lib/server/utils/pipeTransport.js:76:16)
    at process.processImmediate (node:internal/timers:485:21)
}
at com.microsoft.playwright.impl.WaitableResult.get(WaitableResult.java:54)
at com.microsoft.playwright.impl.ChannelOwner.runUntil(ChannelOwner.java:138)
at com.microsoft.playwright.impl.Connection.sendMessage(Connection.java:131)
at com.microsoft.playwright.impl.ChannelOwner.sendMessage(ChannelOwner.java:124)
at com.microsoft.playwright.impl.FrameImpl.clickImpl(FrameImpl.java:241)
at com.microsoft.playwright.impl.PageImpl.click(PageImpl.java:680)
at com.microsoft.playwright.Page.click(Page.java:3931)
at playwright.Add100leadForProject.addLead(Add100leadForProject.java:67)
at playwright.Add100leadForProject.addMultipleLeads(Add100leadForProject.java:111)
at java.base/jdk.internal.reflect.DirectMethodHandleAccessor.invoke(DirectMethodHandleAccessor.java:103)
at java.base/java.lang.reflect.Method.invoke(Method.java:580)
at org.testng.internal.invokers.MethodInvocationHelper.invokeMethod(MethodInvocationHelper.java:141)
at org.testng.internal.invokers.TestInvoker.invokeMethod(TestInvoker.java:687)
at org.testng.internal.invokers.TestInvoker.invokeTestMethod(TestInvoker.java:230)
at org.testng.internal.invokers.TestMethodWithDataProviderMethodWorker.call(TestMethodWithDataProviderMethodWorker.java:81)
at org.testng.internal.thread.Async$AsyncTask.run(Async.java:34)
at java.base/java.util.concurrent.ThreadPoolExecutor.runWorker(ThreadPoolExecutor.java:1144)
at java.base/java.util.concurrent.ThreadPoolExecutor$Worker.run(ThreadPoolExecutor.java:642)
at java.base/java.lang.Thread.run(Thread.java:1583)
Caused by: com.microsoft.playwright.impl.TargetClosedError: Error {
  message='Target page, context or browser has been closed
  name='TargetClosedError
  stack='TargetClosedError: Target page, context or browser has been closed
    at DispatcherConnection.dispatch (/private/var/folders/1b/cqmvqvbd4sg1xvl1gc93cfyh0000gn/T/playwright-java-4501332805832521530/package/lib/server/dispatchers/dispatcher.js:243:69)
    at transport.onmessage (/private/var/folders/1b/cqmvqvbd4sg1xvl1gc93cfyh0000gn/T/playwright-java-4501332805832521530/package/lib/cli/driver.js:53:59)
    at Immediate._onImmediate (/private/var/folders/1b/cqmvqvbd4sg1xvl1gc93cfyh0000gn/T/playwright-java-4501332805832521530/package/lib/server/utils/pipeTransport.js:76:16)
    at process.processImmediate (node:internal/timers:485:21)
}
at com.microsoft.playwright.impl.Connection.dispatch(Connection.java:259)
at com.microsoft.playwright.impl.Connection.processOneMessage(Connection.java:214)
at com.microsoft.playwright.impl.ChannelOwner.runUntil(ChannelOwner.java:136)
... 17 more
]]>
    </error>
  </testcase> <!-- addMultipleLeads -->
  <testcase classname="playwright.Add100leadForProject" name="addMultipleLeads" time="0.021">
    <error message="Error {
  message=&#039;Target page, context or browser has been closed
  name=&#039;TargetClosedError
  stack=&#039;TargetClosedError: Target page, context or browser has been closed
    at DispatcherConnection.dispatch (/private/var/folders/1b/cqmvqvbd4sg1xvl1gc93cfyh0000gn/T/playwright-java-4501332805832521530/package/lib/server/dispatchers/dispatcher.js:243:69)
    at transport.onmessage (/private/var/folders/1b/cqmvqvbd4sg1xvl1gc93cfyh0000gn/T/playwright-java-4501332805832521530/package/lib/cli/driver.js:53:59)
    at Immediate._onImmediate (/private/var/folders/1b/cqmvqvbd4sg1xvl1gc93cfyh0000gn/T/playwright-java-4501332805832521530/package/lib/server/utils/pipeTransport.js:76:16)
    at process.processImmediate (node:internal/timers:485:21)
}" type="com.microsoft.playwright.impl.TargetClosedError">
      <![CDATA[com.microsoft.playwright.impl.TargetClosedError: Error {
  message='Target page, context or browser has been closed
  name='TargetClosedError
  stack='TargetClosedError: Target page, context or browser has been closed
    at DispatcherConnection.dispatch (/private/var/folders/1b/cqmvqvbd4sg1xvl1gc93cfyh0000gn/T/playwright-java-4501332805832521530/package/lib/server/dispatchers/dispatcher.js:243:69)
    at transport.onmessage (/private/var/folders/1b/cqmvqvbd4sg1xvl1gc93cfyh0000gn/T/playwright-java-4501332805832521530/package/lib/cli/driver.js:53:59)
    at Immediate._onImmediate (/private/var/folders/1b/cqmvqvbd4sg1xvl1gc93cfyh0000gn/T/playwright-java-4501332805832521530/package/lib/server/utils/pipeTransport.js:76:16)
    at process.processImmediate (node:internal/timers:485:21)
}
at com.microsoft.playwright.impl.WaitableResult.get(WaitableResult.java:54)
at com.microsoft.playwright.impl.ChannelOwner.runUntil(ChannelOwner.java:138)
at com.microsoft.playwright.impl.Connection.sendMessage(Connection.java:131)
at com.microsoft.playwright.impl.ChannelOwner.sendMessage(ChannelOwner.java:124)
at com.microsoft.playwright.impl.FrameImpl.clickImpl(FrameImpl.java:241)
at com.microsoft.playwright.impl.PageImpl.click(PageImpl.java:680)
at com.microsoft.playwright.Page.click(Page.java:3931)
at playwright.Add100leadForProject.addLead(Add100leadForProject.java:67)
at playwright.Add100leadForProject.addMultipleLeads(Add100leadForProject.java:111)
at java.base/jdk.internal.reflect.DirectMethodHandleAccessor.invoke(DirectMethodHandleAccessor.java:103)
at java.base/java.lang.reflect.Method.invoke(Method.java:580)
at org.testng.internal.invokers.MethodInvocationHelper.invokeMethod(MethodInvocationHelper.java:141)
at org.testng.internal.invokers.TestInvoker.invokeMethod(TestInvoker.java:687)
at org.testng.internal.invokers.TestInvoker.invokeTestMethod(TestInvoker.java:230)
at org.testng.internal.invokers.TestMethodWithDataProviderMethodWorker.call(TestMethodWithDataProviderMethodWorker.java:81)
at org.testng.internal.thread.Async$AsyncTask.run(Async.java:34)
at java.base/java.util.concurrent.ThreadPoolExecutor.runWorker(ThreadPoolExecutor.java:1144)
at java.base/java.util.concurrent.ThreadPoolExecutor$Worker.run(ThreadPoolExecutor.java:642)
at java.base/java.lang.Thread.run(Thread.java:1583)
Caused by: com.microsoft.playwright.impl.TargetClosedError: Error {
  message='Target page, context or browser has been closed
  name='TargetClosedError
  stack='TargetClosedError: Target page, context or browser has been closed
    at DispatcherConnection.dispatch (/private/var/folders/1b/cqmvqvbd4sg1xvl1gc93cfyh0000gn/T/playwright-java-4501332805832521530/package/lib/server/dispatchers/dispatcher.js:243:69)
    at transport.onmessage (/private/var/folders/1b/cqmvqvbd4sg1xvl1gc93cfyh0000gn/T/playwright-java-4501332805832521530/package/lib/cli/driver.js:53:59)
    at Immediate._onImmediate (/private/var/folders/1b/cqmvqvbd4sg1xvl1gc93cfyh0000gn/T/playwright-java-4501332805832521530/package/lib/server/utils/pipeTransport.js:76:16)
    at process.processImmediate (node:internal/timers:485:21)
}
at com.microsoft.playwright.impl.Connection.dispatch(Connection.java:259)
at com.microsoft.playwright.impl.Connection.processOneMessage(Connection.java:214)
at com.microsoft.playwright.impl.ChannelOwner.runUntil(ChannelOwner.java:136)
... 17 more
]]>
    </error>
  </testcase> <!-- addMultipleLeads -->
  <testcase classname="playwright.Add100leadForProject" name="addMultipleLeads" time="0.009">
    <error message="Error {
  message=&#039;Target page, context or browser has been closed
  name=&#039;TargetClosedError
  stack=&#039;TargetClosedError: Target page, context or browser has been closed
    at DispatcherConnection.dispatch (/private/var/folders/1b/cqmvqvbd4sg1xvl1gc93cfyh0000gn/T/playwright-java-4501332805832521530/package/lib/server/dispatchers/dispatcher.js:243:69)
    at transport.onmessage (/private/var/folders/1b/cqmvqvbd4sg1xvl1gc93cfyh0000gn/T/playwright-java-4501332805832521530/package/lib/cli/driver.js:53:59)
    at Immediate._onImmediate (/private/var/folders/1b/cqmvqvbd4sg1xvl1gc93cfyh0000gn/T/playwright-java-4501332805832521530/package/lib/server/utils/pipeTransport.js:76:16)
    at process.processImmediate (node:internal/timers:485:21)
}" type="com.microsoft.playwright.impl.TargetClosedError">
      <![CDATA[com.microsoft.playwright.impl.TargetClosedError: Error {
  message='Target page, context or browser has been closed
  name='TargetClosedError
  stack='TargetClosedError: Target page, context or browser has been closed
    at DispatcherConnection.dispatch (/private/var/folders/1b/cqmvqvbd4sg1xvl1gc93cfyh0000gn/T/playwright-java-4501332805832521530/package/lib/server/dispatchers/dispatcher.js:243:69)
    at transport.onmessage (/private/var/folders/1b/cqmvqvbd4sg1xvl1gc93cfyh0000gn/T/playwright-java-4501332805832521530/package/lib/cli/driver.js:53:59)
    at Immediate._onImmediate (/private/var/folders/1b/cqmvqvbd4sg1xvl1gc93cfyh0000gn/T/playwright-java-4501332805832521530/package/lib/server/utils/pipeTransport.js:76:16)
    at process.processImmediate (node:internal/timers:485:21)
}
at com.microsoft.playwright.impl.WaitableResult.get(WaitableResult.java:54)
at com.microsoft.playwright.impl.ChannelOwner.runUntil(ChannelOwner.java:138)
at com.microsoft.playwright.impl.Connection.sendMessage(Connection.java:131)
at com.microsoft.playwright.impl.ChannelOwner.sendMessage(ChannelOwner.java:124)
at com.microsoft.playwright.impl.FrameImpl.clickImpl(FrameImpl.java:241)
at com.microsoft.playwright.impl.PageImpl.click(PageImpl.java:680)
at com.microsoft.playwright.Page.click(Page.java:3931)
at playwright.Add100leadForProject.addLead(Add100leadForProject.java:67)
at playwright.Add100leadForProject.addMultipleLeads(Add100leadForProject.java:111)
at java.base/jdk.internal.reflect.DirectMethodHandleAccessor.invoke(DirectMethodHandleAccessor.java:103)
at java.base/java.lang.reflect.Method.invoke(Method.java:580)
at org.testng.internal.invokers.MethodInvocationHelper.invokeMethod(MethodInvocationHelper.java:141)
at org.testng.internal.invokers.TestInvoker.invokeMethod(TestInvoker.java:687)
at org.testng.internal.invokers.TestInvoker.invokeTestMethod(TestInvoker.java:230)
at org.testng.internal.invokers.TestMethodWithDataProviderMethodWorker.call(TestMethodWithDataProviderMethodWorker.java:81)
at org.testng.internal.thread.Async$AsyncTask.run(Async.java:34)
at java.base/java.util.concurrent.ThreadPoolExecutor.runWorker(ThreadPoolExecutor.java:1144)
at java.base/java.util.concurrent.ThreadPoolExecutor$Worker.run(ThreadPoolExecutor.java:642)
at java.base/java.lang.Thread.run(Thread.java:1583)
Caused by: com.microsoft.playwright.impl.TargetClosedError: Error {
  message='Target page, context or browser has been closed
  name='TargetClosedError
  stack='TargetClosedError: Target page, context or browser has been closed
    at DispatcherConnection.dispatch (/private/var/folders/1b/cqmvqvbd4sg1xvl1gc93cfyh0000gn/T/playwright-java-4501332805832521530/package/lib/server/dispatchers/dispatcher.js:243:69)
    at transport.onmessage (/private/var/folders/1b/cqmvqvbd4sg1xvl1gc93cfyh0000gn/T/playwright-java-4501332805832521530/package/lib/cli/driver.js:53:59)
    at Immediate._onImmediate (/private/var/folders/1b/cqmvqvbd4sg1xvl1gc93cfyh0000gn/T/playwright-java-4501332805832521530/package/lib/server/utils/pipeTransport.js:76:16)
    at process.processImmediate (node:internal/timers:485:21)
}
at com.microsoft.playwright.impl.Connection.dispatch(Connection.java:259)
at com.microsoft.playwright.impl.Connection.processOneMessage(Connection.java:214)
at com.microsoft.playwright.impl.ChannelOwner.runUntil(ChannelOwner.java:136)
... 17 more
]]>
    </error>
  </testcase> <!-- addMultipleLeads -->
  <testcase classname="playwright.Add100leadForProject" name="addMultipleLeads" time="0.032">
    <error message="Cannot find command to respond: 29" type="com.microsoft.playwright.PlaywrightException">
      <![CDATA[com.microsoft.playwright.PlaywrightException: Cannot find command to respond: 29
at com.microsoft.playwright.impl.Connection.dispatch(Connection.java:246)
at com.microsoft.playwright.impl.Connection.processOneMessage(Connection.java:214)
at com.microsoft.playwright.impl.ChannelOwner.runUntil(ChannelOwner.java:136)
at com.microsoft.playwright.impl.Connection.sendMessage(Connection.java:131)
at com.microsoft.playwright.impl.ChannelOwner.sendMessage(ChannelOwner.java:124)
at com.microsoft.playwright.impl.FrameImpl.clickImpl(FrameImpl.java:241)
at com.microsoft.playwright.impl.PageImpl.click(PageImpl.java:680)
at com.microsoft.playwright.Page.click(Page.java:3931)
at playwright.Add100leadForProject.addLead(Add100leadForProject.java:67)
at playwright.Add100leadForProject.addMultipleLeads(Add100leadForProject.java:111)
at java.base/jdk.internal.reflect.DirectMethodHandleAccessor.invoke(DirectMethodHandleAccessor.java:103)
at java.base/java.lang.reflect.Method.invoke(Method.java:580)
at org.testng.internal.invokers.MethodInvocationHelper.invokeMethod(MethodInvocationHelper.java:141)
at org.testng.internal.invokers.TestInvoker.invokeMethod(TestInvoker.java:687)
at org.testng.internal.invokers.TestInvoker.invokeTestMethod(TestInvoker.java:230)
at org.testng.internal.invokers.TestMethodWithDataProviderMethodWorker.call(TestMethodWithDataProviderMethodWorker.java:81)
at org.testng.internal.thread.Async$AsyncTask.run(Async.java:34)
at java.base/java.util.concurrent.ThreadPoolExecutor.runWorker(ThreadPoolExecutor.java:1144)
at java.base/java.util.concurrent.ThreadPoolExecutor$Worker.run(ThreadPoolExecutor.java:642)
at java.base/java.lang.Thread.run(Thread.java:1583)
]]>
    </error>
  </testcase> <!-- addMultipleLeads -->
  <testcase classname="playwright.Add100leadForProject" name="addMultipleLeads" time="15.888">
    <error message="Error {
  message=&#039;Target page, context or browser has been closed
  name=&#039;TargetClosedError
  stack=&#039;TargetClosedError:Target page, context or browser has been closed
Error
    at captureRawStack (/private/var/folders/1b/cqmvqvbd4sg1xvl1gc93cfyh0000gn/T/playwright-java-4501332805832521530/package/lib/utils/isomorphic/stackTrace.js:32:17)
    at LongStandingScope._race (/private/var/folders/1b/cqmvqvbd4sg1xvl1gc93cfyh0000gn/T/playwright-java-4501332805832521530/package/lib/utils/isomorphic/manualPromise.js:87:58)
    at LongStandingScope.race (/private/var/folders/1b/cqmvqvbd4sg1xvl1gc93cfyh0000gn/T/playwright-java-4501332805832521530/package/lib/utils/isomorphic/manualPromise.js:80:17)
    at /private/var/folders/1b/cqmvqvbd4sg1xvl1gc93cfyh0000gn/T/playwright-java-4501332805832521530/package/lib/utils/isomorphic/manualPromise.js:77:45
    at Array.map (&lt;anonymous&gt;)
    at LongStandingScope.raceMultiple (/private/var/folders/1b/cqmvqvbd4sg1xvl1gc93cfyh0000gn/T/playwright-java-4501332805832521530/package/lib/utils/isomorphic/manualPromise.js:77:32)
    at Frame.retryWithProgressAndTimeouts (/private/var/folders/1b/cqmvqvbd4sg1xvl1gc93cfyh0000gn/T/playwright-java-4501332805832521530/package/lib/server/frames.js:877:46)
    at runNextTicks (node:internal/process/task_queues:65:5)
    at process.processImmediate (node:internal/timers:453:9)
    at async /private/var/folders/1b/cqmvqvbd4sg1xvl1gc93cfyh0000gn/T/playwright-java-4501332805832521530/package/lib/server/frames.js:960:29
    at async ProgressController.run (/private/var/folders/1b/cqmvqvbd4sg1xvl1gc93cfyh0000gn/T/playwright-java-4501332805832521530/package/lib/server/progress.js:80:22)
    at async FrameDispatcher.click (/private/var/folders/1b/cqmvqvbd4sg1xvl1gc93cfyh0000gn/T/playwright-java-4501332805832521530/package/lib/server/dispatchers/frameDispatcher.js:117:12)
    at async LongStandingScope._race (/private/var/folders/1b/cqmvqvbd4sg1xvl1gc93cfyh0000gn/T/playwright-java-4501332805832521530/package/lib/utils/isomorphic/manualPromise.js:94:14)
    at async FrameDispatcher._handleCommand (/private/var/folders/1b/cqmvqvbd4sg1xvl1gc93cfyh0000gn/T/playwright-java-4501332805832521530/package/lib/server/dispatchers/dispatcher.js:90:14)
    at async DispatcherConnection.dispatch (/private/var/folders/1b/cqmvqvbd4sg1xvl1gc93cfyh0000gn/T/playwright-java-4501332805832521530/package/lib/server/dispatchers/dispatcher.js:309:22)
}
Call log:
-   - waiting for locator(&quot;xpath=(//p[@data-size=&#039;sm&#039;])[4]&quot;)
" type="com.microsoft.playwright.impl.TargetClosedError">
      <![CDATA[com.microsoft.playwright.impl.TargetClosedError: Error {
  message='Target page, context or browser has been closed
  name='TargetClosedError
  stack='TargetClosedError:Target page, context or browser has been closed
Error
    at captureRawStack (/private/var/folders/1b/cqmvqvbd4sg1xvl1gc93cfyh0000gn/T/playwright-java-4501332805832521530/package/lib/utils/isomorphic/stackTrace.js:32:17)
    at LongStandingScope._race (/private/var/folders/1b/cqmvqvbd4sg1xvl1gc93cfyh0000gn/T/playwright-java-4501332805832521530/package/lib/utils/isomorphic/manualPromise.js:87:58)
    at LongStandingScope.race (/private/var/folders/1b/cqmvqvbd4sg1xvl1gc93cfyh0000gn/T/playwright-java-4501332805832521530/package/lib/utils/isomorphic/manualPromise.js:80:17)
    at /private/var/folders/1b/cqmvqvbd4sg1xvl1gc93cfyh0000gn/T/playwright-java-4501332805832521530/package/lib/utils/isomorphic/manualPromise.js:77:45
    at Array.map (<anonymous>)
    at LongStandingScope.raceMultiple (/private/var/folders/1b/cqmvqvbd4sg1xvl1gc93cfyh0000gn/T/playwright-java-4501332805832521530/package/lib/utils/isomorphic/manualPromise.js:77:32)
    at Frame.retryWithProgressAndTimeouts (/private/var/folders/1b/cqmvqvbd4sg1xvl1gc93cfyh0000gn/T/playwright-java-4501332805832521530/package/lib/server/frames.js:877:46)
    at runNextTicks (node:internal/process/task_queues:65:5)
    at process.processImmediate (node:internal/timers:453:9)
    at async /private/var/folders/1b/cqmvqvbd4sg1xvl1gc93cfyh0000gn/T/playwright-java-4501332805832521530/package/lib/server/frames.js:960:29
    at async ProgressController.run (/private/var/folders/1b/cqmvqvbd4sg1xvl1gc93cfyh0000gn/T/playwright-java-4501332805832521530/package/lib/server/progress.js:80:22)
    at async FrameDispatcher.click (/private/var/folders/1b/cqmvqvbd4sg1xvl1gc93cfyh0000gn/T/playwright-java-4501332805832521530/package/lib/server/dispatchers/frameDispatcher.js:117:12)
    at async LongStandingScope._race (/private/var/folders/1b/cqmvqvbd4sg1xvl1gc93cfyh0000gn/T/playwright-java-4501332805832521530/package/lib/utils/isomorphic/manualPromise.js:94:14)
    at async FrameDispatcher._handleCommand (/private/var/folders/1b/cqmvqvbd4sg1xvl1gc93cfyh0000gn/T/playwright-java-4501332805832521530/package/lib/server/dispatchers/dispatcher.js:90:14)
    at async DispatcherConnection.dispatch (/private/var/folders/1b/cqmvqvbd4sg1xvl1gc93cfyh0000gn/T/playwright-java-4501332805832521530/package/lib/server/dispatchers/dispatcher.js:309:22)
}
Call log:
-   - waiting for locator("xpath=(//p[@data-size='sm'])[4]")

at com.microsoft.playwright.impl.WaitableResult.get(WaitableResult.java:54)
at com.microsoft.playwright.impl.ChannelOwner.runUntil(ChannelOwner.java:138)
at com.microsoft.playwright.impl.Connection.sendMessage(Connection.java:131)
at com.microsoft.playwright.impl.ChannelOwner.sendMessage(ChannelOwner.java:124)
at com.microsoft.playwright.impl.FrameImpl.clickImpl(FrameImpl.java:241)
at com.microsoft.playwright.impl.PageImpl.click(PageImpl.java:680)
at com.microsoft.playwright.Page.click(Page.java:3931)
at playwright.Add100leadForProject.addLead(Add100leadForProject.java:67)
at playwright.Add100leadForProject.addMultipleLeads(Add100leadForProject.java:111)
at java.base/jdk.internal.reflect.DirectMethodHandleAccessor.invoke(DirectMethodHandleAccessor.java:103)
at java.base/java.lang.reflect.Method.invoke(Method.java:580)
at org.testng.internal.invokers.MethodInvocationHelper.invokeMethod(MethodInvocationHelper.java:141)
at org.testng.internal.invokers.TestInvoker.invokeMethod(TestInvoker.java:687)
at org.testng.internal.invokers.TestInvoker.invokeTestMethod(TestInvoker.java:230)
at org.testng.internal.invokers.TestMethodWithDataProviderMethodWorker.call(TestMethodWithDataProviderMethodWorker.java:81)
at org.testng.internal.thread.Async$AsyncTask.run(Async.java:34)
at java.base/java.util.concurrent.ThreadPoolExecutor.runWorker(ThreadPoolExecutor.java:1144)
at java.base/java.util.concurrent.ThreadPoolExecutor$Worker.run(ThreadPoolExecutor.java:642)
at java.base/java.lang.Thread.run(Thread.java:1583)
Caused by: com.microsoft.playwright.impl.TargetClosedError: Error {
  message='Target page, context or browser has been closed
  name='TargetClosedError
  stack='TargetClosedError:Target page, context or browser has been closed
Error
    at captureRawStack (/private/var/folders/1b/cqmvqvbd4sg1xvl1gc93cfyh0000gn/T/playwright-java-4501332805832521530/package/lib/utils/isomorphic/stackTrace.js:32:17)
    at LongStandingScope._race (/private/var/folders/1b/cqmvqvbd4sg1xvl1gc93cfyh0000gn/T/playwright-java-4501332805832521530/package/lib/utils/isomorphic/manualPromise.js:87:58)
    at LongStandingScope.race (/private/var/folders/1b/cqmvqvbd4sg1xvl1gc93cfyh0000gn/T/playwright-java-4501332805832521530/package/lib/utils/isomorphic/manualPromise.js:80:17)
    at /private/var/folders/1b/cqmvqvbd4sg1xvl1gc93cfyh0000gn/T/playwright-java-4501332805832521530/package/lib/utils/isomorphic/manualPromise.js:77:45
    at Array.map (<anonymous>)
    at LongStandingScope.raceMultiple (/private/var/folders/1b/cqmvqvbd4sg1xvl1gc93cfyh0000gn/T/playwright-java-4501332805832521530/package/lib/utils/isomorphic/manualPromise.js:77:32)
    at Frame.retryWithProgressAndTimeouts (/private/var/folders/1b/cqmvqvbd4sg1xvl1gc93cfyh0000gn/T/playwright-java-4501332805832521530/package/lib/server/frames.js:877:46)
    at runNextTicks (node:internal/process/task_queues:65:5)
    at process.processImmediate (node:internal/timers:453:9)
    at async /private/var/folders/1b/cqmvqvbd4sg1xvl1gc93cfyh0000gn/T/playwright-java-4501332805832521530/package/lib/server/frames.js:960:29
    at async ProgressController.run (/private/var/folders/1b/cqmvqvbd4sg1xvl1gc93cfyh0000gn/T/playwright-java-4501332805832521530/package/lib/server/progress.js:80:22)
    at async FrameDispatcher.click (/private/var/folders/1b/cqmvqvbd4sg1xvl1gc93cfyh0000gn/T/playwright-java-4501332805832521530/package/lib/server/dispatchers/frameDispatcher.js:117:12)
    at async LongStandingScope._race (/private/var/folders/1b/cqmvqvbd4sg1xvl1gc93cfyh0000gn/T/playwright-java-4501332805832521530/package/lib/utils/isomorphic/manualPromise.js:94:14)
    at async FrameDispatcher._handleCommand (/private/var/folders/1b/cqmvqvbd4sg1xvl1gc93cfyh0000gn/T/playwright-java-4501332805832521530/package/lib/server/dispatchers/dispatcher.js:90:14)
    at async DispatcherConnection.dispatch (/private/var/folders/1b/cqmvqvbd4sg1xvl1gc93cfyh0000gn/T/playwright-java-4501332805832521530/package/lib/server/dispatchers/dispatcher.js:309:22)
}
Call log:
-   - waiting for locator("xpath=(//p[@data-size='sm'])[4]")

at com.microsoft.playwright.impl.Connection.dispatch(Connection.java:259)
at com.microsoft.playwright.impl.Connection.processOneMessage(Connection.java:214)
at com.microsoft.playwright.impl.ChannelOwner.runUntil(ChannelOwner.java:136)
... 17 more
]]>
    </error>
  </testcase> <!-- addMultipleLeads -->
  <testcase classname="playwright.Add100leadForProject" name="addMultipleLeads" time="0.014">
    <error message="Error {
  message=&#039;Target page, context or browser has been closed
  name=&#039;TargetClosedError
  stack=&#039;TargetClosedError: Target page, context or browser has been closed
    at DispatcherConnection.dispatch (/private/var/folders/1b/cqmvqvbd4sg1xvl1gc93cfyh0000gn/T/playwright-java-4501332805832521530/package/lib/server/dispatchers/dispatcher.js:243:69)
    at transport.onmessage (/private/var/folders/1b/cqmvqvbd4sg1xvl1gc93cfyh0000gn/T/playwright-java-4501332805832521530/package/lib/cli/driver.js:53:59)
    at Immediate._onImmediate (/private/var/folders/1b/cqmvqvbd4sg1xvl1gc93cfyh0000gn/T/playwright-java-4501332805832521530/package/lib/server/utils/pipeTransport.js:76:16)
    at process.processImmediate (node:internal/timers:485:21)
}" type="com.microsoft.playwright.impl.TargetClosedError">
      <![CDATA[com.microsoft.playwright.impl.TargetClosedError: Error {
  message='Target page, context or browser has been closed
  name='TargetClosedError
  stack='TargetClosedError: Target page, context or browser has been closed
    at DispatcherConnection.dispatch (/private/var/folders/1b/cqmvqvbd4sg1xvl1gc93cfyh0000gn/T/playwright-java-4501332805832521530/package/lib/server/dispatchers/dispatcher.js:243:69)
    at transport.onmessage (/private/var/folders/1b/cqmvqvbd4sg1xvl1gc93cfyh0000gn/T/playwright-java-4501332805832521530/package/lib/cli/driver.js:53:59)
    at Immediate._onImmediate (/private/var/folders/1b/cqmvqvbd4sg1xvl1gc93cfyh0000gn/T/playwright-java-4501332805832521530/package/lib/server/utils/pipeTransport.js:76:16)
    at process.processImmediate (node:internal/timers:485:21)
}
at com.microsoft.playwright.impl.WaitableResult.get(WaitableResult.java:54)
at com.microsoft.playwright.impl.ChannelOwner.runUntil(ChannelOwner.java:138)
at com.microsoft.playwright.impl.Connection.sendMessage(Connection.java:131)
at com.microsoft.playwright.impl.ChannelOwner.sendMessage(ChannelOwner.java:124)
at com.microsoft.playwright.impl.FrameImpl.clickImpl(FrameImpl.java:241)
at com.microsoft.playwright.impl.PageImpl.click(PageImpl.java:680)
at com.microsoft.playwright.Page.click(Page.java:3931)
at playwright.Add100leadForProject.addLead(Add100leadForProject.java:67)
at playwright.Add100leadForProject.addMultipleLeads(Add100leadForProject.java:111)
at java.base/jdk.internal.reflect.DirectMethodHandleAccessor.invoke(DirectMethodHandleAccessor.java:103)
at java.base/java.lang.reflect.Method.invoke(Method.java:580)
at org.testng.internal.invokers.MethodInvocationHelper.invokeMethod(MethodInvocationHelper.java:141)
at org.testng.internal.invokers.TestInvoker.invokeMethod(TestInvoker.java:687)
at org.testng.internal.invokers.TestInvoker.invokeTestMethod(TestInvoker.java:230)
at org.testng.internal.invokers.TestMethodWithDataProviderMethodWorker.call(TestMethodWithDataProviderMethodWorker.java:81)
at org.testng.internal.thread.Async$AsyncTask.run(Async.java:34)
at java.base/java.util.concurrent.ThreadPoolExecutor.runWorker(ThreadPoolExecutor.java:1144)
at java.base/java.util.concurrent.ThreadPoolExecutor$Worker.run(ThreadPoolExecutor.java:642)
at java.base/java.lang.Thread.run(Thread.java:1583)
Caused by: com.microsoft.playwright.impl.TargetClosedError: Error {
  message='Target page, context or browser has been closed
  name='TargetClosedError
  stack='TargetClosedError: Target page, context or browser has been closed
    at DispatcherConnection.dispatch (/private/var/folders/1b/cqmvqvbd4sg1xvl1gc93cfyh0000gn/T/playwright-java-4501332805832521530/package/lib/server/dispatchers/dispatcher.js:243:69)
    at transport.onmessage (/private/var/folders/1b/cqmvqvbd4sg1xvl1gc93cfyh0000gn/T/playwright-java-4501332805832521530/package/lib/cli/driver.js:53:59)
    at Immediate._onImmediate (/private/var/folders/1b/cqmvqvbd4sg1xvl1gc93cfyh0000gn/T/playwright-java-4501332805832521530/package/lib/server/utils/pipeTransport.js:76:16)
    at process.processImmediate (node:internal/timers:485:21)
}
at com.microsoft.playwright.impl.Connection.dispatch(Connection.java:259)
at com.microsoft.playwright.impl.Connection.processOneMessage(Connection.java:214)
at com.microsoft.playwright.impl.ChannelOwner.runUntil(ChannelOwner.java:136)
... 17 more
]]>
    </error>
  </testcase> <!-- addMultipleLeads -->
  <testcase classname="playwright.Add100leadForProject" name="addMultipleLeads" time="0.020">
    <error message="Error {
  message=&#039;Target page, context or browser has been closed
  name=&#039;TargetClosedError
  stack=&#039;TargetClosedError: Target page, context or browser has been closed
    at DispatcherConnection.dispatch (/private/var/folders/1b/cqmvqvbd4sg1xvl1gc93cfyh0000gn/T/playwright-java-4501332805832521530/package/lib/server/dispatchers/dispatcher.js:243:69)
    at transport.onmessage (/private/var/folders/1b/cqmvqvbd4sg1xvl1gc93cfyh0000gn/T/playwright-java-4501332805832521530/package/lib/cli/driver.js:53:59)
    at Immediate._onImmediate (/private/var/folders/1b/cqmvqvbd4sg1xvl1gc93cfyh0000gn/T/playwright-java-4501332805832521530/package/lib/server/utils/pipeTransport.js:76:16)
    at process.processImmediate (node:internal/timers:485:21)
}" type="com.microsoft.playwright.impl.TargetClosedError">
      <![CDATA[com.microsoft.playwright.impl.TargetClosedError: Error {
  message='Target page, context or browser has been closed
  name='TargetClosedError
  stack='TargetClosedError: Target page, context or browser has been closed
    at DispatcherConnection.dispatch (/private/var/folders/1b/cqmvqvbd4sg1xvl1gc93cfyh0000gn/T/playwright-java-4501332805832521530/package/lib/server/dispatchers/dispatcher.js:243:69)
    at transport.onmessage (/private/var/folders/1b/cqmvqvbd4sg1xvl1gc93cfyh0000gn/T/playwright-java-4501332805832521530/package/lib/cli/driver.js:53:59)
    at Immediate._onImmediate (/private/var/folders/1b/cqmvqvbd4sg1xvl1gc93cfyh0000gn/T/playwright-java-4501332805832521530/package/lib/server/utils/pipeTransport.js:76:16)
    at process.processImmediate (node:internal/timers:485:21)
}
at com.microsoft.playwright.impl.WaitableResult.get(WaitableResult.java:54)
at com.microsoft.playwright.impl.ChannelOwner.runUntil(ChannelOwner.java:138)
at com.microsoft.playwright.impl.Connection.sendMessage(Connection.java:131)
at com.microsoft.playwright.impl.ChannelOwner.sendMessage(ChannelOwner.java:124)
at com.microsoft.playwright.impl.FrameImpl.clickImpl(FrameImpl.java:241)
at com.microsoft.playwright.impl.PageImpl.click(PageImpl.java:680)
at com.microsoft.playwright.Page.click(Page.java:3931)
at playwright.Add100leadForProject.addLead(Add100leadForProject.java:67)
at playwright.Add100leadForProject.addMultipleLeads(Add100leadForProject.java:111)
at java.base/jdk.internal.reflect.DirectMethodHandleAccessor.invoke(DirectMethodHandleAccessor.java:103)
at java.base/java.lang.reflect.Method.invoke(Method.java:580)
at org.testng.internal.invokers.MethodInvocationHelper.invokeMethod(MethodInvocationHelper.java:141)
at org.testng.internal.invokers.TestInvoker.invokeMethod(TestInvoker.java:687)
at org.testng.internal.invokers.TestInvoker.invokeTestMethod(TestInvoker.java:230)
at org.testng.internal.invokers.TestMethodWithDataProviderMethodWorker.call(TestMethodWithDataProviderMethodWorker.java:81)
at org.testng.internal.thread.Async$AsyncTask.run(Async.java:34)
at java.base/java.util.concurrent.ThreadPoolExecutor.runWorker(ThreadPoolExecutor.java:1144)
at java.base/java.util.concurrent.ThreadPoolExecutor$Worker.run(ThreadPoolExecutor.java:642)
at java.base/java.lang.Thread.run(Thread.java:1583)
Caused by: com.microsoft.playwright.impl.TargetClosedError: Error {
  message='Target page, context or browser has been closed
  name='TargetClosedError
  stack='TargetClosedError: Target page, context or browser has been closed
    at DispatcherConnection.dispatch (/private/var/folders/1b/cqmvqvbd4sg1xvl1gc93cfyh0000gn/T/playwright-java-4501332805832521530/package/lib/server/dispatchers/dispatcher.js:243:69)
    at transport.onmessage (/private/var/folders/1b/cqmvqvbd4sg1xvl1gc93cfyh0000gn/T/playwright-java-4501332805832521530/package/lib/cli/driver.js:53:59)
    at Immediate._onImmediate (/private/var/folders/1b/cqmvqvbd4sg1xvl1gc93cfyh0000gn/T/playwright-java-4501332805832521530/package/lib/server/utils/pipeTransport.js:76:16)
    at process.processImmediate (node:internal/timers:485:21)
}
at com.microsoft.playwright.impl.Connection.dispatch(Connection.java:259)
at com.microsoft.playwright.impl.Connection.processOneMessage(Connection.java:214)
at com.microsoft.playwright.impl.ChannelOwner.runUntil(ChannelOwner.java:136)
... 17 more
]]>
    </error>
  </testcase> <!-- addMultipleLeads -->
  <testcase classname="playwright.Add100leadForProject" name="addMultipleLeads" time="0.004">
    <error message="Error {
  message=&#039;Target page, context or browser has been closed
  name=&#039;TargetClosedError
  stack=&#039;TargetClosedError: Target page, context or browser has been closed
    at DispatcherConnection.dispatch (/private/var/folders/1b/cqmvqvbd4sg1xvl1gc93cfyh0000gn/T/playwright-java-4501332805832521530/package/lib/server/dispatchers/dispatcher.js:243:69)
    at transport.onmessage (/private/var/folders/1b/cqmvqvbd4sg1xvl1gc93cfyh0000gn/T/playwright-java-4501332805832521530/package/lib/cli/driver.js:53:59)
    at Immediate._onImmediate (/private/var/folders/1b/cqmvqvbd4sg1xvl1gc93cfyh0000gn/T/playwright-java-4501332805832521530/package/lib/server/utils/pipeTransport.js:76:16)
    at process.processImmediate (node:internal/timers:485:21)
}" type="com.microsoft.playwright.impl.TargetClosedError">
      <![CDATA[com.microsoft.playwright.impl.TargetClosedError: Error {
  message='Target page, context or browser has been closed
  name='TargetClosedError
  stack='TargetClosedError: Target page, context or browser has been closed
    at DispatcherConnection.dispatch (/private/var/folders/1b/cqmvqvbd4sg1xvl1gc93cfyh0000gn/T/playwright-java-4501332805832521530/package/lib/server/dispatchers/dispatcher.js:243:69)
    at transport.onmessage (/private/var/folders/1b/cqmvqvbd4sg1xvl1gc93cfyh0000gn/T/playwright-java-4501332805832521530/package/lib/cli/driver.js:53:59)
    at Immediate._onImmediate (/private/var/folders/1b/cqmvqvbd4sg1xvl1gc93cfyh0000gn/T/playwright-java-4501332805832521530/package/lib/server/utils/pipeTransport.js:76:16)
    at process.processImmediate (node:internal/timers:485:21)
}
at com.microsoft.playwright.impl.WaitableResult.get(WaitableResult.java:54)
at com.microsoft.playwright.impl.ChannelOwner.runUntil(ChannelOwner.java:138)
at com.microsoft.playwright.impl.Connection.sendMessage(Connection.java:131)
at com.microsoft.playwright.impl.ChannelOwner.sendMessage(ChannelOwner.java:124)
at com.microsoft.playwright.impl.FrameImpl.clickImpl(FrameImpl.java:241)
at com.microsoft.playwright.impl.PageImpl.click(PageImpl.java:680)
at com.microsoft.playwright.Page.click(Page.java:3931)
at playwright.Add100leadForProject.addLead(Add100leadForProject.java:67)
at playwright.Add100leadForProject.addMultipleLeads(Add100leadForProject.java:111)
at java.base/jdk.internal.reflect.DirectMethodHandleAccessor.invoke(DirectMethodHandleAccessor.java:103)
at java.base/java.lang.reflect.Method.invoke(Method.java:580)
at org.testng.internal.invokers.MethodInvocationHelper.invokeMethod(MethodInvocationHelper.java:141)
at org.testng.internal.invokers.TestInvoker.invokeMethod(TestInvoker.java:687)
at org.testng.internal.invokers.TestInvoker.invokeTestMethod(TestInvoker.java:230)
at org.testng.internal.invokers.TestMethodWithDataProviderMethodWorker.call(TestMethodWithDataProviderMethodWorker.java:81)
at org.testng.internal.thread.Async$AsyncTask.run(Async.java:34)
at java.base/java.util.concurrent.ThreadPoolExecutor.runWorker(ThreadPoolExecutor.java:1144)
at java.base/java.util.concurrent.ThreadPoolExecutor$Worker.run(ThreadPoolExecutor.java:642)
at java.base/java.lang.Thread.run(Thread.java:1583)
Caused by: com.microsoft.playwright.impl.TargetClosedError: Error {
  message='Target page, context or browser has been closed
  name='TargetClosedError
  stack='TargetClosedError: Target page, context or browser has been closed
    at DispatcherConnection.dispatch (/private/var/folders/1b/cqmvqvbd4sg1xvl1gc93cfyh0000gn/T/playwright-java-4501332805832521530/package/lib/server/dispatchers/dispatcher.js:243:69)
    at transport.onmessage (/private/var/folders/1b/cqmvqvbd4sg1xvl1gc93cfyh0000gn/T/playwright-java-4501332805832521530/package/lib/cli/driver.js:53:59)
    at Immediate._onImmediate (/private/var/folders/1b/cqmvqvbd4sg1xvl1gc93cfyh0000gn/T/playwright-java-4501332805832521530/package/lib/server/utils/pipeTransport.js:76:16)
    at process.processImmediate (node:internal/timers:485:21)
}
at com.microsoft.playwright.impl.Connection.dispatch(Connection.java:259)
at com.microsoft.playwright.impl.Connection.processOneMessage(Connection.java:214)
at com.microsoft.playwright.impl.ChannelOwner.runUntil(ChannelOwner.java:136)
... 17 more
]]>
    </error>
  </testcase> <!-- addMultipleLeads -->
  <testcase classname="playwright.Add100leadForProject" name="addMultipleLeads" time="0.003">
    <error message="Error {
  message=&#039;Target page, context or browser has been closed
  name=&#039;TargetClosedError
  stack=&#039;TargetClosedError: Target page, context or browser has been closed
    at DispatcherConnection.dispatch (/private/var/folders/1b/cqmvqvbd4sg1xvl1gc93cfyh0000gn/T/playwright-java-4501332805832521530/package/lib/server/dispatchers/dispatcher.js:243:69)
    at transport.onmessage (/private/var/folders/1b/cqmvqvbd4sg1xvl1gc93cfyh0000gn/T/playwright-java-4501332805832521530/package/lib/cli/driver.js:53:59)
    at Immediate._onImmediate (/private/var/folders/1b/cqmvqvbd4sg1xvl1gc93cfyh0000gn/T/playwright-java-4501332805832521530/package/lib/server/utils/pipeTransport.js:76:16)
    at process.processImmediate (node:internal/timers:485:21)
}" type="com.microsoft.playwright.impl.TargetClosedError">
      <![CDATA[com.microsoft.playwright.impl.TargetClosedError: Error {
  message='Target page, context or browser has been closed
  name='TargetClosedError
  stack='TargetClosedError: Target page, context or browser has been closed
    at DispatcherConnection.dispatch (/private/var/folders/1b/cqmvqvbd4sg1xvl1gc93cfyh0000gn/T/playwright-java-4501332805832521530/package/lib/server/dispatchers/dispatcher.js:243:69)
    at transport.onmessage (/private/var/folders/1b/cqmvqvbd4sg1xvl1gc93cfyh0000gn/T/playwright-java-4501332805832521530/package/lib/cli/driver.js:53:59)
    at Immediate._onImmediate (/private/var/folders/1b/cqmvqvbd4sg1xvl1gc93cfyh0000gn/T/playwright-java-4501332805832521530/package/lib/server/utils/pipeTransport.js:76:16)
    at process.processImmediate (node:internal/timers:485:21)
}
at com.microsoft.playwright.impl.WaitableResult.get(WaitableResult.java:54)
at com.microsoft.playwright.impl.ChannelOwner.runUntil(ChannelOwner.java:138)
at com.microsoft.playwright.impl.Connection.sendMessage(Connection.java:131)
at com.microsoft.playwright.impl.ChannelOwner.sendMessage(ChannelOwner.java:124)
at com.microsoft.playwright.impl.FrameImpl.clickImpl(FrameImpl.java:241)
at com.microsoft.playwright.impl.PageImpl.click(PageImpl.java:680)
at com.microsoft.playwright.Page.click(Page.java:3931)
at playwright.Add100leadForProject.addLead(Add100leadForProject.java:67)
at playwright.Add100leadForProject.addMultipleLeads(Add100leadForProject.java:111)
at java.base/jdk.internal.reflect.DirectMethodHandleAccessor.invoke(DirectMethodHandleAccessor.java:103)
at java.base/java.lang.reflect.Method.invoke(Method.java:580)
at org.testng.internal.invokers.MethodInvocationHelper.invokeMethod(MethodInvocationHelper.java:141)
at org.testng.internal.invokers.TestInvoker.invokeMethod(TestInvoker.java:687)
at org.testng.internal.invokers.TestInvoker.invokeTestMethod(TestInvoker.java:230)
at org.testng.internal.invokers.TestMethodWithDataProviderMethodWorker.call(TestMethodWithDataProviderMethodWorker.java:81)
at org.testng.internal.thread.Async$AsyncTask.run(Async.java:34)
at java.base/java.util.concurrent.ThreadPoolExecutor.runWorker(ThreadPoolExecutor.java:1144)
at java.base/java.util.concurrent.ThreadPoolExecutor$Worker.run(ThreadPoolExecutor.java:642)
at java.base/java.lang.Thread.run(Thread.java:1583)
Caused by: com.microsoft.playwright.impl.TargetClosedError: Error {
  message='Target page, context or browser has been closed
  name='TargetClosedError
  stack='TargetClosedError: Target page, context or browser has been closed
    at DispatcherConnection.dispatch (/private/var/folders/1b/cqmvqvbd4sg1xvl1gc93cfyh0000gn/T/playwright-java-4501332805832521530/package/lib/server/dispatchers/dispatcher.js:243:69)
    at transport.onmessage (/private/var/folders/1b/cqmvqvbd4sg1xvl1gc93cfyh0000gn/T/playwright-java-4501332805832521530/package/lib/cli/driver.js:53:59)
    at Immediate._onImmediate (/private/var/folders/1b/cqmvqvbd4sg1xvl1gc93cfyh0000gn/T/playwright-java-4501332805832521530/package/lib/server/utils/pipeTransport.js:76:16)
    at process.processImmediate (node:internal/timers:485:21)
}
at com.microsoft.playwright.impl.Connection.dispatch(Connection.java:259)
at com.microsoft.playwright.impl.Connection.processOneMessage(Connection.java:214)
at com.microsoft.playwright.impl.ChannelOwner.runUntil(ChannelOwner.java:136)
... 17 more
]]>
    </error>
  </testcase> <!-- addMultipleLeads -->
  <testcase classname="playwright.Add100leadForProject" name="addMultipleLeads" time="0.020">
    <error message="Error {
  message=&#039;Target page, context or browser has been closed
  name=&#039;TargetClosedError
  stack=&#039;TargetClosedError: Target page, context or browser has been closed
    at DispatcherConnection.dispatch (/private/var/folders/1b/cqmvqvbd4sg1xvl1gc93cfyh0000gn/T/playwright-java-4501332805832521530/package/lib/server/dispatchers/dispatcher.js:243:69)
    at transport.onmessage (/private/var/folders/1b/cqmvqvbd4sg1xvl1gc93cfyh0000gn/T/playwright-java-4501332805832521530/package/lib/cli/driver.js:53:59)
    at Immediate._onImmediate (/private/var/folders/1b/cqmvqvbd4sg1xvl1gc93cfyh0000gn/T/playwright-java-4501332805832521530/package/lib/server/utils/pipeTransport.js:76:16)
    at process.processImmediate (node:internal/timers:485:21)
}" type="com.microsoft.playwright.impl.TargetClosedError">
      <![CDATA[com.microsoft.playwright.impl.TargetClosedError: Error {
  message='Target page, context or browser has been closed
  name='TargetClosedError
  stack='TargetClosedError: Target page, context or browser has been closed
    at DispatcherConnection.dispatch (/private/var/folders/1b/cqmvqvbd4sg1xvl1gc93cfyh0000gn/T/playwright-java-4501332805832521530/package/lib/server/dispatchers/dispatcher.js:243:69)
    at transport.onmessage (/private/var/folders/1b/cqmvqvbd4sg1xvl1gc93cfyh0000gn/T/playwright-java-4501332805832521530/package/lib/cli/driver.js:53:59)
    at Immediate._onImmediate (/private/var/folders/1b/cqmvqvbd4sg1xvl1gc93cfyh0000gn/T/playwright-java-4501332805832521530/package/lib/server/utils/pipeTransport.js:76:16)
    at process.processImmediate (node:internal/timers:485:21)
}
at com.microsoft.playwright.impl.WaitableResult.get(WaitableResult.java:54)
at com.microsoft.playwright.impl.ChannelOwner.runUntil(ChannelOwner.java:138)
at com.microsoft.playwright.impl.Connection.sendMessage(Connection.java:131)
at com.microsoft.playwright.impl.ChannelOwner.sendMessage(ChannelOwner.java:124)
at com.microsoft.playwright.impl.FrameImpl.clickImpl(FrameImpl.java:241)
at com.microsoft.playwright.impl.PageImpl.click(PageImpl.java:680)
at com.microsoft.playwright.Page.click(Page.java:3931)
at playwright.Add100leadForProject.addLead(Add100leadForProject.java:67)
at playwright.Add100leadForProject.addMultipleLeads(Add100leadForProject.java:111)
at java.base/jdk.internal.reflect.DirectMethodHandleAccessor.invoke(DirectMethodHandleAccessor.java:103)
at java.base/java.lang.reflect.Method.invoke(Method.java:580)
at org.testng.internal.invokers.MethodInvocationHelper.invokeMethod(MethodInvocationHelper.java:141)
at org.testng.internal.invokers.TestInvoker.invokeMethod(TestInvoker.java:687)
at org.testng.internal.invokers.TestInvoker.invokeTestMethod(TestInvoker.java:230)
at org.testng.internal.invokers.TestMethodWithDataProviderMethodWorker.call(TestMethodWithDataProviderMethodWorker.java:81)
at org.testng.internal.thread.Async$AsyncTask.run(Async.java:34)
at java.base/java.util.concurrent.ThreadPoolExecutor.runWorker(ThreadPoolExecutor.java:1144)
at java.base/java.util.concurrent.ThreadPoolExecutor$Worker.run(ThreadPoolExecutor.java:642)
at java.base/java.lang.Thread.run(Thread.java:1583)
Caused by: com.microsoft.playwright.impl.TargetClosedError: Error {
  message='Target page, context or browser has been closed
  name='TargetClosedError
  stack='TargetClosedError: Target page, context or browser has been closed
    at DispatcherConnection.dispatch (/private/var/folders/1b/cqmvqvbd4sg1xvl1gc93cfyh0000gn/T/playwright-java-4501332805832521530/package/lib/server/dispatchers/dispatcher.js:243:69)
    at transport.onmessage (/private/var/folders/1b/cqmvqvbd4sg1xvl1gc93cfyh0000gn/T/playwright-java-4501332805832521530/package/lib/cli/driver.js:53:59)
    at Immediate._onImmediate (/private/var/folders/1b/cqmvqvbd4sg1xvl1gc93cfyh0000gn/T/playwright-java-4501332805832521530/package/lib/server/utils/pipeTransport.js:76:16)
    at process.processImmediate (node:internal/timers:485:21)
}
at com.microsoft.playwright.impl.Connection.dispatch(Connection.java:259)
at com.microsoft.playwright.impl.Connection.processOneMessage(Connection.java:214)
at com.microsoft.playwright.impl.ChannelOwner.runUntil(ChannelOwner.java:136)
... 17 more
]]>
    </error>
  </testcase> <!-- addMultipleLeads -->
  <testcase classname="playwright.Add100leadForProject" name="addMultipleLeads" time="0.015">
    <error message="Error {
  message=&#039;Target page, context or browser has been closed
  name=&#039;TargetClosedError
  stack=&#039;TargetClosedError: Target page, context or browser has been closed
    at DispatcherConnection.dispatch (/private/var/folders/1b/cqmvqvbd4sg1xvl1gc93cfyh0000gn/T/playwright-java-4501332805832521530/package/lib/server/dispatchers/dispatcher.js:243:69)
    at transport.onmessage (/private/var/folders/1b/cqmvqvbd4sg1xvl1gc93cfyh0000gn/T/playwright-java-4501332805832521530/package/lib/cli/driver.js:53:59)
    at Immediate._onImmediate (/private/var/folders/1b/cqmvqvbd4sg1xvl1gc93cfyh0000gn/T/playwright-java-4501332805832521530/package/lib/server/utils/pipeTransport.js:76:16)
    at process.processImmediate (node:internal/timers:485:21)
}" type="com.microsoft.playwright.impl.TargetClosedError">
      <![CDATA[com.microsoft.playwright.impl.TargetClosedError: Error {
  message='Target page, context or browser has been closed
  name='TargetClosedError
  stack='TargetClosedError: Target page, context or browser has been closed
    at DispatcherConnection.dispatch (/private/var/folders/1b/cqmvqvbd4sg1xvl1gc93cfyh0000gn/T/playwright-java-4501332805832521530/package/lib/server/dispatchers/dispatcher.js:243:69)
    at transport.onmessage (/private/var/folders/1b/cqmvqvbd4sg1xvl1gc93cfyh0000gn/T/playwright-java-4501332805832521530/package/lib/cli/driver.js:53:59)
    at Immediate._onImmediate (/private/var/folders/1b/cqmvqvbd4sg1xvl1gc93cfyh0000gn/T/playwright-java-4501332805832521530/package/lib/server/utils/pipeTransport.js:76:16)
    at process.processImmediate (node:internal/timers:485:21)
}
at com.microsoft.playwright.impl.WaitableResult.get(WaitableResult.java:54)
at com.microsoft.playwright.impl.ChannelOwner.runUntil(ChannelOwner.java:138)
at com.microsoft.playwright.impl.Connection.sendMessage(Connection.java:131)
at com.microsoft.playwright.impl.ChannelOwner.sendMessage(ChannelOwner.java:124)
at com.microsoft.playwright.impl.FrameImpl.clickImpl(FrameImpl.java:241)
at com.microsoft.playwright.impl.PageImpl.click(PageImpl.java:680)
at com.microsoft.playwright.Page.click(Page.java:3931)
at playwright.Add100leadForProject.addLead(Add100leadForProject.java:67)
at playwright.Add100leadForProject.addMultipleLeads(Add100leadForProject.java:111)
at java.base/jdk.internal.reflect.DirectMethodHandleAccessor.invoke(DirectMethodHandleAccessor.java:103)
at java.base/java.lang.reflect.Method.invoke(Method.java:580)
at org.testng.internal.invokers.MethodInvocationHelper.invokeMethod(MethodInvocationHelper.java:141)
at org.testng.internal.invokers.TestInvoker.invokeMethod(TestInvoker.java:687)
at org.testng.internal.invokers.TestInvoker.invokeTestMethod(TestInvoker.java:230)
at org.testng.internal.invokers.TestMethodWithDataProviderMethodWorker.call(TestMethodWithDataProviderMethodWorker.java:81)
at org.testng.internal.thread.Async$AsyncTask.run(Async.java:34)
at java.base/java.util.concurrent.ThreadPoolExecutor.runWorker(ThreadPoolExecutor.java:1144)
at java.base/java.util.concurrent.ThreadPoolExecutor$Worker.run(ThreadPoolExecutor.java:642)
at java.base/java.lang.Thread.run(Thread.java:1583)
Caused by: com.microsoft.playwright.impl.TargetClosedError: Error {
  message='Target page, context or browser has been closed
  name='TargetClosedError
  stack='TargetClosedError: Target page, context or browser has been closed
    at DispatcherConnection.dispatch (/private/var/folders/1b/cqmvqvbd4sg1xvl1gc93cfyh0000gn/T/playwright-java-4501332805832521530/package/lib/server/dispatchers/dispatcher.js:243:69)
    at transport.onmessage (/private/var/folders/1b/cqmvqvbd4sg1xvl1gc93cfyh0000gn/T/playwright-java-4501332805832521530/package/lib/cli/driver.js:53:59)
    at Immediate._onImmediate (/private/var/folders/1b/cqmvqvbd4sg1xvl1gc93cfyh0000gn/T/playwright-java-4501332805832521530/package/lib/server/utils/pipeTransport.js:76:16)
    at process.processImmediate (node:internal/timers:485:21)
}
at com.microsoft.playwright.impl.Connection.dispatch(Connection.java:259)
at com.microsoft.playwright.impl.Connection.processOneMessage(Connection.java:214)
at com.microsoft.playwright.impl.ChannelOwner.runUntil(ChannelOwner.java:136)
... 17 more
]]>
    </error>
  </testcase> <!-- addMultipleLeads -->
  <testcase classname="playwright.Add100leadForProject" name="addMultipleLeads" time="0.009">
    <error message="Error {
  message=&#039;Target page, context or browser has been closed
  name=&#039;TargetClosedError
  stack=&#039;TargetClosedError: Target page, context or browser has been closed
    at DispatcherConnection.dispatch (/private/var/folders/1b/cqmvqvbd4sg1xvl1gc93cfyh0000gn/T/playwright-java-4501332805832521530/package/lib/server/dispatchers/dispatcher.js:243:69)
    at transport.onmessage (/private/var/folders/1b/cqmvqvbd4sg1xvl1gc93cfyh0000gn/T/playwright-java-4501332805832521530/package/lib/cli/driver.js:53:59)
    at Immediate._onImmediate (/private/var/folders/1b/cqmvqvbd4sg1xvl1gc93cfyh0000gn/T/playwright-java-4501332805832521530/package/lib/server/utils/pipeTransport.js:76:16)
    at process.processImmediate (node:internal/timers:485:21)
}" type="com.microsoft.playwright.impl.TargetClosedError">
      <![CDATA[com.microsoft.playwright.impl.TargetClosedError: Error {
  message='Target page, context or browser has been closed
  name='TargetClosedError
  stack='TargetClosedError: Target page, context or browser has been closed
    at DispatcherConnection.dispatch (/private/var/folders/1b/cqmvqvbd4sg1xvl1gc93cfyh0000gn/T/playwright-java-4501332805832521530/package/lib/server/dispatchers/dispatcher.js:243:69)
    at transport.onmessage (/private/var/folders/1b/cqmvqvbd4sg1xvl1gc93cfyh0000gn/T/playwright-java-4501332805832521530/package/lib/cli/driver.js:53:59)
    at Immediate._onImmediate (/private/var/folders/1b/cqmvqvbd4sg1xvl1gc93cfyh0000gn/T/playwright-java-4501332805832521530/package/lib/server/utils/pipeTransport.js:76:16)
    at process.processImmediate (node:internal/timers:485:21)
}
at com.microsoft.playwright.impl.WaitableResult.get(WaitableResult.java:54)
at com.microsoft.playwright.impl.ChannelOwner.runUntil(ChannelOwner.java:138)
at com.microsoft.playwright.impl.Connection.sendMessage(Connection.java:131)
at com.microsoft.playwright.impl.ChannelOwner.sendMessage(ChannelOwner.java:124)
at com.microsoft.playwright.impl.FrameImpl.clickImpl(FrameImpl.java:241)
at com.microsoft.playwright.impl.PageImpl.click(PageImpl.java:680)
at com.microsoft.playwright.Page.click(Page.java:3931)
at playwright.Add100leadForProject.addLead(Add100leadForProject.java:67)
at playwright.Add100leadForProject.addMultipleLeads(Add100leadForProject.java:111)
at java.base/jdk.internal.reflect.DirectMethodHandleAccessor.invoke(DirectMethodHandleAccessor.java:103)
at java.base/java.lang.reflect.Method.invoke(Method.java:580)
at org.testng.internal.invokers.MethodInvocationHelper.invokeMethod(MethodInvocationHelper.java:141)
at org.testng.internal.invokers.TestInvoker.invokeMethod(TestInvoker.java:687)
at org.testng.internal.invokers.TestInvoker.invokeTestMethod(TestInvoker.java:230)
at org.testng.internal.invokers.TestMethodWithDataProviderMethodWorker.call(TestMethodWithDataProviderMethodWorker.java:81)
at org.testng.internal.thread.Async$AsyncTask.run(Async.java:34)
at java.base/java.util.concurrent.ThreadPoolExecutor.runWorker(ThreadPoolExecutor.java:1144)
at java.base/java.util.concurrent.ThreadPoolExecutor$Worker.run(ThreadPoolExecutor.java:642)
at java.base/java.lang.Thread.run(Thread.java:1583)
Caused by: com.microsoft.playwright.impl.TargetClosedError: Error {
  message='Target page, context or browser has been closed
  name='TargetClosedError
  stack='TargetClosedError: Target page, context or browser has been closed
    at DispatcherConnection.dispatch (/private/var/folders/1b/cqmvqvbd4sg1xvl1gc93cfyh0000gn/T/playwright-java-4501332805832521530/package/lib/server/dispatchers/dispatcher.js:243:69)
    at transport.onmessage (/private/var/folders/1b/cqmvqvbd4sg1xvl1gc93cfyh0000gn/T/playwright-java-4501332805832521530/package/lib/cli/driver.js:53:59)
    at Immediate._onImmediate (/private/var/folders/1b/cqmvqvbd4sg1xvl1gc93cfyh0000gn/T/playwright-java-4501332805832521530/package/lib/server/utils/pipeTransport.js:76:16)
    at process.processImmediate (node:internal/timers:485:21)
}
at com.microsoft.playwright.impl.Connection.dispatch(Connection.java:259)
at com.microsoft.playwright.impl.Connection.processOneMessage(Connection.java:214)
at com.microsoft.playwright.impl.ChannelOwner.runUntil(ChannelOwner.java:136)
... 17 more
]]>
    </error>
  </testcase> <!-- addMultipleLeads -->
  <testcase classname="playwright.Add100leadForProject" name="addMultipleLeads" time="0.007">
    <error message="Error {
  message=&#039;Target page, context or browser has been closed
  name=&#039;TargetClosedError
  stack=&#039;TargetClosedError: Target page, context or browser has been closed
    at DispatcherConnection.dispatch (/private/var/folders/1b/cqmvqvbd4sg1xvl1gc93cfyh0000gn/T/playwright-java-4501332805832521530/package/lib/server/dispatchers/dispatcher.js:243:69)
    at transport.onmessage (/private/var/folders/1b/cqmvqvbd4sg1xvl1gc93cfyh0000gn/T/playwright-java-4501332805832521530/package/lib/cli/driver.js:53:59)
    at Immediate._onImmediate (/private/var/folders/1b/cqmvqvbd4sg1xvl1gc93cfyh0000gn/T/playwright-java-4501332805832521530/package/lib/server/utils/pipeTransport.js:76:16)
    at process.processImmediate (node:internal/timers:485:21)
}" type="com.microsoft.playwright.impl.TargetClosedError">
      <![CDATA[com.microsoft.playwright.impl.TargetClosedError: Error {
  message='Target page, context or browser has been closed
  name='TargetClosedError
  stack='TargetClosedError: Target page, context or browser has been closed
    at DispatcherConnection.dispatch (/private/var/folders/1b/cqmvqvbd4sg1xvl1gc93cfyh0000gn/T/playwright-java-4501332805832521530/package/lib/server/dispatchers/dispatcher.js:243:69)
    at transport.onmessage (/private/var/folders/1b/cqmvqvbd4sg1xvl1gc93cfyh0000gn/T/playwright-java-4501332805832521530/package/lib/cli/driver.js:53:59)
    at Immediate._onImmediate (/private/var/folders/1b/cqmvqvbd4sg1xvl1gc93cfyh0000gn/T/playwright-java-4501332805832521530/package/lib/server/utils/pipeTransport.js:76:16)
    at process.processImmediate (node:internal/timers:485:21)
}
at com.microsoft.playwright.impl.WaitableResult.get(WaitableResult.java:54)
at com.microsoft.playwright.impl.ChannelOwner.runUntil(ChannelOwner.java:138)
at com.microsoft.playwright.impl.Connection.sendMessage(Connection.java:131)
at com.microsoft.playwright.impl.ChannelOwner.sendMessage(ChannelOwner.java:124)
at com.microsoft.playwright.impl.FrameImpl.clickImpl(FrameImpl.java:241)
at com.microsoft.playwright.impl.PageImpl.click(PageImpl.java:680)
at com.microsoft.playwright.Page.click(Page.java:3931)
at playwright.Add100leadForProject.addLead(Add100leadForProject.java:67)
at playwright.Add100leadForProject.addMultipleLeads(Add100leadForProject.java:111)
at java.base/jdk.internal.reflect.DirectMethodHandleAccessor.invoke(DirectMethodHandleAccessor.java:103)
at java.base/java.lang.reflect.Method.invoke(Method.java:580)
at org.testng.internal.invokers.MethodInvocationHelper.invokeMethod(MethodInvocationHelper.java:141)
at org.testng.internal.invokers.TestInvoker.invokeMethod(TestInvoker.java:687)
at org.testng.internal.invokers.TestInvoker.invokeTestMethod(TestInvoker.java:230)
at org.testng.internal.invokers.TestMethodWithDataProviderMethodWorker.call(TestMethodWithDataProviderMethodWorker.java:81)
at org.testng.internal.thread.Async$AsyncTask.run(Async.java:34)
at java.base/java.util.concurrent.ThreadPoolExecutor.runWorker(ThreadPoolExecutor.java:1144)
at java.base/java.util.concurrent.ThreadPoolExecutor$Worker.run(ThreadPoolExecutor.java:642)
at java.base/java.lang.Thread.run(Thread.java:1583)
Caused by: com.microsoft.playwright.impl.TargetClosedError: Error {
  message='Target page, context or browser has been closed
  name='TargetClosedError
  stack='TargetClosedError: Target page, context or browser has been closed
    at DispatcherConnection.dispatch (/private/var/folders/1b/cqmvqvbd4sg1xvl1gc93cfyh0000gn/T/playwright-java-4501332805832521530/package/lib/server/dispatchers/dispatcher.js:243:69)
    at transport.onmessage (/private/var/folders/1b/cqmvqvbd4sg1xvl1gc93cfyh0000gn/T/playwright-java-4501332805832521530/package/lib/cli/driver.js:53:59)
    at Immediate._onImmediate (/private/var/folders/1b/cqmvqvbd4sg1xvl1gc93cfyh0000gn/T/playwright-java-4501332805832521530/package/lib/server/utils/pipeTransport.js:76:16)
    at process.processImmediate (node:internal/timers:485:21)
}
at com.microsoft.playwright.impl.Connection.dispatch(Connection.java:259)
at com.microsoft.playwright.impl.Connection.processOneMessage(Connection.java:214)
at com.microsoft.playwright.impl.ChannelOwner.runUntil(ChannelOwner.java:136)
... 17 more
]]>
    </error>
  </testcase> <!-- addMultipleLeads -->
  <testcase classname="playwright.Add100leadForProject" name="addMultipleLeads" time="0.020">
    <error message="Error {
  message=&#039;Target page, context or browser has been closed
  name=&#039;TargetClosedError
  stack=&#039;TargetClosedError: Target page, context or browser has been closed
    at DispatcherConnection.dispatch (/private/var/folders/1b/cqmvqvbd4sg1xvl1gc93cfyh0000gn/T/playwright-java-4501332805832521530/package/lib/server/dispatchers/dispatcher.js:243:69)
    at transport.onmessage (/private/var/folders/1b/cqmvqvbd4sg1xvl1gc93cfyh0000gn/T/playwright-java-4501332805832521530/package/lib/cli/driver.js:53:59)
    at Immediate._onImmediate (/private/var/folders/1b/cqmvqvbd4sg1xvl1gc93cfyh0000gn/T/playwright-java-4501332805832521530/package/lib/server/utils/pipeTransport.js:76:16)
    at process.processImmediate (node:internal/timers:485:21)
}" type="com.microsoft.playwright.impl.TargetClosedError">
      <![CDATA[com.microsoft.playwright.impl.TargetClosedError: Error {
  message='Target page, context or browser has been closed
  name='TargetClosedError
  stack='TargetClosedError: Target page, context or browser has been closed
    at DispatcherConnection.dispatch (/private/var/folders/1b/cqmvqvbd4sg1xvl1gc93cfyh0000gn/T/playwright-java-4501332805832521530/package/lib/server/dispatchers/dispatcher.js:243:69)
    at transport.onmessage (/private/var/folders/1b/cqmvqvbd4sg1xvl1gc93cfyh0000gn/T/playwright-java-4501332805832521530/package/lib/cli/driver.js:53:59)
    at Immediate._onImmediate (/private/var/folders/1b/cqmvqvbd4sg1xvl1gc93cfyh0000gn/T/playwright-java-4501332805832521530/package/lib/server/utils/pipeTransport.js:76:16)
    at process.processImmediate (node:internal/timers:485:21)
}
at com.microsoft.playwright.impl.WaitableResult.get(WaitableResult.java:54)
at com.microsoft.playwright.impl.ChannelOwner.runUntil(ChannelOwner.java:138)
at com.microsoft.playwright.impl.Connection.sendMessage(Connection.java:131)
at com.microsoft.playwright.impl.ChannelOwner.sendMessage(ChannelOwner.java:124)
at com.microsoft.playwright.impl.FrameImpl.clickImpl(FrameImpl.java:241)
at com.microsoft.playwright.impl.PageImpl.click(PageImpl.java:680)
at com.microsoft.playwright.Page.click(Page.java:3931)
at playwright.Add100leadForProject.addLead(Add100leadForProject.java:67)
at playwright.Add100leadForProject.addMultipleLeads(Add100leadForProject.java:111)
at java.base/jdk.internal.reflect.DirectMethodHandleAccessor.invoke(DirectMethodHandleAccessor.java:103)
at java.base/java.lang.reflect.Method.invoke(Method.java:580)
at org.testng.internal.invokers.MethodInvocationHelper.invokeMethod(MethodInvocationHelper.java:141)
at org.testng.internal.invokers.TestInvoker.invokeMethod(TestInvoker.java:687)
at org.testng.internal.invokers.TestInvoker.invokeTestMethod(TestInvoker.java:230)
at org.testng.internal.invokers.TestMethodWithDataProviderMethodWorker.call(TestMethodWithDataProviderMethodWorker.java:81)
at org.testng.internal.thread.Async$AsyncTask.run(Async.java:34)
at java.base/java.util.concurrent.ThreadPoolExecutor.runWorker(ThreadPoolExecutor.java:1144)
at java.base/java.util.concurrent.ThreadPoolExecutor$Worker.run(ThreadPoolExecutor.java:642)
at java.base/java.lang.Thread.run(Thread.java:1583)
Caused by: com.microsoft.playwright.impl.TargetClosedError: Error {
  message='Target page, context or browser has been closed
  name='TargetClosedError
  stack='TargetClosedError: Target page, context or browser has been closed
    at DispatcherConnection.dispatch (/private/var/folders/1b/cqmvqvbd4sg1xvl1gc93cfyh0000gn/T/playwright-java-4501332805832521530/package/lib/server/dispatchers/dispatcher.js:243:69)
    at transport.onmessage (/private/var/folders/1b/cqmvqvbd4sg1xvl1gc93cfyh0000gn/T/playwright-java-4501332805832521530/package/lib/cli/driver.js:53:59)
    at Immediate._onImmediate (/private/var/folders/1b/cqmvqvbd4sg1xvl1gc93cfyh0000gn/T/playwright-java-4501332805832521530/package/lib/server/utils/pipeTransport.js:76:16)
    at process.processImmediate (node:internal/timers:485:21)
}
at com.microsoft.playwright.impl.Connection.dispatch(Connection.java:259)
at com.microsoft.playwright.impl.Connection.processOneMessage(Connection.java:214)
at com.microsoft.playwright.impl.ChannelOwner.runUntil(ChannelOwner.java:136)
... 17 more
]]>
    </error>
  </testcase> <!-- addMultipleLeads -->
  <testcase classname="playwright.Add100leadForProject" name="addMultipleLeads" time="15.887">
    <error message="Error {
  message=&#039;Target page, context or browser has been closed
  name=&#039;TargetClosedError
  stack=&#039;TargetClosedError:Target page, context or browser has been closed
Error
    at captureRawStack (/private/var/folders/1b/cqmvqvbd4sg1xvl1gc93cfyh0000gn/T/playwright-java-4501332805832521530/package/lib/utils/isomorphic/stackTrace.js:32:17)
    at LongStandingScope._race (/private/var/folders/1b/cqmvqvbd4sg1xvl1gc93cfyh0000gn/T/playwright-java-4501332805832521530/package/lib/utils/isomorphic/manualPromise.js:87:58)
    at LongStandingScope.race (/private/var/folders/1b/cqmvqvbd4sg1xvl1gc93cfyh0000gn/T/playwright-java-4501332805832521530/package/lib/utils/isomorphic/manualPromise.js:80:17)
    at /private/var/folders/1b/cqmvqvbd4sg1xvl1gc93cfyh0000gn/T/playwright-java-4501332805832521530/package/lib/utils/isomorphic/manualPromise.js:77:45
    at Array.map (&lt;anonymous&gt;)
    at LongStandingScope.raceMultiple (/private/var/folders/1b/cqmvqvbd4sg1xvl1gc93cfyh0000gn/T/playwright-java-4501332805832521530/package/lib/utils/isomorphic/manualPromise.js:77:32)
    at Frame.retryWithProgressAndTimeouts (/private/var/folders/1b/cqmvqvbd4sg1xvl1gc93cfyh0000gn/T/playwright-java-4501332805832521530/package/lib/server/frames.js:877:46)
    at runNextTicks (node:internal/process/task_queues:65:5)
    at process.processImmediate (node:internal/timers:453:9)
    at async /private/var/folders/1b/cqmvqvbd4sg1xvl1gc93cfyh0000gn/T/playwright-java-4501332805832521530/package/lib/server/frames.js:960:29
    at async ProgressController.run (/private/var/folders/1b/cqmvqvbd4sg1xvl1gc93cfyh0000gn/T/playwright-java-4501332805832521530/package/lib/server/progress.js:80:22)
    at async FrameDispatcher.click (/private/var/folders/1b/cqmvqvbd4sg1xvl1gc93cfyh0000gn/T/playwright-java-4501332805832521530/package/lib/server/dispatchers/frameDispatcher.js:117:12)
    at async LongStandingScope._race (/private/var/folders/1b/cqmvqvbd4sg1xvl1gc93cfyh0000gn/T/playwright-java-4501332805832521530/package/lib/utils/isomorphic/manualPromise.js:94:14)
    at async FrameDispatcher._handleCommand (/private/var/folders/1b/cqmvqvbd4sg1xvl1gc93cfyh0000gn/T/playwright-java-4501332805832521530/package/lib/server/dispatchers/dispatcher.js:90:14)
    at async DispatcherConnection.dispatch (/private/var/folders/1b/cqmvqvbd4sg1xvl1gc93cfyh0000gn/T/playwright-java-4501332805832521530/package/lib/server/dispatchers/dispatcher.js:309:22)
}
Call log:
-   - waiting for locator(&quot;xpath=(//p[@data-size=&#039;sm&#039;])[4]&quot;)
" type="com.microsoft.playwright.impl.TargetClosedError">
      <![CDATA[com.microsoft.playwright.impl.TargetClosedError: Error {
  message='Target page, context or browser has been closed
  name='TargetClosedError
  stack='TargetClosedError:Target page, context or browser has been closed
Error
    at captureRawStack (/private/var/folders/1b/cqmvqvbd4sg1xvl1gc93cfyh0000gn/T/playwright-java-4501332805832521530/package/lib/utils/isomorphic/stackTrace.js:32:17)
    at LongStandingScope._race (/private/var/folders/1b/cqmvqvbd4sg1xvl1gc93cfyh0000gn/T/playwright-java-4501332805832521530/package/lib/utils/isomorphic/manualPromise.js:87:58)
    at LongStandingScope.race (/private/var/folders/1b/cqmvqvbd4sg1xvl1gc93cfyh0000gn/T/playwright-java-4501332805832521530/package/lib/utils/isomorphic/manualPromise.js:80:17)
    at /private/var/folders/1b/cqmvqvbd4sg1xvl1gc93cfyh0000gn/T/playwright-java-4501332805832521530/package/lib/utils/isomorphic/manualPromise.js:77:45
    at Array.map (<anonymous>)
    at LongStandingScope.raceMultiple (/private/var/folders/1b/cqmvqvbd4sg1xvl1gc93cfyh0000gn/T/playwright-java-4501332805832521530/package/lib/utils/isomorphic/manualPromise.js:77:32)
    at Frame.retryWithProgressAndTimeouts (/private/var/folders/1b/cqmvqvbd4sg1xvl1gc93cfyh0000gn/T/playwright-java-4501332805832521530/package/lib/server/frames.js:877:46)
    at runNextTicks (node:internal/process/task_queues:65:5)
    at process.processImmediate (node:internal/timers:453:9)
    at async /private/var/folders/1b/cqmvqvbd4sg1xvl1gc93cfyh0000gn/T/playwright-java-4501332805832521530/package/lib/server/frames.js:960:29
    at async ProgressController.run (/private/var/folders/1b/cqmvqvbd4sg1xvl1gc93cfyh0000gn/T/playwright-java-4501332805832521530/package/lib/server/progress.js:80:22)
    at async FrameDispatcher.click (/private/var/folders/1b/cqmvqvbd4sg1xvl1gc93cfyh0000gn/T/playwright-java-4501332805832521530/package/lib/server/dispatchers/frameDispatcher.js:117:12)
    at async LongStandingScope._race (/private/var/folders/1b/cqmvqvbd4sg1xvl1gc93cfyh0000gn/T/playwright-java-4501332805832521530/package/lib/utils/isomorphic/manualPromise.js:94:14)
    at async FrameDispatcher._handleCommand (/private/var/folders/1b/cqmvqvbd4sg1xvl1gc93cfyh0000gn/T/playwright-java-4501332805832521530/package/lib/server/dispatchers/dispatcher.js:90:14)
    at async DispatcherConnection.dispatch (/private/var/folders/1b/cqmvqvbd4sg1xvl1gc93cfyh0000gn/T/playwright-java-4501332805832521530/package/lib/server/dispatchers/dispatcher.js:309:22)
}
Call log:
-   - waiting for locator("xpath=(//p[@data-size='sm'])[4]")

at com.microsoft.playwright.impl.WaitableResult.get(WaitableResult.java:54)
at com.microsoft.playwright.impl.ChannelOwner.runUntil(ChannelOwner.java:138)
at com.microsoft.playwright.impl.Connection.sendMessage(Connection.java:131)
at com.microsoft.playwright.impl.ChannelOwner.sendMessage(ChannelOwner.java:124)
at com.microsoft.playwright.impl.FrameImpl.clickImpl(FrameImpl.java:241)
at com.microsoft.playwright.impl.PageImpl.click(PageImpl.java:680)
at com.microsoft.playwright.Page.click(Page.java:3931)
at playwright.Add100leadForProject.addLead(Add100leadForProject.java:67)
at playwright.Add100leadForProject.addMultipleLeads(Add100leadForProject.java:111)
at java.base/jdk.internal.reflect.DirectMethodHandleAccessor.invoke(DirectMethodHandleAccessor.java:103)
at java.base/java.lang.reflect.Method.invoke(Method.java:580)
at org.testng.internal.invokers.MethodInvocationHelper.invokeMethod(MethodInvocationHelper.java:141)
at org.testng.internal.invokers.TestInvoker.invokeMethod(TestInvoker.java:687)
at org.testng.internal.invokers.TestInvoker.invokeTestMethod(TestInvoker.java:230)
at org.testng.internal.invokers.TestMethodWithDataProviderMethodWorker.call(TestMethodWithDataProviderMethodWorker.java:81)
at org.testng.internal.thread.Async$AsyncTask.run(Async.java:34)
at java.base/java.util.concurrent.ThreadPoolExecutor.runWorker(ThreadPoolExecutor.java:1144)
at java.base/java.util.concurrent.ThreadPoolExecutor$Worker.run(ThreadPoolExecutor.java:642)
at java.base/java.lang.Thread.run(Thread.java:1583)
Caused by: com.microsoft.playwright.impl.TargetClosedError: Error {
  message='Target page, context or browser has been closed
  name='TargetClosedError
  stack='TargetClosedError:Target page, context or browser has been closed
Error
    at captureRawStack (/private/var/folders/1b/cqmvqvbd4sg1xvl1gc93cfyh0000gn/T/playwright-java-4501332805832521530/package/lib/utils/isomorphic/stackTrace.js:32:17)
    at LongStandingScope._race (/private/var/folders/1b/cqmvqvbd4sg1xvl1gc93cfyh0000gn/T/playwright-java-4501332805832521530/package/lib/utils/isomorphic/manualPromise.js:87:58)
    at LongStandingScope.race (/private/var/folders/1b/cqmvqvbd4sg1xvl1gc93cfyh0000gn/T/playwright-java-4501332805832521530/package/lib/utils/isomorphic/manualPromise.js:80:17)
    at /private/var/folders/1b/cqmvqvbd4sg1xvl1gc93cfyh0000gn/T/playwright-java-4501332805832521530/package/lib/utils/isomorphic/manualPromise.js:77:45
    at Array.map (<anonymous>)
    at LongStandingScope.raceMultiple (/private/var/folders/1b/cqmvqvbd4sg1xvl1gc93cfyh0000gn/T/playwright-java-4501332805832521530/package/lib/utils/isomorphic/manualPromise.js:77:32)
    at Frame.retryWithProgressAndTimeouts (/private/var/folders/1b/cqmvqvbd4sg1xvl1gc93cfyh0000gn/T/playwright-java-4501332805832521530/package/lib/server/frames.js:877:46)
    at runNextTicks (node:internal/process/task_queues:65:5)
    at process.processImmediate (node:internal/timers:453:9)
    at async /private/var/folders/1b/cqmvqvbd4sg1xvl1gc93cfyh0000gn/T/playwright-java-4501332805832521530/package/lib/server/frames.js:960:29
    at async ProgressController.run (/private/var/folders/1b/cqmvqvbd4sg1xvl1gc93cfyh0000gn/T/playwright-java-4501332805832521530/package/lib/server/progress.js:80:22)
    at async FrameDispatcher.click (/private/var/folders/1b/cqmvqvbd4sg1xvl1gc93cfyh0000gn/T/playwright-java-4501332805832521530/package/lib/server/dispatchers/frameDispatcher.js:117:12)
    at async LongStandingScope._race (/private/var/folders/1b/cqmvqvbd4sg1xvl1gc93cfyh0000gn/T/playwright-java-4501332805832521530/package/lib/utils/isomorphic/manualPromise.js:94:14)
    at async FrameDispatcher._handleCommand (/private/var/folders/1b/cqmvqvbd4sg1xvl1gc93cfyh0000gn/T/playwright-java-4501332805832521530/package/lib/server/dispatchers/dispatcher.js:90:14)
    at async DispatcherConnection.dispatch (/private/var/folders/1b/cqmvqvbd4sg1xvl1gc93cfyh0000gn/T/playwright-java-4501332805832521530/package/lib/server/dispatchers/dispatcher.js:309:22)
}
Call log:
-   - waiting for locator("xpath=(//p[@data-size='sm'])[4]")

at com.microsoft.playwright.impl.Connection.dispatch(Connection.java:259)
at com.microsoft.playwright.impl.Connection.processOneMessage(Connection.java:214)
at com.microsoft.playwright.impl.ChannelOwner.runUntil(ChannelOwner.java:136)
... 17 more
]]>
    </error>
  </testcase> <!-- addMultipleLeads -->
  <testcase classname="playwright.Add100leadForProject" name="addMultipleLeads" time="0.020">
    <error message="Error {
  message=&#039;Target page, context or browser has been closed
  name=&#039;TargetClosedError
  stack=&#039;TargetClosedError: Target page, context or browser has been closed
    at DispatcherConnection.dispatch (/private/var/folders/1b/cqmvqvbd4sg1xvl1gc93cfyh0000gn/T/playwright-java-4501332805832521530/package/lib/server/dispatchers/dispatcher.js:243:69)
    at transport.onmessage (/private/var/folders/1b/cqmvqvbd4sg1xvl1gc93cfyh0000gn/T/playwright-java-4501332805832521530/package/lib/cli/driver.js:53:59)
    at Immediate._onImmediate (/private/var/folders/1b/cqmvqvbd4sg1xvl1gc93cfyh0000gn/T/playwright-java-4501332805832521530/package/lib/server/utils/pipeTransport.js:76:16)
    at process.processImmediate (node:internal/timers:485:21)
}" type="com.microsoft.playwright.impl.TargetClosedError">
      <![CDATA[com.microsoft.playwright.impl.TargetClosedError: Error {
  message='Target page, context or browser has been closed
  name='TargetClosedError
  stack='TargetClosedError: Target page, context or browser has been closed
    at DispatcherConnection.dispatch (/private/var/folders/1b/cqmvqvbd4sg1xvl1gc93cfyh0000gn/T/playwright-java-4501332805832521530/package/lib/server/dispatchers/dispatcher.js:243:69)
    at transport.onmessage (/private/var/folders/1b/cqmvqvbd4sg1xvl1gc93cfyh0000gn/T/playwright-java-4501332805832521530/package/lib/cli/driver.js:53:59)
    at Immediate._onImmediate (/private/var/folders/1b/cqmvqvbd4sg1xvl1gc93cfyh0000gn/T/playwright-java-4501332805832521530/package/lib/server/utils/pipeTransport.js:76:16)
    at process.processImmediate (node:internal/timers:485:21)
}
at com.microsoft.playwright.impl.WaitableResult.get(WaitableResult.java:54)
at com.microsoft.playwright.impl.ChannelOwner.runUntil(ChannelOwner.java:138)
at com.microsoft.playwright.impl.Connection.sendMessage(Connection.java:131)
at com.microsoft.playwright.impl.ChannelOwner.sendMessage(ChannelOwner.java:124)
at com.microsoft.playwright.impl.FrameImpl.clickImpl(FrameImpl.java:241)
at com.microsoft.playwright.impl.PageImpl.click(PageImpl.java:680)
at com.microsoft.playwright.Page.click(Page.java:3931)
at playwright.Add100leadForProject.addLead(Add100leadForProject.java:67)
at playwright.Add100leadForProject.addMultipleLeads(Add100leadForProject.java:111)
at java.base/jdk.internal.reflect.DirectMethodHandleAccessor.invoke(DirectMethodHandleAccessor.java:103)
at java.base/java.lang.reflect.Method.invoke(Method.java:580)
at org.testng.internal.invokers.MethodInvocationHelper.invokeMethod(MethodInvocationHelper.java:141)
at org.testng.internal.invokers.TestInvoker.invokeMethod(TestInvoker.java:687)
at org.testng.internal.invokers.TestInvoker.invokeTestMethod(TestInvoker.java:230)
at org.testng.internal.invokers.TestMethodWithDataProviderMethodWorker.call(TestMethodWithDataProviderMethodWorker.java:81)
at org.testng.internal.thread.Async$AsyncTask.run(Async.java:34)
at java.base/java.util.concurrent.ThreadPoolExecutor.runWorker(ThreadPoolExecutor.java:1144)
at java.base/java.util.concurrent.ThreadPoolExecutor$Worker.run(ThreadPoolExecutor.java:642)
at java.base/java.lang.Thread.run(Thread.java:1583)
Caused by: com.microsoft.playwright.impl.TargetClosedError: Error {
  message='Target page, context or browser has been closed
  name='TargetClosedError
  stack='TargetClosedError: Target page, context or browser has been closed
    at DispatcherConnection.dispatch (/private/var/folders/1b/cqmvqvbd4sg1xvl1gc93cfyh0000gn/T/playwright-java-4501332805832521530/package/lib/server/dispatchers/dispatcher.js:243:69)
    at transport.onmessage (/private/var/folders/1b/cqmvqvbd4sg1xvl1gc93cfyh0000gn/T/playwright-java-4501332805832521530/package/lib/cli/driver.js:53:59)
    at Immediate._onImmediate (/private/var/folders/1b/cqmvqvbd4sg1xvl1gc93cfyh0000gn/T/playwright-java-4501332805832521530/package/lib/server/utils/pipeTransport.js:76:16)
    at process.processImmediate (node:internal/timers:485:21)
}
at com.microsoft.playwright.impl.Connection.dispatch(Connection.java:259)
at com.microsoft.playwright.impl.Connection.processOneMessage(Connection.java:214)
at com.microsoft.playwright.impl.ChannelOwner.runUntil(ChannelOwner.java:136)
... 17 more
]]>
    </error>
  </testcase> <!-- addMultipleLeads -->
  <testcase classname="playwright.Add100leadForProject" name="addMultipleLeads" time="0.009">
    <error message="Error {
  message=&#039;Target page, context or browser has been closed
  name=&#039;TargetClosedError
  stack=&#039;TargetClosedError: Target page, context or browser has been closed
    at DispatcherConnection.dispatch (/private/var/folders/1b/cqmvqvbd4sg1xvl1gc93cfyh0000gn/T/playwright-java-4501332805832521530/package/lib/server/dispatchers/dispatcher.js:243:69)
    at transport.onmessage (/private/var/folders/1b/cqmvqvbd4sg1xvl1gc93cfyh0000gn/T/playwright-java-4501332805832521530/package/lib/cli/driver.js:53:59)
    at Immediate._onImmediate (/private/var/folders/1b/cqmvqvbd4sg1xvl1gc93cfyh0000gn/T/playwright-java-4501332805832521530/package/lib/server/utils/pipeTransport.js:76:16)
    at process.processImmediate (node:internal/timers:485:21)
}" type="com.microsoft.playwright.impl.TargetClosedError">
      <![CDATA[com.microsoft.playwright.impl.TargetClosedError: Error {
  message='Target page, context or browser has been closed
  name='TargetClosedError
  stack='TargetClosedError: Target page, context or browser has been closed
    at DispatcherConnection.dispatch (/private/var/folders/1b/cqmvqvbd4sg1xvl1gc93cfyh0000gn/T/playwright-java-4501332805832521530/package/lib/server/dispatchers/dispatcher.js:243:69)
    at transport.onmessage (/private/var/folders/1b/cqmvqvbd4sg1xvl1gc93cfyh0000gn/T/playwright-java-4501332805832521530/package/lib/cli/driver.js:53:59)
    at Immediate._onImmediate (/private/var/folders/1b/cqmvqvbd4sg1xvl1gc93cfyh0000gn/T/playwright-java-4501332805832521530/package/lib/server/utils/pipeTransport.js:76:16)
    at process.processImmediate (node:internal/timers:485:21)
}
at com.microsoft.playwright.impl.WaitableResult.get(WaitableResult.java:54)
at com.microsoft.playwright.impl.ChannelOwner.runUntil(ChannelOwner.java:138)
at com.microsoft.playwright.impl.Connection.sendMessage(Connection.java:131)
at com.microsoft.playwright.impl.ChannelOwner.sendMessage(ChannelOwner.java:124)
at com.microsoft.playwright.impl.FrameImpl.clickImpl(FrameImpl.java:241)
at com.microsoft.playwright.impl.PageImpl.click(PageImpl.java:680)
at com.microsoft.playwright.Page.click(Page.java:3931)
at playwright.Add100leadForProject.addLead(Add100leadForProject.java:67)
at playwright.Add100leadForProject.addMultipleLeads(Add100leadForProject.java:111)
at java.base/jdk.internal.reflect.DirectMethodHandleAccessor.invoke(DirectMethodHandleAccessor.java:103)
at java.base/java.lang.reflect.Method.invoke(Method.java:580)
at org.testng.internal.invokers.MethodInvocationHelper.invokeMethod(MethodInvocationHelper.java:141)
at org.testng.internal.invokers.TestInvoker.invokeMethod(TestInvoker.java:687)
at org.testng.internal.invokers.TestInvoker.invokeTestMethod(TestInvoker.java:230)
at org.testng.internal.invokers.TestMethodWithDataProviderMethodWorker.call(TestMethodWithDataProviderMethodWorker.java:81)
at org.testng.internal.thread.Async$AsyncTask.run(Async.java:34)
at java.base/java.util.concurrent.ThreadPoolExecutor.runWorker(ThreadPoolExecutor.java:1144)
at java.base/java.util.concurrent.ThreadPoolExecutor$Worker.run(ThreadPoolExecutor.java:642)
at java.base/java.lang.Thread.run(Thread.java:1583)
Caused by: com.microsoft.playwright.impl.TargetClosedError: Error {
  message='Target page, context or browser has been closed
  name='TargetClosedError
  stack='TargetClosedError: Target page, context or browser has been closed
    at DispatcherConnection.dispatch (/private/var/folders/1b/cqmvqvbd4sg1xvl1gc93cfyh0000gn/T/playwright-java-4501332805832521530/package/lib/server/dispatchers/dispatcher.js:243:69)
    at transport.onmessage (/private/var/folders/1b/cqmvqvbd4sg1xvl1gc93cfyh0000gn/T/playwright-java-4501332805832521530/package/lib/cli/driver.js:53:59)
    at Immediate._onImmediate (/private/var/folders/1b/cqmvqvbd4sg1xvl1gc93cfyh0000gn/T/playwright-java-4501332805832521530/package/lib/server/utils/pipeTransport.js:76:16)
    at process.processImmediate (node:internal/timers:485:21)
}
at com.microsoft.playwright.impl.Connection.dispatch(Connection.java:259)
at com.microsoft.playwright.impl.Connection.processOneMessage(Connection.java:214)
at com.microsoft.playwright.impl.ChannelOwner.runUntil(ChannelOwner.java:136)
... 17 more
]]>
    </error>
  </testcase> <!-- addMultipleLeads -->
</testsuite> <!-- playwright.Add100leadForProject -->
