<?xml version="1.0" encoding="UTF-8"?>
<!-- Generated by org.testng.reporters.JUnitReportReporter -->
<testsuite hostname="Tushars-Mac-mini.local" failures="0" tests="1" name="tests.AddLandLeadTest" time="39.257" errors="1" timestamp="2025-09-27T11:50:49 IST" skipped="0">
  <testcase classname="tests.AddLandLeadTest" name="Sachana" time="39.257">
    <error message="Error {
  message=&#039;Timeout 30000ms exceeded.
  name=&#039;TimeoutError
  stack=&#039;TimeoutError: Timeout 30000ms exceeded.
    at ProgressController.run (/private/var/folders/1b/cqmvqvbd4sg1xvl1gc93cfyh0000gn/T/playwright-java-10407688883740079608/package/lib/server/progress.js:68:28)
    at FrameDispatcher._runCommand (/private/var/folders/1b/cqmvqvbd4sg1xvl1gc93cfyh0000gn/T/playwright-java-10407688883740079608/package/lib/server/dispatchers/dispatcher.js:95:31)
    at DispatcherConnection.dispatch (/private/var/folders/1b/cqmvqvbd4sg1xvl1gc93cfyh0000gn/T/playwright-java-10407688883740079608/package/lib/server/dispatchers/dispatcher.js:329:39)
}
Call log:
-   - waiting for locator(&quot;//div[contains(text(), &#039;Re-Inquiry&#039;)]&quot;)
-     - locator resolved to &lt;div class=&quot;text-xs whitespace-nowrap&quot;&gt;Re-Inquiry&lt;/div&gt;
-   - attempting click action
-     2 × waiting for element to be visible, enabled and stable
-       - element is visible, enabled and stable
-       - scrolling into view if needed
-       - done scrolling
-       - &lt;div class=&quot;file-upload-container border-blue-500&quot;&gt;…&lt;/div&gt; from &lt;div data-portal=&quot;true&quot; data-mantine-shared-portal-node=&quot;true&quot;&gt;…&lt;/div&gt; subtree intercepts pointer events
-     - retrying click action
-     - waiting 20ms
-     2 × waiting for element to be visible, enabled and stable
-       - element is visible, enabled and stable
-       - scrolling into view if needed
-       - done scrolling
-       - &lt;div class=&quot;file-upload-container border-blue-500&quot;&gt;…&lt;/div&gt; from &lt;div data-portal=&quot;true&quot; data-mantine-shared-portal-node=&quot;true&quot;&gt;…&lt;/div&gt; subtree intercepts pointer events
-     - retrying click action
-       - waiting 100ms
-     - waiting for element to be visible, enabled and stable
-     - element is visible, enabled and stable
-     - scrolling into view if needed
-     - done scrolling
-     - &lt;div class=&quot;file-upload-container border-blue-500&quot;&gt;…&lt;/div&gt; from &lt;div data-portal=&quot;true&quot; data-mantine-shared-portal-node=&quot;true&quot;&gt;…&lt;/div&gt; subtree intercepts pointer events
-   2 × retrying click action
-       - waiting 500ms
-       - waiting for element to be visible, enabled and stable
-       - element is visible, enabled and stable
-       - scrolling into view if needed
-       - done scrolling
-       - &lt;div role=&quot;alert&quot; tabindex=&quot;-1&quot; aria-live=&quot;polite&quot; aria-labelledby=&quot;swal2-title&quot; aria-describedby=&quot;swal2-html-container&quot; class=&quot;swal2-popup swal2-toast swal2-icon-error swal2-show&quot;&gt;…&lt;/div&gt; from &lt;div data-swal2-theme=&quot;light&quot; class=&quot;swal2-container swal2-top toast swal2-backdrop-show&quot;&gt;…&lt;/div&gt; subtree intercepts pointer events
-   2 × retrying click action
-       - waiting 500ms
-       - waiting for element to be visible, enabled and stable
-       - element is visible, enabled and stable
-       - scrolling into view if needed
-       - done scrolling
-       - &lt;div class=&quot;file-upload-container border-blue-500&quot;&gt;…&lt;/div&gt; from &lt;div data-portal=&quot;true&quot; data-mantine-shared-portal-node=&quot;true&quot;&gt;…&lt;/div&gt; subtree intercepts pointer events
-   - retrying click action
-     - waiting 500ms
-     - waiting for element to be visible, enabled and stable
-     - element is visible, enabled and stable
-     - scrolling into view if needed
-     - done scrolling
-     - &lt;div role=&quot;alert&quot; tabindex=&quot;-1&quot; aria-live=&quot;polite&quot; aria-labelledby=&quot;swal2-title&quot; aria-describedby=&quot;swal2-html-container&quot; class=&quot;swal2-popup swal2-toast swal2-icon-error swal2-show&quot;&gt;…&lt;/div&gt; from &lt;div data-swal2-theme=&quot;light&quot; class=&quot;swal2-container swal2-top toast swal2-backdrop-show&quot;&gt;…&lt;/div&gt; subtree intercepts pointer events
-   50 × retrying click action
-        - waiting 500ms
-        - waiting for element to be visible, enabled and stable
-        - element is visible, enabled and stable
-        - scrolling into view if needed
-        - done scrolling
-        - &lt;div class=&quot;file-upload-container border-blue-500&quot;&gt;…&lt;/div&gt; from &lt;div data-portal=&quot;true&quot; data-mantine-shared-portal-node=&quot;true&quot;&gt;…&lt;/div&gt; subtree intercepts pointer events
-   - retrying click action
-     - waiting 500ms
" type="com.microsoft.playwright.TimeoutError">
      <![CDATA[com.microsoft.playwright.TimeoutError: Error {
  message='Timeout 30000ms exceeded.
  name='TimeoutError
  stack='TimeoutError: Timeout 30000ms exceeded.
    at ProgressController.run (/private/var/folders/1b/cqmvqvbd4sg1xvl1gc93cfyh0000gn/T/playwright-java-10407688883740079608/package/lib/server/progress.js:68:28)
    at FrameDispatcher._runCommand (/private/var/folders/1b/cqmvqvbd4sg1xvl1gc93cfyh0000gn/T/playwright-java-10407688883740079608/package/lib/server/dispatchers/dispatcher.js:95:31)
    at DispatcherConnection.dispatch (/private/var/folders/1b/cqmvqvbd4sg1xvl1gc93cfyh0000gn/T/playwright-java-10407688883740079608/package/lib/server/dispatchers/dispatcher.js:329:39)
}
Call log:
-   - waiting for locator("//div[contains(text(), 'Re-Inquiry')]")
-     - locator resolved to <div class="text-xs whitespace-nowrap">Re-Inquiry</div>
-   - attempting click action
-     2 × waiting for element to be visible, enabled and stable
-       - element is visible, enabled and stable
-       - scrolling into view if needed
-       - done scrolling
-       - <div class="file-upload-container border-blue-500">…</div> from <div data-portal="true" data-mantine-shared-portal-node="true">…</div> subtree intercepts pointer events
-     - retrying click action
-     - waiting 20ms
-     2 × waiting for element to be visible, enabled and stable
-       - element is visible, enabled and stable
-       - scrolling into view if needed
-       - done scrolling
-       - <div class="file-upload-container border-blue-500">…</div> from <div data-portal="true" data-mantine-shared-portal-node="true">…</div> subtree intercepts pointer events
-     - retrying click action
-       - waiting 100ms
-     - waiting for element to be visible, enabled and stable
-     - element is visible, enabled and stable
-     - scrolling into view if needed
-     - done scrolling
-     - <div class="file-upload-container border-blue-500">…</div> from <div data-portal="true" data-mantine-shared-portal-node="true">…</div> subtree intercepts pointer events
-   2 × retrying click action
-       - waiting 500ms
-       - waiting for element to be visible, enabled and stable
-       - element is visible, enabled and stable
-       - scrolling into view if needed
-       - done scrolling
-       - <div role="alert" tabindex="-1" aria-live="polite" aria-labelledby="swal2-title" aria-describedby="swal2-html-container" class="swal2-popup swal2-toast swal2-icon-error swal2-show">…</div> from <div data-swal2-theme="light" class="swal2-container swal2-top toast swal2-backdrop-show">…</div> subtree intercepts pointer events
-   2 × retrying click action
-       - waiting 500ms
-       - waiting for element to be visible, enabled and stable
-       - element is visible, enabled and stable
-       - scrolling into view if needed
-       - done scrolling
-       - <div class="file-upload-container border-blue-500">…</div> from <div data-portal="true" data-mantine-shared-portal-node="true">…</div> subtree intercepts pointer events
-   - retrying click action
-     - waiting 500ms
-     - waiting for element to be visible, enabled and stable
-     - element is visible, enabled and stable
-     - scrolling into view if needed
-     - done scrolling
-     - <div role="alert" tabindex="-1" aria-live="polite" aria-labelledby="swal2-title" aria-describedby="swal2-html-container" class="swal2-popup swal2-toast swal2-icon-error swal2-show">…</div> from <div data-swal2-theme="light" class="swal2-container swal2-top toast swal2-backdrop-show">…</div> subtree intercepts pointer events
-   50 × retrying click action
-        - waiting 500ms
-        - waiting for element to be visible, enabled and stable
-        - element is visible, enabled and stable
-        - scrolling into view if needed
-        - done scrolling
-        - <div class="file-upload-container border-blue-500">…</div> from <div data-portal="true" data-mantine-shared-portal-node="true">…</div> subtree intercepts pointer events
-   - retrying click action
-     - waiting 500ms

at com.microsoft.playwright.impl.WaitableResult.get(WaitableResult.java:52)
at com.microsoft.playwright.impl.ChannelOwner.runUntil(ChannelOwner.java:138)
at com.microsoft.playwright.impl.Connection.sendMessage(Connection.java:131)
at com.microsoft.playwright.impl.ChannelOwner.sendMessage(ChannelOwner.java:124)
at com.microsoft.playwright.impl.FrameImpl.clickImpl(FrameImpl.java:241)
at com.microsoft.playwright.impl.PageImpl.click(PageImpl.java:680)
at com.microsoft.playwright.Page.click(Page.java:3931)
at pages.AddLandLeadPage.VerifyLeadbasicDetails(AddLandLeadPage.java:90)
at tests.AddLandLeadTest.Sachana(AddLandLeadTest.java:72)
at java.base/jdk.internal.reflect.DirectMethodHandleAccessor.invoke(DirectMethodHandleAccessor.java:103)
at java.base/java.lang.reflect.Method.invoke(Method.java:580)
at org.testng.internal.invokers.MethodInvocationHelper.invokeMethod(MethodInvocationHelper.java:141)
at org.testng.internal.invokers.TestInvoker.invokeMethod(TestInvoker.java:687)
at org.testng.internal.invokers.TestInvoker.invokeTestMethod(TestInvoker.java:230)
at org.testng.internal.invokers.MethodRunner.runInSequence(MethodRunner.java:63)
at org.testng.internal.invokers.TestInvoker$MethodInvocationAgent.invoke(TestInvoker.java:995)
at org.testng.internal.invokers.TestInvoker.invokeTestMethods(TestInvoker.java:203)
at org.testng.internal.invokers.TestMethodWorker.invokeTestMethods(TestMethodWorker.java:154)
at org.testng.internal.invokers.TestMethodWorker.run(TestMethodWorker.java:134)
at java.base/java.util.ArrayList.forEach(ArrayList.java:1596)
at org.testng.TestRunner.privateRun(TestRunner.java:741)
at org.testng.TestRunner.run(TestRunner.java:616)
at org.testng.SuiteRunner.runTest(SuiteRunner.java:421)
at org.testng.SuiteRunner.runSequentially(SuiteRunner.java:413)
at org.testng.SuiteRunner.privateRun(SuiteRunner.java:373)
at org.testng.SuiteRunner.run(SuiteRunner.java:312)
at org.testng.SuiteRunnerWorker.runSuite(SuiteRunnerWorker.java:52)
at org.testng.SuiteRunnerWorker.run(SuiteRunnerWorker.java:95)
at org.testng.TestNG.runSuitesSequentially(TestNG.java:1274)
at org.testng.TestNG.runSuitesLocally(TestNG.java:1208)
at org.testng.TestNG.runSuites(TestNG.java:1112)
at org.testng.TestNG.run(TestNG.java:1079)
at org.testng.remote.AbstractRemoteTestNG.run(AbstractRemoteTestNG.java:115)
at org.testng.remote.RemoteTestNG.initAndRun(RemoteTestNG.java:293)
at org.testng.remote.RemoteTestNG.main(RemoteTestNG.java:91)
Caused by: com.microsoft.playwright.TimeoutError: Error {
  message='Timeout 30000ms exceeded.
  name='TimeoutError
  stack='TimeoutError: Timeout 30000ms exceeded.
    at ProgressController.run (/private/var/folders/1b/cqmvqvbd4sg1xvl1gc93cfyh0000gn/T/playwright-java-10407688883740079608/package/lib/server/progress.js:68:28)
    at FrameDispatcher._runCommand (/private/var/folders/1b/cqmvqvbd4sg1xvl1gc93cfyh0000gn/T/playwright-java-10407688883740079608/package/lib/server/dispatchers/dispatcher.js:95:31)
    at DispatcherConnection.dispatch (/private/var/folders/1b/cqmvqvbd4sg1xvl1gc93cfyh0000gn/T/playwright-java-10407688883740079608/package/lib/server/dispatchers/dispatcher.js:329:39)
}
Call log:
-   - waiting for locator("//div[contains(text(), 'Re-Inquiry')]")
-     - locator resolved to <div class="text-xs whitespace-nowrap">Re-Inquiry</div>
-   - attempting click action
-     2 × waiting for element to be visible, enabled and stable
-       - element is visible, enabled and stable
-       - scrolling into view if needed
-       - done scrolling
-       - <div class="file-upload-container border-blue-500">…</div> from <div data-portal="true" data-mantine-shared-portal-node="true">…</div> subtree intercepts pointer events
-     - retrying click action
-     - waiting 20ms
-     2 × waiting for element to be visible, enabled and stable
-       - element is visible, enabled and stable
-       - scrolling into view if needed
-       - done scrolling
-       - <div class="file-upload-container border-blue-500">…</div> from <div data-portal="true" data-mantine-shared-portal-node="true">…</div> subtree intercepts pointer events
-     - retrying click action
-       - waiting 100ms
-     - waiting for element to be visible, enabled and stable
-     - element is visible, enabled and stable
-     - scrolling into view if needed
-     - done scrolling
-     - <div class="file-upload-container border-blue-500">…</div> from <div data-portal="true" data-mantine-shared-portal-node="true">…</div> subtree intercepts pointer events
-   2 × retrying click action
-       - waiting 500ms
-       - waiting for element to be visible, enabled and stable
-       - element is visible, enabled and stable
-       - scrolling into view if needed
-       - done scrolling
-       - <div role="alert" tabindex="-1" aria-live="polite" aria-labelledby="swal2-title" aria-describedby="swal2-html-container" class="swal2-popup swal2-toast swal2-icon-error swal2-show">…</div> from <div data-swal2-theme="light" class="swal2-container swal2-top toast swal2-backdrop-show">…</div> subtree intercepts pointer events
-   2 × retrying click action
-       - waiting 500ms
-       - waiting for element to be visible, enabled and stable
-       - element is visible, enabled and stable
-       - scrolling into view if needed
-       - done scrolling
-       - <div class="file-upload-container border-blue-500">…</div> from <div data-portal="true" data-mantine-shared-portal-node="true">…</div> subtree intercepts pointer events
-   - retrying click action
-     - waiting 500ms
-     - waiting for element to be visible, enabled and stable
-     - element is visible, enabled and stable
-     - scrolling into view if needed
-     - done scrolling
-     - <div role="alert" tabindex="-1" aria-live="polite" aria-labelledby="swal2-title" aria-describedby="swal2-html-container" class="swal2-popup swal2-toast swal2-icon-error swal2-show">…</div> from <div data-swal2-theme="light" class="swal2-container swal2-top toast swal2-backdrop-show">…</div> subtree intercepts pointer events
-   50 × retrying click action
-        - waiting 500ms
-        - waiting for element to be visible, enabled and stable
-        - element is visible, enabled and stable
-        - scrolling into view if needed
-        - done scrolling
-        - <div class="file-upload-container border-blue-500">…</div> from <div data-portal="true" data-mantine-shared-portal-node="true">…</div> subtree intercepts pointer events
-   - retrying click action
-     - waiting 500ms

at com.microsoft.playwright.impl.Connection.dispatch(Connection.java:257)
at com.microsoft.playwright.impl.Connection.processOneMessage(Connection.java:214)
at com.microsoft.playwright.impl.ChannelOwner.runUntil(ChannelOwner.java:136)
... 33 more
]]>
    </error>
  </testcase> <!-- Sachana -->
</testsuite> <!-- tests.AddLandLeadTest -->
