<?xml version="1.0" encoding="UTF-8"?>
<!-- Generated by org.testng.reporters.JUnitReportReporter -->
<testsuite hostname="Tushars-Mac-mini.local" failures="35" tests="1111" name="tests.AddFurnitureLeadTest" time="7044.881" errors="28" timestamp="2025-09-25T14:21:33 IST" skipped="643">
  <testcase classname="tests.AddFurnitureLeadTest" name="addLeadForAdditionalFurnitureLeadTest" time="1.997">
    <skipped/>
  </testcase> <!-- addLeadForAdditionalFurnitureLeadTest -->
  <testcase classname="tests.AddFurnitureLeadTest" name="addLeadForAdditionalFurnitureLeadTest" time="1.992">
    <skipped/>
  </testcase> <!-- addLeadForAdditionalFurnitureLeadTest -->
  <testcase classname="tests.AddFurnitureLeadTest" name="addLeadForAdditionalFurnitureLeadTest" time="10.549"/>
  <testcase classname="tests.AddFurnitureLeadTest" name="addLeadForAdditionalFurnitureLeadTest" time="1.993">
    <skipped/>
  </testcase> <!-- addLeadForAdditionalFurnitureLeadTest -->
  <testcase classname="tests.AddFurnitureLeadTest" name="addLeadForAdditionalFurnitureLeadTest" time="1.991">
    <skipped/>
  </testcase> <!-- addLeadForAdditionalFurnitureLeadTest -->
  <testcase classname="tests.AddFurnitureLeadTest" name="addLeadForAdditionalFurnitureLeadTest" time="10.545"/>
  <testcase classname="tests.AddFurnitureLeadTest" name="addLeadForAdditionalFurnitureLeadTest" time="1.962">
    <skipped/>
  </testcase> <!-- addLeadForAdditionalFurnitureLeadTest -->
  <testcase classname="tests.AddFurnitureLeadTest" name="addLeadForAdditionalFurnitureLeadTest" time="11.831"/>
  <testcase classname="tests.AddFurnitureLeadTest" name="addLeadForAdditionalFurnitureLeadTest" time="10.621"/>
  <testcase classname="tests.AddFurnitureLeadTest" name="addLeadForAdditionalFurnitureLeadTest" time="10.576"/>
  <testcase classname="tests.AddFurnitureLeadTest" name="addLeadForAdditionalFurnitureLeadTest" time="1.979">
    <skipped/>
  </testcase> <!-- addLeadForAdditionalFurnitureLeadTest -->
  <testcase classname="tests.AddFurnitureLeadTest" name="addLeadForAdditionalFurnitureLeadTest" time="10.469"/>
  <testcase classname="tests.AddFurnitureLeadTest" name="addLeadForAdditionalFurnitureLeadTest" time="1.987">
    <skipped/>
  </testcase> <!-- addLeadForAdditionalFurnitureLeadTest -->
  <testcase classname="tests.AddFurnitureLeadTest" name="addLeadForAdditionalFurnitureLeadTest" time="10.537"/>
  <testcase classname="tests.AddFurnitureLeadTest" name="addLeadForAdditionalFurnitureLeadTest" time="1.974">
    <skipped/>
  </testcase> <!-- addLeadForAdditionalFurnitureLeadTest -->
  <testcase classname="tests.AddFurnitureLeadTest" name="addLeadForAdditionalFurnitureLeadTest" time="10.474"/>
  <testcase classname="tests.AddFurnitureLeadTest" name="addLeadForAdditionalFurnitureLeadTest" time="10.578"/>
  <testcase classname="tests.AddFurnitureLeadTest" name="addLeadForAdditionalFurnitureLeadTest" time="1.042">
    <skipped/>
  </testcase> <!-- addLeadForAdditionalFurnitureLeadTest -->
  <testcase classname="tests.AddFurnitureLeadTest" name="addLeadForAdditionalFurnitureLeadTest" time="1.988">
    <skipped/>
  </testcase> <!-- addLeadForAdditionalFurnitureLeadTest -->
  <testcase classname="tests.AddFurnitureLeadTest" name="addLeadForAdditionalFurnitureLeadTest" time="10.535"/>
  <testcase classname="tests.AddFurnitureLeadTest" name="addLeadForAdditionalFurnitureLeadTest" time="1.048">
    <skipped/>
  </testcase> <!-- addLeadForAdditionalFurnitureLeadTest -->
  <testcase classname="tests.AddFurnitureLeadTest" name="addLeadForAdditionalFurnitureLeadTest" time="1.961">
    <skipped/>
  </testcase> <!-- addLeadForAdditionalFurnitureLeadTest -->
  <testcase classname="tests.AddFurnitureLeadTest" name="addLeadForAdditionalFurnitureLeadTest" time="9.630"/>
  <testcase classname="tests.AddFurnitureLeadTest" name="addLeadForAdditionalFurnitureLeadTest" time="1.974">
    <skipped/>
  </testcase> <!-- addLeadForAdditionalFurnitureLeadTest -->
  <testcase classname="tests.AddFurnitureLeadTest" name="addLeadForAdditionalFurnitureLeadTest" time="0.034">
    <skipped/>
  </testcase> <!-- addLeadForAdditionalFurnitureLeadTest -->
  <testcase classname="tests.AddFurnitureLeadTest" name="addLeadForAdditionalFurnitureLeadTest" time="1.994">
    <skipped/>
  </testcase> <!-- addLeadForAdditionalFurnitureLeadTest -->
  <testcase classname="tests.AddFurnitureLeadTest" name="addLeadForAdditionalFurnitureLeadTest" time="10.698"/>
  <testcase classname="tests.AddFurnitureLeadTest" name="addLeadForAdditionalFurnitureLeadTest" time="10.479"/>
  <testcase classname="tests.AddFurnitureLeadTest" name="addLeadForAdditionalFurnitureLeadTest" time="10.589"/>
  <testcase classname="tests.AddFurnitureLeadTest" name="addLeadForAdditionalFurnitureLeadTest" time="2.005">
    <skipped/>
  </testcase> <!-- addLeadForAdditionalFurnitureLeadTest -->
  <testcase classname="tests.AddFurnitureLeadTest" name="addLeadForAdditionalFurnitureLeadTest" time="2.001">
    <skipped/>
  </testcase> <!-- addLeadForAdditionalFurnitureLeadTest -->
  <testcase classname="tests.AddFurnitureLeadTest" name="addLeadForAdditionalFurnitureLeadTest" time="1.991">
    <skipped/>
  </testcase> <!-- addLeadForAdditionalFurnitureLeadTest -->
  <testcase classname="tests.AddFurnitureLeadTest" name="addLeadForAdditionalFurnitureLeadTest" time="1.986">
    <skipped/>
  </testcase> <!-- addLeadForAdditionalFurnitureLeadTest -->
  <testcase classname="tests.AddFurnitureLeadTest" name="addLeadForAdditionalFurnitureLeadTest" time="10.511"/>
  <testcase classname="tests.AddFurnitureLeadTest" name="addLeadForAdditionalFurnitureLeadTest" time="1.980">
    <skipped/>
  </testcase> <!-- addLeadForAdditionalFurnitureLeadTest -->
  <testcase classname="tests.AddFurnitureLeadTest" name="addLeadForAdditionalFurnitureLeadTest" time="1.992">
    <skipped/>
  </testcase> <!-- addLeadForAdditionalFurnitureLeadTest -->
  <testcase classname="tests.AddFurnitureLeadTest" name="addLeadForAdditionalFurnitureLeadTest" time="2.006">
    <skipped/>
  </testcase> <!-- addLeadForAdditionalFurnitureLeadTest -->
  <testcase classname="tests.AddFurnitureLeadTest" name="addLeadForAdditionalFurnitureLeadTest" time="1.990">
    <skipped/>
  </testcase> <!-- addLeadForAdditionalFurnitureLeadTest -->
  <testcase classname="tests.AddFurnitureLeadTest" name="addLeadForAdditionalFurnitureLeadTest" time="10.477"/>
  <testcase classname="tests.AddFurnitureLeadTest" name="addLeadForAdditionalFurnitureLeadTest" time="2.003">
    <skipped/>
  </testcase> <!-- addLeadForAdditionalFurnitureLeadTest -->
  <testcase classname="tests.AddFurnitureLeadTest" name="addLeadForAdditionalFurnitureLeadTest" time="1.981">
    <skipped/>
  </testcase> <!-- addLeadForAdditionalFurnitureLeadTest -->
  <testcase classname="tests.AddFurnitureLeadTest" name="addLeadForAdditionalFurnitureLeadTest" time="10.524"/>
  <testcase classname="tests.AddFurnitureLeadTest" name="addLeadForAdditionalFurnitureLeadTest" time="1.976">
    <skipped/>
  </testcase> <!-- addLeadForAdditionalFurnitureLeadTest -->
  <testcase classname="tests.AddFurnitureLeadTest" name="addLeadForAdditionalFurnitureLeadTest" time="1.975">
    <skipped/>
  </testcase> <!-- addLeadForAdditionalFurnitureLeadTest -->
  <testcase classname="tests.AddFurnitureLeadTest" name="addLeadForAdditionalFurnitureLeadTest" time="1.988">
    <skipped/>
  </testcase> <!-- addLeadForAdditionalFurnitureLeadTest -->
  <testcase classname="tests.AddFurnitureLeadTest" name="addLeadForAdditionalFurnitureLeadTest" time="2.012">
    <skipped/>
  </testcase> <!-- addLeadForAdditionalFurnitureLeadTest -->
  <testcase classname="tests.AddFurnitureLeadTest" name="addLeadForAdditionalFurnitureLeadTest" time="10.581"/>
  <testcase classname="tests.AddFurnitureLeadTest" name="addLeadForAdditionalFurnitureLeadTest" time="35.431">
    <error message="Error {
  message=&#039;Timeout 30000ms exceeded.
  name=&#039;TimeoutError
  stack=&#039;TimeoutError: Timeout 30000ms exceeded.
    at ProgressController.run (/private/var/folders/1b/cqmvqvbd4sg1xvl1gc93cfyh0000gn/T/playwright-java-7524229160389361392/package/lib/server/progress.js:68:28)
    at FrameDispatcher._runCommand (/private/var/folders/1b/cqmvqvbd4sg1xvl1gc93cfyh0000gn/T/playwright-java-7524229160389361392/package/lib/server/dispatchers/dispatcher.js:95:31)
    at DispatcherConnection.dispatch (/private/var/folders/1b/cqmvqvbd4sg1xvl1gc93cfyh0000gn/T/playwright-java-7524229160389361392/package/lib/server/dispatchers/dispatcher.js:329:39)
}
Call log:
-   - waiting for locator(&quot;#category&quot;)
-     - locator resolved to &lt;select id=&quot;category&quot; name=&quot;category&quot; class=&quot;custom-input &quot; aria-label=&quot;Select Product Category&quot;&gt;…&lt;/select&gt;
-   - attempting select option action
-     2 × waiting for element to be visible and enabled
-       - did not find some options
-     - retrying select option action
-     - waiting 20ms
-     2 × waiting for element to be visible and enabled
-       - did not find some options
-     - retrying select option action
-       - waiting 100ms
-     60 × waiting for element to be visible and enabled
-        - did not find some options
-      - retrying select option action
-        - waiting 500ms
" type="com.microsoft.playwright.TimeoutError">
      <![CDATA[com.microsoft.playwright.TimeoutError: Error {
  message='Timeout 30000ms exceeded.
  name='TimeoutError
  stack='TimeoutError: Timeout 30000ms exceeded.
    at ProgressController.run (/private/var/folders/1b/cqmvqvbd4sg1xvl1gc93cfyh0000gn/T/playwright-java-7524229160389361392/package/lib/server/progress.js:68:28)
    at FrameDispatcher._runCommand (/private/var/folders/1b/cqmvqvbd4sg1xvl1gc93cfyh0000gn/T/playwright-java-7524229160389361392/package/lib/server/dispatchers/dispatcher.js:95:31)
    at DispatcherConnection.dispatch (/private/var/folders/1b/cqmvqvbd4sg1xvl1gc93cfyh0000gn/T/playwright-java-7524229160389361392/package/lib/server/dispatchers/dispatcher.js:329:39)
}
Call log:
-   - waiting for locator("#category")
-     - locator resolved to <select id="category" name="category" class="custom-input " aria-label="Select Product Category">…</select>
-   - attempting select option action
-     2 × waiting for element to be visible and enabled
-       - did not find some options
-     - retrying select option action
-     - waiting 20ms
-     2 × waiting for element to be visible and enabled
-       - did not find some options
-     - retrying select option action
-       - waiting 100ms
-     60 × waiting for element to be visible and enabled
-        - did not find some options
-      - retrying select option action
-        - waiting 500ms

at com.microsoft.playwright.impl.WaitableResult.get(WaitableResult.java:52)
at com.microsoft.playwright.impl.ChannelOwner.runUntil(ChannelOwner.java:138)
at com.microsoft.playwright.impl.Connection.sendMessage(Connection.java:131)
at com.microsoft.playwright.impl.ChannelOwner.sendMessage(ChannelOwner.java:124)
at com.microsoft.playwright.impl.FrameImpl.selectOption(FrameImpl.java:678)
at com.microsoft.playwright.impl.FrameImpl.selectOptionImpl(FrameImpl.java:645)
at com.microsoft.playwright.impl.PageImpl.selectOption(PageImpl.java:1183)
at com.microsoft.playwright.impl.PageImpl.selectOption(PageImpl.java:1150)
at com.microsoft.playwright.Page.selectOption(Page.java:6958)
at pages.AddFurnitureLeadPage.addLeadBasic(AddFurnitureLeadPage.java:396)
at pages.AddFurnitureLeadPage.addLeadWithAdditional(AddFurnitureLeadPage.java:205)
at tests.AddFurnitureLeadTest.addLeadForAdditionalFurnitureLeadTest(AddFurnitureLeadTest.java:168)
at java.base/jdk.internal.reflect.DirectMethodHandleAccessor.invoke(DirectMethodHandleAccessor.java:103)
at java.base/java.lang.reflect.Method.invoke(Method.java:580)
at org.testng.internal.invokers.MethodInvocationHelper.invokeMethod(MethodInvocationHelper.java:141)
at org.testng.internal.invokers.TestInvoker.invokeMethod(TestInvoker.java:687)
at org.testng.internal.invokers.TestInvoker.invokeTestMethod(TestInvoker.java:230)
at org.testng.internal.invokers.MethodRunner.runInSequence(MethodRunner.java:63)
at org.testng.internal.invokers.TestInvoker$MethodInvocationAgent.invoke(TestInvoker.java:995)
at org.testng.internal.invokers.TestInvoker.invokeTestMethods(TestInvoker.java:203)
at org.testng.internal.invokers.TestMethodWorker.invokeTestMethods(TestMethodWorker.java:154)
at org.testng.internal.invokers.TestMethodWorker.run(TestMethodWorker.java:134)
at java.base/java.util.ArrayList.forEach(ArrayList.java:1596)
at org.testng.TestRunner.privateRun(TestRunner.java:741)
at org.testng.TestRunner.run(TestRunner.java:616)
at org.testng.SuiteRunner.runTest(SuiteRunner.java:421)
at org.testng.SuiteRunner.runSequentially(SuiteRunner.java:413)
at org.testng.SuiteRunner.privateRun(SuiteRunner.java:373)
at org.testng.SuiteRunner.run(SuiteRunner.java:312)
at org.testng.SuiteRunnerWorker.runSuite(SuiteRunnerWorker.java:52)
at org.testng.SuiteRunnerWorker.run(SuiteRunnerWorker.java:95)
at org.testng.TestNG.runSuitesSequentially(TestNG.java:1274)
at org.testng.TestNG.runSuitesLocally(TestNG.java:1208)
at org.testng.TestNG.runSuites(TestNG.java:1112)
at org.testng.TestNG.run(TestNG.java:1079)
at org.testng.remote.AbstractRemoteTestNG.run(AbstractRemoteTestNG.java:115)
at org.testng.remote.RemoteTestNG.initAndRun(RemoteTestNG.java:293)
at org.testng.remote.RemoteTestNG.main(RemoteTestNG.java:91)
Caused by: com.microsoft.playwright.TimeoutError: Error {
  message='Timeout 30000ms exceeded.
  name='TimeoutError
  stack='TimeoutError: Timeout 30000ms exceeded.
    at ProgressController.run (/private/var/folders/1b/cqmvqvbd4sg1xvl1gc93cfyh0000gn/T/playwright-java-7524229160389361392/package/lib/server/progress.js:68:28)
    at FrameDispatcher._runCommand (/private/var/folders/1b/cqmvqvbd4sg1xvl1gc93cfyh0000gn/T/playwright-java-7524229160389361392/package/lib/server/dispatchers/dispatcher.js:95:31)
    at DispatcherConnection.dispatch (/private/var/folders/1b/cqmvqvbd4sg1xvl1gc93cfyh0000gn/T/playwright-java-7524229160389361392/package/lib/server/dispatchers/dispatcher.js:329:39)
}
Call log:
-   - waiting for locator("#category")
-     - locator resolved to <select id="category" name="category" class="custom-input " aria-label="Select Product Category">…</select>
-   - attempting select option action
-     2 × waiting for element to be visible and enabled
-       - did not find some options
-     - retrying select option action
-     - waiting 20ms
-     2 × waiting for element to be visible and enabled
-       - did not find some options
-     - retrying select option action
-       - waiting 100ms
-     60 × waiting for element to be visible and enabled
-        - did not find some options
-      - retrying select option action
-        - waiting 500ms

at com.microsoft.playwright.impl.Connection.dispatch(Connection.java:257)
at com.microsoft.playwright.impl.Connection.processOneMessage(Connection.java:214)
at com.microsoft.playwright.impl.ChannelOwner.runUntil(ChannelOwner.java:136)
... 36 more
]]>
    </error>
  </testcase> <!-- addLeadForAdditionalFurnitureLeadTest -->
  <testcase classname="tests.AddFurnitureLeadTest" name="addLeadForAdditionalFurnitureLeadTest" time="10.444"/>
  <testcase classname="tests.AddFurnitureLeadTest" name="addLeadForAdditionalFurnitureLeadTest" time="1.991">
    <skipped/>
  </testcase> <!-- addLeadForAdditionalFurnitureLeadTest -->
  <testcase classname="tests.AddFurnitureLeadTest" name="addLeadForAdditionalFurnitureLeadTest" time="2.002">
    <skipped/>
  </testcase> <!-- addLeadForAdditionalFurnitureLeadTest -->
  <testcase classname="tests.AddFurnitureLeadTest" name="addLeadForAdditionalFurnitureLeadTest" time="10.550"/>
  <testcase classname="tests.AddFurnitureLeadTest" name="addLeadForAdditionalFurnitureLeadTest" time="10.553"/>
  <testcase classname="tests.AddFurnitureLeadTest" name="addLeadForAdditionalFurnitureLeadTest" time="9.392">
    <failure message="Full name mismatch. Expected: Mehul Trivedi, Got: Jigar Raval" type="java.lang.AssertionError">
      <![CDATA[java.lang.AssertionError: Full name mismatch. Expected: Mehul Trivedi, Got: Jigar Raval
at pages.AddFurnitureLeadPage.validateLeadWithAdditionalInfo(AddFurnitureLeadPage.java:270)
at tests.AddFurnitureLeadTest.addLeadForAdditionalFurnitureLeadTest(AddFurnitureLeadTest.java:173)
at java.base/jdk.internal.reflect.DirectMethodHandleAccessor.invoke(DirectMethodHandleAccessor.java:103)
at java.base/java.lang.reflect.Method.invoke(Method.java:580)
at org.testng.internal.invokers.MethodInvocationHelper.invokeMethod(MethodInvocationHelper.java:141)
at org.testng.internal.invokers.TestInvoker.invokeMethod(TestInvoker.java:687)
at org.testng.internal.invokers.TestInvoker.invokeTestMethod(TestInvoker.java:230)
at org.testng.internal.invokers.MethodRunner.runInSequence(MethodRunner.java:63)
at org.testng.internal.invokers.TestInvoker$MethodInvocationAgent.invoke(TestInvoker.java:995)
at org.testng.internal.invokers.TestInvoker.invokeTestMethods(TestInvoker.java:203)
at org.testng.internal.invokers.TestMethodWorker.invokeTestMethods(TestMethodWorker.java:154)
at org.testng.internal.invokers.TestMethodWorker.run(TestMethodWorker.java:134)
at java.base/java.util.ArrayList.forEach(ArrayList.java:1596)
at org.testng.TestRunner.privateRun(TestRunner.java:741)
at org.testng.TestRunner.run(TestRunner.java:616)
at org.testng.SuiteRunner.runTest(SuiteRunner.java:421)
at org.testng.SuiteRunner.runSequentially(SuiteRunner.java:413)
at org.testng.SuiteRunner.privateRun(SuiteRunner.java:373)
at org.testng.SuiteRunner.run(SuiteRunner.java:312)
at org.testng.SuiteRunnerWorker.runSuite(SuiteRunnerWorker.java:52)
at org.testng.SuiteRunnerWorker.run(SuiteRunnerWorker.java:95)
at org.testng.TestNG.runSuitesSequentially(TestNG.java:1274)
at org.testng.TestNG.runSuitesLocally(TestNG.java:1208)
at org.testng.TestNG.runSuites(TestNG.java:1112)
at org.testng.TestNG.run(TestNG.java:1079)
at org.testng.remote.AbstractRemoteTestNG.run(AbstractRemoteTestNG.java:115)
at org.testng.remote.RemoteTestNG.initAndRun(RemoteTestNG.java:293)
at org.testng.remote.RemoteTestNG.main(RemoteTestNG.java:91)
]]>
    </failure>
  </testcase> <!-- addLeadForAdditionalFurnitureLeadTest -->
  <testcase classname="tests.AddFurnitureLeadTest" name="addLeadForAdditionalFurnitureLeadTest" time="10.506"/>
  <testcase classname="tests.AddFurnitureLeadTest" name="addLeadForAdditionalFurnitureLeadTest" time="10.595"/>
  <testcase classname="tests.AddFurnitureLeadTest" name="addLeadForAdditionalFurnitureLeadTest" time="1.972">
    <skipped/>
  </testcase> <!-- addLeadForAdditionalFurnitureLeadTest -->
  <testcase classname="tests.AddFurnitureLeadTest" name="addLeadForAdditionalFurnitureLeadTest" time="1.974">
    <skipped/>
  </testcase> <!-- addLeadForAdditionalFurnitureLeadTest -->
  <testcase classname="tests.AddFurnitureLeadTest" name="addLeadForAdditionalFurnitureLeadTest" time="10.432"/>
  <testcase classname="tests.AddFurnitureLeadTest" name="addLeadForAdditionalFurnitureLeadTest" time="1.998">
    <skipped/>
  </testcase> <!-- addLeadForAdditionalFurnitureLeadTest -->
  <testcase classname="tests.AddFurnitureLeadTest" name="addLeadForAdditionalFurnitureLeadTest" time="1.982">
    <skipped/>
  </testcase> <!-- addLeadForAdditionalFurnitureLeadTest -->
  <testcase classname="tests.AddFurnitureLeadTest" name="addLeadForAdditionalFurnitureLeadTest" time="10.626"/>
  <testcase classname="tests.AddFurnitureLeadTest" name="addLeadForAdditionalFurnitureLeadTest" time="2.007">
    <skipped/>
  </testcase> <!-- addLeadForAdditionalFurnitureLeadTest -->
  <testcase classname="tests.AddFurnitureLeadTest" name="addLeadForAdditionalFurnitureLeadTest" time="10.845"/>
  <testcase classname="tests.AddFurnitureLeadTest" name="addLeadForAdditionalFurnitureLeadTest" time="1.972">
    <skipped/>
  </testcase> <!-- addLeadForAdditionalFurnitureLeadTest -->
  <testcase classname="tests.AddFurnitureLeadTest" name="addLeadForAdditionalFurnitureLeadTest" time="1.987">
    <skipped/>
  </testcase> <!-- addLeadForAdditionalFurnitureLeadTest -->
  <testcase classname="tests.AddFurnitureLeadTest" name="addLeadForAdditionalFurnitureLeadTest" time="10.676"/>
  <testcase classname="tests.AddFurnitureLeadTest" name="addLeadForAdditionalFurnitureLeadTest" time="1.992">
    <skipped/>
  </testcase> <!-- addLeadForAdditionalFurnitureLeadTest -->
  <testcase classname="tests.AddFurnitureLeadTest" name="addLeadForAdditionalFurnitureLeadTest" time="1.985">
    <skipped/>
  </testcase> <!-- addLeadForAdditionalFurnitureLeadTest -->
  <testcase classname="tests.AddFurnitureLeadTest" name="addLeadForAdditionalFurnitureLeadTest" time="10.568"/>
  <testcase classname="tests.AddFurnitureLeadTest" name="addLeadForAdditionalFurnitureLeadTest" time="1.977">
    <skipped/>
  </testcase> <!-- addLeadForAdditionalFurnitureLeadTest -->
  <testcase classname="tests.AddFurnitureLeadTest" name="addLeadForAdditionalFurnitureLeadTest" time="1.985">
    <skipped/>
  </testcase> <!-- addLeadForAdditionalFurnitureLeadTest -->
  <testcase classname="tests.AddFurnitureLeadTest" name="addLeadForAdditionalFurnitureLeadTest" time="1.970">
    <skipped/>
  </testcase> <!-- addLeadForAdditionalFurnitureLeadTest -->
  <testcase classname="tests.AddFurnitureLeadTest" name="addLeadForAdditionalFurnitureLeadTest" time="1.974">
    <skipped/>
  </testcase> <!-- addLeadForAdditionalFurnitureLeadTest -->
  <testcase classname="tests.AddFurnitureLeadTest" name="addLeadForAdditionalFurnitureLeadTest" time="10.424"/>
  <testcase classname="tests.AddFurnitureLeadTest" name="addLeadForAdditionalFurnitureLeadTest" time="10.897"/>
  <testcase classname="tests.AddFurnitureLeadTest" name="addLeadForAdditionalFurnitureLeadTest" time="0.033">
    <skipped/>
  </testcase> <!-- addLeadForAdditionalFurnitureLeadTest -->
  <testcase classname="tests.AddFurnitureLeadTest" name="addLeadForAdditionalFurnitureLeadTest" time="10.930"/>
  <testcase classname="tests.AddFurnitureLeadTest" name="addLeadForAdditionalFurnitureLeadTest" time="1.996">
    <skipped/>
  </testcase> <!-- addLeadForAdditionalFurnitureLeadTest -->
  <testcase classname="tests.AddFurnitureLeadTest" name="addLeadForAdditionalFurnitureLeadTest" time="10.600"/>
  <testcase classname="tests.AddFurnitureLeadTest" name="addLeadForAdditionalFurnitureLeadTest" time="1.989">
    <skipped/>
  </testcase> <!-- addLeadForAdditionalFurnitureLeadTest -->
  <testcase classname="tests.AddFurnitureLeadTest" name="addLeadForAdditionalFurnitureLeadTest" time="9.310">
    <failure message="Full name mismatch. Expected: Anjali Choksi, Got: Anjali Raval" type="java.lang.AssertionError">
      <![CDATA[java.lang.AssertionError: Full name mismatch. Expected: Anjali Choksi, Got: Anjali Raval
at pages.AddFurnitureLeadPage.validateLeadWithAdditionalInfo(AddFurnitureLeadPage.java:270)
at tests.AddFurnitureLeadTest.addLeadForAdditionalFurnitureLeadTest(AddFurnitureLeadTest.java:173)
at java.base/jdk.internal.reflect.DirectMethodHandleAccessor.invoke(DirectMethodHandleAccessor.java:103)
at java.base/java.lang.reflect.Method.invoke(Method.java:580)
at org.testng.internal.invokers.MethodInvocationHelper.invokeMethod(MethodInvocationHelper.java:141)
at org.testng.internal.invokers.TestInvoker.invokeMethod(TestInvoker.java:687)
at org.testng.internal.invokers.TestInvoker.invokeTestMethod(TestInvoker.java:230)
at org.testng.internal.invokers.MethodRunner.runInSequence(MethodRunner.java:63)
at org.testng.internal.invokers.TestInvoker$MethodInvocationAgent.invoke(TestInvoker.java:995)
at org.testng.internal.invokers.TestInvoker.invokeTestMethods(TestInvoker.java:203)
at org.testng.internal.invokers.TestMethodWorker.invokeTestMethods(TestMethodWorker.java:154)
at org.testng.internal.invokers.TestMethodWorker.run(TestMethodWorker.java:134)
at java.base/java.util.ArrayList.forEach(ArrayList.java:1596)
at org.testng.TestRunner.privateRun(TestRunner.java:741)
at org.testng.TestRunner.run(TestRunner.java:616)
at org.testng.SuiteRunner.runTest(SuiteRunner.java:421)
at org.testng.SuiteRunner.runSequentially(SuiteRunner.java:413)
at org.testng.SuiteRunner.privateRun(SuiteRunner.java:373)
at org.testng.SuiteRunner.run(SuiteRunner.java:312)
at org.testng.SuiteRunnerWorker.runSuite(SuiteRunnerWorker.java:52)
at org.testng.SuiteRunnerWorker.run(SuiteRunnerWorker.java:95)
at org.testng.TestNG.runSuitesSequentially(TestNG.java:1274)
at org.testng.TestNG.runSuitesLocally(TestNG.java:1208)
at org.testng.TestNG.runSuites(TestNG.java:1112)
at org.testng.TestNG.run(TestNG.java:1079)
at org.testng.remote.AbstractRemoteTestNG.run(AbstractRemoteTestNG.java:115)
at org.testng.remote.RemoteTestNG.initAndRun(RemoteTestNG.java:293)
at org.testng.remote.RemoteTestNG.main(RemoteTestNG.java:91)
]]>
    </failure>
  </testcase> <!-- addLeadForAdditionalFurnitureLeadTest -->
  <testcase classname="tests.AddFurnitureLeadTest" name="addLeadForAdditionalFurnitureLeadTest" time="1.979">
    <skipped/>
  </testcase> <!-- addLeadForAdditionalFurnitureLeadTest -->
  <testcase classname="tests.AddFurnitureLeadTest" name="addLeadForAdditionalFurnitureLeadTest" time="9.458">
    <failure message="Country code mismatch. Expected: 91, Got: +591" type="java.lang.AssertionError">
      <![CDATA[java.lang.AssertionError: Country code mismatch. Expected: 91, Got: +591
at pages.AddFurnitureLeadPage.validateLeadWithAdditionalInfo(AddFurnitureLeadPage.java:273)
at tests.AddFurnitureLeadTest.addLeadForAdditionalFurnitureLeadTest(AddFurnitureLeadTest.java:173)
at java.base/jdk.internal.reflect.DirectMethodHandleAccessor.invoke(DirectMethodHandleAccessor.java:103)
at java.base/java.lang.reflect.Method.invoke(Method.java:580)
at org.testng.internal.invokers.MethodInvocationHelper.invokeMethod(MethodInvocationHelper.java:141)
at org.testng.internal.invokers.TestInvoker.invokeMethod(TestInvoker.java:687)
at org.testng.internal.invokers.TestInvoker.invokeTestMethod(TestInvoker.java:230)
at org.testng.internal.invokers.MethodRunner.runInSequence(MethodRunner.java:63)
at org.testng.internal.invokers.TestInvoker$MethodInvocationAgent.invoke(TestInvoker.java:995)
at org.testng.internal.invokers.TestInvoker.invokeTestMethods(TestInvoker.java:203)
at org.testng.internal.invokers.TestMethodWorker.invokeTestMethods(TestMethodWorker.java:154)
at org.testng.internal.invokers.TestMethodWorker.run(TestMethodWorker.java:134)
at java.base/java.util.ArrayList.forEach(ArrayList.java:1596)
at org.testng.TestRunner.privateRun(TestRunner.java:741)
at org.testng.TestRunner.run(TestRunner.java:616)
at org.testng.SuiteRunner.runTest(SuiteRunner.java:421)
at org.testng.SuiteRunner.runSequentially(SuiteRunner.java:413)
at org.testng.SuiteRunner.privateRun(SuiteRunner.java:373)
at org.testng.SuiteRunner.run(SuiteRunner.java:312)
at org.testng.SuiteRunnerWorker.runSuite(SuiteRunnerWorker.java:52)
at org.testng.SuiteRunnerWorker.run(SuiteRunnerWorker.java:95)
at org.testng.TestNG.runSuitesSequentially(TestNG.java:1274)
at org.testng.TestNG.runSuitesLocally(TestNG.java:1208)
at org.testng.TestNG.runSuites(TestNG.java:1112)
at org.testng.TestNG.run(TestNG.java:1079)
at org.testng.remote.AbstractRemoteTestNG.run(AbstractRemoteTestNG.java:115)
at org.testng.remote.RemoteTestNG.initAndRun(RemoteTestNG.java:293)
at org.testng.remote.RemoteTestNG.main(RemoteTestNG.java:91)
]]>
    </failure>
  </testcase> <!-- addLeadForAdditionalFurnitureLeadTest -->
  <testcase classname="tests.AddFurnitureLeadTest" name="addLeadForAdditionalFurnitureLeadTest" time="1.973">
    <skipped/>
  </testcase> <!-- addLeadForAdditionalFurnitureLeadTest -->
  <testcase classname="tests.AddFurnitureLeadTest" name="addLeadForAdditionalFurnitureLeadTest" time="1.986">
    <skipped/>
  </testcase> <!-- addLeadForAdditionalFurnitureLeadTest -->
  <testcase classname="tests.AddFurnitureLeadTest" name="addLeadForAdditionalFurnitureLeadTest" time="10.557"/>
  <testcase classname="tests.AddFurnitureLeadTest" name="addLeadForAdditionalFurnitureLeadTest" time="10.436"/>
  <testcase classname="tests.AddFurnitureLeadTest" name="addLeadForAdditionalFurnitureLeadTest" time="1.958">
    <skipped/>
  </testcase> <!-- addLeadForAdditionalFurnitureLeadTest -->
  <testcase classname="tests.AddFurnitureLeadTest" name="addLeadForAdditionalFurnitureLeadTest" time="10.560"/>
  <testcase classname="tests.AddFurnitureLeadTest" name="addLeadForAdditionalFurnitureLeadTest" time="10.542"/>
  <testcase classname="tests.AddFurnitureLeadTest" name="addLeadForAdditionalFurnitureLeadTest" time="1.973">
    <skipped/>
  </testcase> <!-- addLeadForAdditionalFurnitureLeadTest -->
  <testcase classname="tests.AddFurnitureLeadTest" name="addLeadForAdditionalFurnitureLeadTest" time="10.491"/>
  <testcase classname="tests.AddFurnitureLeadTest" name="addLeadForAdditionalFurnitureLeadTest" time="1.978">
    <skipped/>
  </testcase> <!-- addLeadForAdditionalFurnitureLeadTest -->
  <testcase classname="tests.AddFurnitureLeadTest" name="addLeadForAdditionalFurnitureLeadTest" time="1.973">
    <skipped/>
  </testcase> <!-- addLeadForAdditionalFurnitureLeadTest -->
  <testcase classname="tests.AddFurnitureLeadTest" name="addLeadForAdditionalFurnitureLeadTest" time="10.511"/>
  <testcase classname="tests.AddFurnitureLeadTest" name="addLeadForAdditionalFurnitureLeadTest" time="10.782"/>
  <testcase classname="tests.AddFurnitureLeadTest" name="addLeadForAdditionalFurnitureLeadTest" time="1.958">
    <skipped/>
  </testcase> <!-- addLeadForAdditionalFurnitureLeadTest -->
  <testcase classname="tests.AddFurnitureLeadTest" name="addLeadForAdditionalFurnitureLeadTest" time="1.993">
    <skipped/>
  </testcase> <!-- addLeadForAdditionalFurnitureLeadTest -->
  <testcase classname="tests.AddFurnitureLeadTest" name="addLeadForAdditionalFurnitureLeadTest" time="2.017">
    <skipped/>
  </testcase> <!-- addLeadForAdditionalFurnitureLeadTest -->
  <testcase classname="tests.AddFurnitureLeadTest" name="addLeadForAdditionalFurnitureLeadTest" time="10.407"/>
  <testcase classname="tests.AddFurnitureLeadTest" name="addLeadForAdditionalFurnitureLeadTest" time="1.999">
    <skipped/>
  </testcase> <!-- addLeadForAdditionalFurnitureLeadTest -->
  <testcase classname="tests.AddFurnitureLeadTest" name="addLeadForAdditionalFurnitureLeadTest" time="1.047">
    <skipped/>
  </testcase> <!-- addLeadForAdditionalFurnitureLeadTest -->
  <testcase classname="tests.AddFurnitureLeadTest" name="addLeadForAdditionalFurnitureLeadTest" time="1.990">
    <skipped/>
  </testcase> <!-- addLeadForAdditionalFurnitureLeadTest -->
  <testcase classname="tests.AddFurnitureLeadTest" name="addLeadForAdditionalFurnitureLeadTest" time="1.977">
    <skipped/>
  </testcase> <!-- addLeadForAdditionalFurnitureLeadTest -->
  <testcase classname="tests.AddFurnitureLeadTest" name="addLeadForAdditionalFurnitureLeadTest" time="9.630"/>
  <testcase classname="tests.AddFurnitureLeadTest" name="addLeadForAdditionalFurnitureLeadTest" time="10.559"/>
  <testcase classname="tests.AddFurnitureLeadTest" name="addLeadForAdditionalFurnitureLeadTest" time="1.995">
    <skipped/>
  </testcase> <!-- addLeadForAdditionalFurnitureLeadTest -->
  <testcase classname="tests.AddFurnitureLeadTest" name="addLeadForAdditionalFurnitureLeadTest" time="1.997">
    <skipped/>
  </testcase> <!-- addLeadForAdditionalFurnitureLeadTest -->
  <testcase classname="tests.AddFurnitureLeadTest" name="addLeadForAdditionalFurnitureLeadTest" time="0.035">
    <skipped/>
  </testcase> <!-- addLeadForAdditionalFurnitureLeadTest -->
  <testcase classname="tests.AddFurnitureLeadTest" name="addLeadForAdditionalFurnitureLeadTest" time="0.002">
    <skipped/>
  </testcase> <!-- addLeadForAdditionalFurnitureLeadTest -->
  <testcase classname="tests.AddFurnitureLeadTest" name="addLeadForAdditionalFurnitureLeadTest" time="10.430"/>
  <testcase classname="tests.AddFurnitureLeadTest" name="addLeadForAdditionalFurnitureLeadTest" time="1.991">
    <skipped/>
  </testcase> <!-- addLeadForAdditionalFurnitureLeadTest -->
  <testcase classname="tests.AddFurnitureLeadTest" name="addLeadForAdditionalFurnitureLeadTest" time="1.984">
    <skipped/>
  </testcase> <!-- addLeadForAdditionalFurnitureLeadTest -->
  <testcase classname="tests.AddFurnitureLeadTest" name="addLeadForAdditionalFurnitureLeadTest" time="1.987">
    <skipped/>
  </testcase> <!-- addLeadForAdditionalFurnitureLeadTest -->
  <testcase classname="tests.AddFurnitureLeadTest" name="addLeadForAdditionalFurnitureLeadTest" time="1.045">
    <skipped/>
  </testcase> <!-- addLeadForAdditionalFurnitureLeadTest -->
  <testcase classname="tests.AddFurnitureLeadTest" name="addLeadForAdditionalFurnitureLeadTest" time="10.532"/>
  <testcase classname="tests.AddFurnitureLeadTest" name="addLeadForAdditionalFurnitureLeadTest" time="1.999">
    <skipped/>
  </testcase> <!-- addLeadForAdditionalFurnitureLeadTest -->
  <testcase classname="tests.AddFurnitureLeadTest" name="addLeadForAdditionalFurnitureLeadTest" time="1.987">
    <skipped/>
  </testcase> <!-- addLeadForAdditionalFurnitureLeadTest -->
  <testcase classname="tests.AddFurnitureLeadTest" name="addLeadForAdditionalFurnitureLeadTest" time="2.004">
    <skipped/>
  </testcase> <!-- addLeadForAdditionalFurnitureLeadTest -->
  <testcase classname="tests.AddFurnitureLeadTest" name="addLeadForAdditionalFurnitureLeadTest" time="1.993">
    <skipped/>
  </testcase> <!-- addLeadForAdditionalFurnitureLeadTest -->
  <testcase classname="tests.AddFurnitureLeadTest" name="addLeadForAdditionalFurnitureLeadTest" time="1.055">
    <skipped/>
  </testcase> <!-- addLeadForAdditionalFurnitureLeadTest -->
  <testcase classname="tests.AddFurnitureLeadTest" name="addLeadForAdditionalFurnitureLeadTest" time="1.977">
    <skipped/>
  </testcase> <!-- addLeadForAdditionalFurnitureLeadTest -->
  <testcase classname="tests.AddFurnitureLeadTest" name="addLeadForAdditionalFurnitureLeadTest" time="8.533"/>
  <testcase classname="tests.AddFurnitureLeadTest" name="addLeadForAdditionalFurnitureLeadTest" time="10.816"/>
  <testcase classname="tests.AddFurnitureLeadTest" name="addLeadForAdditionalFurnitureLeadTest" time="9.380">
    <failure message="Full name mismatch. Expected: Rina Shukla, Got: Karan Bhatt" type="java.lang.AssertionError">
      <![CDATA[java.lang.AssertionError: Full name mismatch. Expected: Rina Shukla, Got: Karan Bhatt
at pages.AddFurnitureLeadPage.validateLeadWithAdditionalInfo(AddFurnitureLeadPage.java:270)
at tests.AddFurnitureLeadTest.addLeadForAdditionalFurnitureLeadTest(AddFurnitureLeadTest.java:173)
at java.base/jdk.internal.reflect.DirectMethodHandleAccessor.invoke(DirectMethodHandleAccessor.java:103)
at java.base/java.lang.reflect.Method.invoke(Method.java:580)
at org.testng.internal.invokers.MethodInvocationHelper.invokeMethod(MethodInvocationHelper.java:141)
at org.testng.internal.invokers.TestInvoker.invokeMethod(TestInvoker.java:687)
at org.testng.internal.invokers.TestInvoker.invokeTestMethod(TestInvoker.java:230)
at org.testng.internal.invokers.MethodRunner.runInSequence(MethodRunner.java:63)
at org.testng.internal.invokers.TestInvoker$MethodInvocationAgent.invoke(TestInvoker.java:995)
at org.testng.internal.invokers.TestInvoker.invokeTestMethods(TestInvoker.java:203)
at org.testng.internal.invokers.TestMethodWorker.invokeTestMethods(TestMethodWorker.java:154)
at org.testng.internal.invokers.TestMethodWorker.run(TestMethodWorker.java:134)
at java.base/java.util.ArrayList.forEach(ArrayList.java:1596)
at org.testng.TestRunner.privateRun(TestRunner.java:741)
at org.testng.TestRunner.run(TestRunner.java:616)
at org.testng.SuiteRunner.runTest(SuiteRunner.java:421)
at org.testng.SuiteRunner.runSequentially(SuiteRunner.java:413)
at org.testng.SuiteRunner.privateRun(SuiteRunner.java:373)
at org.testng.SuiteRunner.run(SuiteRunner.java:312)
at org.testng.SuiteRunnerWorker.runSuite(SuiteRunnerWorker.java:52)
at org.testng.SuiteRunnerWorker.run(SuiteRunnerWorker.java:95)
at org.testng.TestNG.runSuitesSequentially(TestNG.java:1274)
at org.testng.TestNG.runSuitesLocally(TestNG.java:1208)
at org.testng.TestNG.runSuites(TestNG.java:1112)
at org.testng.TestNG.run(TestNG.java:1079)
at org.testng.remote.AbstractRemoteTestNG.run(AbstractRemoteTestNG.java:115)
at org.testng.remote.RemoteTestNG.initAndRun(RemoteTestNG.java:293)
at org.testng.remote.RemoteTestNG.main(RemoteTestNG.java:91)
]]>
    </failure>
  </testcase> <!-- addLeadForAdditionalFurnitureLeadTest -->
  <testcase classname="tests.AddFurnitureLeadTest" name="addLeadForAdditionalFurnitureLeadTest" time="1.997">
    <skipped/>
  </testcase> <!-- addLeadForAdditionalFurnitureLeadTest -->
  <testcase classname="tests.AddFurnitureLeadTest" name="addLeadForAdditionalFurnitureLeadTest" time="1.971">
    <skipped/>
  </testcase> <!-- addLeadForAdditionalFurnitureLeadTest -->
  <testcase classname="tests.AddFurnitureLeadTest" name="addLeadForAdditionalFurnitureLeadTest" time="10.519"/>
  <testcase classname="tests.AddFurnitureLeadTest" name="addLeadForAdditionalFurnitureLeadTest" time="1.983">
    <skipped/>
  </testcase> <!-- addLeadForAdditionalFurnitureLeadTest -->
  <testcase classname="tests.AddFurnitureLeadTest" name="addLeadForAdditionalFurnitureLeadTest" time="1.988">
    <skipped/>
  </testcase> <!-- addLeadForAdditionalFurnitureLeadTest -->
  <testcase classname="tests.AddFurnitureLeadTest" name="addLeadForAdditionalFurnitureLeadTest" time="10.800"/>
  <testcase classname="tests.AddFurnitureLeadTest" name="addLeadForAdditionalFurnitureLeadTest" time="10.909"/>
  <testcase classname="tests.AddFurnitureLeadTest" name="addLeadForAdditionalFurnitureLeadTest" time="10.771"/>
  <testcase classname="tests.AddFurnitureLeadTest" name="addLeadForAdditionalFurnitureLeadTest" time="10.668"/>
  <testcase classname="tests.AddFurnitureLeadTest" name="addLeadForAdditionalFurnitureLeadTest" time="1.971">
    <skipped/>
  </testcase> <!-- addLeadForAdditionalFurnitureLeadTest -->
  <testcase classname="tests.AddFurnitureLeadTest" name="addLeadForAdditionalFurnitureLeadTest" time="1.990">
    <skipped/>
  </testcase> <!-- addLeadForAdditionalFurnitureLeadTest -->
  <testcase classname="tests.AddFurnitureLeadTest" name="addLeadForAdditionalFurnitureLeadTest" time="9.416">
    <failure message="Full name mismatch. Expected: Kavya Kapoor, Got: Bhavna Raval" type="java.lang.AssertionError">
      <![CDATA[java.lang.AssertionError: Full name mismatch. Expected: Kavya Kapoor, Got: Bhavna Raval
at pages.AddFurnitureLeadPage.validateLeadWithAdditionalInfo(AddFurnitureLeadPage.java:270)
at tests.AddFurnitureLeadTest.addLeadForAdditionalFurnitureLeadTest(AddFurnitureLeadTest.java:173)
at java.base/jdk.internal.reflect.DirectMethodHandleAccessor.invoke(DirectMethodHandleAccessor.java:103)
at java.base/java.lang.reflect.Method.invoke(Method.java:580)
at org.testng.internal.invokers.MethodInvocationHelper.invokeMethod(MethodInvocationHelper.java:141)
at org.testng.internal.invokers.TestInvoker.invokeMethod(TestInvoker.java:687)
at org.testng.internal.invokers.TestInvoker.invokeTestMethod(TestInvoker.java:230)
at org.testng.internal.invokers.MethodRunner.runInSequence(MethodRunner.java:63)
at org.testng.internal.invokers.TestInvoker$MethodInvocationAgent.invoke(TestInvoker.java:995)
at org.testng.internal.invokers.TestInvoker.invokeTestMethods(TestInvoker.java:203)
at org.testng.internal.invokers.TestMethodWorker.invokeTestMethods(TestMethodWorker.java:154)
at org.testng.internal.invokers.TestMethodWorker.run(TestMethodWorker.java:134)
at java.base/java.util.ArrayList.forEach(ArrayList.java:1596)
at org.testng.TestRunner.privateRun(TestRunner.java:741)
at org.testng.TestRunner.run(TestRunner.java:616)
at org.testng.SuiteRunner.runTest(SuiteRunner.java:421)
at org.testng.SuiteRunner.runSequentially(SuiteRunner.java:413)
at org.testng.SuiteRunner.privateRun(SuiteRunner.java:373)
at org.testng.SuiteRunner.run(SuiteRunner.java:312)
at org.testng.SuiteRunnerWorker.runSuite(SuiteRunnerWorker.java:52)
at org.testng.SuiteRunnerWorker.run(SuiteRunnerWorker.java:95)
at org.testng.TestNG.runSuitesSequentially(TestNG.java:1274)
at org.testng.TestNG.runSuitesLocally(TestNG.java:1208)
at org.testng.TestNG.runSuites(TestNG.java:1112)
at org.testng.TestNG.run(TestNG.java:1079)
at org.testng.remote.AbstractRemoteTestNG.run(AbstractRemoteTestNG.java:115)
at org.testng.remote.RemoteTestNG.initAndRun(RemoteTestNG.java:293)
at org.testng.remote.RemoteTestNG.main(RemoteTestNG.java:91)
]]>
    </failure>
  </testcase> <!-- addLeadForAdditionalFurnitureLeadTest -->
  <testcase classname="tests.AddFurnitureLeadTest" name="addLeadForAdditionalFurnitureLeadTest" time="1.973">
    <skipped/>
  </testcase> <!-- addLeadForAdditionalFurnitureLeadTest -->
  <testcase classname="tests.AddFurnitureLeadTest" name="addLeadForAdditionalFurnitureLeadTest" time="1.973">
    <skipped/>
  </testcase> <!-- addLeadForAdditionalFurnitureLeadTest -->
  <testcase classname="tests.AddFurnitureLeadTest" name="addLeadForAdditionalFurnitureLeadTest" time="10.601"/>
  <testcase classname="tests.AddFurnitureLeadTest" name="addLeadForAdditionalFurnitureLeadTest" time="10.551"/>
  <testcase classname="tests.AddFurnitureLeadTest" name="addLeadForAdditionalFurnitureLeadTest" time="2.014">
    <skipped/>
  </testcase> <!-- addLeadForAdditionalFurnitureLeadTest -->
  <testcase classname="tests.AddFurnitureLeadTest" name="addLeadForAdditionalFurnitureLeadTest" time="1.978">
    <skipped/>
  </testcase> <!-- addLeadForAdditionalFurnitureLeadTest -->
  <testcase classname="tests.AddFurnitureLeadTest" name="addLeadForAdditionalFurnitureLeadTest" time="2.002">
    <skipped/>
  </testcase> <!-- addLeadForAdditionalFurnitureLeadTest -->
  <testcase classname="tests.AddFurnitureLeadTest" name="addLeadForAdditionalFurnitureLeadTest" time="11.152"/>
  <testcase classname="tests.AddFurnitureLeadTest" name="addLeadForAdditionalFurnitureLeadTest" time="35.433">
    <error message="Error {
  message=&#039;Timeout 30000ms exceeded.
  name=&#039;TimeoutError
  stack=&#039;TimeoutError: Timeout 30000ms exceeded.
    at ProgressController.run (/private/var/folders/1b/cqmvqvbd4sg1xvl1gc93cfyh0000gn/T/playwright-java-7524229160389361392/package/lib/server/progress.js:68:28)
    at FrameDispatcher._runCommand (/private/var/folders/1b/cqmvqvbd4sg1xvl1gc93cfyh0000gn/T/playwright-java-7524229160389361392/package/lib/server/dispatchers/dispatcher.js:95:31)
    at DispatcherConnection.dispatch (/private/var/folders/1b/cqmvqvbd4sg1xvl1gc93cfyh0000gn/T/playwright-java-7524229160389361392/package/lib/server/dispatchers/dispatcher.js:329:39)
}
Call log:
-   - waiting for locator(&quot;#category&quot;)
-     - locator resolved to &lt;select id=&quot;category&quot; name=&quot;category&quot; class=&quot;custom-input &quot; aria-label=&quot;Select Product Category&quot;&gt;…&lt;/select&gt;
-   - attempting select option action
-     2 × waiting for element to be visible and enabled
-       - did not find some options
-     - retrying select option action
-     - waiting 20ms
-     2 × waiting for element to be visible and enabled
-       - did not find some options
-     - retrying select option action
-       - waiting 100ms
-     60 × waiting for element to be visible and enabled
-        - did not find some options
-      - retrying select option action
-        - waiting 500ms
" type="com.microsoft.playwright.TimeoutError">
      <![CDATA[com.microsoft.playwright.TimeoutError: Error {
  message='Timeout 30000ms exceeded.
  name='TimeoutError
  stack='TimeoutError: Timeout 30000ms exceeded.
    at ProgressController.run (/private/var/folders/1b/cqmvqvbd4sg1xvl1gc93cfyh0000gn/T/playwright-java-7524229160389361392/package/lib/server/progress.js:68:28)
    at FrameDispatcher._runCommand (/private/var/folders/1b/cqmvqvbd4sg1xvl1gc93cfyh0000gn/T/playwright-java-7524229160389361392/package/lib/server/dispatchers/dispatcher.js:95:31)
    at DispatcherConnection.dispatch (/private/var/folders/1b/cqmvqvbd4sg1xvl1gc93cfyh0000gn/T/playwright-java-7524229160389361392/package/lib/server/dispatchers/dispatcher.js:329:39)
}
Call log:
-   - waiting for locator("#category")
-     - locator resolved to <select id="category" name="category" class="custom-input " aria-label="Select Product Category">…</select>
-   - attempting select option action
-     2 × waiting for element to be visible and enabled
-       - did not find some options
-     - retrying select option action
-     - waiting 20ms
-     2 × waiting for element to be visible and enabled
-       - did not find some options
-     - retrying select option action
-       - waiting 100ms
-     60 × waiting for element to be visible and enabled
-        - did not find some options
-      - retrying select option action
-        - waiting 500ms

at com.microsoft.playwright.impl.WaitableResult.get(WaitableResult.java:52)
at com.microsoft.playwright.impl.ChannelOwner.runUntil(ChannelOwner.java:138)
at com.microsoft.playwright.impl.Connection.sendMessage(Connection.java:131)
at com.microsoft.playwright.impl.ChannelOwner.sendMessage(ChannelOwner.java:124)
at com.microsoft.playwright.impl.FrameImpl.selectOption(FrameImpl.java:678)
at com.microsoft.playwright.impl.FrameImpl.selectOptionImpl(FrameImpl.java:645)
at com.microsoft.playwright.impl.PageImpl.selectOption(PageImpl.java:1183)
at com.microsoft.playwright.impl.PageImpl.selectOption(PageImpl.java:1150)
at com.microsoft.playwright.Page.selectOption(Page.java:6958)
at pages.AddFurnitureLeadPage.addLeadBasic(AddFurnitureLeadPage.java:396)
at pages.AddFurnitureLeadPage.addLeadWithAdditional(AddFurnitureLeadPage.java:205)
at tests.AddFurnitureLeadTest.addLeadForAdditionalFurnitureLeadTest(AddFurnitureLeadTest.java:168)
at java.base/jdk.internal.reflect.DirectMethodHandleAccessor.invoke(DirectMethodHandleAccessor.java:103)
at java.base/java.lang.reflect.Method.invoke(Method.java:580)
at org.testng.internal.invokers.MethodInvocationHelper.invokeMethod(MethodInvocationHelper.java:141)
at org.testng.internal.invokers.TestInvoker.invokeMethod(TestInvoker.java:687)
at org.testng.internal.invokers.TestInvoker.invokeTestMethod(TestInvoker.java:230)
at org.testng.internal.invokers.MethodRunner.runInSequence(MethodRunner.java:63)
at org.testng.internal.invokers.TestInvoker$MethodInvocationAgent.invoke(TestInvoker.java:995)
at org.testng.internal.invokers.TestInvoker.invokeTestMethods(TestInvoker.java:203)
at org.testng.internal.invokers.TestMethodWorker.invokeTestMethods(TestMethodWorker.java:154)
at org.testng.internal.invokers.TestMethodWorker.run(TestMethodWorker.java:134)
at java.base/java.util.ArrayList.forEach(ArrayList.java:1596)
at org.testng.TestRunner.privateRun(TestRunner.java:741)
at org.testng.TestRunner.run(TestRunner.java:616)
at org.testng.SuiteRunner.runTest(SuiteRunner.java:421)
at org.testng.SuiteRunner.runSequentially(SuiteRunner.java:413)
at org.testng.SuiteRunner.privateRun(SuiteRunner.java:373)
at org.testng.SuiteRunner.run(SuiteRunner.java:312)
at org.testng.SuiteRunnerWorker.runSuite(SuiteRunnerWorker.java:52)
at org.testng.SuiteRunnerWorker.run(SuiteRunnerWorker.java:95)
at org.testng.TestNG.runSuitesSequentially(TestNG.java:1274)
at org.testng.TestNG.runSuitesLocally(TestNG.java:1208)
at org.testng.TestNG.runSuites(TestNG.java:1112)
at org.testng.TestNG.run(TestNG.java:1079)
at org.testng.remote.AbstractRemoteTestNG.run(AbstractRemoteTestNG.java:115)
at org.testng.remote.RemoteTestNG.initAndRun(RemoteTestNG.java:293)
at org.testng.remote.RemoteTestNG.main(RemoteTestNG.java:91)
Caused by: com.microsoft.playwright.TimeoutError: Error {
  message='Timeout 30000ms exceeded.
  name='TimeoutError
  stack='TimeoutError: Timeout 30000ms exceeded.
    at ProgressController.run (/private/var/folders/1b/cqmvqvbd4sg1xvl1gc93cfyh0000gn/T/playwright-java-7524229160389361392/package/lib/server/progress.js:68:28)
    at FrameDispatcher._runCommand (/private/var/folders/1b/cqmvqvbd4sg1xvl1gc93cfyh0000gn/T/playwright-java-7524229160389361392/package/lib/server/dispatchers/dispatcher.js:95:31)
    at DispatcherConnection.dispatch (/private/var/folders/1b/cqmvqvbd4sg1xvl1gc93cfyh0000gn/T/playwright-java-7524229160389361392/package/lib/server/dispatchers/dispatcher.js:329:39)
}
Call log:
-   - waiting for locator("#category")
-     - locator resolved to <select id="category" name="category" class="custom-input " aria-label="Select Product Category">…</select>
-   - attempting select option action
-     2 × waiting for element to be visible and enabled
-       - did not find some options
-     - retrying select option action
-     - waiting 20ms
-     2 × waiting for element to be visible and enabled
-       - did not find some options
-     - retrying select option action
-       - waiting 100ms
-     60 × waiting for element to be visible and enabled
-        - did not find some options
-      - retrying select option action
-        - waiting 500ms

at com.microsoft.playwright.impl.Connection.dispatch(Connection.java:257)
at com.microsoft.playwright.impl.Connection.processOneMessage(Connection.java:214)
at com.microsoft.playwright.impl.ChannelOwner.runUntil(ChannelOwner.java:136)
... 36 more
]]>
    </error>
  </testcase> <!-- addLeadForAdditionalFurnitureLeadTest -->
  <testcase classname="tests.AddFurnitureLeadTest" name="addLeadForAdditionalFurnitureLeadTest" time="308.782">
    <error message="Error {
  message=&#039;Timeout 30000ms exceeded.
  name=&#039;TimeoutError
  stack=&#039;TimeoutError: Timeout 30000ms exceeded.
    at ProgressController.run (/private/var/folders/1b/cqmvqvbd4sg1xvl1gc93cfyh0000gn/T/playwright-java-7524229160389361392/package/lib/server/progress.js:68:28)
    at FrameDispatcher._runCommand (/private/var/folders/1b/cqmvqvbd4sg1xvl1gc93cfyh0000gn/T/playwright-java-7524229160389361392/package/lib/server/dispatchers/dispatcher.js:95:31)
    at DispatcherConnection.dispatch (/private/var/folders/1b/cqmvqvbd4sg1xvl1gc93cfyh0000gn/T/playwright-java-7524229160389361392/package/lib/server/dispatchers/dispatcher.js:329:39)
}
Call log:
-   - waiting for locator(&quot;#category&quot;)
-     - locator resolved to &lt;select id=&quot;category&quot; name=&quot;category&quot; class=&quot;custom-input &quot; aria-label=&quot;Select Product Category&quot;&gt;…&lt;/select&gt;
-   - attempting select option action
-     2 × waiting for element to be visible and enabled
-       - did not find some options
-     - retrying select option action
-     - waiting 20ms
-     2 × waiting for element to be visible and enabled
-       - did not find some options
-     - retrying select option action
-       - waiting 100ms
-     3 × waiting for element to be visible and enabled
-       - did not find some options
-     - retrying select option action
-       - waiting 500ms
" type="com.microsoft.playwright.TimeoutError">
      <![CDATA[com.microsoft.playwright.TimeoutError: Error {
  message='Timeout 30000ms exceeded.
  name='TimeoutError
  stack='TimeoutError: Timeout 30000ms exceeded.
    at ProgressController.run (/private/var/folders/1b/cqmvqvbd4sg1xvl1gc93cfyh0000gn/T/playwright-java-7524229160389361392/package/lib/server/progress.js:68:28)
    at FrameDispatcher._runCommand (/private/var/folders/1b/cqmvqvbd4sg1xvl1gc93cfyh0000gn/T/playwright-java-7524229160389361392/package/lib/server/dispatchers/dispatcher.js:95:31)
    at DispatcherConnection.dispatch (/private/var/folders/1b/cqmvqvbd4sg1xvl1gc93cfyh0000gn/T/playwright-java-7524229160389361392/package/lib/server/dispatchers/dispatcher.js:329:39)
}
Call log:
-   - waiting for locator("#category")
-     - locator resolved to <select id="category" name="category" class="custom-input " aria-label="Select Product Category">…</select>
-   - attempting select option action
-     2 × waiting for element to be visible and enabled
-       - did not find some options
-     - retrying select option action
-     - waiting 20ms
-     2 × waiting for element to be visible and enabled
-       - did not find some options
-     - retrying select option action
-       - waiting 100ms
-     3 × waiting for element to be visible and enabled
-       - did not find some options
-     - retrying select option action
-       - waiting 500ms

at com.microsoft.playwright.impl.WaitableResult.get(WaitableResult.java:52)
at com.microsoft.playwright.impl.ChannelOwner.runUntil(ChannelOwner.java:138)
at com.microsoft.playwright.impl.Connection.sendMessage(Connection.java:131)
at com.microsoft.playwright.impl.ChannelOwner.sendMessage(ChannelOwner.java:124)
at com.microsoft.playwright.impl.FrameImpl.selectOption(FrameImpl.java:678)
at com.microsoft.playwright.impl.FrameImpl.selectOptionImpl(FrameImpl.java:645)
at com.microsoft.playwright.impl.PageImpl.selectOption(PageImpl.java:1183)
at com.microsoft.playwright.impl.PageImpl.selectOption(PageImpl.java:1150)
at com.microsoft.playwright.Page.selectOption(Page.java:6958)
at pages.AddFurnitureLeadPage.addLeadBasic(AddFurnitureLeadPage.java:396)
at pages.AddFurnitureLeadPage.addLeadWithAdditional(AddFurnitureLeadPage.java:205)
at tests.AddFurnitureLeadTest.addLeadForAdditionalFurnitureLeadTest(AddFurnitureLeadTest.java:168)
at java.base/jdk.internal.reflect.DirectMethodHandleAccessor.invoke(DirectMethodHandleAccessor.java:103)
at java.base/java.lang.reflect.Method.invoke(Method.java:580)
at org.testng.internal.invokers.MethodInvocationHelper.invokeMethod(MethodInvocationHelper.java:141)
at org.testng.internal.invokers.TestInvoker.invokeMethod(TestInvoker.java:687)
at org.testng.internal.invokers.TestInvoker.invokeTestMethod(TestInvoker.java:230)
at org.testng.internal.invokers.MethodRunner.runInSequence(MethodRunner.java:63)
at org.testng.internal.invokers.TestInvoker$MethodInvocationAgent.invoke(TestInvoker.java:995)
at org.testng.internal.invokers.TestInvoker.invokeTestMethods(TestInvoker.java:203)
at org.testng.internal.invokers.TestMethodWorker.invokeTestMethods(TestMethodWorker.java:154)
at org.testng.internal.invokers.TestMethodWorker.run(TestMethodWorker.java:134)
at java.base/java.util.ArrayList.forEach(ArrayList.java:1596)
at org.testng.TestRunner.privateRun(TestRunner.java:741)
at org.testng.TestRunner.run(TestRunner.java:616)
at org.testng.SuiteRunner.runTest(SuiteRunner.java:421)
at org.testng.SuiteRunner.runSequentially(SuiteRunner.java:413)
at org.testng.SuiteRunner.privateRun(SuiteRunner.java:373)
at org.testng.SuiteRunner.run(SuiteRunner.java:312)
at org.testng.SuiteRunnerWorker.runSuite(SuiteRunnerWorker.java:52)
at org.testng.SuiteRunnerWorker.run(SuiteRunnerWorker.java:95)
at org.testng.TestNG.runSuitesSequentially(TestNG.java:1274)
at org.testng.TestNG.runSuitesLocally(TestNG.java:1208)
at org.testng.TestNG.runSuites(TestNG.java:1112)
at org.testng.TestNG.run(TestNG.java:1079)
at org.testng.remote.AbstractRemoteTestNG.run(AbstractRemoteTestNG.java:115)
at org.testng.remote.RemoteTestNG.initAndRun(RemoteTestNG.java:293)
at org.testng.remote.RemoteTestNG.main(RemoteTestNG.java:91)
Caused by: com.microsoft.playwright.TimeoutError: Error {
  message='Timeout 30000ms exceeded.
  name='TimeoutError
  stack='TimeoutError: Timeout 30000ms exceeded.
    at ProgressController.run (/private/var/folders/1b/cqmvqvbd4sg1xvl1gc93cfyh0000gn/T/playwright-java-7524229160389361392/package/lib/server/progress.js:68:28)
    at FrameDispatcher._runCommand (/private/var/folders/1b/cqmvqvbd4sg1xvl1gc93cfyh0000gn/T/playwright-java-7524229160389361392/package/lib/server/dispatchers/dispatcher.js:95:31)
    at DispatcherConnection.dispatch (/private/var/folders/1b/cqmvqvbd4sg1xvl1gc93cfyh0000gn/T/playwright-java-7524229160389361392/package/lib/server/dispatchers/dispatcher.js:329:39)
}
Call log:
-   - waiting for locator("#category")
-     - locator resolved to <select id="category" name="category" class="custom-input " aria-label="Select Product Category">…</select>
-   - attempting select option action
-     2 × waiting for element to be visible and enabled
-       - did not find some options
-     - retrying select option action
-     - waiting 20ms
-     2 × waiting for element to be visible and enabled
-       - did not find some options
-     - retrying select option action
-       - waiting 100ms
-     3 × waiting for element to be visible and enabled
-       - did not find some options
-     - retrying select option action
-       - waiting 500ms

at com.microsoft.playwright.impl.Connection.dispatch(Connection.java:257)
at com.microsoft.playwright.impl.Connection.processOneMessage(Connection.java:214)
at com.microsoft.playwright.impl.ChannelOwner.runUntil(ChannelOwner.java:136)
... 36 more
]]>
    </error>
  </testcase> <!-- addLeadForAdditionalFurnitureLeadTest -->
  <testcase classname="tests.AddFurnitureLeadTest" name="addLeadForAdditionalFurnitureLeadTest" time="2.000">
    <skipped/>
  </testcase> <!-- addLeadForAdditionalFurnitureLeadTest -->
  <testcase classname="tests.AddFurnitureLeadTest" name="addLeadForAdditionalFurnitureLeadTest" time="10.529"/>
  <testcase classname="tests.AddFurnitureLeadTest" name="addLeadForAdditionalFurnitureLeadTest" time="10.545"/>
  <testcase classname="tests.AddFurnitureLeadTest" name="addLeadForAdditionalFurnitureLeadTest" time="35.442">
    <error message="Error {
  message=&#039;Timeout 30000ms exceeded.
  name=&#039;TimeoutError
  stack=&#039;TimeoutError: Timeout 30000ms exceeded.
    at ProgressController.run (/private/var/folders/1b/cqmvqvbd4sg1xvl1gc93cfyh0000gn/T/playwright-java-7524229160389361392/package/lib/server/progress.js:68:28)
    at FrameDispatcher._runCommand (/private/var/folders/1b/cqmvqvbd4sg1xvl1gc93cfyh0000gn/T/playwright-java-7524229160389361392/package/lib/server/dispatchers/dispatcher.js:95:31)
    at DispatcherConnection.dispatch (/private/var/folders/1b/cqmvqvbd4sg1xvl1gc93cfyh0000gn/T/playwright-java-7524229160389361392/package/lib/server/dispatchers/dispatcher.js:329:39)
}
Call log:
-   - waiting for locator(&quot;#category&quot;)
-     - locator resolved to &lt;select id=&quot;category&quot; name=&quot;category&quot; class=&quot;custom-input &quot; aria-label=&quot;Select Product Category&quot;&gt;…&lt;/select&gt;
-   - attempting select option action
-     2 × waiting for element to be visible and enabled
-       - did not find some options
-     - retrying select option action
-     - waiting 20ms
-     2 × waiting for element to be visible and enabled
-       - did not find some options
-     - retrying select option action
-       - waiting 100ms
-     60 × waiting for element to be visible and enabled
-        - did not find some options
-      - retrying select option action
-        - waiting 500ms
" type="com.microsoft.playwright.TimeoutError">
      <![CDATA[com.microsoft.playwright.TimeoutError: Error {
  message='Timeout 30000ms exceeded.
  name='TimeoutError
  stack='TimeoutError: Timeout 30000ms exceeded.
    at ProgressController.run (/private/var/folders/1b/cqmvqvbd4sg1xvl1gc93cfyh0000gn/T/playwright-java-7524229160389361392/package/lib/server/progress.js:68:28)
    at FrameDispatcher._runCommand (/private/var/folders/1b/cqmvqvbd4sg1xvl1gc93cfyh0000gn/T/playwright-java-7524229160389361392/package/lib/server/dispatchers/dispatcher.js:95:31)
    at DispatcherConnection.dispatch (/private/var/folders/1b/cqmvqvbd4sg1xvl1gc93cfyh0000gn/T/playwright-java-7524229160389361392/package/lib/server/dispatchers/dispatcher.js:329:39)
}
Call log:
-   - waiting for locator("#category")
-     - locator resolved to <select id="category" name="category" class="custom-input " aria-label="Select Product Category">…</select>
-   - attempting select option action
-     2 × waiting for element to be visible and enabled
-       - did not find some options
-     - retrying select option action
-     - waiting 20ms
-     2 × waiting for element to be visible and enabled
-       - did not find some options
-     - retrying select option action
-       - waiting 100ms
-     60 × waiting for element to be visible and enabled
-        - did not find some options
-      - retrying select option action
-        - waiting 500ms

at com.microsoft.playwright.impl.WaitableResult.get(WaitableResult.java:52)
at com.microsoft.playwright.impl.ChannelOwner.runUntil(ChannelOwner.java:138)
at com.microsoft.playwright.impl.Connection.sendMessage(Connection.java:131)
at com.microsoft.playwright.impl.ChannelOwner.sendMessage(ChannelOwner.java:124)
at com.microsoft.playwright.impl.FrameImpl.selectOption(FrameImpl.java:678)
at com.microsoft.playwright.impl.FrameImpl.selectOptionImpl(FrameImpl.java:645)
at com.microsoft.playwright.impl.PageImpl.selectOption(PageImpl.java:1183)
at com.microsoft.playwright.impl.PageImpl.selectOption(PageImpl.java:1150)
at com.microsoft.playwright.Page.selectOption(Page.java:6958)
at pages.AddFurnitureLeadPage.addLeadBasic(AddFurnitureLeadPage.java:396)
at pages.AddFurnitureLeadPage.addLeadWithAdditional(AddFurnitureLeadPage.java:205)
at tests.AddFurnitureLeadTest.addLeadForAdditionalFurnitureLeadTest(AddFurnitureLeadTest.java:168)
at java.base/jdk.internal.reflect.DirectMethodHandleAccessor.invoke(DirectMethodHandleAccessor.java:103)
at java.base/java.lang.reflect.Method.invoke(Method.java:580)
at org.testng.internal.invokers.MethodInvocationHelper.invokeMethod(MethodInvocationHelper.java:141)
at org.testng.internal.invokers.TestInvoker.invokeMethod(TestInvoker.java:687)
at org.testng.internal.invokers.TestInvoker.invokeTestMethod(TestInvoker.java:230)
at org.testng.internal.invokers.MethodRunner.runInSequence(MethodRunner.java:63)
at org.testng.internal.invokers.TestInvoker$MethodInvocationAgent.invoke(TestInvoker.java:995)
at org.testng.internal.invokers.TestInvoker.invokeTestMethods(TestInvoker.java:203)
at org.testng.internal.invokers.TestMethodWorker.invokeTestMethods(TestMethodWorker.java:154)
at org.testng.internal.invokers.TestMethodWorker.run(TestMethodWorker.java:134)
at java.base/java.util.ArrayList.forEach(ArrayList.java:1596)
at org.testng.TestRunner.privateRun(TestRunner.java:741)
at org.testng.TestRunner.run(TestRunner.java:616)
at org.testng.SuiteRunner.runTest(SuiteRunner.java:421)
at org.testng.SuiteRunner.runSequentially(SuiteRunner.java:413)
at org.testng.SuiteRunner.privateRun(SuiteRunner.java:373)
at org.testng.SuiteRunner.run(SuiteRunner.java:312)
at org.testng.SuiteRunnerWorker.runSuite(SuiteRunnerWorker.java:52)
at org.testng.SuiteRunnerWorker.run(SuiteRunnerWorker.java:95)
at org.testng.TestNG.runSuitesSequentially(TestNG.java:1274)
at org.testng.TestNG.runSuitesLocally(TestNG.java:1208)
at org.testng.TestNG.runSuites(TestNG.java:1112)
at org.testng.TestNG.run(TestNG.java:1079)
at org.testng.remote.AbstractRemoteTestNG.run(AbstractRemoteTestNG.java:115)
at org.testng.remote.RemoteTestNG.initAndRun(RemoteTestNG.java:293)
at org.testng.remote.RemoteTestNG.main(RemoteTestNG.java:91)
Caused by: com.microsoft.playwright.TimeoutError: Error {
  message='Timeout 30000ms exceeded.
  name='TimeoutError
  stack='TimeoutError: Timeout 30000ms exceeded.
    at ProgressController.run (/private/var/folders/1b/cqmvqvbd4sg1xvl1gc93cfyh0000gn/T/playwright-java-7524229160389361392/package/lib/server/progress.js:68:28)
    at FrameDispatcher._runCommand (/private/var/folders/1b/cqmvqvbd4sg1xvl1gc93cfyh0000gn/T/playwright-java-7524229160389361392/package/lib/server/dispatchers/dispatcher.js:95:31)
    at DispatcherConnection.dispatch (/private/var/folders/1b/cqmvqvbd4sg1xvl1gc93cfyh0000gn/T/playwright-java-7524229160389361392/package/lib/server/dispatchers/dispatcher.js:329:39)
}
Call log:
-   - waiting for locator("#category")
-     - locator resolved to <select id="category" name="category" class="custom-input " aria-label="Select Product Category">…</select>
-   - attempting select option action
-     2 × waiting for element to be visible and enabled
-       - did not find some options
-     - retrying select option action
-     - waiting 20ms
-     2 × waiting for element to be visible and enabled
-       - did not find some options
-     - retrying select option action
-       - waiting 100ms
-     60 × waiting for element to be visible and enabled
-        - did not find some options
-      - retrying select option action
-        - waiting 500ms

at com.microsoft.playwright.impl.Connection.dispatch(Connection.java:257)
at com.microsoft.playwright.impl.Connection.processOneMessage(Connection.java:214)
at com.microsoft.playwright.impl.ChannelOwner.runUntil(ChannelOwner.java:136)
... 36 more
]]>
    </error>
  </testcase> <!-- addLeadForAdditionalFurnitureLeadTest -->
  <testcase classname="tests.AddFurnitureLeadTest" name="addLeadForAdditionalFurnitureLeadTest" time="1.967">
    <skipped/>
  </testcase> <!-- addLeadForAdditionalFurnitureLeadTest -->
  <testcase classname="tests.AddFurnitureLeadTest" name="addLeadForAdditionalFurnitureLeadTest" time="1.958">
    <skipped/>
  </testcase> <!-- addLeadForAdditionalFurnitureLeadTest -->
  <testcase classname="tests.AddFurnitureLeadTest" name="addLeadForAdditionalFurnitureLeadTest" time="1.977">
    <skipped/>
  </testcase> <!-- addLeadForAdditionalFurnitureLeadTest -->
  <testcase classname="tests.AddFurnitureLeadTest" name="addLeadForAdditionalFurnitureLeadTest" time="2.002">
    <skipped/>
  </testcase> <!-- addLeadForAdditionalFurnitureLeadTest -->
  <testcase classname="tests.AddFurnitureLeadTest" name="addLeadForAdditionalFurnitureLeadTest" time="11.983"/>
  <testcase classname="tests.AddFurnitureLeadTest" name="addLeadForAdditionalFurnitureLeadTest" time="1.977">
    <skipped/>
  </testcase> <!-- addLeadForAdditionalFurnitureLeadTest -->
  <testcase classname="tests.AddFurnitureLeadTest" name="addLeadForAdditionalFurnitureLeadTest" time="2.008">
    <skipped/>
  </testcase> <!-- addLeadForAdditionalFurnitureLeadTest -->
  <testcase classname="tests.AddFurnitureLeadTest" name="addLeadForAdditionalFurnitureLeadTest" time="10.648"/>
  <testcase classname="tests.AddFurnitureLeadTest" name="addLeadForAdditionalFurnitureLeadTest" time="10.543"/>
  <testcase classname="tests.AddFurnitureLeadTest" name="addLeadForAdditionalFurnitureLeadTest" time="2.002">
    <skipped/>
  </testcase> <!-- addLeadForAdditionalFurnitureLeadTest -->
  <testcase classname="tests.AddFurnitureLeadTest" name="addLeadForAdditionalFurnitureLeadTest" time="1.988">
    <skipped/>
  </testcase> <!-- addLeadForAdditionalFurnitureLeadTest -->
  <testcase classname="tests.AddFurnitureLeadTest" name="addLeadForAdditionalFurnitureLeadTest" time="2.008">
    <skipped/>
  </testcase> <!-- addLeadForAdditionalFurnitureLeadTest -->
  <testcase classname="tests.AddFurnitureLeadTest" name="addLeadForAdditionalFurnitureLeadTest" time="10.873"/>
  <testcase classname="tests.AddFurnitureLeadTest" name="addLeadForAdditionalFurnitureLeadTest" time="1.987">
    <skipped/>
  </testcase> <!-- addLeadForAdditionalFurnitureLeadTest -->
  <testcase classname="tests.AddFurnitureLeadTest" name="addLeadForAdditionalFurnitureLeadTest" time="2.005">
    <skipped/>
  </testcase> <!-- addLeadForAdditionalFurnitureLeadTest -->
  <testcase classname="tests.AddFurnitureLeadTest" name="addLeadForAdditionalFurnitureLeadTest" time="11.924"/>
  <testcase classname="tests.AddFurnitureLeadTest" name="addLeadForAdditionalFurnitureLeadTest" time="10.588"/>
  <testcase classname="tests.AddFurnitureLeadTest" name="addLeadForAdditionalFurnitureLeadTest" time="10.679"/>
  <testcase classname="tests.AddFurnitureLeadTest" name="addLeadForAdditionalFurnitureLeadTest" time="9.662"/>
  <testcase classname="tests.AddFurnitureLeadTest" name="addLeadForAdditionalFurnitureLeadTest" time="2.002">
    <skipped/>
  </testcase> <!-- addLeadForAdditionalFurnitureLeadTest -->
  <testcase classname="tests.AddFurnitureLeadTest" name="addLeadForAdditionalFurnitureLeadTest" time="10.543"/>
  <testcase classname="tests.AddFurnitureLeadTest" name="addLeadForAdditionalFurnitureLeadTest" time="9.376">
    <failure message="Full name mismatch. Expected: Rishi Patel, Got: Aarav Patel" type="java.lang.AssertionError">
      <![CDATA[java.lang.AssertionError: Full name mismatch. Expected: Rishi Patel, Got: Aarav Patel
at pages.AddFurnitureLeadPage.validateLeadWithAdditionalInfo(AddFurnitureLeadPage.java:270)
at tests.AddFurnitureLeadTest.addLeadForAdditionalFurnitureLeadTest(AddFurnitureLeadTest.java:173)
at java.base/jdk.internal.reflect.DirectMethodHandleAccessor.invoke(DirectMethodHandleAccessor.java:103)
at java.base/java.lang.reflect.Method.invoke(Method.java:580)
at org.testng.internal.invokers.MethodInvocationHelper.invokeMethod(MethodInvocationHelper.java:141)
at org.testng.internal.invokers.TestInvoker.invokeMethod(TestInvoker.java:687)
at org.testng.internal.invokers.TestInvoker.invokeTestMethod(TestInvoker.java:230)
at org.testng.internal.invokers.MethodRunner.runInSequence(MethodRunner.java:63)
at org.testng.internal.invokers.TestInvoker$MethodInvocationAgent.invoke(TestInvoker.java:995)
at org.testng.internal.invokers.TestInvoker.invokeTestMethods(TestInvoker.java:203)
at org.testng.internal.invokers.TestMethodWorker.invokeTestMethods(TestMethodWorker.java:154)
at org.testng.internal.invokers.TestMethodWorker.run(TestMethodWorker.java:134)
at java.base/java.util.ArrayList.forEach(ArrayList.java:1596)
at org.testng.TestRunner.privateRun(TestRunner.java:741)
at org.testng.TestRunner.run(TestRunner.java:616)
at org.testng.SuiteRunner.runTest(SuiteRunner.java:421)
at org.testng.SuiteRunner.runSequentially(SuiteRunner.java:413)
at org.testng.SuiteRunner.privateRun(SuiteRunner.java:373)
at org.testng.SuiteRunner.run(SuiteRunner.java:312)
at org.testng.SuiteRunnerWorker.runSuite(SuiteRunnerWorker.java:52)
at org.testng.SuiteRunnerWorker.run(SuiteRunnerWorker.java:95)
at org.testng.TestNG.runSuitesSequentially(TestNG.java:1274)
at org.testng.TestNG.runSuitesLocally(TestNG.java:1208)
at org.testng.TestNG.runSuites(TestNG.java:1112)
at org.testng.TestNG.run(TestNG.java:1079)
at org.testng.remote.AbstractRemoteTestNG.run(AbstractRemoteTestNG.java:115)
at org.testng.remote.RemoteTestNG.initAndRun(RemoteTestNG.java:293)
at org.testng.remote.RemoteTestNG.main(RemoteTestNG.java:91)
]]>
    </failure>
  </testcase> <!-- addLeadForAdditionalFurnitureLeadTest -->
  <testcase classname="tests.AddFurnitureLeadTest" name="addLeadForAdditionalFurnitureLeadTest" time="10.598"/>
  <testcase classname="tests.AddFurnitureLeadTest" name="addLeadForAdditionalFurnitureLeadTest" time="10.616"/>
  <testcase classname="tests.AddFurnitureLeadTest" name="addLeadForAdditionalFurnitureLeadTest" time="1.997">
    <skipped/>
  </testcase> <!-- addLeadForAdditionalFurnitureLeadTest -->
  <testcase classname="tests.AddFurnitureLeadTest" name="addLeadForAdditionalFurnitureLeadTest" time="1.992">
    <skipped/>
  </testcase> <!-- addLeadForAdditionalFurnitureLeadTest -->
  <testcase classname="tests.AddFurnitureLeadTest" name="addLeadForAdditionalFurnitureLeadTest" time="9.595"/>
  <testcase classname="tests.AddFurnitureLeadTest" name="addLeadForAdditionalFurnitureLeadTest" time="2.000">
    <skipped/>
  </testcase> <!-- addLeadForAdditionalFurnitureLeadTest -->
  <testcase classname="tests.AddFurnitureLeadTest" name="addLeadForAdditionalFurnitureLeadTest" time="1.080">
    <skipped/>
  </testcase> <!-- addLeadForAdditionalFurnitureLeadTest -->
  <testcase classname="tests.AddFurnitureLeadTest" name="addLeadForAdditionalFurnitureLeadTest" time="1.979">
    <skipped/>
  </testcase> <!-- addLeadForAdditionalFurnitureLeadTest -->
  <testcase classname="tests.AddFurnitureLeadTest" name="addLeadForAdditionalFurnitureLeadTest" time="1.978">
    <skipped/>
  </testcase> <!-- addLeadForAdditionalFurnitureLeadTest -->
  <testcase classname="tests.AddFurnitureLeadTest" name="addLeadForAdditionalFurnitureLeadTest" time="1.987">
    <skipped/>
  </testcase> <!-- addLeadForAdditionalFurnitureLeadTest -->
  <testcase classname="tests.AddFurnitureLeadTest" name="addLeadForAdditionalFurnitureLeadTest" time="10.523"/>
  <testcase classname="tests.AddFurnitureLeadTest" name="addLeadForAdditionalFurnitureLeadTest" time="10.857"/>
  <testcase classname="tests.AddFurnitureLeadTest" name="addLeadForAdditionalFurnitureLeadTest" time="10.598"/>
  <testcase classname="tests.AddFurnitureLeadTest" name="addLeadForAdditionalFurnitureLeadTest" time="2.006">
    <skipped/>
  </testcase> <!-- addLeadForAdditionalFurnitureLeadTest -->
  <testcase classname="tests.AddFurnitureLeadTest" name="addLeadForAdditionalFurnitureLeadTest" time="1.972">
    <skipped/>
  </testcase> <!-- addLeadForAdditionalFurnitureLeadTest -->
  <testcase classname="tests.AddFurnitureLeadTest" name="addLeadForAdditionalFurnitureLeadTest" time="10.524"/>
  <testcase classname="tests.AddFurnitureLeadTest" name="addLeadForAdditionalFurnitureLeadTest" time="10.438"/>
  <testcase classname="tests.AddFurnitureLeadTest" name="addLeadForAdditionalFurnitureLeadTest" time="1.994">
    <skipped/>
  </testcase> <!-- addLeadForAdditionalFurnitureLeadTest -->
  <testcase classname="tests.AddFurnitureLeadTest" name="addLeadForAdditionalFurnitureLeadTest" time="2.005">
    <skipped/>
  </testcase> <!-- addLeadForAdditionalFurnitureLeadTest -->
  <testcase classname="tests.AddFurnitureLeadTest" name="addLeadForAdditionalFurnitureLeadTest" time="10.632"/>
  <testcase classname="tests.AddFurnitureLeadTest" name="addLeadForAdditionalFurnitureLeadTest" time="2.000">
    <skipped/>
  </testcase> <!-- addLeadForAdditionalFurnitureLeadTest -->
  <testcase classname="tests.AddFurnitureLeadTest" name="addLeadForAdditionalFurnitureLeadTest" time="1.037">
    <skipped/>
  </testcase> <!-- addLeadForAdditionalFurnitureLeadTest -->
  <testcase classname="tests.AddFurnitureLeadTest" name="addLeadForAdditionalFurnitureLeadTest" time="1.959">
    <skipped/>
  </testcase> <!-- addLeadForAdditionalFurnitureLeadTest -->
  <testcase classname="tests.AddFurnitureLeadTest" name="addLeadForAdditionalFurnitureLeadTest" time="11.534">
    <failure message="Project mismatch. Expected: Godrej, Got: Stanley - SBC" type="java.lang.AssertionError">
      <![CDATA[java.lang.AssertionError: Project mismatch. Expected: Godrej, Got: Stanley - SBC
at pages.AddFurnitureLeadPage.validateLeadWithAdditionalInfo(AddFurnitureLeadPage.java:324)
at tests.AddFurnitureLeadTest.addLeadForAdditionalFurnitureLeadTest(AddFurnitureLeadTest.java:173)
at java.base/jdk.internal.reflect.DirectMethodHandleAccessor.invoke(DirectMethodHandleAccessor.java:103)
at java.base/java.lang.reflect.Method.invoke(Method.java:580)
at org.testng.internal.invokers.MethodInvocationHelper.invokeMethod(MethodInvocationHelper.java:141)
at org.testng.internal.invokers.TestInvoker.invokeMethod(TestInvoker.java:687)
at org.testng.internal.invokers.TestInvoker.invokeTestMethod(TestInvoker.java:230)
at org.testng.internal.invokers.MethodRunner.runInSequence(MethodRunner.java:63)
at org.testng.internal.invokers.TestInvoker$MethodInvocationAgent.invoke(TestInvoker.java:995)
at org.testng.internal.invokers.TestInvoker.invokeTestMethods(TestInvoker.java:203)
at org.testng.internal.invokers.TestMethodWorker.invokeTestMethods(TestMethodWorker.java:154)
at org.testng.internal.invokers.TestMethodWorker.run(TestMethodWorker.java:134)
at java.base/java.util.ArrayList.forEach(ArrayList.java:1596)
at org.testng.TestRunner.privateRun(TestRunner.java:741)
at org.testng.TestRunner.run(TestRunner.java:616)
at org.testng.SuiteRunner.runTest(SuiteRunner.java:421)
at org.testng.SuiteRunner.runSequentially(SuiteRunner.java:413)
at org.testng.SuiteRunner.privateRun(SuiteRunner.java:373)
at org.testng.SuiteRunner.run(SuiteRunner.java:312)
at org.testng.SuiteRunnerWorker.runSuite(SuiteRunnerWorker.java:52)
at org.testng.SuiteRunnerWorker.run(SuiteRunnerWorker.java:95)
at org.testng.TestNG.runSuitesSequentially(TestNG.java:1274)
at org.testng.TestNG.runSuitesLocally(TestNG.java:1208)
at org.testng.TestNG.runSuites(TestNG.java:1112)
at org.testng.TestNG.run(TestNG.java:1079)
at org.testng.remote.AbstractRemoteTestNG.run(AbstractRemoteTestNG.java:115)
at org.testng.remote.RemoteTestNG.initAndRun(RemoteTestNG.java:293)
at org.testng.remote.RemoteTestNG.main(RemoteTestNG.java:91)
]]>
    </failure>
  </testcase> <!-- addLeadForAdditionalFurnitureLeadTest -->
  <testcase classname="tests.AddFurnitureLeadTest" name="addLeadForAdditionalFurnitureLeadTest" time="35.461">
    <error message="Error {
  message=&#039;Timeout 30000ms exceeded.
  name=&#039;TimeoutError
  stack=&#039;TimeoutError: Timeout 30000ms exceeded.
    at ProgressController.run (/private/var/folders/1b/cqmvqvbd4sg1xvl1gc93cfyh0000gn/T/playwright-java-7524229160389361392/package/lib/server/progress.js:68:28)
    at FrameDispatcher._runCommand (/private/var/folders/1b/cqmvqvbd4sg1xvl1gc93cfyh0000gn/T/playwright-java-7524229160389361392/package/lib/server/dispatchers/dispatcher.js:95:31)
    at DispatcherConnection.dispatch (/private/var/folders/1b/cqmvqvbd4sg1xvl1gc93cfyh0000gn/T/playwright-java-7524229160389361392/package/lib/server/dispatchers/dispatcher.js:329:39)
}
Call log:
-   - waiting for locator(&quot;#category&quot;)
-     - locator resolved to &lt;select id=&quot;category&quot; name=&quot;category&quot; class=&quot;custom-input &quot; aria-label=&quot;Select Product Category&quot;&gt;…&lt;/select&gt;
-   - attempting select option action
-     2 × waiting for element to be visible and enabled
-       - did not find some options
-     - retrying select option action
-     - waiting 20ms
-     2 × waiting for element to be visible and enabled
-       - did not find some options
-     - retrying select option action
-       - waiting 100ms
-     60 × waiting for element to be visible and enabled
-        - did not find some options
-      - retrying select option action
-        - waiting 500ms
" type="com.microsoft.playwright.TimeoutError">
      <![CDATA[com.microsoft.playwright.TimeoutError: Error {
  message='Timeout 30000ms exceeded.
  name='TimeoutError
  stack='TimeoutError: Timeout 30000ms exceeded.
    at ProgressController.run (/private/var/folders/1b/cqmvqvbd4sg1xvl1gc93cfyh0000gn/T/playwright-java-7524229160389361392/package/lib/server/progress.js:68:28)
    at FrameDispatcher._runCommand (/private/var/folders/1b/cqmvqvbd4sg1xvl1gc93cfyh0000gn/T/playwright-java-7524229160389361392/package/lib/server/dispatchers/dispatcher.js:95:31)
    at DispatcherConnection.dispatch (/private/var/folders/1b/cqmvqvbd4sg1xvl1gc93cfyh0000gn/T/playwright-java-7524229160389361392/package/lib/server/dispatchers/dispatcher.js:329:39)
}
Call log:
-   - waiting for locator("#category")
-     - locator resolved to <select id="category" name="category" class="custom-input " aria-label="Select Product Category">…</select>
-   - attempting select option action
-     2 × waiting for element to be visible and enabled
-       - did not find some options
-     - retrying select option action
-     - waiting 20ms
-     2 × waiting for element to be visible and enabled
-       - did not find some options
-     - retrying select option action
-       - waiting 100ms
-     60 × waiting for element to be visible and enabled
-        - did not find some options
-      - retrying select option action
-        - waiting 500ms

at com.microsoft.playwright.impl.WaitableResult.get(WaitableResult.java:52)
at com.microsoft.playwright.impl.ChannelOwner.runUntil(ChannelOwner.java:138)
at com.microsoft.playwright.impl.Connection.sendMessage(Connection.java:131)
at com.microsoft.playwright.impl.ChannelOwner.sendMessage(ChannelOwner.java:124)
at com.microsoft.playwright.impl.FrameImpl.selectOption(FrameImpl.java:678)
at com.microsoft.playwright.impl.FrameImpl.selectOptionImpl(FrameImpl.java:645)
at com.microsoft.playwright.impl.PageImpl.selectOption(PageImpl.java:1183)
at com.microsoft.playwright.impl.PageImpl.selectOption(PageImpl.java:1150)
at com.microsoft.playwright.Page.selectOption(Page.java:6958)
at pages.AddFurnitureLeadPage.addLeadBasic(AddFurnitureLeadPage.java:396)
at pages.AddFurnitureLeadPage.addLeadWithAdditional(AddFurnitureLeadPage.java:205)
at tests.AddFurnitureLeadTest.addLeadForAdditionalFurnitureLeadTest(AddFurnitureLeadTest.java:168)
at java.base/jdk.internal.reflect.DirectMethodHandleAccessor.invoke(DirectMethodHandleAccessor.java:103)
at java.base/java.lang.reflect.Method.invoke(Method.java:580)
at org.testng.internal.invokers.MethodInvocationHelper.invokeMethod(MethodInvocationHelper.java:141)
at org.testng.internal.invokers.TestInvoker.invokeMethod(TestInvoker.java:687)
at org.testng.internal.invokers.TestInvoker.invokeTestMethod(TestInvoker.java:230)
at org.testng.internal.invokers.MethodRunner.runInSequence(MethodRunner.java:63)
at org.testng.internal.invokers.TestInvoker$MethodInvocationAgent.invoke(TestInvoker.java:995)
at org.testng.internal.invokers.TestInvoker.invokeTestMethods(TestInvoker.java:203)
at org.testng.internal.invokers.TestMethodWorker.invokeTestMethods(TestMethodWorker.java:154)
at org.testng.internal.invokers.TestMethodWorker.run(TestMethodWorker.java:134)
at java.base/java.util.ArrayList.forEach(ArrayList.java:1596)
at org.testng.TestRunner.privateRun(TestRunner.java:741)
at org.testng.TestRunner.run(TestRunner.java:616)
at org.testng.SuiteRunner.runTest(SuiteRunner.java:421)
at org.testng.SuiteRunner.runSequentially(SuiteRunner.java:413)
at org.testng.SuiteRunner.privateRun(SuiteRunner.java:373)
at org.testng.SuiteRunner.run(SuiteRunner.java:312)
at org.testng.SuiteRunnerWorker.runSuite(SuiteRunnerWorker.java:52)
at org.testng.SuiteRunnerWorker.run(SuiteRunnerWorker.java:95)
at org.testng.TestNG.runSuitesSequentially(TestNG.java:1274)
at org.testng.TestNG.runSuitesLocally(TestNG.java:1208)
at org.testng.TestNG.runSuites(TestNG.java:1112)
at org.testng.TestNG.run(TestNG.java:1079)
at org.testng.remote.AbstractRemoteTestNG.run(AbstractRemoteTestNG.java:115)
at org.testng.remote.RemoteTestNG.initAndRun(RemoteTestNG.java:293)
at org.testng.remote.RemoteTestNG.main(RemoteTestNG.java:91)
Caused by: com.microsoft.playwright.TimeoutError: Error {
  message='Timeout 30000ms exceeded.
  name='TimeoutError
  stack='TimeoutError: Timeout 30000ms exceeded.
    at ProgressController.run (/private/var/folders/1b/cqmvqvbd4sg1xvl1gc93cfyh0000gn/T/playwright-java-7524229160389361392/package/lib/server/progress.js:68:28)
    at FrameDispatcher._runCommand (/private/var/folders/1b/cqmvqvbd4sg1xvl1gc93cfyh0000gn/T/playwright-java-7524229160389361392/package/lib/server/dispatchers/dispatcher.js:95:31)
    at DispatcherConnection.dispatch (/private/var/folders/1b/cqmvqvbd4sg1xvl1gc93cfyh0000gn/T/playwright-java-7524229160389361392/package/lib/server/dispatchers/dispatcher.js:329:39)
}
Call log:
-   - waiting for locator("#category")
-     - locator resolved to <select id="category" name="category" class="custom-input " aria-label="Select Product Category">…</select>
-   - attempting select option action
-     2 × waiting for element to be visible and enabled
-       - did not find some options
-     - retrying select option action
-     - waiting 20ms
-     2 × waiting for element to be visible and enabled
-       - did not find some options
-     - retrying select option action
-       - waiting 100ms
-     60 × waiting for element to be visible and enabled
-        - did not find some options
-      - retrying select option action
-        - waiting 500ms

at com.microsoft.playwright.impl.Connection.dispatch(Connection.java:257)
at com.microsoft.playwright.impl.Connection.processOneMessage(Connection.java:214)
at com.microsoft.playwright.impl.ChannelOwner.runUntil(ChannelOwner.java:136)
... 36 more
]]>
    </error>
  </testcase> <!-- addLeadForAdditionalFurnitureLeadTest -->
  <testcase classname="tests.AddFurnitureLeadTest" name="addLeadForAdditionalFurnitureLeadTest" time="10.430"/>
  <testcase classname="tests.AddFurnitureLeadTest" name="addLeadForAdditionalFurnitureLeadTest" time="1.977">
    <skipped/>
  </testcase> <!-- addLeadForAdditionalFurnitureLeadTest -->
  <testcase classname="tests.AddFurnitureLeadTest" name="addLeadForAdditionalFurnitureLeadTest" time="2.008">
    <skipped/>
  </testcase> <!-- addLeadForAdditionalFurnitureLeadTest -->
  <testcase classname="tests.AddFurnitureLeadTest" name="addLeadForAdditionalFurnitureLeadTest" time="0.055">
    <skipped/>
  </testcase> <!-- addLeadForAdditionalFurnitureLeadTest -->
  <testcase classname="tests.AddFurnitureLeadTest" name="addLeadForAdditionalFurnitureLeadTest" time="2.002">
    <skipped/>
  </testcase> <!-- addLeadForAdditionalFurnitureLeadTest -->
  <testcase classname="tests.AddFurnitureLeadTest" name="addLeadForAdditionalFurnitureLeadTest" time="1.040">
    <skipped/>
  </testcase> <!-- addLeadForAdditionalFurnitureLeadTest -->
  <testcase classname="tests.AddFurnitureLeadTest" name="addLeadForAdditionalFurnitureLeadTest" time="10.601"/>
  <testcase classname="tests.AddFurnitureLeadTest" name="addLeadForAdditionalFurnitureLeadTest" time="1.990">
    <skipped/>
  </testcase> <!-- addLeadForAdditionalFurnitureLeadTest -->
  <testcase classname="tests.AddFurnitureLeadTest" name="addLeadForAdditionalFurnitureLeadTest" time="2.012">
    <skipped/>
  </testcase> <!-- addLeadForAdditionalFurnitureLeadTest -->
  <testcase classname="tests.AddFurnitureLeadTest" name="addLeadForAdditionalFurnitureLeadTest" time="1.994">
    <skipped/>
  </testcase> <!-- addLeadForAdditionalFurnitureLeadTest -->
  <testcase classname="tests.AddFurnitureLeadTest" name="addLeadForAdditionalFurnitureLeadTest" time="1.974">
    <skipped/>
  </testcase> <!-- addLeadForAdditionalFurnitureLeadTest -->
  <testcase classname="tests.AddFurnitureLeadTest" name="addLeadForAdditionalFurnitureLeadTest" time="10.518"/>
  <testcase classname="tests.AddFurnitureLeadTest" name="addLeadForAdditionalFurnitureLeadTest" time="11.000"/>
  <testcase classname="tests.AddFurnitureLeadTest" name="addLeadForAdditionalFurnitureLeadTest" time="1.994">
    <skipped/>
  </testcase> <!-- addLeadForAdditionalFurnitureLeadTest -->
  <testcase classname="tests.AddFurnitureLeadTest" name="addLeadForAdditionalFurnitureLeadTest" time="1.980">
    <skipped/>
  </testcase> <!-- addLeadForAdditionalFurnitureLeadTest -->
  <testcase classname="tests.AddFurnitureLeadTest" name="addLeadForAdditionalFurnitureLeadTest" time="10.569"/>
  <testcase classname="tests.AddFurnitureLeadTest" name="addLeadForAdditionalFurnitureLeadTest" time="10.616"/>
  <testcase classname="tests.AddFurnitureLeadTest" name="addLeadForAdditionalFurnitureLeadTest" time="1.991">
    <skipped/>
  </testcase> <!-- addLeadForAdditionalFurnitureLeadTest -->
  <testcase classname="tests.AddFurnitureLeadTest" name="addLeadForAdditionalFurnitureLeadTest" time="1.956">
    <skipped/>
  </testcase> <!-- addLeadForAdditionalFurnitureLeadTest -->
  <testcase classname="tests.AddFurnitureLeadTest" name="addLeadForAdditionalFurnitureLeadTest" time="1.994">
    <skipped/>
  </testcase> <!-- addLeadForAdditionalFurnitureLeadTest -->
  <testcase classname="tests.AddFurnitureLeadTest" name="addLeadForAdditionalFurnitureLeadTest" time="10.541"/>
  <testcase classname="tests.AddFurnitureLeadTest" name="addLeadForAdditionalFurnitureLeadTest" time="1.983">
    <skipped/>
  </testcase> <!-- addLeadForAdditionalFurnitureLeadTest -->
  <testcase classname="tests.AddFurnitureLeadTest" name="addLeadForAdditionalFurnitureLeadTest" time="9.564">
    <failure message="Full name mismatch. Expected: Karan Modi, Got: Mina Raval" type="java.lang.AssertionError">
      <![CDATA[java.lang.AssertionError: Full name mismatch. Expected: Karan Modi, Got: Mina Raval
at pages.AddFurnitureLeadPage.validateLeadWithAdditionalInfo(AddFurnitureLeadPage.java:270)
at tests.AddFurnitureLeadTest.addLeadForAdditionalFurnitureLeadTest(AddFurnitureLeadTest.java:173)
at java.base/jdk.internal.reflect.DirectMethodHandleAccessor.invoke(DirectMethodHandleAccessor.java:103)
at java.base/java.lang.reflect.Method.invoke(Method.java:580)
at org.testng.internal.invokers.MethodInvocationHelper.invokeMethod(MethodInvocationHelper.java:141)
at org.testng.internal.invokers.TestInvoker.invokeMethod(TestInvoker.java:687)
at org.testng.internal.invokers.TestInvoker.invokeTestMethod(TestInvoker.java:230)
at org.testng.internal.invokers.MethodRunner.runInSequence(MethodRunner.java:63)
at org.testng.internal.invokers.TestInvoker$MethodInvocationAgent.invoke(TestInvoker.java:995)
at org.testng.internal.invokers.TestInvoker.invokeTestMethods(TestInvoker.java:203)
at org.testng.internal.invokers.TestMethodWorker.invokeTestMethods(TestMethodWorker.java:154)
at org.testng.internal.invokers.TestMethodWorker.run(TestMethodWorker.java:134)
at java.base/java.util.ArrayList.forEach(ArrayList.java:1596)
at org.testng.TestRunner.privateRun(TestRunner.java:741)
at org.testng.TestRunner.run(TestRunner.java:616)
at org.testng.SuiteRunner.runTest(SuiteRunner.java:421)
at org.testng.SuiteRunner.runSequentially(SuiteRunner.java:413)
at org.testng.SuiteRunner.privateRun(SuiteRunner.java:373)
at org.testng.SuiteRunner.run(SuiteRunner.java:312)
at org.testng.SuiteRunnerWorker.runSuite(SuiteRunnerWorker.java:52)
at org.testng.SuiteRunnerWorker.run(SuiteRunnerWorker.java:95)
at org.testng.TestNG.runSuitesSequentially(TestNG.java:1274)
at org.testng.TestNG.runSuitesLocally(TestNG.java:1208)
at org.testng.TestNG.runSuites(TestNG.java:1112)
at org.testng.TestNG.run(TestNG.java:1079)
at org.testng.remote.AbstractRemoteTestNG.run(AbstractRemoteTestNG.java:115)
at org.testng.remote.RemoteTestNG.initAndRun(RemoteTestNG.java:293)
at org.testng.remote.RemoteTestNG.main(RemoteTestNG.java:91)
]]>
    </failure>
  </testcase> <!-- addLeadForAdditionalFurnitureLeadTest -->
  <testcase classname="tests.AddFurnitureLeadTest" name="addLeadForAdditionalFurnitureLeadTest" time="1.987">
    <skipped/>
  </testcase> <!-- addLeadForAdditionalFurnitureLeadTest -->
  <testcase classname="tests.AddFurnitureLeadTest" name="addLeadForAdditionalFurnitureLeadTest" time="1.992">
    <skipped/>
  </testcase> <!-- addLeadForAdditionalFurnitureLeadTest -->
  <testcase classname="tests.AddFurnitureLeadTest" name="addLeadForAdditionalFurnitureLeadTest" time="1.993">
    <skipped/>
  </testcase> <!-- addLeadForAdditionalFurnitureLeadTest -->
  <testcase classname="tests.AddFurnitureLeadTest" name="addLeadForAdditionalFurnitureLeadTest" time="1.993">
    <skipped/>
  </testcase> <!-- addLeadForAdditionalFurnitureLeadTest -->
  <testcase classname="tests.AddFurnitureLeadTest" name="addLeadForAdditionalFurnitureLeadTest" time="0.042">
    <skipped/>
  </testcase> <!-- addLeadForAdditionalFurnitureLeadTest -->
  <testcase classname="tests.AddFurnitureLeadTest" name="addLeadForAdditionalFurnitureLeadTest" time="10.554"/>
  <testcase classname="tests.AddFurnitureLeadTest" name="addLeadForAdditionalFurnitureLeadTest" time="10.883"/>
  <testcase classname="tests.AddFurnitureLeadTest" name="addLeadForAdditionalFurnitureLeadTest" time="1.975">
    <skipped/>
  </testcase> <!-- addLeadForAdditionalFurnitureLeadTest -->
  <testcase classname="tests.AddFurnitureLeadTest" name="addLeadForAdditionalFurnitureLeadTest" time="9.624"/>
  <testcase classname="tests.AddFurnitureLeadTest" name="addLeadForAdditionalFurnitureLeadTest" time="10.465"/>
  <testcase classname="tests.AddFurnitureLeadTest" name="addLeadForAdditionalFurnitureLeadTest" time="1.991">
    <skipped/>
  </testcase> <!-- addLeadForAdditionalFurnitureLeadTest -->
  <testcase classname="tests.AddFurnitureLeadTest" name="addLeadForAdditionalFurnitureLeadTest" time="1.991">
    <skipped/>
  </testcase> <!-- addLeadForAdditionalFurnitureLeadTest -->
  <testcase classname="tests.AddFurnitureLeadTest" name="addLeadForAdditionalFurnitureLeadTest" time="1.991">
    <skipped/>
  </testcase> <!-- addLeadForAdditionalFurnitureLeadTest -->
  <testcase classname="tests.AddFurnitureLeadTest" name="addLeadForAdditionalFurnitureLeadTest" time="1.977">
    <skipped/>
  </testcase> <!-- addLeadForAdditionalFurnitureLeadTest -->
  <testcase classname="tests.AddFurnitureLeadTest" name="addLeadForAdditionalFurnitureLeadTest" time="9.477">
    <failure message="Full name mismatch. Expected: Jigar Desai, Got: Pooja Doshi" type="java.lang.AssertionError">
      <![CDATA[java.lang.AssertionError: Full name mismatch. Expected: Jigar Desai, Got: Pooja Doshi
at pages.AddFurnitureLeadPage.validateLeadWithAdditionalInfo(AddFurnitureLeadPage.java:270)
at tests.AddFurnitureLeadTest.addLeadForAdditionalFurnitureLeadTest(AddFurnitureLeadTest.java:173)
at java.base/jdk.internal.reflect.DirectMethodHandleAccessor.invoke(DirectMethodHandleAccessor.java:103)
at java.base/java.lang.reflect.Method.invoke(Method.java:580)
at org.testng.internal.invokers.MethodInvocationHelper.invokeMethod(MethodInvocationHelper.java:141)
at org.testng.internal.invokers.TestInvoker.invokeMethod(TestInvoker.java:687)
at org.testng.internal.invokers.TestInvoker.invokeTestMethod(TestInvoker.java:230)
at org.testng.internal.invokers.MethodRunner.runInSequence(MethodRunner.java:63)
at org.testng.internal.invokers.TestInvoker$MethodInvocationAgent.invoke(TestInvoker.java:995)
at org.testng.internal.invokers.TestInvoker.invokeTestMethods(TestInvoker.java:203)
at org.testng.internal.invokers.TestMethodWorker.invokeTestMethods(TestMethodWorker.java:154)
at org.testng.internal.invokers.TestMethodWorker.run(TestMethodWorker.java:134)
at java.base/java.util.ArrayList.forEach(ArrayList.java:1596)
at org.testng.TestRunner.privateRun(TestRunner.java:741)
at org.testng.TestRunner.run(TestRunner.java:616)
at org.testng.SuiteRunner.runTest(SuiteRunner.java:421)
at org.testng.SuiteRunner.runSequentially(SuiteRunner.java:413)
at org.testng.SuiteRunner.privateRun(SuiteRunner.java:373)
at org.testng.SuiteRunner.run(SuiteRunner.java:312)
at org.testng.SuiteRunnerWorker.runSuite(SuiteRunnerWorker.java:52)
at org.testng.SuiteRunnerWorker.run(SuiteRunnerWorker.java:95)
at org.testng.TestNG.runSuitesSequentially(TestNG.java:1274)
at org.testng.TestNG.runSuitesLocally(TestNG.java:1208)
at org.testng.TestNG.runSuites(TestNG.java:1112)
at org.testng.TestNG.run(TestNG.java:1079)
at org.testng.remote.AbstractRemoteTestNG.run(AbstractRemoteTestNG.java:115)
at org.testng.remote.RemoteTestNG.initAndRun(RemoteTestNG.java:293)
at org.testng.remote.RemoteTestNG.main(RemoteTestNG.java:91)
]]>
    </failure>
  </testcase> <!-- addLeadForAdditionalFurnitureLeadTest -->
  <testcase classname="tests.AddFurnitureLeadTest" name="addLeadForAdditionalFurnitureLeadTest" time="35.381">
    <error message="Error {
  message=&#039;Timeout 30000ms exceeded.
  name=&#039;TimeoutError
  stack=&#039;TimeoutError: Timeout 30000ms exceeded.
    at ProgressController.run (/private/var/folders/1b/cqmvqvbd4sg1xvl1gc93cfyh0000gn/T/playwright-java-7524229160389361392/package/lib/server/progress.js:68:28)
    at FrameDispatcher._runCommand (/private/var/folders/1b/cqmvqvbd4sg1xvl1gc93cfyh0000gn/T/playwright-java-7524229160389361392/package/lib/server/dispatchers/dispatcher.js:95:31)
    at DispatcherConnection.dispatch (/private/var/folders/1b/cqmvqvbd4sg1xvl1gc93cfyh0000gn/T/playwright-java-7524229160389361392/package/lib/server/dispatchers/dispatcher.js:329:39)
}
Call log:
-   - waiting for locator(&quot;#category&quot;)
-     - locator resolved to &lt;select id=&quot;category&quot; name=&quot;category&quot; class=&quot;custom-input &quot; aria-label=&quot;Select Product Category&quot;&gt;…&lt;/select&gt;
-   - attempting select option action
-     2 × waiting for element to be visible and enabled
-       - did not find some options
-     - retrying select option action
-     - waiting 20ms
-     2 × waiting for element to be visible and enabled
-       - did not find some options
-     - retrying select option action
-       - waiting 100ms
-     60 × waiting for element to be visible and enabled
-        - did not find some options
-      - retrying select option action
-        - waiting 500ms
" type="com.microsoft.playwright.TimeoutError">
      <![CDATA[com.microsoft.playwright.TimeoutError: Error {
  message='Timeout 30000ms exceeded.
  name='TimeoutError
  stack='TimeoutError: Timeout 30000ms exceeded.
    at ProgressController.run (/private/var/folders/1b/cqmvqvbd4sg1xvl1gc93cfyh0000gn/T/playwright-java-7524229160389361392/package/lib/server/progress.js:68:28)
    at FrameDispatcher._runCommand (/private/var/folders/1b/cqmvqvbd4sg1xvl1gc93cfyh0000gn/T/playwright-java-7524229160389361392/package/lib/server/dispatchers/dispatcher.js:95:31)
    at DispatcherConnection.dispatch (/private/var/folders/1b/cqmvqvbd4sg1xvl1gc93cfyh0000gn/T/playwright-java-7524229160389361392/package/lib/server/dispatchers/dispatcher.js:329:39)
}
Call log:
-   - waiting for locator("#category")
-     - locator resolved to <select id="category" name="category" class="custom-input " aria-label="Select Product Category">…</select>
-   - attempting select option action
-     2 × waiting for element to be visible and enabled
-       - did not find some options
-     - retrying select option action
-     - waiting 20ms
-     2 × waiting for element to be visible and enabled
-       - did not find some options
-     - retrying select option action
-       - waiting 100ms
-     60 × waiting for element to be visible and enabled
-        - did not find some options
-      - retrying select option action
-        - waiting 500ms

at com.microsoft.playwright.impl.WaitableResult.get(WaitableResult.java:52)
at com.microsoft.playwright.impl.ChannelOwner.runUntil(ChannelOwner.java:138)
at com.microsoft.playwright.impl.Connection.sendMessage(Connection.java:131)
at com.microsoft.playwright.impl.ChannelOwner.sendMessage(ChannelOwner.java:124)
at com.microsoft.playwright.impl.FrameImpl.selectOption(FrameImpl.java:678)
at com.microsoft.playwright.impl.FrameImpl.selectOptionImpl(FrameImpl.java:645)
at com.microsoft.playwright.impl.PageImpl.selectOption(PageImpl.java:1183)
at com.microsoft.playwright.impl.PageImpl.selectOption(PageImpl.java:1150)
at com.microsoft.playwright.Page.selectOption(Page.java:6958)
at pages.AddFurnitureLeadPage.addLeadBasic(AddFurnitureLeadPage.java:396)
at pages.AddFurnitureLeadPage.addLeadWithAdditional(AddFurnitureLeadPage.java:205)
at tests.AddFurnitureLeadTest.addLeadForAdditionalFurnitureLeadTest(AddFurnitureLeadTest.java:168)
at java.base/jdk.internal.reflect.DirectMethodHandleAccessor.invoke(DirectMethodHandleAccessor.java:103)
at java.base/java.lang.reflect.Method.invoke(Method.java:580)
at org.testng.internal.invokers.MethodInvocationHelper.invokeMethod(MethodInvocationHelper.java:141)
at org.testng.internal.invokers.TestInvoker.invokeMethod(TestInvoker.java:687)
at org.testng.internal.invokers.TestInvoker.invokeTestMethod(TestInvoker.java:230)
at org.testng.internal.invokers.MethodRunner.runInSequence(MethodRunner.java:63)
at org.testng.internal.invokers.TestInvoker$MethodInvocationAgent.invoke(TestInvoker.java:995)
at org.testng.internal.invokers.TestInvoker.invokeTestMethods(TestInvoker.java:203)
at org.testng.internal.invokers.TestMethodWorker.invokeTestMethods(TestMethodWorker.java:154)
at org.testng.internal.invokers.TestMethodWorker.run(TestMethodWorker.java:134)
at java.base/java.util.ArrayList.forEach(ArrayList.java:1596)
at org.testng.TestRunner.privateRun(TestRunner.java:741)
at org.testng.TestRunner.run(TestRunner.java:616)
at org.testng.SuiteRunner.runTest(SuiteRunner.java:421)
at org.testng.SuiteRunner.runSequentially(SuiteRunner.java:413)
at org.testng.SuiteRunner.privateRun(SuiteRunner.java:373)
at org.testng.SuiteRunner.run(SuiteRunner.java:312)
at org.testng.SuiteRunnerWorker.runSuite(SuiteRunnerWorker.java:52)
at org.testng.SuiteRunnerWorker.run(SuiteRunnerWorker.java:95)
at org.testng.TestNG.runSuitesSequentially(TestNG.java:1274)
at org.testng.TestNG.runSuitesLocally(TestNG.java:1208)
at org.testng.TestNG.runSuites(TestNG.java:1112)
at org.testng.TestNG.run(TestNG.java:1079)
at org.testng.remote.AbstractRemoteTestNG.run(AbstractRemoteTestNG.java:115)
at org.testng.remote.RemoteTestNG.initAndRun(RemoteTestNG.java:293)
at org.testng.remote.RemoteTestNG.main(RemoteTestNG.java:91)
Caused by: com.microsoft.playwright.TimeoutError: Error {
  message='Timeout 30000ms exceeded.
  name='TimeoutError
  stack='TimeoutError: Timeout 30000ms exceeded.
    at ProgressController.run (/private/var/folders/1b/cqmvqvbd4sg1xvl1gc93cfyh0000gn/T/playwright-java-7524229160389361392/package/lib/server/progress.js:68:28)
    at FrameDispatcher._runCommand (/private/var/folders/1b/cqmvqvbd4sg1xvl1gc93cfyh0000gn/T/playwright-java-7524229160389361392/package/lib/server/dispatchers/dispatcher.js:95:31)
    at DispatcherConnection.dispatch (/private/var/folders/1b/cqmvqvbd4sg1xvl1gc93cfyh0000gn/T/playwright-java-7524229160389361392/package/lib/server/dispatchers/dispatcher.js:329:39)
}
Call log:
-   - waiting for locator("#category")
-     - locator resolved to <select id="category" name="category" class="custom-input " aria-label="Select Product Category">…</select>
-   - attempting select option action
-     2 × waiting for element to be visible and enabled
-       - did not find some options
-     - retrying select option action
-     - waiting 20ms
-     2 × waiting for element to be visible and enabled
-       - did not find some options
-     - retrying select option action
-       - waiting 100ms
-     60 × waiting for element to be visible and enabled
-        - did not find some options
-      - retrying select option action
-        - waiting 500ms

at com.microsoft.playwright.impl.Connection.dispatch(Connection.java:257)
at com.microsoft.playwright.impl.Connection.processOneMessage(Connection.java:214)
at com.microsoft.playwright.impl.ChannelOwner.runUntil(ChannelOwner.java:136)
... 36 more
]]>
    </error>
  </testcase> <!-- addLeadForAdditionalFurnitureLeadTest -->
  <testcase classname="tests.AddFurnitureLeadTest" name="addLeadForAdditionalFurnitureLeadTest" time="0.040">
    <skipped/>
  </testcase> <!-- addLeadForAdditionalFurnitureLeadTest -->
  <testcase classname="tests.AddFurnitureLeadTest" name="addLeadForAdditionalFurnitureLeadTest" time="10.539"/>
  <testcase classname="tests.AddFurnitureLeadTest" name="addLeadForAdditionalFurnitureLeadTest" time="1.993">
    <skipped/>
  </testcase> <!-- addLeadForAdditionalFurnitureLeadTest -->
  <testcase classname="tests.AddFurnitureLeadTest" name="addLeadForAdditionalFurnitureLeadTest" time="1.973">
    <skipped/>
  </testcase> <!-- addLeadForAdditionalFurnitureLeadTest -->
  <testcase classname="tests.AddFurnitureLeadTest" name="addLeadForAdditionalFurnitureLeadTest" time="1.991">
    <skipped/>
  </testcase> <!-- addLeadForAdditionalFurnitureLeadTest -->
  <testcase classname="tests.AddFurnitureLeadTest" name="addLeadForAdditionalFurnitureLeadTest" time="10.517"/>
  <testcase classname="tests.AddFurnitureLeadTest" name="addLeadForAdditionalFurnitureLeadTest" time="0.025">
    <skipped/>
  </testcase> <!-- addLeadForAdditionalFurnitureLeadTest -->
  <testcase classname="tests.AddFurnitureLeadTest" name="addLeadForAdditionalFurnitureLeadTest" time="10.577"/>
  <testcase classname="tests.AddFurnitureLeadTest" name="addLeadForAdditionalFurnitureLeadTest" time="2.001">
    <skipped/>
  </testcase> <!-- addLeadForAdditionalFurnitureLeadTest -->
  <testcase classname="tests.AddFurnitureLeadTest" name="addLeadForAdditionalFurnitureLeadTest" time="1.992">
    <skipped/>
  </testcase> <!-- addLeadForAdditionalFurnitureLeadTest -->
  <testcase classname="tests.AddFurnitureLeadTest" name="addLeadForAdditionalFurnitureLeadTest" time="10.554"/>
  <testcase classname="tests.AddFurnitureLeadTest" name="addLeadForAdditionalFurnitureLeadTest" time="1.991">
    <skipped/>
  </testcase> <!-- addLeadForAdditionalFurnitureLeadTest -->
  <testcase classname="tests.AddFurnitureLeadTest" name="addLeadForAdditionalFurnitureLeadTest" time="2.007">
    <skipped/>
  </testcase> <!-- addLeadForAdditionalFurnitureLeadTest -->
  <testcase classname="tests.AddFurnitureLeadTest" name="addLeadForAdditionalFurnitureLeadTest" time="2.005">
    <skipped/>
  </testcase> <!-- addLeadForAdditionalFurnitureLeadTest -->
  <testcase classname="tests.AddFurnitureLeadTest" name="addLeadForAdditionalFurnitureLeadTest" time="9.605"/>
  <testcase classname="tests.AddFurnitureLeadTest" name="addLeadForAdditionalFurnitureLeadTest" time="1.941">
    <skipped/>
  </testcase> <!-- addLeadForAdditionalFurnitureLeadTest -->
  <testcase classname="tests.AddFurnitureLeadTest" name="addLeadForAdditionalFurnitureLeadTest" time="1.042">
    <skipped/>
  </testcase> <!-- addLeadForAdditionalFurnitureLeadTest -->
  <testcase classname="tests.AddFurnitureLeadTest" name="addLeadForAdditionalFurnitureLeadTest" time="1.993">
    <skipped/>
  </testcase> <!-- addLeadForAdditionalFurnitureLeadTest -->
  <testcase classname="tests.AddFurnitureLeadTest" name="addLeadForAdditionalFurnitureLeadTest" time="1.992">
    <skipped/>
  </testcase> <!-- addLeadForAdditionalFurnitureLeadTest -->
  <testcase classname="tests.AddFurnitureLeadTest" name="addLeadForAdditionalFurnitureLeadTest" time="10.509"/>
  <testcase classname="tests.AddFurnitureLeadTest" name="addLeadForAdditionalFurnitureLeadTest" time="1.959">
    <skipped/>
  </testcase> <!-- addLeadForAdditionalFurnitureLeadTest -->
  <testcase classname="tests.AddFurnitureLeadTest" name="addLeadForAdditionalFurnitureLeadTest" time="10.598"/>
  <testcase classname="tests.AddFurnitureLeadTest" name="addLeadForAdditionalFurnitureLeadTest" time="10.636"/>
  <testcase classname="tests.AddFurnitureLeadTest" name="addLeadForAdditionalFurnitureLeadTest" time="10.834"/>
  <testcase classname="tests.AddFurnitureLeadTest" name="addLeadForAdditionalFurnitureLeadTest" time="10.511"/>
  <testcase classname="tests.AddFurnitureLeadTest" name="addLeadForAdditionalFurnitureLeadTest" time="1.985">
    <skipped/>
  </testcase> <!-- addLeadForAdditionalFurnitureLeadTest -->
  <testcase classname="tests.AddFurnitureLeadTest" name="addLeadForAdditionalFurnitureLeadTest" time="1.995">
    <skipped/>
  </testcase> <!-- addLeadForAdditionalFurnitureLeadTest -->
  <testcase classname="tests.AddFurnitureLeadTest" name="addLeadForAdditionalFurnitureLeadTest" time="1.991">
    <skipped/>
  </testcase> <!-- addLeadForAdditionalFurnitureLeadTest -->
  <testcase classname="tests.AddFurnitureLeadTest" name="addLeadForAdditionalFurnitureLeadTest" time="10.811"/>
  <testcase classname="tests.AddFurnitureLeadTest" name="addLeadForAdditionalFurnitureLeadTest" time="10.442"/>
  <testcase classname="tests.AddFurnitureLeadTest" name="addLeadForAdditionalFurnitureLeadTest" time="10.542"/>
  <testcase classname="tests.AddFurnitureLeadTest" name="addLeadForAdditionalFurnitureLeadTest" time="1.954">
    <skipped/>
  </testcase> <!-- addLeadForAdditionalFurnitureLeadTest -->
  <testcase classname="tests.AddFurnitureLeadTest" name="addLeadForAdditionalFurnitureLeadTest" time="10.644"/>
  <testcase classname="tests.AddFurnitureLeadTest" name="addLeadForAdditionalFurnitureLeadTest" time="2.002">
    <skipped/>
  </testcase> <!-- addLeadForAdditionalFurnitureLeadTest -->
  <testcase classname="tests.AddFurnitureLeadTest" name="addLeadForAdditionalFurnitureLeadTest" time="1.990">
    <skipped/>
  </testcase> <!-- addLeadForAdditionalFurnitureLeadTest -->
  <testcase classname="tests.AddFurnitureLeadTest" name="addLeadForAdditionalFurnitureLeadTest" time="1.959">
    <skipped/>
  </testcase> <!-- addLeadForAdditionalFurnitureLeadTest -->
  <testcase classname="tests.AddFurnitureLeadTest" name="addLeadForAdditionalFurnitureLeadTest" time="1.994">
    <skipped/>
  </testcase> <!-- addLeadForAdditionalFurnitureLeadTest -->
  <testcase classname="tests.AddFurnitureLeadTest" name="addLeadForAdditionalFurnitureLeadTest" time="1.990">
    <skipped/>
  </testcase> <!-- addLeadForAdditionalFurnitureLeadTest -->
  <testcase classname="tests.AddFurnitureLeadTest" name="addLeadForAdditionalFurnitureLeadTest" time="39.428">
    <error message="Error {
  message=&#039;Timeout 30000ms exceeded.
  name=&#039;TimeoutError
  stack=&#039;TimeoutError: Timeout 30000ms exceeded.
    at ProgressController.run (/private/var/folders/1b/cqmvqvbd4sg1xvl1gc93cfyh0000gn/T/playwright-java-7524229160389361392/package/lib/server/progress.js:68:28)
    at FrameDispatcher._runCommand (/private/var/folders/1b/cqmvqvbd4sg1xvl1gc93cfyh0000gn/T/playwright-java-7524229160389361392/package/lib/server/dispatchers/dispatcher.js:95:31)
    at DispatcherConnection.dispatch (/private/var/folders/1b/cqmvqvbd4sg1xvl1gc93cfyh0000gn/T/playwright-java-7524229160389361392/package/lib/server/dispatchers/dispatcher.js:329:39)
}
Call log:
-   - waiting for locator(&quot;xpath=(//div[@aria-label=&#039;View details for Bhavna&#039;])[1]&quot;)
-     - locator resolved to &lt;div tabindex=&quot;0&quot; role=&quot;button&quot; aria-label=&quot;View details for Bhavna&quot; class=&quot;bg-white rounded-xl transition-all cursor-pointer h-full p-4 shadow-sm hover:shadow-md border border-gray-200&quot;&gt;…&lt;/div&gt;
-   - attempting click action
-     - waiting for element to be visible, enabled and stable
-     - element is visible, enabled and stable
-     - scrolling into view if needed
-     - done scrolling
-     - &lt;input type=&quot;text&quot; placeholder=&quot;&quot; class=&quot;custom-input &quot; id=&quot;estimatedQuantity&quot; name=&quot;estimatedQuantity&quot; aria-label=&quot;Enter Estimated Quantity&quot;/&gt; from &lt;div data-portal=&quot;true&quot; data-mantine-shared-portal-node=&quot;true&quot;&gt;…&lt;/div&gt; subtree intercepts pointer events
-   - retrying click action
-     - waiting for element to be visible, enabled and stable
-     - element is visible, enabled and stable
-     - scrolling into view if needed
-     - done scrolling
-     - &lt;form&gt;…&lt;/form&gt; from &lt;div data-portal=&quot;true&quot; data-mantine-shared-portal-node=&quot;true&quot;&gt;…&lt;/div&gt; subtree intercepts pointer events
-   - retrying click action
-     - waiting 20ms
-     - waiting for element to be visible, enabled and stable
-     - element is visible, enabled and stable
-     - scrolling into view if needed
-     - done scrolling
-     - &lt;input type=&quot;text&quot; placeholder=&quot;&quot; id=&quot;companyName&quot; name=&quot;companyName&quot; class=&quot;custom-input &quot; aria-label=&quot;Enter Company Name&quot;/&gt; from &lt;div data-portal=&quot;true&quot; data-mantine-shared-portal-node=&quot;true&quot;&gt;…&lt;/div&gt; subtree intercepts pointer events
-   2 × retrying click action
-       - waiting 100ms
-       - waiting for element to be visible, enabled and stable
-       - element is visible, enabled and stable
-       - scrolling into view if needed
-       - done scrolling
-       - &lt;div class=&quot;w-full&quot;&gt;…&lt;/div&gt; from &lt;div data-portal=&quot;true&quot; data-mantine-shared-portal-node=&quot;true&quot;&gt;…&lt;/div&gt; subtree intercepts pointer events
-   13 × retrying click action
-        - waiting 500ms
-        - waiting for element to be visible, enabled and stable
-        - element is visible, enabled and stable
-        - scrolling into view if needed
-        - done scrolling
-        - &lt;form&gt;…&lt;/form&gt; from &lt;div data-portal=&quot;true&quot; data-mantine-shared-portal-node=&quot;true&quot;&gt;…&lt;/div&gt; subtree intercepts pointer events
-      - retrying click action
-        - waiting 500ms
-        - waiting for element to be visible, enabled and stable
-        - element is visible, enabled and stable
-        - scrolling into view if needed
-        - done scrolling
-        - &lt;input type=&quot;text&quot; placeholder=&quot;&quot; id=&quot;companyName&quot; name=&quot;companyName&quot; class=&quot;custom-input &quot; aria-label=&quot;Enter Company Name&quot;/&gt; from &lt;div data-portal=&quot;true&quot; data-mantine-shared-portal-node=&quot;true&quot;&gt;…&lt;/div&gt; subtree intercepts pointer events
-      - retrying click action
-        - waiting 500ms
-        - waiting for element to be visible, enabled and stable
-        - element is visible, enabled and stable
-        - scrolling into view if needed
-        - done scrolling
-        - &lt;div class=&quot;w-full&quot;&gt;…&lt;/div&gt; from &lt;div data-portal=&quot;true&quot; data-mantine-shared-portal-node=&quot;true&quot;&gt;…&lt;/div&gt; subtree intercepts pointer events
-      - retrying click action
-        - waiting 500ms
-        - waiting for element to be visible, enabled and stable
-        - element is visible, enabled and stable
-        - scrolling into view if needed
-        - done scrolling
-        - &lt;div class=&quot;w-full&quot;&gt;…&lt;/div&gt; from &lt;div data-portal=&quot;true&quot; data-mantine-shared-portal-node=&quot;true&quot;&gt;…&lt;/div&gt; subtree intercepts pointer events
-   - retrying click action
-     - waiting 500ms
-     - waiting for element to be visible, enabled and stable
-     - element is visible, enabled and stable
-     - scrolling into view if needed
-     - done scrolling
-     - &lt;form&gt;…&lt;/form&gt; from &lt;div data-portal=&quot;true&quot; data-mantine-shared-portal-node=&quot;true&quot;&gt;…&lt;/div&gt; subtree intercepts pointer events
-   - retrying click action
-     - waiting 500ms
-     - waiting for element to be visible, enabled and stable
-     - element is visible, enabled and stable
-     - scrolling into view if needed
-     - done scrolling
-     - &lt;input type=&quot;text&quot; placeholder=&quot;&quot; id=&quot;companyName&quot; name=&quot;companyName&quot; class=&quot;custom-input &quot; aria-label=&quot;Enter Company Name&quot;/&gt; from &lt;div data-portal=&quot;true&quot; data-mantine-shared-portal-node=&quot;true&quot;&gt;…&lt;/div&gt; subtree intercepts pointer events
-   - retrying click action
-     - waiting 500ms
-     - waiting for element to be visible, enabled and stable
-     - element is visible, enabled and stable
-     - scrolling into view if needed
-     - done scrolling
-     - &lt;div class=&quot;w-full&quot;&gt;…&lt;/div&gt; from &lt;div data-portal=&quot;true&quot; data-mantine-shared-portal-node=&quot;true&quot;&gt;…&lt;/div&gt; subtree intercepts pointer events
-   - retrying click action
-     - waiting 500ms
" type="com.microsoft.playwright.TimeoutError">
      <![CDATA[com.microsoft.playwright.TimeoutError: Error {
  message='Timeout 30000ms exceeded.
  name='TimeoutError
  stack='TimeoutError: Timeout 30000ms exceeded.
    at ProgressController.run (/private/var/folders/1b/cqmvqvbd4sg1xvl1gc93cfyh0000gn/T/playwright-java-7524229160389361392/package/lib/server/progress.js:68:28)
    at FrameDispatcher._runCommand (/private/var/folders/1b/cqmvqvbd4sg1xvl1gc93cfyh0000gn/T/playwright-java-7524229160389361392/package/lib/server/dispatchers/dispatcher.js:95:31)
    at DispatcherConnection.dispatch (/private/var/folders/1b/cqmvqvbd4sg1xvl1gc93cfyh0000gn/T/playwright-java-7524229160389361392/package/lib/server/dispatchers/dispatcher.js:329:39)
}
Call log:
-   - waiting for locator("xpath=(//div[@aria-label='View details for Bhavna'])[1]")
-     - locator resolved to <div tabindex="0" role="button" aria-label="View details for Bhavna" class="bg-white rounded-xl transition-all cursor-pointer h-full p-4 shadow-sm hover:shadow-md border border-gray-200">…</div>
-   - attempting click action
-     - waiting for element to be visible, enabled and stable
-     - element is visible, enabled and stable
-     - scrolling into view if needed
-     - done scrolling
-     - <input type="text" placeholder="" class="custom-input " id="estimatedQuantity" name="estimatedQuantity" aria-label="Enter Estimated Quantity"/> from <div data-portal="true" data-mantine-shared-portal-node="true">…</div> subtree intercepts pointer events
-   - retrying click action
-     - waiting for element to be visible, enabled and stable
-     - element is visible, enabled and stable
-     - scrolling into view if needed
-     - done scrolling
-     - <form>…</form> from <div data-portal="true" data-mantine-shared-portal-node="true">…</div> subtree intercepts pointer events
-   - retrying click action
-     - waiting 20ms
-     - waiting for element to be visible, enabled and stable
-     - element is visible, enabled and stable
-     - scrolling into view if needed
-     - done scrolling
-     - <input type="text" placeholder="" id="companyName" name="companyName" class="custom-input " aria-label="Enter Company Name"/> from <div data-portal="true" data-mantine-shared-portal-node="true">…</div> subtree intercepts pointer events
-   2 × retrying click action
-       - waiting 100ms
-       - waiting for element to be visible, enabled and stable
-       - element is visible, enabled and stable
-       - scrolling into view if needed
-       - done scrolling
-       - <div class="w-full">…</div> from <div data-portal="true" data-mantine-shared-portal-node="true">…</div> subtree intercepts pointer events
-   13 × retrying click action
-        - waiting 500ms
-        - waiting for element to be visible, enabled and stable
-        - element is visible, enabled and stable
-        - scrolling into view if needed
-        - done scrolling
-        - <form>…</form> from <div data-portal="true" data-mantine-shared-portal-node="true">…</div> subtree intercepts pointer events
-      - retrying click action
-        - waiting 500ms
-        - waiting for element to be visible, enabled and stable
-        - element is visible, enabled and stable
-        - scrolling into view if needed
-        - done scrolling
-        - <input type="text" placeholder="" id="companyName" name="companyName" class="custom-input " aria-label="Enter Company Name"/> from <div data-portal="true" data-mantine-shared-portal-node="true">…</div> subtree intercepts pointer events
-      - retrying click action
-        - waiting 500ms
-        - waiting for element to be visible, enabled and stable
-        - element is visible, enabled and stable
-        - scrolling into view if needed
-        - done scrolling
-        - <div class="w-full">…</div> from <div data-portal="true" data-mantine-shared-portal-node="true">…</div> subtree intercepts pointer events
-      - retrying click action
-        - waiting 500ms
-        - waiting for element to be visible, enabled and stable
-        - element is visible, enabled and stable
-        - scrolling into view if needed
-        - done scrolling
-        - <div class="w-full">…</div> from <div data-portal="true" data-mantine-shared-portal-node="true">…</div> subtree intercepts pointer events
-   - retrying click action
-     - waiting 500ms
-     - waiting for element to be visible, enabled and stable
-     - element is visible, enabled and stable
-     - scrolling into view if needed
-     - done scrolling
-     - <form>…</form> from <div data-portal="true" data-mantine-shared-portal-node="true">…</div> subtree intercepts pointer events
-   - retrying click action
-     - waiting 500ms
-     - waiting for element to be visible, enabled and stable
-     - element is visible, enabled and stable
-     - scrolling into view if needed
-     - done scrolling
-     - <input type="text" placeholder="" id="companyName" name="companyName" class="custom-input " aria-label="Enter Company Name"/> from <div data-portal="true" data-mantine-shared-portal-node="true">…</div> subtree intercepts pointer events
-   - retrying click action
-     - waiting 500ms
-     - waiting for element to be visible, enabled and stable
-     - element is visible, enabled and stable
-     - scrolling into view if needed
-     - done scrolling
-     - <div class="w-full">…</div> from <div data-portal="true" data-mantine-shared-portal-node="true">…</div> subtree intercepts pointer events
-   - retrying click action
-     - waiting 500ms

at com.microsoft.playwright.impl.WaitableResult.get(WaitableResult.java:52)
at com.microsoft.playwright.impl.ChannelOwner.runUntil(ChannelOwner.java:138)
at com.microsoft.playwright.impl.Connection.sendMessage(Connection.java:131)
at com.microsoft.playwright.impl.ChannelOwner.sendMessage(ChannelOwner.java:124)
at com.microsoft.playwright.impl.FrameImpl.clickImpl(FrameImpl.java:241)
at com.microsoft.playwright.impl.FrameImpl.click(FrameImpl.java:232)
at com.microsoft.playwright.impl.LocatorImpl.click(LocatorImpl.java:164)
at com.microsoft.playwright.Locator.click(Locator.java:2500)
at pages.AddFurnitureLeadPage.validateLeadWithAdditionalInfo(AddFurnitureLeadPage.java:244)
at tests.AddFurnitureLeadTest.addLeadForAdditionalFurnitureLeadTest(AddFurnitureLeadTest.java:173)
at java.base/jdk.internal.reflect.DirectMethodHandleAccessor.invoke(DirectMethodHandleAccessor.java:103)
at java.base/java.lang.reflect.Method.invoke(Method.java:580)
at org.testng.internal.invokers.MethodInvocationHelper.invokeMethod(MethodInvocationHelper.java:141)
at org.testng.internal.invokers.TestInvoker.invokeMethod(TestInvoker.java:687)
at org.testng.internal.invokers.TestInvoker.invokeTestMethod(TestInvoker.java:230)
at org.testng.internal.invokers.MethodRunner.runInSequence(MethodRunner.java:63)
at org.testng.internal.invokers.TestInvoker$MethodInvocationAgent.invoke(TestInvoker.java:995)
at org.testng.internal.invokers.TestInvoker.invokeTestMethods(TestInvoker.java:203)
at org.testng.internal.invokers.TestMethodWorker.invokeTestMethods(TestMethodWorker.java:154)
at org.testng.internal.invokers.TestMethodWorker.run(TestMethodWorker.java:134)
at java.base/java.util.ArrayList.forEach(ArrayList.java:1596)
at org.testng.TestRunner.privateRun(TestRunner.java:741)
at org.testng.TestRunner.run(TestRunner.java:616)
at org.testng.SuiteRunner.runTest(SuiteRunner.java:421)
at org.testng.SuiteRunner.runSequentially(SuiteRunner.java:413)
at org.testng.SuiteRunner.privateRun(SuiteRunner.java:373)
at org.testng.SuiteRunner.run(SuiteRunner.java:312)
at org.testng.SuiteRunnerWorker.runSuite(SuiteRunnerWorker.java:52)
at org.testng.SuiteRunnerWorker.run(SuiteRunnerWorker.java:95)
at org.testng.TestNG.runSuitesSequentially(TestNG.java:1274)
at org.testng.TestNG.runSuitesLocally(TestNG.java:1208)
at org.testng.TestNG.runSuites(TestNG.java:1112)
at org.testng.TestNG.run(TestNG.java:1079)
at org.testng.remote.AbstractRemoteTestNG.run(AbstractRemoteTestNG.java:115)
at org.testng.remote.RemoteTestNG.initAndRun(RemoteTestNG.java:293)
at org.testng.remote.RemoteTestNG.main(RemoteTestNG.java:91)
Caused by: com.microsoft.playwright.TimeoutError: Error {
  message='Timeout 30000ms exceeded.
  name='TimeoutError
  stack='TimeoutError: Timeout 30000ms exceeded.
    at ProgressController.run (/private/var/folders/1b/cqmvqvbd4sg1xvl1gc93cfyh0000gn/T/playwright-java-7524229160389361392/package/lib/server/progress.js:68:28)
    at FrameDispatcher._runCommand (/private/var/folders/1b/cqmvqvbd4sg1xvl1gc93cfyh0000gn/T/playwright-java-7524229160389361392/package/lib/server/dispatchers/dispatcher.js:95:31)
    at DispatcherConnection.dispatch (/private/var/folders/1b/cqmvqvbd4sg1xvl1gc93cfyh0000gn/T/playwright-java-7524229160389361392/package/lib/server/dispatchers/dispatcher.js:329:39)
}
Call log:
-   - waiting for locator("xpath=(//div[@aria-label='View details for Bhavna'])[1]")
-     - locator resolved to <div tabindex="0" role="button" aria-label="View details for Bhavna" class="bg-white rounded-xl transition-all cursor-pointer h-full p-4 shadow-sm hover:shadow-md border border-gray-200">…</div>
-   - attempting click action
-     - waiting for element to be visible, enabled and stable
-     - element is visible, enabled and stable
-     - scrolling into view if needed
-     - done scrolling
-     - <input type="text" placeholder="" class="custom-input " id="estimatedQuantity" name="estimatedQuantity" aria-label="Enter Estimated Quantity"/> from <div data-portal="true" data-mantine-shared-portal-node="true">…</div> subtree intercepts pointer events
-   - retrying click action
-     - waiting for element to be visible, enabled and stable
-     - element is visible, enabled and stable
-     - scrolling into view if needed
-     - done scrolling
-     - <form>…</form> from <div data-portal="true" data-mantine-shared-portal-node="true">…</div> subtree intercepts pointer events
-   - retrying click action
-     - waiting 20ms
-     - waiting for element to be visible, enabled and stable
-     - element is visible, enabled and stable
-     - scrolling into view if needed
-     - done scrolling
-     - <input type="text" placeholder="" id="companyName" name="companyName" class="custom-input " aria-label="Enter Company Name"/> from <div data-portal="true" data-mantine-shared-portal-node="true">…</div> subtree intercepts pointer events
-   2 × retrying click action
-       - waiting 100ms
-       - waiting for element to be visible, enabled and stable
-       - element is visible, enabled and stable
-       - scrolling into view if needed
-       - done scrolling
-       - <div class="w-full">…</div> from <div data-portal="true" data-mantine-shared-portal-node="true">…</div> subtree intercepts pointer events
-   13 × retrying click action
-        - waiting 500ms
-        - waiting for element to be visible, enabled and stable
-        - element is visible, enabled and stable
-        - scrolling into view if needed
-        - done scrolling
-        - <form>…</form> from <div data-portal="true" data-mantine-shared-portal-node="true">…</div> subtree intercepts pointer events
-      - retrying click action
-        - waiting 500ms
-        - waiting for element to be visible, enabled and stable
-        - element is visible, enabled and stable
-        - scrolling into view if needed
-        - done scrolling
-        - <input type="text" placeholder="" id="companyName" name="companyName" class="custom-input " aria-label="Enter Company Name"/> from <div data-portal="true" data-mantine-shared-portal-node="true">…</div> subtree intercepts pointer events
-      - retrying click action
-        - waiting 500ms
-        - waiting for element to be visible, enabled and stable
-        - element is visible, enabled and stable
-        - scrolling into view if needed
-        - done scrolling
-        - <div class="w-full">…</div> from <div data-portal="true" data-mantine-shared-portal-node="true">…</div> subtree intercepts pointer events
-      - retrying click action
-        - waiting 500ms
-        - waiting for element to be visible, enabled and stable
-        - element is visible, enabled and stable
-        - scrolling into view if needed
-        - done scrolling
-        - <div class="w-full">…</div> from <div data-portal="true" data-mantine-shared-portal-node="true">…</div> subtree intercepts pointer events
-   - retrying click action
-     - waiting 500ms
-     - waiting for element to be visible, enabled and stable
-     - element is visible, enabled and stable
-     - scrolling into view if needed
-     - done scrolling
-     - <form>…</form> from <div data-portal="true" data-mantine-shared-portal-node="true">…</div> subtree intercepts pointer events
-   - retrying click action
-     - waiting 500ms
-     - waiting for element to be visible, enabled and stable
-     - element is visible, enabled and stable
-     - scrolling into view if needed
-     - done scrolling
-     - <input type="text" placeholder="" id="companyName" name="companyName" class="custom-input " aria-label="Enter Company Name"/> from <div data-portal="true" data-mantine-shared-portal-node="true">…</div> subtree intercepts pointer events
-   - retrying click action
-     - waiting 500ms
-     - waiting for element to be visible, enabled and stable
-     - element is visible, enabled and stable
-     - scrolling into view if needed
-     - done scrolling
-     - <div class="w-full">…</div> from <div data-portal="true" data-mantine-shared-portal-node="true">…</div> subtree intercepts pointer events
-   - retrying click action
-     - waiting 500ms

at com.microsoft.playwright.impl.Connection.dispatch(Connection.java:257)
at com.microsoft.playwright.impl.Connection.processOneMessage(Connection.java:214)
at com.microsoft.playwright.impl.ChannelOwner.runUntil(ChannelOwner.java:136)
... 34 more
]]>
    </error>
  </testcase> <!-- addLeadForAdditionalFurnitureLeadTest -->
  <testcase classname="tests.AddFurnitureLeadTest" name="addLeadForAdditionalFurnitureLeadTest" time="1.987">
    <skipped/>
  </testcase> <!-- addLeadForAdditionalFurnitureLeadTest -->
  <testcase classname="tests.AddFurnitureLeadTest" name="addLeadForAdditionalFurnitureLeadTest" time="10.553"/>
  <testcase classname="tests.AddFurnitureLeadTest" name="addLeadForAdditionalFurnitureLeadTest" time="9.379">
    <failure message="Full name mismatch. Expected: Rina Joshi, Got: Viren Raval" type="java.lang.AssertionError">
      <![CDATA[java.lang.AssertionError: Full name mismatch. Expected: Rina Joshi, Got: Viren Raval
at pages.AddFurnitureLeadPage.validateLeadWithAdditionalInfo(AddFurnitureLeadPage.java:270)
at tests.AddFurnitureLeadTest.addLeadForAdditionalFurnitureLeadTest(AddFurnitureLeadTest.java:173)
at java.base/jdk.internal.reflect.DirectMethodHandleAccessor.invoke(DirectMethodHandleAccessor.java:103)
at java.base/java.lang.reflect.Method.invoke(Method.java:580)
at org.testng.internal.invokers.MethodInvocationHelper.invokeMethod(MethodInvocationHelper.java:141)
at org.testng.internal.invokers.TestInvoker.invokeMethod(TestInvoker.java:687)
at org.testng.internal.invokers.TestInvoker.invokeTestMethod(TestInvoker.java:230)
at org.testng.internal.invokers.MethodRunner.runInSequence(MethodRunner.java:63)
at org.testng.internal.invokers.TestInvoker$MethodInvocationAgent.invoke(TestInvoker.java:995)
at org.testng.internal.invokers.TestInvoker.invokeTestMethods(TestInvoker.java:203)
at org.testng.internal.invokers.TestMethodWorker.invokeTestMethods(TestMethodWorker.java:154)
at org.testng.internal.invokers.TestMethodWorker.run(TestMethodWorker.java:134)
at java.base/java.util.ArrayList.forEach(ArrayList.java:1596)
at org.testng.TestRunner.privateRun(TestRunner.java:741)
at org.testng.TestRunner.run(TestRunner.java:616)
at org.testng.SuiteRunner.runTest(SuiteRunner.java:421)
at org.testng.SuiteRunner.runSequentially(SuiteRunner.java:413)
at org.testng.SuiteRunner.privateRun(SuiteRunner.java:373)
at org.testng.SuiteRunner.run(SuiteRunner.java:312)
at org.testng.SuiteRunnerWorker.runSuite(SuiteRunnerWorker.java:52)
at org.testng.SuiteRunnerWorker.run(SuiteRunnerWorker.java:95)
at org.testng.TestNG.runSuitesSequentially(TestNG.java:1274)
at org.testng.TestNG.runSuitesLocally(TestNG.java:1208)
at org.testng.TestNG.runSuites(TestNG.java:1112)
at org.testng.TestNG.run(TestNG.java:1079)
at org.testng.remote.AbstractRemoteTestNG.run(AbstractRemoteTestNG.java:115)
at org.testng.remote.RemoteTestNG.initAndRun(RemoteTestNG.java:293)
at org.testng.remote.RemoteTestNG.main(RemoteTestNG.java:91)
]]>
    </failure>
  </testcase> <!-- addLeadForAdditionalFurnitureLeadTest -->
  <testcase classname="tests.AddFurnitureLeadTest" name="addLeadForAdditionalFurnitureLeadTest" time="1.987">
    <skipped/>
  </testcase> <!-- addLeadForAdditionalFurnitureLeadTest -->
  <testcase classname="tests.AddFurnitureLeadTest" name="addLeadForAdditionalFurnitureLeadTest" time="10.586"/>
  <testcase classname="tests.AddFurnitureLeadTest" name="addLeadForAdditionalFurnitureLeadTest" time="11.477">
    <failure message="Project mismatch. Expected: Godrej, Got: Stanley - SBC" type="java.lang.AssertionError">
      <![CDATA[java.lang.AssertionError: Project mismatch. Expected: Godrej, Got: Stanley - SBC
at pages.AddFurnitureLeadPage.validateLeadWithAdditionalInfo(AddFurnitureLeadPage.java:324)
at tests.AddFurnitureLeadTest.addLeadForAdditionalFurnitureLeadTest(AddFurnitureLeadTest.java:173)
at java.base/jdk.internal.reflect.DirectMethodHandleAccessor.invoke(DirectMethodHandleAccessor.java:103)
at java.base/java.lang.reflect.Method.invoke(Method.java:580)
at org.testng.internal.invokers.MethodInvocationHelper.invokeMethod(MethodInvocationHelper.java:141)
at org.testng.internal.invokers.TestInvoker.invokeMethod(TestInvoker.java:687)
at org.testng.internal.invokers.TestInvoker.invokeTestMethod(TestInvoker.java:230)
at org.testng.internal.invokers.MethodRunner.runInSequence(MethodRunner.java:63)
at org.testng.internal.invokers.TestInvoker$MethodInvocationAgent.invoke(TestInvoker.java:995)
at org.testng.internal.invokers.TestInvoker.invokeTestMethods(TestInvoker.java:203)
at org.testng.internal.invokers.TestMethodWorker.invokeTestMethods(TestMethodWorker.java:154)
at org.testng.internal.invokers.TestMethodWorker.run(TestMethodWorker.java:134)
at java.base/java.util.ArrayList.forEach(ArrayList.java:1596)
at org.testng.TestRunner.privateRun(TestRunner.java:741)
at org.testng.TestRunner.run(TestRunner.java:616)
at org.testng.SuiteRunner.runTest(SuiteRunner.java:421)
at org.testng.SuiteRunner.runSequentially(SuiteRunner.java:413)
at org.testng.SuiteRunner.privateRun(SuiteRunner.java:373)
at org.testng.SuiteRunner.run(SuiteRunner.java:312)
at org.testng.SuiteRunnerWorker.runSuite(SuiteRunnerWorker.java:52)
at org.testng.SuiteRunnerWorker.run(SuiteRunnerWorker.java:95)
at org.testng.TestNG.runSuitesSequentially(TestNG.java:1274)
at org.testng.TestNG.runSuitesLocally(TestNG.java:1208)
at org.testng.TestNG.runSuites(TestNG.java:1112)
at org.testng.TestNG.run(TestNG.java:1079)
at org.testng.remote.AbstractRemoteTestNG.run(AbstractRemoteTestNG.java:115)
at org.testng.remote.RemoteTestNG.initAndRun(RemoteTestNG.java:293)
at org.testng.remote.RemoteTestNG.main(RemoteTestNG.java:91)
]]>
    </failure>
  </testcase> <!-- addLeadForAdditionalFurnitureLeadTest -->
  <testcase classname="tests.AddFurnitureLeadTest" name="addLeadForAdditionalFurnitureLeadTest" time="1.991">
    <skipped/>
  </testcase> <!-- addLeadForAdditionalFurnitureLeadTest -->
  <testcase classname="tests.AddFurnitureLeadTest" name="addLeadForAdditionalFurnitureLeadTest" time="1.992">
    <skipped/>
  </testcase> <!-- addLeadForAdditionalFurnitureLeadTest -->
  <testcase classname="tests.AddFurnitureLeadTest" name="addLeadForAdditionalFurnitureLeadTest" time="10.428"/>
  <testcase classname="tests.AddFurnitureLeadTest" name="addLeadForAdditionalFurnitureLeadTest" time="10.500"/>
  <testcase classname="tests.AddFurnitureLeadTest" name="addLeadForAdditionalFurnitureLeadTest" time="11.580"/>
  <testcase classname="tests.AddFurnitureLeadTest" name="addLeadForAdditionalFurnitureLeadTest" time="1.958">
    <skipped/>
  </testcase> <!-- addLeadForAdditionalFurnitureLeadTest -->
  <testcase classname="tests.AddFurnitureLeadTest" name="addLeadForAdditionalFurnitureLeadTest" time="2.003">
    <skipped/>
  </testcase> <!-- addLeadForAdditionalFurnitureLeadTest -->
  <testcase classname="tests.AddFurnitureLeadTest" name="addLeadForAdditionalFurnitureLeadTest" time="1.981">
    <skipped/>
  </testcase> <!-- addLeadForAdditionalFurnitureLeadTest -->
  <testcase classname="tests.AddFurnitureLeadTest" name="addLeadForAdditionalFurnitureLeadTest" time="35.451">
    <error message="Error {
  message=&#039;Timeout 30000ms exceeded.
  name=&#039;TimeoutError
  stack=&#039;TimeoutError: Timeout 30000ms exceeded.
    at ProgressController.run (/private/var/folders/1b/cqmvqvbd4sg1xvl1gc93cfyh0000gn/T/playwright-java-7524229160389361392/package/lib/server/progress.js:68:28)
    at FrameDispatcher._runCommand (/private/var/folders/1b/cqmvqvbd4sg1xvl1gc93cfyh0000gn/T/playwright-java-7524229160389361392/package/lib/server/dispatchers/dispatcher.js:95:31)
    at DispatcherConnection.dispatch (/private/var/folders/1b/cqmvqvbd4sg1xvl1gc93cfyh0000gn/T/playwright-java-7524229160389361392/package/lib/server/dispatchers/dispatcher.js:329:39)
}
Call log:
-   - waiting for locator(&quot;#category&quot;)
-     - locator resolved to &lt;select id=&quot;category&quot; name=&quot;category&quot; class=&quot;custom-input &quot; aria-label=&quot;Select Product Category&quot;&gt;…&lt;/select&gt;
-   - attempting select option action
-     2 × waiting for element to be visible and enabled
-       - did not find some options
-     - retrying select option action
-     - waiting 20ms
-     2 × waiting for element to be visible and enabled
-       - did not find some options
-     - retrying select option action
-       - waiting 100ms
-     60 × waiting for element to be visible and enabled
-        - did not find some options
-      - retrying select option action
-        - waiting 500ms
" type="com.microsoft.playwright.TimeoutError">
      <![CDATA[com.microsoft.playwright.TimeoutError: Error {
  message='Timeout 30000ms exceeded.
  name='TimeoutError
  stack='TimeoutError: Timeout 30000ms exceeded.
    at ProgressController.run (/private/var/folders/1b/cqmvqvbd4sg1xvl1gc93cfyh0000gn/T/playwright-java-7524229160389361392/package/lib/server/progress.js:68:28)
    at FrameDispatcher._runCommand (/private/var/folders/1b/cqmvqvbd4sg1xvl1gc93cfyh0000gn/T/playwright-java-7524229160389361392/package/lib/server/dispatchers/dispatcher.js:95:31)
    at DispatcherConnection.dispatch (/private/var/folders/1b/cqmvqvbd4sg1xvl1gc93cfyh0000gn/T/playwright-java-7524229160389361392/package/lib/server/dispatchers/dispatcher.js:329:39)
}
Call log:
-   - waiting for locator("#category")
-     - locator resolved to <select id="category" name="category" class="custom-input " aria-label="Select Product Category">…</select>
-   - attempting select option action
-     2 × waiting for element to be visible and enabled
-       - did not find some options
-     - retrying select option action
-     - waiting 20ms
-     2 × waiting for element to be visible and enabled
-       - did not find some options
-     - retrying select option action
-       - waiting 100ms
-     60 × waiting for element to be visible and enabled
-        - did not find some options
-      - retrying select option action
-        - waiting 500ms

at com.microsoft.playwright.impl.WaitableResult.get(WaitableResult.java:52)
at com.microsoft.playwright.impl.ChannelOwner.runUntil(ChannelOwner.java:138)
at com.microsoft.playwright.impl.Connection.sendMessage(Connection.java:131)
at com.microsoft.playwright.impl.ChannelOwner.sendMessage(ChannelOwner.java:124)
at com.microsoft.playwright.impl.FrameImpl.selectOption(FrameImpl.java:678)
at com.microsoft.playwright.impl.FrameImpl.selectOptionImpl(FrameImpl.java:645)
at com.microsoft.playwright.impl.PageImpl.selectOption(PageImpl.java:1183)
at com.microsoft.playwright.impl.PageImpl.selectOption(PageImpl.java:1150)
at com.microsoft.playwright.Page.selectOption(Page.java:6958)
at pages.AddFurnitureLeadPage.addLeadBasic(AddFurnitureLeadPage.java:396)
at pages.AddFurnitureLeadPage.addLeadWithAdditional(AddFurnitureLeadPage.java:205)
at tests.AddFurnitureLeadTest.addLeadForAdditionalFurnitureLeadTest(AddFurnitureLeadTest.java:168)
at java.base/jdk.internal.reflect.DirectMethodHandleAccessor.invoke(DirectMethodHandleAccessor.java:103)
at java.base/java.lang.reflect.Method.invoke(Method.java:580)
at org.testng.internal.invokers.MethodInvocationHelper.invokeMethod(MethodInvocationHelper.java:141)
at org.testng.internal.invokers.TestInvoker.invokeMethod(TestInvoker.java:687)
at org.testng.internal.invokers.TestInvoker.invokeTestMethod(TestInvoker.java:230)
at org.testng.internal.invokers.MethodRunner.runInSequence(MethodRunner.java:63)
at org.testng.internal.invokers.TestInvoker$MethodInvocationAgent.invoke(TestInvoker.java:995)
at org.testng.internal.invokers.TestInvoker.invokeTestMethods(TestInvoker.java:203)
at org.testng.internal.invokers.TestMethodWorker.invokeTestMethods(TestMethodWorker.java:154)
at org.testng.internal.invokers.TestMethodWorker.run(TestMethodWorker.java:134)
at java.base/java.util.ArrayList.forEach(ArrayList.java:1596)
at org.testng.TestRunner.privateRun(TestRunner.java:741)
at org.testng.TestRunner.run(TestRunner.java:616)
at org.testng.SuiteRunner.runTest(SuiteRunner.java:421)
at org.testng.SuiteRunner.runSequentially(SuiteRunner.java:413)
at org.testng.SuiteRunner.privateRun(SuiteRunner.java:373)
at org.testng.SuiteRunner.run(SuiteRunner.java:312)
at org.testng.SuiteRunnerWorker.runSuite(SuiteRunnerWorker.java:52)
at org.testng.SuiteRunnerWorker.run(SuiteRunnerWorker.java:95)
at org.testng.TestNG.runSuitesSequentially(TestNG.java:1274)
at org.testng.TestNG.runSuitesLocally(TestNG.java:1208)
at org.testng.TestNG.runSuites(TestNG.java:1112)
at org.testng.TestNG.run(TestNG.java:1079)
at org.testng.remote.AbstractRemoteTestNG.run(AbstractRemoteTestNG.java:115)
at org.testng.remote.RemoteTestNG.initAndRun(RemoteTestNG.java:293)
at org.testng.remote.RemoteTestNG.main(RemoteTestNG.java:91)
Caused by: com.microsoft.playwright.TimeoutError: Error {
  message='Timeout 30000ms exceeded.
  name='TimeoutError
  stack='TimeoutError: Timeout 30000ms exceeded.
    at ProgressController.run (/private/var/folders/1b/cqmvqvbd4sg1xvl1gc93cfyh0000gn/T/playwright-java-7524229160389361392/package/lib/server/progress.js:68:28)
    at FrameDispatcher._runCommand (/private/var/folders/1b/cqmvqvbd4sg1xvl1gc93cfyh0000gn/T/playwright-java-7524229160389361392/package/lib/server/dispatchers/dispatcher.js:95:31)
    at DispatcherConnection.dispatch (/private/var/folders/1b/cqmvqvbd4sg1xvl1gc93cfyh0000gn/T/playwright-java-7524229160389361392/package/lib/server/dispatchers/dispatcher.js:329:39)
}
Call log:
-   - waiting for locator("#category")
-     - locator resolved to <select id="category" name="category" class="custom-input " aria-label="Select Product Category">…</select>
-   - attempting select option action
-     2 × waiting for element to be visible and enabled
-       - did not find some options
-     - retrying select option action
-     - waiting 20ms
-     2 × waiting for element to be visible and enabled
-       - did not find some options
-     - retrying select option action
-       - waiting 100ms
-     60 × waiting for element to be visible and enabled
-        - did not find some options
-      - retrying select option action
-        - waiting 500ms

at com.microsoft.playwright.impl.Connection.dispatch(Connection.java:257)
at com.microsoft.playwright.impl.Connection.processOneMessage(Connection.java:214)
at com.microsoft.playwright.impl.ChannelOwner.runUntil(ChannelOwner.java:136)
... 36 more
]]>
    </error>
  </testcase> <!-- addLeadForAdditionalFurnitureLeadTest -->
  <testcase classname="tests.AddFurnitureLeadTest" name="addLeadForAdditionalFurnitureLeadTest" time="11.302"/>
  <testcase classname="tests.AddFurnitureLeadTest" name="addLeadForAdditionalFurnitureLeadTest" time="9.943"/>
  <testcase classname="tests.AddFurnitureLeadTest" name="addLeadForAdditionalFurnitureLeadTest" time="10.536"/>
  <testcase classname="tests.AddFurnitureLeadTest" name="addLeadForAdditionalFurnitureLeadTest" time="8.615"/>
  <testcase classname="tests.AddFurnitureLeadTest" name="addLeadForAdditionalFurnitureLeadTest" time="11.123"/>
  <testcase classname="tests.AddFurnitureLeadTest" name="addLeadForAdditionalFurnitureLeadTest" time="2.001">
    <skipped/>
  </testcase> <!-- addLeadForAdditionalFurnitureLeadTest -->
  <testcase classname="tests.AddFurnitureLeadTest" name="addLeadForAdditionalFurnitureLeadTest" time="10.404"/>
  <testcase classname="tests.AddFurnitureLeadTest" name="addLeadForAdditionalFurnitureLeadTest" time="11.437"/>
  <testcase classname="tests.AddFurnitureLeadTest" name="addLeadForAdditionalFurnitureLeadTest" time="2.003">
    <skipped/>
  </testcase> <!-- addLeadForAdditionalFurnitureLeadTest -->
  <testcase classname="tests.AddFurnitureLeadTest" name="addLeadForAdditionalFurnitureLeadTest" time="1.986">
    <skipped/>
  </testcase> <!-- addLeadForAdditionalFurnitureLeadTest -->
  <testcase classname="tests.AddFurnitureLeadTest" name="addLeadForAdditionalFurnitureLeadTest" time="8.544"/>
  <testcase classname="tests.AddFurnitureLeadTest" name="addLeadForAdditionalFurnitureLeadTest" time="1.992">
    <skipped/>
  </testcase> <!-- addLeadForAdditionalFurnitureLeadTest -->
  <testcase classname="tests.AddFurnitureLeadTest" name="addLeadForAdditionalFurnitureLeadTest" time="11.059"/>
  <testcase classname="tests.AddFurnitureLeadTest" name="addLeadForAdditionalFurnitureLeadTest" time="1.989">
    <skipped/>
  </testcase> <!-- addLeadForAdditionalFurnitureLeadTest -->
  <testcase classname="tests.AddFurnitureLeadTest" name="addLeadForAdditionalFurnitureLeadTest" time="1.987">
    <skipped/>
  </testcase> <!-- addLeadForAdditionalFurnitureLeadTest -->
  <testcase classname="tests.AddFurnitureLeadTest" name="addLeadForAdditionalFurnitureLeadTest" time="1.993">
    <skipped/>
  </testcase> <!-- addLeadForAdditionalFurnitureLeadTest -->
  <testcase classname="tests.AddFurnitureLeadTest" name="addLeadForAdditionalFurnitureLeadTest" time="9.361">
    <failure message="Full name mismatch. Expected: Neha Chaudhary, Got: Bhavna Raval" type="java.lang.AssertionError">
      <![CDATA[java.lang.AssertionError: Full name mismatch. Expected: Neha Chaudhary, Got: Bhavna Raval
at pages.AddFurnitureLeadPage.validateLeadWithAdditionalInfo(AddFurnitureLeadPage.java:270)
at tests.AddFurnitureLeadTest.addLeadForAdditionalFurnitureLeadTest(AddFurnitureLeadTest.java:173)
at java.base/jdk.internal.reflect.DirectMethodHandleAccessor.invoke(DirectMethodHandleAccessor.java:103)
at java.base/java.lang.reflect.Method.invoke(Method.java:580)
at org.testng.internal.invokers.MethodInvocationHelper.invokeMethod(MethodInvocationHelper.java:141)
at org.testng.internal.invokers.TestInvoker.invokeMethod(TestInvoker.java:687)
at org.testng.internal.invokers.TestInvoker.invokeTestMethod(TestInvoker.java:230)
at org.testng.internal.invokers.MethodRunner.runInSequence(MethodRunner.java:63)
at org.testng.internal.invokers.TestInvoker$MethodInvocationAgent.invoke(TestInvoker.java:995)
at org.testng.internal.invokers.TestInvoker.invokeTestMethods(TestInvoker.java:203)
at org.testng.internal.invokers.TestMethodWorker.invokeTestMethods(TestMethodWorker.java:154)
at org.testng.internal.invokers.TestMethodWorker.run(TestMethodWorker.java:134)
at java.base/java.util.ArrayList.forEach(ArrayList.java:1596)
at org.testng.TestRunner.privateRun(TestRunner.java:741)
at org.testng.TestRunner.run(TestRunner.java:616)
at org.testng.SuiteRunner.runTest(SuiteRunner.java:421)
at org.testng.SuiteRunner.runSequentially(SuiteRunner.java:413)
at org.testng.SuiteRunner.privateRun(SuiteRunner.java:373)
at org.testng.SuiteRunner.run(SuiteRunner.java:312)
at org.testng.SuiteRunnerWorker.runSuite(SuiteRunnerWorker.java:52)
at org.testng.SuiteRunnerWorker.run(SuiteRunnerWorker.java:95)
at org.testng.TestNG.runSuitesSequentially(TestNG.java:1274)
at org.testng.TestNG.runSuitesLocally(TestNG.java:1208)
at org.testng.TestNG.runSuites(TestNG.java:1112)
at org.testng.TestNG.run(TestNG.java:1079)
at org.testng.remote.AbstractRemoteTestNG.run(AbstractRemoteTestNG.java:115)
at org.testng.remote.RemoteTestNG.initAndRun(RemoteTestNG.java:293)
at org.testng.remote.RemoteTestNG.main(RemoteTestNG.java:91)
]]>
    </failure>
  </testcase> <!-- addLeadForAdditionalFurnitureLeadTest -->
  <testcase classname="tests.AddFurnitureLeadTest" name="addLeadForAdditionalFurnitureLeadTest" time="2.002">
    <skipped/>
  </testcase> <!-- addLeadForAdditionalFurnitureLeadTest -->
  <testcase classname="tests.AddFurnitureLeadTest" name="addLeadForAdditionalFurnitureLeadTest" time="8.615"/>
  <testcase classname="tests.AddFurnitureLeadTest" name="addLeadForAdditionalFurnitureLeadTest" time="1.989">
    <skipped/>
  </testcase> <!-- addLeadForAdditionalFurnitureLeadTest -->
  <testcase classname="tests.AddFurnitureLeadTest" name="addLeadForAdditionalFurnitureLeadTest" time="10.606"/>
  <testcase classname="tests.AddFurnitureLeadTest" name="addLeadForAdditionalFurnitureLeadTest" time="1.967">
    <skipped/>
  </testcase> <!-- addLeadForAdditionalFurnitureLeadTest -->
  <testcase classname="tests.AddFurnitureLeadTest" name="addLeadForAdditionalFurnitureLeadTest" time="1.048">
    <skipped/>
  </testcase> <!-- addLeadForAdditionalFurnitureLeadTest -->
  <testcase classname="tests.AddFurnitureLeadTest" name="addLeadForAdditionalFurnitureLeadTest" time="1.975">
    <skipped/>
  </testcase> <!-- addLeadForAdditionalFurnitureLeadTest -->
  <testcase classname="tests.AddFurnitureLeadTest" name="addLeadForAdditionalFurnitureLeadTest" time="2.004">
    <skipped/>
  </testcase> <!-- addLeadForAdditionalFurnitureLeadTest -->
  <testcase classname="tests.AddFurnitureLeadTest" name="addLeadForAdditionalFurnitureLeadTest" time="1.989">
    <skipped/>
  </testcase> <!-- addLeadForAdditionalFurnitureLeadTest -->
  <testcase classname="tests.AddFurnitureLeadTest" name="addLeadForAdditionalFurnitureLeadTest" time="10.552"/>
  <testcase classname="tests.AddFurnitureLeadTest" name="addLeadForAdditionalFurnitureLeadTest" time="10.426"/>
  <testcase classname="tests.AddFurnitureLeadTest" name="addLeadForAdditionalFurnitureLeadTest" time="10.662"/>
  <testcase classname="tests.AddFurnitureLeadTest" name="addLeadForAdditionalFurnitureLeadTest" time="1.040">
    <skipped/>
  </testcase> <!-- addLeadForAdditionalFurnitureLeadTest -->
  <testcase classname="tests.AddFurnitureLeadTest" name="addLeadForAdditionalFurnitureLeadTest" time="10.640"/>
  <testcase classname="tests.AddFurnitureLeadTest" name="addLeadForAdditionalFurnitureLeadTest" time="1.991">
    <skipped/>
  </testcase> <!-- addLeadForAdditionalFurnitureLeadTest -->
  <testcase classname="tests.AddFurnitureLeadTest" name="addLeadForAdditionalFurnitureLeadTest" time="10.563"/>
  <testcase classname="tests.AddFurnitureLeadTest" name="addLeadForAdditionalFurnitureLeadTest" time="1.997">
    <skipped/>
  </testcase> <!-- addLeadForAdditionalFurnitureLeadTest -->
  <testcase classname="tests.AddFurnitureLeadTest" name="addLeadForAdditionalFurnitureLeadTest" time="12.167"/>
  <testcase classname="tests.AddFurnitureLeadTest" name="addLeadForAdditionalFurnitureLeadTest" time="0.033">
    <skipped/>
  </testcase> <!-- addLeadForAdditionalFurnitureLeadTest -->
  <testcase classname="tests.AddFurnitureLeadTest" name="addLeadForAdditionalFurnitureLeadTest" time="10.636"/>
  <testcase classname="tests.AddFurnitureLeadTest" name="addLeadForAdditionalFurnitureLeadTest" time="2.009">
    <skipped/>
  </testcase> <!-- addLeadForAdditionalFurnitureLeadTest -->
  <testcase classname="tests.AddFurnitureLeadTest" name="addLeadForAdditionalFurnitureLeadTest" time="9.585"/>
  <testcase classname="tests.AddFurnitureLeadTest" name="addLeadForAdditionalFurnitureLeadTest" time="1.990">
    <skipped/>
  </testcase> <!-- addLeadForAdditionalFurnitureLeadTest -->
  <testcase classname="tests.AddFurnitureLeadTest" name="addLeadForAdditionalFurnitureLeadTest" time="8.688"/>
  <testcase classname="tests.AddFurnitureLeadTest" name="addLeadForAdditionalFurnitureLeadTest" time="9.982"/>
  <testcase classname="tests.AddFurnitureLeadTest" name="addLeadForAdditionalFurnitureLeadTest" time="1.986">
    <skipped/>
  </testcase> <!-- addLeadForAdditionalFurnitureLeadTest -->
  <testcase classname="tests.AddFurnitureLeadTest" name="addLeadForAdditionalFurnitureLeadTest" time="0.033">
    <skipped/>
  </testcase> <!-- addLeadForAdditionalFurnitureLeadTest -->
  <testcase classname="tests.AddFurnitureLeadTest" name="addLeadForAdditionalFurnitureLeadTest" time="1.998">
    <skipped/>
  </testcase> <!-- addLeadForAdditionalFurnitureLeadTest -->
  <testcase classname="tests.AddFurnitureLeadTest" name="addLeadForAdditionalFurnitureLeadTest" time="0.046">
    <skipped/>
  </testcase> <!-- addLeadForAdditionalFurnitureLeadTest -->
  <testcase classname="tests.AddFurnitureLeadTest" name="addLeadForAdditionalFurnitureLeadTest" time="10.556"/>
  <testcase classname="tests.AddFurnitureLeadTest" name="addLeadForAdditionalFurnitureLeadTest" time="10.560"/>
  <testcase classname="tests.AddFurnitureLeadTest" name="addLeadForAdditionalFurnitureLeadTest" time="231.507">
    <error message="Error {
  message=&#039;Timeout 30000ms exceeded.
  name=&#039;TimeoutError
  stack=&#039;TimeoutError: Timeout 30000ms exceeded.
    at ProgressController.run (/private/var/folders/1b/cqmvqvbd4sg1xvl1gc93cfyh0000gn/T/playwright-java-7524229160389361392/package/lib/server/progress.js:68:28)
    at FrameDispatcher._runCommand (/private/var/folders/1b/cqmvqvbd4sg1xvl1gc93cfyh0000gn/T/playwright-java-7524229160389361392/package/lib/server/dispatchers/dispatcher.js:95:31)
    at DispatcherConnection.dispatch (/private/var/folders/1b/cqmvqvbd4sg1xvl1gc93cfyh0000gn/T/playwright-java-7524229160389361392/package/lib/server/dispatchers/dispatcher.js:329:39)
}
Call log:
-   - waiting for locator(&quot;xpath=(//div[@aria-label=&#039;View details for Sonal&#039;])[1]&quot;)
-     - locator resolved to &lt;div tabindex=&quot;0&quot; role=&quot;button&quot; aria-label=&quot;View details for Sonal&quot; class=&quot;bg-white rounded-xl transition-all cursor-pointer h-full p-4 shadow-sm hover:shadow-md border border-gray-200&quot;&gt;…&lt;/div&gt;
-   - attempting click action
-     - waiting for element to be visible, enabled and stable
" type="com.microsoft.playwright.TimeoutError">
      <![CDATA[com.microsoft.playwright.TimeoutError: Error {
  message='Timeout 30000ms exceeded.
  name='TimeoutError
  stack='TimeoutError: Timeout 30000ms exceeded.
    at ProgressController.run (/private/var/folders/1b/cqmvqvbd4sg1xvl1gc93cfyh0000gn/T/playwright-java-7524229160389361392/package/lib/server/progress.js:68:28)
    at FrameDispatcher._runCommand (/private/var/folders/1b/cqmvqvbd4sg1xvl1gc93cfyh0000gn/T/playwright-java-7524229160389361392/package/lib/server/dispatchers/dispatcher.js:95:31)
    at DispatcherConnection.dispatch (/private/var/folders/1b/cqmvqvbd4sg1xvl1gc93cfyh0000gn/T/playwright-java-7524229160389361392/package/lib/server/dispatchers/dispatcher.js:329:39)
}
Call log:
-   - waiting for locator("xpath=(//div[@aria-label='View details for Sonal'])[1]")
-     - locator resolved to <div tabindex="0" role="button" aria-label="View details for Sonal" class="bg-white rounded-xl transition-all cursor-pointer h-full p-4 shadow-sm hover:shadow-md border border-gray-200">…</div>
-   - attempting click action
-     - waiting for element to be visible, enabled and stable

at com.microsoft.playwright.impl.WaitableResult.get(WaitableResult.java:52)
at com.microsoft.playwright.impl.ChannelOwner.runUntil(ChannelOwner.java:138)
at com.microsoft.playwright.impl.Connection.sendMessage(Connection.java:131)
at com.microsoft.playwright.impl.ChannelOwner.sendMessage(ChannelOwner.java:124)
at com.microsoft.playwright.impl.FrameImpl.clickImpl(FrameImpl.java:241)
at com.microsoft.playwright.impl.FrameImpl.click(FrameImpl.java:232)
at com.microsoft.playwright.impl.LocatorImpl.click(LocatorImpl.java:164)
at com.microsoft.playwright.Locator.click(Locator.java:2500)
at pages.AddFurnitureLeadPage.validateLeadWithAdditionalInfo(AddFurnitureLeadPage.java:244)
at tests.AddFurnitureLeadTest.addLeadForAdditionalFurnitureLeadTest(AddFurnitureLeadTest.java:173)
at java.base/jdk.internal.reflect.DirectMethodHandleAccessor.invoke(DirectMethodHandleAccessor.java:103)
at java.base/java.lang.reflect.Method.invoke(Method.java:580)
at org.testng.internal.invokers.MethodInvocationHelper.invokeMethod(MethodInvocationHelper.java:141)
at org.testng.internal.invokers.TestInvoker.invokeMethod(TestInvoker.java:687)
at org.testng.internal.invokers.TestInvoker.invokeTestMethod(TestInvoker.java:230)
at org.testng.internal.invokers.MethodRunner.runInSequence(MethodRunner.java:63)
at org.testng.internal.invokers.TestInvoker$MethodInvocationAgent.invoke(TestInvoker.java:995)
at org.testng.internal.invokers.TestInvoker.invokeTestMethods(TestInvoker.java:203)
at org.testng.internal.invokers.TestMethodWorker.invokeTestMethods(TestMethodWorker.java:154)
at org.testng.internal.invokers.TestMethodWorker.run(TestMethodWorker.java:134)
at java.base/java.util.ArrayList.forEach(ArrayList.java:1596)
at org.testng.TestRunner.privateRun(TestRunner.java:741)
at org.testng.TestRunner.run(TestRunner.java:616)
at org.testng.SuiteRunner.runTest(SuiteRunner.java:421)
at org.testng.SuiteRunner.runSequentially(SuiteRunner.java:413)
at org.testng.SuiteRunner.privateRun(SuiteRunner.java:373)
at org.testng.SuiteRunner.run(SuiteRunner.java:312)
at org.testng.SuiteRunnerWorker.runSuite(SuiteRunnerWorker.java:52)
at org.testng.SuiteRunnerWorker.run(SuiteRunnerWorker.java:95)
at org.testng.TestNG.runSuitesSequentially(TestNG.java:1274)
at org.testng.TestNG.runSuitesLocally(TestNG.java:1208)
at org.testng.TestNG.runSuites(TestNG.java:1112)
at org.testng.TestNG.run(TestNG.java:1079)
at org.testng.remote.AbstractRemoteTestNG.run(AbstractRemoteTestNG.java:115)
at org.testng.remote.RemoteTestNG.initAndRun(RemoteTestNG.java:293)
at org.testng.remote.RemoteTestNG.main(RemoteTestNG.java:91)
Caused by: com.microsoft.playwright.TimeoutError: Error {
  message='Timeout 30000ms exceeded.
  name='TimeoutError
  stack='TimeoutError: Timeout 30000ms exceeded.
    at ProgressController.run (/private/var/folders/1b/cqmvqvbd4sg1xvl1gc93cfyh0000gn/T/playwright-java-7524229160389361392/package/lib/server/progress.js:68:28)
    at FrameDispatcher._runCommand (/private/var/folders/1b/cqmvqvbd4sg1xvl1gc93cfyh0000gn/T/playwright-java-7524229160389361392/package/lib/server/dispatchers/dispatcher.js:95:31)
    at DispatcherConnection.dispatch (/private/var/folders/1b/cqmvqvbd4sg1xvl1gc93cfyh0000gn/T/playwright-java-7524229160389361392/package/lib/server/dispatchers/dispatcher.js:329:39)
}
Call log:
-   - waiting for locator("xpath=(//div[@aria-label='View details for Sonal'])[1]")
-     - locator resolved to <div tabindex="0" role="button" aria-label="View details for Sonal" class="bg-white rounded-xl transition-all cursor-pointer h-full p-4 shadow-sm hover:shadow-md border border-gray-200">…</div>
-   - attempting click action
-     - waiting for element to be visible, enabled and stable

at com.microsoft.playwright.impl.Connection.dispatch(Connection.java:257)
at com.microsoft.playwright.impl.Connection.processOneMessage(Connection.java:214)
at com.microsoft.playwright.impl.ChannelOwner.runUntil(ChannelOwner.java:136)
... 34 more
]]>
    </error>
  </testcase> <!-- addLeadForAdditionalFurnitureLeadTest -->
  <testcase classname="tests.AddFurnitureLeadTest" name="addLeadForAdditionalFurnitureLeadTest" time="1.985">
    <skipped/>
  </testcase> <!-- addLeadForAdditionalFurnitureLeadTest -->
  <testcase classname="tests.AddFurnitureLeadTest" name="addLeadForAdditionalFurnitureLeadTest" time="1.991">
    <skipped/>
  </testcase> <!-- addLeadForAdditionalFurnitureLeadTest -->
  <testcase classname="tests.AddFurnitureLeadTest" name="addLeadForAdditionalFurnitureLeadTest" time="8.569"/>
  <testcase classname="tests.AddFurnitureLeadTest" name="addLeadForAdditionalFurnitureLeadTest" time="0.043">
    <skipped/>
  </testcase> <!-- addLeadForAdditionalFurnitureLeadTest -->
  <testcase classname="tests.AddFurnitureLeadTest" name="addLeadForAdditionalFurnitureLeadTest" time="1.988">
    <skipped/>
  </testcase> <!-- addLeadForAdditionalFurnitureLeadTest -->
  <testcase classname="tests.AddFurnitureLeadTest" name="addLeadForAdditionalFurnitureLeadTest" time="2.003">
    <skipped/>
  </testcase> <!-- addLeadForAdditionalFurnitureLeadTest -->
  <testcase classname="tests.AddFurnitureLeadTest" name="addLeadForAdditionalFurnitureLeadTest" time="1.991">
    <skipped/>
  </testcase> <!-- addLeadForAdditionalFurnitureLeadTest -->
  <testcase classname="tests.AddFurnitureLeadTest" name="addLeadForAdditionalFurnitureLeadTest" time="10.413"/>
  <testcase classname="tests.AddFurnitureLeadTest" name="addLeadForAdditionalFurnitureLeadTest" time="1.045">
    <skipped/>
  </testcase> <!-- addLeadForAdditionalFurnitureLeadTest -->
  <testcase classname="tests.AddFurnitureLeadTest" name="addLeadForAdditionalFurnitureLeadTest" time="10.506"/>
  <testcase classname="tests.AddFurnitureLeadTest" name="addLeadForAdditionalFurnitureLeadTest" time="10.527"/>
  <testcase classname="tests.AddFurnitureLeadTest" name="addLeadForAdditionalFurnitureLeadTest" time="1.991">
    <skipped/>
  </testcase> <!-- addLeadForAdditionalFurnitureLeadTest -->
  <testcase classname="tests.AddFurnitureLeadTest" name="addLeadForAdditionalFurnitureLeadTest" time="10.521"/>
  <testcase classname="tests.AddFurnitureLeadTest" name="addLeadForAdditionalFurnitureLeadTest" time="0.026">
    <skipped/>
  </testcase> <!-- addLeadForAdditionalFurnitureLeadTest -->
  <testcase classname="tests.AddFurnitureLeadTest" name="addLeadForAdditionalFurnitureLeadTest" time="10.436"/>
  <testcase classname="tests.AddFurnitureLeadTest" name="addLeadForAdditionalFurnitureLeadTest" time="1.954">
    <skipped/>
  </testcase> <!-- addLeadForAdditionalFurnitureLeadTest -->
  <testcase classname="tests.AddFurnitureLeadTest" name="addLeadForAdditionalFurnitureLeadTest" time="0.059">
    <skipped/>
  </testcase> <!-- addLeadForAdditionalFurnitureLeadTest -->
  <testcase classname="tests.AddFurnitureLeadTest" name="addLeadForAdditionalFurnitureLeadTest" time="1.045">
    <skipped/>
  </testcase> <!-- addLeadForAdditionalFurnitureLeadTest -->
  <testcase classname="tests.AddFurnitureLeadTest" name="addLeadForAdditionalFurnitureLeadTest" time="1.973">
    <skipped/>
  </testcase> <!-- addLeadForAdditionalFurnitureLeadTest -->
  <testcase classname="tests.AddFurnitureLeadTest" name="addLeadForAdditionalFurnitureLeadTest" time="10.576"/>
  <testcase classname="tests.AddFurnitureLeadTest" name="addLeadForAdditionalFurnitureLeadTest" time="10.656"/>
  <testcase classname="tests.AddFurnitureLeadTest" name="addLeadForAdditionalFurnitureLeadTest" time="1.990">
    <skipped/>
  </testcase> <!-- addLeadForAdditionalFurnitureLeadTest -->
  <testcase classname="tests.AddFurnitureLeadTest" name="addLeadForAdditionalFurnitureLeadTest" time="1.959">
    <skipped/>
  </testcase> <!-- addLeadForAdditionalFurnitureLeadTest -->
  <testcase classname="tests.AddFurnitureLeadTest" name="addLeadForAdditionalFurnitureLeadTest" time="1.979">
    <skipped/>
  </testcase> <!-- addLeadForAdditionalFurnitureLeadTest -->
  <testcase classname="tests.AddFurnitureLeadTest" name="addLeadForAdditionalFurnitureLeadTest" time="1.958">
    <skipped/>
  </testcase> <!-- addLeadForAdditionalFurnitureLeadTest -->
  <testcase classname="tests.AddFurnitureLeadTest" name="addLeadForAdditionalFurnitureLeadTest" time="1.989">
    <skipped/>
  </testcase> <!-- addLeadForAdditionalFurnitureLeadTest -->
  <testcase classname="tests.AddFurnitureLeadTest" name="addLeadForAdditionalFurnitureLeadTest" time="10.543"/>
  <testcase classname="tests.AddFurnitureLeadTest" name="addLeadForAdditionalFurnitureLeadTest" time="2.007">
    <skipped/>
  </testcase> <!-- addLeadForAdditionalFurnitureLeadTest -->
  <testcase classname="tests.AddFurnitureLeadTest" name="addLeadForAdditionalFurnitureLeadTest" time="1.956">
    <skipped/>
  </testcase> <!-- addLeadForAdditionalFurnitureLeadTest -->
  <testcase classname="tests.AddFurnitureLeadTest" name="addLeadForAdditionalFurnitureLeadTest" time="10.525"/>
  <testcase classname="tests.AddFurnitureLeadTest" name="addLeadForAdditionalFurnitureLeadTest" time="1.992">
    <skipped/>
  </testcase> <!-- addLeadForAdditionalFurnitureLeadTest -->
  <testcase classname="tests.AddFurnitureLeadTest" name="addLeadForAdditionalFurnitureLeadTest" time="8.600">
    <failure message="Full name mismatch. Expected: Bhavna Dave, Got: Viren Choksi" type="java.lang.AssertionError">
      <![CDATA[java.lang.AssertionError: Full name mismatch. Expected: Bhavna Dave, Got: Viren Choksi
at pages.AddFurnitureLeadPage.validateLeadWithAdditionalInfo(AddFurnitureLeadPage.java:270)
at tests.AddFurnitureLeadTest.addLeadForAdditionalFurnitureLeadTest(AddFurnitureLeadTest.java:173)
at java.base/jdk.internal.reflect.DirectMethodHandleAccessor.invoke(DirectMethodHandleAccessor.java:103)
at java.base/java.lang.reflect.Method.invoke(Method.java:580)
at org.testng.internal.invokers.MethodInvocationHelper.invokeMethod(MethodInvocationHelper.java:141)
at org.testng.internal.invokers.TestInvoker.invokeMethod(TestInvoker.java:687)
at org.testng.internal.invokers.TestInvoker.invokeTestMethod(TestInvoker.java:230)
at org.testng.internal.invokers.MethodRunner.runInSequence(MethodRunner.java:63)
at org.testng.internal.invokers.TestInvoker$MethodInvocationAgent.invoke(TestInvoker.java:995)
at org.testng.internal.invokers.TestInvoker.invokeTestMethods(TestInvoker.java:203)
at org.testng.internal.invokers.TestMethodWorker.invokeTestMethods(TestMethodWorker.java:154)
at org.testng.internal.invokers.TestMethodWorker.run(TestMethodWorker.java:134)
at java.base/java.util.ArrayList.forEach(ArrayList.java:1596)
at org.testng.TestRunner.privateRun(TestRunner.java:741)
at org.testng.TestRunner.run(TestRunner.java:616)
at org.testng.SuiteRunner.runTest(SuiteRunner.java:421)
at org.testng.SuiteRunner.runSequentially(SuiteRunner.java:413)
at org.testng.SuiteRunner.privateRun(SuiteRunner.java:373)
at org.testng.SuiteRunner.run(SuiteRunner.java:312)
at org.testng.SuiteRunnerWorker.runSuite(SuiteRunnerWorker.java:52)
at org.testng.SuiteRunnerWorker.run(SuiteRunnerWorker.java:95)
at org.testng.TestNG.runSuitesSequentially(TestNG.java:1274)
at org.testng.TestNG.runSuitesLocally(TestNG.java:1208)
at org.testng.TestNG.runSuites(TestNG.java:1112)
at org.testng.TestNG.run(TestNG.java:1079)
at org.testng.remote.AbstractRemoteTestNG.run(AbstractRemoteTestNG.java:115)
at org.testng.remote.RemoteTestNG.initAndRun(RemoteTestNG.java:293)
at org.testng.remote.RemoteTestNG.main(RemoteTestNG.java:91)
]]>
    </failure>
  </testcase> <!-- addLeadForAdditionalFurnitureLeadTest -->
  <testcase classname="tests.AddFurnitureLeadTest" name="addLeadForAdditionalFurnitureLeadTest" time="1.993">
    <skipped/>
  </testcase> <!-- addLeadForAdditionalFurnitureLeadTest -->
  <testcase classname="tests.AddFurnitureLeadTest" name="addLeadForAdditionalFurnitureLeadTest" time="1.974">
    <skipped/>
  </testcase> <!-- addLeadForAdditionalFurnitureLeadTest -->
  <testcase classname="tests.AddFurnitureLeadTest" name="addLeadForAdditionalFurnitureLeadTest" time="1.990">
    <skipped/>
  </testcase> <!-- addLeadForAdditionalFurnitureLeadTest -->
  <testcase classname="tests.AddFurnitureLeadTest" name="addLeadForAdditionalFurnitureLeadTest" time="1.974">
    <skipped/>
  </testcase> <!-- addLeadForAdditionalFurnitureLeadTest -->
  <testcase classname="tests.AddFurnitureLeadTest" name="addLeadForAdditionalFurnitureLeadTest" time="8.602"/>
  <testcase classname="tests.AddFurnitureLeadTest" name="addLeadForAdditionalFurnitureLeadTest" time="35.465">
    <error message="Error {
  message=&#039;Timeout 30000ms exceeded.
  name=&#039;TimeoutError
  stack=&#039;TimeoutError: Timeout 30000ms exceeded.
    at ProgressController.run (/private/var/folders/1b/cqmvqvbd4sg1xvl1gc93cfyh0000gn/T/playwright-java-7524229160389361392/package/lib/server/progress.js:68:28)
    at FrameDispatcher._runCommand (/private/var/folders/1b/cqmvqvbd4sg1xvl1gc93cfyh0000gn/T/playwright-java-7524229160389361392/package/lib/server/dispatchers/dispatcher.js:95:31)
    at DispatcherConnection.dispatch (/private/var/folders/1b/cqmvqvbd4sg1xvl1gc93cfyh0000gn/T/playwright-java-7524229160389361392/package/lib/server/dispatchers/dispatcher.js:329:39)
}
Call log:
-   - waiting for locator(&quot;#category&quot;)
-     - locator resolved to &lt;select id=&quot;category&quot; name=&quot;category&quot; class=&quot;custom-input &quot; aria-label=&quot;Select Product Category&quot;&gt;…&lt;/select&gt;
-   - attempting select option action
-     2 × waiting for element to be visible and enabled
-       - did not find some options
-     - retrying select option action
-     - waiting 20ms
-     2 × waiting for element to be visible and enabled
-       - did not find some options
-     - retrying select option action
-       - waiting 100ms
-     60 × waiting for element to be visible and enabled
-        - did not find some options
-      - retrying select option action
-        - waiting 500ms
" type="com.microsoft.playwright.TimeoutError">
      <![CDATA[com.microsoft.playwright.TimeoutError: Error {
  message='Timeout 30000ms exceeded.
  name='TimeoutError
  stack='TimeoutError: Timeout 30000ms exceeded.
    at ProgressController.run (/private/var/folders/1b/cqmvqvbd4sg1xvl1gc93cfyh0000gn/T/playwright-java-7524229160389361392/package/lib/server/progress.js:68:28)
    at FrameDispatcher._runCommand (/private/var/folders/1b/cqmvqvbd4sg1xvl1gc93cfyh0000gn/T/playwright-java-7524229160389361392/package/lib/server/dispatchers/dispatcher.js:95:31)
    at DispatcherConnection.dispatch (/private/var/folders/1b/cqmvqvbd4sg1xvl1gc93cfyh0000gn/T/playwright-java-7524229160389361392/package/lib/server/dispatchers/dispatcher.js:329:39)
}
Call log:
-   - waiting for locator("#category")
-     - locator resolved to <select id="category" name="category" class="custom-input " aria-label="Select Product Category">…</select>
-   - attempting select option action
-     2 × waiting for element to be visible and enabled
-       - did not find some options
-     - retrying select option action
-     - waiting 20ms
-     2 × waiting for element to be visible and enabled
-       - did not find some options
-     - retrying select option action
-       - waiting 100ms
-     60 × waiting for element to be visible and enabled
-        - did not find some options
-      - retrying select option action
-        - waiting 500ms

at com.microsoft.playwright.impl.WaitableResult.get(WaitableResult.java:52)
at com.microsoft.playwright.impl.ChannelOwner.runUntil(ChannelOwner.java:138)
at com.microsoft.playwright.impl.Connection.sendMessage(Connection.java:131)
at com.microsoft.playwright.impl.ChannelOwner.sendMessage(ChannelOwner.java:124)
at com.microsoft.playwright.impl.FrameImpl.selectOption(FrameImpl.java:678)
at com.microsoft.playwright.impl.FrameImpl.selectOptionImpl(FrameImpl.java:645)
at com.microsoft.playwright.impl.PageImpl.selectOption(PageImpl.java:1183)
at com.microsoft.playwright.impl.PageImpl.selectOption(PageImpl.java:1150)
at com.microsoft.playwright.Page.selectOption(Page.java:6958)
at pages.AddFurnitureLeadPage.addLeadBasic(AddFurnitureLeadPage.java:396)
at pages.AddFurnitureLeadPage.addLeadWithAdditional(AddFurnitureLeadPage.java:205)
at tests.AddFurnitureLeadTest.addLeadForAdditionalFurnitureLeadTest(AddFurnitureLeadTest.java:168)
at java.base/jdk.internal.reflect.DirectMethodHandleAccessor.invoke(DirectMethodHandleAccessor.java:103)
at java.base/java.lang.reflect.Method.invoke(Method.java:580)
at org.testng.internal.invokers.MethodInvocationHelper.invokeMethod(MethodInvocationHelper.java:141)
at org.testng.internal.invokers.TestInvoker.invokeMethod(TestInvoker.java:687)
at org.testng.internal.invokers.TestInvoker.invokeTestMethod(TestInvoker.java:230)
at org.testng.internal.invokers.MethodRunner.runInSequence(MethodRunner.java:63)
at org.testng.internal.invokers.TestInvoker$MethodInvocationAgent.invoke(TestInvoker.java:995)
at org.testng.internal.invokers.TestInvoker.invokeTestMethods(TestInvoker.java:203)
at org.testng.internal.invokers.TestMethodWorker.invokeTestMethods(TestMethodWorker.java:154)
at org.testng.internal.invokers.TestMethodWorker.run(TestMethodWorker.java:134)
at java.base/java.util.ArrayList.forEach(ArrayList.java:1596)
at org.testng.TestRunner.privateRun(TestRunner.java:741)
at org.testng.TestRunner.run(TestRunner.java:616)
at org.testng.SuiteRunner.runTest(SuiteRunner.java:421)
at org.testng.SuiteRunner.runSequentially(SuiteRunner.java:413)
at org.testng.SuiteRunner.privateRun(SuiteRunner.java:373)
at org.testng.SuiteRunner.run(SuiteRunner.java:312)
at org.testng.SuiteRunnerWorker.runSuite(SuiteRunnerWorker.java:52)
at org.testng.SuiteRunnerWorker.run(SuiteRunnerWorker.java:95)
at org.testng.TestNG.runSuitesSequentially(TestNG.java:1274)
at org.testng.TestNG.runSuitesLocally(TestNG.java:1208)
at org.testng.TestNG.runSuites(TestNG.java:1112)
at org.testng.TestNG.run(TestNG.java:1079)
at org.testng.remote.AbstractRemoteTestNG.run(AbstractRemoteTestNG.java:115)
at org.testng.remote.RemoteTestNG.initAndRun(RemoteTestNG.java:293)
at org.testng.remote.RemoteTestNG.main(RemoteTestNG.java:91)
Caused by: com.microsoft.playwright.TimeoutError: Error {
  message='Timeout 30000ms exceeded.
  name='TimeoutError
  stack='TimeoutError: Timeout 30000ms exceeded.
    at ProgressController.run (/private/var/folders/1b/cqmvqvbd4sg1xvl1gc93cfyh0000gn/T/playwright-java-7524229160389361392/package/lib/server/progress.js:68:28)
    at FrameDispatcher._runCommand (/private/var/folders/1b/cqmvqvbd4sg1xvl1gc93cfyh0000gn/T/playwright-java-7524229160389361392/package/lib/server/dispatchers/dispatcher.js:95:31)
    at DispatcherConnection.dispatch (/private/var/folders/1b/cqmvqvbd4sg1xvl1gc93cfyh0000gn/T/playwright-java-7524229160389361392/package/lib/server/dispatchers/dispatcher.js:329:39)
}
Call log:
-   - waiting for locator("#category")
-     - locator resolved to <select id="category" name="category" class="custom-input " aria-label="Select Product Category">…</select>
-   - attempting select option action
-     2 × waiting for element to be visible and enabled
-       - did not find some options
-     - retrying select option action
-     - waiting 20ms
-     2 × waiting for element to be visible and enabled
-       - did not find some options
-     - retrying select option action
-       - waiting 100ms
-     60 × waiting for element to be visible and enabled
-        - did not find some options
-      - retrying select option action
-        - waiting 500ms

at com.microsoft.playwright.impl.Connection.dispatch(Connection.java:257)
at com.microsoft.playwright.impl.Connection.processOneMessage(Connection.java:214)
at com.microsoft.playwright.impl.ChannelOwner.runUntil(ChannelOwner.java:136)
... 36 more
]]>
    </error>
  </testcase> <!-- addLeadForAdditionalFurnitureLeadTest -->
  <testcase classname="tests.AddFurnitureLeadTest" name="addLeadForAdditionalFurnitureLeadTest" time="1.958">
    <skipped/>
  </testcase> <!-- addLeadForAdditionalFurnitureLeadTest -->
  <testcase classname="tests.AddFurnitureLeadTest" name="addLeadForAdditionalFurnitureLeadTest" time="2.008">
    <skipped/>
  </testcase> <!-- addLeadForAdditionalFurnitureLeadTest -->
  <testcase classname="tests.AddFurnitureLeadTest" name="addLeadForAdditionalFurnitureLeadTest" time="1.993">
    <skipped/>
  </testcase> <!-- addLeadForAdditionalFurnitureLeadTest -->
  <testcase classname="tests.AddFurnitureLeadTest" name="addLeadForAdditionalFurnitureLeadTest" time="2.008">
    <skipped/>
  </testcase> <!-- addLeadForAdditionalFurnitureLeadTest -->
  <testcase classname="tests.AddFurnitureLeadTest" name="addLeadForAdditionalFurnitureLeadTest" time="0.034">
    <skipped/>
  </testcase> <!-- addLeadForAdditionalFurnitureLeadTest -->
  <testcase classname="tests.AddFurnitureLeadTest" name="addLeadForAdditionalFurnitureLeadTest" time="10.925"/>
  <testcase classname="tests.AddFurnitureLeadTest" name="addLeadForAdditionalFurnitureLeadTest" time="2.007">
    <skipped/>
  </testcase> <!-- addLeadForAdditionalFurnitureLeadTest -->
  <testcase classname="tests.AddFurnitureLeadTest" name="addLeadForAdditionalFurnitureLeadTest" time="1.971">
    <skipped/>
  </testcase> <!-- addLeadForAdditionalFurnitureLeadTest -->
  <testcase classname="tests.AddFurnitureLeadTest" name="addLeadForAdditionalFurnitureLeadTest" time="10.593"/>
  <testcase classname="tests.AddFurnitureLeadTest" name="addLeadForAdditionalFurnitureLeadTest" time="9.703"/>
  <testcase classname="tests.AddFurnitureLeadTest" name="addLeadForAdditionalFurnitureLeadTest" time="1.995">
    <skipped/>
  </testcase> <!-- addLeadForAdditionalFurnitureLeadTest -->
  <testcase classname="tests.AddFurnitureLeadTest" name="addLeadForAdditionalFurnitureLeadTest" time="10.740"/>
  <testcase classname="tests.AddFurnitureLeadTest" name="addLeadForAdditionalFurnitureLeadTest" time="1.987">
    <skipped/>
  </testcase> <!-- addLeadForAdditionalFurnitureLeadTest -->
  <testcase classname="tests.AddFurnitureLeadTest" name="addLeadForAdditionalFurnitureLeadTest" time="1.997">
    <skipped/>
  </testcase> <!-- addLeadForAdditionalFurnitureLeadTest -->
  <testcase classname="tests.AddFurnitureLeadTest" name="addLeadForAdditionalFurnitureLeadTest" time="2.002">
    <skipped/>
  </testcase> <!-- addLeadForAdditionalFurnitureLeadTest -->
  <testcase classname="tests.AddFurnitureLeadTest" name="addLeadForAdditionalFurnitureLeadTest" time="1.984">
    <skipped/>
  </testcase> <!-- addLeadForAdditionalFurnitureLeadTest -->
  <testcase classname="tests.AddFurnitureLeadTest" name="addLeadForAdditionalFurnitureLeadTest" time="10.468"/>
  <testcase classname="tests.AddFurnitureLeadTest" name="addLeadForAdditionalFurnitureLeadTest" time="1.986">
    <skipped/>
  </testcase> <!-- addLeadForAdditionalFurnitureLeadTest -->
  <testcase classname="tests.AddFurnitureLeadTest" name="addLeadForAdditionalFurnitureLeadTest" time="2.004">
    <skipped/>
  </testcase> <!-- addLeadForAdditionalFurnitureLeadTest -->
  <testcase classname="tests.AddFurnitureLeadTest" name="addLeadForAdditionalFurnitureLeadTest" time="1.986">
    <skipped/>
  </testcase> <!-- addLeadForAdditionalFurnitureLeadTest -->
  <testcase classname="tests.AddFurnitureLeadTest" name="addLeadForAdditionalFurnitureLeadTest" time="1.998">
    <skipped/>
  </testcase> <!-- addLeadForAdditionalFurnitureLeadTest -->
  <testcase classname="tests.AddFurnitureLeadTest" name="addLeadForAdditionalFurnitureLeadTest" time="10.728"/>
  <testcase classname="tests.AddFurnitureLeadTest" name="addLeadForAdditionalFurnitureLeadTest" time="9.294">
    <failure message="Full name mismatch. Expected: Krishna Kapoor, Got: Anjali Joshi" type="java.lang.AssertionError">
      <![CDATA[java.lang.AssertionError: Full name mismatch. Expected: Krishna Kapoor, Got: Anjali Joshi
at pages.AddFurnitureLeadPage.validateLeadWithAdditionalInfo(AddFurnitureLeadPage.java:270)
at tests.AddFurnitureLeadTest.addLeadForAdditionalFurnitureLeadTest(AddFurnitureLeadTest.java:173)
at java.base/jdk.internal.reflect.DirectMethodHandleAccessor.invoke(DirectMethodHandleAccessor.java:103)
at java.base/java.lang.reflect.Method.invoke(Method.java:580)
at org.testng.internal.invokers.MethodInvocationHelper.invokeMethod(MethodInvocationHelper.java:141)
at org.testng.internal.invokers.TestInvoker.invokeMethod(TestInvoker.java:687)
at org.testng.internal.invokers.TestInvoker.invokeTestMethod(TestInvoker.java:230)
at org.testng.internal.invokers.MethodRunner.runInSequence(MethodRunner.java:63)
at org.testng.internal.invokers.TestInvoker$MethodInvocationAgent.invoke(TestInvoker.java:995)
at org.testng.internal.invokers.TestInvoker.invokeTestMethods(TestInvoker.java:203)
at org.testng.internal.invokers.TestMethodWorker.invokeTestMethods(TestMethodWorker.java:154)
at org.testng.internal.invokers.TestMethodWorker.run(TestMethodWorker.java:134)
at java.base/java.util.ArrayList.forEach(ArrayList.java:1596)
at org.testng.TestRunner.privateRun(TestRunner.java:741)
at org.testng.TestRunner.run(TestRunner.java:616)
at org.testng.SuiteRunner.runTest(SuiteRunner.java:421)
at org.testng.SuiteRunner.runSequentially(SuiteRunner.java:413)
at org.testng.SuiteRunner.privateRun(SuiteRunner.java:373)
at org.testng.SuiteRunner.run(SuiteRunner.java:312)
at org.testng.SuiteRunnerWorker.runSuite(SuiteRunnerWorker.java:52)
at org.testng.SuiteRunnerWorker.run(SuiteRunnerWorker.java:95)
at org.testng.TestNG.runSuitesSequentially(TestNG.java:1274)
at org.testng.TestNG.runSuitesLocally(TestNG.java:1208)
at org.testng.TestNG.runSuites(TestNG.java:1112)
at org.testng.TestNG.run(TestNG.java:1079)
at org.testng.remote.AbstractRemoteTestNG.run(AbstractRemoteTestNG.java:115)
at org.testng.remote.RemoteTestNG.initAndRun(RemoteTestNG.java:293)
at org.testng.remote.RemoteTestNG.main(RemoteTestNG.java:91)
]]>
    </failure>
  </testcase> <!-- addLeadForAdditionalFurnitureLeadTest -->
  <testcase classname="tests.AddFurnitureLeadTest" name="addLeadForAdditionalFurnitureLeadTest" time="9.425">
    <failure message="Full name mismatch. Expected: Nirav Soni, Got: Priya Dave" type="java.lang.AssertionError">
      <![CDATA[java.lang.AssertionError: Full name mismatch. Expected: Nirav Soni, Got: Priya Dave
at pages.AddFurnitureLeadPage.validateLeadWithAdditionalInfo(AddFurnitureLeadPage.java:270)
at tests.AddFurnitureLeadTest.addLeadForAdditionalFurnitureLeadTest(AddFurnitureLeadTest.java:173)
at java.base/jdk.internal.reflect.DirectMethodHandleAccessor.invoke(DirectMethodHandleAccessor.java:103)
at java.base/java.lang.reflect.Method.invoke(Method.java:580)
at org.testng.internal.invokers.MethodInvocationHelper.invokeMethod(MethodInvocationHelper.java:141)
at org.testng.internal.invokers.TestInvoker.invokeMethod(TestInvoker.java:687)
at org.testng.internal.invokers.TestInvoker.invokeTestMethod(TestInvoker.java:230)
at org.testng.internal.invokers.MethodRunner.runInSequence(MethodRunner.java:63)
at org.testng.internal.invokers.TestInvoker$MethodInvocationAgent.invoke(TestInvoker.java:995)
at org.testng.internal.invokers.TestInvoker.invokeTestMethods(TestInvoker.java:203)
at org.testng.internal.invokers.TestMethodWorker.invokeTestMethods(TestMethodWorker.java:154)
at org.testng.internal.invokers.TestMethodWorker.run(TestMethodWorker.java:134)
at java.base/java.util.ArrayList.forEach(ArrayList.java:1596)
at org.testng.TestRunner.privateRun(TestRunner.java:741)
at org.testng.TestRunner.run(TestRunner.java:616)
at org.testng.SuiteRunner.runTest(SuiteRunner.java:421)
at org.testng.SuiteRunner.runSequentially(SuiteRunner.java:413)
at org.testng.SuiteRunner.privateRun(SuiteRunner.java:373)
at org.testng.SuiteRunner.run(SuiteRunner.java:312)
at org.testng.SuiteRunnerWorker.runSuite(SuiteRunnerWorker.java:52)
at org.testng.SuiteRunnerWorker.run(SuiteRunnerWorker.java:95)
at org.testng.TestNG.runSuitesSequentially(TestNG.java:1274)
at org.testng.TestNG.runSuitesLocally(TestNG.java:1208)
at org.testng.TestNG.runSuites(TestNG.java:1112)
at org.testng.TestNG.run(TestNG.java:1079)
at org.testng.remote.AbstractRemoteTestNG.run(AbstractRemoteTestNG.java:115)
at org.testng.remote.RemoteTestNG.initAndRun(RemoteTestNG.java:293)
at org.testng.remote.RemoteTestNG.main(RemoteTestNG.java:91)
]]>
    </failure>
  </testcase> <!-- addLeadForAdditionalFurnitureLeadTest -->
  <testcase classname="tests.AddFurnitureLeadTest" name="addLeadForAdditionalFurnitureLeadTest" time="1.998">
    <skipped/>
  </testcase> <!-- addLeadForAdditionalFurnitureLeadTest -->
  <testcase classname="tests.AddFurnitureLeadTest" name="addLeadForAdditionalFurnitureLeadTest" time="1.991">
    <skipped/>
  </testcase> <!-- addLeadForAdditionalFurnitureLeadTest -->
  <testcase classname="tests.AddFurnitureLeadTest" name="addLeadForAdditionalFurnitureLeadTest" time="1.980">
    <skipped/>
  </testcase> <!-- addLeadForAdditionalFurnitureLeadTest -->
  <testcase classname="tests.AddFurnitureLeadTest" name="addLeadForAdditionalFurnitureLeadTest" time="10.497"/>
  <testcase classname="tests.AddFurnitureLeadTest" name="addLeadForAdditionalFurnitureLeadTest" time="1.981">
    <skipped/>
  </testcase> <!-- addLeadForAdditionalFurnitureLeadTest -->
  <testcase classname="tests.AddFurnitureLeadTest" name="addLeadForAdditionalFurnitureLeadTest" time="1.064">
    <skipped/>
  </testcase> <!-- addLeadForAdditionalFurnitureLeadTest -->
  <testcase classname="tests.AddFurnitureLeadTest" name="addLeadForAdditionalFurnitureLeadTest" time="2.001">
    <skipped/>
  </testcase> <!-- addLeadForAdditionalFurnitureLeadTest -->
  <testcase classname="tests.AddFurnitureLeadTest" name="addLeadForAdditionalFurnitureLeadTest" time="11.485"/>
  <testcase classname="tests.AddFurnitureLeadTest" name="addLeadForAdditionalFurnitureLeadTest" time="2.001">
    <skipped/>
  </testcase> <!-- addLeadForAdditionalFurnitureLeadTest -->
  <testcase classname="tests.AddFurnitureLeadTest" name="addLeadForAdditionalFurnitureLeadTest" time="10.447"/>
  <testcase classname="tests.AddFurnitureLeadTest" name="addLeadForAdditionalFurnitureLeadTest" time="10.555"/>
  <testcase classname="tests.AddFurnitureLeadTest" name="addLeadForAdditionalFurnitureLeadTest" time="1.982">
    <skipped/>
  </testcase> <!-- addLeadForAdditionalFurnitureLeadTest -->
  <testcase classname="tests.AddFurnitureLeadTest" name="addLeadForAdditionalFurnitureLeadTest" time="7.500">
    <failure message="Full name mismatch. Expected: Aarav Patel, Got: Rohit Raval" type="java.lang.AssertionError">
      <![CDATA[java.lang.AssertionError: Full name mismatch. Expected: Aarav Patel, Got: Rohit Raval
at pages.AddFurnitureLeadPage.validateLeadWithAdditionalInfo(AddFurnitureLeadPage.java:270)
at tests.AddFurnitureLeadTest.addLeadForAdditionalFurnitureLeadTest(AddFurnitureLeadTest.java:173)
at java.base/jdk.internal.reflect.DirectMethodHandleAccessor.invoke(DirectMethodHandleAccessor.java:103)
at java.base/java.lang.reflect.Method.invoke(Method.java:580)
at org.testng.internal.invokers.MethodInvocationHelper.invokeMethod(MethodInvocationHelper.java:141)
at org.testng.internal.invokers.TestInvoker.invokeMethod(TestInvoker.java:687)
at org.testng.internal.invokers.TestInvoker.invokeTestMethod(TestInvoker.java:230)
at org.testng.internal.invokers.MethodRunner.runInSequence(MethodRunner.java:63)
at org.testng.internal.invokers.TestInvoker$MethodInvocationAgent.invoke(TestInvoker.java:995)
at org.testng.internal.invokers.TestInvoker.invokeTestMethods(TestInvoker.java:203)
at org.testng.internal.invokers.TestMethodWorker.invokeTestMethods(TestMethodWorker.java:154)
at org.testng.internal.invokers.TestMethodWorker.run(TestMethodWorker.java:134)
at java.base/java.util.ArrayList.forEach(ArrayList.java:1596)
at org.testng.TestRunner.privateRun(TestRunner.java:741)
at org.testng.TestRunner.run(TestRunner.java:616)
at org.testng.SuiteRunner.runTest(SuiteRunner.java:421)
at org.testng.SuiteRunner.runSequentially(SuiteRunner.java:413)
at org.testng.SuiteRunner.privateRun(SuiteRunner.java:373)
at org.testng.SuiteRunner.run(SuiteRunner.java:312)
at org.testng.SuiteRunnerWorker.runSuite(SuiteRunnerWorker.java:52)
at org.testng.SuiteRunnerWorker.run(SuiteRunnerWorker.java:95)
at org.testng.TestNG.runSuitesSequentially(TestNG.java:1274)
at org.testng.TestNG.runSuitesLocally(TestNG.java:1208)
at org.testng.TestNG.runSuites(TestNG.java:1112)
at org.testng.TestNG.run(TestNG.java:1079)
at org.testng.remote.AbstractRemoteTestNG.run(AbstractRemoteTestNG.java:115)
at org.testng.remote.RemoteTestNG.initAndRun(RemoteTestNG.java:293)
at org.testng.remote.RemoteTestNG.main(RemoteTestNG.java:91)
]]>
    </failure>
  </testcase> <!-- addLeadForAdditionalFurnitureLeadTest -->
  <testcase classname="tests.AddFurnitureLeadTest" name="addLeadForAdditionalFurnitureLeadTest" time="10.577"/>
  <testcase classname="tests.AddFurnitureLeadTest" name="addLeadForAdditionalFurnitureLeadTest" time="1.980">
    <skipped/>
  </testcase> <!-- addLeadForAdditionalFurnitureLeadTest -->
  <testcase classname="tests.AddFurnitureLeadTest" name="addLeadForAdditionalFurnitureLeadTest" time="1.972">
    <skipped/>
  </testcase> <!-- addLeadForAdditionalFurnitureLeadTest -->
  <testcase classname="tests.AddFurnitureLeadTest" name="addLeadForAdditionalFurnitureLeadTest" time="10.631"/>
  <testcase classname="tests.AddFurnitureLeadTest" name="addLeadForAdditionalFurnitureLeadTest" time="1.987">
    <skipped/>
  </testcase> <!-- addLeadForAdditionalFurnitureLeadTest -->
  <testcase classname="tests.AddFurnitureLeadTest" name="addLeadForAdditionalFurnitureLeadTest" time="1.989">
    <skipped/>
  </testcase> <!-- addLeadForAdditionalFurnitureLeadTest -->
  <testcase classname="tests.AddFurnitureLeadTest" name="addLeadForAdditionalFurnitureLeadTest" time="1.994">
    <skipped/>
  </testcase> <!-- addLeadForAdditionalFurnitureLeadTest -->
  <testcase classname="tests.AddFurnitureLeadTest" name="addLeadForAdditionalFurnitureLeadTest" time="1.938">
    <skipped/>
  </testcase> <!-- addLeadForAdditionalFurnitureLeadTest -->
  <testcase classname="tests.AddFurnitureLeadTest" name="addLeadForAdditionalFurnitureLeadTest" time="1.998">
    <skipped/>
  </testcase> <!-- addLeadForAdditionalFurnitureLeadTest -->
  <testcase classname="tests.AddFurnitureLeadTest" name="addLeadForAdditionalFurnitureLeadTest" time="2.007">
    <skipped/>
  </testcase> <!-- addLeadForAdditionalFurnitureLeadTest -->
  <testcase classname="tests.AddFurnitureLeadTest" name="addLeadForAdditionalFurnitureLeadTest" time="1.081">
    <skipped/>
  </testcase> <!-- addLeadForAdditionalFurnitureLeadTest -->
  <testcase classname="tests.AddFurnitureLeadTest" name="addLeadForAdditionalFurnitureLeadTest" time="8.623"/>
  <testcase classname="tests.AddFurnitureLeadTest" name="addLeadForAdditionalFurnitureLeadTest" time="1.997">
    <skipped/>
  </testcase> <!-- addLeadForAdditionalFurnitureLeadTest -->
  <testcase classname="tests.AddFurnitureLeadTest" name="addLeadForAdditionalFurnitureLeadTest" time="2.003">
    <skipped/>
  </testcase> <!-- addLeadForAdditionalFurnitureLeadTest -->
  <testcase classname="tests.AddFurnitureLeadTest" name="addLeadForAdditionalFurnitureLeadTest" time="2.010">
    <skipped/>
  </testcase> <!-- addLeadForAdditionalFurnitureLeadTest -->
  <testcase classname="tests.AddFurnitureLeadTest" name="addLeadForAdditionalFurnitureLeadTest" time="10.562"/>
  <testcase classname="tests.AddFurnitureLeadTest" name="addLeadForAdditionalFurnitureLeadTest" time="35.442">
    <error message="Error {
  message=&#039;Timeout 30000ms exceeded.
  name=&#039;TimeoutError
  stack=&#039;TimeoutError: Timeout 30000ms exceeded.
    at ProgressController.run (/private/var/folders/1b/cqmvqvbd4sg1xvl1gc93cfyh0000gn/T/playwright-java-7524229160389361392/package/lib/server/progress.js:68:28)
    at FrameDispatcher._runCommand (/private/var/folders/1b/cqmvqvbd4sg1xvl1gc93cfyh0000gn/T/playwright-java-7524229160389361392/package/lib/server/dispatchers/dispatcher.js:95:31)
    at DispatcherConnection.dispatch (/private/var/folders/1b/cqmvqvbd4sg1xvl1gc93cfyh0000gn/T/playwright-java-7524229160389361392/package/lib/server/dispatchers/dispatcher.js:329:39)
}
Call log:
-   - waiting for locator(&quot;#category&quot;)
-     - locator resolved to &lt;select id=&quot;category&quot; name=&quot;category&quot; class=&quot;custom-input &quot; aria-label=&quot;Select Product Category&quot;&gt;…&lt;/select&gt;
-   - attempting select option action
-     2 × waiting for element to be visible and enabled
-       - did not find some options
-     - retrying select option action
-     - waiting 20ms
-     2 × waiting for element to be visible and enabled
-       - did not find some options
-     - retrying select option action
-       - waiting 100ms
-     60 × waiting for element to be visible and enabled
-        - did not find some options
-      - retrying select option action
-        - waiting 500ms
" type="com.microsoft.playwright.TimeoutError">
      <![CDATA[com.microsoft.playwright.TimeoutError: Error {
  message='Timeout 30000ms exceeded.
  name='TimeoutError
  stack='TimeoutError: Timeout 30000ms exceeded.
    at ProgressController.run (/private/var/folders/1b/cqmvqvbd4sg1xvl1gc93cfyh0000gn/T/playwright-java-7524229160389361392/package/lib/server/progress.js:68:28)
    at FrameDispatcher._runCommand (/private/var/folders/1b/cqmvqvbd4sg1xvl1gc93cfyh0000gn/T/playwright-java-7524229160389361392/package/lib/server/dispatchers/dispatcher.js:95:31)
    at DispatcherConnection.dispatch (/private/var/folders/1b/cqmvqvbd4sg1xvl1gc93cfyh0000gn/T/playwright-java-7524229160389361392/package/lib/server/dispatchers/dispatcher.js:329:39)
}
Call log:
-   - waiting for locator("#category")
-     - locator resolved to <select id="category" name="category" class="custom-input " aria-label="Select Product Category">…</select>
-   - attempting select option action
-     2 × waiting for element to be visible and enabled
-       - did not find some options
-     - retrying select option action
-     - waiting 20ms
-     2 × waiting for element to be visible and enabled
-       - did not find some options
-     - retrying select option action
-       - waiting 100ms
-     60 × waiting for element to be visible and enabled
-        - did not find some options
-      - retrying select option action
-        - waiting 500ms

at com.microsoft.playwright.impl.WaitableResult.get(WaitableResult.java:52)
at com.microsoft.playwright.impl.ChannelOwner.runUntil(ChannelOwner.java:138)
at com.microsoft.playwright.impl.Connection.sendMessage(Connection.java:131)
at com.microsoft.playwright.impl.ChannelOwner.sendMessage(ChannelOwner.java:124)
at com.microsoft.playwright.impl.FrameImpl.selectOption(FrameImpl.java:678)
at com.microsoft.playwright.impl.FrameImpl.selectOptionImpl(FrameImpl.java:645)
at com.microsoft.playwright.impl.PageImpl.selectOption(PageImpl.java:1183)
at com.microsoft.playwright.impl.PageImpl.selectOption(PageImpl.java:1150)
at com.microsoft.playwright.Page.selectOption(Page.java:6958)
at pages.AddFurnitureLeadPage.addLeadBasic(AddFurnitureLeadPage.java:396)
at pages.AddFurnitureLeadPage.addLeadWithAdditional(AddFurnitureLeadPage.java:205)
at tests.AddFurnitureLeadTest.addLeadForAdditionalFurnitureLeadTest(AddFurnitureLeadTest.java:168)
at java.base/jdk.internal.reflect.DirectMethodHandleAccessor.invoke(DirectMethodHandleAccessor.java:103)
at java.base/java.lang.reflect.Method.invoke(Method.java:580)
at org.testng.internal.invokers.MethodInvocationHelper.invokeMethod(MethodInvocationHelper.java:141)
at org.testng.internal.invokers.TestInvoker.invokeMethod(TestInvoker.java:687)
at org.testng.internal.invokers.TestInvoker.invokeTestMethod(TestInvoker.java:230)
at org.testng.internal.invokers.MethodRunner.runInSequence(MethodRunner.java:63)
at org.testng.internal.invokers.TestInvoker$MethodInvocationAgent.invoke(TestInvoker.java:995)
at org.testng.internal.invokers.TestInvoker.invokeTestMethods(TestInvoker.java:203)
at org.testng.internal.invokers.TestMethodWorker.invokeTestMethods(TestMethodWorker.java:154)
at org.testng.internal.invokers.TestMethodWorker.run(TestMethodWorker.java:134)
at java.base/java.util.ArrayList.forEach(ArrayList.java:1596)
at org.testng.TestRunner.privateRun(TestRunner.java:741)
at org.testng.TestRunner.run(TestRunner.java:616)
at org.testng.SuiteRunner.runTest(SuiteRunner.java:421)
at org.testng.SuiteRunner.runSequentially(SuiteRunner.java:413)
at org.testng.SuiteRunner.privateRun(SuiteRunner.java:373)
at org.testng.SuiteRunner.run(SuiteRunner.java:312)
at org.testng.SuiteRunnerWorker.runSuite(SuiteRunnerWorker.java:52)
at org.testng.SuiteRunnerWorker.run(SuiteRunnerWorker.java:95)
at org.testng.TestNG.runSuitesSequentially(TestNG.java:1274)
at org.testng.TestNG.runSuitesLocally(TestNG.java:1208)
at org.testng.TestNG.runSuites(TestNG.java:1112)
at org.testng.TestNG.run(TestNG.java:1079)
at org.testng.remote.AbstractRemoteTestNG.run(AbstractRemoteTestNG.java:115)
at org.testng.remote.RemoteTestNG.initAndRun(RemoteTestNG.java:293)
at org.testng.remote.RemoteTestNG.main(RemoteTestNG.java:91)
Caused by: com.microsoft.playwright.TimeoutError: Error {
  message='Timeout 30000ms exceeded.
  name='TimeoutError
  stack='TimeoutError: Timeout 30000ms exceeded.
    at ProgressController.run (/private/var/folders/1b/cqmvqvbd4sg1xvl1gc93cfyh0000gn/T/playwright-java-7524229160389361392/package/lib/server/progress.js:68:28)
    at FrameDispatcher._runCommand (/private/var/folders/1b/cqmvqvbd4sg1xvl1gc93cfyh0000gn/T/playwright-java-7524229160389361392/package/lib/server/dispatchers/dispatcher.js:95:31)
    at DispatcherConnection.dispatch (/private/var/folders/1b/cqmvqvbd4sg1xvl1gc93cfyh0000gn/T/playwright-java-7524229160389361392/package/lib/server/dispatchers/dispatcher.js:329:39)
}
Call log:
-   - waiting for locator("#category")
-     - locator resolved to <select id="category" name="category" class="custom-input " aria-label="Select Product Category">…</select>
-   - attempting select option action
-     2 × waiting for element to be visible and enabled
-       - did not find some options
-     - retrying select option action
-     - waiting 20ms
-     2 × waiting for element to be visible and enabled
-       - did not find some options
-     - retrying select option action
-       - waiting 100ms
-     60 × waiting for element to be visible and enabled
-        - did not find some options
-      - retrying select option action
-        - waiting 500ms

at com.microsoft.playwright.impl.Connection.dispatch(Connection.java:257)
at com.microsoft.playwright.impl.Connection.processOneMessage(Connection.java:214)
at com.microsoft.playwright.impl.ChannelOwner.runUntil(ChannelOwner.java:136)
... 36 more
]]>
    </error>
  </testcase> <!-- addLeadForAdditionalFurnitureLeadTest -->
  <testcase classname="tests.AddFurnitureLeadTest" name="addLeadForAdditionalFurnitureLeadTest" time="28.573"/>
  <testcase classname="tests.AddFurnitureLeadTest" name="addLeadForAdditionalFurnitureLeadTest" time="10.770"/>
  <testcase classname="tests.AddFurnitureLeadTest" name="addLeadForAdditionalFurnitureLeadTest" time="1.975">
    <skipped/>
  </testcase> <!-- addLeadForAdditionalFurnitureLeadTest -->
  <testcase classname="tests.AddFurnitureLeadTest" name="addLeadForAdditionalFurnitureLeadTest" time="1.991">
    <skipped/>
  </testcase> <!-- addLeadForAdditionalFurnitureLeadTest -->
  <testcase classname="tests.AddFurnitureLeadTest" name="addLeadForAdditionalFurnitureLeadTest" time="1.991">
    <skipped/>
  </testcase> <!-- addLeadForAdditionalFurnitureLeadTest -->
  <testcase classname="tests.AddFurnitureLeadTest" name="addLeadForAdditionalFurnitureLeadTest" time="10.440"/>
  <testcase classname="tests.AddFurnitureLeadTest" name="addLeadForAdditionalFurnitureLeadTest" time="35.428">
    <error message="Error {
  message=&#039;Timeout 30000ms exceeded.
  name=&#039;TimeoutError
  stack=&#039;TimeoutError: Timeout 30000ms exceeded.
    at ProgressController.run (/private/var/folders/1b/cqmvqvbd4sg1xvl1gc93cfyh0000gn/T/playwright-java-7524229160389361392/package/lib/server/progress.js:68:28)
    at FrameDispatcher._runCommand (/private/var/folders/1b/cqmvqvbd4sg1xvl1gc93cfyh0000gn/T/playwright-java-7524229160389361392/package/lib/server/dispatchers/dispatcher.js:95:31)
    at DispatcherConnection.dispatch (/private/var/folders/1b/cqmvqvbd4sg1xvl1gc93cfyh0000gn/T/playwright-java-7524229160389361392/package/lib/server/dispatchers/dispatcher.js:329:39)
}
Call log:
-   - waiting for locator(&quot;#category&quot;)
-     - locator resolved to &lt;select id=&quot;category&quot; name=&quot;category&quot; class=&quot;custom-input &quot; aria-label=&quot;Select Product Category&quot;&gt;…&lt;/select&gt;
-   - attempting select option action
-     2 × waiting for element to be visible and enabled
-       - did not find some options
-     - retrying select option action
-     - waiting 20ms
-     2 × waiting for element to be visible and enabled
-       - did not find some options
-     - retrying select option action
-       - waiting 100ms
-     60 × waiting for element to be visible and enabled
-        - did not find some options
-      - retrying select option action
-        - waiting 500ms
" type="com.microsoft.playwright.TimeoutError">
      <![CDATA[com.microsoft.playwright.TimeoutError: Error {
  message='Timeout 30000ms exceeded.
  name='TimeoutError
  stack='TimeoutError: Timeout 30000ms exceeded.
    at ProgressController.run (/private/var/folders/1b/cqmvqvbd4sg1xvl1gc93cfyh0000gn/T/playwright-java-7524229160389361392/package/lib/server/progress.js:68:28)
    at FrameDispatcher._runCommand (/private/var/folders/1b/cqmvqvbd4sg1xvl1gc93cfyh0000gn/T/playwright-java-7524229160389361392/package/lib/server/dispatchers/dispatcher.js:95:31)
    at DispatcherConnection.dispatch (/private/var/folders/1b/cqmvqvbd4sg1xvl1gc93cfyh0000gn/T/playwright-java-7524229160389361392/package/lib/server/dispatchers/dispatcher.js:329:39)
}
Call log:
-   - waiting for locator("#category")
-     - locator resolved to <select id="category" name="category" class="custom-input " aria-label="Select Product Category">…</select>
-   - attempting select option action
-     2 × waiting for element to be visible and enabled
-       - did not find some options
-     - retrying select option action
-     - waiting 20ms
-     2 × waiting for element to be visible and enabled
-       - did not find some options
-     - retrying select option action
-       - waiting 100ms
-     60 × waiting for element to be visible and enabled
-        - did not find some options
-      - retrying select option action
-        - waiting 500ms

at com.microsoft.playwright.impl.WaitableResult.get(WaitableResult.java:52)
at com.microsoft.playwright.impl.ChannelOwner.runUntil(ChannelOwner.java:138)
at com.microsoft.playwright.impl.Connection.sendMessage(Connection.java:131)
at com.microsoft.playwright.impl.ChannelOwner.sendMessage(ChannelOwner.java:124)
at com.microsoft.playwright.impl.FrameImpl.selectOption(FrameImpl.java:678)
at com.microsoft.playwright.impl.FrameImpl.selectOptionImpl(FrameImpl.java:645)
at com.microsoft.playwright.impl.PageImpl.selectOption(PageImpl.java:1183)
at com.microsoft.playwright.impl.PageImpl.selectOption(PageImpl.java:1150)
at com.microsoft.playwright.Page.selectOption(Page.java:6958)
at pages.AddFurnitureLeadPage.addLeadBasic(AddFurnitureLeadPage.java:396)
at pages.AddFurnitureLeadPage.addLeadWithAdditional(AddFurnitureLeadPage.java:205)
at tests.AddFurnitureLeadTest.addLeadForAdditionalFurnitureLeadTest(AddFurnitureLeadTest.java:168)
at java.base/jdk.internal.reflect.DirectMethodHandleAccessor.invoke(DirectMethodHandleAccessor.java:103)
at java.base/java.lang.reflect.Method.invoke(Method.java:580)
at org.testng.internal.invokers.MethodInvocationHelper.invokeMethod(MethodInvocationHelper.java:141)
at org.testng.internal.invokers.TestInvoker.invokeMethod(TestInvoker.java:687)
at org.testng.internal.invokers.TestInvoker.invokeTestMethod(TestInvoker.java:230)
at org.testng.internal.invokers.MethodRunner.runInSequence(MethodRunner.java:63)
at org.testng.internal.invokers.TestInvoker$MethodInvocationAgent.invoke(TestInvoker.java:995)
at org.testng.internal.invokers.TestInvoker.invokeTestMethods(TestInvoker.java:203)
at org.testng.internal.invokers.TestMethodWorker.invokeTestMethods(TestMethodWorker.java:154)
at org.testng.internal.invokers.TestMethodWorker.run(TestMethodWorker.java:134)
at java.base/java.util.ArrayList.forEach(ArrayList.java:1596)
at org.testng.TestRunner.privateRun(TestRunner.java:741)
at org.testng.TestRunner.run(TestRunner.java:616)
at org.testng.SuiteRunner.runTest(SuiteRunner.java:421)
at org.testng.SuiteRunner.runSequentially(SuiteRunner.java:413)
at org.testng.SuiteRunner.privateRun(SuiteRunner.java:373)
at org.testng.SuiteRunner.run(SuiteRunner.java:312)
at org.testng.SuiteRunnerWorker.runSuite(SuiteRunnerWorker.java:52)
at org.testng.SuiteRunnerWorker.run(SuiteRunnerWorker.java:95)
at org.testng.TestNG.runSuitesSequentially(TestNG.java:1274)
at org.testng.TestNG.runSuitesLocally(TestNG.java:1208)
at org.testng.TestNG.runSuites(TestNG.java:1112)
at org.testng.TestNG.run(TestNG.java:1079)
at org.testng.remote.AbstractRemoteTestNG.run(AbstractRemoteTestNG.java:115)
at org.testng.remote.RemoteTestNG.initAndRun(RemoteTestNG.java:293)
at org.testng.remote.RemoteTestNG.main(RemoteTestNG.java:91)
Caused by: com.microsoft.playwright.TimeoutError: Error {
  message='Timeout 30000ms exceeded.
  name='TimeoutError
  stack='TimeoutError: Timeout 30000ms exceeded.
    at ProgressController.run (/private/var/folders/1b/cqmvqvbd4sg1xvl1gc93cfyh0000gn/T/playwright-java-7524229160389361392/package/lib/server/progress.js:68:28)
    at FrameDispatcher._runCommand (/private/var/folders/1b/cqmvqvbd4sg1xvl1gc93cfyh0000gn/T/playwright-java-7524229160389361392/package/lib/server/dispatchers/dispatcher.js:95:31)
    at DispatcherConnection.dispatch (/private/var/folders/1b/cqmvqvbd4sg1xvl1gc93cfyh0000gn/T/playwright-java-7524229160389361392/package/lib/server/dispatchers/dispatcher.js:329:39)
}
Call log:
-   - waiting for locator("#category")
-     - locator resolved to <select id="category" name="category" class="custom-input " aria-label="Select Product Category">…</select>
-   - attempting select option action
-     2 × waiting for element to be visible and enabled
-       - did not find some options
-     - retrying select option action
-     - waiting 20ms
-     2 × waiting for element to be visible and enabled
-       - did not find some options
-     - retrying select option action
-       - waiting 100ms
-     60 × waiting for element to be visible and enabled
-        - did not find some options
-      - retrying select option action
-        - waiting 500ms

at com.microsoft.playwright.impl.Connection.dispatch(Connection.java:257)
at com.microsoft.playwright.impl.Connection.processOneMessage(Connection.java:214)
at com.microsoft.playwright.impl.ChannelOwner.runUntil(ChannelOwner.java:136)
... 36 more
]]>
    </error>
  </testcase> <!-- addLeadForAdditionalFurnitureLeadTest -->
  <testcase classname="tests.AddFurnitureLeadTest" name="addLeadForAdditionalFurnitureLeadTest" time="1.985">
    <skipped/>
  </testcase> <!-- addLeadForAdditionalFurnitureLeadTest -->
  <testcase classname="tests.AddFurnitureLeadTest" name="addLeadForAdditionalFurnitureLeadTest" time="1.968">
    <skipped/>
  </testcase> <!-- addLeadForAdditionalFurnitureLeadTest -->
  <testcase classname="tests.AddFurnitureLeadTest" name="addLeadForAdditionalFurnitureLeadTest" time="1.045">
    <skipped/>
  </testcase> <!-- addLeadForAdditionalFurnitureLeadTest -->
  <testcase classname="tests.AddFurnitureLeadTest" name="addLeadForAdditionalFurnitureLeadTest" time="1.991">
    <skipped/>
  </testcase> <!-- addLeadForAdditionalFurnitureLeadTest -->
  <testcase classname="tests.AddFurnitureLeadTest" name="addLeadForAdditionalFurnitureLeadTest" time="2.002">
    <skipped/>
  </testcase> <!-- addLeadForAdditionalFurnitureLeadTest -->
  <testcase classname="tests.AddFurnitureLeadTest" name="addLeadForAdditionalFurnitureLeadTest" time="10.855"/>
  <testcase classname="tests.AddFurnitureLeadTest" name="addLeadForAdditionalFurnitureLeadTest" time="2.007">
    <skipped/>
  </testcase> <!-- addLeadForAdditionalFurnitureLeadTest -->
  <testcase classname="tests.AddFurnitureLeadTest" name="addLeadForAdditionalFurnitureLeadTest" time="1.996">
    <skipped/>
  </testcase> <!-- addLeadForAdditionalFurnitureLeadTest -->
  <testcase classname="tests.AddFurnitureLeadTest" name="addLeadForAdditionalFurnitureLeadTest" time="10.541"/>
  <testcase classname="tests.AddFurnitureLeadTest" name="addLeadForAdditionalFurnitureLeadTest" time="8.597"/>
  <testcase classname="tests.AddFurnitureLeadTest" name="addLeadForAdditionalFurnitureLeadTest" time="1.974">
    <skipped/>
  </testcase> <!-- addLeadForAdditionalFurnitureLeadTest -->
  <testcase classname="tests.AddFurnitureLeadTest" name="addLeadForAdditionalFurnitureLeadTest" time="10.518"/>
  <testcase classname="tests.AddFurnitureLeadTest" name="addLeadForAdditionalFurnitureLeadTest" time="10.755"/>
  <testcase classname="tests.AddFurnitureLeadTest" name="addLeadForAdditionalFurnitureLeadTest" time="1.959">
    <skipped/>
  </testcase> <!-- addLeadForAdditionalFurnitureLeadTest -->
  <testcase classname="tests.AddFurnitureLeadTest" name="addLeadForAdditionalFurnitureLeadTest" time="10.578"/>
  <testcase classname="tests.AddFurnitureLeadTest" name="addLeadForAdditionalFurnitureLeadTest" time="8.639"/>
  <testcase classname="tests.AddFurnitureLeadTest" name="addLeadForAdditionalFurnitureLeadTest" time="0.023">
    <skipped/>
  </testcase> <!-- addLeadForAdditionalFurnitureLeadTest -->
  <testcase classname="tests.AddFurnitureLeadTest" name="addLeadForAdditionalFurnitureLeadTest" time="9.692"/>
  <testcase classname="tests.AddFurnitureLeadTest" name="addLeadForAdditionalFurnitureLeadTest" time="10.583"/>
  <testcase classname="tests.AddFurnitureLeadTest" name="addLeadForAdditionalFurnitureLeadTest" time="1.973">
    <skipped/>
  </testcase> <!-- addLeadForAdditionalFurnitureLeadTest -->
  <testcase classname="tests.AddFurnitureLeadTest" name="addLeadForAdditionalFurnitureLeadTest" time="1.996">
    <skipped/>
  </testcase> <!-- addLeadForAdditionalFurnitureLeadTest -->
  <testcase classname="tests.AddFurnitureLeadTest" name="addLeadForAdditionalFurnitureLeadTest" time="10.632"/>
  <testcase classname="tests.AddFurnitureLeadTest" name="addLeadForAdditionalFurnitureLeadTest" time="1.980">
    <skipped/>
  </testcase> <!-- addLeadForAdditionalFurnitureLeadTest -->
  <testcase classname="tests.AddFurnitureLeadTest" name="addLeadForAdditionalFurnitureLeadTest" time="10.427"/>
  <testcase classname="tests.AddFurnitureLeadTest" name="addLeadForAdditionalFurnitureLeadTest" time="10.597"/>
  <testcase classname="tests.AddFurnitureLeadTest" name="addLeadForAdditionalFurnitureLeadTest" time="11.041"/>
  <testcase classname="tests.AddFurnitureLeadTest" name="addLeadForAdditionalFurnitureLeadTest" time="8.592"/>
  <testcase classname="tests.AddFurnitureLeadTest" name="addLeadForAdditionalFurnitureLeadTest" time="0.000">
    <skipped/>
  </testcase> <!-- addLeadForAdditionalFurnitureLeadTest -->
  <testcase classname="tests.AddFurnitureLeadTest" name="addLeadForAdditionalFurnitureLeadTest" time="0.000">
    <skipped/>
  </testcase> <!-- addLeadForAdditionalFurnitureLeadTest -->
  <testcase classname="tests.AddFurnitureLeadTest" name="addLeadForAdditionalFurnitureLeadTest" time="8.653"/>
  <testcase classname="tests.AddFurnitureLeadTest" name="addLeadForAdditionalFurnitureLeadTest" time="0.000">
    <skipped/>
  </testcase> <!-- addLeadForAdditionalFurnitureLeadTest -->
  <testcase classname="tests.AddFurnitureLeadTest" name="addLeadForAdditionalFurnitureLeadTest" time="0.000">
    <skipped/>
  </testcase> <!-- addLeadForAdditionalFurnitureLeadTest -->
  <testcase classname="tests.AddFurnitureLeadTest" name="addLeadForAdditionalFurnitureLeadTest" time="8.971"/>
  <testcase classname="tests.AddFurnitureLeadTest" name="addLeadForAdditionalFurnitureLeadTest" time="0.000">
    <skipped/>
  </testcase> <!-- addLeadForAdditionalFurnitureLeadTest -->
  <testcase classname="tests.AddFurnitureLeadTest" name="addLeadForAdditionalFurnitureLeadTest" time="0.000">
    <skipped/>
  </testcase> <!-- addLeadForAdditionalFurnitureLeadTest -->
  <testcase classname="tests.AddFurnitureLeadTest" name="addLeadForAdditionalFurnitureLeadTest" time="0.000">
    <skipped/>
  </testcase> <!-- addLeadForAdditionalFurnitureLeadTest -->
  <testcase classname="tests.AddFurnitureLeadTest" name="addLeadForAdditionalFurnitureLeadTest" time="0.000">
    <skipped/>
  </testcase> <!-- addLeadForAdditionalFurnitureLeadTest -->
  <testcase classname="tests.AddFurnitureLeadTest" name="addLeadForAdditionalFurnitureLeadTest" time="8.464"/>
  <testcase classname="tests.AddFurnitureLeadTest" name="addLeadForAdditionalFurnitureLeadTest" time="8.563"/>
  <testcase classname="tests.AddFurnitureLeadTest" name="addLeadForAdditionalFurnitureLeadTest" time="0.000">
    <skipped/>
  </testcase> <!-- addLeadForAdditionalFurnitureLeadTest -->
  <testcase classname="tests.AddFurnitureLeadTest" name="addLeadForAdditionalFurnitureLeadTest" time="8.571"/>
  <testcase classname="tests.AddFurnitureLeadTest" name="addLeadForAdditionalFurnitureLeadTest" time="8.618"/>
  <testcase classname="tests.AddFurnitureLeadTest" name="addLeadForAdditionalFurnitureLeadTest" time="0.000">
    <skipped/>
  </testcase> <!-- addLeadForAdditionalFurnitureLeadTest -->
  <testcase classname="tests.AddFurnitureLeadTest" name="addLeadForAdditionalFurnitureLeadTest" time="0.000">
    <skipped/>
  </testcase> <!-- addLeadForAdditionalFurnitureLeadTest -->
  <testcase classname="tests.AddFurnitureLeadTest" name="addLeadForAdditionalFurnitureLeadTest" time="0.000">
    <skipped/>
  </testcase> <!-- addLeadForAdditionalFurnitureLeadTest -->
  <testcase classname="tests.AddFurnitureLeadTest" name="addLeadForAdditionalFurnitureLeadTest" time="8.631"/>
  <testcase classname="tests.AddFurnitureLeadTest" name="addLeadForAdditionalFurnitureLeadTest" time="0.000">
    <skipped/>
  </testcase> <!-- addLeadForAdditionalFurnitureLeadTest -->
  <testcase classname="tests.AddFurnitureLeadTest" name="addLeadForAdditionalFurnitureLeadTest" time="8.716"/>
  <testcase classname="tests.AddFurnitureLeadTest" name="addLeadForAdditionalFurnitureLeadTest" time="0.000">
    <skipped/>
  </testcase> <!-- addLeadForAdditionalFurnitureLeadTest -->
  <testcase classname="tests.AddFurnitureLeadTest" name="addLeadForAdditionalFurnitureLeadTest" time="8.552"/>
  <testcase classname="tests.AddFurnitureLeadTest" name="addLeadForAdditionalFurnitureLeadTest" time="0.000">
    <skipped/>
  </testcase> <!-- addLeadForAdditionalFurnitureLeadTest -->
  <testcase classname="tests.AddFurnitureLeadTest" name="addLeadForAdditionalFurnitureLeadTest" time="0.000">
    <skipped/>
  </testcase> <!-- addLeadForAdditionalFurnitureLeadTest -->
  <testcase classname="tests.AddFurnitureLeadTest" name="addLeadForAdditionalFurnitureLeadTest" time="0.000">
    <skipped/>
  </testcase> <!-- addLeadForAdditionalFurnitureLeadTest -->
  <testcase classname="tests.AddFurnitureLeadTest" name="addLeadForAdditionalFurnitureLeadTest" time="8.451"/>
  <testcase classname="tests.AddFurnitureLeadTest" name="addLeadForAdditionalFurnitureLeadTest" time="0.000">
    <skipped/>
  </testcase> <!-- addLeadForAdditionalFurnitureLeadTest -->
  <testcase classname="tests.AddFurnitureLeadTest" name="addLeadForAdditionalFurnitureLeadTest" time="8.598"/>
  <testcase classname="tests.AddFurnitureLeadTest" name="addLeadForAdditionalFurnitureLeadTest" time="0.000">
    <skipped/>
  </testcase> <!-- addLeadForAdditionalFurnitureLeadTest -->
  <testcase classname="tests.AddFurnitureLeadTest" name="addLeadForAdditionalFurnitureLeadTest" time="0.000">
    <skipped/>
  </testcase> <!-- addLeadForAdditionalFurnitureLeadTest -->
  <testcase classname="tests.AddFurnitureLeadTest" name="addLeadForAdditionalFurnitureLeadTest" time="0.000">
    <skipped/>
  </testcase> <!-- addLeadForAdditionalFurnitureLeadTest -->
  <testcase classname="tests.AddFurnitureLeadTest" name="addLeadForAdditionalFurnitureLeadTest" time="0.000">
    <skipped/>
  </testcase> <!-- addLeadForAdditionalFurnitureLeadTest -->
  <testcase classname="tests.AddFurnitureLeadTest" name="addLeadForAdditionalFurnitureLeadTest" time="0.000">
    <skipped/>
  </testcase> <!-- addLeadForAdditionalFurnitureLeadTest -->
  <testcase classname="tests.AddFurnitureLeadTest" name="addLeadForAdditionalFurnitureLeadTest" time="0.000">
    <skipped/>
  </testcase> <!-- addLeadForAdditionalFurnitureLeadTest -->
  <testcase classname="tests.AddFurnitureLeadTest" name="addLeadForAdditionalFurnitureLeadTest" time="0.000">
    <skipped/>
  </testcase> <!-- addLeadForAdditionalFurnitureLeadTest -->
  <testcase classname="tests.AddFurnitureLeadTest" name="addLeadForAdditionalFurnitureLeadTest" time="0.000">
    <skipped/>
  </testcase> <!-- addLeadForAdditionalFurnitureLeadTest -->
  <testcase classname="tests.AddFurnitureLeadTest" name="addLeadForAdditionalFurnitureLeadTest" time="0.000">
    <skipped/>
  </testcase> <!-- addLeadForAdditionalFurnitureLeadTest -->
  <testcase classname="tests.AddFurnitureLeadTest" name="addLeadForAdditionalFurnitureLeadTest" time="8.788"/>
  <testcase classname="tests.AddFurnitureLeadTest" name="addLeadForAdditionalFurnitureLeadTest" time="7.431">
    <failure message="Full name mismatch. Expected: Viren Shukla, Got: Pooja Vyas" type="java.lang.AssertionError">
      <![CDATA[java.lang.AssertionError: Full name mismatch. Expected: Viren Shukla, Got: Pooja Vyas
at pages.AddFurnitureLeadPage.validateLeadWithAdditionalInfo(AddFurnitureLeadPage.java:270)
at tests.AddFurnitureLeadTest.addLeadForAdditionalFurnitureLeadTest(AddFurnitureLeadTest.java:173)
at java.base/jdk.internal.reflect.DirectMethodHandleAccessor.invoke(DirectMethodHandleAccessor.java:103)
at java.base/java.lang.reflect.Method.invoke(Method.java:580)
at org.testng.internal.invokers.MethodInvocationHelper.invokeMethod(MethodInvocationHelper.java:141)
at org.testng.internal.invokers.TestInvoker.invokeMethod(TestInvoker.java:687)
at org.testng.internal.invokers.TestInvoker.invokeTestMethod(TestInvoker.java:230)
at org.testng.internal.invokers.MethodRunner.runInSequence(MethodRunner.java:63)
at org.testng.internal.invokers.TestInvoker$MethodInvocationAgent.invoke(TestInvoker.java:995)
at org.testng.internal.invokers.TestInvoker.invokeTestMethods(TestInvoker.java:203)
at org.testng.internal.invokers.TestMethodWorker.invokeTestMethods(TestMethodWorker.java:154)
at org.testng.internal.invokers.TestMethodWorker.run(TestMethodWorker.java:134)
at java.base/java.util.ArrayList.forEach(ArrayList.java:1596)
at org.testng.TestRunner.privateRun(TestRunner.java:741)
at org.testng.TestRunner.run(TestRunner.java:616)
at org.testng.SuiteRunner.runTest(SuiteRunner.java:421)
at org.testng.SuiteRunner.runSequentially(SuiteRunner.java:413)
at org.testng.SuiteRunner.privateRun(SuiteRunner.java:373)
at org.testng.SuiteRunner.run(SuiteRunner.java:312)
at org.testng.SuiteRunnerWorker.runSuite(SuiteRunnerWorker.java:52)
at org.testng.SuiteRunnerWorker.run(SuiteRunnerWorker.java:95)
at org.testng.TestNG.runSuitesSequentially(TestNG.java:1274)
at org.testng.TestNG.runSuitesLocally(TestNG.java:1208)
at org.testng.TestNG.runSuites(TestNG.java:1112)
at org.testng.TestNG.run(TestNG.java:1079)
at org.testng.remote.AbstractRemoteTestNG.run(AbstractRemoteTestNG.java:115)
at org.testng.remote.RemoteTestNG.initAndRun(RemoteTestNG.java:293)
at org.testng.remote.RemoteTestNG.main(RemoteTestNG.java:91)
]]>
    </failure>
  </testcase> <!-- addLeadForAdditionalFurnitureLeadTest -->
  <testcase classname="tests.AddFurnitureLeadTest" name="addLeadForAdditionalFurnitureLeadTest" time="8.680"/>
  <testcase classname="tests.AddFurnitureLeadTest" name="addLeadForAdditionalFurnitureLeadTest" time="7.418">
    <failure message="Full name mismatch. Expected: Pooja Bhatt, Got: Sonal Raval" type="java.lang.AssertionError">
      <![CDATA[java.lang.AssertionError: Full name mismatch. Expected: Pooja Bhatt, Got: Sonal Raval
at pages.AddFurnitureLeadPage.validateLeadWithAdditionalInfo(AddFurnitureLeadPage.java:270)
at tests.AddFurnitureLeadTest.addLeadForAdditionalFurnitureLeadTest(AddFurnitureLeadTest.java:173)
at java.base/jdk.internal.reflect.DirectMethodHandleAccessor.invoke(DirectMethodHandleAccessor.java:103)
at java.base/java.lang.reflect.Method.invoke(Method.java:580)
at org.testng.internal.invokers.MethodInvocationHelper.invokeMethod(MethodInvocationHelper.java:141)
at org.testng.internal.invokers.TestInvoker.invokeMethod(TestInvoker.java:687)
at org.testng.internal.invokers.TestInvoker.invokeTestMethod(TestInvoker.java:230)
at org.testng.internal.invokers.MethodRunner.runInSequence(MethodRunner.java:63)
at org.testng.internal.invokers.TestInvoker$MethodInvocationAgent.invoke(TestInvoker.java:995)
at org.testng.internal.invokers.TestInvoker.invokeTestMethods(TestInvoker.java:203)
at org.testng.internal.invokers.TestMethodWorker.invokeTestMethods(TestMethodWorker.java:154)
at org.testng.internal.invokers.TestMethodWorker.run(TestMethodWorker.java:134)
at java.base/java.util.ArrayList.forEach(ArrayList.java:1596)
at org.testng.TestRunner.privateRun(TestRunner.java:741)
at org.testng.TestRunner.run(TestRunner.java:616)
at org.testng.SuiteRunner.runTest(SuiteRunner.java:421)
at org.testng.SuiteRunner.runSequentially(SuiteRunner.java:413)
at org.testng.SuiteRunner.privateRun(SuiteRunner.java:373)
at org.testng.SuiteRunner.run(SuiteRunner.java:312)
at org.testng.SuiteRunnerWorker.runSuite(SuiteRunnerWorker.java:52)
at org.testng.SuiteRunnerWorker.run(SuiteRunnerWorker.java:95)
at org.testng.TestNG.runSuitesSequentially(TestNG.java:1274)
at org.testng.TestNG.runSuitesLocally(TestNG.java:1208)
at org.testng.TestNG.runSuites(TestNG.java:1112)
at org.testng.TestNG.run(TestNG.java:1079)
at org.testng.remote.AbstractRemoteTestNG.run(AbstractRemoteTestNG.java:115)
at org.testng.remote.RemoteTestNG.initAndRun(RemoteTestNG.java:293)
at org.testng.remote.RemoteTestNG.main(RemoteTestNG.java:91)
]]>
    </failure>
  </testcase> <!-- addLeadForAdditionalFurnitureLeadTest -->
  <testcase classname="tests.AddFurnitureLeadTest" name="addLeadForAdditionalFurnitureLeadTest" time="8.564"/>
  <testcase classname="tests.AddFurnitureLeadTest" name="addLeadForAdditionalFurnitureLeadTest" time="0.000">
    <skipped/>
  </testcase> <!-- addLeadForAdditionalFurnitureLeadTest -->
  <testcase classname="tests.AddFurnitureLeadTest" name="addLeadForAdditionalFurnitureLeadTest" time="0.000">
    <skipped/>
  </testcase> <!-- addLeadForAdditionalFurnitureLeadTest -->
  <testcase classname="tests.AddFurnitureLeadTest" name="addLeadForAdditionalFurnitureLeadTest" time="0.000">
    <skipped/>
  </testcase> <!-- addLeadForAdditionalFurnitureLeadTest -->
  <testcase classname="tests.AddFurnitureLeadTest" name="addLeadForAdditionalFurnitureLeadTest" time="8.565"/>
  <testcase classname="tests.AddFurnitureLeadTest" name="addLeadForAdditionalFurnitureLeadTest" time="8.866"/>
  <testcase classname="tests.AddFurnitureLeadTest" name="addLeadForAdditionalFurnitureLeadTest" time="8.626"/>
  <testcase classname="tests.AddFurnitureLeadTest" name="addLeadForAdditionalFurnitureLeadTest" time="8.571"/>
  <testcase classname="tests.AddFurnitureLeadTest" name="addLeadForAdditionalFurnitureLeadTest" time="0.000">
    <skipped/>
  </testcase> <!-- addLeadForAdditionalFurnitureLeadTest -->
  <testcase classname="tests.AddFurnitureLeadTest" name="addLeadForAdditionalFurnitureLeadTest" time="8.677"/>
  <testcase classname="tests.AddFurnitureLeadTest" name="addLeadForAdditionalFurnitureLeadTest" time="8.533"/>
  <testcase classname="tests.AddFurnitureLeadTest" name="addLeadForAdditionalFurnitureLeadTest" time="8.548"/>
  <testcase classname="tests.AddFurnitureLeadTest" name="addLeadForAdditionalFurnitureLeadTest" time="7.439">
    <failure message="Full name mismatch. Expected: Neha Shukla, Got: Karan Trivedi" type="java.lang.AssertionError">
      <![CDATA[java.lang.AssertionError: Full name mismatch. Expected: Neha Shukla, Got: Karan Trivedi
at pages.AddFurnitureLeadPage.validateLeadWithAdditionalInfo(AddFurnitureLeadPage.java:270)
at tests.AddFurnitureLeadTest.addLeadForAdditionalFurnitureLeadTest(AddFurnitureLeadTest.java:173)
at java.base/jdk.internal.reflect.DirectMethodHandleAccessor.invoke(DirectMethodHandleAccessor.java:103)
at java.base/java.lang.reflect.Method.invoke(Method.java:580)
at org.testng.internal.invokers.MethodInvocationHelper.invokeMethod(MethodInvocationHelper.java:141)
at org.testng.internal.invokers.TestInvoker.invokeMethod(TestInvoker.java:687)
at org.testng.internal.invokers.TestInvoker.invokeTestMethod(TestInvoker.java:230)
at org.testng.internal.invokers.MethodRunner.runInSequence(MethodRunner.java:63)
at org.testng.internal.invokers.TestInvoker$MethodInvocationAgent.invoke(TestInvoker.java:995)
at org.testng.internal.invokers.TestInvoker.invokeTestMethods(TestInvoker.java:203)
at org.testng.internal.invokers.TestMethodWorker.invokeTestMethods(TestMethodWorker.java:154)
at org.testng.internal.invokers.TestMethodWorker.run(TestMethodWorker.java:134)
at java.base/java.util.ArrayList.forEach(ArrayList.java:1596)
at org.testng.TestRunner.privateRun(TestRunner.java:741)
at org.testng.TestRunner.run(TestRunner.java:616)
at org.testng.SuiteRunner.runTest(SuiteRunner.java:421)
at org.testng.SuiteRunner.runSequentially(SuiteRunner.java:413)
at org.testng.SuiteRunner.privateRun(SuiteRunner.java:373)
at org.testng.SuiteRunner.run(SuiteRunner.java:312)
at org.testng.SuiteRunnerWorker.runSuite(SuiteRunnerWorker.java:52)
at org.testng.SuiteRunnerWorker.run(SuiteRunnerWorker.java:95)
at org.testng.TestNG.runSuitesSequentially(TestNG.java:1274)
at org.testng.TestNG.runSuitesLocally(TestNG.java:1208)
at org.testng.TestNG.runSuites(TestNG.java:1112)
at org.testng.TestNG.run(TestNG.java:1079)
at org.testng.remote.AbstractRemoteTestNG.run(AbstractRemoteTestNG.java:115)
at org.testng.remote.RemoteTestNG.initAndRun(RemoteTestNG.java:293)
at org.testng.remote.RemoteTestNG.main(RemoteTestNG.java:91)
]]>
    </failure>
  </testcase> <!-- addLeadForAdditionalFurnitureLeadTest -->
  <testcase classname="tests.AddFurnitureLeadTest" name="addLeadForAdditionalFurnitureLeadTest" time="8.552"/>
  <testcase classname="tests.AddFurnitureLeadTest" name="addLeadForAdditionalFurnitureLeadTest" time="0.000">
    <skipped/>
  </testcase> <!-- addLeadForAdditionalFurnitureLeadTest -->
  <testcase classname="tests.AddFurnitureLeadTest" name="addLeadForAdditionalFurnitureLeadTest" time="7.456">
    <failure message="Full name mismatch. Expected: Neha Joshi, Got: Jigar Gandhi" type="java.lang.AssertionError">
      <![CDATA[java.lang.AssertionError: Full name mismatch. Expected: Neha Joshi, Got: Jigar Gandhi
at pages.AddFurnitureLeadPage.validateLeadWithAdditionalInfo(AddFurnitureLeadPage.java:270)
at tests.AddFurnitureLeadTest.addLeadForAdditionalFurnitureLeadTest(AddFurnitureLeadTest.java:173)
at java.base/jdk.internal.reflect.DirectMethodHandleAccessor.invoke(DirectMethodHandleAccessor.java:103)
at java.base/java.lang.reflect.Method.invoke(Method.java:580)
at org.testng.internal.invokers.MethodInvocationHelper.invokeMethod(MethodInvocationHelper.java:141)
at org.testng.internal.invokers.TestInvoker.invokeMethod(TestInvoker.java:687)
at org.testng.internal.invokers.TestInvoker.invokeTestMethod(TestInvoker.java:230)
at org.testng.internal.invokers.MethodRunner.runInSequence(MethodRunner.java:63)
at org.testng.internal.invokers.TestInvoker$MethodInvocationAgent.invoke(TestInvoker.java:995)
at org.testng.internal.invokers.TestInvoker.invokeTestMethods(TestInvoker.java:203)
at org.testng.internal.invokers.TestMethodWorker.invokeTestMethods(TestMethodWorker.java:154)
at org.testng.internal.invokers.TestMethodWorker.run(TestMethodWorker.java:134)
at java.base/java.util.ArrayList.forEach(ArrayList.java:1596)
at org.testng.TestRunner.privateRun(TestRunner.java:741)
at org.testng.TestRunner.run(TestRunner.java:616)
at org.testng.SuiteRunner.runTest(SuiteRunner.java:421)
at org.testng.SuiteRunner.runSequentially(SuiteRunner.java:413)
at org.testng.SuiteRunner.privateRun(SuiteRunner.java:373)
at org.testng.SuiteRunner.run(SuiteRunner.java:312)
at org.testng.SuiteRunnerWorker.runSuite(SuiteRunnerWorker.java:52)
at org.testng.SuiteRunnerWorker.run(SuiteRunnerWorker.java:95)
at org.testng.TestNG.runSuitesSequentially(TestNG.java:1274)
at org.testng.TestNG.runSuitesLocally(TestNG.java:1208)
at org.testng.TestNG.runSuites(TestNG.java:1112)
at org.testng.TestNG.run(TestNG.java:1079)
at org.testng.remote.AbstractRemoteTestNG.run(AbstractRemoteTestNG.java:115)
at org.testng.remote.RemoteTestNG.initAndRun(RemoteTestNG.java:293)
at org.testng.remote.RemoteTestNG.main(RemoteTestNG.java:91)
]]>
    </failure>
  </testcase> <!-- addLeadForAdditionalFurnitureLeadTest -->
  <testcase classname="tests.AddFurnitureLeadTest" name="addLeadForAdditionalFurnitureLeadTest" time="8.864"/>
  <testcase classname="tests.AddFurnitureLeadTest" name="addLeadForAdditionalFurnitureLeadTest" time="0.000">
    <skipped/>
  </testcase> <!-- addLeadForAdditionalFurnitureLeadTest -->
  <testcase classname="tests.AddFurnitureLeadTest" name="addLeadForAdditionalFurnitureLeadTest" time="7.331">
    <failure message="Full name mismatch. Expected: Aarav Mehta, Got: Jigar Bhatt" type="java.lang.AssertionError">
      <![CDATA[java.lang.AssertionError: Full name mismatch. Expected: Aarav Mehta, Got: Jigar Bhatt
at pages.AddFurnitureLeadPage.validateLeadWithAdditionalInfo(AddFurnitureLeadPage.java:270)
at tests.AddFurnitureLeadTest.addLeadForAdditionalFurnitureLeadTest(AddFurnitureLeadTest.java:173)
at java.base/jdk.internal.reflect.DirectMethodHandleAccessor.invoke(DirectMethodHandleAccessor.java:103)
at java.base/java.lang.reflect.Method.invoke(Method.java:580)
at org.testng.internal.invokers.MethodInvocationHelper.invokeMethod(MethodInvocationHelper.java:141)
at org.testng.internal.invokers.TestInvoker.invokeMethod(TestInvoker.java:687)
at org.testng.internal.invokers.TestInvoker.invokeTestMethod(TestInvoker.java:230)
at org.testng.internal.invokers.MethodRunner.runInSequence(MethodRunner.java:63)
at org.testng.internal.invokers.TestInvoker$MethodInvocationAgent.invoke(TestInvoker.java:995)
at org.testng.internal.invokers.TestInvoker.invokeTestMethods(TestInvoker.java:203)
at org.testng.internal.invokers.TestMethodWorker.invokeTestMethods(TestMethodWorker.java:154)
at org.testng.internal.invokers.TestMethodWorker.run(TestMethodWorker.java:134)
at java.base/java.util.ArrayList.forEach(ArrayList.java:1596)
at org.testng.TestRunner.privateRun(TestRunner.java:741)
at org.testng.TestRunner.run(TestRunner.java:616)
at org.testng.SuiteRunner.runTest(SuiteRunner.java:421)
at org.testng.SuiteRunner.runSequentially(SuiteRunner.java:413)
at org.testng.SuiteRunner.privateRun(SuiteRunner.java:373)
at org.testng.SuiteRunner.run(SuiteRunner.java:312)
at org.testng.SuiteRunnerWorker.runSuite(SuiteRunnerWorker.java:52)
at org.testng.SuiteRunnerWorker.run(SuiteRunnerWorker.java:95)
at org.testng.TestNG.runSuitesSequentially(TestNG.java:1274)
at org.testng.TestNG.runSuitesLocally(TestNG.java:1208)
at org.testng.TestNG.runSuites(TestNG.java:1112)
at org.testng.TestNG.run(TestNG.java:1079)
at org.testng.remote.AbstractRemoteTestNG.run(AbstractRemoteTestNG.java:115)
at org.testng.remote.RemoteTestNG.initAndRun(RemoteTestNG.java:293)
at org.testng.remote.RemoteTestNG.main(RemoteTestNG.java:91)
]]>
    </failure>
  </testcase> <!-- addLeadForAdditionalFurnitureLeadTest -->
  <testcase classname="tests.AddFurnitureLeadTest" name="addLeadForAdditionalFurnitureLeadTest" time="8.587"/>
  <testcase classname="tests.AddFurnitureLeadTest" name="addLeadForAdditionalFurnitureLeadTest" time="0.000">
    <skipped/>
  </testcase> <!-- addLeadForAdditionalFurnitureLeadTest -->
  <testcase classname="tests.AddFurnitureLeadTest" name="addLeadForAdditionalFurnitureLeadTest" time="0.000">
    <skipped/>
  </testcase> <!-- addLeadForAdditionalFurnitureLeadTest -->
  <testcase classname="tests.AddFurnitureLeadTest" name="addLeadForAdditionalFurnitureLeadTest" time="0.000">
    <skipped/>
  </testcase> <!-- addLeadForAdditionalFurnitureLeadTest -->
  <testcase classname="tests.AddFurnitureLeadTest" name="addLeadForAdditionalFurnitureLeadTest" time="8.554"/>
  <testcase classname="tests.AddFurnitureLeadTest" name="addLeadForAdditionalFurnitureLeadTest" time="8.722"/>
  <testcase classname="tests.AddFurnitureLeadTest" name="addLeadForAdditionalFurnitureLeadTest" time="0.000">
    <skipped/>
  </testcase> <!-- addLeadForAdditionalFurnitureLeadTest -->
  <testcase classname="tests.AddFurnitureLeadTest" name="addLeadForAdditionalFurnitureLeadTest" time="8.615"/>
  <testcase classname="tests.AddFurnitureLeadTest" name="addLeadForAdditionalFurnitureLeadTest" time="0.000">
    <skipped/>
  </testcase> <!-- addLeadForAdditionalFurnitureLeadTest -->
  <testcase classname="tests.AddFurnitureLeadTest" name="addLeadForAdditionalFurnitureLeadTest" time="0.000">
    <skipped/>
  </testcase> <!-- addLeadForAdditionalFurnitureLeadTest -->
  <testcase classname="tests.AddFurnitureLeadTest" name="addLeadForAdditionalFurnitureLeadTest" time="0.000">
    <skipped/>
  </testcase> <!-- addLeadForAdditionalFurnitureLeadTest -->
  <testcase classname="tests.AddFurnitureLeadTest" name="addLeadForAdditionalFurnitureLeadTest" time="8.562"/>
  <testcase classname="tests.AddFurnitureLeadTest" name="addLeadForAdditionalFurnitureLeadTest" time="0.000">
    <skipped/>
  </testcase> <!-- addLeadForAdditionalFurnitureLeadTest -->
  <testcase classname="tests.AddFurnitureLeadTest" name="addLeadForAdditionalFurnitureLeadTest" time="0.000">
    <skipped/>
  </testcase> <!-- addLeadForAdditionalFurnitureLeadTest -->
  <testcase classname="tests.AddFurnitureLeadTest" name="addLeadForAdditionalFurnitureLeadTest" time="0.000">
    <skipped/>
  </testcase> <!-- addLeadForAdditionalFurnitureLeadTest -->
  <testcase classname="tests.AddFurnitureLeadTest" name="addLeadForAdditionalFurnitureLeadTest" time="9.506"/>
  <testcase classname="tests.AddFurnitureLeadTest" name="addLeadForAdditionalFurnitureLeadTest" time="0.000">
    <skipped/>
  </testcase> <!-- addLeadForAdditionalFurnitureLeadTest -->
  <testcase classname="tests.AddFurnitureLeadTest" name="addLeadForAdditionalFurnitureLeadTest" time="0.000">
    <skipped/>
  </testcase> <!-- addLeadForAdditionalFurnitureLeadTest -->
  <testcase classname="tests.AddFurnitureLeadTest" name="addLeadForAdditionalFurnitureLeadTest" time="8.802"/>
  <testcase classname="tests.AddFurnitureLeadTest" name="addLeadForAdditionalFurnitureLeadTest" time="0.000">
    <skipped/>
  </testcase> <!-- addLeadForAdditionalFurnitureLeadTest -->
  <testcase classname="tests.AddFurnitureLeadTest" name="addLeadForAdditionalFurnitureLeadTest" time="8.531"/>
  <testcase classname="tests.AddFurnitureLeadTest" name="addLeadForAdditionalFurnitureLeadTest" time="0.000">
    <skipped/>
  </testcase> <!-- addLeadForAdditionalFurnitureLeadTest -->
  <testcase classname="tests.AddFurnitureLeadTest" name="addLeadForAdditionalFurnitureLeadTest" time="0.000">
    <skipped/>
  </testcase> <!-- addLeadForAdditionalFurnitureLeadTest -->
  <testcase classname="tests.AddFurnitureLeadTest" name="addLeadForAdditionalFurnitureLeadTest" time="0.000">
    <skipped/>
  </testcase> <!-- addLeadForAdditionalFurnitureLeadTest -->
  <testcase classname="tests.AddFurnitureLeadTest" name="addLeadForAdditionalFurnitureLeadTest" time="0.000">
    <skipped/>
  </testcase> <!-- addLeadForAdditionalFurnitureLeadTest -->
  <testcase classname="tests.AddFurnitureLeadTest" name="addLeadForAdditionalFurnitureLeadTest" time="33.455">
    <error message="Error {
  message=&#039;Timeout 30000ms exceeded.
  name=&#039;TimeoutError
  stack=&#039;TimeoutError: Timeout 30000ms exceeded.
    at ProgressController.run (/private/var/folders/1b/cqmvqvbd4sg1xvl1gc93cfyh0000gn/T/playwright-java-7524229160389361392/package/lib/server/progress.js:68:28)
    at FrameDispatcher._runCommand (/private/var/folders/1b/cqmvqvbd4sg1xvl1gc93cfyh0000gn/T/playwright-java-7524229160389361392/package/lib/server/dispatchers/dispatcher.js:95:31)
    at DispatcherConnection.dispatch (/private/var/folders/1b/cqmvqvbd4sg1xvl1gc93cfyh0000gn/T/playwright-java-7524229160389361392/package/lib/server/dispatchers/dispatcher.js:329:39)
}
Call log:
-   - waiting for locator(&quot;#category&quot;)
-     - locator resolved to &lt;select id=&quot;category&quot; name=&quot;category&quot; class=&quot;custom-input &quot; aria-label=&quot;Select Product Category&quot;&gt;…&lt;/select&gt;
-   - attempting select option action
-     2 × waiting for element to be visible and enabled
-       - did not find some options
-     - retrying select option action
-     - waiting 20ms
-     2 × waiting for element to be visible and enabled
-       - did not find some options
-     - retrying select option action
-       - waiting 100ms
-     60 × waiting for element to be visible and enabled
-        - did not find some options
-      - retrying select option action
-        - waiting 500ms
" type="com.microsoft.playwright.TimeoutError">
      <![CDATA[com.microsoft.playwright.TimeoutError: Error {
  message='Timeout 30000ms exceeded.
  name='TimeoutError
  stack='TimeoutError: Timeout 30000ms exceeded.
    at ProgressController.run (/private/var/folders/1b/cqmvqvbd4sg1xvl1gc93cfyh0000gn/T/playwright-java-7524229160389361392/package/lib/server/progress.js:68:28)
    at FrameDispatcher._runCommand (/private/var/folders/1b/cqmvqvbd4sg1xvl1gc93cfyh0000gn/T/playwright-java-7524229160389361392/package/lib/server/dispatchers/dispatcher.js:95:31)
    at DispatcherConnection.dispatch (/private/var/folders/1b/cqmvqvbd4sg1xvl1gc93cfyh0000gn/T/playwright-java-7524229160389361392/package/lib/server/dispatchers/dispatcher.js:329:39)
}
Call log:
-   - waiting for locator("#category")
-     - locator resolved to <select id="category" name="category" class="custom-input " aria-label="Select Product Category">…</select>
-   - attempting select option action
-     2 × waiting for element to be visible and enabled
-       - did not find some options
-     - retrying select option action
-     - waiting 20ms
-     2 × waiting for element to be visible and enabled
-       - did not find some options
-     - retrying select option action
-       - waiting 100ms
-     60 × waiting for element to be visible and enabled
-        - did not find some options
-      - retrying select option action
-        - waiting 500ms

at com.microsoft.playwright.impl.WaitableResult.get(WaitableResult.java:52)
at com.microsoft.playwright.impl.ChannelOwner.runUntil(ChannelOwner.java:138)
at com.microsoft.playwright.impl.Connection.sendMessage(Connection.java:131)
at com.microsoft.playwright.impl.ChannelOwner.sendMessage(ChannelOwner.java:124)
at com.microsoft.playwright.impl.FrameImpl.selectOption(FrameImpl.java:678)
at com.microsoft.playwright.impl.FrameImpl.selectOptionImpl(FrameImpl.java:645)
at com.microsoft.playwright.impl.PageImpl.selectOption(PageImpl.java:1183)
at com.microsoft.playwright.impl.PageImpl.selectOption(PageImpl.java:1150)
at com.microsoft.playwright.Page.selectOption(Page.java:6958)
at pages.AddFurnitureLeadPage.addLeadBasic(AddFurnitureLeadPage.java:396)
at pages.AddFurnitureLeadPage.addLeadWithAdditional(AddFurnitureLeadPage.java:205)
at tests.AddFurnitureLeadTest.addLeadForAdditionalFurnitureLeadTest(AddFurnitureLeadTest.java:168)
at java.base/jdk.internal.reflect.DirectMethodHandleAccessor.invoke(DirectMethodHandleAccessor.java:103)
at java.base/java.lang.reflect.Method.invoke(Method.java:580)
at org.testng.internal.invokers.MethodInvocationHelper.invokeMethod(MethodInvocationHelper.java:141)
at org.testng.internal.invokers.TestInvoker.invokeMethod(TestInvoker.java:687)
at org.testng.internal.invokers.TestInvoker.invokeTestMethod(TestInvoker.java:230)
at org.testng.internal.invokers.MethodRunner.runInSequence(MethodRunner.java:63)
at org.testng.internal.invokers.TestInvoker$MethodInvocationAgent.invoke(TestInvoker.java:995)
at org.testng.internal.invokers.TestInvoker.invokeTestMethods(TestInvoker.java:203)
at org.testng.internal.invokers.TestMethodWorker.invokeTestMethods(TestMethodWorker.java:154)
at org.testng.internal.invokers.TestMethodWorker.run(TestMethodWorker.java:134)
at java.base/java.util.ArrayList.forEach(ArrayList.java:1596)
at org.testng.TestRunner.privateRun(TestRunner.java:741)
at org.testng.TestRunner.run(TestRunner.java:616)
at org.testng.SuiteRunner.runTest(SuiteRunner.java:421)
at org.testng.SuiteRunner.runSequentially(SuiteRunner.java:413)
at org.testng.SuiteRunner.privateRun(SuiteRunner.java:373)
at org.testng.SuiteRunner.run(SuiteRunner.java:312)
at org.testng.SuiteRunnerWorker.runSuite(SuiteRunnerWorker.java:52)
at org.testng.SuiteRunnerWorker.run(SuiteRunnerWorker.java:95)
at org.testng.TestNG.runSuitesSequentially(TestNG.java:1274)
at org.testng.TestNG.runSuitesLocally(TestNG.java:1208)
at org.testng.TestNG.runSuites(TestNG.java:1112)
at org.testng.TestNG.run(TestNG.java:1079)
at org.testng.remote.AbstractRemoteTestNG.run(AbstractRemoteTestNG.java:115)
at org.testng.remote.RemoteTestNG.initAndRun(RemoteTestNG.java:293)
at org.testng.remote.RemoteTestNG.main(RemoteTestNG.java:91)
Caused by: com.microsoft.playwright.TimeoutError: Error {
  message='Timeout 30000ms exceeded.
  name='TimeoutError
  stack='TimeoutError: Timeout 30000ms exceeded.
    at ProgressController.run (/private/var/folders/1b/cqmvqvbd4sg1xvl1gc93cfyh0000gn/T/playwright-java-7524229160389361392/package/lib/server/progress.js:68:28)
    at FrameDispatcher._runCommand (/private/var/folders/1b/cqmvqvbd4sg1xvl1gc93cfyh0000gn/T/playwright-java-7524229160389361392/package/lib/server/dispatchers/dispatcher.js:95:31)
    at DispatcherConnection.dispatch (/private/var/folders/1b/cqmvqvbd4sg1xvl1gc93cfyh0000gn/T/playwright-java-7524229160389361392/package/lib/server/dispatchers/dispatcher.js:329:39)
}
Call log:
-   - waiting for locator("#category")
-     - locator resolved to <select id="category" name="category" class="custom-input " aria-label="Select Product Category">…</select>
-   - attempting select option action
-     2 × waiting for element to be visible and enabled
-       - did not find some options
-     - retrying select option action
-     - waiting 20ms
-     2 × waiting for element to be visible and enabled
-       - did not find some options
-     - retrying select option action
-       - waiting 100ms
-     60 × waiting for element to be visible and enabled
-        - did not find some options
-      - retrying select option action
-        - waiting 500ms

at com.microsoft.playwright.impl.Connection.dispatch(Connection.java:257)
at com.microsoft.playwright.impl.Connection.processOneMessage(Connection.java:214)
at com.microsoft.playwright.impl.ChannelOwner.runUntil(ChannelOwner.java:136)
... 36 more
]]>
    </error>
  </testcase> <!-- addLeadForAdditionalFurnitureLeadTest -->
  <testcase classname="tests.AddFurnitureLeadTest" name="addLeadForAdditionalFurnitureLeadTest" time="8.561"/>
  <testcase classname="tests.AddFurnitureLeadTest" name="addLeadForAdditionalFurnitureLeadTest" time="8.599"/>
  <testcase classname="tests.AddFurnitureLeadTest" name="addLeadForAdditionalFurnitureLeadTest" time="8.781"/>
  <testcase classname="tests.AddFurnitureLeadTest" name="addLeadForAdditionalFurnitureLeadTest" time="0.000">
    <skipped/>
  </testcase> <!-- addLeadForAdditionalFurnitureLeadTest -->
  <testcase classname="tests.AddFurnitureLeadTest" name="addLeadForAdditionalFurnitureLeadTest" time="0.000">
    <skipped/>
  </testcase> <!-- addLeadForAdditionalFurnitureLeadTest -->
  <testcase classname="tests.AddFurnitureLeadTest" name="addLeadForAdditionalFurnitureLeadTest" time="0.000">
    <skipped/>
  </testcase> <!-- addLeadForAdditionalFurnitureLeadTest -->
  <testcase classname="tests.AddFurnitureLeadTest" name="addLeadForAdditionalFurnitureLeadTest" time="0.000">
    <skipped/>
  </testcase> <!-- addLeadForAdditionalFurnitureLeadTest -->
  <testcase classname="tests.AddFurnitureLeadTest" name="addLeadForAdditionalFurnitureLeadTest" time="0.000">
    <skipped/>
  </testcase> <!-- addLeadForAdditionalFurnitureLeadTest -->
  <testcase classname="tests.AddFurnitureLeadTest" name="addLeadForAdditionalFurnitureLeadTest" time="33.498">
    <error message="Error {
  message=&#039;Timeout 30000ms exceeded.
  name=&#039;TimeoutError
  stack=&#039;TimeoutError: Timeout 30000ms exceeded.
    at ProgressController.run (/private/var/folders/1b/cqmvqvbd4sg1xvl1gc93cfyh0000gn/T/playwright-java-7524229160389361392/package/lib/server/progress.js:68:28)
    at FrameDispatcher._runCommand (/private/var/folders/1b/cqmvqvbd4sg1xvl1gc93cfyh0000gn/T/playwright-java-7524229160389361392/package/lib/server/dispatchers/dispatcher.js:95:31)
    at DispatcherConnection.dispatch (/private/var/folders/1b/cqmvqvbd4sg1xvl1gc93cfyh0000gn/T/playwright-java-7524229160389361392/package/lib/server/dispatchers/dispatcher.js:329:39)
}
Call log:
-   - waiting for locator(&quot;#category&quot;)
-     - locator resolved to &lt;select id=&quot;category&quot; name=&quot;category&quot; class=&quot;custom-input &quot; aria-label=&quot;Select Product Category&quot;&gt;…&lt;/select&gt;
-   - attempting select option action
-     2 × waiting for element to be visible and enabled
-       - did not find some options
-     - retrying select option action
-     - waiting 20ms
-     2 × waiting for element to be visible and enabled
-       - did not find some options
-     - retrying select option action
-       - waiting 100ms
-     59 × waiting for element to be visible and enabled
-        - did not find some options
-      - retrying select option action
-        - waiting 500ms
-     - waiting for element to be visible and enabled
" type="com.microsoft.playwright.TimeoutError">
      <![CDATA[com.microsoft.playwright.TimeoutError: Error {
  message='Timeout 30000ms exceeded.
  name='TimeoutError
  stack='TimeoutError: Timeout 30000ms exceeded.
    at ProgressController.run (/private/var/folders/1b/cqmvqvbd4sg1xvl1gc93cfyh0000gn/T/playwright-java-7524229160389361392/package/lib/server/progress.js:68:28)
    at FrameDispatcher._runCommand (/private/var/folders/1b/cqmvqvbd4sg1xvl1gc93cfyh0000gn/T/playwright-java-7524229160389361392/package/lib/server/dispatchers/dispatcher.js:95:31)
    at DispatcherConnection.dispatch (/private/var/folders/1b/cqmvqvbd4sg1xvl1gc93cfyh0000gn/T/playwright-java-7524229160389361392/package/lib/server/dispatchers/dispatcher.js:329:39)
}
Call log:
-   - waiting for locator("#category")
-     - locator resolved to <select id="category" name="category" class="custom-input " aria-label="Select Product Category">…</select>
-   - attempting select option action
-     2 × waiting for element to be visible and enabled
-       - did not find some options
-     - retrying select option action
-     - waiting 20ms
-     2 × waiting for element to be visible and enabled
-       - did not find some options
-     - retrying select option action
-       - waiting 100ms
-     59 × waiting for element to be visible and enabled
-        - did not find some options
-      - retrying select option action
-        - waiting 500ms
-     - waiting for element to be visible and enabled

at com.microsoft.playwright.impl.WaitableResult.get(WaitableResult.java:52)
at com.microsoft.playwright.impl.ChannelOwner.runUntil(ChannelOwner.java:138)
at com.microsoft.playwright.impl.Connection.sendMessage(Connection.java:131)
at com.microsoft.playwright.impl.ChannelOwner.sendMessage(ChannelOwner.java:124)
at com.microsoft.playwright.impl.FrameImpl.selectOption(FrameImpl.java:678)
at com.microsoft.playwright.impl.FrameImpl.selectOptionImpl(FrameImpl.java:645)
at com.microsoft.playwright.impl.PageImpl.selectOption(PageImpl.java:1183)
at com.microsoft.playwright.impl.PageImpl.selectOption(PageImpl.java:1150)
at com.microsoft.playwright.Page.selectOption(Page.java:6958)
at pages.AddFurnitureLeadPage.addLeadBasic(AddFurnitureLeadPage.java:396)
at pages.AddFurnitureLeadPage.addLeadWithAdditional(AddFurnitureLeadPage.java:205)
at tests.AddFurnitureLeadTest.addLeadForAdditionalFurnitureLeadTest(AddFurnitureLeadTest.java:168)
at java.base/jdk.internal.reflect.DirectMethodHandleAccessor.invoke(DirectMethodHandleAccessor.java:103)
at java.base/java.lang.reflect.Method.invoke(Method.java:580)
at org.testng.internal.invokers.MethodInvocationHelper.invokeMethod(MethodInvocationHelper.java:141)
at org.testng.internal.invokers.TestInvoker.invokeMethod(TestInvoker.java:687)
at org.testng.internal.invokers.TestInvoker.invokeTestMethod(TestInvoker.java:230)
at org.testng.internal.invokers.MethodRunner.runInSequence(MethodRunner.java:63)
at org.testng.internal.invokers.TestInvoker$MethodInvocationAgent.invoke(TestInvoker.java:995)
at org.testng.internal.invokers.TestInvoker.invokeTestMethods(TestInvoker.java:203)
at org.testng.internal.invokers.TestMethodWorker.invokeTestMethods(TestMethodWorker.java:154)
at org.testng.internal.invokers.TestMethodWorker.run(TestMethodWorker.java:134)
at java.base/java.util.ArrayList.forEach(ArrayList.java:1596)
at org.testng.TestRunner.privateRun(TestRunner.java:741)
at org.testng.TestRunner.run(TestRunner.java:616)
at org.testng.SuiteRunner.runTest(SuiteRunner.java:421)
at org.testng.SuiteRunner.runSequentially(SuiteRunner.java:413)
at org.testng.SuiteRunner.privateRun(SuiteRunner.java:373)
at org.testng.SuiteRunner.run(SuiteRunner.java:312)
at org.testng.SuiteRunnerWorker.runSuite(SuiteRunnerWorker.java:52)
at org.testng.SuiteRunnerWorker.run(SuiteRunnerWorker.java:95)
at org.testng.TestNG.runSuitesSequentially(TestNG.java:1274)
at org.testng.TestNG.runSuitesLocally(TestNG.java:1208)
at org.testng.TestNG.runSuites(TestNG.java:1112)
at org.testng.TestNG.run(TestNG.java:1079)
at org.testng.remote.AbstractRemoteTestNG.run(AbstractRemoteTestNG.java:115)
at org.testng.remote.RemoteTestNG.initAndRun(RemoteTestNG.java:293)
at org.testng.remote.RemoteTestNG.main(RemoteTestNG.java:91)
Caused by: com.microsoft.playwright.TimeoutError: Error {
  message='Timeout 30000ms exceeded.
  name='TimeoutError
  stack='TimeoutError: Timeout 30000ms exceeded.
    at ProgressController.run (/private/var/folders/1b/cqmvqvbd4sg1xvl1gc93cfyh0000gn/T/playwright-java-7524229160389361392/package/lib/server/progress.js:68:28)
    at FrameDispatcher._runCommand (/private/var/folders/1b/cqmvqvbd4sg1xvl1gc93cfyh0000gn/T/playwright-java-7524229160389361392/package/lib/server/dispatchers/dispatcher.js:95:31)
    at DispatcherConnection.dispatch (/private/var/folders/1b/cqmvqvbd4sg1xvl1gc93cfyh0000gn/T/playwright-java-7524229160389361392/package/lib/server/dispatchers/dispatcher.js:329:39)
}
Call log:
-   - waiting for locator("#category")
-     - locator resolved to <select id="category" name="category" class="custom-input " aria-label="Select Product Category">…</select>
-   - attempting select option action
-     2 × waiting for element to be visible and enabled
-       - did not find some options
-     - retrying select option action
-     - waiting 20ms
-     2 × waiting for element to be visible and enabled
-       - did not find some options
-     - retrying select option action
-       - waiting 100ms
-     59 × waiting for element to be visible and enabled
-        - did not find some options
-      - retrying select option action
-        - waiting 500ms
-     - waiting for element to be visible and enabled

at com.microsoft.playwright.impl.Connection.dispatch(Connection.java:257)
at com.microsoft.playwright.impl.Connection.processOneMessage(Connection.java:214)
at com.microsoft.playwright.impl.ChannelOwner.runUntil(ChannelOwner.java:136)
... 36 more
]]>
    </error>
  </testcase> <!-- addLeadForAdditionalFurnitureLeadTest -->
  <testcase classname="tests.AddFurnitureLeadTest" name="addLeadForAdditionalFurnitureLeadTest" time="8.663"/>
  <testcase classname="tests.AddFurnitureLeadTest" name="addLeadForAdditionalFurnitureLeadTest" time="0.000">
    <skipped/>
  </testcase> <!-- addLeadForAdditionalFurnitureLeadTest -->
  <testcase classname="tests.AddFurnitureLeadTest" name="addLeadForAdditionalFurnitureLeadTest" time="0.000">
    <skipped/>
  </testcase> <!-- addLeadForAdditionalFurnitureLeadTest -->
  <testcase classname="tests.AddFurnitureLeadTest" name="addLeadForAdditionalFurnitureLeadTest" time="0.000">
    <skipped/>
  </testcase> <!-- addLeadForAdditionalFurnitureLeadTest -->
  <testcase classname="tests.AddFurnitureLeadTest" name="addLeadForAdditionalFurnitureLeadTest" time="8.591"/>
  <testcase classname="tests.AddFurnitureLeadTest" name="addLeadForAdditionalFurnitureLeadTest" time="0.000">
    <skipped/>
  </testcase> <!-- addLeadForAdditionalFurnitureLeadTest -->
  <testcase classname="tests.AddFurnitureLeadTest" name="addLeadForAdditionalFurnitureLeadTest" time="0.000">
    <skipped/>
  </testcase> <!-- addLeadForAdditionalFurnitureLeadTest -->
  <testcase classname="tests.AddFurnitureLeadTest" name="addLeadForAdditionalFurnitureLeadTest" time="0.000">
    <skipped/>
  </testcase> <!-- addLeadForAdditionalFurnitureLeadTest -->
  <testcase classname="tests.AddFurnitureLeadTest" name="addLeadForAdditionalFurnitureLeadTest" time="0.000">
    <skipped/>
  </testcase> <!-- addLeadForAdditionalFurnitureLeadTest -->
  <testcase classname="tests.AddFurnitureLeadTest" name="addLeadForAdditionalFurnitureLeadTest" time="0.000">
    <skipped/>
  </testcase> <!-- addLeadForAdditionalFurnitureLeadTest -->
  <testcase classname="tests.AddFurnitureLeadTest" name="addLeadForAdditionalFurnitureLeadTest" time="8.559"/>
  <testcase classname="tests.AddFurnitureLeadTest" name="addLeadForAdditionalFurnitureLeadTest" time="0.000">
    <skipped/>
  </testcase> <!-- addLeadForAdditionalFurnitureLeadTest -->
  <testcase classname="tests.AddFurnitureLeadTest" name="addLeadForAdditionalFurnitureLeadTest" time="0.000">
    <skipped/>
  </testcase> <!-- addLeadForAdditionalFurnitureLeadTest -->
  <testcase classname="tests.AddFurnitureLeadTest" name="addLeadForAdditionalFurnitureLeadTest" time="0.000">
    <skipped/>
  </testcase> <!-- addLeadForAdditionalFurnitureLeadTest -->
  <testcase classname="tests.AddFurnitureLeadTest" name="addLeadForAdditionalFurnitureLeadTest" time="0.000">
    <skipped/>
  </testcase> <!-- addLeadForAdditionalFurnitureLeadTest -->
  <testcase classname="tests.AddFurnitureLeadTest" name="addLeadForAdditionalFurnitureLeadTest" time="8.553"/>
  <testcase classname="tests.AddFurnitureLeadTest" name="addLeadForAdditionalFurnitureLeadTest" time="8.620"/>
  <testcase classname="tests.AddFurnitureLeadTest" name="addLeadForAdditionalFurnitureLeadTest" time="8.790"/>
  <testcase classname="tests.AddFurnitureLeadTest" name="addLeadForAdditionalFurnitureLeadTest" time="0.000">
    <skipped/>
  </testcase> <!-- addLeadForAdditionalFurnitureLeadTest -->
  <testcase classname="tests.AddFurnitureLeadTest" name="addLeadForAdditionalFurnitureLeadTest" time="0.000">
    <skipped/>
  </testcase> <!-- addLeadForAdditionalFurnitureLeadTest -->
  <testcase classname="tests.AddFurnitureLeadTest" name="addLeadForAdditionalFurnitureLeadTest" time="8.566"/>
  <testcase classname="tests.AddFurnitureLeadTest" name="addLeadForAdditionalFurnitureLeadTest" time="0.000">
    <skipped/>
  </testcase> <!-- addLeadForAdditionalFurnitureLeadTest -->
  <testcase classname="tests.AddFurnitureLeadTest" name="addLeadForAdditionalFurnitureLeadTest" time="8.608"/>
  <testcase classname="tests.AddFurnitureLeadTest" name="addLeadForAdditionalFurnitureLeadTest" time="8.550"/>
  <testcase classname="tests.AddFurnitureLeadTest" name="addLeadForAdditionalFurnitureLeadTest" time="7.541">
    <failure message="Country code mismatch. Expected: 91, Got: +591" type="java.lang.AssertionError">
      <![CDATA[java.lang.AssertionError: Country code mismatch. Expected: 91, Got: +591
at pages.AddFurnitureLeadPage.validateLeadWithAdditionalInfo(AddFurnitureLeadPage.java:273)
at tests.AddFurnitureLeadTest.addLeadForAdditionalFurnitureLeadTest(AddFurnitureLeadTest.java:173)
at java.base/jdk.internal.reflect.DirectMethodHandleAccessor.invoke(DirectMethodHandleAccessor.java:103)
at java.base/java.lang.reflect.Method.invoke(Method.java:580)
at org.testng.internal.invokers.MethodInvocationHelper.invokeMethod(MethodInvocationHelper.java:141)
at org.testng.internal.invokers.TestInvoker.invokeMethod(TestInvoker.java:687)
at org.testng.internal.invokers.TestInvoker.invokeTestMethod(TestInvoker.java:230)
at org.testng.internal.invokers.MethodRunner.runInSequence(MethodRunner.java:63)
at org.testng.internal.invokers.TestInvoker$MethodInvocationAgent.invoke(TestInvoker.java:995)
at org.testng.internal.invokers.TestInvoker.invokeTestMethods(TestInvoker.java:203)
at org.testng.internal.invokers.TestMethodWorker.invokeTestMethods(TestMethodWorker.java:154)
at org.testng.internal.invokers.TestMethodWorker.run(TestMethodWorker.java:134)
at java.base/java.util.ArrayList.forEach(ArrayList.java:1596)
at org.testng.TestRunner.privateRun(TestRunner.java:741)
at org.testng.TestRunner.run(TestRunner.java:616)
at org.testng.SuiteRunner.runTest(SuiteRunner.java:421)
at org.testng.SuiteRunner.runSequentially(SuiteRunner.java:413)
at org.testng.SuiteRunner.privateRun(SuiteRunner.java:373)
at org.testng.SuiteRunner.run(SuiteRunner.java:312)
at org.testng.SuiteRunnerWorker.runSuite(SuiteRunnerWorker.java:52)
at org.testng.SuiteRunnerWorker.run(SuiteRunnerWorker.java:95)
at org.testng.TestNG.runSuitesSequentially(TestNG.java:1274)
at org.testng.TestNG.runSuitesLocally(TestNG.java:1208)
at org.testng.TestNG.runSuites(TestNG.java:1112)
at org.testng.TestNG.run(TestNG.java:1079)
at org.testng.remote.AbstractRemoteTestNG.run(AbstractRemoteTestNG.java:115)
at org.testng.remote.RemoteTestNG.initAndRun(RemoteTestNG.java:293)
at org.testng.remote.RemoteTestNG.main(RemoteTestNG.java:91)
]]>
    </failure>
  </testcase> <!-- addLeadForAdditionalFurnitureLeadTest -->
  <testcase classname="tests.AddFurnitureLeadTest" name="addLeadForAdditionalFurnitureLeadTest" time="0.000">
    <skipped/>
  </testcase> <!-- addLeadForAdditionalFurnitureLeadTest -->
  <testcase classname="tests.AddFurnitureLeadTest" name="addLeadForAdditionalFurnitureLeadTest" time="9.696"/>
  <testcase classname="tests.AddFurnitureLeadTest" name="addLeadForAdditionalFurnitureLeadTest" time="8.554"/>
  <testcase classname="tests.AddFurnitureLeadTest" name="addLeadForAdditionalFurnitureLeadTest" time="0.000">
    <skipped/>
  </testcase> <!-- addLeadForAdditionalFurnitureLeadTest -->
  <testcase classname="tests.AddFurnitureLeadTest" name="addLeadForAdditionalFurnitureLeadTest" time="0.000">
    <skipped/>
  </testcase> <!-- addLeadForAdditionalFurnitureLeadTest -->
  <testcase classname="tests.AddFurnitureLeadTest" name="addLeadForAdditionalFurnitureLeadTest" time="33.407">
    <error message="Error {
  message=&#039;Timeout 30000ms exceeded.
  name=&#039;TimeoutError
  stack=&#039;TimeoutError: Timeout 30000ms exceeded.
    at ProgressController.run (/private/var/folders/1b/cqmvqvbd4sg1xvl1gc93cfyh0000gn/T/playwright-java-7524229160389361392/package/lib/server/progress.js:68:28)
    at FrameDispatcher._runCommand (/private/var/folders/1b/cqmvqvbd4sg1xvl1gc93cfyh0000gn/T/playwright-java-7524229160389361392/package/lib/server/dispatchers/dispatcher.js:95:31)
    at DispatcherConnection.dispatch (/private/var/folders/1b/cqmvqvbd4sg1xvl1gc93cfyh0000gn/T/playwright-java-7524229160389361392/package/lib/server/dispatchers/dispatcher.js:329:39)
}
Call log:
-   - waiting for locator(&quot;#category&quot;)
-     - locator resolved to &lt;select id=&quot;category&quot; name=&quot;category&quot; class=&quot;custom-input &quot; aria-label=&quot;Select Product Category&quot;&gt;…&lt;/select&gt;
-   - attempting select option action
-     2 × waiting for element to be visible and enabled
-       - did not find some options
-     - retrying select option action
-     - waiting 20ms
-     2 × waiting for element to be visible and enabled
-       - did not find some options
-     - retrying select option action
-       - waiting 100ms
-     60 × waiting for element to be visible and enabled
-        - did not find some options
-      - retrying select option action
-        - waiting 500ms
" type="com.microsoft.playwright.TimeoutError">
      <![CDATA[com.microsoft.playwright.TimeoutError: Error {
  message='Timeout 30000ms exceeded.
  name='TimeoutError
  stack='TimeoutError: Timeout 30000ms exceeded.
    at ProgressController.run (/private/var/folders/1b/cqmvqvbd4sg1xvl1gc93cfyh0000gn/T/playwright-java-7524229160389361392/package/lib/server/progress.js:68:28)
    at FrameDispatcher._runCommand (/private/var/folders/1b/cqmvqvbd4sg1xvl1gc93cfyh0000gn/T/playwright-java-7524229160389361392/package/lib/server/dispatchers/dispatcher.js:95:31)
    at DispatcherConnection.dispatch (/private/var/folders/1b/cqmvqvbd4sg1xvl1gc93cfyh0000gn/T/playwright-java-7524229160389361392/package/lib/server/dispatchers/dispatcher.js:329:39)
}
Call log:
-   - waiting for locator("#category")
-     - locator resolved to <select id="category" name="category" class="custom-input " aria-label="Select Product Category">…</select>
-   - attempting select option action
-     2 × waiting for element to be visible and enabled
-       - did not find some options
-     - retrying select option action
-     - waiting 20ms
-     2 × waiting for element to be visible and enabled
-       - did not find some options
-     - retrying select option action
-       - waiting 100ms
-     60 × waiting for element to be visible and enabled
-        - did not find some options
-      - retrying select option action
-        - waiting 500ms

at com.microsoft.playwright.impl.WaitableResult.get(WaitableResult.java:52)
at com.microsoft.playwright.impl.ChannelOwner.runUntil(ChannelOwner.java:138)
at com.microsoft.playwright.impl.Connection.sendMessage(Connection.java:131)
at com.microsoft.playwright.impl.ChannelOwner.sendMessage(ChannelOwner.java:124)
at com.microsoft.playwright.impl.FrameImpl.selectOption(FrameImpl.java:678)
at com.microsoft.playwright.impl.FrameImpl.selectOptionImpl(FrameImpl.java:645)
at com.microsoft.playwright.impl.PageImpl.selectOption(PageImpl.java:1183)
at com.microsoft.playwright.impl.PageImpl.selectOption(PageImpl.java:1150)
at com.microsoft.playwright.Page.selectOption(Page.java:6958)
at pages.AddFurnitureLeadPage.addLeadBasic(AddFurnitureLeadPage.java:396)
at pages.AddFurnitureLeadPage.addLeadWithAdditional(AddFurnitureLeadPage.java:205)
at tests.AddFurnitureLeadTest.addLeadForAdditionalFurnitureLeadTest(AddFurnitureLeadTest.java:168)
at java.base/jdk.internal.reflect.DirectMethodHandleAccessor.invoke(DirectMethodHandleAccessor.java:103)
at java.base/java.lang.reflect.Method.invoke(Method.java:580)
at org.testng.internal.invokers.MethodInvocationHelper.invokeMethod(MethodInvocationHelper.java:141)
at org.testng.internal.invokers.TestInvoker.invokeMethod(TestInvoker.java:687)
at org.testng.internal.invokers.TestInvoker.invokeTestMethod(TestInvoker.java:230)
at org.testng.internal.invokers.MethodRunner.runInSequence(MethodRunner.java:63)
at org.testng.internal.invokers.TestInvoker$MethodInvocationAgent.invoke(TestInvoker.java:995)
at org.testng.internal.invokers.TestInvoker.invokeTestMethods(TestInvoker.java:203)
at org.testng.internal.invokers.TestMethodWorker.invokeTestMethods(TestMethodWorker.java:154)
at org.testng.internal.invokers.TestMethodWorker.run(TestMethodWorker.java:134)
at java.base/java.util.ArrayList.forEach(ArrayList.java:1596)
at org.testng.TestRunner.privateRun(TestRunner.java:741)
at org.testng.TestRunner.run(TestRunner.java:616)
at org.testng.SuiteRunner.runTest(SuiteRunner.java:421)
at org.testng.SuiteRunner.runSequentially(SuiteRunner.java:413)
at org.testng.SuiteRunner.privateRun(SuiteRunner.java:373)
at org.testng.SuiteRunner.run(SuiteRunner.java:312)
at org.testng.SuiteRunnerWorker.runSuite(SuiteRunnerWorker.java:52)
at org.testng.SuiteRunnerWorker.run(SuiteRunnerWorker.java:95)
at org.testng.TestNG.runSuitesSequentially(TestNG.java:1274)
at org.testng.TestNG.runSuitesLocally(TestNG.java:1208)
at org.testng.TestNG.runSuites(TestNG.java:1112)
at org.testng.TestNG.run(TestNG.java:1079)
at org.testng.remote.AbstractRemoteTestNG.run(AbstractRemoteTestNG.java:115)
at org.testng.remote.RemoteTestNG.initAndRun(RemoteTestNG.java:293)
at org.testng.remote.RemoteTestNG.main(RemoteTestNG.java:91)
Caused by: com.microsoft.playwright.TimeoutError: Error {
  message='Timeout 30000ms exceeded.
  name='TimeoutError
  stack='TimeoutError: Timeout 30000ms exceeded.
    at ProgressController.run (/private/var/folders/1b/cqmvqvbd4sg1xvl1gc93cfyh0000gn/T/playwright-java-7524229160389361392/package/lib/server/progress.js:68:28)
    at FrameDispatcher._runCommand (/private/var/folders/1b/cqmvqvbd4sg1xvl1gc93cfyh0000gn/T/playwright-java-7524229160389361392/package/lib/server/dispatchers/dispatcher.js:95:31)
    at DispatcherConnection.dispatch (/private/var/folders/1b/cqmvqvbd4sg1xvl1gc93cfyh0000gn/T/playwright-java-7524229160389361392/package/lib/server/dispatchers/dispatcher.js:329:39)
}
Call log:
-   - waiting for locator("#category")
-     - locator resolved to <select id="category" name="category" class="custom-input " aria-label="Select Product Category">…</select>
-   - attempting select option action
-     2 × waiting for element to be visible and enabled
-       - did not find some options
-     - retrying select option action
-     - waiting 20ms
-     2 × waiting for element to be visible and enabled
-       - did not find some options
-     - retrying select option action
-       - waiting 100ms
-     60 × waiting for element to be visible and enabled
-        - did not find some options
-      - retrying select option action
-        - waiting 500ms

at com.microsoft.playwright.impl.Connection.dispatch(Connection.java:257)
at com.microsoft.playwright.impl.Connection.processOneMessage(Connection.java:214)
at com.microsoft.playwright.impl.ChannelOwner.runUntil(ChannelOwner.java:136)
... 36 more
]]>
    </error>
  </testcase> <!-- addLeadForAdditionalFurnitureLeadTest -->
  <testcase classname="tests.AddFurnitureLeadTest" name="addLeadForAdditionalFurnitureLeadTest" time="0.000">
    <skipped/>
  </testcase> <!-- addLeadForAdditionalFurnitureLeadTest -->
  <testcase classname="tests.AddFurnitureLeadTest" name="addLeadForAdditionalFurnitureLeadTest" time="7.433">
    <failure message="Full name mismatch. Expected: Aarav Bhatt, Got: Jigar Kapoor" type="java.lang.AssertionError">
      <![CDATA[java.lang.AssertionError: Full name mismatch. Expected: Aarav Bhatt, Got: Jigar Kapoor
at pages.AddFurnitureLeadPage.validateLeadWithAdditionalInfo(AddFurnitureLeadPage.java:270)
at tests.AddFurnitureLeadTest.addLeadForAdditionalFurnitureLeadTest(AddFurnitureLeadTest.java:173)
at java.base/jdk.internal.reflect.DirectMethodHandleAccessor.invoke(DirectMethodHandleAccessor.java:103)
at java.base/java.lang.reflect.Method.invoke(Method.java:580)
at org.testng.internal.invokers.MethodInvocationHelper.invokeMethod(MethodInvocationHelper.java:141)
at org.testng.internal.invokers.TestInvoker.invokeMethod(TestInvoker.java:687)
at org.testng.internal.invokers.TestInvoker.invokeTestMethod(TestInvoker.java:230)
at org.testng.internal.invokers.MethodRunner.runInSequence(MethodRunner.java:63)
at org.testng.internal.invokers.TestInvoker$MethodInvocationAgent.invoke(TestInvoker.java:995)
at org.testng.internal.invokers.TestInvoker.invokeTestMethods(TestInvoker.java:203)
at org.testng.internal.invokers.TestMethodWorker.invokeTestMethods(TestMethodWorker.java:154)
at org.testng.internal.invokers.TestMethodWorker.run(TestMethodWorker.java:134)
at java.base/java.util.ArrayList.forEach(ArrayList.java:1596)
at org.testng.TestRunner.privateRun(TestRunner.java:741)
at org.testng.TestRunner.run(TestRunner.java:616)
at org.testng.SuiteRunner.runTest(SuiteRunner.java:421)
at org.testng.SuiteRunner.runSequentially(SuiteRunner.java:413)
at org.testng.SuiteRunner.privateRun(SuiteRunner.java:373)
at org.testng.SuiteRunner.run(SuiteRunner.java:312)
at org.testng.SuiteRunnerWorker.runSuite(SuiteRunnerWorker.java:52)
at org.testng.SuiteRunnerWorker.run(SuiteRunnerWorker.java:95)
at org.testng.TestNG.runSuitesSequentially(TestNG.java:1274)
at org.testng.TestNG.runSuitesLocally(TestNG.java:1208)
at org.testng.TestNG.runSuites(TestNG.java:1112)
at org.testng.TestNG.run(TestNG.java:1079)
at org.testng.remote.AbstractRemoteTestNG.run(AbstractRemoteTestNG.java:115)
at org.testng.remote.RemoteTestNG.initAndRun(RemoteTestNG.java:293)
at org.testng.remote.RemoteTestNG.main(RemoteTestNG.java:91)
]]>
    </failure>
  </testcase> <!-- addLeadForAdditionalFurnitureLeadTest -->
  <testcase classname="tests.AddFurnitureLeadTest" name="addLeadForAdditionalFurnitureLeadTest" time="0.000">
    <skipped/>
  </testcase> <!-- addLeadForAdditionalFurnitureLeadTest -->
  <testcase classname="tests.AddFurnitureLeadTest" name="addLeadForAdditionalFurnitureLeadTest" time="8.533"/>
  <testcase classname="tests.AddFurnitureLeadTest" name="addLeadForAdditionalFurnitureLeadTest" time="0.000">
    <skipped/>
  </testcase> <!-- addLeadForAdditionalFurnitureLeadTest -->
  <testcase classname="tests.AddFurnitureLeadTest" name="addLeadForAdditionalFurnitureLeadTest" time="0.000">
    <skipped/>
  </testcase> <!-- addLeadForAdditionalFurnitureLeadTest -->
  <testcase classname="tests.AddFurnitureLeadTest" name="addLeadForAdditionalFurnitureLeadTest" time="0.000">
    <skipped/>
  </testcase> <!-- addLeadForAdditionalFurnitureLeadTest -->
  <testcase classname="tests.AddFurnitureLeadTest" name="addLeadForAdditionalFurnitureLeadTest" time="8.615"/>
  <testcase classname="tests.AddFurnitureLeadTest" name="addLeadForAdditionalFurnitureLeadTest" time="9.453"/>
  <testcase classname="tests.AddFurnitureLeadTest" name="addLeadForAdditionalFurnitureLeadTest" time="0.000">
    <skipped/>
  </testcase> <!-- addLeadForAdditionalFurnitureLeadTest -->
  <testcase classname="tests.AddFurnitureLeadTest" name="addLeadForAdditionalFurnitureLeadTest" time="8.546"/>
  <testcase classname="tests.AddFurnitureLeadTest" name="addLeadForAdditionalFurnitureLeadTest" time="8.589"/>
  <testcase classname="tests.AddFurnitureLeadTest" name="addLeadForAdditionalFurnitureLeadTest" time="0.000">
    <skipped/>
  </testcase> <!-- addLeadForAdditionalFurnitureLeadTest -->
  <testcase classname="tests.AddFurnitureLeadTest" name="addLeadForAdditionalFurnitureLeadTest" time="0.000">
    <skipped/>
  </testcase> <!-- addLeadForAdditionalFurnitureLeadTest -->
  <testcase classname="tests.AddFurnitureLeadTest" name="addLeadForAdditionalFurnitureLeadTest" time="0.000">
    <skipped/>
  </testcase> <!-- addLeadForAdditionalFurnitureLeadTest -->
  <testcase classname="tests.AddFurnitureLeadTest" name="addLeadForAdditionalFurnitureLeadTest" time="0.000">
    <skipped/>
  </testcase> <!-- addLeadForAdditionalFurnitureLeadTest -->
  <testcase classname="tests.AddFurnitureLeadTest" name="addLeadForAdditionalFurnitureLeadTest" time="0.000">
    <skipped/>
  </testcase> <!-- addLeadForAdditionalFurnitureLeadTest -->
  <testcase classname="tests.AddFurnitureLeadTest" name="addLeadForAdditionalFurnitureLeadTest" time="0.000">
    <skipped/>
  </testcase> <!-- addLeadForAdditionalFurnitureLeadTest -->
  <testcase classname="tests.AddFurnitureLeadTest" name="addLeadForAdditionalFurnitureLeadTest" time="0.000">
    <skipped/>
  </testcase> <!-- addLeadForAdditionalFurnitureLeadTest -->
  <testcase classname="tests.AddFurnitureLeadTest" name="addLeadForAdditionalFurnitureLeadTest" time="0.000">
    <skipped/>
  </testcase> <!-- addLeadForAdditionalFurnitureLeadTest -->
  <testcase classname="tests.AddFurnitureLeadTest" name="addLeadForAdditionalFurnitureLeadTest" time="8.569"/>
  <testcase classname="tests.AddFurnitureLeadTest" name="addLeadForAdditionalFurnitureLeadTest" time="8.628"/>
  <testcase classname="tests.AddFurnitureLeadTest" name="addLeadForAdditionalFurnitureLeadTest" time="8.483"/>
  <testcase classname="tests.AddFurnitureLeadTest" name="addLeadForAdditionalFurnitureLeadTest" time="0.000">
    <skipped/>
  </testcase> <!-- addLeadForAdditionalFurnitureLeadTest -->
  <testcase classname="tests.AddFurnitureLeadTest" name="addLeadForAdditionalFurnitureLeadTest" time="0.000">
    <skipped/>
  </testcase> <!-- addLeadForAdditionalFurnitureLeadTest -->
  <testcase classname="tests.AddFurnitureLeadTest" name="addLeadForAdditionalFurnitureLeadTest" time="0.000">
    <skipped/>
  </testcase> <!-- addLeadForAdditionalFurnitureLeadTest -->
  <testcase classname="tests.AddFurnitureLeadTest" name="addLeadForAdditionalFurnitureLeadTest" time="9.299"/>
  <testcase classname="tests.AddFurnitureLeadTest" name="addLeadForAdditionalFurnitureLeadTest" time="0.000">
    <skipped/>
  </testcase> <!-- addLeadForAdditionalFurnitureLeadTest -->
  <testcase classname="tests.AddFurnitureLeadTest" name="addLeadForAdditionalFurnitureLeadTest" time="0.000">
    <skipped/>
  </testcase> <!-- addLeadForAdditionalFurnitureLeadTest -->
  <testcase classname="tests.AddFurnitureLeadTest" name="addLeadForAdditionalFurnitureLeadTest" time="8.433"/>
  <testcase classname="tests.AddFurnitureLeadTest" name="addLeadForAdditionalFurnitureLeadTest" time="0.000">
    <skipped/>
  </testcase> <!-- addLeadForAdditionalFurnitureLeadTest -->
  <testcase classname="tests.AddFurnitureLeadTest" name="addLeadForAdditionalFurnitureLeadTest" time="8.565"/>
  <testcase classname="tests.AddFurnitureLeadTest" name="addLeadForAdditionalFurnitureLeadTest" time="0.000">
    <skipped/>
  </testcase> <!-- addLeadForAdditionalFurnitureLeadTest -->
  <testcase classname="tests.AddFurnitureLeadTest" name="addLeadForAdditionalFurnitureLeadTest" time="8.505"/>
  <testcase classname="tests.AddFurnitureLeadTest" name="addLeadForAdditionalFurnitureLeadTest" time="8.574"/>
  <testcase classname="tests.AddFurnitureLeadTest" name="addLeadForAdditionalFurnitureLeadTest" time="8.435"/>
  <testcase classname="tests.AddFurnitureLeadTest" name="addLeadForAdditionalFurnitureLeadTest" time="0.000">
    <skipped/>
  </testcase> <!-- addLeadForAdditionalFurnitureLeadTest -->
  <testcase classname="tests.AddFurnitureLeadTest" name="addLeadForAdditionalFurnitureLeadTest" time="0.000">
    <skipped/>
  </testcase> <!-- addLeadForAdditionalFurnitureLeadTest -->
  <testcase classname="tests.AddFurnitureLeadTest" name="addLeadForAdditionalFurnitureLeadTest" time="8.538"/>
  <testcase classname="tests.AddFurnitureLeadTest" name="addLeadForAdditionalFurnitureLeadTest" time="9.415"/>
  <testcase classname="tests.AddFurnitureLeadTest" name="addLeadForAdditionalFurnitureLeadTest" time="0.000">
    <skipped/>
  </testcase> <!-- addLeadForAdditionalFurnitureLeadTest -->
  <testcase classname="tests.AddFurnitureLeadTest" name="addLeadForAdditionalFurnitureLeadTest" time="0.000">
    <skipped/>
  </testcase> <!-- addLeadForAdditionalFurnitureLeadTest -->
  <testcase classname="tests.AddFurnitureLeadTest" name="addLeadForAdditionalFurnitureLeadTest" time="8.604"/>
  <testcase classname="tests.AddFurnitureLeadTest" name="addLeadForAdditionalFurnitureLeadTest" time="8.621"/>
  <testcase classname="tests.AddFurnitureLeadTest" name="addLeadForAdditionalFurnitureLeadTest" time="0.000">
    <skipped/>
  </testcase> <!-- addLeadForAdditionalFurnitureLeadTest -->
  <testcase classname="tests.AddFurnitureLeadTest" name="addLeadForAdditionalFurnitureLeadTest" time="33.460">
    <error message="Error {
  message=&#039;Timeout 30000ms exceeded.
  name=&#039;TimeoutError
  stack=&#039;TimeoutError: Timeout 30000ms exceeded.
    at ProgressController.run (/private/var/folders/1b/cqmvqvbd4sg1xvl1gc93cfyh0000gn/T/playwright-java-7524229160389361392/package/lib/server/progress.js:68:28)
    at FrameDispatcher._runCommand (/private/var/folders/1b/cqmvqvbd4sg1xvl1gc93cfyh0000gn/T/playwright-java-7524229160389361392/package/lib/server/dispatchers/dispatcher.js:95:31)
    at DispatcherConnection.dispatch (/private/var/folders/1b/cqmvqvbd4sg1xvl1gc93cfyh0000gn/T/playwright-java-7524229160389361392/package/lib/server/dispatchers/dispatcher.js:329:39)
}
Call log:
-   - waiting for locator(&quot;#category&quot;)
-     - locator resolved to &lt;select id=&quot;category&quot; name=&quot;category&quot; class=&quot;custom-input &quot; aria-label=&quot;Select Product Category&quot;&gt;…&lt;/select&gt;
-   - attempting select option action
-     2 × waiting for element to be visible and enabled
-       - did not find some options
-     - retrying select option action
-     - waiting 20ms
-     2 × waiting for element to be visible and enabled
-       - did not find some options
-     - retrying select option action
-       - waiting 100ms
-     59 × waiting for element to be visible and enabled
-        - did not find some options
-      - retrying select option action
-        - waiting 500ms
" type="com.microsoft.playwright.TimeoutError">
      <![CDATA[com.microsoft.playwright.TimeoutError: Error {
  message='Timeout 30000ms exceeded.
  name='TimeoutError
  stack='TimeoutError: Timeout 30000ms exceeded.
    at ProgressController.run (/private/var/folders/1b/cqmvqvbd4sg1xvl1gc93cfyh0000gn/T/playwright-java-7524229160389361392/package/lib/server/progress.js:68:28)
    at FrameDispatcher._runCommand (/private/var/folders/1b/cqmvqvbd4sg1xvl1gc93cfyh0000gn/T/playwright-java-7524229160389361392/package/lib/server/dispatchers/dispatcher.js:95:31)
    at DispatcherConnection.dispatch (/private/var/folders/1b/cqmvqvbd4sg1xvl1gc93cfyh0000gn/T/playwright-java-7524229160389361392/package/lib/server/dispatchers/dispatcher.js:329:39)
}
Call log:
-   - waiting for locator("#category")
-     - locator resolved to <select id="category" name="category" class="custom-input " aria-label="Select Product Category">…</select>
-   - attempting select option action
-     2 × waiting for element to be visible and enabled
-       - did not find some options
-     - retrying select option action
-     - waiting 20ms
-     2 × waiting for element to be visible and enabled
-       - did not find some options
-     - retrying select option action
-       - waiting 100ms
-     59 × waiting for element to be visible and enabled
-        - did not find some options
-      - retrying select option action
-        - waiting 500ms

at com.microsoft.playwright.impl.WaitableResult.get(WaitableResult.java:52)
at com.microsoft.playwright.impl.ChannelOwner.runUntil(ChannelOwner.java:138)
at com.microsoft.playwright.impl.Connection.sendMessage(Connection.java:131)
at com.microsoft.playwright.impl.ChannelOwner.sendMessage(ChannelOwner.java:124)
at com.microsoft.playwright.impl.FrameImpl.selectOption(FrameImpl.java:678)
at com.microsoft.playwright.impl.FrameImpl.selectOptionImpl(FrameImpl.java:645)
at com.microsoft.playwright.impl.PageImpl.selectOption(PageImpl.java:1183)
at com.microsoft.playwright.impl.PageImpl.selectOption(PageImpl.java:1150)
at com.microsoft.playwright.Page.selectOption(Page.java:6958)
at pages.AddFurnitureLeadPage.addLeadBasic(AddFurnitureLeadPage.java:396)
at pages.AddFurnitureLeadPage.addLeadWithAdditional(AddFurnitureLeadPage.java:205)
at tests.AddFurnitureLeadTest.addLeadForAdditionalFurnitureLeadTest(AddFurnitureLeadTest.java:168)
at java.base/jdk.internal.reflect.DirectMethodHandleAccessor.invoke(DirectMethodHandleAccessor.java:103)
at java.base/java.lang.reflect.Method.invoke(Method.java:580)
at org.testng.internal.invokers.MethodInvocationHelper.invokeMethod(MethodInvocationHelper.java:141)
at org.testng.internal.invokers.TestInvoker.invokeMethod(TestInvoker.java:687)
at org.testng.internal.invokers.TestInvoker.invokeTestMethod(TestInvoker.java:230)
at org.testng.internal.invokers.MethodRunner.runInSequence(MethodRunner.java:63)
at org.testng.internal.invokers.TestInvoker$MethodInvocationAgent.invoke(TestInvoker.java:995)
at org.testng.internal.invokers.TestInvoker.invokeTestMethods(TestInvoker.java:203)
at org.testng.internal.invokers.TestMethodWorker.invokeTestMethods(TestMethodWorker.java:154)
at org.testng.internal.invokers.TestMethodWorker.run(TestMethodWorker.java:134)
at java.base/java.util.ArrayList.forEach(ArrayList.java:1596)
at org.testng.TestRunner.privateRun(TestRunner.java:741)
at org.testng.TestRunner.run(TestRunner.java:616)
at org.testng.SuiteRunner.runTest(SuiteRunner.java:421)
at org.testng.SuiteRunner.runSequentially(SuiteRunner.java:413)
at org.testng.SuiteRunner.privateRun(SuiteRunner.java:373)
at org.testng.SuiteRunner.run(SuiteRunner.java:312)
at org.testng.SuiteRunnerWorker.runSuite(SuiteRunnerWorker.java:52)
at org.testng.SuiteRunnerWorker.run(SuiteRunnerWorker.java:95)
at org.testng.TestNG.runSuitesSequentially(TestNG.java:1274)
at org.testng.TestNG.runSuitesLocally(TestNG.java:1208)
at org.testng.TestNG.runSuites(TestNG.java:1112)
at org.testng.TestNG.run(TestNG.java:1079)
at org.testng.remote.AbstractRemoteTestNG.run(AbstractRemoteTestNG.java:115)
at org.testng.remote.RemoteTestNG.initAndRun(RemoteTestNG.java:293)
at org.testng.remote.RemoteTestNG.main(RemoteTestNG.java:91)
Caused by: com.microsoft.playwright.TimeoutError: Error {
  message='Timeout 30000ms exceeded.
  name='TimeoutError
  stack='TimeoutError: Timeout 30000ms exceeded.
    at ProgressController.run (/private/var/folders/1b/cqmvqvbd4sg1xvl1gc93cfyh0000gn/T/playwright-java-7524229160389361392/package/lib/server/progress.js:68:28)
    at FrameDispatcher._runCommand (/private/var/folders/1b/cqmvqvbd4sg1xvl1gc93cfyh0000gn/T/playwright-java-7524229160389361392/package/lib/server/dispatchers/dispatcher.js:95:31)
    at DispatcherConnection.dispatch (/private/var/folders/1b/cqmvqvbd4sg1xvl1gc93cfyh0000gn/T/playwright-java-7524229160389361392/package/lib/server/dispatchers/dispatcher.js:329:39)
}
Call log:
-   - waiting for locator("#category")
-     - locator resolved to <select id="category" name="category" class="custom-input " aria-label="Select Product Category">…</select>
-   - attempting select option action
-     2 × waiting for element to be visible and enabled
-       - did not find some options
-     - retrying select option action
-     - waiting 20ms
-     2 × waiting for element to be visible and enabled
-       - did not find some options
-     - retrying select option action
-       - waiting 100ms
-     59 × waiting for element to be visible and enabled
-        - did not find some options
-      - retrying select option action
-        - waiting 500ms

at com.microsoft.playwright.impl.Connection.dispatch(Connection.java:257)
at com.microsoft.playwright.impl.Connection.processOneMessage(Connection.java:214)
at com.microsoft.playwright.impl.ChannelOwner.runUntil(ChannelOwner.java:136)
... 36 more
]]>
    </error>
  </testcase> <!-- addLeadForAdditionalFurnitureLeadTest -->
  <testcase classname="tests.AddFurnitureLeadTest" name="addLeadForAdditionalFurnitureLeadTest" time="8.686"/>
  <testcase classname="tests.AddFurnitureLeadTest" name="addLeadForAdditionalFurnitureLeadTest" time="8.451"/>
  <testcase classname="tests.AddFurnitureLeadTest" name="addLeadForAdditionalFurnitureLeadTest" time="0.000">
    <skipped/>
  </testcase> <!-- addLeadForAdditionalFurnitureLeadTest -->
  <testcase classname="tests.AddFurnitureLeadTest" name="addLeadForAdditionalFurnitureLeadTest" time="0.000">
    <skipped/>
  </testcase> <!-- addLeadForAdditionalFurnitureLeadTest -->
  <testcase classname="tests.AddFurnitureLeadTest" name="addLeadForAdditionalFurnitureLeadTest" time="7.542">
    <failure message="Full name mismatch. Expected: Kavya Parikh, Got: Priya Trivedi" type="java.lang.AssertionError">
      <![CDATA[java.lang.AssertionError: Full name mismatch. Expected: Kavya Parikh, Got: Priya Trivedi
at pages.AddFurnitureLeadPage.validateLeadWithAdditionalInfo(AddFurnitureLeadPage.java:270)
at tests.AddFurnitureLeadTest.addLeadForAdditionalFurnitureLeadTest(AddFurnitureLeadTest.java:173)
at java.base/jdk.internal.reflect.DirectMethodHandleAccessor.invoke(DirectMethodHandleAccessor.java:103)
at java.base/java.lang.reflect.Method.invoke(Method.java:580)
at org.testng.internal.invokers.MethodInvocationHelper.invokeMethod(MethodInvocationHelper.java:141)
at org.testng.internal.invokers.TestInvoker.invokeMethod(TestInvoker.java:687)
at org.testng.internal.invokers.TestInvoker.invokeTestMethod(TestInvoker.java:230)
at org.testng.internal.invokers.MethodRunner.runInSequence(MethodRunner.java:63)
at org.testng.internal.invokers.TestInvoker$MethodInvocationAgent.invoke(TestInvoker.java:995)
at org.testng.internal.invokers.TestInvoker.invokeTestMethods(TestInvoker.java:203)
at org.testng.internal.invokers.TestMethodWorker.invokeTestMethods(TestMethodWorker.java:154)
at org.testng.internal.invokers.TestMethodWorker.run(TestMethodWorker.java:134)
at java.base/java.util.ArrayList.forEach(ArrayList.java:1596)
at org.testng.TestRunner.privateRun(TestRunner.java:741)
at org.testng.TestRunner.run(TestRunner.java:616)
at org.testng.SuiteRunner.runTest(SuiteRunner.java:421)
at org.testng.SuiteRunner.runSequentially(SuiteRunner.java:413)
at org.testng.SuiteRunner.privateRun(SuiteRunner.java:373)
at org.testng.SuiteRunner.run(SuiteRunner.java:312)
at org.testng.SuiteRunnerWorker.runSuite(SuiteRunnerWorker.java:52)
at org.testng.SuiteRunnerWorker.run(SuiteRunnerWorker.java:95)
at org.testng.TestNG.runSuitesSequentially(TestNG.java:1274)
at org.testng.TestNG.runSuitesLocally(TestNG.java:1208)
at org.testng.TestNG.runSuites(TestNG.java:1112)
at org.testng.TestNG.run(TestNG.java:1079)
at org.testng.remote.AbstractRemoteTestNG.run(AbstractRemoteTestNG.java:115)
at org.testng.remote.RemoteTestNG.initAndRun(RemoteTestNG.java:293)
at org.testng.remote.RemoteTestNG.main(RemoteTestNG.java:91)
]]>
    </failure>
  </testcase> <!-- addLeadForAdditionalFurnitureLeadTest -->
  <testcase classname="tests.AddFurnitureLeadTest" name="addLeadForAdditionalFurnitureLeadTest" time="0.000">
    <skipped/>
  </testcase> <!-- addLeadForAdditionalFurnitureLeadTest -->
  <testcase classname="tests.AddFurnitureLeadTest" name="addLeadForAdditionalFurnitureLeadTest" time="0.000">
    <skipped/>
  </testcase> <!-- addLeadForAdditionalFurnitureLeadTest -->
  <testcase classname="tests.AddFurnitureLeadTest" name="addLeadForAdditionalFurnitureLeadTest" time="8.622"/>
  <testcase classname="tests.AddFurnitureLeadTest" name="addLeadForAdditionalFurnitureLeadTest" time="8.899"/>
  <testcase classname="tests.AddFurnitureLeadTest" name="addLeadForAdditionalFurnitureLeadTest" time="0.000">
    <skipped/>
  </testcase> <!-- addLeadForAdditionalFurnitureLeadTest -->
  <testcase classname="tests.AddFurnitureLeadTest" name="addLeadForAdditionalFurnitureLeadTest" time="7.447">
    <failure message="Full name mismatch. Expected: Karan Soni, Got: Rina Kapoor" type="java.lang.AssertionError">
      <![CDATA[java.lang.AssertionError: Full name mismatch. Expected: Karan Soni, Got: Rina Kapoor
at pages.AddFurnitureLeadPage.validateLeadWithAdditionalInfo(AddFurnitureLeadPage.java:270)
at tests.AddFurnitureLeadTest.addLeadForAdditionalFurnitureLeadTest(AddFurnitureLeadTest.java:173)
at java.base/jdk.internal.reflect.DirectMethodHandleAccessor.invoke(DirectMethodHandleAccessor.java:103)
at java.base/java.lang.reflect.Method.invoke(Method.java:580)
at org.testng.internal.invokers.MethodInvocationHelper.invokeMethod(MethodInvocationHelper.java:141)
at org.testng.internal.invokers.TestInvoker.invokeMethod(TestInvoker.java:687)
at org.testng.internal.invokers.TestInvoker.invokeTestMethod(TestInvoker.java:230)
at org.testng.internal.invokers.MethodRunner.runInSequence(MethodRunner.java:63)
at org.testng.internal.invokers.TestInvoker$MethodInvocationAgent.invoke(TestInvoker.java:995)
at org.testng.internal.invokers.TestInvoker.invokeTestMethods(TestInvoker.java:203)
at org.testng.internal.invokers.TestMethodWorker.invokeTestMethods(TestMethodWorker.java:154)
at org.testng.internal.invokers.TestMethodWorker.run(TestMethodWorker.java:134)
at java.base/java.util.ArrayList.forEach(ArrayList.java:1596)
at org.testng.TestRunner.privateRun(TestRunner.java:741)
at org.testng.TestRunner.run(TestRunner.java:616)
at org.testng.SuiteRunner.runTest(SuiteRunner.java:421)
at org.testng.SuiteRunner.runSequentially(SuiteRunner.java:413)
at org.testng.SuiteRunner.privateRun(SuiteRunner.java:373)
at org.testng.SuiteRunner.run(SuiteRunner.java:312)
at org.testng.SuiteRunnerWorker.runSuite(SuiteRunnerWorker.java:52)
at org.testng.SuiteRunnerWorker.run(SuiteRunnerWorker.java:95)
at org.testng.TestNG.runSuitesSequentially(TestNG.java:1274)
at org.testng.TestNG.runSuitesLocally(TestNG.java:1208)
at org.testng.TestNG.runSuites(TestNG.java:1112)
at org.testng.TestNG.run(TestNG.java:1079)
at org.testng.remote.AbstractRemoteTestNG.run(AbstractRemoteTestNG.java:115)
at org.testng.remote.RemoteTestNG.initAndRun(RemoteTestNG.java:293)
at org.testng.remote.RemoteTestNG.main(RemoteTestNG.java:91)
]]>
    </failure>
  </testcase> <!-- addLeadForAdditionalFurnitureLeadTest -->
  <testcase classname="tests.AddFurnitureLeadTest" name="addLeadForAdditionalFurnitureLeadTest" time="8.521"/>
  <testcase classname="tests.AddFurnitureLeadTest" name="addLeadForAdditionalFurnitureLeadTest" time="0.000">
    <skipped/>
  </testcase> <!-- addLeadForAdditionalFurnitureLeadTest -->
  <testcase classname="tests.AddFurnitureLeadTest" name="addLeadForAdditionalFurnitureLeadTest" time="0.000">
    <skipped/>
  </testcase> <!-- addLeadForAdditionalFurnitureLeadTest -->
  <testcase classname="tests.AddFurnitureLeadTest" name="addLeadForAdditionalFurnitureLeadTest" time="0.000">
    <skipped/>
  </testcase> <!-- addLeadForAdditionalFurnitureLeadTest -->
  <testcase classname="tests.AddFurnitureLeadTest" name="addLeadForAdditionalFurnitureLeadTest" time="9.448"/>
  <testcase classname="tests.AddFurnitureLeadTest" name="addLeadForAdditionalFurnitureLeadTest" time="9.548"/>
  <testcase classname="tests.AddFurnitureLeadTest" name="addLeadForAdditionalFurnitureLeadTest" time="0.000">
    <skipped/>
  </testcase> <!-- addLeadForAdditionalFurnitureLeadTest -->
  <testcase classname="tests.AddFurnitureLeadTest" name="addLeadForAdditionalFurnitureLeadTest" time="8.430"/>
  <testcase classname="tests.AddFurnitureLeadTest" name="addLeadForAdditionalFurnitureLeadTest" time="0.000">
    <skipped/>
  </testcase> <!-- addLeadForAdditionalFurnitureLeadTest -->
  <testcase classname="tests.AddFurnitureLeadTest" name="addLeadForAdditionalFurnitureLeadTest" time="8.790"/>
  <testcase classname="tests.AddFurnitureLeadTest" name="addLeadForAdditionalFurnitureLeadTest" time="0.000">
    <skipped/>
  </testcase> <!-- addLeadForAdditionalFurnitureLeadTest -->
  <testcase classname="tests.AddFurnitureLeadTest" name="addLeadForAdditionalFurnitureLeadTest" time="8.592"/>
  <testcase classname="tests.AddFurnitureLeadTest" name="addLeadForAdditionalFurnitureLeadTest" time="0.000">
    <skipped/>
  </testcase> <!-- addLeadForAdditionalFurnitureLeadTest -->
  <testcase classname="tests.AddFurnitureLeadTest" name="addLeadForAdditionalFurnitureLeadTest" time="0.000">
    <skipped/>
  </testcase> <!-- addLeadForAdditionalFurnitureLeadTest -->
  <testcase classname="tests.AddFurnitureLeadTest" name="addLeadForAdditionalFurnitureLeadTest" time="8.539"/>
  <testcase classname="tests.AddFurnitureLeadTest" name="addLeadForAdditionalFurnitureLeadTest" time="8.546"/>
  <testcase classname="tests.AddFurnitureLeadTest" name="addLeadForAdditionalFurnitureLeadTest" time="10.217"/>
  <testcase classname="tests.AddFurnitureLeadTest" name="addLeadForAdditionalFurnitureLeadTest" time="0.000">
    <skipped/>
  </testcase> <!-- addLeadForAdditionalFurnitureLeadTest -->
  <testcase classname="tests.AddFurnitureLeadTest" name="addLeadForAdditionalFurnitureLeadTest" time="0.000">
    <skipped/>
  </testcase> <!-- addLeadForAdditionalFurnitureLeadTest -->
  <testcase classname="tests.AddFurnitureLeadTest" name="addLeadForAdditionalFurnitureLeadTest" time="0.000">
    <skipped/>
  </testcase> <!-- addLeadForAdditionalFurnitureLeadTest -->
  <testcase classname="tests.AddFurnitureLeadTest" name="addLeadForAdditionalFurnitureLeadTest" time="0.000">
    <skipped/>
  </testcase> <!-- addLeadForAdditionalFurnitureLeadTest -->
  <testcase classname="tests.AddFurnitureLeadTest" name="addLeadForAdditionalFurnitureLeadTest" time="33.454">
    <error message="Error {
  message=&#039;Timeout 30000ms exceeded.
  name=&#039;TimeoutError
  stack=&#039;TimeoutError: Timeout 30000ms exceeded.
    at ProgressController.run (/private/var/folders/1b/cqmvqvbd4sg1xvl1gc93cfyh0000gn/T/playwright-java-7524229160389361392/package/lib/server/progress.js:68:28)
    at FrameDispatcher._runCommand (/private/var/folders/1b/cqmvqvbd4sg1xvl1gc93cfyh0000gn/T/playwright-java-7524229160389361392/package/lib/server/dispatchers/dispatcher.js:95:31)
    at DispatcherConnection.dispatch (/private/var/folders/1b/cqmvqvbd4sg1xvl1gc93cfyh0000gn/T/playwright-java-7524229160389361392/package/lib/server/dispatchers/dispatcher.js:329:39)
}
Call log:
-   - waiting for locator(&quot;#category&quot;)
-     - locator resolved to &lt;select id=&quot;category&quot; name=&quot;category&quot; class=&quot;custom-input &quot; aria-label=&quot;Select Product Category&quot;&gt;…&lt;/select&gt;
-   - attempting select option action
-     2 × waiting for element to be visible and enabled
-       - did not find some options
-     - retrying select option action
-     - waiting 20ms
-     2 × waiting for element to be visible and enabled
-       - did not find some options
-     - retrying select option action
-       - waiting 100ms
-     59 × waiting for element to be visible and enabled
-        - did not find some options
-      - retrying select option action
-        - waiting 500ms
" type="com.microsoft.playwright.TimeoutError">
      <![CDATA[com.microsoft.playwright.TimeoutError: Error {
  message='Timeout 30000ms exceeded.
  name='TimeoutError
  stack='TimeoutError: Timeout 30000ms exceeded.
    at ProgressController.run (/private/var/folders/1b/cqmvqvbd4sg1xvl1gc93cfyh0000gn/T/playwright-java-7524229160389361392/package/lib/server/progress.js:68:28)
    at FrameDispatcher._runCommand (/private/var/folders/1b/cqmvqvbd4sg1xvl1gc93cfyh0000gn/T/playwright-java-7524229160389361392/package/lib/server/dispatchers/dispatcher.js:95:31)
    at DispatcherConnection.dispatch (/private/var/folders/1b/cqmvqvbd4sg1xvl1gc93cfyh0000gn/T/playwright-java-7524229160389361392/package/lib/server/dispatchers/dispatcher.js:329:39)
}
Call log:
-   - waiting for locator("#category")
-     - locator resolved to <select id="category" name="category" class="custom-input " aria-label="Select Product Category">…</select>
-   - attempting select option action
-     2 × waiting for element to be visible and enabled
-       - did not find some options
-     - retrying select option action
-     - waiting 20ms
-     2 × waiting for element to be visible and enabled
-       - did not find some options
-     - retrying select option action
-       - waiting 100ms
-     59 × waiting for element to be visible and enabled
-        - did not find some options
-      - retrying select option action
-        - waiting 500ms

at com.microsoft.playwright.impl.WaitableResult.get(WaitableResult.java:52)
at com.microsoft.playwright.impl.ChannelOwner.runUntil(ChannelOwner.java:138)
at com.microsoft.playwright.impl.Connection.sendMessage(Connection.java:131)
at com.microsoft.playwright.impl.ChannelOwner.sendMessage(ChannelOwner.java:124)
at com.microsoft.playwright.impl.FrameImpl.selectOption(FrameImpl.java:678)
at com.microsoft.playwright.impl.FrameImpl.selectOptionImpl(FrameImpl.java:645)
at com.microsoft.playwright.impl.PageImpl.selectOption(PageImpl.java:1183)
at com.microsoft.playwright.impl.PageImpl.selectOption(PageImpl.java:1150)
at com.microsoft.playwright.Page.selectOption(Page.java:6958)
at pages.AddFurnitureLeadPage.addLeadBasic(AddFurnitureLeadPage.java:396)
at pages.AddFurnitureLeadPage.addLeadWithAdditional(AddFurnitureLeadPage.java:205)
at tests.AddFurnitureLeadTest.addLeadForAdditionalFurnitureLeadTest(AddFurnitureLeadTest.java:168)
at java.base/jdk.internal.reflect.DirectMethodHandleAccessor.invoke(DirectMethodHandleAccessor.java:103)
at java.base/java.lang.reflect.Method.invoke(Method.java:580)
at org.testng.internal.invokers.MethodInvocationHelper.invokeMethod(MethodInvocationHelper.java:141)
at org.testng.internal.invokers.TestInvoker.invokeMethod(TestInvoker.java:687)
at org.testng.internal.invokers.TestInvoker.invokeTestMethod(TestInvoker.java:230)
at org.testng.internal.invokers.MethodRunner.runInSequence(MethodRunner.java:63)
at org.testng.internal.invokers.TestInvoker$MethodInvocationAgent.invoke(TestInvoker.java:995)
at org.testng.internal.invokers.TestInvoker.invokeTestMethods(TestInvoker.java:203)
at org.testng.internal.invokers.TestMethodWorker.invokeTestMethods(TestMethodWorker.java:154)
at org.testng.internal.invokers.TestMethodWorker.run(TestMethodWorker.java:134)
at java.base/java.util.ArrayList.forEach(ArrayList.java:1596)
at org.testng.TestRunner.privateRun(TestRunner.java:741)
at org.testng.TestRunner.run(TestRunner.java:616)
at org.testng.SuiteRunner.runTest(SuiteRunner.java:421)
at org.testng.SuiteRunner.runSequentially(SuiteRunner.java:413)
at org.testng.SuiteRunner.privateRun(SuiteRunner.java:373)
at org.testng.SuiteRunner.run(SuiteRunner.java:312)
at org.testng.SuiteRunnerWorker.runSuite(SuiteRunnerWorker.java:52)
at org.testng.SuiteRunnerWorker.run(SuiteRunnerWorker.java:95)
at org.testng.TestNG.runSuitesSequentially(TestNG.java:1274)
at org.testng.TestNG.runSuitesLocally(TestNG.java:1208)
at org.testng.TestNG.runSuites(TestNG.java:1112)
at org.testng.TestNG.run(TestNG.java:1079)
at org.testng.remote.AbstractRemoteTestNG.run(AbstractRemoteTestNG.java:115)
at org.testng.remote.RemoteTestNG.initAndRun(RemoteTestNG.java:293)
at org.testng.remote.RemoteTestNG.main(RemoteTestNG.java:91)
Caused by: com.microsoft.playwright.TimeoutError: Error {
  message='Timeout 30000ms exceeded.
  name='TimeoutError
  stack='TimeoutError: Timeout 30000ms exceeded.
    at ProgressController.run (/private/var/folders/1b/cqmvqvbd4sg1xvl1gc93cfyh0000gn/T/playwright-java-7524229160389361392/package/lib/server/progress.js:68:28)
    at FrameDispatcher._runCommand (/private/var/folders/1b/cqmvqvbd4sg1xvl1gc93cfyh0000gn/T/playwright-java-7524229160389361392/package/lib/server/dispatchers/dispatcher.js:95:31)
    at DispatcherConnection.dispatch (/private/var/folders/1b/cqmvqvbd4sg1xvl1gc93cfyh0000gn/T/playwright-java-7524229160389361392/package/lib/server/dispatchers/dispatcher.js:329:39)
}
Call log:
-   - waiting for locator("#category")
-     - locator resolved to <select id="category" name="category" class="custom-input " aria-label="Select Product Category">…</select>
-   - attempting select option action
-     2 × waiting for element to be visible and enabled
-       - did not find some options
-     - retrying select option action
-     - waiting 20ms
-     2 × waiting for element to be visible and enabled
-       - did not find some options
-     - retrying select option action
-       - waiting 100ms
-     59 × waiting for element to be visible and enabled
-        - did not find some options
-      - retrying select option action
-        - waiting 500ms

at com.microsoft.playwright.impl.Connection.dispatch(Connection.java:257)
at com.microsoft.playwright.impl.Connection.processOneMessage(Connection.java:214)
at com.microsoft.playwright.impl.ChannelOwner.runUntil(ChannelOwner.java:136)
... 36 more
]]>
    </error>
  </testcase> <!-- addLeadForAdditionalFurnitureLeadTest -->
  <testcase classname="tests.AddFurnitureLeadTest" name="addLeadForAdditionalFurnitureLeadTest" time="8.566"/>
  <testcase classname="tests.AddFurnitureLeadTest" name="addLeadForAdditionalFurnitureLeadTest" time="0.000">
    <skipped/>
  </testcase> <!-- addLeadForAdditionalFurnitureLeadTest -->
  <testcase classname="tests.AddFurnitureLeadTest" name="addLeadForAdditionalFurnitureLeadTest" time="8.454"/>
  <testcase classname="tests.AddFurnitureLeadTest" name="addLeadForAdditionalFurnitureLeadTest" time="0.000">
    <skipped/>
  </testcase> <!-- addLeadForAdditionalFurnitureLeadTest -->
  <testcase classname="tests.AddFurnitureLeadTest" name="addLeadForAdditionalFurnitureLeadTest" time="0.000">
    <skipped/>
  </testcase> <!-- addLeadForAdditionalFurnitureLeadTest -->
  <testcase classname="tests.AddFurnitureLeadTest" name="addLeadForAdditionalFurnitureLeadTest" time="0.000">
    <skipped/>
  </testcase> <!-- addLeadForAdditionalFurnitureLeadTest -->
  <testcase classname="tests.AddFurnitureLeadTest" name="addLeadForAdditionalFurnitureLeadTest" time="0.000">
    <skipped/>
  </testcase> <!-- addLeadForAdditionalFurnitureLeadTest -->
  <testcase classname="tests.AddFurnitureLeadTest" name="addLeadForAdditionalFurnitureLeadTest" time="0.000">
    <skipped/>
  </testcase> <!-- addLeadForAdditionalFurnitureLeadTest -->
  <testcase classname="tests.AddFurnitureLeadTest" name="addLeadForAdditionalFurnitureLeadTest" time="0.000">
    <skipped/>
  </testcase> <!-- addLeadForAdditionalFurnitureLeadTest -->
  <testcase classname="tests.AddFurnitureLeadTest" name="addLeadForAdditionalFurnitureLeadTest" time="8.557"/>
  <testcase classname="tests.AddFurnitureLeadTest" name="addLeadForAdditionalFurnitureLeadTest" time="8.606"/>
  <testcase classname="tests.AddFurnitureLeadTest" name="addLeadForAdditionalFurnitureLeadTest" time="0.000">
    <skipped/>
  </testcase> <!-- addLeadForAdditionalFurnitureLeadTest -->
  <testcase classname="tests.AddFurnitureLeadTest" name="addLeadForAdditionalFurnitureLeadTest" time="0.000">
    <skipped/>
  </testcase> <!-- addLeadForAdditionalFurnitureLeadTest -->
  <testcase classname="tests.AddFurnitureLeadTest" name="addLeadForAdditionalFurnitureLeadTest" time="0.000">
    <skipped/>
  </testcase> <!-- addLeadForAdditionalFurnitureLeadTest -->
  <testcase classname="tests.AddFurnitureLeadTest" name="addLeadForAdditionalFurnitureLeadTest" time="0.000">
    <skipped/>
  </testcase> <!-- addLeadForAdditionalFurnitureLeadTest -->
  <testcase classname="tests.AddFurnitureLeadTest" name="addLeadForAdditionalFurnitureLeadTest" time="0.000">
    <skipped/>
  </testcase> <!-- addLeadForAdditionalFurnitureLeadTest -->
  <testcase classname="tests.AddFurnitureLeadTest" name="addLeadForAdditionalFurnitureLeadTest" time="8.627"/>
  <testcase classname="tests.AddFurnitureLeadTest" name="addLeadForAdditionalFurnitureLeadTest" time="0.000">
    <skipped/>
  </testcase> <!-- addLeadForAdditionalFurnitureLeadTest -->
  <testcase classname="tests.AddFurnitureLeadTest" name="addLeadForAdditionalFurnitureLeadTest" time="8.469"/>
  <testcase classname="tests.AddFurnitureLeadTest" name="addLeadForAdditionalFurnitureLeadTest" time="8.656"/>
  <testcase classname="tests.AddFurnitureLeadTest" name="addLeadForAdditionalFurnitureLeadTest" time="0.000">
    <skipped/>
  </testcase> <!-- addLeadForAdditionalFurnitureLeadTest -->
  <testcase classname="tests.AddFurnitureLeadTest" name="addLeadForAdditionalFurnitureLeadTest" time="8.663"/>
  <testcase classname="tests.AddFurnitureLeadTest" name="addLeadForAdditionalFurnitureLeadTest" time="8.540"/>
  <testcase classname="tests.AddFurnitureLeadTest" name="addLeadForAdditionalFurnitureLeadTest" time="8.553"/>
  <testcase classname="tests.AddFurnitureLeadTest" name="addLeadForAdditionalFurnitureLeadTest" time="0.000">
    <skipped/>
  </testcase> <!-- addLeadForAdditionalFurnitureLeadTest -->
  <testcase classname="tests.AddFurnitureLeadTest" name="addLeadForAdditionalFurnitureLeadTest" time="7.435">
    <failure message="Country code mismatch. Expected: 62, Got: +62" type="java.lang.AssertionError">
      <![CDATA[java.lang.AssertionError: Country code mismatch. Expected: 62, Got: +62
at pages.AddFurnitureLeadPage.validateLeadWithAdditionalInfo(AddFurnitureLeadPage.java:273)
at tests.AddFurnitureLeadTest.addLeadForAdditionalFurnitureLeadTest(AddFurnitureLeadTest.java:173)
at java.base/jdk.internal.reflect.DirectMethodHandleAccessor.invoke(DirectMethodHandleAccessor.java:103)
at java.base/java.lang.reflect.Method.invoke(Method.java:580)
at org.testng.internal.invokers.MethodInvocationHelper.invokeMethod(MethodInvocationHelper.java:141)
at org.testng.internal.invokers.TestInvoker.invokeMethod(TestInvoker.java:687)
at org.testng.internal.invokers.TestInvoker.invokeTestMethod(TestInvoker.java:230)
at org.testng.internal.invokers.MethodRunner.runInSequence(MethodRunner.java:63)
at org.testng.internal.invokers.TestInvoker$MethodInvocationAgent.invoke(TestInvoker.java:995)
at org.testng.internal.invokers.TestInvoker.invokeTestMethods(TestInvoker.java:203)
at org.testng.internal.invokers.TestMethodWorker.invokeTestMethods(TestMethodWorker.java:154)
at org.testng.internal.invokers.TestMethodWorker.run(TestMethodWorker.java:134)
at java.base/java.util.ArrayList.forEach(ArrayList.java:1596)
at org.testng.TestRunner.privateRun(TestRunner.java:741)
at org.testng.TestRunner.run(TestRunner.java:616)
at org.testng.SuiteRunner.runTest(SuiteRunner.java:421)
at org.testng.SuiteRunner.runSequentially(SuiteRunner.java:413)
at org.testng.SuiteRunner.privateRun(SuiteRunner.java:373)
at org.testng.SuiteRunner.run(SuiteRunner.java:312)
at org.testng.SuiteRunnerWorker.runSuite(SuiteRunnerWorker.java:52)
at org.testng.SuiteRunnerWorker.run(SuiteRunnerWorker.java:95)
at org.testng.TestNG.runSuitesSequentially(TestNG.java:1274)
at org.testng.TestNG.runSuitesLocally(TestNG.java:1208)
at org.testng.TestNG.runSuites(TestNG.java:1112)
at org.testng.TestNG.run(TestNG.java:1079)
at org.testng.remote.AbstractRemoteTestNG.run(AbstractRemoteTestNG.java:115)
at org.testng.remote.RemoteTestNG.initAndRun(RemoteTestNG.java:293)
at org.testng.remote.RemoteTestNG.main(RemoteTestNG.java:91)
]]>
    </failure>
  </testcase> <!-- addLeadForAdditionalFurnitureLeadTest -->
  <testcase classname="tests.AddFurnitureLeadTest" name="addLeadForAdditionalFurnitureLeadTest" time="0.000">
    <skipped/>
  </testcase> <!-- addLeadForAdditionalFurnitureLeadTest -->
  <testcase classname="tests.AddFurnitureLeadTest" name="addLeadForAdditionalFurnitureLeadTest" time="0.000">
    <skipped/>
  </testcase> <!-- addLeadForAdditionalFurnitureLeadTest -->
  <testcase classname="tests.AddFurnitureLeadTest" name="addLeadForAdditionalFurnitureLeadTest" time="0.000">
    <skipped/>
  </testcase> <!-- addLeadForAdditionalFurnitureLeadTest -->
  <testcase classname="tests.AddFurnitureLeadTest" name="addLeadForAdditionalFurnitureLeadTest" time="0.000">
    <skipped/>
  </testcase> <!-- addLeadForAdditionalFurnitureLeadTest -->
  <testcase classname="tests.AddFurnitureLeadTest" name="addLeadForAdditionalFurnitureLeadTest" time="8.867"/>
  <testcase classname="tests.AddFurnitureLeadTest" name="addLeadForAdditionalFurnitureLeadTest" time="8.537"/>
  <testcase classname="tests.AddFurnitureLeadTest" name="addLeadForAdditionalFurnitureLeadTest" time="0.000">
    <skipped/>
  </testcase> <!-- addLeadForAdditionalFurnitureLeadTest -->
  <testcase classname="tests.AddFurnitureLeadTest" name="addLeadForAdditionalFurnitureLeadTest" time="8.570"/>
  <testcase classname="tests.AddFurnitureLeadTest" name="addLeadForAdditionalFurnitureLeadTest" time="0.000">
    <skipped/>
  </testcase> <!-- addLeadForAdditionalFurnitureLeadTest -->
  <testcase classname="tests.AddFurnitureLeadTest" name="addLeadForAdditionalFurnitureLeadTest" time="0.000">
    <skipped/>
  </testcase> <!-- addLeadForAdditionalFurnitureLeadTest -->
  <testcase classname="tests.AddFurnitureLeadTest" name="addLeadForAdditionalFurnitureLeadTest" time="8.432"/>
  <testcase classname="tests.AddFurnitureLeadTest" name="addLeadForAdditionalFurnitureLeadTest" time="0.000">
    <skipped/>
  </testcase> <!-- addLeadForAdditionalFurnitureLeadTest -->
  <testcase classname="tests.AddFurnitureLeadTest" name="addLeadForAdditionalFurnitureLeadTest" time="0.000">
    <skipped/>
  </testcase> <!-- addLeadForAdditionalFurnitureLeadTest -->
  <testcase classname="tests.AddFurnitureLeadTest" name="addLeadForAdditionalFurnitureLeadTest" time="0.000">
    <skipped/>
  </testcase> <!-- addLeadForAdditionalFurnitureLeadTest -->
  <testcase classname="tests.AddFurnitureLeadTest" name="addLeadForAdditionalFurnitureLeadTest" time="8.597"/>
  <testcase classname="tests.AddFurnitureLeadTest" name="addLeadForAdditionalFurnitureLeadTest" time="8.567"/>
  <testcase classname="tests.AddFurnitureLeadTest" name="addLeadForAdditionalFurnitureLeadTest" time="0.000">
    <skipped/>
  </testcase> <!-- addLeadForAdditionalFurnitureLeadTest -->
  <testcase classname="tests.AddFurnitureLeadTest" name="addLeadForAdditionalFurnitureLeadTest" time="8.588"/>
  <testcase classname="tests.AddFurnitureLeadTest" name="addLeadForAdditionalFurnitureLeadTest" time="0.000">
    <skipped/>
  </testcase> <!-- addLeadForAdditionalFurnitureLeadTest -->
  <testcase classname="tests.AddFurnitureLeadTest" name="addLeadForAdditionalFurnitureLeadTest" time="0.000">
    <skipped/>
  </testcase> <!-- addLeadForAdditionalFurnitureLeadTest -->
  <testcase classname="tests.AddFurnitureLeadTest" name="addLeadForAdditionalFurnitureLeadTest" time="0.000">
    <skipped/>
  </testcase> <!-- addLeadForAdditionalFurnitureLeadTest -->
  <testcase classname="tests.AddFurnitureLeadTest" name="addLeadForAdditionalFurnitureLeadTest" time="8.502"/>
  <testcase classname="tests.AddFurnitureLeadTest" name="addLeadForAdditionalFurnitureLeadTest" time="0.000">
    <skipped/>
  </testcase> <!-- addLeadForAdditionalFurnitureLeadTest -->
  <testcase classname="tests.AddFurnitureLeadTest" name="addLeadForAdditionalFurnitureLeadTest" time="0.000">
    <skipped/>
  </testcase> <!-- addLeadForAdditionalFurnitureLeadTest -->
  <testcase classname="tests.AddFurnitureLeadTest" name="addLeadForAdditionalFurnitureLeadTest" time="0.000">
    <skipped/>
  </testcase> <!-- addLeadForAdditionalFurnitureLeadTest -->
  <testcase classname="tests.AddFurnitureLeadTest" name="addLeadForAdditionalFurnitureLeadTest" time="8.567"/>
  <testcase classname="tests.AddFurnitureLeadTest" name="addLeadForAdditionalFurnitureLeadTest" time="0.000">
    <skipped/>
  </testcase> <!-- addLeadForAdditionalFurnitureLeadTest -->
  <testcase classname="tests.AddFurnitureLeadTest" name="addLeadForAdditionalFurnitureLeadTest" time="0.000">
    <skipped/>
  </testcase> <!-- addLeadForAdditionalFurnitureLeadTest -->
  <testcase classname="tests.AddFurnitureLeadTest" name="addLeadForAdditionalFurnitureLeadTest" time="0.000">
    <skipped/>
  </testcase> <!-- addLeadForAdditionalFurnitureLeadTest -->
  <testcase classname="tests.AddFurnitureLeadTest" name="addLeadForAdditionalFurnitureLeadTest" time="8.577"/>
  <testcase classname="tests.AddFurnitureLeadTest" name="addLeadForAdditionalFurnitureLeadTest" time="8.614"/>
  <testcase classname="tests.AddFurnitureLeadTest" name="addLeadForAdditionalFurnitureLeadTest" time="0.000">
    <skipped/>
  </testcase> <!-- addLeadForAdditionalFurnitureLeadTest -->
  <testcase classname="tests.AddFurnitureLeadTest" name="addLeadForAdditionalFurnitureLeadTest" time="0.000">
    <skipped/>
  </testcase> <!-- addLeadForAdditionalFurnitureLeadTest -->
  <testcase classname="tests.AddFurnitureLeadTest" name="addLeadForAdditionalFurnitureLeadTest" time="0.000">
    <skipped/>
  </testcase> <!-- addLeadForAdditionalFurnitureLeadTest -->
  <testcase classname="tests.AddFurnitureLeadTest" name="addLeadForAdditionalFurnitureLeadTest" time="8.556"/>
  <testcase classname="tests.AddFurnitureLeadTest" name="addLeadForAdditionalFurnitureLeadTest" time="0.000">
    <skipped/>
  </testcase> <!-- addLeadForAdditionalFurnitureLeadTest -->
  <testcase classname="tests.AddFurnitureLeadTest" name="addLeadForAdditionalFurnitureLeadTest" time="8.562">
    <failure message="Project mismatch. Expected: Stanley - SBC, Got: Stanley - SLN" type="java.lang.AssertionError">
      <![CDATA[java.lang.AssertionError: Project mismatch. Expected: Stanley - SBC, Got: Stanley - SLN
at pages.AddFurnitureLeadPage.validateLeadWithAdditionalInfo(AddFurnitureLeadPage.java:324)
at tests.AddFurnitureLeadTest.addLeadForAdditionalFurnitureLeadTest(AddFurnitureLeadTest.java:173)
at java.base/jdk.internal.reflect.DirectMethodHandleAccessor.invoke(DirectMethodHandleAccessor.java:103)
at java.base/java.lang.reflect.Method.invoke(Method.java:580)
at org.testng.internal.invokers.MethodInvocationHelper.invokeMethod(MethodInvocationHelper.java:141)
at org.testng.internal.invokers.TestInvoker.invokeMethod(TestInvoker.java:687)
at org.testng.internal.invokers.TestInvoker.invokeTestMethod(TestInvoker.java:230)
at org.testng.internal.invokers.MethodRunner.runInSequence(MethodRunner.java:63)
at org.testng.internal.invokers.TestInvoker$MethodInvocationAgent.invoke(TestInvoker.java:995)
at org.testng.internal.invokers.TestInvoker.invokeTestMethods(TestInvoker.java:203)
at org.testng.internal.invokers.TestMethodWorker.invokeTestMethods(TestMethodWorker.java:154)
at org.testng.internal.invokers.TestMethodWorker.run(TestMethodWorker.java:134)
at java.base/java.util.ArrayList.forEach(ArrayList.java:1596)
at org.testng.TestRunner.privateRun(TestRunner.java:741)
at org.testng.TestRunner.run(TestRunner.java:616)
at org.testng.SuiteRunner.runTest(SuiteRunner.java:421)
at org.testng.SuiteRunner.runSequentially(SuiteRunner.java:413)
at org.testng.SuiteRunner.privateRun(SuiteRunner.java:373)
at org.testng.SuiteRunner.run(SuiteRunner.java:312)
at org.testng.SuiteRunnerWorker.runSuite(SuiteRunnerWorker.java:52)
at org.testng.SuiteRunnerWorker.run(SuiteRunnerWorker.java:95)
at org.testng.TestNG.runSuitesSequentially(TestNG.java:1274)
at org.testng.TestNG.runSuitesLocally(TestNG.java:1208)
at org.testng.TestNG.runSuites(TestNG.java:1112)
at org.testng.TestNG.run(TestNG.java:1079)
at org.testng.remote.AbstractRemoteTestNG.run(AbstractRemoteTestNG.java:115)
at org.testng.remote.RemoteTestNG.initAndRun(RemoteTestNG.java:293)
at org.testng.remote.RemoteTestNG.main(RemoteTestNG.java:91)
]]>
    </failure>
  </testcase> <!-- addLeadForAdditionalFurnitureLeadTest -->
  <testcase classname="tests.AddFurnitureLeadTest" name="addLeadForAdditionalFurnitureLeadTest" time="0.000">
    <skipped/>
  </testcase> <!-- addLeadForAdditionalFurnitureLeadTest -->
  <testcase classname="tests.AddFurnitureLeadTest" name="addLeadForAdditionalFurnitureLeadTest" time="0.000">
    <skipped/>
  </testcase> <!-- addLeadForAdditionalFurnitureLeadTest -->
  <testcase classname="tests.AddFurnitureLeadTest" name="addLeadForAdditionalFurnitureLeadTest" time="8.550"/>
  <testcase classname="tests.AddFurnitureLeadTest" name="addLeadForAdditionalFurnitureLeadTest" time="33.461">
    <error message="Error {
  message=&#039;Timeout 30000ms exceeded.
  name=&#039;TimeoutError
  stack=&#039;TimeoutError: Timeout 30000ms exceeded.
    at ProgressController.run (/private/var/folders/1b/cqmvqvbd4sg1xvl1gc93cfyh0000gn/T/playwright-java-7524229160389361392/package/lib/server/progress.js:68:28)
    at FrameDispatcher._runCommand (/private/var/folders/1b/cqmvqvbd4sg1xvl1gc93cfyh0000gn/T/playwright-java-7524229160389361392/package/lib/server/dispatchers/dispatcher.js:95:31)
    at DispatcherConnection.dispatch (/private/var/folders/1b/cqmvqvbd4sg1xvl1gc93cfyh0000gn/T/playwright-java-7524229160389361392/package/lib/server/dispatchers/dispatcher.js:329:39)
}
Call log:
-   - waiting for locator(&quot;#category&quot;)
-     - locator resolved to &lt;select id=&quot;category&quot; name=&quot;category&quot; class=&quot;custom-input &quot; aria-label=&quot;Select Product Category&quot;&gt;…&lt;/select&gt;
-   - attempting select option action
-     2 × waiting for element to be visible and enabled
-       - did not find some options
-     - retrying select option action
-     - waiting 20ms
-     2 × waiting for element to be visible and enabled
-       - did not find some options
-     - retrying select option action
-       - waiting 100ms
-     60 × waiting for element to be visible and enabled
-        - did not find some options
-      - retrying select option action
-        - waiting 500ms
" type="com.microsoft.playwright.TimeoutError">
      <![CDATA[com.microsoft.playwright.TimeoutError: Error {
  message='Timeout 30000ms exceeded.
  name='TimeoutError
  stack='TimeoutError: Timeout 30000ms exceeded.
    at ProgressController.run (/private/var/folders/1b/cqmvqvbd4sg1xvl1gc93cfyh0000gn/T/playwright-java-7524229160389361392/package/lib/server/progress.js:68:28)
    at FrameDispatcher._runCommand (/private/var/folders/1b/cqmvqvbd4sg1xvl1gc93cfyh0000gn/T/playwright-java-7524229160389361392/package/lib/server/dispatchers/dispatcher.js:95:31)
    at DispatcherConnection.dispatch (/private/var/folders/1b/cqmvqvbd4sg1xvl1gc93cfyh0000gn/T/playwright-java-7524229160389361392/package/lib/server/dispatchers/dispatcher.js:329:39)
}
Call log:
-   - waiting for locator("#category")
-     - locator resolved to <select id="category" name="category" class="custom-input " aria-label="Select Product Category">…</select>
-   - attempting select option action
-     2 × waiting for element to be visible and enabled
-       - did not find some options
-     - retrying select option action
-     - waiting 20ms
-     2 × waiting for element to be visible and enabled
-       - did not find some options
-     - retrying select option action
-       - waiting 100ms
-     60 × waiting for element to be visible and enabled
-        - did not find some options
-      - retrying select option action
-        - waiting 500ms

at com.microsoft.playwright.impl.WaitableResult.get(WaitableResult.java:52)
at com.microsoft.playwright.impl.ChannelOwner.runUntil(ChannelOwner.java:138)
at com.microsoft.playwright.impl.Connection.sendMessage(Connection.java:131)
at com.microsoft.playwright.impl.ChannelOwner.sendMessage(ChannelOwner.java:124)
at com.microsoft.playwright.impl.FrameImpl.selectOption(FrameImpl.java:678)
at com.microsoft.playwright.impl.FrameImpl.selectOptionImpl(FrameImpl.java:645)
at com.microsoft.playwright.impl.PageImpl.selectOption(PageImpl.java:1183)
at com.microsoft.playwright.impl.PageImpl.selectOption(PageImpl.java:1150)
at com.microsoft.playwright.Page.selectOption(Page.java:6958)
at pages.AddFurnitureLeadPage.addLeadBasic(AddFurnitureLeadPage.java:396)
at pages.AddFurnitureLeadPage.addLeadWithAdditional(AddFurnitureLeadPage.java:205)
at tests.AddFurnitureLeadTest.addLeadForAdditionalFurnitureLeadTest(AddFurnitureLeadTest.java:168)
at java.base/jdk.internal.reflect.DirectMethodHandleAccessor.invoke(DirectMethodHandleAccessor.java:103)
at java.base/java.lang.reflect.Method.invoke(Method.java:580)
at org.testng.internal.invokers.MethodInvocationHelper.invokeMethod(MethodInvocationHelper.java:141)
at org.testng.internal.invokers.TestInvoker.invokeMethod(TestInvoker.java:687)
at org.testng.internal.invokers.TestInvoker.invokeTestMethod(TestInvoker.java:230)
at org.testng.internal.invokers.MethodRunner.runInSequence(MethodRunner.java:63)
at org.testng.internal.invokers.TestInvoker$MethodInvocationAgent.invoke(TestInvoker.java:995)
at org.testng.internal.invokers.TestInvoker.invokeTestMethods(TestInvoker.java:203)
at org.testng.internal.invokers.TestMethodWorker.invokeTestMethods(TestMethodWorker.java:154)
at org.testng.internal.invokers.TestMethodWorker.run(TestMethodWorker.java:134)
at java.base/java.util.ArrayList.forEach(ArrayList.java:1596)
at org.testng.TestRunner.privateRun(TestRunner.java:741)
at org.testng.TestRunner.run(TestRunner.java:616)
at org.testng.SuiteRunner.runTest(SuiteRunner.java:421)
at org.testng.SuiteRunner.runSequentially(SuiteRunner.java:413)
at org.testng.SuiteRunner.privateRun(SuiteRunner.java:373)
at org.testng.SuiteRunner.run(SuiteRunner.java:312)
at org.testng.SuiteRunnerWorker.runSuite(SuiteRunnerWorker.java:52)
at org.testng.SuiteRunnerWorker.run(SuiteRunnerWorker.java:95)
at org.testng.TestNG.runSuitesSequentially(TestNG.java:1274)
at org.testng.TestNG.runSuitesLocally(TestNG.java:1208)
at org.testng.TestNG.runSuites(TestNG.java:1112)
at org.testng.TestNG.run(TestNG.java:1079)
at org.testng.remote.AbstractRemoteTestNG.run(AbstractRemoteTestNG.java:115)
at org.testng.remote.RemoteTestNG.initAndRun(RemoteTestNG.java:293)
at org.testng.remote.RemoteTestNG.main(RemoteTestNG.java:91)
Caused by: com.microsoft.playwright.TimeoutError: Error {
  message='Timeout 30000ms exceeded.
  name='TimeoutError
  stack='TimeoutError: Timeout 30000ms exceeded.
    at ProgressController.run (/private/var/folders/1b/cqmvqvbd4sg1xvl1gc93cfyh0000gn/T/playwright-java-7524229160389361392/package/lib/server/progress.js:68:28)
    at FrameDispatcher._runCommand (/private/var/folders/1b/cqmvqvbd4sg1xvl1gc93cfyh0000gn/T/playwright-java-7524229160389361392/package/lib/server/dispatchers/dispatcher.js:95:31)
    at DispatcherConnection.dispatch (/private/var/folders/1b/cqmvqvbd4sg1xvl1gc93cfyh0000gn/T/playwright-java-7524229160389361392/package/lib/server/dispatchers/dispatcher.js:329:39)
}
Call log:
-   - waiting for locator("#category")
-     - locator resolved to <select id="category" name="category" class="custom-input " aria-label="Select Product Category">…</select>
-   - attempting select option action
-     2 × waiting for element to be visible and enabled
-       - did not find some options
-     - retrying select option action
-     - waiting 20ms
-     2 × waiting for element to be visible and enabled
-       - did not find some options
-     - retrying select option action
-       - waiting 100ms
-     60 × waiting for element to be visible and enabled
-        - did not find some options
-      - retrying select option action
-        - waiting 500ms

at com.microsoft.playwright.impl.Connection.dispatch(Connection.java:257)
at com.microsoft.playwright.impl.Connection.processOneMessage(Connection.java:214)
at com.microsoft.playwright.impl.ChannelOwner.runUntil(ChannelOwner.java:136)
... 36 more
]]>
    </error>
  </testcase> <!-- addLeadForAdditionalFurnitureLeadTest -->
  <testcase classname="tests.AddFurnitureLeadTest" name="addLeadForAdditionalFurnitureLeadTest" time="8.524"/>
  <testcase classname="tests.AddFurnitureLeadTest" name="addLeadForAdditionalFurnitureLeadTest" time="0.000">
    <skipped/>
  </testcase> <!-- addLeadForAdditionalFurnitureLeadTest -->
  <testcase classname="tests.AddFurnitureLeadTest" name="addLeadForAdditionalFurnitureLeadTest" time="0.000">
    <skipped/>
  </testcase> <!-- addLeadForAdditionalFurnitureLeadTest -->
  <testcase classname="tests.AddFurnitureLeadTest" name="addLeadForAdditionalFurnitureLeadTest" time="8.469"/>
  <testcase classname="tests.AddFurnitureLeadTest" name="addLeadForAdditionalFurnitureLeadTest" time="8.756"/>
  <testcase classname="tests.AddFurnitureLeadTest" name="addLeadForAdditionalFurnitureLeadTest" time="8.665"/>
  <testcase classname="tests.AddFurnitureLeadTest" name="addLeadForAdditionalFurnitureLeadTest" time="0.000">
    <skipped/>
  </testcase> <!-- addLeadForAdditionalFurnitureLeadTest -->
  <testcase classname="tests.AddFurnitureLeadTest" name="addLeadForAdditionalFurnitureLeadTest" time="9.167"/>
  <testcase classname="tests.AddFurnitureLeadTest" name="addLeadForAdditionalFurnitureLeadTest" time="0.000">
    <skipped/>
  </testcase> <!-- addLeadForAdditionalFurnitureLeadTest -->
  <testcase classname="tests.AddFurnitureLeadTest" name="addLeadForAdditionalFurnitureLeadTest" time="0.000">
    <skipped/>
  </testcase> <!-- addLeadForAdditionalFurnitureLeadTest -->
  <testcase classname="tests.AddFurnitureLeadTest" name="addLeadForAdditionalFurnitureLeadTest" time="8.458"/>
  <testcase classname="tests.AddFurnitureLeadTest" name="addLeadForAdditionalFurnitureLeadTest" time="0.000">
    <skipped/>
  </testcase> <!-- addLeadForAdditionalFurnitureLeadTest -->
  <testcase classname="tests.AddFurnitureLeadTest" name="addLeadForAdditionalFurnitureLeadTest" time="0.000">
    <skipped/>
  </testcase> <!-- addLeadForAdditionalFurnitureLeadTest -->
  <testcase classname="tests.AddFurnitureLeadTest" name="addLeadForAdditionalFurnitureLeadTest" time="8.535"/>
  <testcase classname="tests.AddFurnitureLeadTest" name="addLeadForAdditionalFurnitureLeadTest" time="0.000">
    <skipped/>
  </testcase> <!-- addLeadForAdditionalFurnitureLeadTest -->
  <testcase classname="tests.AddFurnitureLeadTest" name="addLeadForAdditionalFurnitureLeadTest" time="0.000">
    <skipped/>
  </testcase> <!-- addLeadForAdditionalFurnitureLeadTest -->
  <testcase classname="tests.AddFurnitureLeadTest" name="addLeadForAdditionalFurnitureLeadTest" time="7.470">
    <failure message="Full name mismatch. Expected: Priya Bhatt, Got: Mehul Choksi" type="java.lang.AssertionError">
      <![CDATA[java.lang.AssertionError: Full name mismatch. Expected: Priya Bhatt, Got: Mehul Choksi
at pages.AddFurnitureLeadPage.validateLeadWithAdditionalInfo(AddFurnitureLeadPage.java:270)
at tests.AddFurnitureLeadTest.addLeadForAdditionalFurnitureLeadTest(AddFurnitureLeadTest.java:173)
at java.base/jdk.internal.reflect.DirectMethodHandleAccessor.invoke(DirectMethodHandleAccessor.java:103)
at java.base/java.lang.reflect.Method.invoke(Method.java:580)
at org.testng.internal.invokers.MethodInvocationHelper.invokeMethod(MethodInvocationHelper.java:141)
at org.testng.internal.invokers.TestInvoker.invokeMethod(TestInvoker.java:687)
at org.testng.internal.invokers.TestInvoker.invokeTestMethod(TestInvoker.java:230)
at org.testng.internal.invokers.MethodRunner.runInSequence(MethodRunner.java:63)
at org.testng.internal.invokers.TestInvoker$MethodInvocationAgent.invoke(TestInvoker.java:995)
at org.testng.internal.invokers.TestInvoker.invokeTestMethods(TestInvoker.java:203)
at org.testng.internal.invokers.TestMethodWorker.invokeTestMethods(TestMethodWorker.java:154)
at org.testng.internal.invokers.TestMethodWorker.run(TestMethodWorker.java:134)
at java.base/java.util.ArrayList.forEach(ArrayList.java:1596)
at org.testng.TestRunner.privateRun(TestRunner.java:741)
at org.testng.TestRunner.run(TestRunner.java:616)
at org.testng.SuiteRunner.runTest(SuiteRunner.java:421)
at org.testng.SuiteRunner.runSequentially(SuiteRunner.java:413)
at org.testng.SuiteRunner.privateRun(SuiteRunner.java:373)
at org.testng.SuiteRunner.run(SuiteRunner.java:312)
at org.testng.SuiteRunnerWorker.runSuite(SuiteRunnerWorker.java:52)
at org.testng.SuiteRunnerWorker.run(SuiteRunnerWorker.java:95)
at org.testng.TestNG.runSuitesSequentially(TestNG.java:1274)
at org.testng.TestNG.runSuitesLocally(TestNG.java:1208)
at org.testng.TestNG.runSuites(TestNG.java:1112)
at org.testng.TestNG.run(TestNG.java:1079)
at org.testng.remote.AbstractRemoteTestNG.run(AbstractRemoteTestNG.java:115)
at org.testng.remote.RemoteTestNG.initAndRun(RemoteTestNG.java:293)
at org.testng.remote.RemoteTestNG.main(RemoteTestNG.java:91)
]]>
    </failure>
  </testcase> <!-- addLeadForAdditionalFurnitureLeadTest -->
  <testcase classname="tests.AddFurnitureLeadTest" name="addLeadForAdditionalFurnitureLeadTest" time="8.477"/>
  <testcase classname="tests.AddFurnitureLeadTest" name="addLeadForAdditionalFurnitureLeadTest" time="8.571"/>
  <testcase classname="tests.AddFurnitureLeadTest" name="addLeadForAdditionalFurnitureLeadTest" time="0.000">
    <skipped/>
  </testcase> <!-- addLeadForAdditionalFurnitureLeadTest -->
  <testcase classname="tests.AddFurnitureLeadTest" name="addLeadForAdditionalFurnitureLeadTest" time="11.006"/>
  <testcase classname="tests.AddFurnitureLeadTest" name="addLeadForAdditionalFurnitureLeadTest" time="0.000">
    <skipped/>
  </testcase> <!-- addLeadForAdditionalFurnitureLeadTest -->
  <testcase classname="tests.AddFurnitureLeadTest" name="addLeadForAdditionalFurnitureLeadTest" time="8.581"/>
  <testcase classname="tests.AddFurnitureLeadTest" name="addLeadForAdditionalFurnitureLeadTest" time="0.000">
    <skipped/>
  </testcase> <!-- addLeadForAdditionalFurnitureLeadTest -->
  <testcase classname="tests.AddFurnitureLeadTest" name="addLeadForAdditionalFurnitureLeadTest" time="8.543"/>
  <testcase classname="tests.AddFurnitureLeadTest" name="addLeadForAdditionalFurnitureLeadTest" time="0.000">
    <skipped/>
  </testcase> <!-- addLeadForAdditionalFurnitureLeadTest -->
  <testcase classname="tests.AddFurnitureLeadTest" name="addLeadForAdditionalFurnitureLeadTest" time="8.515"/>
  <testcase classname="tests.AddFurnitureLeadTest" name="addLeadForAdditionalFurnitureLeadTest" time="8.462"/>
  <testcase classname="tests.AddFurnitureLeadTest" name="addLeadForAdditionalFurnitureLeadTest" time="8.635"/>
  <testcase classname="tests.AddFurnitureLeadTest" name="addLeadForAdditionalFurnitureLeadTest" time="0.000">
    <skipped/>
  </testcase> <!-- addLeadForAdditionalFurnitureLeadTest -->
  <testcase classname="tests.AddFurnitureLeadTest" name="addLeadForAdditionalFurnitureLeadTest" time="0.000">
    <skipped/>
  </testcase> <!-- addLeadForAdditionalFurnitureLeadTest -->
  <testcase classname="tests.AddFurnitureLeadTest" name="addLeadForAdditionalFurnitureLeadTest" time="0.000">
    <skipped/>
  </testcase> <!-- addLeadForAdditionalFurnitureLeadTest -->
  <testcase classname="tests.AddFurnitureLeadTest" name="addLeadForAdditionalFurnitureLeadTest" time="8.568"/>
  <testcase classname="tests.AddFurnitureLeadTest" name="addLeadForAdditionalFurnitureLeadTest" time="0.000">
    <skipped/>
  </testcase> <!-- addLeadForAdditionalFurnitureLeadTest -->
  <testcase classname="tests.AddFurnitureLeadTest" name="addLeadForAdditionalFurnitureLeadTest" time="0.000">
    <skipped/>
  </testcase> <!-- addLeadForAdditionalFurnitureLeadTest -->
  <testcase classname="tests.AddFurnitureLeadTest" name="addLeadForAdditionalFurnitureLeadTest" time="0.000">
    <skipped/>
  </testcase> <!-- addLeadForAdditionalFurnitureLeadTest -->
  <testcase classname="tests.AddFurnitureLeadTest" name="addLeadForAdditionalFurnitureLeadTest" time="0.000">
    <skipped/>
  </testcase> <!-- addLeadForAdditionalFurnitureLeadTest -->
  <testcase classname="tests.AddFurnitureLeadTest" name="addLeadForAdditionalFurnitureLeadTest" time="8.586"/>
  <testcase classname="tests.AddFurnitureLeadTest" name="addLeadForAdditionalFurnitureLeadTest" time="0.000">
    <skipped/>
  </testcase> <!-- addLeadForAdditionalFurnitureLeadTest -->
  <testcase classname="tests.AddFurnitureLeadTest" name="addLeadForAdditionalFurnitureLeadTest" time="0.000">
    <skipped/>
  </testcase> <!-- addLeadForAdditionalFurnitureLeadTest -->
  <testcase classname="tests.AddFurnitureLeadTest" name="addLeadForAdditionalFurnitureLeadTest" time="0.000">
    <skipped/>
  </testcase> <!-- addLeadForAdditionalFurnitureLeadTest -->
  <testcase classname="tests.AddFurnitureLeadTest" name="addLeadForAdditionalFurnitureLeadTest" time="0.000">
    <skipped/>
  </testcase> <!-- addLeadForAdditionalFurnitureLeadTest -->
  <testcase classname="tests.AddFurnitureLeadTest" name="addLeadForAdditionalFurnitureLeadTest" time="0.000">
    <skipped/>
  </testcase> <!-- addLeadForAdditionalFurnitureLeadTest -->
  <testcase classname="tests.AddFurnitureLeadTest" name="addLeadForAdditionalFurnitureLeadTest" time="0.000">
    <skipped/>
  </testcase> <!-- addLeadForAdditionalFurnitureLeadTest -->
  <testcase classname="tests.AddFurnitureLeadTest" name="addLeadForAdditionalFurnitureLeadTest" time="8.573"/>
  <testcase classname="tests.AddFurnitureLeadTest" name="addLeadForAdditionalFurnitureLeadTest" time="0.000">
    <skipped/>
  </testcase> <!-- addLeadForAdditionalFurnitureLeadTest -->
  <testcase classname="tests.AddFurnitureLeadTest" name="addLeadForAdditionalFurnitureLeadTest" time="7.476">
    <failure message="Full name mismatch. Expected: Rishi Choksi, Got: Karan Bhatt" type="java.lang.AssertionError">
      <![CDATA[java.lang.AssertionError: Full name mismatch. Expected: Rishi Choksi, Got: Karan Bhatt
at pages.AddFurnitureLeadPage.validateLeadWithAdditionalInfo(AddFurnitureLeadPage.java:270)
at tests.AddFurnitureLeadTest.addLeadForAdditionalFurnitureLeadTest(AddFurnitureLeadTest.java:173)
at java.base/jdk.internal.reflect.DirectMethodHandleAccessor.invoke(DirectMethodHandleAccessor.java:103)
at java.base/java.lang.reflect.Method.invoke(Method.java:580)
at org.testng.internal.invokers.MethodInvocationHelper.invokeMethod(MethodInvocationHelper.java:141)
at org.testng.internal.invokers.TestInvoker.invokeMethod(TestInvoker.java:687)
at org.testng.internal.invokers.TestInvoker.invokeTestMethod(TestInvoker.java:230)
at org.testng.internal.invokers.MethodRunner.runInSequence(MethodRunner.java:63)
at org.testng.internal.invokers.TestInvoker$MethodInvocationAgent.invoke(TestInvoker.java:995)
at org.testng.internal.invokers.TestInvoker.invokeTestMethods(TestInvoker.java:203)
at org.testng.internal.invokers.TestMethodWorker.invokeTestMethods(TestMethodWorker.java:154)
at org.testng.internal.invokers.TestMethodWorker.run(TestMethodWorker.java:134)
at java.base/java.util.ArrayList.forEach(ArrayList.java:1596)
at org.testng.TestRunner.privateRun(TestRunner.java:741)
at org.testng.TestRunner.run(TestRunner.java:616)
at org.testng.SuiteRunner.runTest(SuiteRunner.java:421)
at org.testng.SuiteRunner.runSequentially(SuiteRunner.java:413)
at org.testng.SuiteRunner.privateRun(SuiteRunner.java:373)
at org.testng.SuiteRunner.run(SuiteRunner.java:312)
at org.testng.SuiteRunnerWorker.runSuite(SuiteRunnerWorker.java:52)
at org.testng.SuiteRunnerWorker.run(SuiteRunnerWorker.java:95)
at org.testng.TestNG.runSuitesSequentially(TestNG.java:1274)
at org.testng.TestNG.runSuitesLocally(TestNG.java:1208)
at org.testng.TestNG.runSuites(TestNG.java:1112)
at org.testng.TestNG.run(TestNG.java:1079)
at org.testng.remote.AbstractRemoteTestNG.run(AbstractRemoteTestNG.java:115)
at org.testng.remote.RemoteTestNG.initAndRun(RemoteTestNG.java:293)
at org.testng.remote.RemoteTestNG.main(RemoteTestNG.java:91)
]]>
    </failure>
  </testcase> <!-- addLeadForAdditionalFurnitureLeadTest -->
  <testcase classname="tests.AddFurnitureLeadTest" name="addLeadForAdditionalFurnitureLeadTest" time="0.000">
    <skipped/>
  </testcase> <!-- addLeadForAdditionalFurnitureLeadTest -->
  <testcase classname="tests.AddFurnitureLeadTest" name="addLeadForAdditionalFurnitureLeadTest" time="9.384"/>
  <testcase classname="tests.AddFurnitureLeadTest" name="addLeadForAdditionalFurnitureLeadTest" time="0.000">
    <skipped/>
  </testcase> <!-- addLeadForAdditionalFurnitureLeadTest -->
  <testcase classname="tests.AddFurnitureLeadTest" name="addLeadForAdditionalFurnitureLeadTest" time="0.000">
    <skipped/>
  </testcase> <!-- addLeadForAdditionalFurnitureLeadTest -->
  <testcase classname="tests.AddFurnitureLeadTest" name="addLeadForAdditionalFurnitureLeadTest" time="8.456"/>
  <testcase classname="tests.AddFurnitureLeadTest" name="addLeadForAdditionalFurnitureLeadTest" time="0.000">
    <skipped/>
  </testcase> <!-- addLeadForAdditionalFurnitureLeadTest -->
  <testcase classname="tests.AddFurnitureLeadTest" name="addLeadForAdditionalFurnitureLeadTest" time="0.000">
    <skipped/>
  </testcase> <!-- addLeadForAdditionalFurnitureLeadTest -->
  <testcase classname="tests.AddFurnitureLeadTest" name="addLeadForAdditionalFurnitureLeadTest" time="0.000">
    <skipped/>
  </testcase> <!-- addLeadForAdditionalFurnitureLeadTest -->
  <testcase classname="tests.AddFurnitureLeadTest" name="addLeadForAdditionalFurnitureLeadTest" time="950.209">
    <error message="Error {
  message=&#039;Timeout 30000ms exceeded.
  name=&#039;TimeoutError
  stack=&#039;TimeoutError: Timeout 30000ms exceeded.
    at ProgressController.run (/private/var/folders/1b/cqmvqvbd4sg1xvl1gc93cfyh0000gn/T/playwright-java-7524229160389361392/package/lib/server/progress.js:68:28)
    at FrameDispatcher._runCommand (/private/var/folders/1b/cqmvqvbd4sg1xvl1gc93cfyh0000gn/T/playwright-java-7524229160389361392/package/lib/server/dispatchers/dispatcher.js:95:31)
    at DispatcherConnection.dispatch (/private/var/folders/1b/cqmvqvbd4sg1xvl1gc93cfyh0000gn/T/playwright-java-7524229160389361392/package/lib/server/dispatchers/dispatcher.js:329:39)
}
Call log:
-   - waiting for locator(&quot;#subSource&quot;)
-     - locator resolved to &lt;select id=&quot;subSource&quot; name=&quot;subSource&quot; class=&quot;custom-input &quot; aria-label=&quot;Select Sub Source&quot;&gt;…&lt;/select&gt;
-   - attempting select option action
-     - waiting for element to be visible and enabled
" type="com.microsoft.playwright.TimeoutError">
      <![CDATA[com.microsoft.playwright.TimeoutError: Error {
  message='Timeout 30000ms exceeded.
  name='TimeoutError
  stack='TimeoutError: Timeout 30000ms exceeded.
    at ProgressController.run (/private/var/folders/1b/cqmvqvbd4sg1xvl1gc93cfyh0000gn/T/playwright-java-7524229160389361392/package/lib/server/progress.js:68:28)
    at FrameDispatcher._runCommand (/private/var/folders/1b/cqmvqvbd4sg1xvl1gc93cfyh0000gn/T/playwright-java-7524229160389361392/package/lib/server/dispatchers/dispatcher.js:95:31)
    at DispatcherConnection.dispatch (/private/var/folders/1b/cqmvqvbd4sg1xvl1gc93cfyh0000gn/T/playwright-java-7524229160389361392/package/lib/server/dispatchers/dispatcher.js:329:39)
}
Call log:
-   - waiting for locator("#subSource")
-     - locator resolved to <select id="subSource" name="subSource" class="custom-input " aria-label="Select Sub Source">…</select>
-   - attempting select option action
-     - waiting for element to be visible and enabled

at com.microsoft.playwright.impl.WaitableResult.get(WaitableResult.java:52)
at com.microsoft.playwright.impl.ChannelOwner.runUntil(ChannelOwner.java:138)
at com.microsoft.playwright.impl.Connection.sendMessage(Connection.java:131)
at com.microsoft.playwright.impl.ChannelOwner.sendMessage(ChannelOwner.java:124)
at com.microsoft.playwright.impl.FrameImpl.selectOption(FrameImpl.java:678)
at com.microsoft.playwright.impl.FrameImpl.selectOptionImpl(FrameImpl.java:645)
at com.microsoft.playwright.impl.PageImpl.selectOption(PageImpl.java:1183)
at com.microsoft.playwright.impl.PageImpl.selectOption(PageImpl.java:1150)
at com.microsoft.playwright.Page.selectOption(Page.java:6958)
at pages.AddFurnitureLeadPage.addLeadBasic(AddFurnitureLeadPage.java:395)
at pages.AddFurnitureLeadPage.addLeadWithAdditional(AddFurnitureLeadPage.java:205)
at tests.AddFurnitureLeadTest.addLeadForAdditionalFurnitureLeadTest(AddFurnitureLeadTest.java:168)
at java.base/jdk.internal.reflect.DirectMethodHandleAccessor.invoke(DirectMethodHandleAccessor.java:103)
at java.base/java.lang.reflect.Method.invoke(Method.java:580)
at org.testng.internal.invokers.MethodInvocationHelper.invokeMethod(MethodInvocationHelper.java:141)
at org.testng.internal.invokers.TestInvoker.invokeMethod(TestInvoker.java:687)
at org.testng.internal.invokers.TestInvoker.invokeTestMethod(TestInvoker.java:230)
at org.testng.internal.invokers.MethodRunner.runInSequence(MethodRunner.java:63)
at org.testng.internal.invokers.TestInvoker$MethodInvocationAgent.invoke(TestInvoker.java:995)
at org.testng.internal.invokers.TestInvoker.invokeTestMethods(TestInvoker.java:203)
at org.testng.internal.invokers.TestMethodWorker.invokeTestMethods(TestMethodWorker.java:154)
at org.testng.internal.invokers.TestMethodWorker.run(TestMethodWorker.java:134)
at java.base/java.util.ArrayList.forEach(ArrayList.java:1596)
at org.testng.TestRunner.privateRun(TestRunner.java:741)
at org.testng.TestRunner.run(TestRunner.java:616)
at org.testng.SuiteRunner.runTest(SuiteRunner.java:421)
at org.testng.SuiteRunner.runSequentially(SuiteRunner.java:413)
at org.testng.SuiteRunner.privateRun(SuiteRunner.java:373)
at org.testng.SuiteRunner.run(SuiteRunner.java:312)
at org.testng.SuiteRunnerWorker.runSuite(SuiteRunnerWorker.java:52)
at org.testng.SuiteRunnerWorker.run(SuiteRunnerWorker.java:95)
at org.testng.TestNG.runSuitesSequentially(TestNG.java:1274)
at org.testng.TestNG.runSuitesLocally(TestNG.java:1208)
at org.testng.TestNG.runSuites(TestNG.java:1112)
at org.testng.TestNG.run(TestNG.java:1079)
at org.testng.remote.AbstractRemoteTestNG.run(AbstractRemoteTestNG.java:115)
at org.testng.remote.RemoteTestNG.initAndRun(RemoteTestNG.java:293)
at org.testng.remote.RemoteTestNG.main(RemoteTestNG.java:91)
Caused by: com.microsoft.playwright.TimeoutError: Error {
  message='Timeout 30000ms exceeded.
  name='TimeoutError
  stack='TimeoutError: Timeout 30000ms exceeded.
    at ProgressController.run (/private/var/folders/1b/cqmvqvbd4sg1xvl1gc93cfyh0000gn/T/playwright-java-7524229160389361392/package/lib/server/progress.js:68:28)
    at FrameDispatcher._runCommand (/private/var/folders/1b/cqmvqvbd4sg1xvl1gc93cfyh0000gn/T/playwright-java-7524229160389361392/package/lib/server/dispatchers/dispatcher.js:95:31)
    at DispatcherConnection.dispatch (/private/var/folders/1b/cqmvqvbd4sg1xvl1gc93cfyh0000gn/T/playwright-java-7524229160389361392/package/lib/server/dispatchers/dispatcher.js:329:39)
}
Call log:
-   - waiting for locator("#subSource")
-     - locator resolved to <select id="subSource" name="subSource" class="custom-input " aria-label="Select Sub Source">…</select>
-   - attempting select option action
-     - waiting for element to be visible and enabled

at com.microsoft.playwright.impl.Connection.dispatch(Connection.java:257)
at com.microsoft.playwright.impl.Connection.processOneMessage(Connection.java:214)
at com.microsoft.playwright.impl.ChannelOwner.runUntil(ChannelOwner.java:136)
... 36 more
]]>
    </error>
  </testcase> <!-- addLeadForAdditionalFurnitureLeadTest -->
  <testcase classname="tests.AddFurnitureLeadTest" name="addLeadForAdditionalFurnitureLeadTest" time="0.000">
    <skipped/>
  </testcase> <!-- addLeadForAdditionalFurnitureLeadTest -->
  <testcase classname="tests.AddFurnitureLeadTest" name="addLeadForAdditionalFurnitureLeadTest" time="8.589"/>
  <testcase classname="tests.AddFurnitureLeadTest" name="addLeadForAdditionalFurnitureLeadTest" time="0.000">
    <skipped/>
  </testcase> <!-- addLeadForAdditionalFurnitureLeadTest -->
  <testcase classname="tests.AddFurnitureLeadTest" name="addLeadForAdditionalFurnitureLeadTest" time="0.000">
    <skipped/>
  </testcase> <!-- addLeadForAdditionalFurnitureLeadTest -->
  <testcase classname="tests.AddFurnitureLeadTest" name="addLeadForAdditionalFurnitureLeadTest" time="8.555"/>
  <testcase classname="tests.AddFurnitureLeadTest" name="addLeadForAdditionalFurnitureLeadTest" time="0.000">
    <skipped/>
  </testcase> <!-- addLeadForAdditionalFurnitureLeadTest -->
  <testcase classname="tests.AddFurnitureLeadTest" name="addLeadForAdditionalFurnitureLeadTest" time="0.000">
    <skipped/>
  </testcase> <!-- addLeadForAdditionalFurnitureLeadTest -->
  <testcase classname="tests.AddFurnitureLeadTest" name="addLeadForAdditionalFurnitureLeadTest" time="8.450"/>
  <testcase classname="tests.AddFurnitureLeadTest" name="addLeadForAdditionalFurnitureLeadTest" time="8.578"/>
  <testcase classname="tests.AddFurnitureLeadTest" name="addLeadForAdditionalFurnitureLeadTest" time="8.552"/>
  <testcase classname="tests.AddFurnitureLeadTest" name="addLeadForAdditionalFurnitureLeadTest" time="0.000">
    <skipped/>
  </testcase> <!-- addLeadForAdditionalFurnitureLeadTest -->
  <testcase classname="tests.AddFurnitureLeadTest" name="addLeadForAdditionalFurnitureLeadTest" time="8.558"/>
  <testcase classname="tests.AddFurnitureLeadTest" name="addLeadForAdditionalFurnitureLeadTest" time="8.574"/>
  <testcase classname="tests.AddFurnitureLeadTest" name="addLeadForAdditionalFurnitureLeadTest" time="0.000">
    <skipped/>
  </testcase> <!-- addLeadForAdditionalFurnitureLeadTest -->
  <testcase classname="tests.AddFurnitureLeadTest" name="addLeadForAdditionalFurnitureLeadTest" time="0.000">
    <skipped/>
  </testcase> <!-- addLeadForAdditionalFurnitureLeadTest -->
  <testcase classname="tests.AddFurnitureLeadTest" name="addLeadForAdditionalFurnitureLeadTest" time="8.581"/>
  <testcase classname="tests.AddFurnitureLeadTest" name="addLeadForAdditionalFurnitureLeadTest" time="0.000">
    <skipped/>
  </testcase> <!-- addLeadForAdditionalFurnitureLeadTest -->
  <testcase classname="tests.AddFurnitureLeadTest" name="addLeadForAdditionalFurnitureLeadTest" time="8.550"/>
  <testcase classname="tests.AddFurnitureLeadTest" name="addLeadForAdditionalFurnitureLeadTest" time="0.000">
    <skipped/>
  </testcase> <!-- addLeadForAdditionalFurnitureLeadTest -->
  <testcase classname="tests.AddFurnitureLeadTest" name="addLeadForAdditionalFurnitureLeadTest" time="8.556"/>
  <testcase classname="tests.AddFurnitureLeadTest" name="addLeadForAdditionalFurnitureLeadTest" time="0.000">
    <skipped/>
  </testcase> <!-- addLeadForAdditionalFurnitureLeadTest -->
  <testcase classname="tests.AddFurnitureLeadTest" name="addLeadForAdditionalFurnitureLeadTest" time="0.000">
    <skipped/>
  </testcase> <!-- addLeadForAdditionalFurnitureLeadTest -->
  <testcase classname="tests.AddFurnitureLeadTest" name="addLeadForAdditionalFurnitureLeadTest" time="0.000">
    <skipped/>
  </testcase> <!-- addLeadForAdditionalFurnitureLeadTest -->
  <testcase classname="tests.AddFurnitureLeadTest" name="addLeadForAdditionalFurnitureLeadTest" time="8.424"/>
  <testcase classname="tests.AddFurnitureLeadTest" name="addLeadForAdditionalFurnitureLeadTest" time="0.000">
    <skipped/>
  </testcase> <!-- addLeadForAdditionalFurnitureLeadTest -->
  <testcase classname="tests.AddFurnitureLeadTest" name="addLeadForAdditionalFurnitureLeadTest" time="0.000">
    <skipped/>
  </testcase> <!-- addLeadForAdditionalFurnitureLeadTest -->
  <testcase classname="tests.AddFurnitureLeadTest" name="addLeadForAdditionalFurnitureLeadTest" time="0.000">
    <skipped/>
  </testcase> <!-- addLeadForAdditionalFurnitureLeadTest -->
  <testcase classname="tests.AddFurnitureLeadTest" name="addLeadForAdditionalFurnitureLeadTest" time="0.000">
    <skipped/>
  </testcase> <!-- addLeadForAdditionalFurnitureLeadTest -->
  <testcase classname="tests.AddFurnitureLeadTest" name="addLeadForAdditionalFurnitureLeadTest" time="0.000">
    <skipped/>
  </testcase> <!-- addLeadForAdditionalFurnitureLeadTest -->
  <testcase classname="tests.AddFurnitureLeadTest" name="addLeadForAdditionalFurnitureLeadTest" time="0.000">
    <skipped/>
  </testcase> <!-- addLeadForAdditionalFurnitureLeadTest -->
  <testcase classname="tests.AddFurnitureLeadTest" name="addLeadForAdditionalFurnitureLeadTest" time="0.000">
    <skipped/>
  </testcase> <!-- addLeadForAdditionalFurnitureLeadTest -->
  <testcase classname="tests.AddFurnitureLeadTest" name="addLeadForAdditionalFurnitureLeadTest" time="0.000">
    <skipped/>
  </testcase> <!-- addLeadForAdditionalFurnitureLeadTest -->
  <testcase classname="tests.AddFurnitureLeadTest" name="addLeadForAdditionalFurnitureLeadTest" time="8.603"/>
  <testcase classname="tests.AddFurnitureLeadTest" name="addLeadForAdditionalFurnitureLeadTest" time="8.666"/>
  <testcase classname="tests.AddFurnitureLeadTest" name="addLeadForAdditionalFurnitureLeadTest" time="8.454"/>
  <testcase classname="tests.AddFurnitureLeadTest" name="addLeadForAdditionalFurnitureLeadTest" time="0.000">
    <skipped/>
  </testcase> <!-- addLeadForAdditionalFurnitureLeadTest -->
  <testcase classname="tests.AddFurnitureLeadTest" name="addLeadForAdditionalFurnitureLeadTest" time="0.000">
    <skipped/>
  </testcase> <!-- addLeadForAdditionalFurnitureLeadTest -->
  <testcase classname="tests.AddFurnitureLeadTest" name="addLeadForAdditionalFurnitureLeadTest" time="9.467"/>
  <testcase classname="tests.AddFurnitureLeadTest" name="addLeadForAdditionalFurnitureLeadTest" time="8.614"/>
  <testcase classname="tests.AddFurnitureLeadTest" name="addLeadForAdditionalFurnitureLeadTest" time="8.818"/>
  <testcase classname="tests.AddFurnitureLeadTest" name="addLeadForAdditionalFurnitureLeadTest" time="0.000">
    <skipped/>
  </testcase> <!-- addLeadForAdditionalFurnitureLeadTest -->
  <testcase classname="tests.AddFurnitureLeadTest" name="addLeadForAdditionalFurnitureLeadTest" time="8.880"/>
  <testcase classname="tests.AddFurnitureLeadTest" name="addLeadForAdditionalFurnitureLeadTest" time="0.000">
    <skipped/>
  </testcase> <!-- addLeadForAdditionalFurnitureLeadTest -->
  <testcase classname="tests.AddFurnitureLeadTest" name="addLeadForAdditionalFurnitureLeadTest" time="0.000">
    <skipped/>
  </testcase> <!-- addLeadForAdditionalFurnitureLeadTest -->
  <testcase classname="tests.AddFurnitureLeadTest" name="addLeadForAdditionalFurnitureLeadTest" time="0.000">
    <skipped/>
  </testcase> <!-- addLeadForAdditionalFurnitureLeadTest -->
  <testcase classname="tests.AddFurnitureLeadTest" name="addLeadForAdditionalFurnitureLeadTest" time="0.000">
    <skipped/>
  </testcase> <!-- addLeadForAdditionalFurnitureLeadTest -->
  <testcase classname="tests.AddFurnitureLeadTest" name="addLeadForAdditionalFurnitureLeadTest" time="0.000">
    <skipped/>
  </testcase> <!-- addLeadForAdditionalFurnitureLeadTest -->
  <testcase classname="tests.AddFurnitureLeadTest" name="addLeadForAdditionalFurnitureLeadTest" time="0.000">
    <skipped/>
  </testcase> <!-- addLeadForAdditionalFurnitureLeadTest -->
  <testcase classname="tests.AddFurnitureLeadTest" name="addLeadForAdditionalFurnitureLeadTest" time="8.600"/>
  <testcase classname="tests.AddFurnitureLeadTest" name="addLeadForAdditionalFurnitureLeadTest" time="8.741"/>
  <testcase classname="tests.AddFurnitureLeadTest" name="addLeadForAdditionalFurnitureLeadTest" time="8.516"/>
  <testcase classname="tests.AddFurnitureLeadTest" name="addLeadForAdditionalFurnitureLeadTest" time="0.000">
    <skipped/>
  </testcase> <!-- addLeadForAdditionalFurnitureLeadTest -->
  <testcase classname="tests.AddFurnitureLeadTest" name="addLeadForAdditionalFurnitureLeadTest" time="0.000">
    <skipped/>
  </testcase> <!-- addLeadForAdditionalFurnitureLeadTest -->
  <testcase classname="tests.AddFurnitureLeadTest" name="addLeadForAdditionalFurnitureLeadTest" time="0.000">
    <skipped/>
  </testcase> <!-- addLeadForAdditionalFurnitureLeadTest -->
  <testcase classname="tests.AddFurnitureLeadTest" name="addLeadForAdditionalFurnitureLeadTest" time="0.000">
    <skipped/>
  </testcase> <!-- addLeadForAdditionalFurnitureLeadTest -->
  <testcase classname="tests.AddFurnitureLeadTest" name="addLeadForAdditionalFurnitureLeadTest" time="8.537"/>
  <testcase classname="tests.AddFurnitureLeadTest" name="addLeadForAdditionalFurnitureLeadTest" time="0.000">
    <skipped/>
  </testcase> <!-- addLeadForAdditionalFurnitureLeadTest -->
  <testcase classname="tests.AddFurnitureLeadTest" name="addLeadForAdditionalFurnitureLeadTest" time="8.899"/>
  <testcase classname="tests.AddFurnitureLeadTest" name="addLeadForAdditionalFurnitureLeadTest" time="0.000">
    <skipped/>
  </testcase> <!-- addLeadForAdditionalFurnitureLeadTest -->
  <testcase classname="tests.AddFurnitureLeadTest" name="addLeadForAdditionalFurnitureLeadTest" time="0.000">
    <skipped/>
  </testcase> <!-- addLeadForAdditionalFurnitureLeadTest -->
  <testcase classname="tests.AddFurnitureLeadTest" name="addLeadForAdditionalFurnitureLeadTest" time="0.000">
    <skipped/>
  </testcase> <!-- addLeadForAdditionalFurnitureLeadTest -->
  <testcase classname="tests.AddFurnitureLeadTest" name="addLeadForAdditionalFurnitureLeadTest" time="8.568"/>
  <testcase classname="tests.AddFurnitureLeadTest" name="addLeadForAdditionalFurnitureLeadTest" time="0.000">
    <skipped/>
  </testcase> <!-- addLeadForAdditionalFurnitureLeadTest -->
  <testcase classname="tests.AddFurnitureLeadTest" name="addLeadForAdditionalFurnitureLeadTest" time="0.000">
    <skipped/>
  </testcase> <!-- addLeadForAdditionalFurnitureLeadTest -->
  <testcase classname="tests.AddFurnitureLeadTest" name="addLeadForAdditionalFurnitureLeadTest" time="8.670"/>
  <testcase classname="tests.AddFurnitureLeadTest" name="addLeadForAdditionalFurnitureLeadTest" time="0.000">
    <skipped/>
  </testcase> <!-- addLeadForAdditionalFurnitureLeadTest -->
  <testcase classname="tests.AddFurnitureLeadTest" name="addLeadForAdditionalFurnitureLeadTest" time="8.436"/>
  <testcase classname="tests.AddFurnitureLeadTest" name="addLeadForAdditionalFurnitureLeadTest" time="8.582"/>
  <testcase classname="tests.AddFurnitureLeadTest" name="addLeadForAdditionalFurnitureLeadTest" time="0.000">
    <skipped/>
  </testcase> <!-- addLeadForAdditionalFurnitureLeadTest -->
  <testcase classname="tests.AddFurnitureLeadTest" name="addLeadForAdditionalFurnitureLeadTest" time="0.000">
    <skipped/>
  </testcase> <!-- addLeadForAdditionalFurnitureLeadTest -->
  <testcase classname="tests.AddFurnitureLeadTest" name="addLeadForAdditionalFurnitureLeadTest" time="8.581"/>
  <testcase classname="tests.AddFurnitureLeadTest" name="addLeadForAdditionalFurnitureLeadTest" time="0.000">
    <skipped/>
  </testcase> <!-- addLeadForAdditionalFurnitureLeadTest -->
  <testcase classname="tests.AddFurnitureLeadTest" name="addLeadForAdditionalFurnitureLeadTest" time="0.000">
    <skipped/>
  </testcase> <!-- addLeadForAdditionalFurnitureLeadTest -->
  <testcase classname="tests.AddFurnitureLeadTest" name="addLeadForAdditionalFurnitureLeadTest" time="8.553"/>
  <testcase classname="tests.AddFurnitureLeadTest" name="addLeadForAdditionalFurnitureLeadTest" time="0.000">
    <skipped/>
  </testcase> <!-- addLeadForAdditionalFurnitureLeadTest -->
  <testcase classname="tests.AddFurnitureLeadTest" name="addLeadForAdditionalFurnitureLeadTest" time="8.585"/>
  <testcase classname="tests.AddFurnitureLeadTest" name="addLeadForAdditionalFurnitureLeadTest" time="0.000">
    <skipped/>
  </testcase> <!-- addLeadForAdditionalFurnitureLeadTest -->
  <testcase classname="tests.AddFurnitureLeadTest" name="addLeadForAdditionalFurnitureLeadTest" time="0.000">
    <skipped/>
  </testcase> <!-- addLeadForAdditionalFurnitureLeadTest -->
  <testcase classname="tests.AddFurnitureLeadTest" name="addLeadForAdditionalFurnitureLeadTest" time="9.004"/>
  <testcase classname="tests.AddFurnitureLeadTest" name="addLeadForAdditionalFurnitureLeadTest" time="0.000">
    <skipped/>
  </testcase> <!-- addLeadForAdditionalFurnitureLeadTest -->
  <testcase classname="tests.AddFurnitureLeadTest" name="addLeadForAdditionalFurnitureLeadTest" time="33.461">
    <error message="Error {
  message=&#039;Timeout 30000ms exceeded.
  name=&#039;TimeoutError
  stack=&#039;TimeoutError: Timeout 30000ms exceeded.
    at ProgressController.run (/private/var/folders/1b/cqmvqvbd4sg1xvl1gc93cfyh0000gn/T/playwright-java-7524229160389361392/package/lib/server/progress.js:68:28)
    at FrameDispatcher._runCommand (/private/var/folders/1b/cqmvqvbd4sg1xvl1gc93cfyh0000gn/T/playwright-java-7524229160389361392/package/lib/server/dispatchers/dispatcher.js:95:31)
    at DispatcherConnection.dispatch (/private/var/folders/1b/cqmvqvbd4sg1xvl1gc93cfyh0000gn/T/playwright-java-7524229160389361392/package/lib/server/dispatchers/dispatcher.js:329:39)
}
Call log:
-   - waiting for locator(&quot;#category&quot;)
-     - locator resolved to &lt;select id=&quot;category&quot; name=&quot;category&quot; class=&quot;custom-input &quot; aria-label=&quot;Select Product Category&quot;&gt;…&lt;/select&gt;
-   - attempting select option action
-     2 × waiting for element to be visible and enabled
-       - did not find some options
-     - retrying select option action
-     - waiting 20ms
-     2 × waiting for element to be visible and enabled
-       - did not find some options
-     - retrying select option action
-       - waiting 100ms
-     60 × waiting for element to be visible and enabled
-        - did not find some options
-      - retrying select option action
-        - waiting 500ms
" type="com.microsoft.playwright.TimeoutError">
      <![CDATA[com.microsoft.playwright.TimeoutError: Error {
  message='Timeout 30000ms exceeded.
  name='TimeoutError
  stack='TimeoutError: Timeout 30000ms exceeded.
    at ProgressController.run (/private/var/folders/1b/cqmvqvbd4sg1xvl1gc93cfyh0000gn/T/playwright-java-7524229160389361392/package/lib/server/progress.js:68:28)
    at FrameDispatcher._runCommand (/private/var/folders/1b/cqmvqvbd4sg1xvl1gc93cfyh0000gn/T/playwright-java-7524229160389361392/package/lib/server/dispatchers/dispatcher.js:95:31)
    at DispatcherConnection.dispatch (/private/var/folders/1b/cqmvqvbd4sg1xvl1gc93cfyh0000gn/T/playwright-java-7524229160389361392/package/lib/server/dispatchers/dispatcher.js:329:39)
}
Call log:
-   - waiting for locator("#category")
-     - locator resolved to <select id="category" name="category" class="custom-input " aria-label="Select Product Category">…</select>
-   - attempting select option action
-     2 × waiting for element to be visible and enabled
-       - did not find some options
-     - retrying select option action
-     - waiting 20ms
-     2 × waiting for element to be visible and enabled
-       - did not find some options
-     - retrying select option action
-       - waiting 100ms
-     60 × waiting for element to be visible and enabled
-        - did not find some options
-      - retrying select option action
-        - waiting 500ms

at com.microsoft.playwright.impl.WaitableResult.get(WaitableResult.java:52)
at com.microsoft.playwright.impl.ChannelOwner.runUntil(ChannelOwner.java:138)
at com.microsoft.playwright.impl.Connection.sendMessage(Connection.java:131)
at com.microsoft.playwright.impl.ChannelOwner.sendMessage(ChannelOwner.java:124)
at com.microsoft.playwright.impl.FrameImpl.selectOption(FrameImpl.java:678)
at com.microsoft.playwright.impl.FrameImpl.selectOptionImpl(FrameImpl.java:645)
at com.microsoft.playwright.impl.PageImpl.selectOption(PageImpl.java:1183)
at com.microsoft.playwright.impl.PageImpl.selectOption(PageImpl.java:1150)
at com.microsoft.playwright.Page.selectOption(Page.java:6958)
at pages.AddFurnitureLeadPage.addLeadBasic(AddFurnitureLeadPage.java:396)
at pages.AddFurnitureLeadPage.addLeadWithAdditional(AddFurnitureLeadPage.java:205)
at tests.AddFurnitureLeadTest.addLeadForAdditionalFurnitureLeadTest(AddFurnitureLeadTest.java:168)
at java.base/jdk.internal.reflect.DirectMethodHandleAccessor.invoke(DirectMethodHandleAccessor.java:103)
at java.base/java.lang.reflect.Method.invoke(Method.java:580)
at org.testng.internal.invokers.MethodInvocationHelper.invokeMethod(MethodInvocationHelper.java:141)
at org.testng.internal.invokers.TestInvoker.invokeMethod(TestInvoker.java:687)
at org.testng.internal.invokers.TestInvoker.invokeTestMethod(TestInvoker.java:230)
at org.testng.internal.invokers.MethodRunner.runInSequence(MethodRunner.java:63)
at org.testng.internal.invokers.TestInvoker$MethodInvocationAgent.invoke(TestInvoker.java:995)
at org.testng.internal.invokers.TestInvoker.invokeTestMethods(TestInvoker.java:203)
at org.testng.internal.invokers.TestMethodWorker.invokeTestMethods(TestMethodWorker.java:154)
at org.testng.internal.invokers.TestMethodWorker.run(TestMethodWorker.java:134)
at java.base/java.util.ArrayList.forEach(ArrayList.java:1596)
at org.testng.TestRunner.privateRun(TestRunner.java:741)
at org.testng.TestRunner.run(TestRunner.java:616)
at org.testng.SuiteRunner.runTest(SuiteRunner.java:421)
at org.testng.SuiteRunner.runSequentially(SuiteRunner.java:413)
at org.testng.SuiteRunner.privateRun(SuiteRunner.java:373)
at org.testng.SuiteRunner.run(SuiteRunner.java:312)
at org.testng.SuiteRunnerWorker.runSuite(SuiteRunnerWorker.java:52)
at org.testng.SuiteRunnerWorker.run(SuiteRunnerWorker.java:95)
at org.testng.TestNG.runSuitesSequentially(TestNG.java:1274)
at org.testng.TestNG.runSuitesLocally(TestNG.java:1208)
at org.testng.TestNG.runSuites(TestNG.java:1112)
at org.testng.TestNG.run(TestNG.java:1079)
at org.testng.remote.AbstractRemoteTestNG.run(AbstractRemoteTestNG.java:115)
at org.testng.remote.RemoteTestNG.initAndRun(RemoteTestNG.java:293)
at org.testng.remote.RemoteTestNG.main(RemoteTestNG.java:91)
Caused by: com.microsoft.playwright.TimeoutError: Error {
  message='Timeout 30000ms exceeded.
  name='TimeoutError
  stack='TimeoutError: Timeout 30000ms exceeded.
    at ProgressController.run (/private/var/folders/1b/cqmvqvbd4sg1xvl1gc93cfyh0000gn/T/playwright-java-7524229160389361392/package/lib/server/progress.js:68:28)
    at FrameDispatcher._runCommand (/private/var/folders/1b/cqmvqvbd4sg1xvl1gc93cfyh0000gn/T/playwright-java-7524229160389361392/package/lib/server/dispatchers/dispatcher.js:95:31)
    at DispatcherConnection.dispatch (/private/var/folders/1b/cqmvqvbd4sg1xvl1gc93cfyh0000gn/T/playwright-java-7524229160389361392/package/lib/server/dispatchers/dispatcher.js:329:39)
}
Call log:
-   - waiting for locator("#category")
-     - locator resolved to <select id="category" name="category" class="custom-input " aria-label="Select Product Category">…</select>
-   - attempting select option action
-     2 × waiting for element to be visible and enabled
-       - did not find some options
-     - retrying select option action
-     - waiting 20ms
-     2 × waiting for element to be visible and enabled
-       - did not find some options
-     - retrying select option action
-       - waiting 100ms
-     60 × waiting for element to be visible and enabled
-        - did not find some options
-      - retrying select option action
-        - waiting 500ms

at com.microsoft.playwright.impl.Connection.dispatch(Connection.java:257)
at com.microsoft.playwright.impl.Connection.processOneMessage(Connection.java:214)
at com.microsoft.playwright.impl.ChannelOwner.runUntil(ChannelOwner.java:136)
... 36 more
]]>
    </error>
  </testcase> <!-- addLeadForAdditionalFurnitureLeadTest -->
  <testcase classname="tests.AddFurnitureLeadTest" name="addLeadForAdditionalFurnitureLeadTest" time="0.000">
    <skipped/>
  </testcase> <!-- addLeadForAdditionalFurnitureLeadTest -->
  <testcase classname="tests.AddFurnitureLeadTest" name="addLeadForAdditionalFurnitureLeadTest" time="8.541"/>
  <testcase classname="tests.AddFurnitureLeadTest" name="addLeadForAdditionalFurnitureLeadTest" time="8.575"/>
  <testcase classname="tests.AddFurnitureLeadTest" name="addLeadForAdditionalFurnitureLeadTest" time="0.000">
    <skipped/>
  </testcase> <!-- addLeadForAdditionalFurnitureLeadTest -->
  <testcase classname="tests.AddFurnitureLeadTest" name="addLeadForAdditionalFurnitureLeadTest" time="7.483">
    <failure message="Full name mismatch. Expected: Mehul Shah, Got: Mehul Kapoor" type="java.lang.AssertionError">
      <![CDATA[java.lang.AssertionError: Full name mismatch. Expected: Mehul Shah, Got: Mehul Kapoor
at pages.AddFurnitureLeadPage.validateLeadWithAdditionalInfo(AddFurnitureLeadPage.java:270)
at tests.AddFurnitureLeadTest.addLeadForAdditionalFurnitureLeadTest(AddFurnitureLeadTest.java:173)
at java.base/jdk.internal.reflect.DirectMethodHandleAccessor.invoke(DirectMethodHandleAccessor.java:103)
at java.base/java.lang.reflect.Method.invoke(Method.java:580)
at org.testng.internal.invokers.MethodInvocationHelper.invokeMethod(MethodInvocationHelper.java:141)
at org.testng.internal.invokers.TestInvoker.invokeMethod(TestInvoker.java:687)
at org.testng.internal.invokers.TestInvoker.invokeTestMethod(TestInvoker.java:230)
at org.testng.internal.invokers.MethodRunner.runInSequence(MethodRunner.java:63)
at org.testng.internal.invokers.TestInvoker$MethodInvocationAgent.invoke(TestInvoker.java:995)
at org.testng.internal.invokers.TestInvoker.invokeTestMethods(TestInvoker.java:203)
at org.testng.internal.invokers.TestMethodWorker.invokeTestMethods(TestMethodWorker.java:154)
at org.testng.internal.invokers.TestMethodWorker.run(TestMethodWorker.java:134)
at java.base/java.util.ArrayList.forEach(ArrayList.java:1596)
at org.testng.TestRunner.privateRun(TestRunner.java:741)
at org.testng.TestRunner.run(TestRunner.java:616)
at org.testng.SuiteRunner.runTest(SuiteRunner.java:421)
at org.testng.SuiteRunner.runSequentially(SuiteRunner.java:413)
at org.testng.SuiteRunner.privateRun(SuiteRunner.java:373)
at org.testng.SuiteRunner.run(SuiteRunner.java:312)
at org.testng.SuiteRunnerWorker.runSuite(SuiteRunnerWorker.java:52)
at org.testng.SuiteRunnerWorker.run(SuiteRunnerWorker.java:95)
at org.testng.TestNG.runSuitesSequentially(TestNG.java:1274)
at org.testng.TestNG.runSuitesLocally(TestNG.java:1208)
at org.testng.TestNG.runSuites(TestNG.java:1112)
at org.testng.TestNG.run(TestNG.java:1079)
at org.testng.remote.AbstractRemoteTestNG.run(AbstractRemoteTestNG.java:115)
at org.testng.remote.RemoteTestNG.initAndRun(RemoteTestNG.java:293)
at org.testng.remote.RemoteTestNG.main(RemoteTestNG.java:91)
]]>
    </failure>
  </testcase> <!-- addLeadForAdditionalFurnitureLeadTest -->
  <testcase classname="tests.AddFurnitureLeadTest" name="addLeadForAdditionalFurnitureLeadTest" time="0.000">
    <skipped/>
  </testcase> <!-- addLeadForAdditionalFurnitureLeadTest -->
  <testcase classname="tests.AddFurnitureLeadTest" name="addLeadForAdditionalFurnitureLeadTest" time="0.000">
    <skipped/>
  </testcase> <!-- addLeadForAdditionalFurnitureLeadTest -->
  <testcase classname="tests.AddFurnitureLeadTest" name="addLeadForAdditionalFurnitureLeadTest" time="0.000">
    <skipped/>
  </testcase> <!-- addLeadForAdditionalFurnitureLeadTest -->
  <testcase classname="tests.AddFurnitureLeadTest" name="addLeadForAdditionalFurnitureLeadTest" time="0.000">
    <skipped/>
  </testcase> <!-- addLeadForAdditionalFurnitureLeadTest -->
  <testcase classname="tests.AddFurnitureLeadTest" name="addLeadForAdditionalFurnitureLeadTest" time="0.000">
    <skipped/>
  </testcase> <!-- addLeadForAdditionalFurnitureLeadTest -->
  <testcase classname="tests.AddFurnitureLeadTest" name="addLeadForAdditionalFurnitureLeadTest" time="8.547">
    <failure message="Project mismatch. Expected: Stanley - SBC, Got: Stanley - SLN" type="java.lang.AssertionError">
      <![CDATA[java.lang.AssertionError: Project mismatch. Expected: Stanley - SBC, Got: Stanley - SLN
at pages.AddFurnitureLeadPage.validateLeadWithAdditionalInfo(AddFurnitureLeadPage.java:324)
at tests.AddFurnitureLeadTest.addLeadForAdditionalFurnitureLeadTest(AddFurnitureLeadTest.java:173)
at java.base/jdk.internal.reflect.DirectMethodHandleAccessor.invoke(DirectMethodHandleAccessor.java:103)
at java.base/java.lang.reflect.Method.invoke(Method.java:580)
at org.testng.internal.invokers.MethodInvocationHelper.invokeMethod(MethodInvocationHelper.java:141)
at org.testng.internal.invokers.TestInvoker.invokeMethod(TestInvoker.java:687)
at org.testng.internal.invokers.TestInvoker.invokeTestMethod(TestInvoker.java:230)
at org.testng.internal.invokers.MethodRunner.runInSequence(MethodRunner.java:63)
at org.testng.internal.invokers.TestInvoker$MethodInvocationAgent.invoke(TestInvoker.java:995)
at org.testng.internal.invokers.TestInvoker.invokeTestMethods(TestInvoker.java:203)
at org.testng.internal.invokers.TestMethodWorker.invokeTestMethods(TestMethodWorker.java:154)
at org.testng.internal.invokers.TestMethodWorker.run(TestMethodWorker.java:134)
at java.base/java.util.ArrayList.forEach(ArrayList.java:1596)
at org.testng.TestRunner.privateRun(TestRunner.java:741)
at org.testng.TestRunner.run(TestRunner.java:616)
at org.testng.SuiteRunner.runTest(SuiteRunner.java:421)
at org.testng.SuiteRunner.runSequentially(SuiteRunner.java:413)
at org.testng.SuiteRunner.privateRun(SuiteRunner.java:373)
at org.testng.SuiteRunner.run(SuiteRunner.java:312)
at org.testng.SuiteRunnerWorker.runSuite(SuiteRunnerWorker.java:52)
at org.testng.SuiteRunnerWorker.run(SuiteRunnerWorker.java:95)
at org.testng.TestNG.runSuitesSequentially(TestNG.java:1274)
at org.testng.TestNG.runSuitesLocally(TestNG.java:1208)
at org.testng.TestNG.runSuites(TestNG.java:1112)
at org.testng.TestNG.run(TestNG.java:1079)
at org.testng.remote.AbstractRemoteTestNG.run(AbstractRemoteTestNG.java:115)
at org.testng.remote.RemoteTestNG.initAndRun(RemoteTestNG.java:293)
at org.testng.remote.RemoteTestNG.main(RemoteTestNG.java:91)
]]>
    </failure>
  </testcase> <!-- addLeadForAdditionalFurnitureLeadTest -->
  <testcase classname="tests.AddFurnitureLeadTest" name="addLeadForAdditionalFurnitureLeadTest" time="0.000">
    <skipped/>
  </testcase> <!-- addLeadForAdditionalFurnitureLeadTest -->
  <testcase classname="tests.AddFurnitureLeadTest" name="addLeadForAdditionalFurnitureLeadTest" time="8.545"/>
  <testcase classname="tests.AddFurnitureLeadTest" name="addLeadForAdditionalFurnitureLeadTest" time="0.000">
    <skipped/>
  </testcase> <!-- addLeadForAdditionalFurnitureLeadTest -->
  <testcase classname="tests.AddFurnitureLeadTest" name="addLeadForAdditionalFurnitureLeadTest" time="8.568"/>
  <testcase classname="tests.AddFurnitureLeadTest" name="addLeadForAdditionalFurnitureLeadTest" time="0.000">
    <skipped/>
  </testcase> <!-- addLeadForAdditionalFurnitureLeadTest -->
  <testcase classname="tests.AddFurnitureLeadTest" name="addLeadForAdditionalFurnitureLeadTest" time="0.000">
    <skipped/>
  </testcase> <!-- addLeadForAdditionalFurnitureLeadTest -->
  <testcase classname="tests.AddFurnitureLeadTest" name="addLeadForAdditionalFurnitureLeadTest" time="8.900"/>
  <testcase classname="tests.AddFurnitureLeadTest" name="addLeadForAdditionalFurnitureLeadTest" time="0.000">
    <skipped/>
  </testcase> <!-- addLeadForAdditionalFurnitureLeadTest -->
  <testcase classname="tests.AddFurnitureLeadTest" name="addLeadForAdditionalFurnitureLeadTest" time="8.640"/>
  <testcase classname="tests.AddFurnitureLeadTest" name="addLeadForAdditionalFurnitureLeadTest" time="0.000">
    <skipped/>
  </testcase> <!-- addLeadForAdditionalFurnitureLeadTest -->
  <testcase classname="tests.AddFurnitureLeadTest" name="addLeadForAdditionalFurnitureLeadTest" time="0.000">
    <skipped/>
  </testcase> <!-- addLeadForAdditionalFurnitureLeadTest -->
  <testcase classname="tests.AddFurnitureLeadTest" name="addLeadForAdditionalFurnitureLeadTest" time="0.000">
    <skipped/>
  </testcase> <!-- addLeadForAdditionalFurnitureLeadTest -->
  <testcase classname="tests.AddFurnitureLeadTest" name="addLeadForAdditionalFurnitureLeadTest" time="0.000">
    <skipped/>
  </testcase> <!-- addLeadForAdditionalFurnitureLeadTest -->
  <testcase classname="tests.AddFurnitureLeadTest" name="addLeadForAdditionalFurnitureLeadTest" time="0.000">
    <skipped/>
  </testcase> <!-- addLeadForAdditionalFurnitureLeadTest -->
  <testcase classname="tests.AddFurnitureLeadTest" name="addLeadForAdditionalFurnitureLeadTest" time="8.536"/>
  <testcase classname="tests.AddFurnitureLeadTest" name="addLeadForAdditionalFurnitureLeadTest" time="8.593"/>
  <testcase classname="tests.AddFurnitureLeadTest" name="addLeadForAdditionalFurnitureLeadTest" time="8.656"/>
  <testcase classname="tests.AddFurnitureLeadTest" name="addLeadForAdditionalFurnitureLeadTest" time="0.000">
    <skipped/>
  </testcase> <!-- addLeadForAdditionalFurnitureLeadTest -->
  <testcase classname="tests.AddFurnitureLeadTest" name="addLeadForAdditionalFurnitureLeadTest" time="0.000">
    <skipped/>
  </testcase> <!-- addLeadForAdditionalFurnitureLeadTest -->
  <testcase classname="tests.AddFurnitureLeadTest" name="addLeadForAdditionalFurnitureLeadTest" time="0.000">
    <skipped/>
  </testcase> <!-- addLeadForAdditionalFurnitureLeadTest -->
  <testcase classname="tests.AddFurnitureLeadTest" name="addLeadForAdditionalFurnitureLeadTest" time="0.000">
    <skipped/>
  </testcase> <!-- addLeadForAdditionalFurnitureLeadTest -->
  <testcase classname="tests.AddFurnitureLeadTest" name="addLeadForAdditionalFurnitureLeadTest" time="9.441"/>
  <testcase classname="tests.AddFurnitureLeadTest" name="addLeadForAdditionalFurnitureLeadTest" time="8.436"/>
  <testcase classname="tests.AddFurnitureLeadTest" name="addLeadForAdditionalFurnitureLeadTest" time="0.000">
    <skipped/>
  </testcase> <!-- addLeadForAdditionalFurnitureLeadTest -->
  <testcase classname="tests.AddFurnitureLeadTest" name="addLeadForAdditionalFurnitureLeadTest" time="0.000">
    <skipped/>
  </testcase> <!-- addLeadForAdditionalFurnitureLeadTest -->
  <testcase classname="tests.AddFurnitureLeadTest" name="addLeadForAdditionalFurnitureLeadTest" time="0.000">
    <skipped/>
  </testcase> <!-- addLeadForAdditionalFurnitureLeadTest -->
  <testcase classname="tests.AddFurnitureLeadTest" name="addLeadForAdditionalFurnitureLeadTest" time="8.485"/>
  <testcase classname="tests.AddFurnitureLeadTest" name="addLeadForAdditionalFurnitureLeadTest" time="8.524"/>
  <testcase classname="tests.AddFurnitureLeadTest" name="addLeadForAdditionalFurnitureLeadTest" time="0.000">
    <skipped/>
  </testcase> <!-- addLeadForAdditionalFurnitureLeadTest -->
  <testcase classname="tests.AddFurnitureLeadTest" name="addLeadForAdditionalFurnitureLeadTest" time="0.000">
    <skipped/>
  </testcase> <!-- addLeadForAdditionalFurnitureLeadTest -->
  <testcase classname="tests.AddFurnitureLeadTest" name="addLeadForAdditionalFurnitureLeadTest" time="0.000">
    <skipped/>
  </testcase> <!-- addLeadForAdditionalFurnitureLeadTest -->
  <testcase classname="tests.AddFurnitureLeadTest" name="addLeadForAdditionalFurnitureLeadTest" time="0.000">
    <skipped/>
  </testcase> <!-- addLeadForAdditionalFurnitureLeadTest -->
  <testcase classname="tests.AddFurnitureLeadTest" name="addLeadForAdditionalFurnitureLeadTest" time="8.483"/>
  <testcase classname="tests.AddFurnitureLeadTest" name="addLeadForAdditionalFurnitureLeadTest" time="8.491"/>
  <testcase classname="tests.AddFurnitureLeadTest" name="addLeadForAdditionalFurnitureLeadTest" time="0.000">
    <skipped/>
  </testcase> <!-- addLeadForAdditionalFurnitureLeadTest -->
  <testcase classname="tests.AddFurnitureLeadTest" name="addLeadForAdditionalFurnitureLeadTest" time="0.000">
    <skipped/>
  </testcase> <!-- addLeadForAdditionalFurnitureLeadTest -->
  <testcase classname="tests.AddFurnitureLeadTest" name="addLeadForAdditionalFurnitureLeadTest" time="0.000">
    <skipped/>
  </testcase> <!-- addLeadForAdditionalFurnitureLeadTest -->
  <testcase classname="tests.AddFurnitureLeadTest" name="addLeadForAdditionalFurnitureLeadTest" time="0.000">
    <skipped/>
  </testcase> <!-- addLeadForAdditionalFurnitureLeadTest -->
  <testcase classname="tests.AddFurnitureLeadTest" name="addLeadForAdditionalFurnitureLeadTest" time="8.523"/>
  <testcase classname="tests.AddFurnitureLeadTest" name="addLeadForAdditionalFurnitureLeadTest" time="0.000">
    <skipped/>
  </testcase> <!-- addLeadForAdditionalFurnitureLeadTest -->
  <testcase classname="tests.AddFurnitureLeadTest" name="addLeadForAdditionalFurnitureLeadTest" time="10.937"/>
  <testcase classname="tests.AddFurnitureLeadTest" name="addLeadForAdditionalFurnitureLeadTest" time="8.604"/>
  <testcase classname="tests.AddFurnitureLeadTest" name="addLeadForAdditionalFurnitureLeadTest" time="8.588"/>
  <testcase classname="tests.AddFurnitureLeadTest" name="addLeadForAdditionalFurnitureLeadTest" time="8.457"/>
  <testcase classname="tests.AddFurnitureLeadTest" name="addLeadForAdditionalFurnitureLeadTest" time="0.000">
    <skipped/>
  </testcase> <!-- addLeadForAdditionalFurnitureLeadTest -->
  <testcase classname="tests.AddFurnitureLeadTest" name="addLeadForAdditionalFurnitureLeadTest" time="8.492"/>
  <testcase classname="tests.AddFurnitureLeadTest" name="addLeadForAdditionalFurnitureLeadTest" time="0.000">
    <skipped/>
  </testcase> <!-- addLeadForAdditionalFurnitureLeadTest -->
  <testcase classname="tests.AddFurnitureLeadTest" name="addLeadForAdditionalFurnitureLeadTest" time="8.470"/>
  <testcase classname="tests.AddFurnitureLeadTest" name="addLeadForAdditionalFurnitureLeadTest" time="0.000">
    <skipped/>
  </testcase> <!-- addLeadForAdditionalFurnitureLeadTest -->
  <testcase classname="tests.AddFurnitureLeadTest" name="addLeadForAdditionalFurnitureLeadTest" time="8.587"/>
  <testcase classname="tests.AddFurnitureLeadTest" name="addLeadForAdditionalFurnitureLeadTest" time="0.000">
    <skipped/>
  </testcase> <!-- addLeadForAdditionalFurnitureLeadTest -->
  <testcase classname="tests.AddFurnitureLeadTest" name="addLeadForAdditionalFurnitureLeadTest" time="8.434"/>
  <testcase classname="tests.AddFurnitureLeadTest" name="addLeadForAdditionalFurnitureLeadTest" time="0.000">
    <skipped/>
  </testcase> <!-- addLeadForAdditionalFurnitureLeadTest -->
  <testcase classname="tests.AddFurnitureLeadTest" name="addLeadForAdditionalFurnitureLeadTest" time="8.866"/>
  <testcase classname="tests.AddFurnitureLeadTest" name="addLeadForAdditionalFurnitureLeadTest" time="0.000">
    <skipped/>
  </testcase> <!-- addLeadForAdditionalFurnitureLeadTest -->
  <testcase classname="tests.AddFurnitureLeadTest" name="addLeadForAdditionalFurnitureLeadTest" time="8.562"/>
  <testcase classname="tests.AddFurnitureLeadTest" name="addLeadForAdditionalFurnitureLeadTest" time="8.618"/>
  <testcase classname="tests.AddFurnitureLeadTest" name="addLeadForAdditionalFurnitureLeadTest" time="0.000">
    <skipped/>
  </testcase> <!-- addLeadForAdditionalFurnitureLeadTest -->
  <testcase classname="tests.AddFurnitureLeadTest" name="addLeadForAdditionalFurnitureLeadTest" time="8.623"/>
  <testcase classname="tests.AddFurnitureLeadTest" name="addLeadForAdditionalFurnitureLeadTest" time="0.000">
    <skipped/>
  </testcase> <!-- addLeadForAdditionalFurnitureLeadTest -->
  <testcase classname="tests.AddFurnitureLeadTest" name="addLeadForAdditionalFurnitureLeadTest" time="0.000">
    <skipped/>
  </testcase> <!-- addLeadForAdditionalFurnitureLeadTest -->
  <testcase classname="tests.AddFurnitureLeadTest" name="addLeadForAdditionalFurnitureLeadTest" time="0.000">
    <skipped/>
  </testcase> <!-- addLeadForAdditionalFurnitureLeadTest -->
  <testcase classname="tests.AddFurnitureLeadTest" name="addLeadForAdditionalFurnitureLeadTest" time="8.590"/>
  <testcase classname="tests.AddFurnitureLeadTest" name="addLeadForAdditionalFurnitureLeadTest" time="8.587"/>
  <testcase classname="tests.AddFurnitureLeadTest" name="addLeadForAdditionalFurnitureLeadTest" time="33.428">
    <error message="Error {
  message=&#039;Timeout 30000ms exceeded.
  name=&#039;TimeoutError
  stack=&#039;TimeoutError: Timeout 30000ms exceeded.
    at ProgressController.run (/private/var/folders/1b/cqmvqvbd4sg1xvl1gc93cfyh0000gn/T/playwright-java-7524229160389361392/package/lib/server/progress.js:68:28)
    at FrameDispatcher._runCommand (/private/var/folders/1b/cqmvqvbd4sg1xvl1gc93cfyh0000gn/T/playwright-java-7524229160389361392/package/lib/server/dispatchers/dispatcher.js:95:31)
    at DispatcherConnection.dispatch (/private/var/folders/1b/cqmvqvbd4sg1xvl1gc93cfyh0000gn/T/playwright-java-7524229160389361392/package/lib/server/dispatchers/dispatcher.js:329:39)
}
Call log:
-   - waiting for locator(&quot;#category&quot;)
-     - locator resolved to &lt;select id=&quot;category&quot; name=&quot;category&quot; class=&quot;custom-input &quot; aria-label=&quot;Select Product Category&quot;&gt;…&lt;/select&gt;
-   - attempting select option action
-     2 × waiting for element to be visible and enabled
-       - did not find some options
-     - retrying select option action
-     - waiting 20ms
-     2 × waiting for element to be visible and enabled
-       - did not find some options
-     - retrying select option action
-       - waiting 100ms
-     60 × waiting for element to be visible and enabled
-        - did not find some options
-      - retrying select option action
-        - waiting 500ms
" type="com.microsoft.playwright.TimeoutError">
      <![CDATA[com.microsoft.playwright.TimeoutError: Error {
  message='Timeout 30000ms exceeded.
  name='TimeoutError
  stack='TimeoutError: Timeout 30000ms exceeded.
    at ProgressController.run (/private/var/folders/1b/cqmvqvbd4sg1xvl1gc93cfyh0000gn/T/playwright-java-7524229160389361392/package/lib/server/progress.js:68:28)
    at FrameDispatcher._runCommand (/private/var/folders/1b/cqmvqvbd4sg1xvl1gc93cfyh0000gn/T/playwright-java-7524229160389361392/package/lib/server/dispatchers/dispatcher.js:95:31)
    at DispatcherConnection.dispatch (/private/var/folders/1b/cqmvqvbd4sg1xvl1gc93cfyh0000gn/T/playwright-java-7524229160389361392/package/lib/server/dispatchers/dispatcher.js:329:39)
}
Call log:
-   - waiting for locator("#category")
-     - locator resolved to <select id="category" name="category" class="custom-input " aria-label="Select Product Category">…</select>
-   - attempting select option action
-     2 × waiting for element to be visible and enabled
-       - did not find some options
-     - retrying select option action
-     - waiting 20ms
-     2 × waiting for element to be visible and enabled
-       - did not find some options
-     - retrying select option action
-       - waiting 100ms
-     60 × waiting for element to be visible and enabled
-        - did not find some options
-      - retrying select option action
-        - waiting 500ms

at com.microsoft.playwright.impl.WaitableResult.get(WaitableResult.java:52)
at com.microsoft.playwright.impl.ChannelOwner.runUntil(ChannelOwner.java:138)
at com.microsoft.playwright.impl.Connection.sendMessage(Connection.java:131)
at com.microsoft.playwright.impl.ChannelOwner.sendMessage(ChannelOwner.java:124)
at com.microsoft.playwright.impl.FrameImpl.selectOption(FrameImpl.java:678)
at com.microsoft.playwright.impl.FrameImpl.selectOptionImpl(FrameImpl.java:645)
at com.microsoft.playwright.impl.PageImpl.selectOption(PageImpl.java:1183)
at com.microsoft.playwright.impl.PageImpl.selectOption(PageImpl.java:1150)
at com.microsoft.playwright.Page.selectOption(Page.java:6958)
at pages.AddFurnitureLeadPage.addLeadBasic(AddFurnitureLeadPage.java:396)
at pages.AddFurnitureLeadPage.addLeadWithAdditional(AddFurnitureLeadPage.java:205)
at tests.AddFurnitureLeadTest.addLeadForAdditionalFurnitureLeadTest(AddFurnitureLeadTest.java:168)
at java.base/jdk.internal.reflect.DirectMethodHandleAccessor.invoke(DirectMethodHandleAccessor.java:103)
at java.base/java.lang.reflect.Method.invoke(Method.java:580)
at org.testng.internal.invokers.MethodInvocationHelper.invokeMethod(MethodInvocationHelper.java:141)
at org.testng.internal.invokers.TestInvoker.invokeMethod(TestInvoker.java:687)
at org.testng.internal.invokers.TestInvoker.invokeTestMethod(TestInvoker.java:230)
at org.testng.internal.invokers.MethodRunner.runInSequence(MethodRunner.java:63)
at org.testng.internal.invokers.TestInvoker$MethodInvocationAgent.invoke(TestInvoker.java:995)
at org.testng.internal.invokers.TestInvoker.invokeTestMethods(TestInvoker.java:203)
at org.testng.internal.invokers.TestMethodWorker.invokeTestMethods(TestMethodWorker.java:154)
at org.testng.internal.invokers.TestMethodWorker.run(TestMethodWorker.java:134)
at java.base/java.util.ArrayList.forEach(ArrayList.java:1596)
at org.testng.TestRunner.privateRun(TestRunner.java:741)
at org.testng.TestRunner.run(TestRunner.java:616)
at org.testng.SuiteRunner.runTest(SuiteRunner.java:421)
at org.testng.SuiteRunner.runSequentially(SuiteRunner.java:413)
at org.testng.SuiteRunner.privateRun(SuiteRunner.java:373)
at org.testng.SuiteRunner.run(SuiteRunner.java:312)
at org.testng.SuiteRunnerWorker.runSuite(SuiteRunnerWorker.java:52)
at org.testng.SuiteRunnerWorker.run(SuiteRunnerWorker.java:95)
at org.testng.TestNG.runSuitesSequentially(TestNG.java:1274)
at org.testng.TestNG.runSuitesLocally(TestNG.java:1208)
at org.testng.TestNG.runSuites(TestNG.java:1112)
at org.testng.TestNG.run(TestNG.java:1079)
at org.testng.remote.AbstractRemoteTestNG.run(AbstractRemoteTestNG.java:115)
at org.testng.remote.RemoteTestNG.initAndRun(RemoteTestNG.java:293)
at org.testng.remote.RemoteTestNG.main(RemoteTestNG.java:91)
Caused by: com.microsoft.playwright.TimeoutError: Error {
  message='Timeout 30000ms exceeded.
  name='TimeoutError
  stack='TimeoutError: Timeout 30000ms exceeded.
    at ProgressController.run (/private/var/folders/1b/cqmvqvbd4sg1xvl1gc93cfyh0000gn/T/playwright-java-7524229160389361392/package/lib/server/progress.js:68:28)
    at FrameDispatcher._runCommand (/private/var/folders/1b/cqmvqvbd4sg1xvl1gc93cfyh0000gn/T/playwright-java-7524229160389361392/package/lib/server/dispatchers/dispatcher.js:95:31)
    at DispatcherConnection.dispatch (/private/var/folders/1b/cqmvqvbd4sg1xvl1gc93cfyh0000gn/T/playwright-java-7524229160389361392/package/lib/server/dispatchers/dispatcher.js:329:39)
}
Call log:
-   - waiting for locator("#category")
-     - locator resolved to <select id="category" name="category" class="custom-input " aria-label="Select Product Category">…</select>
-   - attempting select option action
-     2 × waiting for element to be visible and enabled
-       - did not find some options
-     - retrying select option action
-     - waiting 20ms
-     2 × waiting for element to be visible and enabled
-       - did not find some options
-     - retrying select option action
-       - waiting 100ms
-     60 × waiting for element to be visible and enabled
-        - did not find some options
-      - retrying select option action
-        - waiting 500ms

at com.microsoft.playwright.impl.Connection.dispatch(Connection.java:257)
at com.microsoft.playwright.impl.Connection.processOneMessage(Connection.java:214)
at com.microsoft.playwright.impl.ChannelOwner.runUntil(ChannelOwner.java:136)
... 36 more
]]>
    </error>
  </testcase> <!-- addLeadForAdditionalFurnitureLeadTest -->
  <testcase classname="tests.AddFurnitureLeadTest" name="addLeadForAdditionalFurnitureLeadTest" time="0.000">
    <skipped/>
  </testcase> <!-- addLeadForAdditionalFurnitureLeadTest -->
  <testcase classname="tests.AddFurnitureLeadTest" name="addLeadForAdditionalFurnitureLeadTest" time="0.000">
    <skipped/>
  </testcase> <!-- addLeadForAdditionalFurnitureLeadTest -->
  <testcase classname="tests.AddFurnitureLeadTest" name="addLeadForAdditionalFurnitureLeadTest" time="0.000">
    <skipped/>
  </testcase> <!-- addLeadForAdditionalFurnitureLeadTest -->
  <testcase classname="tests.AddFurnitureLeadTest" name="addLeadForAdditionalFurnitureLeadTest" time="0.000">
    <skipped/>
  </testcase> <!-- addLeadForAdditionalFurnitureLeadTest -->
  <testcase classname="tests.AddFurnitureLeadTest" name="addLeadForAdditionalFurnitureLeadTest" time="0.000">
    <skipped/>
  </testcase> <!-- addLeadForAdditionalFurnitureLeadTest -->
  <testcase classname="tests.AddFurnitureLeadTest" name="addLeadForAdditionalFurnitureLeadTest" time="8.534"/>
  <testcase classname="tests.AddFurnitureLeadTest" name="addLeadForAdditionalFurnitureLeadTest" time="8.567"/>
  <testcase classname="tests.AddFurnitureLeadTest" name="addLeadForAdditionalFurnitureLeadTest" time="8.548"/>
  <testcase classname="tests.AddFurnitureLeadTest" name="addLeadForAdditionalFurnitureLeadTest" time="0.000">
    <skipped/>
  </testcase> <!-- addLeadForAdditionalFurnitureLeadTest -->
  <testcase classname="tests.AddFurnitureLeadTest" name="addLeadForAdditionalFurnitureLeadTest" time="0.000">
    <skipped/>
  </testcase> <!-- addLeadForAdditionalFurnitureLeadTest -->
  <testcase classname="tests.AddFurnitureLeadTest" name="addLeadForAdditionalFurnitureLeadTest" time="0.000">
    <skipped/>
  </testcase> <!-- addLeadForAdditionalFurnitureLeadTest -->
  <testcase classname="tests.AddFurnitureLeadTest" name="addLeadForAdditionalFurnitureLeadTest" time="8.451"/>
  <testcase classname="tests.AddFurnitureLeadTest" name="addLeadForAdditionalFurnitureLeadTest" time="8.593"/>
  <testcase classname="tests.AddFurnitureLeadTest" name="addLeadForAdditionalFurnitureLeadTest" time="0.000">
    <skipped/>
  </testcase> <!-- addLeadForAdditionalFurnitureLeadTest -->
  <testcase classname="tests.AddFurnitureLeadTest" name="takeScreenshot" time="108.162">
    <error message="Error {
  message=&#039;Timeout 30000ms exceeded.
  name=&#039;TimeoutError
  stack=&#039;TimeoutError: Timeout 30000ms exceeded.
    at ProgressController.run (/private/var/folders/1b/cqmvqvbd4sg1xvl1gc93cfyh0000gn/T/playwright-java-7524229160389361392/package/lib/server/progress.js:68:28)
    at FrameDispatcher._runCommand (/private/var/folders/1b/cqmvqvbd4sg1xvl1gc93cfyh0000gn/T/playwright-java-7524229160389361392/package/lib/server/dispatchers/dispatcher.js:95:31)
    at DispatcherConnection.dispatch (/private/var/folders/1b/cqmvqvbd4sg1xvl1gc93cfyh0000gn/T/playwright-java-7524229160389361392/package/lib/server/dispatchers/dispatcher.js:329:39)
}
Call log:
-   - waiting for locator(&quot;//div[@class=&#039;cursor-pointer flex justify-end px-4&#039;]&quot;)
-     - locator resolved to &lt;div class=&quot;cursor-pointer flex justify-end px-4&quot;&gt;…&lt;/div&gt;
-   - attempting click action
-     - waiting for element to be visible, enabled and stable
-     - element is visible, enabled and stable
-     - scrolling into view if needed
-     - done scrolling
-     - &lt;div data-fixed=&quot;true&quot; class=&quot;mantine-Modal-overlay m_9814e45f mantine-Overlay-root&quot;&gt;&lt;/div&gt; from &lt;div data-portal=&quot;true&quot; data-mantine-shared-portal-node=&quot;true&quot;&gt;…&lt;/div&gt; subtree intercepts pointer events
-   - retrying click action
-     - waiting for element to be visible, enabled and stable
" type="com.microsoft.playwright.TimeoutError">
      <![CDATA[com.microsoft.playwright.TimeoutError: Error {
  message='Timeout 30000ms exceeded.
  name='TimeoutError
  stack='TimeoutError: Timeout 30000ms exceeded.
    at ProgressController.run (/private/var/folders/1b/cqmvqvbd4sg1xvl1gc93cfyh0000gn/T/playwright-java-7524229160389361392/package/lib/server/progress.js:68:28)
    at FrameDispatcher._runCommand (/private/var/folders/1b/cqmvqvbd4sg1xvl1gc93cfyh0000gn/T/playwright-java-7524229160389361392/package/lib/server/dispatchers/dispatcher.js:95:31)
    at DispatcherConnection.dispatch (/private/var/folders/1b/cqmvqvbd4sg1xvl1gc93cfyh0000gn/T/playwright-java-7524229160389361392/package/lib/server/dispatchers/dispatcher.js:329:39)
}
Call log:
-   - waiting for locator("//div[@class='cursor-pointer flex justify-end px-4']")
-     - locator resolved to <div class="cursor-pointer flex justify-end px-4">…</div>
-   - attempting click action
-     - waiting for element to be visible, enabled and stable
-     - element is visible, enabled and stable
-     - scrolling into view if needed
-     - done scrolling
-     - <div data-fixed="true" class="mantine-Modal-overlay m_9814e45f mantine-Overlay-root"></div> from <div data-portal="true" data-mantine-shared-portal-node="true">…</div> subtree intercepts pointer events
-   - retrying click action
-     - waiting for element to be visible, enabled and stable

at com.microsoft.playwright.impl.WaitableResult.get(WaitableResult.java:52)
at com.microsoft.playwright.impl.ChannelOwner.runUntil(ChannelOwner.java:138)
at com.microsoft.playwright.impl.Connection.sendMessage(Connection.java:131)
at com.microsoft.playwright.impl.ChannelOwner.sendMessage(ChannelOwner.java:124)
at com.microsoft.playwright.impl.FrameImpl.clickImpl(FrameImpl.java:241)
at com.microsoft.playwright.impl.PageImpl.click(PageImpl.java:680)
at com.microsoft.playwright.Page.click(Page.java:3931)
at tests.AddFurnitureLeadTest.takeScreenshot(AddFurnitureLeadTest.java:70)
at java.base/jdk.internal.reflect.DirectMethodHandleAccessor.invoke(DirectMethodHandleAccessor.java:103)
at java.base/java.lang.reflect.Method.invoke(Method.java:580)
at org.testng.internal.invokers.MethodInvocationHelper.invokeMethod(MethodInvocationHelper.java:141)
at org.testng.internal.invokers.MethodInvocationHelper.invokeMethodConsideringTimeout(MethodInvocationHelper.java:71)
at org.testng.internal.invokers.ConfigInvoker.invokeConfigurationMethod(ConfigInvoker.java:400)
at org.testng.internal.invokers.ConfigInvoker.invokeConfigurations(ConfigInvoker.java:333)
at org.testng.internal.invokers.TestInvoker.runConfigMethods(TestInvoker.java:836)
at org.testng.internal.invokers.TestInvoker.runAfterConfigurations(TestInvoker.java:805)
at org.testng.internal.invokers.TestInvoker.invokeMethod(TestInvoker.java:781)
at org.testng.internal.invokers.TestInvoker.invokeTestMethod(TestInvoker.java:230)
at org.testng.internal.invokers.MethodRunner.runInSequence(MethodRunner.java:63)
at org.testng.internal.invokers.TestInvoker$MethodInvocationAgent.invoke(TestInvoker.java:995)
at org.testng.internal.invokers.TestInvoker.invokeTestMethods(TestInvoker.java:203)
at org.testng.internal.invokers.TestMethodWorker.invokeTestMethods(TestMethodWorker.java:154)
at org.testng.internal.invokers.TestMethodWorker.run(TestMethodWorker.java:134)
at java.base/java.util.ArrayList.forEach(ArrayList.java:1596)
at org.testng.TestRunner.privateRun(TestRunner.java:741)
at org.testng.TestRunner.run(TestRunner.java:616)
at org.testng.SuiteRunner.runTest(SuiteRunner.java:421)
at org.testng.SuiteRunner.runSequentially(SuiteRunner.java:413)
at org.testng.SuiteRunner.privateRun(SuiteRunner.java:373)
at org.testng.SuiteRunner.run(SuiteRunner.java:312)
at org.testng.SuiteRunnerWorker.runSuite(SuiteRunnerWorker.java:52)
at org.testng.SuiteRunnerWorker.run(SuiteRunnerWorker.java:95)
at org.testng.TestNG.runSuitesSequentially(TestNG.java:1274)
at org.testng.TestNG.runSuitesLocally(TestNG.java:1208)
at org.testng.TestNG.runSuites(TestNG.java:1112)
at org.testng.TestNG.run(TestNG.java:1079)
at org.testng.remote.AbstractRemoteTestNG.run(AbstractRemoteTestNG.java:115)
at org.testng.remote.RemoteTestNG.initAndRun(RemoteTestNG.java:293)
at org.testng.remote.RemoteTestNG.main(RemoteTestNG.java:91)
Caused by: com.microsoft.playwright.TimeoutError: Error {
  message='Timeout 30000ms exceeded.
  name='TimeoutError
  stack='TimeoutError: Timeout 30000ms exceeded.
    at ProgressController.run (/private/var/folders/1b/cqmvqvbd4sg1xvl1gc93cfyh0000gn/T/playwright-java-7524229160389361392/package/lib/server/progress.js:68:28)
    at FrameDispatcher._runCommand (/private/var/folders/1b/cqmvqvbd4sg1xvl1gc93cfyh0000gn/T/playwright-java-7524229160389361392/package/lib/server/dispatchers/dispatcher.js:95:31)
    at DispatcherConnection.dispatch (/private/var/folders/1b/cqmvqvbd4sg1xvl1gc93cfyh0000gn/T/playwright-java-7524229160389361392/package/lib/server/dispatchers/dispatcher.js:329:39)
}
Call log:
-   - waiting for locator("//div[@class='cursor-pointer flex justify-end px-4']")
-     - locator resolved to <div class="cursor-pointer flex justify-end px-4">…</div>
-   - attempting click action
-     - waiting for element to be visible, enabled and stable
-     - element is visible, enabled and stable
-     - scrolling into view if needed
-     - done scrolling
-     - <div data-fixed="true" class="mantine-Modal-overlay m_9814e45f mantine-Overlay-root"></div> from <div data-portal="true" data-mantine-shared-portal-node="true">…</div> subtree intercepts pointer events
-   - retrying click action
-     - waiting for element to be visible, enabled and stable

at com.microsoft.playwright.impl.Connection.dispatch(Connection.java:257)
at com.microsoft.playwright.impl.Connection.processOneMessage(Connection.java:214)
at com.microsoft.playwright.impl.ChannelOwner.runUntil(ChannelOwner.java:136)
... 37 more
]]>
    </error>
  </testcase> <!-- takeScreenshot -->
  <testcase classname="tests.AddFurnitureLeadTest" name="addLeadForAdditionalFurnitureLeadTest" time="8.574"/>
  <testcase classname="tests.AddFurnitureLeadTest" name="addLeadForAdditionalFurnitureLeadTest" time="0.000">
    <skipped/>
  </testcase> <!-- addLeadForAdditionalFurnitureLeadTest -->
  <testcase classname="tests.AddFurnitureLeadTest" name="addLeadForAdditionalFurnitureLeadTest" time="0.000">
    <skipped/>
  </testcase> <!-- addLeadForAdditionalFurnitureLeadTest -->
  <testcase classname="tests.AddFurnitureLeadTest" name="addLeadForAdditionalFurnitureLeadTest" time="0.000">
    <skipped/>
  </testcase> <!-- addLeadForAdditionalFurnitureLeadTest -->
  <testcase classname="tests.AddFurnitureLeadTest" name="addLeadForAdditionalFurnitureLeadTest" time="0.000">
    <skipped/>
  </testcase> <!-- addLeadForAdditionalFurnitureLeadTest -->
  <testcase classname="tests.AddFurnitureLeadTest" name="addLeadForAdditionalFurnitureLeadTest" time="0.000">
    <skipped/>
  </testcase> <!-- addLeadForAdditionalFurnitureLeadTest -->
  <testcase classname="tests.AddFurnitureLeadTest" name="addLeadForAdditionalFurnitureLeadTest" time="0.000">
    <skipped/>
  </testcase> <!-- addLeadForAdditionalFurnitureLeadTest -->
  <testcase classname="tests.AddFurnitureLeadTest" name="addLeadForAdditionalFurnitureLeadTest" time="0.000">
    <skipped/>
  </testcase> <!-- addLeadForAdditionalFurnitureLeadTest -->
  <testcase classname="tests.AddFurnitureLeadTest" name="addLeadForAdditionalFurnitureLeadTest" time="8.454"/>
  <testcase classname="tests.AddFurnitureLeadTest" name="addLeadForAdditionalFurnitureLeadTest" time="8.691"/>
  <testcase classname="tests.AddFurnitureLeadTest" name="addLeadForAdditionalFurnitureLeadTest" time="0.000">
    <skipped/>
  </testcase> <!-- addLeadForAdditionalFurnitureLeadTest -->
  <testcase classname="tests.AddFurnitureLeadTest" name="addLeadForAdditionalFurnitureLeadTest" time="0.000">
    <skipped/>
  </testcase> <!-- addLeadForAdditionalFurnitureLeadTest -->
  <testcase classname="tests.AddFurnitureLeadTest" name="addLeadForAdditionalFurnitureLeadTest" time="0.000">
    <skipped/>
  </testcase> <!-- addLeadForAdditionalFurnitureLeadTest -->
  <testcase classname="tests.AddFurnitureLeadTest" name="addLeadForAdditionalFurnitureLeadTest" time="8.418"/>
  <testcase classname="tests.AddFurnitureLeadTest" name="addLeadForAdditionalFurnitureLeadTest" time="0.000">
    <skipped/>
  </testcase> <!-- addLeadForAdditionalFurnitureLeadTest -->
  <testcase classname="tests.AddFurnitureLeadTest" name="addLeadForAdditionalFurnitureLeadTest" time="0.000">
    <skipped/>
  </testcase> <!-- addLeadForAdditionalFurnitureLeadTest -->
  <testcase classname="tests.AddFurnitureLeadTest" name="addLeadForAdditionalFurnitureLeadTest" time="0.000">
    <skipped/>
  </testcase> <!-- addLeadForAdditionalFurnitureLeadTest -->
  <testcase classname="tests.AddFurnitureLeadTest" name="addLeadForAdditionalFurnitureLeadTest" time="8.646"/>
  <testcase classname="tests.AddFurnitureLeadTest" name="addLeadForAdditionalFurnitureLeadTest" time="8.636"/>
  <testcase classname="tests.AddFurnitureLeadTest" name="addLeadForAdditionalFurnitureLeadTest" time="0.000">
    <skipped/>
  </testcase> <!-- addLeadForAdditionalFurnitureLeadTest -->
  <testcase classname="tests.AddFurnitureLeadTest" name="addLeadForAdditionalFurnitureLeadTest" time="0.000">
    <skipped/>
  </testcase> <!-- addLeadForAdditionalFurnitureLeadTest -->
  <testcase classname="tests.AddFurnitureLeadTest" name="addLeadForAdditionalFurnitureLeadTest" time="0.000">
    <skipped/>
  </testcase> <!-- addLeadForAdditionalFurnitureLeadTest -->
  <testcase classname="tests.AddFurnitureLeadTest" name="addLeadForAdditionalFurnitureLeadTest" time="0.000">
    <skipped/>
  </testcase> <!-- addLeadForAdditionalFurnitureLeadTest -->
  <testcase classname="tests.AddFurnitureLeadTest" name="addLeadForAdditionalFurnitureLeadTest" time="0.000">
    <skipped/>
  </testcase> <!-- addLeadForAdditionalFurnitureLeadTest -->
  <testcase classname="tests.AddFurnitureLeadTest" name="addLeadForAdditionalFurnitureLeadTest" time="8.440"/>
  <testcase classname="tests.AddFurnitureLeadTest" name="addLeadForAdditionalFurnitureLeadTest" time="8.600"/>
  <testcase classname="tests.AddFurnitureLeadTest" name="addLeadForAdditionalFurnitureLeadTest" time="0.000">
    <skipped/>
  </testcase> <!-- addLeadForAdditionalFurnitureLeadTest -->
  <testcase classname="tests.AddFurnitureLeadTest" name="addLeadForAdditionalFurnitureLeadTest" time="8.465"/>
  <testcase classname="tests.AddFurnitureLeadTest" name="addLeadForAdditionalFurnitureLeadTest" time="0.000">
    <skipped/>
  </testcase> <!-- addLeadForAdditionalFurnitureLeadTest -->
  <testcase classname="tests.AddFurnitureLeadTest" name="addLeadForAdditionalFurnitureLeadTest" time="0.000">
    <skipped/>
  </testcase> <!-- addLeadForAdditionalFurnitureLeadTest -->
  <testcase classname="tests.AddFurnitureLeadTest" name="addLeadForAdditionalFurnitureLeadTest" time="0.000">
    <skipped/>
  </testcase> <!-- addLeadForAdditionalFurnitureLeadTest -->
  <testcase classname="tests.AddFurnitureLeadTest" name="addLeadForAdditionalFurnitureLeadTest" time="8.559"/>
  <testcase classname="tests.AddFurnitureLeadTest" name="addLeadForAdditionalFurnitureLeadTest" time="8.594"/>
  <testcase classname="tests.AddFurnitureLeadTest" name="addLeadForAdditionalFurnitureLeadTest" time="0.000">
    <skipped/>
  </testcase> <!-- addLeadForAdditionalFurnitureLeadTest -->
  <testcase classname="tests.AddFurnitureLeadTest" name="addLeadForAdditionalFurnitureLeadTest" time="33.405">
    <error message="Error {
  message=&#039;Timeout 30000ms exceeded.
  name=&#039;TimeoutError
  stack=&#039;TimeoutError: Timeout 30000ms exceeded.
    at ProgressController.run (/private/var/folders/1b/cqmvqvbd4sg1xvl1gc93cfyh0000gn/T/playwright-java-7524229160389361392/package/lib/server/progress.js:68:28)
    at FrameDispatcher._runCommand (/private/var/folders/1b/cqmvqvbd4sg1xvl1gc93cfyh0000gn/T/playwright-java-7524229160389361392/package/lib/server/dispatchers/dispatcher.js:95:31)
    at DispatcherConnection.dispatch (/private/var/folders/1b/cqmvqvbd4sg1xvl1gc93cfyh0000gn/T/playwright-java-7524229160389361392/package/lib/server/dispatchers/dispatcher.js:329:39)
}
Call log:
-   - waiting for locator(&quot;#category&quot;)
-     - locator resolved to &lt;select id=&quot;category&quot; name=&quot;category&quot; class=&quot;custom-input &quot; aria-label=&quot;Select Product Category&quot;&gt;…&lt;/select&gt;
-   - attempting select option action
-     2 × waiting for element to be visible and enabled
-       - did not find some options
-     - retrying select option action
-     - waiting 20ms
-     2 × waiting for element to be visible and enabled
-       - did not find some options
-     - retrying select option action
-       - waiting 100ms
-     60 × waiting for element to be visible and enabled
-        - did not find some options
-      - retrying select option action
-        - waiting 500ms
" type="com.microsoft.playwright.TimeoutError">
      <![CDATA[com.microsoft.playwright.TimeoutError: Error {
  message='Timeout 30000ms exceeded.
  name='TimeoutError
  stack='TimeoutError: Timeout 30000ms exceeded.
    at ProgressController.run (/private/var/folders/1b/cqmvqvbd4sg1xvl1gc93cfyh0000gn/T/playwright-java-7524229160389361392/package/lib/server/progress.js:68:28)
    at FrameDispatcher._runCommand (/private/var/folders/1b/cqmvqvbd4sg1xvl1gc93cfyh0000gn/T/playwright-java-7524229160389361392/package/lib/server/dispatchers/dispatcher.js:95:31)
    at DispatcherConnection.dispatch (/private/var/folders/1b/cqmvqvbd4sg1xvl1gc93cfyh0000gn/T/playwright-java-7524229160389361392/package/lib/server/dispatchers/dispatcher.js:329:39)
}
Call log:
-   - waiting for locator("#category")
-     - locator resolved to <select id="category" name="category" class="custom-input " aria-label="Select Product Category">…</select>
-   - attempting select option action
-     2 × waiting for element to be visible and enabled
-       - did not find some options
-     - retrying select option action
-     - waiting 20ms
-     2 × waiting for element to be visible and enabled
-       - did not find some options
-     - retrying select option action
-       - waiting 100ms
-     60 × waiting for element to be visible and enabled
-        - did not find some options
-      - retrying select option action
-        - waiting 500ms

at com.microsoft.playwright.impl.WaitableResult.get(WaitableResult.java:52)
at com.microsoft.playwright.impl.ChannelOwner.runUntil(ChannelOwner.java:138)
at com.microsoft.playwright.impl.Connection.sendMessage(Connection.java:131)
at com.microsoft.playwright.impl.ChannelOwner.sendMessage(ChannelOwner.java:124)
at com.microsoft.playwright.impl.FrameImpl.selectOption(FrameImpl.java:678)
at com.microsoft.playwright.impl.FrameImpl.selectOptionImpl(FrameImpl.java:645)
at com.microsoft.playwright.impl.PageImpl.selectOption(PageImpl.java:1183)
at com.microsoft.playwright.impl.PageImpl.selectOption(PageImpl.java:1150)
at com.microsoft.playwright.Page.selectOption(Page.java:6958)
at pages.AddFurnitureLeadPage.addLeadBasic(AddFurnitureLeadPage.java:396)
at pages.AddFurnitureLeadPage.addLeadWithAdditional(AddFurnitureLeadPage.java:205)
at tests.AddFurnitureLeadTest.addLeadForAdditionalFurnitureLeadTest(AddFurnitureLeadTest.java:168)
at java.base/jdk.internal.reflect.DirectMethodHandleAccessor.invoke(DirectMethodHandleAccessor.java:103)
at java.base/java.lang.reflect.Method.invoke(Method.java:580)
at org.testng.internal.invokers.MethodInvocationHelper.invokeMethod(MethodInvocationHelper.java:141)
at org.testng.internal.invokers.TestInvoker.invokeMethod(TestInvoker.java:687)
at org.testng.internal.invokers.TestInvoker.invokeTestMethod(TestInvoker.java:230)
at org.testng.internal.invokers.MethodRunner.runInSequence(MethodRunner.java:63)
at org.testng.internal.invokers.TestInvoker$MethodInvocationAgent.invoke(TestInvoker.java:995)
at org.testng.internal.invokers.TestInvoker.invokeTestMethods(TestInvoker.java:203)
at org.testng.internal.invokers.TestMethodWorker.invokeTestMethods(TestMethodWorker.java:154)
at org.testng.internal.invokers.TestMethodWorker.run(TestMethodWorker.java:134)
at java.base/java.util.ArrayList.forEach(ArrayList.java:1596)
at org.testng.TestRunner.privateRun(TestRunner.java:741)
at org.testng.TestRunner.run(TestRunner.java:616)
at org.testng.SuiteRunner.runTest(SuiteRunner.java:421)
at org.testng.SuiteRunner.runSequentially(SuiteRunner.java:413)
at org.testng.SuiteRunner.privateRun(SuiteRunner.java:373)
at org.testng.SuiteRunner.run(SuiteRunner.java:312)
at org.testng.SuiteRunnerWorker.runSuite(SuiteRunnerWorker.java:52)
at org.testng.SuiteRunnerWorker.run(SuiteRunnerWorker.java:95)
at org.testng.TestNG.runSuitesSequentially(TestNG.java:1274)
at org.testng.TestNG.runSuitesLocally(TestNG.java:1208)
at org.testng.TestNG.runSuites(TestNG.java:1112)
at org.testng.TestNG.run(TestNG.java:1079)
at org.testng.remote.AbstractRemoteTestNG.run(AbstractRemoteTestNG.java:115)
at org.testng.remote.RemoteTestNG.initAndRun(RemoteTestNG.java:293)
at org.testng.remote.RemoteTestNG.main(RemoteTestNG.java:91)
Caused by: com.microsoft.playwright.TimeoutError: Error {
  message='Timeout 30000ms exceeded.
  name='TimeoutError
  stack='TimeoutError: Timeout 30000ms exceeded.
    at ProgressController.run (/private/var/folders/1b/cqmvqvbd4sg1xvl1gc93cfyh0000gn/T/playwright-java-7524229160389361392/package/lib/server/progress.js:68:28)
    at FrameDispatcher._runCommand (/private/var/folders/1b/cqmvqvbd4sg1xvl1gc93cfyh0000gn/T/playwright-java-7524229160389361392/package/lib/server/dispatchers/dispatcher.js:95:31)
    at DispatcherConnection.dispatch (/private/var/folders/1b/cqmvqvbd4sg1xvl1gc93cfyh0000gn/T/playwright-java-7524229160389361392/package/lib/server/dispatchers/dispatcher.js:329:39)
}
Call log:
-   - waiting for locator("#category")
-     - locator resolved to <select id="category" name="category" class="custom-input " aria-label="Select Product Category">…</select>
-   - attempting select option action
-     2 × waiting for element to be visible and enabled
-       - did not find some options
-     - retrying select option action
-     - waiting 20ms
-     2 × waiting for element to be visible and enabled
-       - did not find some options
-     - retrying select option action
-       - waiting 100ms
-     60 × waiting for element to be visible and enabled
-        - did not find some options
-      - retrying select option action
-        - waiting 500ms

at com.microsoft.playwright.impl.Connection.dispatch(Connection.java:257)
at com.microsoft.playwright.impl.Connection.processOneMessage(Connection.java:214)
at com.microsoft.playwright.impl.ChannelOwner.runUntil(ChannelOwner.java:136)
... 36 more
]]>
    </error>
  </testcase> <!-- addLeadForAdditionalFurnitureLeadTest -->
  <testcase classname="tests.AddFurnitureLeadTest" name="addLeadForAdditionalFurnitureLeadTest" time="8.556"/>
  <testcase classname="tests.AddFurnitureLeadTest" name="addLeadForAdditionalFurnitureLeadTest" time="0.000">
    <skipped/>
  </testcase> <!-- addLeadForAdditionalFurnitureLeadTest -->
  <testcase classname="tests.AddFurnitureLeadTest" name="addLeadForAdditionalFurnitureLeadTest" time="0.000">
    <skipped/>
  </testcase> <!-- addLeadForAdditionalFurnitureLeadTest -->
  <testcase classname="tests.AddFurnitureLeadTest" name="addLeadForAdditionalFurnitureLeadTest" time="0.000">
    <skipped/>
  </testcase> <!-- addLeadForAdditionalFurnitureLeadTest -->
  <testcase classname="tests.AddFurnitureLeadTest" name="addLeadForAdditionalFurnitureLeadTest" time="8.668"/>
  <testcase classname="tests.AddFurnitureLeadTest" name="addLeadForAdditionalFurnitureLeadTest" time="0.000">
    <skipped/>
  </testcase> <!-- addLeadForAdditionalFurnitureLeadTest -->
  <testcase classname="tests.AddFurnitureLeadTest" name="addLeadForAdditionalFurnitureLeadTest" time="0.000">
    <skipped/>
  </testcase> <!-- addLeadForAdditionalFurnitureLeadTest -->
  <testcase classname="tests.AddFurnitureLeadTest" name="addLeadForAdditionalFurnitureLeadTest" time="0.000">
    <skipped/>
  </testcase> <!-- addLeadForAdditionalFurnitureLeadTest -->
  <testcase classname="tests.AddFurnitureLeadTest" name="addLeadForAdditionalFurnitureLeadTest" time="0.000">
    <skipped/>
  </testcase> <!-- addLeadForAdditionalFurnitureLeadTest -->
  <testcase classname="tests.AddFurnitureLeadTest" name="addLeadForAdditionalFurnitureLeadTest" time="0.000">
    <skipped/>
  </testcase> <!-- addLeadForAdditionalFurnitureLeadTest -->
  <testcase classname="tests.AddFurnitureLeadTest" name="addLeadForAdditionalFurnitureLeadTest" time="8.572"/>
  <testcase classname="tests.AddFurnitureLeadTest" name="addLeadForAdditionalFurnitureLeadTest" time="0.000">
    <skipped/>
  </testcase> <!-- addLeadForAdditionalFurnitureLeadTest -->
  <testcase classname="tests.AddFurnitureLeadTest" name="addLeadForAdditionalFurnitureLeadTest" time="8.733"/>
  <testcase classname="tests.AddFurnitureLeadTest" name="addLeadForAdditionalFurnitureLeadTest" time="8.417"/>
  <testcase classname="tests.AddFurnitureLeadTest" name="addLeadForAdditionalFurnitureLeadTest" time="8.425"/>
  <testcase classname="tests.AddFurnitureLeadTest" name="addLeadForAdditionalFurnitureLeadTest" time="8.574"/>
  <testcase classname="tests.AddFurnitureLeadTest" name="addLeadForAdditionalFurnitureLeadTest" time="0.000">
    <skipped/>
  </testcase> <!-- addLeadForAdditionalFurnitureLeadTest -->
  <testcase classname="tests.AddFurnitureLeadTest" name="addLeadForAdditionalFurnitureLeadTest" time="33.446">
    <error message="Error {
  message=&#039;Timeout 30000ms exceeded.
  name=&#039;TimeoutError
  stack=&#039;TimeoutError: Timeout 30000ms exceeded.
    at ProgressController.run (/private/var/folders/1b/cqmvqvbd4sg1xvl1gc93cfyh0000gn/T/playwright-java-7524229160389361392/package/lib/server/progress.js:68:28)
    at FrameDispatcher._runCommand (/private/var/folders/1b/cqmvqvbd4sg1xvl1gc93cfyh0000gn/T/playwright-java-7524229160389361392/package/lib/server/dispatchers/dispatcher.js:95:31)
    at DispatcherConnection.dispatch (/private/var/folders/1b/cqmvqvbd4sg1xvl1gc93cfyh0000gn/T/playwright-java-7524229160389361392/package/lib/server/dispatchers/dispatcher.js:329:39)
}
Call log:
-   - waiting for locator(&quot;#category&quot;)
-     - locator resolved to &lt;select id=&quot;category&quot; name=&quot;category&quot; class=&quot;custom-input &quot; aria-label=&quot;Select Product Category&quot;&gt;…&lt;/select&gt;
-   - attempting select option action
-     2 × waiting for element to be visible and enabled
-       - did not find some options
-     - retrying select option action
-     - waiting 20ms
-     2 × waiting for element to be visible and enabled
-       - did not find some options
-     - retrying select option action
-       - waiting 100ms
-     59 × waiting for element to be visible and enabled
-        - did not find some options
-      - retrying select option action
-        - waiting 500ms
" type="com.microsoft.playwright.TimeoutError">
      <![CDATA[com.microsoft.playwright.TimeoutError: Error {
  message='Timeout 30000ms exceeded.
  name='TimeoutError
  stack='TimeoutError: Timeout 30000ms exceeded.
    at ProgressController.run (/private/var/folders/1b/cqmvqvbd4sg1xvl1gc93cfyh0000gn/T/playwright-java-7524229160389361392/package/lib/server/progress.js:68:28)
    at FrameDispatcher._runCommand (/private/var/folders/1b/cqmvqvbd4sg1xvl1gc93cfyh0000gn/T/playwright-java-7524229160389361392/package/lib/server/dispatchers/dispatcher.js:95:31)
    at DispatcherConnection.dispatch (/private/var/folders/1b/cqmvqvbd4sg1xvl1gc93cfyh0000gn/T/playwright-java-7524229160389361392/package/lib/server/dispatchers/dispatcher.js:329:39)
}
Call log:
-   - waiting for locator("#category")
-     - locator resolved to <select id="category" name="category" class="custom-input " aria-label="Select Product Category">…</select>
-   - attempting select option action
-     2 × waiting for element to be visible and enabled
-       - did not find some options
-     - retrying select option action
-     - waiting 20ms
-     2 × waiting for element to be visible and enabled
-       - did not find some options
-     - retrying select option action
-       - waiting 100ms
-     59 × waiting for element to be visible and enabled
-        - did not find some options
-      - retrying select option action
-        - waiting 500ms

at com.microsoft.playwright.impl.WaitableResult.get(WaitableResult.java:52)
at com.microsoft.playwright.impl.ChannelOwner.runUntil(ChannelOwner.java:138)
at com.microsoft.playwright.impl.Connection.sendMessage(Connection.java:131)
at com.microsoft.playwright.impl.ChannelOwner.sendMessage(ChannelOwner.java:124)
at com.microsoft.playwright.impl.FrameImpl.selectOption(FrameImpl.java:678)
at com.microsoft.playwright.impl.FrameImpl.selectOptionImpl(FrameImpl.java:645)
at com.microsoft.playwright.impl.PageImpl.selectOption(PageImpl.java:1183)
at com.microsoft.playwright.impl.PageImpl.selectOption(PageImpl.java:1150)
at com.microsoft.playwright.Page.selectOption(Page.java:6958)
at pages.AddFurnitureLeadPage.addLeadBasic(AddFurnitureLeadPage.java:396)
at pages.AddFurnitureLeadPage.addLeadWithAdditional(AddFurnitureLeadPage.java:205)
at tests.AddFurnitureLeadTest.addLeadForAdditionalFurnitureLeadTest(AddFurnitureLeadTest.java:168)
at java.base/jdk.internal.reflect.DirectMethodHandleAccessor.invoke(DirectMethodHandleAccessor.java:103)
at java.base/java.lang.reflect.Method.invoke(Method.java:580)
at org.testng.internal.invokers.MethodInvocationHelper.invokeMethod(MethodInvocationHelper.java:141)
at org.testng.internal.invokers.TestInvoker.invokeMethod(TestInvoker.java:687)
at org.testng.internal.invokers.TestInvoker.invokeTestMethod(TestInvoker.java:230)
at org.testng.internal.invokers.MethodRunner.runInSequence(MethodRunner.java:63)
at org.testng.internal.invokers.TestInvoker$MethodInvocationAgent.invoke(TestInvoker.java:995)
at org.testng.internal.invokers.TestInvoker.invokeTestMethods(TestInvoker.java:203)
at org.testng.internal.invokers.TestMethodWorker.invokeTestMethods(TestMethodWorker.java:154)
at org.testng.internal.invokers.TestMethodWorker.run(TestMethodWorker.java:134)
at java.base/java.util.ArrayList.forEach(ArrayList.java:1596)
at org.testng.TestRunner.privateRun(TestRunner.java:741)
at org.testng.TestRunner.run(TestRunner.java:616)
at org.testng.SuiteRunner.runTest(SuiteRunner.java:421)
at org.testng.SuiteRunner.runSequentially(SuiteRunner.java:413)
at org.testng.SuiteRunner.privateRun(SuiteRunner.java:373)
at org.testng.SuiteRunner.run(SuiteRunner.java:312)
at org.testng.SuiteRunnerWorker.runSuite(SuiteRunnerWorker.java:52)
at org.testng.SuiteRunnerWorker.run(SuiteRunnerWorker.java:95)
at org.testng.TestNG.runSuitesSequentially(TestNG.java:1274)
at org.testng.TestNG.runSuitesLocally(TestNG.java:1208)
at org.testng.TestNG.runSuites(TestNG.java:1112)
at org.testng.TestNG.run(TestNG.java:1079)
at org.testng.remote.AbstractRemoteTestNG.run(AbstractRemoteTestNG.java:115)
at org.testng.remote.RemoteTestNG.initAndRun(RemoteTestNG.java:293)
at org.testng.remote.RemoteTestNG.main(RemoteTestNG.java:91)
Caused by: com.microsoft.playwright.TimeoutError: Error {
  message='Timeout 30000ms exceeded.
  name='TimeoutError
  stack='TimeoutError: Timeout 30000ms exceeded.
    at ProgressController.run (/private/var/folders/1b/cqmvqvbd4sg1xvl1gc93cfyh0000gn/T/playwright-java-7524229160389361392/package/lib/server/progress.js:68:28)
    at FrameDispatcher._runCommand (/private/var/folders/1b/cqmvqvbd4sg1xvl1gc93cfyh0000gn/T/playwright-java-7524229160389361392/package/lib/server/dispatchers/dispatcher.js:95:31)
    at DispatcherConnection.dispatch (/private/var/folders/1b/cqmvqvbd4sg1xvl1gc93cfyh0000gn/T/playwright-java-7524229160389361392/package/lib/server/dispatchers/dispatcher.js:329:39)
}
Call log:
-   - waiting for locator("#category")
-     - locator resolved to <select id="category" name="category" class="custom-input " aria-label="Select Product Category">…</select>
-   - attempting select option action
-     2 × waiting for element to be visible and enabled
-       - did not find some options
-     - retrying select option action
-     - waiting 20ms
-     2 × waiting for element to be visible and enabled
-       - did not find some options
-     - retrying select option action
-       - waiting 100ms
-     59 × waiting for element to be visible and enabled
-        - did not find some options
-      - retrying select option action
-        - waiting 500ms

at com.microsoft.playwright.impl.Connection.dispatch(Connection.java:257)
at com.microsoft.playwright.impl.Connection.processOneMessage(Connection.java:214)
at com.microsoft.playwright.impl.ChannelOwner.runUntil(ChannelOwner.java:136)
... 36 more
]]>
    </error>
  </testcase> <!-- addLeadForAdditionalFurnitureLeadTest -->
  <testcase classname="tests.AddFurnitureLeadTest" name="addLeadForAdditionalFurnitureLeadTest" time="0.000">
    <skipped/>
  </testcase> <!-- addLeadForAdditionalFurnitureLeadTest -->
  <testcase classname="tests.AddFurnitureLeadTest" name="addLeadForAdditionalFurnitureLeadTest" time="8.577"/>
  <testcase classname="tests.AddFurnitureLeadTest" name="addLeadForAdditionalFurnitureLeadTest" time="0.000">
    <skipped/>
  </testcase> <!-- addLeadForAdditionalFurnitureLeadTest -->
  <testcase classname="tests.AddFurnitureLeadTest" name="addLeadForAdditionalFurnitureLeadTest" time="8.609"/>
  <testcase classname="tests.AddFurnitureLeadTest" name="addLeadForAdditionalFurnitureLeadTest" time="0.000">
    <skipped/>
  </testcase> <!-- addLeadForAdditionalFurnitureLeadTest -->
  <testcase classname="tests.AddFurnitureLeadTest" name="addLeadForAdditionalFurnitureLeadTest" time="0.000">
    <skipped/>
  </testcase> <!-- addLeadForAdditionalFurnitureLeadTest -->
  <testcase classname="tests.AddFurnitureLeadTest" name="addLeadForAdditionalFurnitureLeadTest" time="0.000">
    <skipped/>
  </testcase> <!-- addLeadForAdditionalFurnitureLeadTest -->
  <testcase classname="tests.AddFurnitureLeadTest" name="addLeadForAdditionalFurnitureLeadTest" time="0.000">
    <skipped/>
  </testcase> <!-- addLeadForAdditionalFurnitureLeadTest -->
  <testcase classname="tests.AddFurnitureLeadTest" name="addLeadForAdditionalFurnitureLeadTest" time="9.009"/>
  <testcase classname="tests.AddFurnitureLeadTest" name="addLeadForAdditionalFurnitureLeadTest" time="8.479"/>
  <testcase classname="tests.AddFurnitureLeadTest" name="addLeadForAdditionalFurnitureLeadTest" time="8.972"/>
  <testcase classname="tests.AddFurnitureLeadTest" name="addLeadForAdditionalFurnitureLeadTest" time="0.000">
    <skipped/>
  </testcase> <!-- addLeadForAdditionalFurnitureLeadTest -->
  <testcase classname="tests.AddFurnitureLeadTest" name="addLeadForAdditionalFurnitureLeadTest" time="8.931"/>
  <testcase classname="tests.AddFurnitureLeadTest" name="addLeadForAdditionalFurnitureLeadTest" time="0.000">
    <skipped/>
  </testcase> <!-- addLeadForAdditionalFurnitureLeadTest -->
  <testcase classname="tests.AddFurnitureLeadTest" name="addLeadForAdditionalFurnitureLeadTest" time="0.000">
    <skipped/>
  </testcase> <!-- addLeadForAdditionalFurnitureLeadTest -->
  <testcase classname="tests.AddFurnitureLeadTest" name="addLeadForAdditionalFurnitureLeadTest" time="0.000">
    <skipped/>
  </testcase> <!-- addLeadForAdditionalFurnitureLeadTest -->
  <testcase classname="tests.AddFurnitureLeadTest" name="addLeadForAdditionalFurnitureLeadTest" time="0.000">
    <skipped/>
  </testcase> <!-- addLeadForAdditionalFurnitureLeadTest -->
  <testcase classname="tests.AddFurnitureLeadTest" name="addLeadForAdditionalFurnitureLeadTest" time="8.534"/>
  <testcase classname="tests.AddFurnitureLeadTest" name="addLeadForAdditionalFurnitureLeadTest" time="33.415">
    <error message="Error {
  message=&#039;Timeout 30000ms exceeded.
  name=&#039;TimeoutError
  stack=&#039;TimeoutError: Timeout 30000ms exceeded.
    at ProgressController.run (/private/var/folders/1b/cqmvqvbd4sg1xvl1gc93cfyh0000gn/T/playwright-java-7524229160389361392/package/lib/server/progress.js:68:28)
    at FrameDispatcher._runCommand (/private/var/folders/1b/cqmvqvbd4sg1xvl1gc93cfyh0000gn/T/playwright-java-7524229160389361392/package/lib/server/dispatchers/dispatcher.js:95:31)
    at DispatcherConnection.dispatch (/private/var/folders/1b/cqmvqvbd4sg1xvl1gc93cfyh0000gn/T/playwright-java-7524229160389361392/package/lib/server/dispatchers/dispatcher.js:329:39)
}
Call log:
-   - waiting for locator(&quot;#category&quot;)
-     - locator resolved to &lt;select id=&quot;category&quot; name=&quot;category&quot; class=&quot;custom-input &quot; aria-label=&quot;Select Product Category&quot;&gt;…&lt;/select&gt;
-   - attempting select option action
-     2 × waiting for element to be visible and enabled
-       - did not find some options
-     - retrying select option action
-     - waiting 20ms
-     2 × waiting for element to be visible and enabled
-       - did not find some options
-     - retrying select option action
-       - waiting 100ms
-     60 × waiting for element to be visible and enabled
-        - did not find some options
-      - retrying select option action
-        - waiting 500ms
" type="com.microsoft.playwright.TimeoutError">
      <![CDATA[com.microsoft.playwright.TimeoutError: Error {
  message='Timeout 30000ms exceeded.
  name='TimeoutError
  stack='TimeoutError: Timeout 30000ms exceeded.
    at ProgressController.run (/private/var/folders/1b/cqmvqvbd4sg1xvl1gc93cfyh0000gn/T/playwright-java-7524229160389361392/package/lib/server/progress.js:68:28)
    at FrameDispatcher._runCommand (/private/var/folders/1b/cqmvqvbd4sg1xvl1gc93cfyh0000gn/T/playwright-java-7524229160389361392/package/lib/server/dispatchers/dispatcher.js:95:31)
    at DispatcherConnection.dispatch (/private/var/folders/1b/cqmvqvbd4sg1xvl1gc93cfyh0000gn/T/playwright-java-7524229160389361392/package/lib/server/dispatchers/dispatcher.js:329:39)
}
Call log:
-   - waiting for locator("#category")
-     - locator resolved to <select id="category" name="category" class="custom-input " aria-label="Select Product Category">…</select>
-   - attempting select option action
-     2 × waiting for element to be visible and enabled
-       - did not find some options
-     - retrying select option action
-     - waiting 20ms
-     2 × waiting for element to be visible and enabled
-       - did not find some options
-     - retrying select option action
-       - waiting 100ms
-     60 × waiting for element to be visible and enabled
-        - did not find some options
-      - retrying select option action
-        - waiting 500ms

at com.microsoft.playwright.impl.WaitableResult.get(WaitableResult.java:52)
at com.microsoft.playwright.impl.ChannelOwner.runUntil(ChannelOwner.java:138)
at com.microsoft.playwright.impl.Connection.sendMessage(Connection.java:131)
at com.microsoft.playwright.impl.ChannelOwner.sendMessage(ChannelOwner.java:124)
at com.microsoft.playwright.impl.FrameImpl.selectOption(FrameImpl.java:678)
at com.microsoft.playwright.impl.FrameImpl.selectOptionImpl(FrameImpl.java:645)
at com.microsoft.playwright.impl.PageImpl.selectOption(PageImpl.java:1183)
at com.microsoft.playwright.impl.PageImpl.selectOption(PageImpl.java:1150)
at com.microsoft.playwright.Page.selectOption(Page.java:6958)
at pages.AddFurnitureLeadPage.addLeadBasic(AddFurnitureLeadPage.java:396)
at pages.AddFurnitureLeadPage.addLeadWithAdditional(AddFurnitureLeadPage.java:205)
at tests.AddFurnitureLeadTest.addLeadForAdditionalFurnitureLeadTest(AddFurnitureLeadTest.java:168)
at java.base/jdk.internal.reflect.DirectMethodHandleAccessor.invoke(DirectMethodHandleAccessor.java:103)
at java.base/java.lang.reflect.Method.invoke(Method.java:580)
at org.testng.internal.invokers.MethodInvocationHelper.invokeMethod(MethodInvocationHelper.java:141)
at org.testng.internal.invokers.TestInvoker.invokeMethod(TestInvoker.java:687)
at org.testng.internal.invokers.TestInvoker.invokeTestMethod(TestInvoker.java:230)
at org.testng.internal.invokers.MethodRunner.runInSequence(MethodRunner.java:63)
at org.testng.internal.invokers.TestInvoker$MethodInvocationAgent.invoke(TestInvoker.java:995)
at org.testng.internal.invokers.TestInvoker.invokeTestMethods(TestInvoker.java:203)
at org.testng.internal.invokers.TestMethodWorker.invokeTestMethods(TestMethodWorker.java:154)
at org.testng.internal.invokers.TestMethodWorker.run(TestMethodWorker.java:134)
at java.base/java.util.ArrayList.forEach(ArrayList.java:1596)
at org.testng.TestRunner.privateRun(TestRunner.java:741)
at org.testng.TestRunner.run(TestRunner.java:616)
at org.testng.SuiteRunner.runTest(SuiteRunner.java:421)
at org.testng.SuiteRunner.runSequentially(SuiteRunner.java:413)
at org.testng.SuiteRunner.privateRun(SuiteRunner.java:373)
at org.testng.SuiteRunner.run(SuiteRunner.java:312)
at org.testng.SuiteRunnerWorker.runSuite(SuiteRunnerWorker.java:52)
at org.testng.SuiteRunnerWorker.run(SuiteRunnerWorker.java:95)
at org.testng.TestNG.runSuitesSequentially(TestNG.java:1274)
at org.testng.TestNG.runSuitesLocally(TestNG.java:1208)
at org.testng.TestNG.runSuites(TestNG.java:1112)
at org.testng.TestNG.run(TestNG.java:1079)
at org.testng.remote.AbstractRemoteTestNG.run(AbstractRemoteTestNG.java:115)
at org.testng.remote.RemoteTestNG.initAndRun(RemoteTestNG.java:293)
at org.testng.remote.RemoteTestNG.main(RemoteTestNG.java:91)
Caused by: com.microsoft.playwright.TimeoutError: Error {
  message='Timeout 30000ms exceeded.
  name='TimeoutError
  stack='TimeoutError: Timeout 30000ms exceeded.
    at ProgressController.run (/private/var/folders/1b/cqmvqvbd4sg1xvl1gc93cfyh0000gn/T/playwright-java-7524229160389361392/package/lib/server/progress.js:68:28)
    at FrameDispatcher._runCommand (/private/var/folders/1b/cqmvqvbd4sg1xvl1gc93cfyh0000gn/T/playwright-java-7524229160389361392/package/lib/server/dispatchers/dispatcher.js:95:31)
    at DispatcherConnection.dispatch (/private/var/folders/1b/cqmvqvbd4sg1xvl1gc93cfyh0000gn/T/playwright-java-7524229160389361392/package/lib/server/dispatchers/dispatcher.js:329:39)
}
Call log:
-   - waiting for locator("#category")
-     - locator resolved to <select id="category" name="category" class="custom-input " aria-label="Select Product Category">…</select>
-   - attempting select option action
-     2 × waiting for element to be visible and enabled
-       - did not find some options
-     - retrying select option action
-     - waiting 20ms
-     2 × waiting for element to be visible and enabled
-       - did not find some options
-     - retrying select option action
-       - waiting 100ms
-     60 × waiting for element to be visible and enabled
-        - did not find some options
-      - retrying select option action
-        - waiting 500ms

at com.microsoft.playwright.impl.Connection.dispatch(Connection.java:257)
at com.microsoft.playwright.impl.Connection.processOneMessage(Connection.java:214)
at com.microsoft.playwright.impl.ChannelOwner.runUntil(ChannelOwner.java:136)
... 36 more
]]>
    </error>
  </testcase> <!-- addLeadForAdditionalFurnitureLeadTest -->
  <testcase classname="tests.AddFurnitureLeadTest" name="addLeadForAdditionalFurnitureLeadTest" time="0.000">
    <skipped/>
  </testcase> <!-- addLeadForAdditionalFurnitureLeadTest -->
  <testcase classname="tests.AddFurnitureLeadTest" name="addLeadForAdditionalFurnitureLeadTest" time="0.000">
    <skipped/>
  </testcase> <!-- addLeadForAdditionalFurnitureLeadTest -->
  <testcase classname="tests.AddFurnitureLeadTest" name="addLeadForAdditionalFurnitureLeadTest" time="0.000">
    <skipped/>
  </testcase> <!-- addLeadForAdditionalFurnitureLeadTest -->
  <testcase classname="tests.AddFurnitureLeadTest" name="addLeadForAdditionalFurnitureLeadTest" time="8.464"/>
  <testcase classname="tests.AddFurnitureLeadTest" name="addLeadForAdditionalFurnitureLeadTest" time="0.000">
    <skipped/>
  </testcase> <!-- addLeadForAdditionalFurnitureLeadTest -->
  <testcase classname="tests.AddFurnitureLeadTest" name="addLeadForAdditionalFurnitureLeadTest" time="7.393">
    <failure message="Full name mismatch. Expected: Jigar Chaudhary, Got: Rina Joshi" type="java.lang.AssertionError">
      <![CDATA[java.lang.AssertionError: Full name mismatch. Expected: Jigar Chaudhary, Got: Rina Joshi
at pages.AddFurnitureLeadPage.validateLeadWithAdditionalInfo(AddFurnitureLeadPage.java:270)
at tests.AddFurnitureLeadTest.addLeadForAdditionalFurnitureLeadTest(AddFurnitureLeadTest.java:173)
at java.base/jdk.internal.reflect.DirectMethodHandleAccessor.invoke(DirectMethodHandleAccessor.java:103)
at java.base/java.lang.reflect.Method.invoke(Method.java:580)
at org.testng.internal.invokers.MethodInvocationHelper.invokeMethod(MethodInvocationHelper.java:141)
at org.testng.internal.invokers.TestInvoker.invokeMethod(TestInvoker.java:687)
at org.testng.internal.invokers.TestInvoker.invokeTestMethod(TestInvoker.java:230)
at org.testng.internal.invokers.MethodRunner.runInSequence(MethodRunner.java:63)
at org.testng.internal.invokers.TestInvoker$MethodInvocationAgent.invoke(TestInvoker.java:995)
at org.testng.internal.invokers.TestInvoker.invokeTestMethods(TestInvoker.java:203)
at org.testng.internal.invokers.TestMethodWorker.invokeTestMethods(TestMethodWorker.java:154)
at org.testng.internal.invokers.TestMethodWorker.run(TestMethodWorker.java:134)
at java.base/java.util.ArrayList.forEach(ArrayList.java:1596)
at org.testng.TestRunner.privateRun(TestRunner.java:741)
at org.testng.TestRunner.run(TestRunner.java:616)
at org.testng.SuiteRunner.runTest(SuiteRunner.java:421)
at org.testng.SuiteRunner.runSequentially(SuiteRunner.java:413)
at org.testng.SuiteRunner.privateRun(SuiteRunner.java:373)
at org.testng.SuiteRunner.run(SuiteRunner.java:312)
at org.testng.SuiteRunnerWorker.runSuite(SuiteRunnerWorker.java:52)
at org.testng.SuiteRunnerWorker.run(SuiteRunnerWorker.java:95)
at org.testng.TestNG.runSuitesSequentially(TestNG.java:1274)
at org.testng.TestNG.runSuitesLocally(TestNG.java:1208)
at org.testng.TestNG.runSuites(TestNG.java:1112)
at org.testng.TestNG.run(TestNG.java:1079)
at org.testng.remote.AbstractRemoteTestNG.run(AbstractRemoteTestNG.java:115)
at org.testng.remote.RemoteTestNG.initAndRun(RemoteTestNG.java:293)
at org.testng.remote.RemoteTestNG.main(RemoteTestNG.java:91)
]]>
    </failure>
  </testcase> <!-- addLeadForAdditionalFurnitureLeadTest -->
  <testcase classname="tests.AddFurnitureLeadTest" name="addLeadForAdditionalFurnitureLeadTest" time="0.000">
    <skipped/>
  </testcase> <!-- addLeadForAdditionalFurnitureLeadTest -->
  <testcase classname="tests.AddFurnitureLeadTest" name="addLeadForAdditionalFurnitureLeadTest" time="8.586"/>
  <testcase classname="tests.AddFurnitureLeadTest" name="addLeadForAdditionalFurnitureLeadTest" time="0.000">
    <skipped/>
  </testcase> <!-- addLeadForAdditionalFurnitureLeadTest -->
  <testcase classname="tests.AddFurnitureLeadTest" name="addLeadForAdditionalFurnitureLeadTest" time="0.000">
    <skipped/>
  </testcase> <!-- addLeadForAdditionalFurnitureLeadTest -->
  <testcase classname="tests.AddFurnitureLeadTest" name="addLeadForAdditionalFurnitureLeadTest" time="8.518"/>
  <testcase classname="tests.AddFurnitureLeadTest" name="addLeadForAdditionalFurnitureLeadTest" time="0.000">
    <skipped/>
  </testcase> <!-- addLeadForAdditionalFurnitureLeadTest -->
  <testcase classname="tests.AddFurnitureLeadTest" name="addLeadForAdditionalFurnitureLeadTest" time="8.522"/>
  <testcase classname="tests.AddFurnitureLeadTest" name="addLeadForAdditionalFurnitureLeadTest" time="8.460"/>
  <testcase classname="tests.AddFurnitureLeadTest" name="addLeadForAdditionalFurnitureLeadTest" time="0.000">
    <skipped/>
  </testcase> <!-- addLeadForAdditionalFurnitureLeadTest -->
  <testcase classname="tests.AddFurnitureLeadTest" name="addLeadForAdditionalFurnitureLeadTest" time="0.000">
    <skipped/>
  </testcase> <!-- addLeadForAdditionalFurnitureLeadTest -->
  <testcase classname="tests.AddFurnitureLeadTest" name="addLeadForAdditionalFurnitureLeadTest" time="8.567"/>
  <testcase classname="tests.AddFurnitureLeadTest" name="addLeadForAdditionalFurnitureLeadTest" time="8.622"/>
  <testcase classname="tests.AddFurnitureLeadTest" name="addLeadForAdditionalFurnitureLeadTest" time="8.869"/>
  <testcase classname="tests.AddFurnitureLeadTest" name="addLeadForAdditionalFurnitureLeadTest" time="0.000">
    <skipped/>
  </testcase> <!-- addLeadForAdditionalFurnitureLeadTest -->
  <testcase classname="tests.AddFurnitureLeadTest" name="addLeadForAdditionalFurnitureLeadTest" time="8.570"/>
  <testcase classname="tests.AddFurnitureLeadTest" name="addLeadForAdditionalFurnitureLeadTest" time="0.000">
    <skipped/>
  </testcase> <!-- addLeadForAdditionalFurnitureLeadTest -->
  <testcase classname="tests.AddFurnitureLeadTest" name="addLeadForAdditionalFurnitureLeadTest" time="0.000">
    <skipped/>
  </testcase> <!-- addLeadForAdditionalFurnitureLeadTest -->
  <testcase classname="tests.AddFurnitureLeadTest" name="addLeadForAdditionalFurnitureLeadTest" time="0.000">
    <skipped/>
  </testcase> <!-- addLeadForAdditionalFurnitureLeadTest -->
  <testcase classname="tests.AddFurnitureLeadTest" name="addLeadForAdditionalFurnitureLeadTest" time="8.570"/>
  <testcase classname="tests.AddFurnitureLeadTest" name="addLeadForAdditionalFurnitureLeadTest" time="8.585"/>
  <testcase classname="tests.AddFurnitureLeadTest" name="addLeadForAdditionalFurnitureLeadTest" time="8.570"/>
  <testcase classname="tests.AddFurnitureLeadTest" name="addLeadForAdditionalFurnitureLeadTest" time="0.000">
    <skipped/>
  </testcase> <!-- addLeadForAdditionalFurnitureLeadTest -->
  <testcase classname="tests.AddFurnitureLeadTest" name="addLeadForAdditionalFurnitureLeadTest" time="0.000">
    <skipped/>
  </testcase> <!-- addLeadForAdditionalFurnitureLeadTest -->
  <testcase classname="tests.AddFurnitureLeadTest" name="addLeadForAdditionalFurnitureLeadTest" time="0.000">
    <skipped/>
  </testcase> <!-- addLeadForAdditionalFurnitureLeadTest -->
  <testcase classname="tests.AddFurnitureLeadTest" name="addLeadForAdditionalFurnitureLeadTest" time="0.000">
    <skipped/>
  </testcase> <!-- addLeadForAdditionalFurnitureLeadTest -->
  <testcase classname="tests.AddFurnitureLeadTest" name="addLeadForAdditionalFurnitureLeadTest" time="8.608"/>
  <testcase classname="tests.AddFurnitureLeadTest" name="addLeadForAdditionalFurnitureLeadTest" time="0.000">
    <skipped/>
  </testcase> <!-- addLeadForAdditionalFurnitureLeadTest -->
  <testcase classname="tests.AddFurnitureLeadTest" name="addLeadForAdditionalFurnitureLeadTest" time="8.505"/>
  <testcase classname="tests.AddFurnitureLeadTest" name="addLeadForAdditionalFurnitureLeadTest" time="0.000">
    <skipped/>
  </testcase> <!-- addLeadForAdditionalFurnitureLeadTest -->
  <testcase classname="tests.AddFurnitureLeadTest" name="addLeadForAdditionalFurnitureLeadTest" time="0.000">
    <skipped/>
  </testcase> <!-- addLeadForAdditionalFurnitureLeadTest -->
  <testcase classname="tests.AddFurnitureLeadTest" name="addLeadForAdditionalFurnitureLeadTest" time="8.889"/>
  <testcase classname="tests.AddFurnitureLeadTest" name="addLeadForAdditionalFurnitureLeadTest" time="8.569"/>
  <testcase classname="tests.AddFurnitureLeadTest" name="addLeadForAdditionalFurnitureLeadTest" time="33.463">
    <error message="Error {
  message=&#039;Timeout 30000ms exceeded.
  name=&#039;TimeoutError
  stack=&#039;TimeoutError: Timeout 30000ms exceeded.
    at ProgressController.run (/private/var/folders/1b/cqmvqvbd4sg1xvl1gc93cfyh0000gn/T/playwright-java-7524229160389361392/package/lib/server/progress.js:68:28)
    at FrameDispatcher._runCommand (/private/var/folders/1b/cqmvqvbd4sg1xvl1gc93cfyh0000gn/T/playwright-java-7524229160389361392/package/lib/server/dispatchers/dispatcher.js:95:31)
    at DispatcherConnection.dispatch (/private/var/folders/1b/cqmvqvbd4sg1xvl1gc93cfyh0000gn/T/playwright-java-7524229160389361392/package/lib/server/dispatchers/dispatcher.js:329:39)
}
Call log:
-   - waiting for locator(&quot;#category&quot;)
-     - locator resolved to &lt;select id=&quot;category&quot; name=&quot;category&quot; class=&quot;custom-input &quot; aria-label=&quot;Select Product Category&quot;&gt;…&lt;/select&gt;
-   - attempting select option action
-     2 × waiting for element to be visible and enabled
-       - did not find some options
-     - retrying select option action
-     - waiting 20ms
-     2 × waiting for element to be visible and enabled
-       - did not find some options
-     - retrying select option action
-       - waiting 100ms
-     60 × waiting for element to be visible and enabled
-        - did not find some options
-      - retrying select option action
-        - waiting 500ms
" type="com.microsoft.playwright.TimeoutError">
      <![CDATA[com.microsoft.playwright.TimeoutError: Error {
  message='Timeout 30000ms exceeded.
  name='TimeoutError
  stack='TimeoutError: Timeout 30000ms exceeded.
    at ProgressController.run (/private/var/folders/1b/cqmvqvbd4sg1xvl1gc93cfyh0000gn/T/playwright-java-7524229160389361392/package/lib/server/progress.js:68:28)
    at FrameDispatcher._runCommand (/private/var/folders/1b/cqmvqvbd4sg1xvl1gc93cfyh0000gn/T/playwright-java-7524229160389361392/package/lib/server/dispatchers/dispatcher.js:95:31)
    at DispatcherConnection.dispatch (/private/var/folders/1b/cqmvqvbd4sg1xvl1gc93cfyh0000gn/T/playwright-java-7524229160389361392/package/lib/server/dispatchers/dispatcher.js:329:39)
}
Call log:
-   - waiting for locator("#category")
-     - locator resolved to <select id="category" name="category" class="custom-input " aria-label="Select Product Category">…</select>
-   - attempting select option action
-     2 × waiting for element to be visible and enabled
-       - did not find some options
-     - retrying select option action
-     - waiting 20ms
-     2 × waiting for element to be visible and enabled
-       - did not find some options
-     - retrying select option action
-       - waiting 100ms
-     60 × waiting for element to be visible and enabled
-        - did not find some options
-      - retrying select option action
-        - waiting 500ms

at com.microsoft.playwright.impl.WaitableResult.get(WaitableResult.java:52)
at com.microsoft.playwright.impl.ChannelOwner.runUntil(ChannelOwner.java:138)
at com.microsoft.playwright.impl.Connection.sendMessage(Connection.java:131)
at com.microsoft.playwright.impl.ChannelOwner.sendMessage(ChannelOwner.java:124)
at com.microsoft.playwright.impl.FrameImpl.selectOption(FrameImpl.java:678)
at com.microsoft.playwright.impl.FrameImpl.selectOptionImpl(FrameImpl.java:645)
at com.microsoft.playwright.impl.PageImpl.selectOption(PageImpl.java:1183)
at com.microsoft.playwright.impl.PageImpl.selectOption(PageImpl.java:1150)
at com.microsoft.playwright.Page.selectOption(Page.java:6958)
at pages.AddFurnitureLeadPage.addLeadBasic(AddFurnitureLeadPage.java:396)
at pages.AddFurnitureLeadPage.addLeadWithAdditional(AddFurnitureLeadPage.java:205)
at tests.AddFurnitureLeadTest.addLeadForAdditionalFurnitureLeadTest(AddFurnitureLeadTest.java:168)
at java.base/jdk.internal.reflect.DirectMethodHandleAccessor.invoke(DirectMethodHandleAccessor.java:103)
at java.base/java.lang.reflect.Method.invoke(Method.java:580)
at org.testng.internal.invokers.MethodInvocationHelper.invokeMethod(MethodInvocationHelper.java:141)
at org.testng.internal.invokers.TestInvoker.invokeMethod(TestInvoker.java:687)
at org.testng.internal.invokers.TestInvoker.invokeTestMethod(TestInvoker.java:230)
at org.testng.internal.invokers.MethodRunner.runInSequence(MethodRunner.java:63)
at org.testng.internal.invokers.TestInvoker$MethodInvocationAgent.invoke(TestInvoker.java:995)
at org.testng.internal.invokers.TestInvoker.invokeTestMethods(TestInvoker.java:203)
at org.testng.internal.invokers.TestMethodWorker.invokeTestMethods(TestMethodWorker.java:154)
at org.testng.internal.invokers.TestMethodWorker.run(TestMethodWorker.java:134)
at java.base/java.util.ArrayList.forEach(ArrayList.java:1596)
at org.testng.TestRunner.privateRun(TestRunner.java:741)
at org.testng.TestRunner.run(TestRunner.java:616)
at org.testng.SuiteRunner.runTest(SuiteRunner.java:421)
at org.testng.SuiteRunner.runSequentially(SuiteRunner.java:413)
at org.testng.SuiteRunner.privateRun(SuiteRunner.java:373)
at org.testng.SuiteRunner.run(SuiteRunner.java:312)
at org.testng.SuiteRunnerWorker.runSuite(SuiteRunnerWorker.java:52)
at org.testng.SuiteRunnerWorker.run(SuiteRunnerWorker.java:95)
at org.testng.TestNG.runSuitesSequentially(TestNG.java:1274)
at org.testng.TestNG.runSuitesLocally(TestNG.java:1208)
at org.testng.TestNG.runSuites(TestNG.java:1112)
at org.testng.TestNG.run(TestNG.java:1079)
at org.testng.remote.AbstractRemoteTestNG.run(AbstractRemoteTestNG.java:115)
at org.testng.remote.RemoteTestNG.initAndRun(RemoteTestNG.java:293)
at org.testng.remote.RemoteTestNG.main(RemoteTestNG.java:91)
Caused by: com.microsoft.playwright.TimeoutError: Error {
  message='Timeout 30000ms exceeded.
  name='TimeoutError
  stack='TimeoutError: Timeout 30000ms exceeded.
    at ProgressController.run (/private/var/folders/1b/cqmvqvbd4sg1xvl1gc93cfyh0000gn/T/playwright-java-7524229160389361392/package/lib/server/progress.js:68:28)
    at FrameDispatcher._runCommand (/private/var/folders/1b/cqmvqvbd4sg1xvl1gc93cfyh0000gn/T/playwright-java-7524229160389361392/package/lib/server/dispatchers/dispatcher.js:95:31)
    at DispatcherConnection.dispatch (/private/var/folders/1b/cqmvqvbd4sg1xvl1gc93cfyh0000gn/T/playwright-java-7524229160389361392/package/lib/server/dispatchers/dispatcher.js:329:39)
}
Call log:
-   - waiting for locator("#category")
-     - locator resolved to <select id="category" name="category" class="custom-input " aria-label="Select Product Category">…</select>
-   - attempting select option action
-     2 × waiting for element to be visible and enabled
-       - did not find some options
-     - retrying select option action
-     - waiting 20ms
-     2 × waiting for element to be visible and enabled
-       - did not find some options
-     - retrying select option action
-       - waiting 100ms
-     60 × waiting for element to be visible and enabled
-        - did not find some options
-      - retrying select option action
-        - waiting 500ms

at com.microsoft.playwright.impl.Connection.dispatch(Connection.java:257)
at com.microsoft.playwright.impl.Connection.processOneMessage(Connection.java:214)
at com.microsoft.playwright.impl.ChannelOwner.runUntil(ChannelOwner.java:136)
... 36 more
]]>
    </error>
  </testcase> <!-- addLeadForAdditionalFurnitureLeadTest -->
  <testcase classname="tests.AddFurnitureLeadTest" name="addLeadForAdditionalFurnitureLeadTest" time="0.000">
    <skipped/>
  </testcase> <!-- addLeadForAdditionalFurnitureLeadTest -->
  <testcase classname="tests.AddFurnitureLeadTest" name="addLeadForAdditionalFurnitureLeadTest" time="0.000">
    <skipped/>
  </testcase> <!-- addLeadForAdditionalFurnitureLeadTest -->
  <testcase classname="tests.AddFurnitureLeadTest" name="addLeadForAdditionalFurnitureLeadTest" time="0.000">
    <skipped/>
  </testcase> <!-- addLeadForAdditionalFurnitureLeadTest -->
  <testcase classname="tests.AddFurnitureLeadTest" name="addLeadForAdditionalFurnitureLeadTest" time="0.000">
    <skipped/>
  </testcase> <!-- addLeadForAdditionalFurnitureLeadTest -->
  <testcase classname="tests.AddFurnitureLeadTest" name="addLeadForAdditionalFurnitureLeadTest" time="8.651"/>
  <testcase classname="tests.AddFurnitureLeadTest" name="addLeadForAdditionalFurnitureLeadTest" time="0.000">
    <skipped/>
  </testcase> <!-- addLeadForAdditionalFurnitureLeadTest -->
  <testcase classname="tests.AddFurnitureLeadTest" name="addLeadForAdditionalFurnitureLeadTest" time="8.573"/>
  <testcase classname="tests.AddFurnitureLeadTest" name="addLeadForAdditionalFurnitureLeadTest" time="8.927"/>
  <testcase classname="tests.AddFurnitureLeadTest" name="addLeadForAdditionalFurnitureLeadTest" time="7.444">
    <failure message="Full name mismatch. Expected: Karan Trivedi, Got: Karan Shukla" type="java.lang.AssertionError">
      <![CDATA[java.lang.AssertionError: Full name mismatch. Expected: Karan Trivedi, Got: Karan Shukla
at pages.AddFurnitureLeadPage.validateLeadWithAdditionalInfo(AddFurnitureLeadPage.java:270)
at tests.AddFurnitureLeadTest.addLeadForAdditionalFurnitureLeadTest(AddFurnitureLeadTest.java:173)
at java.base/jdk.internal.reflect.DirectMethodHandleAccessor.invoke(DirectMethodHandleAccessor.java:103)
at java.base/java.lang.reflect.Method.invoke(Method.java:580)
at org.testng.internal.invokers.MethodInvocationHelper.invokeMethod(MethodInvocationHelper.java:141)
at org.testng.internal.invokers.TestInvoker.invokeMethod(TestInvoker.java:687)
at org.testng.internal.invokers.TestInvoker.invokeTestMethod(TestInvoker.java:230)
at org.testng.internal.invokers.MethodRunner.runInSequence(MethodRunner.java:63)
at org.testng.internal.invokers.TestInvoker$MethodInvocationAgent.invoke(TestInvoker.java:995)
at org.testng.internal.invokers.TestInvoker.invokeTestMethods(TestInvoker.java:203)
at org.testng.internal.invokers.TestMethodWorker.invokeTestMethods(TestMethodWorker.java:154)
at org.testng.internal.invokers.TestMethodWorker.run(TestMethodWorker.java:134)
at java.base/java.util.ArrayList.forEach(ArrayList.java:1596)
at org.testng.TestRunner.privateRun(TestRunner.java:741)
at org.testng.TestRunner.run(TestRunner.java:616)
at org.testng.SuiteRunner.runTest(SuiteRunner.java:421)
at org.testng.SuiteRunner.runSequentially(SuiteRunner.java:413)
at org.testng.SuiteRunner.privateRun(SuiteRunner.java:373)
at org.testng.SuiteRunner.run(SuiteRunner.java:312)
at org.testng.SuiteRunnerWorker.runSuite(SuiteRunnerWorker.java:52)
at org.testng.SuiteRunnerWorker.run(SuiteRunnerWorker.java:95)
at org.testng.TestNG.runSuitesSequentially(TestNG.java:1274)
at org.testng.TestNG.runSuitesLocally(TestNG.java:1208)
at org.testng.TestNG.runSuites(TestNG.java:1112)
at org.testng.TestNG.run(TestNG.java:1079)
at org.testng.remote.AbstractRemoteTestNG.run(AbstractRemoteTestNG.java:115)
at org.testng.remote.RemoteTestNG.initAndRun(RemoteTestNG.java:293)
at org.testng.remote.RemoteTestNG.main(RemoteTestNG.java:91)
]]>
    </failure>
  </testcase> <!-- addLeadForAdditionalFurnitureLeadTest -->
  <testcase classname="tests.AddFurnitureLeadTest" name="addLeadForAdditionalFurnitureLeadTest" time="0.000">
    <skipped/>
  </testcase> <!-- addLeadForAdditionalFurnitureLeadTest -->
  <testcase classname="tests.AddFurnitureLeadTest" name="addLeadForAdditionalFurnitureLeadTest" time="0.000">
    <skipped/>
  </testcase> <!-- addLeadForAdditionalFurnitureLeadTest -->
  <testcase classname="tests.AddFurnitureLeadTest" name="addLeadForAdditionalFurnitureLeadTest" time="8.554"/>
  <testcase classname="tests.AddFurnitureLeadTest" name="addLeadForAdditionalFurnitureLeadTest" time="0.000">
    <skipped/>
  </testcase> <!-- addLeadForAdditionalFurnitureLeadTest -->
  <testcase classname="tests.AddFurnitureLeadTest" name="addLeadForAdditionalFurnitureLeadTest" time="0.000">
    <skipped/>
  </testcase> <!-- addLeadForAdditionalFurnitureLeadTest -->
  <testcase classname="tests.AddFurnitureLeadTest" name="addLeadForAdditionalFurnitureLeadTest" time="8.615"/>
  <testcase classname="tests.AddFurnitureLeadTest" name="addLeadForAdditionalFurnitureLeadTest" time="8.807"/>
  <testcase classname="tests.AddFurnitureLeadTest" name="addLeadForAdditionalFurnitureLeadTest" time="0.000">
    <skipped/>
  </testcase> <!-- addLeadForAdditionalFurnitureLeadTest -->
  <testcase classname="tests.AddFurnitureLeadTest" name="addLeadForAdditionalFurnitureLeadTest" time="0.000">
    <skipped/>
  </testcase> <!-- addLeadForAdditionalFurnitureLeadTest -->
  <testcase classname="tests.AddFurnitureLeadTest" name="addLeadForAdditionalFurnitureLeadTest" time="9.438">
    <failure message="Project mismatch. Expected: Stanley - SBC, Got: Stanley - SLN" type="java.lang.AssertionError">
      <![CDATA[java.lang.AssertionError: Project mismatch. Expected: Stanley - SBC, Got: Stanley - SLN
at pages.AddFurnitureLeadPage.validateLeadWithAdditionalInfo(AddFurnitureLeadPage.java:324)
at tests.AddFurnitureLeadTest.addLeadForAdditionalFurnitureLeadTest(AddFurnitureLeadTest.java:173)
at java.base/jdk.internal.reflect.DirectMethodHandleAccessor.invoke(DirectMethodHandleAccessor.java:103)
at java.base/java.lang.reflect.Method.invoke(Method.java:580)
at org.testng.internal.invokers.MethodInvocationHelper.invokeMethod(MethodInvocationHelper.java:141)
at org.testng.internal.invokers.TestInvoker.invokeMethod(TestInvoker.java:687)
at org.testng.internal.invokers.TestInvoker.invokeTestMethod(TestInvoker.java:230)
at org.testng.internal.invokers.MethodRunner.runInSequence(MethodRunner.java:63)
at org.testng.internal.invokers.TestInvoker$MethodInvocationAgent.invoke(TestInvoker.java:995)
at org.testng.internal.invokers.TestInvoker.invokeTestMethods(TestInvoker.java:203)
at org.testng.internal.invokers.TestMethodWorker.invokeTestMethods(TestMethodWorker.java:154)
at org.testng.internal.invokers.TestMethodWorker.run(TestMethodWorker.java:134)
at java.base/java.util.ArrayList.forEach(ArrayList.java:1596)
at org.testng.TestRunner.privateRun(TestRunner.java:741)
at org.testng.TestRunner.run(TestRunner.java:616)
at org.testng.SuiteRunner.runTest(SuiteRunner.java:421)
at org.testng.SuiteRunner.runSequentially(SuiteRunner.java:413)
at org.testng.SuiteRunner.privateRun(SuiteRunner.java:373)
at org.testng.SuiteRunner.run(SuiteRunner.java:312)
at org.testng.SuiteRunnerWorker.runSuite(SuiteRunnerWorker.java:52)
at org.testng.SuiteRunnerWorker.run(SuiteRunnerWorker.java:95)
at org.testng.TestNG.runSuitesSequentially(TestNG.java:1274)
at org.testng.TestNG.runSuitesLocally(TestNG.java:1208)
at org.testng.TestNG.runSuites(TestNG.java:1112)
at org.testng.TestNG.run(TestNG.java:1079)
at org.testng.remote.AbstractRemoteTestNG.run(AbstractRemoteTestNG.java:115)
at org.testng.remote.RemoteTestNG.initAndRun(RemoteTestNG.java:293)
at org.testng.remote.RemoteTestNG.main(RemoteTestNG.java:91)
]]>
    </failure>
  </testcase> <!-- addLeadForAdditionalFurnitureLeadTest -->
  <testcase classname="tests.AddFurnitureLeadTest" name="addLeadForAdditionalFurnitureLeadTest" time="0.000">
    <skipped/>
  </testcase> <!-- addLeadForAdditionalFurnitureLeadTest -->
  <testcase classname="tests.AddFurnitureLeadTest" name="addLeadForAdditionalFurnitureLeadTest" time="8.464"/>
  <testcase classname="tests.AddFurnitureLeadTest" name="addLeadForAdditionalFurnitureLeadTest" time="33.448">
    <error message="Error {
  message=&#039;Timeout 30000ms exceeded.
  name=&#039;TimeoutError
  stack=&#039;TimeoutError: Timeout 30000ms exceeded.
    at ProgressController.run (/private/var/folders/1b/cqmvqvbd4sg1xvl1gc93cfyh0000gn/T/playwright-java-7524229160389361392/package/lib/server/progress.js:68:28)
    at FrameDispatcher._runCommand (/private/var/folders/1b/cqmvqvbd4sg1xvl1gc93cfyh0000gn/T/playwright-java-7524229160389361392/package/lib/server/dispatchers/dispatcher.js:95:31)
    at DispatcherConnection.dispatch (/private/var/folders/1b/cqmvqvbd4sg1xvl1gc93cfyh0000gn/T/playwright-java-7524229160389361392/package/lib/server/dispatchers/dispatcher.js:329:39)
}
Call log:
-   - waiting for locator(&quot;#category&quot;)
-     - locator resolved to &lt;select id=&quot;category&quot; name=&quot;category&quot; class=&quot;custom-input &quot; aria-label=&quot;Select Product Category&quot;&gt;…&lt;/select&gt;
-   - attempting select option action
-     2 × waiting for element to be visible and enabled
-       - did not find some options
-     - retrying select option action
-     - waiting 20ms
-     2 × waiting for element to be visible and enabled
-       - did not find some options
-     - retrying select option action
-       - waiting 100ms
-     60 × waiting for element to be visible and enabled
-        - did not find some options
-      - retrying select option action
-        - waiting 500ms
" type="com.microsoft.playwright.TimeoutError">
      <![CDATA[com.microsoft.playwright.TimeoutError: Error {
  message='Timeout 30000ms exceeded.
  name='TimeoutError
  stack='TimeoutError: Timeout 30000ms exceeded.
    at ProgressController.run (/private/var/folders/1b/cqmvqvbd4sg1xvl1gc93cfyh0000gn/T/playwright-java-7524229160389361392/package/lib/server/progress.js:68:28)
    at FrameDispatcher._runCommand (/private/var/folders/1b/cqmvqvbd4sg1xvl1gc93cfyh0000gn/T/playwright-java-7524229160389361392/package/lib/server/dispatchers/dispatcher.js:95:31)
    at DispatcherConnection.dispatch (/private/var/folders/1b/cqmvqvbd4sg1xvl1gc93cfyh0000gn/T/playwright-java-7524229160389361392/package/lib/server/dispatchers/dispatcher.js:329:39)
}
Call log:
-   - waiting for locator("#category")
-     - locator resolved to <select id="category" name="category" class="custom-input " aria-label="Select Product Category">…</select>
-   - attempting select option action
-     2 × waiting for element to be visible and enabled
-       - did not find some options
-     - retrying select option action
-     - waiting 20ms
-     2 × waiting for element to be visible and enabled
-       - did not find some options
-     - retrying select option action
-       - waiting 100ms
-     60 × waiting for element to be visible and enabled
-        - did not find some options
-      - retrying select option action
-        - waiting 500ms

at com.microsoft.playwright.impl.WaitableResult.get(WaitableResult.java:52)
at com.microsoft.playwright.impl.ChannelOwner.runUntil(ChannelOwner.java:138)
at com.microsoft.playwright.impl.Connection.sendMessage(Connection.java:131)
at com.microsoft.playwright.impl.ChannelOwner.sendMessage(ChannelOwner.java:124)
at com.microsoft.playwright.impl.FrameImpl.selectOption(FrameImpl.java:678)
at com.microsoft.playwright.impl.FrameImpl.selectOptionImpl(FrameImpl.java:645)
at com.microsoft.playwright.impl.PageImpl.selectOption(PageImpl.java:1183)
at com.microsoft.playwright.impl.PageImpl.selectOption(PageImpl.java:1150)
at com.microsoft.playwright.Page.selectOption(Page.java:6958)
at pages.AddFurnitureLeadPage.addLeadBasic(AddFurnitureLeadPage.java:396)
at pages.AddFurnitureLeadPage.addLeadWithAdditional(AddFurnitureLeadPage.java:205)
at tests.AddFurnitureLeadTest.addLeadForAdditionalFurnitureLeadTest(AddFurnitureLeadTest.java:168)
at java.base/jdk.internal.reflect.DirectMethodHandleAccessor.invoke(DirectMethodHandleAccessor.java:103)
at java.base/java.lang.reflect.Method.invoke(Method.java:580)
at org.testng.internal.invokers.MethodInvocationHelper.invokeMethod(MethodInvocationHelper.java:141)
at org.testng.internal.invokers.TestInvoker.invokeMethod(TestInvoker.java:687)
at org.testng.internal.invokers.TestInvoker.invokeTestMethod(TestInvoker.java:230)
at org.testng.internal.invokers.MethodRunner.runInSequence(MethodRunner.java:63)
at org.testng.internal.invokers.TestInvoker$MethodInvocationAgent.invoke(TestInvoker.java:995)
at org.testng.internal.invokers.TestInvoker.invokeTestMethods(TestInvoker.java:203)
at org.testng.internal.invokers.TestMethodWorker.invokeTestMethods(TestMethodWorker.java:154)
at org.testng.internal.invokers.TestMethodWorker.run(TestMethodWorker.java:134)
at java.base/java.util.ArrayList.forEach(ArrayList.java:1596)
at org.testng.TestRunner.privateRun(TestRunner.java:741)
at org.testng.TestRunner.run(TestRunner.java:616)
at org.testng.SuiteRunner.runTest(SuiteRunner.java:421)
at org.testng.SuiteRunner.runSequentially(SuiteRunner.java:413)
at org.testng.SuiteRunner.privateRun(SuiteRunner.java:373)
at org.testng.SuiteRunner.run(SuiteRunner.java:312)
at org.testng.SuiteRunnerWorker.runSuite(SuiteRunnerWorker.java:52)
at org.testng.SuiteRunnerWorker.run(SuiteRunnerWorker.java:95)
at org.testng.TestNG.runSuitesSequentially(TestNG.java:1274)
at org.testng.TestNG.runSuitesLocally(TestNG.java:1208)
at org.testng.TestNG.runSuites(TestNG.java:1112)
at org.testng.TestNG.run(TestNG.java:1079)
at org.testng.remote.AbstractRemoteTestNG.run(AbstractRemoteTestNG.java:115)
at org.testng.remote.RemoteTestNG.initAndRun(RemoteTestNG.java:293)
at org.testng.remote.RemoteTestNG.main(RemoteTestNG.java:91)
Caused by: com.microsoft.playwright.TimeoutError: Error {
  message='Timeout 30000ms exceeded.
  name='TimeoutError
  stack='TimeoutError: Timeout 30000ms exceeded.
    at ProgressController.run (/private/var/folders/1b/cqmvqvbd4sg1xvl1gc93cfyh0000gn/T/playwright-java-7524229160389361392/package/lib/server/progress.js:68:28)
    at FrameDispatcher._runCommand (/private/var/folders/1b/cqmvqvbd4sg1xvl1gc93cfyh0000gn/T/playwright-java-7524229160389361392/package/lib/server/dispatchers/dispatcher.js:95:31)
    at DispatcherConnection.dispatch (/private/var/folders/1b/cqmvqvbd4sg1xvl1gc93cfyh0000gn/T/playwright-java-7524229160389361392/package/lib/server/dispatchers/dispatcher.js:329:39)
}
Call log:
-   - waiting for locator("#category")
-     - locator resolved to <select id="category" name="category" class="custom-input " aria-label="Select Product Category">…</select>
-   - attempting select option action
-     2 × waiting for element to be visible and enabled
-       - did not find some options
-     - retrying select option action
-     - waiting 20ms
-     2 × waiting for element to be visible and enabled
-       - did not find some options
-     - retrying select option action
-       - waiting 100ms
-     60 × waiting for element to be visible and enabled
-        - did not find some options
-      - retrying select option action
-        - waiting 500ms

at com.microsoft.playwright.impl.Connection.dispatch(Connection.java:257)
at com.microsoft.playwright.impl.Connection.processOneMessage(Connection.java:214)
at com.microsoft.playwright.impl.ChannelOwner.runUntil(ChannelOwner.java:136)
... 36 more
]]>
    </error>
  </testcase> <!-- addLeadForAdditionalFurnitureLeadTest -->
  <testcase classname="tests.AddFurnitureLeadTest" name="addLeadForAdditionalFurnitureLeadTest" time="8.726"/>
  <testcase classname="tests.AddFurnitureLeadTest" name="addLeadForAdditionalFurnitureLeadTest" time="33.468">
    <error message="Error {
  message=&#039;Timeout 30000ms exceeded.
  name=&#039;TimeoutError
  stack=&#039;TimeoutError: Timeout 30000ms exceeded.
    at ProgressController.run (/private/var/folders/1b/cqmvqvbd4sg1xvl1gc93cfyh0000gn/T/playwright-java-7524229160389361392/package/lib/server/progress.js:68:28)
    at FrameDispatcher._runCommand (/private/var/folders/1b/cqmvqvbd4sg1xvl1gc93cfyh0000gn/T/playwright-java-7524229160389361392/package/lib/server/dispatchers/dispatcher.js:95:31)
    at DispatcherConnection.dispatch (/private/var/folders/1b/cqmvqvbd4sg1xvl1gc93cfyh0000gn/T/playwright-java-7524229160389361392/package/lib/server/dispatchers/dispatcher.js:329:39)
}
Call log:
-   - waiting for locator(&quot;#category&quot;)
-     - locator resolved to &lt;select id=&quot;category&quot; name=&quot;category&quot; class=&quot;custom-input &quot; aria-label=&quot;Select Product Category&quot;&gt;…&lt;/select&gt;
-   - attempting select option action
-     2 × waiting for element to be visible and enabled
-       - did not find some options
-     - retrying select option action
-     - waiting 20ms
-     2 × waiting for element to be visible and enabled
-       - did not find some options
-     - retrying select option action
-       - waiting 100ms
-     59 × waiting for element to be visible and enabled
-        - did not find some options
-      - retrying select option action
-        - waiting 500ms
" type="com.microsoft.playwright.TimeoutError">
      <![CDATA[com.microsoft.playwright.TimeoutError: Error {
  message='Timeout 30000ms exceeded.
  name='TimeoutError
  stack='TimeoutError: Timeout 30000ms exceeded.
    at ProgressController.run (/private/var/folders/1b/cqmvqvbd4sg1xvl1gc93cfyh0000gn/T/playwright-java-7524229160389361392/package/lib/server/progress.js:68:28)
    at FrameDispatcher._runCommand (/private/var/folders/1b/cqmvqvbd4sg1xvl1gc93cfyh0000gn/T/playwright-java-7524229160389361392/package/lib/server/dispatchers/dispatcher.js:95:31)
    at DispatcherConnection.dispatch (/private/var/folders/1b/cqmvqvbd4sg1xvl1gc93cfyh0000gn/T/playwright-java-7524229160389361392/package/lib/server/dispatchers/dispatcher.js:329:39)
}
Call log:
-   - waiting for locator("#category")
-     - locator resolved to <select id="category" name="category" class="custom-input " aria-label="Select Product Category">…</select>
-   - attempting select option action
-     2 × waiting for element to be visible and enabled
-       - did not find some options
-     - retrying select option action
-     - waiting 20ms
-     2 × waiting for element to be visible and enabled
-       - did not find some options
-     - retrying select option action
-       - waiting 100ms
-     59 × waiting for element to be visible and enabled
-        - did not find some options
-      - retrying select option action
-        - waiting 500ms

at com.microsoft.playwright.impl.WaitableResult.get(WaitableResult.java:52)
at com.microsoft.playwright.impl.ChannelOwner.runUntil(ChannelOwner.java:138)
at com.microsoft.playwright.impl.Connection.sendMessage(Connection.java:131)
at com.microsoft.playwright.impl.ChannelOwner.sendMessage(ChannelOwner.java:124)
at com.microsoft.playwright.impl.FrameImpl.selectOption(FrameImpl.java:678)
at com.microsoft.playwright.impl.FrameImpl.selectOptionImpl(FrameImpl.java:645)
at com.microsoft.playwright.impl.PageImpl.selectOption(PageImpl.java:1183)
at com.microsoft.playwright.impl.PageImpl.selectOption(PageImpl.java:1150)
at com.microsoft.playwright.Page.selectOption(Page.java:6958)
at pages.AddFurnitureLeadPage.addLeadBasic(AddFurnitureLeadPage.java:396)
at pages.AddFurnitureLeadPage.addLeadWithAdditional(AddFurnitureLeadPage.java:205)
at tests.AddFurnitureLeadTest.addLeadForAdditionalFurnitureLeadTest(AddFurnitureLeadTest.java:168)
at java.base/jdk.internal.reflect.DirectMethodHandleAccessor.invoke(DirectMethodHandleAccessor.java:103)
at java.base/java.lang.reflect.Method.invoke(Method.java:580)
at org.testng.internal.invokers.MethodInvocationHelper.invokeMethod(MethodInvocationHelper.java:141)
at org.testng.internal.invokers.TestInvoker.invokeMethod(TestInvoker.java:687)
at org.testng.internal.invokers.TestInvoker.invokeTestMethod(TestInvoker.java:230)
at org.testng.internal.invokers.MethodRunner.runInSequence(MethodRunner.java:63)
at org.testng.internal.invokers.TestInvoker$MethodInvocationAgent.invoke(TestInvoker.java:995)
at org.testng.internal.invokers.TestInvoker.invokeTestMethods(TestInvoker.java:203)
at org.testng.internal.invokers.TestMethodWorker.invokeTestMethods(TestMethodWorker.java:154)
at org.testng.internal.invokers.TestMethodWorker.run(TestMethodWorker.java:134)
at java.base/java.util.ArrayList.forEach(ArrayList.java:1596)
at org.testng.TestRunner.privateRun(TestRunner.java:741)
at org.testng.TestRunner.run(TestRunner.java:616)
at org.testng.SuiteRunner.runTest(SuiteRunner.java:421)
at org.testng.SuiteRunner.runSequentially(SuiteRunner.java:413)
at org.testng.SuiteRunner.privateRun(SuiteRunner.java:373)
at org.testng.SuiteRunner.run(SuiteRunner.java:312)
at org.testng.SuiteRunnerWorker.runSuite(SuiteRunnerWorker.java:52)
at org.testng.SuiteRunnerWorker.run(SuiteRunnerWorker.java:95)
at org.testng.TestNG.runSuitesSequentially(TestNG.java:1274)
at org.testng.TestNG.runSuitesLocally(TestNG.java:1208)
at org.testng.TestNG.runSuites(TestNG.java:1112)
at org.testng.TestNG.run(TestNG.java:1079)
at org.testng.remote.AbstractRemoteTestNG.run(AbstractRemoteTestNG.java:115)
at org.testng.remote.RemoteTestNG.initAndRun(RemoteTestNG.java:293)
at org.testng.remote.RemoteTestNG.main(RemoteTestNG.java:91)
Caused by: com.microsoft.playwright.TimeoutError: Error {
  message='Timeout 30000ms exceeded.
  name='TimeoutError
  stack='TimeoutError: Timeout 30000ms exceeded.
    at ProgressController.run (/private/var/folders/1b/cqmvqvbd4sg1xvl1gc93cfyh0000gn/T/playwright-java-7524229160389361392/package/lib/server/progress.js:68:28)
    at FrameDispatcher._runCommand (/private/var/folders/1b/cqmvqvbd4sg1xvl1gc93cfyh0000gn/T/playwright-java-7524229160389361392/package/lib/server/dispatchers/dispatcher.js:95:31)
    at DispatcherConnection.dispatch (/private/var/folders/1b/cqmvqvbd4sg1xvl1gc93cfyh0000gn/T/playwright-java-7524229160389361392/package/lib/server/dispatchers/dispatcher.js:329:39)
}
Call log:
-   - waiting for locator("#category")
-     - locator resolved to <select id="category" name="category" class="custom-input " aria-label="Select Product Category">…</select>
-   - attempting select option action
-     2 × waiting for element to be visible and enabled
-       - did not find some options
-     - retrying select option action
-     - waiting 20ms
-     2 × waiting for element to be visible and enabled
-       - did not find some options
-     - retrying select option action
-       - waiting 100ms
-     59 × waiting for element to be visible and enabled
-        - did not find some options
-      - retrying select option action
-        - waiting 500ms

at com.microsoft.playwright.impl.Connection.dispatch(Connection.java:257)
at com.microsoft.playwright.impl.Connection.processOneMessage(Connection.java:214)
at com.microsoft.playwright.impl.ChannelOwner.runUntil(ChannelOwner.java:136)
... 36 more
]]>
    </error>
  </testcase> <!-- addLeadForAdditionalFurnitureLeadTest -->
  <testcase classname="tests.AddFurnitureLeadTest" name="addLeadForAdditionalFurnitureLeadTest" time="0.000">
    <skipped/>
  </testcase> <!-- addLeadForAdditionalFurnitureLeadTest -->
  <testcase classname="tests.AddFurnitureLeadTest" name="addLeadForAdditionalFurnitureLeadTest" time="8.471"/>
  <testcase classname="tests.AddFurnitureLeadTest" name="addLeadForAdditionalFurnitureLeadTest" time="0.000">
    <skipped/>
  </testcase> <!-- addLeadForAdditionalFurnitureLeadTest -->
  <testcase classname="tests.AddFurnitureLeadTest" name="addLeadForAdditionalFurnitureLeadTest" time="8.487">
    <failure message="FirstName mismatch. Expected: Mehul, Got: Rishi" type="java.lang.AssertionError">
      <![CDATA[java.lang.AssertionError: FirstName mismatch. Expected: Mehul, Got: Rishi
at pages.AddFurnitureLeadPage.validateLeadWithAdditionalInfo(AddFurnitureLeadPage.java:326)
at tests.AddFurnitureLeadTest.addLeadForAdditionalFurnitureLeadTest(AddFurnitureLeadTest.java:173)
at java.base/jdk.internal.reflect.DirectMethodHandleAccessor.invoke(DirectMethodHandleAccessor.java:103)
at java.base/java.lang.reflect.Method.invoke(Method.java:580)
at org.testng.internal.invokers.MethodInvocationHelper.invokeMethod(MethodInvocationHelper.java:141)
at org.testng.internal.invokers.TestInvoker.invokeMethod(TestInvoker.java:687)
at org.testng.internal.invokers.TestInvoker.invokeTestMethod(TestInvoker.java:230)
at org.testng.internal.invokers.MethodRunner.runInSequence(MethodRunner.java:63)
at org.testng.internal.invokers.TestInvoker$MethodInvocationAgent.invoke(TestInvoker.java:995)
at org.testng.internal.invokers.TestInvoker.invokeTestMethods(TestInvoker.java:203)
at org.testng.internal.invokers.TestMethodWorker.invokeTestMethods(TestMethodWorker.java:154)
at org.testng.internal.invokers.TestMethodWorker.run(TestMethodWorker.java:134)
at java.base/java.util.ArrayList.forEach(ArrayList.java:1596)
at org.testng.TestRunner.privateRun(TestRunner.java:741)
at org.testng.TestRunner.run(TestRunner.java:616)
at org.testng.SuiteRunner.runTest(SuiteRunner.java:421)
at org.testng.SuiteRunner.runSequentially(SuiteRunner.java:413)
at org.testng.SuiteRunner.privateRun(SuiteRunner.java:373)
at org.testng.SuiteRunner.run(SuiteRunner.java:312)
at org.testng.SuiteRunnerWorker.runSuite(SuiteRunnerWorker.java:52)
at org.testng.SuiteRunnerWorker.run(SuiteRunnerWorker.java:95)
at org.testng.TestNG.runSuitesSequentially(TestNG.java:1274)
at org.testng.TestNG.runSuitesLocally(TestNG.java:1208)
at org.testng.TestNG.runSuites(TestNG.java:1112)
at org.testng.TestNG.run(TestNG.java:1079)
at org.testng.remote.AbstractRemoteTestNG.run(AbstractRemoteTestNG.java:115)
at org.testng.remote.RemoteTestNG.initAndRun(RemoteTestNG.java:293)
at org.testng.remote.RemoteTestNG.main(RemoteTestNG.java:91)
]]>
    </failure>
  </testcase> <!-- addLeadForAdditionalFurnitureLeadTest -->
  <testcase classname="tests.AddFurnitureLeadTest" name="addLeadForAdditionalFurnitureLeadTest" time="0.000">
    <skipped/>
  </testcase> <!-- addLeadForAdditionalFurnitureLeadTest -->
  <testcase classname="tests.AddFurnitureLeadTest" name="addLeadForAdditionalFurnitureLeadTest" time="0.000">
    <skipped/>
  </testcase> <!-- addLeadForAdditionalFurnitureLeadTest -->
  <testcase classname="tests.AddFurnitureLeadTest" name="addLeadForAdditionalFurnitureLeadTest" time="8.586"/>
  <testcase classname="tests.AddFurnitureLeadTest" name="addLeadForAdditionalFurnitureLeadTest" time="0.000">
    <skipped/>
  </testcase> <!-- addLeadForAdditionalFurnitureLeadTest -->
</testsuite> <!-- tests.AddFurnitureLeadTest -->
