<?xml version="1.0" encoding="UTF-8"?>
<!-- Generated by org.testng.reporters.JUnitReportReporter -->
<testsuite hostname="Tushars-Mac-mini.local" failures="0" tests="30" name="tests.AddFundLeadTest" time="312.283" errors="0" timestamp="2025-09-26T13:05:15 IST" skipped="0">
  <testcase classname="tests.AddFundLeadTest" name="addLeadForBasicFundLead" time="10.411"/>
  <testcase classname="tests.AddFundLeadTest" name="addLeadForBasicFundLead" time="10.414"/>
  <testcase classname="tests.AddFundLeadTest" name="addLeadForBasicFundLead" time="10.446"/>
  <testcase classname="tests.AddFundLeadTest" name="addLeadForBasicFundLead" time="10.426"/>
  <testcase classname="tests.AddFundLeadTest" name="addLeadForBasicFundLead" time="10.406"/>
  <testcase classname="tests.AddFundLeadTest" name="addLeadForBasicFundLead" time="10.442"/>
  <testcase classname="tests.AddFundLeadTest" name="addLeadForBasicFundLead" time="10.398"/>
  <testcase classname="tests.AddFundLeadTest" name="addLeadForBasicFundLead" time="10.405"/>
  <testcase classname="tests.AddFundLeadTest" name="addLeadForBasicFundLead" time="10.399"/>
  <testcase classname="tests.AddFundLeadTest" name="addLeadForBasicFundLead" time="10.370"/>
  <testcase classname="tests.AddFundLeadTest" name="addLeadForBasicFundLead" time="10.384"/>
  <testcase classname="tests.AddFundLeadTest" name="addLeadForBasicFundLead" time="10.426"/>
  <testcase classname="tests.AddFundLeadTest" name="addLeadForBasicFundLead" time="10.397"/>
  <testcase classname="tests.AddFundLeadTest" name="addLeadForBasicFundLead" time="10.369"/>
  <testcase classname="tests.AddFundLeadTest" name="addLeadForBasicFundLead" time="10.420"/>
  <testcase classname="tests.AddFundLeadTest" name="addLeadForBasicFundLead" time="10.354"/>
  <testcase classname="tests.AddFundLeadTest" name="addLeadForBasicFundLead" time="10.390"/>
  <testcase classname="tests.AddFundLeadTest" name="addLeadForBasicFundLead" time="10.365"/>
  <testcase classname="tests.AddFundLeadTest" name="addLeadForBasicFundLead" time="10.468"/>
  <testcase classname="tests.AddFundLeadTest" name="addLeadForBasicFundLead" time="10.469"/>
  <testcase classname="tests.AddFundLeadTest" name="addLeadForBasicFundLead" time="10.342"/>
  <testcase classname="tests.AddFundLeadTest" name="addLeadForBasicFundLead" time="10.394"/>
  <testcase classname="tests.AddFundLeadTest" name="addLeadForBasicFundLead" time="10.381"/>
  <testcase classname="tests.AddFundLeadTest" name="addLeadForBasicFundLead" time="10.513"/>
  <testcase classname="tests.AddFundLeadTest" name="addLeadForBasicFundLead" time="10.427"/>
  <testcase classname="tests.AddFundLeadTest" name="addLeadForBasicFundLead" time="10.429"/>
  <testcase classname="tests.AddFundLeadTest" name="addLeadForBasicFundLead" time="10.379"/>
  <testcase classname="tests.AddFundLeadTest" name="addLeadForBasicFundLead" time="10.463"/>
  <testcase classname="tests.AddFundLeadTest" name="addLeadForBasicFundLead" time="10.398"/>
  <testcase classname="tests.AddFundLeadTest" name="addLeadForBasicFundLead" time="10.398"/>
</testsuite> <!-- tests.AddFundLeadTest -->
