<?xml version="1.0" encoding="UTF-8"?>
<!-- Generated by org.testng.reporters.JUnitReportReporter -->
<testsuite hostname="Tushars-Mac-mini.local" failures="0" tests="1" name="playwright.AddFundLead" time="9.229" errors="0" timestamp="2025-09-01T12:51:47 IST" skipped="0">
  <testcase classname="playwright.AddFundLead" name="addLeadForProject_Event_GIHED" time="9.229"/>
</testsuite> <!-- playwright.AddFundLead -->
