<?xml version="1.0" encoding="UTF-8"?>
<!-- Generated by org.testng.reporters.JUnitReportReporter -->
<testsuite hostname="Tushars-Mac-mini.local" failures="0" tests="37" name="tests.AddFollowUpTest" time="246.583" errors="0" timestamp="2025-09-27T11:31:41 IST" skipped="0">
  <testcase classname="tests.AddFollowUpTest" name="addFollowUpTest" time="7.010"/>
  <testcase classname="tests.AddFollowUpTest" name="addFollowUpTest" time="6.943"/>
  <testcase classname="tests.AddFollowUpTest" name="addFollowUpTest" time="6.962"/>
  <testcase classname="tests.AddFollowUpTest" name="addFollowUpTest" time="6.969"/>
  <testcase classname="tests.AddFollowUpTest" name="addFollowUpTest" time="6.965"/>
  <testcase classname="tests.AddFollowUpTest" name="addFollowUpTest" time="6.968"/>
  <testcase classname="tests.AddFollowUpTest" name="addFollowUpTest" time="6.997"/>
  <testcase classname="tests.AddFollowUpTest" name="addFollowUpTest" time="7.024"/>
  <testcase classname="tests.AddFollowUpTest" name="addFollowUpTest" time="7.014"/>
  <testcase classname="tests.AddFollowUpTest" name="addFollowUpTest" time="6.997"/>
  <testcase classname="tests.AddFollowUpTest" name="addFollowUpTest" time="6.699"/>
  <testcase classname="tests.AddFollowUpTest" name="addFollowUpTest" time="6.986"/>
  <testcase classname="tests.AddFollowUpTest" name="addFollowUpTest" time="6.699"/>
  <testcase classname="tests.AddFollowUpTest" name="addFollowUpTest" time="6.682"/>
  <testcase classname="tests.AddFollowUpTest" name="addFollowUpTest" time="6.984"/>
  <testcase classname="tests.AddFollowUpTest" name="addFollowUpTest" time="6.958"/>
  <testcase classname="tests.AddFollowUpTest" name="addFollowUpTest" time="6.954"/>
  <testcase classname="tests.AddFollowUpTest" name="addFollowUpTest" time="6.990"/>
  <testcase classname="tests.AddFollowUpTest" name="addFollowUpTest" time="7.014"/>
  <testcase classname="tests.AddFollowUpTest" name="addFollowUpTest" time="7.194"/>
  <testcase classname="tests.AddFollowUpTest" name="addFollowUpTestforBlockStage" time="6.356"/>
  <testcase classname="tests.AddFollowUpTest" name="addFollowUpTestforBlockStage" time="6.394"/>
  <testcase classname="tests.AddFollowUpTest" name="addFollowUpTestforBookStagewithUnitNumber" time="6.334"/>
  <testcase classname="tests.AddFollowUpTest" name="addFollowUpTestforLostStageWithoutChieldstage" time="6.313"/>
  <testcase classname="tests.AddFollowUpTest" name="addFollowUpTestforLostStageWithoutChieldstage" time="6.101"/>
  <testcase classname="tests.AddFollowUpTest" name="addFollowUpTestforLostStageWithoutChieldstage" time="6.342"/>
  <testcase classname="tests.AddFollowUpTest" name="addFollowUpTestforLostStageWithoutChieldstage" time="6.343"/>
  <testcase classname="tests.AddFollowUpTest" name="addFollowUpTestforLostStageWithoutChieldstage" time="6.348"/>
  <testcase classname="tests.AddFollowUpTest" name="addFollowUpTestforLostStageWithoutChieldstage" time="6.324"/>
  <testcase classname="tests.AddFollowUpTest" name="addFollowUpTestforLostStageWithoutChieldstage" time="6.350"/>
  <testcase classname="tests.AddFollowUpTest" name="addFollowUpTestforLostStageWithoutChieldstage" time="6.347"/>
  <testcase classname="tests.AddFollowUpTest" name="addFollowUpTestforLostStageWithoutChieldstage" time="6.346"/>
  <testcase classname="tests.AddFollowUpTest" name="addFollowUpTestforLostStageWithoutChieldstage" time="6.319"/>
  <testcase classname="tests.AddFollowUpTest" name="addFollowUpTestforLostStageWithoutChieldstage" time="6.331"/>
  <testcase classname="tests.AddFollowUpTest" name="addFollowUpTestforLostStageWithoutChieldstage" time="6.355"/>
  <testcase classname="tests.AddFollowUpTest" name="addFollowUpTestforLostStageWithoutChieldstage" time="6.347"/>
  <testcase classname="tests.AddFollowUpTest" name="addFollowUpTestforLostStageWithoutChieldstage" time="6.324"/>
</testsuite> <!-- tests.AddFollowUpTest -->
