<?xml version="1.0" encoding="UTF-8"?>
<!-- Generated by org.testng.reporters.JUnitReportReporter -->
<testsuite hostname="Tushars-Mac-mini.local" failures="0" tests="25" name="tests.AddFundLeadTest" time="223.540" errors="0" timestamp="2025-10-03T17:05:42 IST" skipped="0">
  <testcase classname="tests.AddFundLeadTest" name="addLeadForBasicFundLead" time="8.887"/>
  <testcase classname="tests.AddFundLeadTest" name="addLeadForBasicFundLead" time="8.907"/>
  <testcase classname="tests.AddFundLeadTest" name="addLeadForBasicFundLead" time="8.926"/>
  <testcase classname="tests.AddFundLeadTest" name="addLeadForBasicFundLead" time="8.936"/>
  <testcase classname="tests.AddFundLeadTest" name="addLeadForBasicFundLead" time="8.945"/>
  <testcase classname="tests.AddFundLeadTest" name="addLeadForBasicFundLead" time="8.917"/>
  <testcase classname="tests.AddFundLeadTest" name="addLeadForBasicFundLead" time="8.938"/>
  <testcase classname="tests.AddFundLeadTest" name="addLeadForBasicFundLead" time="8.953"/>
  <testcase classname="tests.AddFundLeadTest" name="addLeadForBasicFundLead" time="8.946"/>
  <testcase classname="tests.AddFundLeadTest" name="addLeadForBasicFundLead" time="8.947"/>
  <testcase classname="tests.AddFundLeadTest" name="addLeadForBasicFundLead" time="8.982"/>
  <testcase classname="tests.AddFundLeadTest" name="addLeadForBasicFundLead" time="8.933"/>
  <testcase classname="tests.AddFundLeadTest" name="addLeadForBasicFundLead" time="8.922"/>
  <testcase classname="tests.AddFundLeadTest" name="addLeadForBasicFundLead" time="8.924"/>
  <testcase classname="tests.AddFundLeadTest" name="addLeadForBasicFundLead" time="8.926"/>
  <testcase classname="tests.AddFundLeadTest" name="addLeadForBasicFundLead" time="8.946"/>
  <testcase classname="tests.AddFundLeadTest" name="addLeadForBasicFundLead" time="8.929"/>
  <testcase classname="tests.AddFundLeadTest" name="addLeadForBasicFundLead" time="8.908"/>
  <testcase classname="tests.AddFundLeadTest" name="addLeadForBasicFundLead" time="8.941"/>
  <testcase classname="tests.AddFundLeadTest" name="addLeadForBasicFundLead" time="9.089"/>
  <testcase classname="tests.AddFundLeadTest" name="addLeadForBasicFundLead" time="8.944"/>
  <testcase classname="tests.AddFundLeadTest" name="addLeadForBasicFundLead" time="8.993"/>
  <testcase classname="tests.AddFundLeadTest" name="addLeadForBasicFundLead" time="8.897"/>
  <testcase classname="tests.AddFundLeadTest" name="addLeadForBasicFundLead" time="8.942"/>
  <testcase classname="tests.AddFundLeadTest" name="addLeadForBasicFundLead" time="8.962"/>
</testsuite> <!-- tests.AddFundLeadTest -->
