<?xml version="1.0" encoding="UTF-8"?>
<!-- Generated by org.testng.reporters.JUnitReportReporter -->
<testsuite hostname="Tushars-Mac-mini.local" failures="0" tests="1" name="playwright.SampleTest" time="3.059" errors="0" timestamp="2025-08-29T11:28:41 IST" skipped="0">
  <testcase classname="playwright.SampleTest" name="VerifyWrongOTPErrorMessage" time="3.059"/>
</testsuite> <!-- playwright.SampleTest -->
