<?xml version="1.0" encoding="UTF-8"?>
<!-- Generated by org.testng.reporters.JUnitReportReporter -->
<testsuite hostname="Tushars-Mac-mini.local" failures="0" tests="1" name="playwright.AddFollowUP" time="16.588" errors="0" timestamp="2025-09-03T17:52:13 IST" skipped="0">
  <testcase classname="playwright.AddFollowUP" name="followUP" time="16.588"/>
</testsuite> <!-- playwright.AddFollowUP -->
