<?xml version="1.0" encoding="UTF-8"?>
<!-- Generated by org.testng.reporters.JUnitReportReporter -->
<testsuite hostname="Tushars-Mac-mini.local" failures="0" tests="38" name="tests.AddFollowUpTest" time="0.002" errors="1" timestamp="2025-09-25T11:39:55 IST" skipped="37">
  <testcase classname="tests.AddFollowUpTest" name="beforemethod" time="0.002">
    <error message="Cannot invoke &quot;com.microsoft.playwright.Page.click(String)&quot; because &quot;this.page&quot; is null" type="java.lang.NullPointerException">
      <![CDATA[java.lang.NullPointerException: Cannot invoke "com.microsoft.playwright.Page.click(String)" because "this.page" is null
at tests.AddFollowUpTest.beforemethod(AddFollowUpTest.java:14)
at java.base/jdk.internal.reflect.DirectMethodHandleAccessor.invoke(DirectMethodHandleAccessor.java:103)
at java.base/java.lang.reflect.Method.invoke(Method.java:580)
at org.testng.internal.invokers.MethodInvocationHelper.invokeMethod(MethodInvocationHelper.java:141)
at org.testng.internal.invokers.MethodInvocationHelper.invokeMethodConsideringTimeout(MethodInvocationHelper.java:71)
at org.testng.internal.invokers.ConfigInvoker.invokeConfigurationMethod(ConfigInvoker.java:400)
at org.testng.internal.invokers.ConfigInvoker.invokeConfigurations(ConfigInvoker.java:333)
at org.testng.internal.invokers.TestMethodWorker.invokeBeforeClassMethods(TestMethodWorker.java:188)
at org.testng.internal.invokers.TestMethodWorker.run(TestMethodWorker.java:128)
at java.base/java.util.ArrayList.forEach(ArrayList.java:1596)
at org.testng.TestRunner.privateRun(TestRunner.java:741)
at org.testng.TestRunner.run(TestRunner.java:616)
at org.testng.SuiteRunner.runTest(SuiteRunner.java:421)
at org.testng.SuiteRunner.runSequentially(SuiteRunner.java:413)
at org.testng.SuiteRunner.privateRun(SuiteRunner.java:373)
at org.testng.SuiteRunner.run(SuiteRunner.java:312)
at org.testng.SuiteRunnerWorker.runSuite(SuiteRunnerWorker.java:52)
at org.testng.SuiteRunnerWorker.run(SuiteRunnerWorker.java:95)
at org.testng.TestNG.runSuitesSequentially(TestNG.java:1274)
at org.testng.TestNG.runSuitesLocally(TestNG.java:1208)
at org.testng.TestNG.runSuites(TestNG.java:1112)
at org.testng.TestNG.run(TestNG.java:1079)
at org.testng.remote.AbstractRemoteTestNG.run(AbstractRemoteTestNG.java:115)
at org.testng.remote.RemoteTestNG.initAndRun(RemoteTestNG.java:293)
at org.testng.remote.RemoteTestNG.main(RemoteTestNG.java:91)
]]>
    </error>
  </testcase> <!-- beforemethod -->
  <testcase classname="tests.AddFollowUpTest" name="addFollowUpTest" time="0.000">
    <skipped/>
  </testcase> <!-- addFollowUpTest -->
  <testcase classname="tests.AddFollowUpTest" name="addFollowUpTest" time="0.000">
    <skipped/>
  </testcase> <!-- addFollowUpTest -->
  <testcase classname="tests.AddFollowUpTest" name="addFollowUpTest" time="0.000">
    <skipped/>
  </testcase> <!-- addFollowUpTest -->
  <testcase classname="tests.AddFollowUpTest" name="addFollowUpTest" time="0.000">
    <skipped/>
  </testcase> <!-- addFollowUpTest -->
  <testcase classname="tests.AddFollowUpTest" name="addFollowUpTest" time="0.000">
    <skipped/>
  </testcase> <!-- addFollowUpTest -->
  <testcase classname="tests.AddFollowUpTest" name="addFollowUpTest" time="0.000">
    <skipped/>
  </testcase> <!-- addFollowUpTest -->
  <testcase classname="tests.AddFollowUpTest" name="addFollowUpTest" time="0.000">
    <skipped/>
  </testcase> <!-- addFollowUpTest -->
  <testcase classname="tests.AddFollowUpTest" name="addFollowUpTest" time="0.000">
    <skipped/>
  </testcase> <!-- addFollowUpTest -->
  <testcase classname="tests.AddFollowUpTest" name="addFollowUpTest" time="0.000">
    <skipped/>
  </testcase> <!-- addFollowUpTest -->
  <testcase classname="tests.AddFollowUpTest" name="addFollowUpTest" time="0.000">
    <skipped/>
  </testcase> <!-- addFollowUpTest -->
  <testcase classname="tests.AddFollowUpTest" name="addFollowUpTest" time="0.000">
    <skipped/>
  </testcase> <!-- addFollowUpTest -->
  <testcase classname="tests.AddFollowUpTest" name="addFollowUpTest" time="0.000">
    <skipped/>
  </testcase> <!-- addFollowUpTest -->
  <testcase classname="tests.AddFollowUpTest" name="addFollowUpTest" time="0.000">
    <skipped/>
  </testcase> <!-- addFollowUpTest -->
  <testcase classname="tests.AddFollowUpTest" name="addFollowUpTest" time="0.000">
    <skipped/>
  </testcase> <!-- addFollowUpTest -->
  <testcase classname="tests.AddFollowUpTest" name="addFollowUpTest" time="0.000">
    <skipped/>
  </testcase> <!-- addFollowUpTest -->
  <testcase classname="tests.AddFollowUpTest" name="addFollowUpTest" time="0.000">
    <skipped/>
  </testcase> <!-- addFollowUpTest -->
  <testcase classname="tests.AddFollowUpTest" name="addFollowUpTest" time="0.000">
    <skipped/>
  </testcase> <!-- addFollowUpTest -->
  <testcase classname="tests.AddFollowUpTest" name="addFollowUpTest" time="0.000">
    <skipped/>
  </testcase> <!-- addFollowUpTest -->
  <testcase classname="tests.AddFollowUpTest" name="addFollowUpTest" time="0.000">
    <skipped/>
  </testcase> <!-- addFollowUpTest -->
  <testcase classname="tests.AddFollowUpTest" name="addFollowUpTest" time="0.000">
    <skipped/>
  </testcase> <!-- addFollowUpTest -->
  <testcase classname="tests.AddFollowUpTest" name="addFollowUpTestforBlockStage" time="0.000">
    <skipped/>
  </testcase> <!-- addFollowUpTestforBlockStage -->
  <testcase classname="tests.AddFollowUpTest" name="addFollowUpTestforBlockStage" time="0.000">
    <skipped/>
  </testcase> <!-- addFollowUpTestforBlockStage -->
  <testcase classname="tests.AddFollowUpTest" name="addFollowUpTestforBookStagewithUnitNumber" time="0.000">
    <skipped/>
  </testcase> <!-- addFollowUpTestforBookStagewithUnitNumber -->
  <testcase classname="tests.AddFollowUpTest" name="addFollowUpTestforLostStageWithoutChieldstage" time="0.000">
    <skipped/>
  </testcase> <!-- addFollowUpTestforLostStageWithoutChieldstage -->
  <testcase classname="tests.AddFollowUpTest" name="addFollowUpTestforLostStageWithoutChieldstage" time="0.000">
    <skipped/>
  </testcase> <!-- addFollowUpTestforLostStageWithoutChieldstage -->
  <testcase classname="tests.AddFollowUpTest" name="addFollowUpTestforLostStageWithoutChieldstage" time="0.000">
    <skipped/>
  </testcase> <!-- addFollowUpTestforLostStageWithoutChieldstage -->
  <testcase classname="tests.AddFollowUpTest" name="addFollowUpTestforLostStageWithoutChieldstage" time="0.000">
    <skipped/>
  </testcase> <!-- addFollowUpTestforLostStageWithoutChieldstage -->
  <testcase classname="tests.AddFollowUpTest" name="addFollowUpTestforLostStageWithoutChieldstage" time="0.000">
    <skipped/>
  </testcase> <!-- addFollowUpTestforLostStageWithoutChieldstage -->
  <testcase classname="tests.AddFollowUpTest" name="addFollowUpTestforLostStageWithoutChieldstage" time="0.000">
    <skipped/>
  </testcase> <!-- addFollowUpTestforLostStageWithoutChieldstage -->
  <testcase classname="tests.AddFollowUpTest" name="addFollowUpTestforLostStageWithoutChieldstage" time="0.000">
    <skipped/>
  </testcase> <!-- addFollowUpTestforLostStageWithoutChieldstage -->
  <testcase classname="tests.AddFollowUpTest" name="addFollowUpTestforLostStageWithoutChieldstage" time="0.000">
    <skipped/>
  </testcase> <!-- addFollowUpTestforLostStageWithoutChieldstage -->
  <testcase classname="tests.AddFollowUpTest" name="addFollowUpTestforLostStageWithoutChieldstage" time="0.000">
    <skipped/>
  </testcase> <!-- addFollowUpTestforLostStageWithoutChieldstage -->
  <testcase classname="tests.AddFollowUpTest" name="addFollowUpTestforLostStageWithoutChieldstage" time="0.000">
    <skipped/>
  </testcase> <!-- addFollowUpTestforLostStageWithoutChieldstage -->
  <testcase classname="tests.AddFollowUpTest" name="addFollowUpTestforLostStageWithoutChieldstage" time="0.000">
    <skipped/>
  </testcase> <!-- addFollowUpTestforLostStageWithoutChieldstage -->
  <testcase classname="tests.AddFollowUpTest" name="addFollowUpTestforLostStageWithoutChieldstage" time="0.000">
    <skipped/>
  </testcase> <!-- addFollowUpTestforLostStageWithoutChieldstage -->
  <testcase classname="tests.AddFollowUpTest" name="addFollowUpTestforLostStageWithoutChieldstage" time="0.000">
    <skipped/>
  </testcase> <!-- addFollowUpTestforLostStageWithoutChieldstage -->
  <testcase classname="tests.AddFollowUpTest" name="addFollowUpTestforLostStageWithoutChieldstage" time="0.000">
    <skipped/>
  </testcase> <!-- addFollowUpTestforLostStageWithoutChieldstage -->
</testsuite> <!-- tests.AddFollowUpTest -->
