<?xml version="1.0" encoding="UTF-8"?>
<!-- Generated by org.testng.reporters.JUnitReportReporter -->
<testsuite hostname="Tushars-Mac-mini.local" failures="0" tests="1" name="playwright.Login" time="50.798" errors="0" timestamp="2025-10-02T12:38:34 IST" skipped="0">
  <testcase classname="playwright.Login" name="verifyNonRegisterMobileNumberErrorMessageOnMobile" time="50.798"/>
</testsuite> <!-- playwright.Login -->
