<?xml version="1.0" encoding="UTF-8"?>
<!-- Generated by org.testng.reporters.JUnitReportReporter -->
<testsuite hostname="Tushars-Mac-mini.local" failures="0" tests="1" name="playwright.Desk" time="3.347" errors="0" timestamp="2025-08-29T15:46:19 IST" skipped="0">
  <testcase classname="playwright.Desk" name="addLeadForProject111" time="3.347"/>
</testsuite> <!-- playwright.Desk -->
