<?xml version="1.0" encoding="UTF-8"?>
<!-- Generated by org.testng.reporters.JUnitReportReporter -->
<testsuite hostname="Tushars-Mac-mini.local" failures="0" tests="30" name="tests.AddProjectLeadTest" time="406.183" errors="0" timestamp="2025-09-04T11:40:04 IST" skipped="0">
  <testcase classname="tests.AddProjectLeadTest" name="addLeadForAdditionalProjectLeadTest" time="13.552"/>
  <testcase classname="tests.AddProjectLeadTest" name="addLeadForBasicProjectLead" time="11.363"/>
  <testcase classname="tests.AddProjectLeadTest" name="addLeadForAdditionalProjectLeadTest" time="14.247"/>
  <testcase classname="tests.AddProjectLeadTest" name="addLeadForBasicProjectLead" time="10.863"/>
  <testcase classname="tests.AddProjectLeadTest" name="addLeadForAdditionalProjectLeadTest" time="13.914"/>
  <testcase classname="tests.AddProjectLeadTest" name="addLeadForAdditionalProjectLeadTest" time="13.604"/>
  <testcase classname="tests.AddProjectLeadTest" name="addLeadForAdditionalProjectLeadTest" time="13.855"/>
  <testcase classname="tests.AddProjectLeadTest" name="addLeadForAdditionalProjectLeadTest" time="13.575"/>
  <testcase classname="tests.AddProjectLeadTest" name="addLeadForAdditionalProjectLeadTest" time="14.124"/>
  <testcase classname="tests.AddProjectLeadTest" name="addLeadForBasicProjectLead" time="10.777"/>
  <testcase classname="tests.AddProjectLeadTest" name="addLeadForBasicProjectLead" time="10.846"/>
  <testcase classname="tests.AddProjectLeadTest" name="addLeadForAdditionalProjectLeadTest" time="13.708"/>
  <testcase classname="tests.AddProjectLeadTest" name="addLeadForAdditionalProjectLeadTest" time="13.548"/>
  <testcase classname="tests.AddProjectLeadTest" name="addLeadForAdditionalProjectLeadTest" time="14.628"/>
  <testcase classname="tests.AddProjectLeadTest" name="addLeadForAdditionalProjectLeadTest" time="13.665"/>
  <testcase classname="tests.AddProjectLeadTest" name="addLeadForAdditionalProjectLeadTest" time="14.209"/>
  <testcase classname="tests.AddProjectLeadTest" name="addLeadForAdditionalProjectLeadTest" time="14.083"/>
  <testcase classname="tests.AddProjectLeadTest" name="addLeadForAdditionalProjectLeadTest" time="14.052"/>
  <testcase classname="tests.AddProjectLeadTest" name="addLeadForAdditionalProjectLeadTest" time="14.147"/>
  <testcase classname="tests.AddProjectLeadTest" name="addLeadForAdditionalProjectLeadTest" time="14.113"/>
  <testcase classname="tests.AddProjectLeadTest" name="addLeadForAdditionalProjectLeadTest" time="14.799"/>
  <testcase classname="tests.AddProjectLeadTest" name="addLeadForAdditionalProjectLeadTest" time="13.558"/>
  <testcase classname="tests.AddProjectLeadTest" name="addLeadForAdditionalProjectLeadTest" time="13.634"/>
  <testcase classname="tests.AddProjectLeadTest" name="addLeadForAdditionalProjectLeadTest" time="14.086"/>
  <testcase classname="tests.AddProjectLeadTest" name="addLeadForAdditionalProjectLeadTest" time="13.613"/>
  <testcase classname="tests.AddProjectLeadTest" name="addLeadForAdditionalProjectLeadTest" time="14.123"/>
  <testcase classname="tests.AddProjectLeadTest" name="addLeadForAdditionalProjectLeadTest" time="14.147"/>
  <testcase classname="tests.AddProjectLeadTest" name="addLeadForAdditionalProjectLeadTest" time="14.065"/>
  <testcase classname="tests.AddProjectLeadTest" name="addLeadForAdditionalProjectLeadTest" time="13.590"/>
  <testcase classname="tests.AddProjectLeadTest" name="addLeadForAdditionalProjectLeadTest" time="13.695"/>
</testsuite> <!-- tests.AddProjectLeadTest -->
